

================================================================
== Vivado HLS Report for 'conv_2d_cl_array_ap_fixed_4u_array_ap_fixed_16_6_5_3_0_1u_config6_s'
================================================================
* Date:           Fri May 23 16:38:54 2025

* Version:        2020.1 (Build 2897737 on Wed May 27 20:21:37 MDT 2020)
* Project:        myproject_prj
* Solution:       solution1
* Product family: zynq
* Target device:  xc7z020-clg400-1


================================================================
== Performance Estimates
================================================================
+ Timing: 
    * Summary: 
    +--------+---------+----------+------------+
    |  Clock |  Target | Estimated| Uncertainty|
    +--------+---------+----------+------------+
    |ap_clk  | 5.00 ns | 4.321 ns |   0.62 ns  |
    +--------+---------+----------+------------+

+ Latency: 
    * Summary: 
    +---------+---------+----------+----------+--------+--------+---------+
    |  Latency (cycles) |  Latency (absolute) |     Interval    | Pipeline|
    |   min   |   max   |    min   |    max   |   min  |   max  |   Type  |
    +---------+---------+----------+----------+--------+--------+---------+
    |   264197|   792589| 1.321 ms | 3.963 ms |  264197|  792589|   none  |
    +---------+---------+----------+----------+--------+--------+---------+

    + Detail: 
        * Instance: 
        +---------------------------------------------------------------------------------+-----------------------------------------------------------------------+---------+---------+-----------+-----------+-----+-----+---------+
        |                                                                                 |                                                                       |  Latency (cycles) |   Latency (absolute)  |  Interval | Pipeline|
        |                                     Instance                                    |                                 Module                                |   min   |   max   |    min    |    max    | min | max |   Type  |
        +---------------------------------------------------------------------------------+-----------------------------------------------------------------------+---------+---------+-----------+-----------+-----+-----+---------+
        |grp_compute_output_buffer_2d_array_array_ap_fixed_16_6_5_3_0_1u_config6_s_fu_97  |compute_output_buffer_2d_array_array_ap_fixed_16_6_5_3_0_1u_config6_s  |        2|       10| 10.000 ns | 50.000 ns |    2|   10|   none  |
        +---------------------------------------------------------------------------------+-----------------------------------------------------------------------+---------+---------+-----------+-----------+-----+-----+---------+

        * Loop: 
        +----------------------------------+---------+---------+----------+-----------+-----------+-------+----------+
        |                                  |  Latency (cycles) | Iteration|  Initiation Interval  |  Trip |          |
        |             Loop Name            |   min   |   max   |  Latency |  achieved |   target  | Count | Pipelined|
        +----------------------------------+---------+---------+----------+-----------+-----------+-------+----------+
        |- ReadInputHeight_ReadInputWidth  |   264196|   792588|  4 ~ 12  |          -|          -|  66049|    no    |
        +----------------------------------+---------+---------+----------+-----------+-----------+-------+----------+

============================================================
+ Verbose Summary: Synthesis Manager
============================================================
InlineROM: 1
ExposeGlobal: 0
============================================================
+ Verbose Summary: CDFG Model
============================================================
IsTopModel: 0
ResetActiveHigh: 1
IsCombinational: 2
IsDatapathOnly: 0
HasWiredReturn: 1
HasMFsm: 0
HasVarLatency: 1
IsPipeline: 0
IsRtlPipelined: 0
IsInstanceOverlapped: 0
IsDontTouch: 0
HasImplIP: 0
IsGatedGlobalClock: 0


============================================================
+ Verbose Summary: Schedule
============================================================
* Number of FSM states : 3
* Pipeline : 0
* Dataflow Pipeline: 0

* FSM state transitions: 
1 --> 2 
2 --> 3 
3 --> 2 

* FSM state operations: 

State 1 <SV = 0> <Delay = 1.76>
ST_1 : Operation 4 [1/1] (0.00ns)   --->   "call void (...)* @_ssdm_op_SpecInterface(i16* %data_V_data_3_V, [8 x i8]* @ap_fifo_str, i32 0, i32 0, [1 x i8]* @p_str, i32 0, i32 0, [1 x i8]* @p_str, [1 x i8]* @p_str, [1 x i8]* @p_str, i32 2, i32 2, i32 16, i32 16, [1 x i8]* @p_str, [1 x i8]* @p_str)"   --->   Operation 4 'specinterface' <Predicate = true> <Delay = 0.00>
ST_1 : Operation 5 [1/1] (0.00ns)   --->   "call void (...)* @_ssdm_op_SpecInterface(i16* %data_V_data_2_V, [8 x i8]* @ap_fifo_str, i32 0, i32 0, [1 x i8]* @p_str, i32 0, i32 0, [1 x i8]* @p_str, [1 x i8]* @p_str, [1 x i8]* @p_str, i32 2, i32 2, i32 16, i32 16, [1 x i8]* @p_str, [1 x i8]* @p_str)"   --->   Operation 5 'specinterface' <Predicate = true> <Delay = 0.00>
ST_1 : Operation 6 [1/1] (0.00ns)   --->   "call void (...)* @_ssdm_op_SpecInterface(i16* %data_V_data_1_V, [8 x i8]* @ap_fifo_str, i32 0, i32 0, [1 x i8]* @p_str, i32 0, i32 0, [1 x i8]* @p_str, [1 x i8]* @p_str, [1 x i8]* @p_str, i32 2, i32 2, i32 16, i32 16, [1 x i8]* @p_str, [1 x i8]* @p_str)"   --->   Operation 6 'specinterface' <Predicate = true> <Delay = 0.00>
ST_1 : Operation 7 [1/1] (0.00ns)   --->   "call void (...)* @_ssdm_op_SpecInterface(i16* %data_V_data_0_V, [8 x i8]* @ap_fifo_str, i32 0, i32 0, [1 x i8]* @p_str, i32 0, i32 0, [1 x i8]* @p_str, [1 x i8]* @p_str, [1 x i8]* @p_str, i32 2, i32 2, i32 16, i32 16, [1 x i8]* @p_str, [1 x i8]* @p_str)"   --->   Operation 7 'specinterface' <Predicate = true> <Delay = 0.00>
ST_1 : Operation 8 [1/1] (0.00ns)   --->   "call void (...)* @_ssdm_op_SpecInterface(i16* %res_V_data_V, [8 x i8]* @ap_fifo_str, i32 0, i32 0, [1 x i8]* @p_str, i32 0, i32 0, [1 x i8]* @p_str, [1 x i8]* @p_str, [1 x i8]* @p_str, i32 2, i32 2, i32 16, i32 16, [1 x i8]* @p_str, [1 x i8]* @p_str)"   --->   Operation 8 'specinterface' <Predicate = true> <Delay = 0.00>
ST_1 : Operation 9 [1/1] (1.76ns)   --->   "br label %0" [firmware/nnet_utils/nnet_conv2d_stream.h:84->firmware/nnet_utils/nnet_conv2d_stream.h:108]   --->   Operation 9 'br' <Predicate = true> <Delay = 1.76>

State 2 <SV = 1> <Delay = 3.80>
ST_2 : Operation 10 [1/1] (0.00ns)   --->   "%indvar_flatten = phi i17 [ 0, %codeRepl ], [ %add_ln84, %.reset ]" [firmware/nnet_utils/nnet_conv2d_stream.h:84->firmware/nnet_utils/nnet_conv2d_stream.h:108]   --->   Operation 10 'phi' 'indvar_flatten' <Predicate = true> <Delay = 0.00>
ST_2 : Operation 11 [1/1] (2.43ns)   --->   "%icmp_ln84 = icmp eq i17 %indvar_flatten, -65023" [firmware/nnet_utils/nnet_conv2d_stream.h:84->firmware/nnet_utils/nnet_conv2d_stream.h:108]   --->   Operation 11 'icmp' 'icmp_ln84' <Predicate = true> <Delay = 2.43> <Core = "Cmp">   --->   Core 25 'Cmp' <Latency = 0> <II = 1> <Delay = 2.43> <FuncUnit> <Opcode : 'icmp'> <InPorts = 2> <OutPorts = 1>
ST_2 : Operation 12 [1/1] (2.10ns)   --->   "%add_ln84 = add i17 %indvar_flatten, 1" [firmware/nnet_utils/nnet_conv2d_stream.h:84->firmware/nnet_utils/nnet_conv2d_stream.h:108]   --->   Operation 12 'add' 'add_ln84' <Predicate = true> <Delay = 2.10> <Core = "AddSub">   --->   Core 14 'AddSub' <Latency = 0> <II = 1> <Delay = 2.10> <FuncUnit> <Opcode : 'add' 'sub'> <InPorts = 2> <OutPorts = 1>
ST_2 : Operation 13 [1/1] (0.00ns)   --->   "br i1 %icmp_ln84, label %"conv_2d_buffer_cl<array<ap_fixed<16, 6, 5, 3, 0>, 4u>, array<ap_fixed<16, 6, 5, 3, 0>, 1u>, config6>.exit", label %.reset" [firmware/nnet_utils/nnet_conv2d_stream.h:84->firmware/nnet_utils/nnet_conv2d_stream.h:108]   --->   Operation 13 'br' <Predicate = true> <Delay = 0.00>
ST_2 : Operation 14 [1/1] (2.18ns)   --->   "%empty_70 = call { i16, i16, i16, i16 } @_ssdm_op_Read.ap_fifo.volatile.i16P.i16P.i16P.i16P(i16* %data_V_data_0_V, i16* %data_V_data_1_V, i16* %data_V_data_2_V, i16* %data_V_data_3_V)" [firmware/nnet_utils/nnet_conv2d_stream.h:92->firmware/nnet_utils/nnet_conv2d_stream.h:108]   --->   Operation 14 'read' 'empty_70' <Predicate = (!icmp_ln84)> <Delay = 2.18> <Core = "FIFO">   --->   Core 32 'FIFO' <Latency = 0> <II = 1> <Delay = 3.63> <Storage> <Opcode : 'read' 'write' 'nbread' 'nbwrite'> <Ports = 0> <Width = 16> <Depth = 3> <FIFO>
ST_2 : Operation 15 [1/1] (0.00ns)   --->   "%tmp_data_0_V = extractvalue { i16, i16, i16, i16 } %empty_70, 0" [firmware/nnet_utils/nnet_conv2d_stream.h:92->firmware/nnet_utils/nnet_conv2d_stream.h:108]   --->   Operation 15 'extractvalue' 'tmp_data_0_V' <Predicate = (!icmp_ln84)> <Delay = 0.00>
ST_2 : Operation 16 [1/1] (0.00ns)   --->   "%tmp_data_1_V = extractvalue { i16, i16, i16, i16 } %empty_70, 1" [firmware/nnet_utils/nnet_conv2d_stream.h:92->firmware/nnet_utils/nnet_conv2d_stream.h:108]   --->   Operation 16 'extractvalue' 'tmp_data_1_V' <Predicate = (!icmp_ln84)> <Delay = 0.00>
ST_2 : Operation 17 [1/1] (0.00ns)   --->   "%tmp_data_2_V = extractvalue { i16, i16, i16, i16 } %empty_70, 2" [firmware/nnet_utils/nnet_conv2d_stream.h:92->firmware/nnet_utils/nnet_conv2d_stream.h:108]   --->   Operation 17 'extractvalue' 'tmp_data_2_V' <Predicate = (!icmp_ln84)> <Delay = 0.00>
ST_2 : Operation 18 [1/1] (0.00ns)   --->   "%tmp_data_3_V = extractvalue { i16, i16, i16, i16 } %empty_70, 3" [firmware/nnet_utils/nnet_conv2d_stream.h:92->firmware/nnet_utils/nnet_conv2d_stream.h:108]   --->   Operation 18 'extractvalue' 'tmp_data_3_V' <Predicate = (!icmp_ln84)> <Delay = 0.00>
ST_2 : Operation 19 [2/2] (1.61ns)   --->   "call fastcc void @"compute_output_buffer_2d<array,array<ap_fixed<16,6,5,3,0>,1u>,config6>"(i16 %tmp_data_0_V, i16 %tmp_data_1_V, i16 %tmp_data_2_V, i16 %tmp_data_3_V, i16* %res_V_data_V)" [firmware/nnet_utils/nnet_conv2d_stream.h:92->firmware/nnet_utils/nnet_conv2d_stream.h:108]   --->   Operation 19 'call' <Predicate = (!icmp_ln84)> <Delay = 1.61> <CoreType = "Generic">   --->   Core 0 '' <Latency = 0> <II = 1> <Delay = 1.00> <Generic> <Opcode : >
ST_2 : Operation 20 [1/1] (0.00ns)   --->   "ret void" [firmware/nnet_utils/nnet_conv2d_stream.h:114]   --->   Operation 20 'ret' <Predicate = (icmp_ln84)> <Delay = 0.00>

State 3 <SV = 2> <Delay = 0.00>
ST_3 : Operation 21 [1/1] (0.00ns)   --->   "call void (...)* @_ssdm_op_SpecLoopName([31 x i8]* @ReadInputHeight_ReadInputWidth_str)"   --->   Operation 21 'specloopname' <Predicate = true> <Delay = 0.00>
ST_3 : Operation 22 [1/1] (0.00ns)   --->   "%empty = call i32 (...)* @_ssdm_op_SpecLoopTripCount(i64 66049, i64 66049, i64 66049)"   --->   Operation 22 'speclooptripcount' 'empty' <Predicate = true> <Delay = 0.00>
ST_3 : Operation 23 [1/1] (0.00ns)   --->   "call void (...)* @_ssdm_op_SpecLoopName([15 x i8]* @p_str20) nounwind" [firmware/nnet_utils/nnet_conv2d_stream.h:86->firmware/nnet_utils/nnet_conv2d_stream.h:108]   --->   Operation 23 'specloopname' <Predicate = true> <Delay = 0.00>
ST_3 : Operation 24 [1/2] (0.00ns)   --->   "call fastcc void @"compute_output_buffer_2d<array,array<ap_fixed<16,6,5,3,0>,1u>,config6>"(i16 %tmp_data_0_V, i16 %tmp_data_1_V, i16 %tmp_data_2_V, i16 %tmp_data_3_V, i16* %res_V_data_V)" [firmware/nnet_utils/nnet_conv2d_stream.h:92->firmware/nnet_utils/nnet_conv2d_stream.h:108]   --->   Operation 24 'call' <Predicate = true> <Delay = 0.00> <CoreType = "Generic">   --->   Core 0 '' <Latency = 0> <II = 1> <Delay = 1.00> <Generic> <Opcode : >
ST_3 : Operation 25 [1/1] (0.00ns)   --->   "br label %0"   --->   Operation 25 'br' <Predicate = true> <Delay = 0.00>


============================================================
+ Verbose Summary: Binding
============================================================
STG Binding: 
---------------- STG Properties BEGIN ----------------
- Is combinational: 0
- Is one-state seq: 0
- Is datapath-only: 0
- Is pipelined: 0
- Is top level: 0
Port [ Return ] is wired: 1; IO mode=ap_ctrl_hs:ce=0
Port [ data_V_data_0_V]:  wired=1; compound=1; hidden=0; nouse=0; global=0; static=0; extern=0; dir=0; type=3; pingpong=0; private_global=0; IO mode=ap_fifo:ce=0
Port [ data_V_data_1_V]:  wired=1; compound=1; hidden=0; nouse=0; global=0; static=0; extern=0; dir=0; type=3; pingpong=0; private_global=0; IO mode=ap_fifo:ce=0
Port [ data_V_data_2_V]:  wired=1; compound=1; hidden=0; nouse=0; global=0; static=0; extern=0; dir=0; type=3; pingpong=0; private_global=0; IO mode=ap_fifo:ce=0
Port [ data_V_data_3_V]:  wired=1; compound=1; hidden=0; nouse=0; global=0; static=0; extern=0; dir=0; type=3; pingpong=0; private_global=0; IO mode=ap_fifo:ce=0
Port [ res_V_data_V]:  wired=1; compound=1; hidden=0; nouse=0; global=0; static=0; extern=0; dir=1; type=3; pingpong=0; private_global=0; IO mode=ap_fifo:ce=0
Port [ kernel_data_V_1_4]:  wired=0; compound=0; hidden=1; nouse=1; global=1; static=1; extern=0; dir=2; type=0; pingpong=0; private_global=0; linkage=7; visibility=0; IO mode=ap_ovld:ce=0
Port [ kernel_data_V_1_5]:  wired=0; compound=0; hidden=1; nouse=1; global=1; static=1; extern=0; dir=2; type=0; pingpong=0; private_global=0; linkage=7; visibility=0; IO mode=ap_ovld:ce=0
Port [ kernel_data_V_1_6]:  wired=0; compound=0; hidden=1; nouse=1; global=1; static=1; extern=0; dir=2; type=0; pingpong=0; private_global=0; linkage=7; visibility=0; IO mode=ap_ovld:ce=0
Port [ kernel_data_V_1_7]:  wired=0; compound=0; hidden=1; nouse=1; global=1; static=1; extern=0; dir=2; type=0; pingpong=0; private_global=0; linkage=7; visibility=0; IO mode=ap_ovld:ce=0
Port [ kernel_data_V_1_12]:  wired=0; compound=0; hidden=1; nouse=1; global=1; static=1; extern=0; dir=2; type=0; pingpong=0; private_global=0; linkage=7; visibility=0; IO mode=ap_ovld:ce=0
Port [ kernel_data_V_1_13]:  wired=0; compound=0; hidden=1; nouse=1; global=1; static=1; extern=0; dir=2; type=0; pingpong=0; private_global=0; linkage=7; visibility=0; IO mode=ap_ovld:ce=0
Port [ kernel_data_V_1_14]:  wired=0; compound=0; hidden=1; nouse=1; global=1; static=1; extern=0; dir=2; type=0; pingpong=0; private_global=0; linkage=7; visibility=0; IO mode=ap_ovld:ce=0
Port [ kernel_data_V_1_15]:  wired=0; compound=0; hidden=1; nouse=1; global=1; static=1; extern=0; dir=2; type=0; pingpong=0; private_global=0; linkage=7; visibility=0; IO mode=ap_ovld:ce=0
Port [ line_buffer_Array_V_1_0_0]:  wired=0; compound=1; hidden=1; nouse=1; global=1; static=1; extern=0; dir=3; type=1; pingpong=0; private_global=0; linkage=7; visibility=0; MemPort=[2]; IO mode=ap_memory:ce=0
Port [ line_buffer_Array_V_1_0_1]:  wired=0; compound=1; hidden=1; nouse=1; global=1; static=1; extern=0; dir=3; type=1; pingpong=0; private_global=0; linkage=7; visibility=0; MemPort=[2]; IO mode=ap_memory:ce=0
Port [ line_buffer_Array_V_1_0_2]:  wired=0; compound=1; hidden=1; nouse=1; global=1; static=1; extern=0; dir=3; type=1; pingpong=0; private_global=0; linkage=7; visibility=0; MemPort=[2]; IO mode=ap_memory:ce=0
Port [ line_buffer_Array_V_1_0_3]:  wired=0; compound=1; hidden=1; nouse=1; global=1; static=1; extern=0; dir=3; type=1; pingpong=0; private_global=0; linkage=7; visibility=0; MemPort=[2]; IO mode=ap_memory:ce=0
Port [ sX_1]:  wired=0; compound=0; hidden=1; nouse=1; global=1; static=1; extern=0; dir=2; type=0; pingpong=0; private_global=0; linkage=7; visibility=0; IO mode=ap_ovld:ce=0
Port [ sY_1]:  wired=0; compound=0; hidden=1; nouse=1; global=1; static=1; extern=0; dir=2; type=0; pingpong=0; private_global=0; linkage=7; visibility=0; IO mode=ap_ovld:ce=0
Port [ pY_1]:  wired=0; compound=0; hidden=1; nouse=1; global=1; static=1; extern=0; dir=2; type=0; pingpong=0; private_global=0; linkage=7; visibility=0; IO mode=ap_ovld:ce=0
Port [ pX_1]:  wired=0; compound=0; hidden=1; nouse=1; global=1; static=1; extern=0; dir=2; type=0; pingpong=0; private_global=0; linkage=7; visibility=0; IO mode=ap_ovld:ce=0
---------------- STG Properties END ------------------

---------------- Datapath Model BEGIN ----------------

<LifeTime>
<method=bitvector/>
specinterface_ln0 (specinterface    ) [ 0000]
specinterface_ln0 (specinterface    ) [ 0000]
specinterface_ln0 (specinterface    ) [ 0000]
specinterface_ln0 (specinterface    ) [ 0000]
specinterface_ln0 (specinterface    ) [ 0000]
br_ln84           (br               ) [ 0111]
indvar_flatten    (phi              ) [ 0010]
icmp_ln84         (icmp             ) [ 0011]
add_ln84          (add              ) [ 0111]
br_ln84           (br               ) [ 0000]
empty_70          (read             ) [ 0000]
tmp_data_0_V      (extractvalue     ) [ 0001]
tmp_data_1_V      (extractvalue     ) [ 0001]
tmp_data_2_V      (extractvalue     ) [ 0001]
tmp_data_3_V      (extractvalue     ) [ 0001]
ret_ln114         (ret              ) [ 0000]
specloopname_ln0  (specloopname     ) [ 0000]
empty             (speclooptripcount) [ 0000]
specloopname_ln86 (specloopname     ) [ 0000]
call_ln92         (call             ) [ 0000]
br_ln0            (br               ) [ 0111]
</LifeTime>

<model>

<comp_list>
<comp id="0" class="1000" name="data_V_data_0_V">
<pin_list>
<pin id="1" dir="1" index="0" bw="1" slack="0"/>
</pin_list>
<bind>
<StgValue><ssdm name="data_V_data_0_V"/></StgValue>
</bind>
</comp>

<comp id="2" class="1000" name="data_V_data_1_V">
<pin_list>
<pin id="3" dir="1" index="0" bw="1" slack="0"/>
</pin_list>
<bind>
<StgValue><ssdm name="data_V_data_1_V"/></StgValue>
</bind>
</comp>

<comp id="4" class="1000" name="data_V_data_2_V">
<pin_list>
<pin id="5" dir="1" index="0" bw="1" slack="0"/>
</pin_list>
<bind>
<StgValue><ssdm name="data_V_data_2_V"/></StgValue>
</bind>
</comp>

<comp id="6" class="1000" name="data_V_data_3_V">
<pin_list>
<pin id="7" dir="1" index="0" bw="1" slack="0"/>
</pin_list>
<bind>
<StgValue><ssdm name="data_V_data_3_V"/></StgValue>
</bind>
</comp>

<comp id="8" class="1000" name="res_V_data_V">
<pin_list>
<pin id="9" dir="1" index="0" bw="1" slack="0"/>
</pin_list>
<bind>
<StgValue><ssdm name="res_V_data_V"/></StgValue>
</bind>
</comp>

<comp id="10" class="1000" name="kernel_data_V_1_4">
<pin_list>
<pin id="11" dir="1" index="0" bw="1" slack="0"/>
</pin_list>
<bind>
<StgValue><ssdm name="kernel_data_V_1_4"/></StgValue>
</bind>
</comp>

<comp id="12" class="1000" name="kernel_data_V_1_5">
<pin_list>
<pin id="13" dir="1" index="0" bw="1" slack="0"/>
</pin_list>
<bind>
<StgValue><ssdm name="kernel_data_V_1_5"/></StgValue>
</bind>
</comp>

<comp id="14" class="1000" name="kernel_data_V_1_6">
<pin_list>
<pin id="15" dir="1" index="0" bw="1" slack="0"/>
</pin_list>
<bind>
<StgValue><ssdm name="kernel_data_V_1_6"/></StgValue>
</bind>
</comp>

<comp id="16" class="1000" name="kernel_data_V_1_7">
<pin_list>
<pin id="17" dir="1" index="0" bw="1" slack="0"/>
</pin_list>
<bind>
<StgValue><ssdm name="kernel_data_V_1_7"/></StgValue>
</bind>
</comp>

<comp id="18" class="1000" name="kernel_data_V_1_12">
<pin_list>
<pin id="19" dir="1" index="0" bw="1" slack="0"/>
</pin_list>
<bind>
<StgValue><ssdm name="kernel_data_V_1_12"/></StgValue>
</bind>
</comp>

<comp id="20" class="1000" name="kernel_data_V_1_13">
<pin_list>
<pin id="21" dir="1" index="0" bw="1" slack="0"/>
</pin_list>
<bind>
<StgValue><ssdm name="kernel_data_V_1_13"/></StgValue>
</bind>
</comp>

<comp id="22" class="1000" name="kernel_data_V_1_14">
<pin_list>
<pin id="23" dir="1" index="0" bw="1" slack="0"/>
</pin_list>
<bind>
<StgValue><ssdm name="kernel_data_V_1_14"/></StgValue>
</bind>
</comp>

<comp id="24" class="1000" name="kernel_data_V_1_15">
<pin_list>
<pin id="25" dir="1" index="0" bw="1" slack="0"/>
</pin_list>
<bind>
<StgValue><ssdm name="kernel_data_V_1_15"/></StgValue>
</bind>
</comp>

<comp id="26" class="1000" name="line_buffer_Array_V_1_0_0">
<pin_list>
<pin id="27" dir="1" index="0" bw="1" slack="0"/>
</pin_list>
<bind>
<StgValue><ssdm name="line_buffer_Array_V_1_0_0"/><MemPortTyVec>2 </MemPortTyVec>
</StgValue>
</bind>
</comp>

<comp id="28" class="1000" name="line_buffer_Array_V_1_0_1">
<pin_list>
<pin id="29" dir="1" index="0" bw="1" slack="0"/>
</pin_list>
<bind>
<StgValue><ssdm name="line_buffer_Array_V_1_0_1"/><MemPortTyVec>2 </MemPortTyVec>
</StgValue>
</bind>
</comp>

<comp id="30" class="1000" name="line_buffer_Array_V_1_0_2">
<pin_list>
<pin id="31" dir="1" index="0" bw="1" slack="0"/>
</pin_list>
<bind>
<StgValue><ssdm name="line_buffer_Array_V_1_0_2"/><MemPortTyVec>2 </MemPortTyVec>
</StgValue>
</bind>
</comp>

<comp id="32" class="1000" name="line_buffer_Array_V_1_0_3">
<pin_list>
<pin id="33" dir="1" index="0" bw="1" slack="0"/>
</pin_list>
<bind>
<StgValue><ssdm name="line_buffer_Array_V_1_0_3"/><MemPortTyVec>2 </MemPortTyVec>
</StgValue>
</bind>
</comp>

<comp id="34" class="1000" name="sX_1">
<pin_list>
<pin id="35" dir="1" index="0" bw="1" slack="0"/>
</pin_list>
<bind>
<StgValue><ssdm name="sX_1"/></StgValue>
</bind>
</comp>

<comp id="36" class="1000" name="sY_1">
<pin_list>
<pin id="37" dir="1" index="0" bw="1" slack="0"/>
</pin_list>
<bind>
<StgValue><ssdm name="sY_1"/></StgValue>
</bind>
</comp>

<comp id="38" class="1000" name="pY_1">
<pin_list>
<pin id="39" dir="1" index="0" bw="1" slack="0"/>
</pin_list>
<bind>
<StgValue><ssdm name="pY_1"/></StgValue>
</bind>
</comp>

<comp id="40" class="1000" name="pX_1">
<pin_list>
<pin id="41" dir="1" index="0" bw="1" slack="0"/>
</pin_list>
<bind>
<StgValue><ssdm name="pX_1"/></StgValue>
</bind>
</comp>

<comp id="42" class="1001" name="const_42">
<pin_list>
<pin id="43" dir="1" index="0" bw="1" slack="2147483647"/>
</pin_list>
<bind>
<StgValue><ssdm name="_ssdm_op_SpecInterface"/></StgValue>
</bind>
</comp>

<comp id="44" class="1001" name="const_44">
<pin_list>
<pin id="45" dir="1" index="0" bw="1" slack="2147483647"/>
</pin_list>
<bind>
<StgValue><ssdm name="ap_fifo_str"/></StgValue>
</bind>
</comp>

<comp id="46" class="1001" name="const_46">
<pin_list>
<pin id="47" dir="1" index="0" bw="1" slack="2147483647"/>
</pin_list>
<bind>
<StgValue><ssdm name=""/></StgValue>
</bind>
</comp>

<comp id="48" class="1001" name="const_48">
<pin_list>
<pin id="49" dir="1" index="0" bw="1" slack="2147483647"/>
</pin_list>
<bind>
<StgValue><ssdm name="p_str"/></StgValue>
</bind>
</comp>

<comp id="50" class="1001" name="const_50">
<pin_list>
<pin id="51" dir="1" index="0" bw="1" slack="2147483647"/>
</pin_list>
<bind>
<StgValue><ssdm name=""/></StgValue>
</bind>
</comp>

<comp id="52" class="1001" name="const_52">
<pin_list>
<pin id="53" dir="1" index="0" bw="1" slack="2147483647"/>
</pin_list>
<bind>
<StgValue><ssdm name=""/></StgValue>
</bind>
</comp>

<comp id="54" class="1001" name="const_54">
<pin_list>
<pin id="55" dir="1" index="0" bw="1" slack="1"/>
</pin_list>
<bind>
<StgValue><ssdm name=""/></StgValue>
</bind>
</comp>

<comp id="56" class="1001" name="const_56">
<pin_list>
<pin id="57" dir="1" index="0" bw="1" slack="0"/>
</pin_list>
<bind>
<StgValue><ssdm name=""/></StgValue>
</bind>
</comp>

<comp id="58" class="1001" name="const_58">
<pin_list>
<pin id="59" dir="1" index="0" bw="1" slack="0"/>
</pin_list>
<bind>
<StgValue><ssdm name=""/></StgValue>
</bind>
</comp>

<comp id="60" class="1001" name="const_60">
<pin_list>
<pin id="61" dir="1" index="0" bw="1" slack="0"/>
</pin_list>
<bind>
<StgValue><ssdm name="_ssdm_op_Read.ap_fifo.volatile.i16P.i16P.i16P.i16P"/></StgValue>
</bind>
</comp>

<comp id="62" class="1001" name="const_62">
<pin_list>
<pin id="63" dir="1" index="0" bw="1" slack="0"/>
</pin_list>
<bind>
<StgValue><ssdm name="compute_output_buffer_2d<array,array<ap_fixed<16,6,5,3,0>,1u>,config6>"/></StgValue>
</bind>
</comp>

<comp id="64" class="1001" name="const_64">
<pin_list>
<pin id="65" dir="1" index="0" bw="1" slack="2147483647"/>
</pin_list>
<bind>
<StgValue><ssdm name="_ssdm_op_SpecLoopName"/></StgValue>
</bind>
</comp>

<comp id="66" class="1001" name="const_66">
<pin_list>
<pin id="67" dir="1" index="0" bw="1" slack="2147483647"/>
</pin_list>
<bind>
<StgValue><ssdm name="ReadInputHeight_ReadInputWidth_str"/></StgValue>
</bind>
</comp>

<comp id="68" class="1001" name="const_68">
<pin_list>
<pin id="69" dir="1" index="0" bw="1" slack="2147483647"/>
</pin_list>
<bind>
<StgValue><ssdm name="_ssdm_op_SpecLoopTripCount"/></StgValue>
</bind>
</comp>

<comp id="70" class="1001" name="const_70">
<pin_list>
<pin id="71" dir="1" index="0" bw="1" slack="2147483647"/>
</pin_list>
<bind>
<StgValue><ssdm name=""/></StgValue>
</bind>
</comp>

<comp id="72" class="1001" name="const_72">
<pin_list>
<pin id="73" dir="1" index="0" bw="1" slack="2147483647"/>
</pin_list>
<bind>
<StgValue><ssdm name="p_str20"/></StgValue>
</bind>
</comp>

<comp id="74" class="1004" name="empty_70_read_fu_74">
<pin_list>
<pin id="75" dir="0" index="0" bw="64" slack="0"/>
<pin id="76" dir="0" index="1" bw="16" slack="0"/>
<pin id="77" dir="0" index="2" bw="16" slack="0"/>
<pin id="78" dir="0" index="3" bw="16" slack="0"/>
<pin id="79" dir="0" index="4" bw="16" slack="0"/>
<pin id="80" dir="1" index="5" bw="64" slack="0"/>
</pin_list>
<bind>
<opcode="read(1150) " fcode="read"/>
<opset="empty_70/2 "/>
</bind>
</comp>

<comp id="86" class="1005" name="indvar_flatten_reg_86">
<pin_list>
<pin id="87" dir="0" index="0" bw="17" slack="1"/>
<pin id="88" dir="1" index="1" bw="17" slack="1"/>
</pin_list>
<bind>
<opset="indvar_flatten (phireg) "/>
</bind>
</comp>

<comp id="90" class="1004" name="indvar_flatten_phi_fu_90">
<pin_list>
<pin id="91" dir="0" index="0" bw="1" slack="1"/>
<pin id="92" dir="0" index="1" bw="0" slack="2147483647"/>
<pin id="93" dir="0" index="2" bw="17" slack="0"/>
<pin id="94" dir="0" index="3" bw="0" slack="2147483647"/>
<pin id="95" dir="1" index="4" bw="17" slack="0"/>
</pin_list>
<bind>
<opcode="phi(47) " fcode="phi"/>
<opset="indvar_flatten/2 "/>
</bind>
</comp>

<comp id="97" class="1004" name="grp_compute_output_buffer_2d_array_array_ap_fixed_16_6_5_3_0_1u_config6_s_fu_97">
<pin_list>
<pin id="98" dir="0" index="0" bw="0" slack="0"/>
<pin id="99" dir="0" index="1" bw="16" slack="0"/>
<pin id="100" dir="0" index="2" bw="16" slack="0"/>
<pin id="101" dir="0" index="3" bw="16" slack="0"/>
<pin id="102" dir="0" index="4" bw="16" slack="0"/>
<pin id="103" dir="0" index="5" bw="16" slack="0"/>
<pin id="104" dir="0" index="6" bw="16" slack="0"/>
<pin id="105" dir="0" index="7" bw="16" slack="0"/>
<pin id="106" dir="0" index="8" bw="16" slack="0"/>
<pin id="107" dir="0" index="9" bw="16" slack="0"/>
<pin id="108" dir="0" index="10" bw="16" slack="0"/>
<pin id="109" dir="0" index="11" bw="16" slack="0"/>
<pin id="110" dir="0" index="12" bw="16" slack="0"/>
<pin id="111" dir="0" index="13" bw="16" slack="0"/>
<pin id="112" dir="0" index="14" bw="16" slack="0"/>
<pin id="113" dir="0" index="15" bw="16" slack="0"/>
<pin id="114" dir="0" index="16" bw="16" slack="0"/>
<pin id="115" dir="0" index="17" bw="16" slack="0"/>
<pin id="116" dir="0" index="18" bw="32" slack="0"/>
<pin id="117" dir="0" index="19" bw="32" slack="0"/>
<pin id="118" dir="0" index="20" bw="32" slack="0"/>
<pin id="119" dir="0" index="21" bw="32" slack="0"/>
<pin id="120" dir="1" index="22" bw="0" slack="2147483647"/>
</pin_list>
<bind>
<opcode="call(48) " fcode="call"/>
<opset="call_ln92/2 "/>
</bind>
</comp>

<comp id="139" class="1004" name="icmp_ln84_fu_139">
<pin_list>
<pin id="140" dir="0" index="0" bw="17" slack="0"/>
<pin id="141" dir="0" index="1" bw="17" slack="0"/>
<pin id="142" dir="1" index="2" bw="1" slack="2147483647"/>
</pin_list>
<bind>
<opcode="icmp(45) " fcode="icmp"/>
<opset="icmp_ln84/2 "/>
</bind>
</comp>

<comp id="145" class="1004" name="add_ln84_fu_145">
<pin_list>
<pin id="146" dir="0" index="0" bw="17" slack="0"/>
<pin id="147" dir="0" index="1" bw="1" slack="0"/>
<pin id="148" dir="1" index="2" bw="17" slack="0"/>
</pin_list>
<bind>
<opcode="add(8) " fcode="add"/>
<opset="add_ln84/2 "/>
</bind>
</comp>

<comp id="151" class="1004" name="tmp_data_0_V_fu_151">
<pin_list>
<pin id="152" dir="0" index="0" bw="64" slack="0"/>
<pin id="153" dir="1" index="1" bw="16" slack="0"/>
</pin_list>
<bind>
<opcode="extractvalue(56) " fcode="extractvalue"/>
<opset="tmp_data_0_V/2 "/>
</bind>
</comp>

<comp id="156" class="1004" name="tmp_data_1_V_fu_156">
<pin_list>
<pin id="157" dir="0" index="0" bw="64" slack="0"/>
<pin id="158" dir="1" index="1" bw="16" slack="0"/>
</pin_list>
<bind>
<opcode="extractvalue(56) " fcode="extractvalue"/>
<opset="tmp_data_1_V/2 "/>
</bind>
</comp>

<comp id="161" class="1004" name="tmp_data_2_V_fu_161">
<pin_list>
<pin id="162" dir="0" index="0" bw="64" slack="0"/>
<pin id="163" dir="1" index="1" bw="16" slack="0"/>
</pin_list>
<bind>
<opcode="extractvalue(56) " fcode="extractvalue"/>
<opset="tmp_data_2_V/2 "/>
</bind>
</comp>

<comp id="166" class="1004" name="tmp_data_3_V_fu_166">
<pin_list>
<pin id="167" dir="0" index="0" bw="64" slack="0"/>
<pin id="168" dir="1" index="1" bw="16" slack="0"/>
</pin_list>
<bind>
<opcode="extractvalue(56) " fcode="extractvalue"/>
<opset="tmp_data_3_V/2 "/>
</bind>
</comp>

<comp id="174" class="1005" name="add_ln84_reg_174">
<pin_list>
<pin id="175" dir="0" index="0" bw="17" slack="0"/>
<pin id="176" dir="1" index="1" bw="17" slack="0"/>
</pin_list>
<bind>
<opset="add_ln84 "/>
</bind>
</comp>

<comp id="179" class="1005" name="tmp_data_0_V_reg_179">
<pin_list>
<pin id="180" dir="0" index="0" bw="16" slack="1"/>
<pin id="181" dir="1" index="1" bw="16" slack="1"/>
</pin_list>
<bind>
<opset="tmp_data_0_V "/>
</bind>
</comp>

<comp id="184" class="1005" name="tmp_data_1_V_reg_184">
<pin_list>
<pin id="185" dir="0" index="0" bw="16" slack="1"/>
<pin id="186" dir="1" index="1" bw="16" slack="1"/>
</pin_list>
<bind>
<opset="tmp_data_1_V "/>
</bind>
</comp>

<comp id="189" class="1005" name="tmp_data_2_V_reg_189">
<pin_list>
<pin id="190" dir="0" index="0" bw="16" slack="1"/>
<pin id="191" dir="1" index="1" bw="16" slack="1"/>
</pin_list>
<bind>
<opset="tmp_data_2_V "/>
</bind>
</comp>

<comp id="194" class="1005" name="tmp_data_3_V_reg_194">
<pin_list>
<pin id="195" dir="0" index="0" bw="16" slack="1"/>
<pin id="196" dir="1" index="1" bw="16" slack="1"/>
</pin_list>
<bind>
<opset="tmp_data_3_V "/>
</bind>
</comp>

</comp_list>

<net_list>
<net id="81"><net_src comp="60" pin="0"/><net_sink comp="74" pin=0"/></net>

<net id="82"><net_src comp="0" pin="0"/><net_sink comp="74" pin=1"/></net>

<net id="83"><net_src comp="2" pin="0"/><net_sink comp="74" pin=2"/></net>

<net id="84"><net_src comp="4" pin="0"/><net_sink comp="74" pin=3"/></net>

<net id="85"><net_src comp="6" pin="0"/><net_sink comp="74" pin=4"/></net>

<net id="89"><net_src comp="54" pin="0"/><net_sink comp="86" pin=0"/></net>

<net id="96"><net_src comp="86" pin="1"/><net_sink comp="90" pin=0"/></net>

<net id="121"><net_src comp="62" pin="0"/><net_sink comp="97" pin=0"/></net>

<net id="122"><net_src comp="8" pin="0"/><net_sink comp="97" pin=5"/></net>

<net id="123"><net_src comp="10" pin="0"/><net_sink comp="97" pin=6"/></net>

<net id="124"><net_src comp="12" pin="0"/><net_sink comp="97" pin=7"/></net>

<net id="125"><net_src comp="14" pin="0"/><net_sink comp="97" pin=8"/></net>

<net id="126"><net_src comp="16" pin="0"/><net_sink comp="97" pin=9"/></net>

<net id="127"><net_src comp="18" pin="0"/><net_sink comp="97" pin=10"/></net>

<net id="128"><net_src comp="20" pin="0"/><net_sink comp="97" pin=11"/></net>

<net id="129"><net_src comp="22" pin="0"/><net_sink comp="97" pin=12"/></net>

<net id="130"><net_src comp="24" pin="0"/><net_sink comp="97" pin=13"/></net>

<net id="131"><net_src comp="26" pin="0"/><net_sink comp="97" pin=14"/></net>

<net id="132"><net_src comp="28" pin="0"/><net_sink comp="97" pin=15"/></net>

<net id="133"><net_src comp="30" pin="0"/><net_sink comp="97" pin=16"/></net>

<net id="134"><net_src comp="32" pin="0"/><net_sink comp="97" pin=17"/></net>

<net id="135"><net_src comp="34" pin="0"/><net_sink comp="97" pin=18"/></net>

<net id="136"><net_src comp="36" pin="0"/><net_sink comp="97" pin=19"/></net>

<net id="137"><net_src comp="38" pin="0"/><net_sink comp="97" pin=20"/></net>

<net id="138"><net_src comp="40" pin="0"/><net_sink comp="97" pin=21"/></net>

<net id="143"><net_src comp="90" pin="4"/><net_sink comp="139" pin=0"/></net>

<net id="144"><net_src comp="56" pin="0"/><net_sink comp="139" pin=1"/></net>

<net id="149"><net_src comp="90" pin="4"/><net_sink comp="145" pin=0"/></net>

<net id="150"><net_src comp="58" pin="0"/><net_sink comp="145" pin=1"/></net>

<net id="154"><net_src comp="74" pin="5"/><net_sink comp="151" pin=0"/></net>

<net id="155"><net_src comp="151" pin="1"/><net_sink comp="97" pin=1"/></net>

<net id="159"><net_src comp="74" pin="5"/><net_sink comp="156" pin=0"/></net>

<net id="160"><net_src comp="156" pin="1"/><net_sink comp="97" pin=2"/></net>

<net id="164"><net_src comp="74" pin="5"/><net_sink comp="161" pin=0"/></net>

<net id="165"><net_src comp="161" pin="1"/><net_sink comp="97" pin=3"/></net>

<net id="169"><net_src comp="74" pin="5"/><net_sink comp="166" pin=0"/></net>

<net id="170"><net_src comp="166" pin="1"/><net_sink comp="97" pin=4"/></net>

<net id="177"><net_src comp="145" pin="2"/><net_sink comp="174" pin=0"/></net>

<net id="178"><net_src comp="174" pin="1"/><net_sink comp="90" pin=2"/></net>

<net id="182"><net_src comp="151" pin="1"/><net_sink comp="179" pin=0"/></net>

<net id="183"><net_src comp="179" pin="1"/><net_sink comp="97" pin=1"/></net>

<net id="187"><net_src comp="156" pin="1"/><net_sink comp="184" pin=0"/></net>

<net id="188"><net_src comp="184" pin="1"/><net_sink comp="97" pin=2"/></net>

<net id="192"><net_src comp="161" pin="1"/><net_sink comp="189" pin=0"/></net>

<net id="193"><net_src comp="189" pin="1"/><net_sink comp="97" pin=3"/></net>

<net id="197"><net_src comp="166" pin="1"/><net_sink comp="194" pin=0"/></net>

<net id="198"><net_src comp="194" pin="1"/><net_sink comp="97" pin=4"/></net>

</net_list>

</model> 
---------------- Datapath Model END ------------------

* FSMD analyzer results:
  - Output states:
	Port: res_V_data_V | {2 3 }
	Port: kernel_data_V_1_4 | {2 3 }
	Port: kernel_data_V_1_5 | {2 3 }
	Port: kernel_data_V_1_6 | {2 3 }
	Port: kernel_data_V_1_7 | {2 3 }
	Port: kernel_data_V_1_12 | {2 3 }
	Port: kernel_data_V_1_13 | {2 3 }
	Port: kernel_data_V_1_14 | {2 3 }
	Port: kernel_data_V_1_15 | {2 3 }
	Port: line_buffer_Array_V_1_0_0 | {2 3 }
	Port: line_buffer_Array_V_1_0_1 | {2 3 }
	Port: line_buffer_Array_V_1_0_2 | {2 3 }
	Port: line_buffer_Array_V_1_0_3 | {2 3 }
	Port: sX_1 | {2 3 }
	Port: sY_1 | {2 3 }
	Port: pY_1 | {2 3 }
	Port: pX_1 | {2 3 }
 - Input state : 
	Port: conv_2d_cl<array<ap_fixed,4u>,array<ap_fixed<16,6,5,3,0>,1u>,config6> : data_V_data_0_V | {2 }
	Port: conv_2d_cl<array<ap_fixed,4u>,array<ap_fixed<16,6,5,3,0>,1u>,config6> : data_V_data_1_V | {2 }
	Port: conv_2d_cl<array<ap_fixed,4u>,array<ap_fixed<16,6,5,3,0>,1u>,config6> : data_V_data_2_V | {2 }
	Port: conv_2d_cl<array<ap_fixed,4u>,array<ap_fixed<16,6,5,3,0>,1u>,config6> : data_V_data_3_V | {2 }
	Port: conv_2d_cl<array<ap_fixed,4u>,array<ap_fixed<16,6,5,3,0>,1u>,config6> : kernel_data_V_1_4 | {2 3 }
	Port: conv_2d_cl<array<ap_fixed,4u>,array<ap_fixed<16,6,5,3,0>,1u>,config6> : kernel_data_V_1_5 | {2 3 }
	Port: conv_2d_cl<array<ap_fixed,4u>,array<ap_fixed<16,6,5,3,0>,1u>,config6> : kernel_data_V_1_6 | {2 3 }
	Port: conv_2d_cl<array<ap_fixed,4u>,array<ap_fixed<16,6,5,3,0>,1u>,config6> : kernel_data_V_1_7 | {2 3 }
	Port: conv_2d_cl<array<ap_fixed,4u>,array<ap_fixed<16,6,5,3,0>,1u>,config6> : kernel_data_V_1_12 | {2 3 }
	Port: conv_2d_cl<array<ap_fixed,4u>,array<ap_fixed<16,6,5,3,0>,1u>,config6> : kernel_data_V_1_13 | {2 3 }
	Port: conv_2d_cl<array<ap_fixed,4u>,array<ap_fixed<16,6,5,3,0>,1u>,config6> : kernel_data_V_1_14 | {2 3 }
	Port: conv_2d_cl<array<ap_fixed,4u>,array<ap_fixed<16,6,5,3,0>,1u>,config6> : kernel_data_V_1_15 | {2 3 }
	Port: conv_2d_cl<array<ap_fixed,4u>,array<ap_fixed<16,6,5,3,0>,1u>,config6> : line_buffer_Array_V_1_0_0 | {2 3 }
	Port: conv_2d_cl<array<ap_fixed,4u>,array<ap_fixed<16,6,5,3,0>,1u>,config6> : line_buffer_Array_V_1_0_1 | {2 3 }
	Port: conv_2d_cl<array<ap_fixed,4u>,array<ap_fixed<16,6,5,3,0>,1u>,config6> : line_buffer_Array_V_1_0_2 | {2 3 }
	Port: conv_2d_cl<array<ap_fixed,4u>,array<ap_fixed<16,6,5,3,0>,1u>,config6> : line_buffer_Array_V_1_0_3 | {2 3 }
	Port: conv_2d_cl<array<ap_fixed,4u>,array<ap_fixed<16,6,5,3,0>,1u>,config6> : sX_1 | {2 3 }
	Port: conv_2d_cl<array<ap_fixed,4u>,array<ap_fixed<16,6,5,3,0>,1u>,config6> : sY_1 | {2 3 }
	Port: conv_2d_cl<array<ap_fixed,4u>,array<ap_fixed<16,6,5,3,0>,1u>,config6> : pY_1 | {2 3 }
	Port: conv_2d_cl<array<ap_fixed,4u>,array<ap_fixed<16,6,5,3,0>,1u>,config6> : pX_1 | {2 3 }
  - Chain level:
	State 1
	State 2
		icmp_ln84 : 1
		add_ln84 : 1
		br_ln84 : 2
		call_ln92 : 1
	State 3


============================================================
+ Verbose Summary: Datapath Resource usage 
============================================================

* Functional unit list:
|----------|---------------------------------------------------------------------------------|---------|---------|---------|---------|
| Operation|                                 Functional Unit                                 |  DSP48E |  Delay  |    FF   |   LUT   |
|----------|---------------------------------------------------------------------------------|---------|---------|---------|---------|
|   call   | grp_compute_output_buffer_2d_array_array_ap_fixed_16_6_5_3_0_1u_config6_s_fu_97 |    15   |  26.535 |   1421  |   794   |
|----------|---------------------------------------------------------------------------------|---------|---------|---------|---------|
|    add   |                                 add_ln84_fu_145                                 |    0    |    0    |    0    |    24   |
|----------|---------------------------------------------------------------------------------|---------|---------|---------|---------|
|   icmp   |                                 icmp_ln84_fu_139                                |    0    |    0    |    0    |    18   |
|----------|---------------------------------------------------------------------------------|---------|---------|---------|---------|
|   read   |                               empty_70_read_fu_74                               |    0    |    0    |    0    |    0    |
|----------|---------------------------------------------------------------------------------|---------|---------|---------|---------|
|          |                               tmp_data_0_V_fu_151                               |    0    |    0    |    0    |    0    |
|extractvalue|                               tmp_data_1_V_fu_156                               |    0    |    0    |    0    |    0    |
|          |                               tmp_data_2_V_fu_161                               |    0    |    0    |    0    |    0    |
|          |                               tmp_data_3_V_fu_166                               |    0    |    0    |    0    |    0    |
|----------|---------------------------------------------------------------------------------|---------|---------|---------|---------|
|   Total  |                                                                                 |    15   |  26.535 |   1421  |   836   |
|----------|---------------------------------------------------------------------------------|---------|---------|---------|---------|

Memories:
N/A

* Register list:
+---------------------+--------+
|                     |   FF   |
+---------------------+--------+
|   add_ln84_reg_174  |   17   |
|indvar_flatten_reg_86|   17   |
| tmp_data_0_V_reg_179|   16   |
| tmp_data_1_V_reg_184|   16   |
| tmp_data_2_V_reg_189|   16   |
| tmp_data_3_V_reg_194|   16   |
+---------------------+--------+
|        Total        |   98   |
+---------------------+--------+

* Multiplexer (MUX) list: 
|---------------------------------------------------------------------------------|------|------|------|--------||---------||---------|
|                                       Comp                                      |  Pin | Size |  BW  | S x BW ||  Delay  ||   LUT   |
|---------------------------------------------------------------------------------|------|------|------|--------||---------||---------|
| grp_compute_output_buffer_2d_array_array_ap_fixed_16_6_5_3_0_1u_config6_s_fu_97 |  p1  |   2  |  16  |   32   ||    9    |
| grp_compute_output_buffer_2d_array_array_ap_fixed_16_6_5_3_0_1u_config6_s_fu_97 |  p2  |   2  |  16  |   32   ||    9    |
| grp_compute_output_buffer_2d_array_array_ap_fixed_16_6_5_3_0_1u_config6_s_fu_97 |  p3  |   2  |  16  |   32   ||    9    |
| grp_compute_output_buffer_2d_array_array_ap_fixed_16_6_5_3_0_1u_config6_s_fu_97 |  p4  |   2  |  16  |   32   ||    9    |
|---------------------------------------------------------------------------------|------|------|------|--------||---------||---------|
|                                      Total                                      |      |      |      |   128  ||  7.076  ||    36   |
|---------------------------------------------------------------------------------|------|------|------|--------||---------||---------|



* Summary:
+-----------+--------+--------+--------+--------+
|           | DSP48E |  Delay |   FF   |   LUT  |
+-----------+--------+--------+--------+--------+
|  Function |   15   |   26   |  1421  |   836  |
|   Memory  |    -   |    -   |    -   |    -   |
|Multiplexer|    -   |    7   |    -   |   36   |
|  Register |    -   |    -   |   98   |    -   |
+-----------+--------+--------+--------+--------+
|   Total   |   15   |   33   |  1519  |   872  |
+-----------+--------+--------+--------+--------+
