

================================================================
== Vivado HLS Report for 'Loop_2_proc'
================================================================
* Date:           Sun May 25 15:18:45 2025

* Version:        2020.1 (Build 2897737 on Wed May 27 20:21:37 MDT 2020)
* Project:        myproject_prj
* Solution:       solution1
* Product family: zynq
* Target device:  xc7z020-clg400-1


================================================================
== Performance Estimates
================================================================
+ Timing: 
    * Summary: 
    +--------+---------+----------+------------+
    |  Clock |  Target | Estimated| Uncertainty|
    +--------+---------+----------+------------+
    |ap_clk  | 5.00 ns | 4.367 ns |   0.62 ns  |
    +--------+---------+----------+------------+

+ Latency: 
    * Summary: 
    +---------+---------+----------+----------+--------+--------+---------+
    |  Latency (cycles) |  Latency (absolute) |     Interval    | Pipeline|
    |   min   |   max   |    min   |    max   |   min  |   max  |   Type  |
    +---------+---------+----------+----------+--------+--------+---------+
    |   188417|   188417| 0.942 ms | 0.942 ms |  188417|  188417|   none  |
    +---------+---------+----------+----------+--------+--------+---------+

    + Detail: 
        * Instance: 
        N/A

        * Loop: 
        +-------------+---------+---------+----------+-----------+-----------+------+----------+
        |             |  Latency (cycles) | Iteration|  Initiation Interval  | Trip |          |
        |  Loop Name  |   min   |   max   |  Latency |  achieved |   target  | Count| Pipelined|
        +-------------+---------+---------+----------+-----------+-----------+------+----------+
        |- Loop 1     |   188416|   188416|        46|          -|          -|  4096|    no    |
        | + Loop 1.1  |       44|       44|        11|          -|          -|     4|    no    |
        +-------------+---------+---------+----------+-----------+-----------+------+----------+

============================================================
+ Verbose Summary: Synthesis Manager
============================================================
InlineROM: 1
ExposeGlobal: 0
============================================================
+ Verbose Summary: CDFG Model
============================================================
IsTopModel: 0
ResetActiveHigh: 1
IsCombinational: 2
IsDatapathOnly: 0
HasWiredReturn: 1
HasMFsm: 0
HasVarLatency: 1
IsPipeline: 0
IsRtlPipelined: 0
IsInstanceOverlapped: 0
IsDontTouch: 0
HasImplIP: 0
IsGatedGlobalClock: 0


============================================================
+ Verbose Summary: Schedule
============================================================
* Number of FSM states : 13
* Pipeline : 0
* Dataflow Pipeline: 0

* FSM state transitions: 
1 --> 2 
2 --> 3 
3 --> 4 2 
4 --> 5 
5 --> 6 
6 --> 7 
7 --> 8 
8 --> 9 
9 --> 10 
10 --> 11 
11 --> 12 
12 --> 13 
13 --> 3 

* FSM state operations: 

State 1 <SV = 0> <Delay = 2.18>
ST_1 : Operation 14 [1/1] (0.00ns)   --->   "call void (...)* @_ssdm_op_SpecInterface(i1* %out_last_V, float* %out_data, [5 x i8]* @p_str4, i32 1, i32 1, [5 x i8]* @p_str1, i32 0, i32 0, [1 x i8]* @p_str2, [1 x i8]* @p_str2, [1 x i8]* @p_str2, i32 0, i32 0, i32 0, i32 0, [1 x i8]* @p_str2, [1 x i8]* @p_str2)"   --->   Operation 14 'specinterface' <Predicate = true> <Delay = 0.00>
ST_1 : Operation 15 [1/1] (0.00ns)   --->   "call void (...)* @_ssdm_op_SpecInterface(i4* %out_local_V_data_3_V, [8 x i8]* @ap_fifo_str, i32 0, i32 0, [1 x i8]* @p_str, i32 0, i32 0, [1 x i8]* @p_str, [1 x i8]* @p_str, [1 x i8]* @p_str, i32 2, i32 2, i32 16, i32 16, [1 x i8]* @p_str, [1 x i8]* @p_str)"   --->   Operation 15 'specinterface' <Predicate = true> <Delay = 0.00>
ST_1 : Operation 16 [1/1] (0.00ns)   --->   "call void (...)* @_ssdm_op_SpecInterface(i4* %out_local_V_data_2_V, [8 x i8]* @ap_fifo_str, i32 0, i32 0, [1 x i8]* @p_str, i32 0, i32 0, [1 x i8]* @p_str, [1 x i8]* @p_str, [1 x i8]* @p_str, i32 2, i32 2, i32 16, i32 16, [1 x i8]* @p_str, [1 x i8]* @p_str)"   --->   Operation 16 'specinterface' <Predicate = true> <Delay = 0.00>
ST_1 : Operation 17 [1/1] (0.00ns)   --->   "call void (...)* @_ssdm_op_SpecInterface(i4* %out_local_V_data_1_V, [8 x i8]* @ap_fifo_str, i32 0, i32 0, [1 x i8]* @p_str, i32 0, i32 0, [1 x i8]* @p_str, [1 x i8]* @p_str, [1 x i8]* @p_str, i32 2, i32 2, i32 16, i32 16, [1 x i8]* @p_str, [1 x i8]* @p_str)"   --->   Operation 17 'specinterface' <Predicate = true> <Delay = 0.00>
ST_1 : Operation 18 [1/1] (0.00ns)   --->   "call void (...)* @_ssdm_op_SpecInterface(i4* %out_local_V_data_0_V, [8 x i8]* @ap_fifo_str, i32 0, i32 0, [1 x i8]* @p_str, i32 0, i32 0, [1 x i8]* @p_str, [1 x i8]* @p_str, [1 x i8]* @p_str, i32 2, i32 2, i32 16, i32 16, [1 x i8]* @p_str, [1 x i8]* @p_str)"   --->   Operation 18 'specinterface' <Predicate = true> <Delay = 0.00>
ST_1 : Operation 19 [1/1] (0.00ns)   --->   "call void (...)* @_ssdm_op_SpecInterface(i1* %is_last_0_i_loc, [8 x i8]* @ap_fifo_str, i32 0, i32 0, [1 x i8]* @p_str, i32 0, i32 0, [1 x i8]* @p_str, [1 x i8]* @p_str, [1 x i8]* @p_str, i32 2, i32 2, i32 16, i32 16, [1 x i8]* @p_str, [11 x i8]* @ScalarProp_str)"   --->   Operation 19 'specinterface' <Predicate = true> <Delay = 0.00>
ST_1 : Operation 20 [1/1] (2.18ns)   --->   "%is_last_0_i_loc_read = call i1 @_ssdm_op_Read.ap_fifo.i1P(i1* %is_last_0_i_loc)"   --->   Operation 20 'read' 'is_last_0_i_loc_read' <Predicate = true> <Delay = 2.18> <Core = "FIFO">   --->   Core 32 'FIFO' <Latency = 0> <II = 1> <Delay = 3.63> <Storage> <Opcode : 'read' 'write' 'nbread' 'nbwrite'> <Ports = 0> <Width = 4> <Depth = 3> <FIFO>
ST_1 : Operation 21 [1/1] (1.76ns)   --->   "br label %.loopexit" [firmware/myproject_axi.cpp:29]   --->   Operation 21 'br' <Predicate = true> <Delay = 1.76>

State 2 <SV = 1> <Delay = 2.18>
ST_2 : Operation 22 [1/1] (0.00ns)   --->   "%i1_0_i_i = phi i13 [ 0, %entry ], [ %i, %.loopexit.loopexit ]"   --->   Operation 22 'phi' 'i1_0_i_i' <Predicate = true> <Delay = 0.00>
ST_2 : Operation 23 [1/1] (2.09ns)   --->   "%icmp_ln29 = icmp eq i13 %i1_0_i_i, -4096" [firmware/myproject_axi.cpp:29]   --->   Operation 23 'icmp' 'icmp_ln29' <Predicate = true> <Delay = 2.09> <Core = "Cmp">   --->   Core 25 'Cmp' <Latency = 0> <II = 1> <Delay = 2.47> <FuncUnit> <Opcode : 'icmp'> <InPorts = 2> <OutPorts = 1>
ST_2 : Operation 24 [1/1] (0.00ns)   --->   "%empty = call i32 (...)* @_ssdm_op_SpecLoopTripCount(i64 4096, i64 4096, i64 4096)"   --->   Operation 24 'speclooptripcount' 'empty' <Predicate = true> <Delay = 0.00>
ST_2 : Operation 25 [1/1] (1.67ns)   --->   "%i = add i13 %i1_0_i_i, 1" [firmware/myproject_axi.cpp:29]   --->   Operation 25 'add' 'i' <Predicate = true> <Delay = 1.67> <Core = "AddSub">   --->   Core 14 'AddSub' <Latency = 0> <II = 1> <Delay = 3.52> <FuncUnit> <Opcode : 'add' 'sub'> <InPorts = 2> <OutPorts = 1>
ST_2 : Operation 26 [1/1] (0.00ns)   --->   "br i1 %icmp_ln29, label %.exit, label %1" [firmware/myproject_axi.cpp:29]   --->   Operation 26 'br' <Predicate = true> <Delay = 0.00>
ST_2 : Operation 27 [1/1] (2.18ns)   --->   "%empty_482 = call { i4, i4, i4, i4 } @_ssdm_op_Read.ap_fifo.volatile.i4P.i4P.i4P.i4P(i4* %out_local_V_data_0_V, i4* %out_local_V_data_1_V, i4* %out_local_V_data_2_V, i4* %out_local_V_data_3_V)" [firmware/myproject_axi.cpp:30]   --->   Operation 27 'read' 'empty_482' <Predicate = (!icmp_ln29)> <Delay = 2.18> <Core = "FIFO">   --->   Core 32 'FIFO' <Latency = 0> <II = 1> <Delay = 3.63> <Storage> <Opcode : 'read' 'write' 'nbread' 'nbwrite'> <Ports = 0> <Width = 4> <Depth = 3> <FIFO>
ST_2 : Operation 28 [1/1] (0.00ns)   --->   "%tmp_data_V_01_i_i = extractvalue { i4, i4, i4, i4 } %empty_482, 0" [firmware/myproject_axi.cpp:30]   --->   Operation 28 'extractvalue' 'tmp_data_V_01_i_i' <Predicate = (!icmp_ln29)> <Delay = 0.00>
ST_2 : Operation 29 [1/1] (0.00ns)   --->   "%tmp_data_V_12_i_i = extractvalue { i4, i4, i4, i4 } %empty_482, 1" [firmware/myproject_axi.cpp:30]   --->   Operation 29 'extractvalue' 'tmp_data_V_12_i_i' <Predicate = (!icmp_ln29)> <Delay = 0.00>
ST_2 : Operation 30 [1/1] (0.00ns)   --->   "%tmp_data_V_23_i_i = extractvalue { i4, i4, i4, i4 } %empty_482, 2" [firmware/myproject_axi.cpp:30]   --->   Operation 30 'extractvalue' 'tmp_data_V_23_i_i' <Predicate = (!icmp_ln29)> <Delay = 0.00>
ST_2 : Operation 31 [1/1] (0.00ns)   --->   "%tmp_data_V_34_i_i = extractvalue { i4, i4, i4, i4 } %empty_482, 3" [firmware/myproject_axi.cpp:30]   --->   Operation 31 'extractvalue' 'tmp_data_V_34_i_i' <Predicate = (!icmp_ln29)> <Delay = 0.00>
ST_2 : Operation 32 [1/1] (0.00ns)   --->   "%trunc_ln32 = trunc i13 %i1_0_i_i to i12" [firmware/myproject_axi.cpp:32]   --->   Operation 32 'trunc' 'trunc_ln32' <Predicate = (!icmp_ln29)> <Delay = 0.00>
ST_2 : Operation 33 [1/1] (0.00ns)   --->   "%shl_ln = call i14 @_ssdm_op_BitConcatenate.i14.i12.i2(i12 %trunc_ln32, i2 0)" [firmware/myproject_axi.cpp:32]   --->   Operation 33 'bitconcatenate' 'shl_ln' <Predicate = (!icmp_ln29)> <Delay = 0.00>
ST_2 : Operation 34 [1/1] (1.76ns)   --->   "br label %0" [firmware/myproject_axi.cpp:31]   --->   Operation 34 'br' <Predicate = (!icmp_ln29)> <Delay = 1.76>
ST_2 : Operation 35 [1/1] (0.00ns)   --->   "ret void"   --->   Operation 35 'ret' <Predicate = (icmp_ln29)> <Delay = 0.00>

State 3 <SV = 2> <Delay = 4.02>
ST_3 : Operation 36 [1/1] (0.00ns)   --->   "%j3_0_i_i = phi i3 [ 0, %1 ], [ %j, %_ifconv ]"   --->   Operation 36 'phi' 'j3_0_i_i' <Predicate = true> <Delay = 0.00>
ST_3 : Operation 37 [1/1] (0.00ns)   --->   "%zext_ln31 = zext i3 %j3_0_i_i to i14" [firmware/myproject_axi.cpp:31]   --->   Operation 37 'zext' 'zext_ln31' <Predicate = true> <Delay = 0.00>
ST_3 : Operation 38 [1/1] (1.13ns)   --->   "%icmp_ln31 = icmp eq i3 %j3_0_i_i, -4" [firmware/myproject_axi.cpp:31]   --->   Operation 38 'icmp' 'icmp_ln31' <Predicate = true> <Delay = 1.13> <Core = "Cmp">   --->   Core 25 'Cmp' <Latency = 0> <II = 1> <Delay = 2.47> <FuncUnit> <Opcode : 'icmp'> <InPorts = 2> <OutPorts = 1>
ST_3 : Operation 39 [1/1] (0.00ns)   --->   "%empty_481 = call i32 (...)* @_ssdm_op_SpecLoopTripCount(i64 4, i64 4, i64 4)"   --->   Operation 39 'speclooptripcount' 'empty_481' <Predicate = true> <Delay = 0.00>
ST_3 : Operation 40 [1/1] (1.65ns)   --->   "%j = add i3 %j3_0_i_i, 1" [firmware/myproject_axi.cpp:31]   --->   Operation 40 'add' 'j' <Predicate = true> <Delay = 1.65> <Core = "AddSub">   --->   Core 14 'AddSub' <Latency = 0> <II = 1> <Delay = 3.52> <FuncUnit> <Opcode : 'add' 'sub'> <InPorts = 2> <OutPorts = 1>
ST_3 : Operation 41 [1/1] (0.00ns)   --->   "br i1 %icmp_ln31, label %.loopexit.loopexit, label %_ifconv" [firmware/myproject_axi.cpp:31]   --->   Operation 41 'br' <Predicate = true> <Delay = 0.00>
ST_3 : Operation 42 [1/1] (1.81ns)   --->   "%add_ln32 = add i14 %zext_ln31, %shl_ln" [firmware/myproject_axi.cpp:32]   --->   Operation 42 'add' 'add_ln32' <Predicate = (!icmp_ln31)> <Delay = 1.81> <Core = "AddSub">   --->   Core 14 'AddSub' <Latency = 0> <II = 1> <Delay = 3.52> <FuncUnit> <Opcode : 'add' 'sub'> <InPorts = 2> <OutPorts = 1>
ST_3 : Operation 43 [1/1] (2.20ns)   --->   "%icmp_ln32 = icmp eq i14 %add_ln32, -1" [firmware/myproject_axi.cpp:32]   --->   Operation 43 'icmp' 'icmp_ln32' <Predicate = (!icmp_ln31)> <Delay = 2.20> <Core = "Cmp">   --->   Core 25 'Cmp' <Latency = 0> <II = 1> <Delay = 2.47> <FuncUnit> <Opcode : 'icmp'> <InPorts = 2> <OutPorts = 1>
ST_3 : Operation 44 [1/1] (0.00ns)   --->   "%trunc_ln935 = trunc i3 %j3_0_i_i to i2" [firmware/myproject_axi.cpp:33]   --->   Operation 44 'trunc' 'trunc_ln935' <Predicate = (!icmp_ln31)> <Delay = 0.00>
ST_3 : Operation 45 [1/1] (1.95ns)   --->   "%tmp_V_3 = call i4 @_ssdm_op_Mux.ap_auto.4i4.i2(i4 %tmp_data_V_01_i_i, i4 %tmp_data_V_12_i_i, i4 %tmp_data_V_23_i_i, i4 %tmp_data_V_34_i_i, i2 %trunc_ln935)" [firmware/myproject_axi.cpp:33]   --->   Operation 45 'mux' 'tmp_V_3' <Predicate = (!icmp_ln31)> <Delay = 1.95> <Core = "MuxnS">   --->   Core 31 'MuxnS' <Latency = 0> <II = 1> <Delay = 1.95> <FuncUnit> <Opcode : 'mux'> <InPorts = 2> <OutPorts = 1>
ST_3 : Operation 46 [1/1] (0.00ns)   --->   "%p_Result_6 = call i1 @_ssdm_op_BitSelect.i1.i4.i32(i4 %tmp_V_3, i32 3)" [firmware/myproject_axi.cpp:33]   --->   Operation 46 'bitselect' 'p_Result_6' <Predicate = (!icmp_ln31)> <Delay = 0.00>
ST_3 : Operation 47 [1/1] (0.00ns)   --->   "br label %.loopexit"   --->   Operation 47 'br' <Predicate = (icmp_ln31)> <Delay = 0.00>

State 4 <SV = 3> <Delay = 2.75>
ST_4 : Operation 48 [1/1] (0.97ns)   --->   "%last = and i1 %is_last_0_i_loc_read, %icmp_ln32" [firmware/myproject_axi.cpp:32]   --->   Operation 48 'and' 'last' <Predicate = true> <Delay = 0.97> <Core = "LogicGate">   --->   Core 27 'LogicGate' <Latency = 0> <II = 1> <Delay = 0.97> <FuncUnit> <Opcode : 'and' 'or' 'xor'> <InPorts = 2> <OutPorts = 1>
ST_4 : Operation 49 [1/1] (1.30ns)   --->   "%icmp_ln935 = icmp eq i4 %tmp_V_3, 0" [firmware/myproject_axi.cpp:33]   --->   Operation 49 'icmp' 'icmp_ln935' <Predicate = true> <Delay = 1.30> <Core = "Cmp">   --->   Core 25 'Cmp' <Latency = 0> <II = 1> <Delay = 2.47> <FuncUnit> <Opcode : 'icmp'> <InPorts = 2> <OutPorts = 1>
ST_4 : Operation 50 [1/1] (1.73ns)   --->   "%tmp_V = sub i4 0, %tmp_V_3" [firmware/myproject_axi.cpp:33]   --->   Operation 50 'sub' 'tmp_V' <Predicate = (p_Result_6)> <Delay = 1.73> <Core = "AddSub">   --->   Core 14 'AddSub' <Latency = 0> <II = 1> <Delay = 3.52> <FuncUnit> <Opcode : 'add' 'sub'> <InPorts = 2> <OutPorts = 1>
ST_4 : Operation 51 [1/1] (1.02ns)   --->   "%tmp_V_4 = select i1 %p_Result_6, i4 %tmp_V, i4 %tmp_V_3" [firmware/myproject_axi.cpp:33]   --->   Operation 51 'select' 'tmp_V_4' <Predicate = true> <Delay = 1.02> <Core = "Sel">   --->   Core 26 'Sel' <Latency = 0> <II = 1> <Delay = 0.69> <FuncUnit> <Opcode : 'select'> <InPorts = 3> <OutPorts = 1>
ST_4 : Operation 52 [1/1] (0.00ns)   --->   "%p_Result_s = call i4 @llvm.part.select.i4(i4 %tmp_V_4, i32 3, i32 0) nounwind" [firmware/myproject_axi.cpp:33]   --->   Operation 52 'partselect' 'p_Result_s' <Predicate = true> <Delay = 0.00>

State 5 <SV = 4> <Delay = 3.39>
ST_5 : Operation 53 [1/1] (0.00ns)   --->   "%p_Result_7 = call i32 @_ssdm_op_BitConcatenate.i32.i28.i4(i28 -1, i4 %p_Result_s)" [firmware/myproject_axi.cpp:33]   --->   Operation 53 'bitconcatenate' 'p_Result_7' <Predicate = (!icmp_ln935)> <Delay = 0.00>
ST_5 : Operation 54 [1/1] (3.39ns)   --->   "%l = call i32 @llvm.cttz.i32(i32 %p_Result_7, i1 true) nounwind" [firmware/myproject_axi.cpp:33]   --->   Operation 54 'cttz' 'l' <Predicate = (!icmp_ln935)> <Delay = 3.39> <Core = "CTTZ">   --->   Core 64 'CTTZ' <Latency = 0> <II = 1> <Delay = 3.39> <FuncUnit> <Opcode : 'cttz'> <InPorts = 1> <OutPorts = 1>
ST_5 : Operation 55 [1/1] (0.00ns)   --->   "%trunc_ln943 = trunc i32 %l to i8" [firmware/myproject_axi.cpp:33]   --->   Operation 55 'trunc' 'trunc_ln943' <Predicate = (!icmp_ln935)> <Delay = 0.00>

State 6 <SV = 5> <Delay = 2.55>
ST_6 : Operation 56 [1/1] (2.55ns)   --->   "%sub_ln944 = sub nsw i32 4, %l" [firmware/myproject_axi.cpp:33]   --->   Operation 56 'sub' 'sub_ln944' <Predicate = (!icmp_ln935)> <Delay = 2.55> <Core = "AddSub">   --->   Core 14 'AddSub' <Latency = 0> <II = 1> <Delay = 3.52> <FuncUnit> <Opcode : 'add' 'sub'> <InPorts = 2> <OutPorts = 1>
ST_6 : Operation 57 [1/1] (0.00ns)   --->   "%trunc_ln947 = trunc i32 %sub_ln944 to i3" [firmware/myproject_axi.cpp:33]   --->   Operation 57 'trunc' 'trunc_ln947' <Predicate = (!icmp_ln935)> <Delay = 0.00>

State 7 <SV = 6> <Delay = 3.77>
ST_7 : Operation 58 [1/1] (2.55ns)   --->   "%lsb_index = add nsw i32 -24, %sub_ln944" [firmware/myproject_axi.cpp:33]   --->   Operation 58 'add' 'lsb_index' <Predicate = (!icmp_ln935)> <Delay = 2.55> <Core = "AddSub">   --->   Core 14 'AddSub' <Latency = 0> <II = 1> <Delay = 3.52> <FuncUnit> <Opcode : 'add' 'sub'> <InPorts = 2> <OutPorts = 1>
ST_7 : Operation 59 [1/1] (0.00ns)   --->   "%tmp = call i31 @_ssdm_op_PartSelect.i31.i32.i32.i32(i32 %lsb_index, i32 1, i32 31)" [firmware/myproject_axi.cpp:33]   --->   Operation 59 'partselect' 'tmp' <Predicate = (!icmp_ln935)> <Delay = 0.00>
ST_7 : Operation 60 [1/1] (1.65ns)   --->   "%sub_ln947 = sub i3 -3, %trunc_ln947" [firmware/myproject_axi.cpp:33]   --->   Operation 60 'sub' 'sub_ln947' <Predicate = (!icmp_ln935)> <Delay = 1.65> <Core = "AddSub">   --->   Core 14 'AddSub' <Latency = 0> <II = 1> <Delay = 3.52> <FuncUnit> <Opcode : 'add' 'sub'> <InPorts = 2> <OutPorts = 1>
ST_7 : Operation 61 [1/1] (0.00ns) (grouped into LUT with out node icmp_ln947_1)   --->   "%zext_ln947 = zext i3 %sub_ln947 to i4" [firmware/myproject_axi.cpp:33]   --->   Operation 61 'zext' 'zext_ln947' <Predicate = (!icmp_ln935)> <Delay = 0.00>
ST_7 : Operation 62 [1/1] (0.00ns) (grouped into LUT with out node icmp_ln947_1)   --->   "%lshr_ln947 = lshr i4 -1, %zext_ln947" [firmware/myproject_axi.cpp:33]   --->   Operation 62 'lshr' 'lshr_ln947' <Predicate = (!icmp_ln935)> <Delay = 0.00> <Core = "Shift">   --->   Core 28 'Shift' <Latency = 0> <II = 1> <Delay = 2.12> <FuncUnit> <Opcode : 'shl' 'lshr' 'ashr'> <InPorts = 2> <OutPorts = 1>
ST_7 : Operation 63 [1/1] (0.00ns) (grouped into LUT with out node icmp_ln947_1)   --->   "%p_Result_4 = and i4 %tmp_V_4, %lshr_ln947" [firmware/myproject_axi.cpp:33]   --->   Operation 63 'and' 'p_Result_4' <Predicate = (!icmp_ln935)> <Delay = 0.00> <Core = "LogicGate">   --->   Core 27 'LogicGate' <Latency = 0> <II = 1> <Delay = 0.97> <FuncUnit> <Opcode : 'and' 'or' 'xor'> <InPorts = 2> <OutPorts = 1>
ST_7 : Operation 64 [1/1] (2.12ns) (out node of the LUT)   --->   "%icmp_ln947_1 = icmp ne i4 %p_Result_4, 0" [firmware/myproject_axi.cpp:33]   --->   Operation 64 'icmp' 'icmp_ln947_1' <Predicate = (!icmp_ln935)> <Delay = 2.12> <Core = "Cmp">   --->   Core 25 'Cmp' <Latency = 0> <II = 1> <Delay = 2.47> <FuncUnit> <Opcode : 'icmp'> <InPorts = 2> <OutPorts = 1>
ST_7 : Operation 65 [1/1] (2.55ns)   --->   "%add_ln958 = add nsw i32 -25, %sub_ln944" [firmware/myproject_axi.cpp:33]   --->   Operation 65 'add' 'add_ln958' <Predicate = (!icmp_ln935)> <Delay = 2.55> <Core = "AddSub">   --->   Core 14 'AddSub' <Latency = 0> <II = 1> <Delay = 3.52> <FuncUnit> <Opcode : 'add' 'sub'> <InPorts = 2> <OutPorts = 1>
ST_7 : Operation 66 [1/1] (2.55ns)   --->   "%sub_ln958 = sub i32 25, %sub_ln944" [firmware/myproject_axi.cpp:33]   --->   Operation 66 'sub' 'sub_ln958' <Predicate = (!icmp_ln935)> <Delay = 2.55> <Core = "AddSub">   --->   Core 14 'AddSub' <Latency = 0> <II = 1> <Delay = 3.52> <FuncUnit> <Opcode : 'add' 'sub'> <InPorts = 2> <OutPorts = 1>

State 8 <SV = 7> <Delay = 3.60>
ST_8 : Operation 67 [1/1] (0.00ns) (grouped into LUT with out node or_ln_i_i)   --->   "%trunc_ln944 = trunc i32 %sub_ln944 to i4" [firmware/myproject_axi.cpp:33]   --->   Operation 67 'trunc' 'trunc_ln944' <Predicate = (!icmp_ln935)> <Delay = 0.00>
ST_8 : Operation 68 [1/1] (2.47ns)   --->   "%icmp_ln947 = icmp sgt i31 %tmp, 0" [firmware/myproject_axi.cpp:33]   --->   Operation 68 'icmp' 'icmp_ln947' <Predicate = (!icmp_ln935)> <Delay = 2.47> <Core = "Cmp">   --->   Core 25 'Cmp' <Latency = 0> <II = 1> <Delay = 2.47> <FuncUnit> <Opcode : 'icmp'> <InPorts = 2> <OutPorts = 1>
ST_8 : Operation 69 [1/1] (0.00ns) (grouped into LUT with out node or_ln_i_i)   --->   "%a = and i1 %icmp_ln947, %icmp_ln947_1" [firmware/myproject_axi.cpp:33]   --->   Operation 69 'and' 'a' <Predicate = (!icmp_ln935)> <Delay = 0.00> <Core = "LogicGate">   --->   Core 27 'LogicGate' <Latency = 0> <II = 1> <Delay = 0.97> <FuncUnit> <Opcode : 'and' 'or' 'xor'> <InPorts = 2> <OutPorts = 1>
ST_8 : Operation 70 [1/1] (0.00ns) (grouped into LUT with out node or_ln_i_i)   --->   "%tmp_8 = call i1 @_ssdm_op_BitSelect.i1.i32.i32(i32 %lsb_index, i32 31)" [firmware/myproject_axi.cpp:33]   --->   Operation 70 'bitselect' 'tmp_8' <Predicate = (!icmp_ln935)> <Delay = 0.00>
ST_8 : Operation 71 [1/1] (0.00ns) (grouped into LUT with out node or_ln_i_i)   --->   "%xor_ln949_1 = xor i1 %tmp_8, true" [firmware/myproject_axi.cpp:33]   --->   Operation 71 'xor' 'xor_ln949_1' <Predicate = (!icmp_ln935)> <Delay = 0.00> <Core = "LogicGate">   --->   Core 27 'LogicGate' <Latency = 0> <II = 1> <Delay = 0.97> <FuncUnit> <Opcode : 'and' 'or' 'xor'> <InPorts = 2> <OutPorts = 1>
ST_8 : Operation 72 [1/1] (0.00ns) (grouped into LUT with out node or_ln_i_i)   --->   "%xor_ln949 = xor i4 %trunc_ln944, -8" [firmware/myproject_axi.cpp:33]   --->   Operation 72 'xor' 'xor_ln949' <Predicate = (!icmp_ln935)> <Delay = 0.00> <Core = "LogicGate">   --->   Core 27 'LogicGate' <Latency = 0> <II = 1> <Delay = 0.97> <FuncUnit> <Opcode : 'and' 'or' 'xor'> <InPorts = 2> <OutPorts = 1>
ST_8 : Operation 73 [1/1] (0.00ns) (grouped into LUT with out node or_ln_i_i)   --->   "%p_Result_3 = call i1 @_ssdm_op_BitSelect.i1.i4.i4(i4 %tmp_V_4, i4 %xor_ln949)" [firmware/myproject_axi.cpp:33]   --->   Operation 73 'bitselect' 'p_Result_3' <Predicate = (!icmp_ln935)> <Delay = 0.00>
ST_8 : Operation 74 [1/1] (0.00ns) (grouped into LUT with out node or_ln_i_i)   --->   "%and_ln949 = and i1 %p_Result_3, %xor_ln949_1" [firmware/myproject_axi.cpp:33]   --->   Operation 74 'and' 'and_ln949' <Predicate = (!icmp_ln935)> <Delay = 0.00> <Core = "LogicGate">   --->   Core 27 'LogicGate' <Latency = 0> <II = 1> <Delay = 0.97> <FuncUnit> <Opcode : 'and' 'or' 'xor'> <InPorts = 2> <OutPorts = 1>
ST_8 : Operation 75 [1/1] (0.00ns) (grouped into LUT with out node or_ln_i_i)   --->   "%or_ln949 = or i1 %and_ln949, %a" [firmware/myproject_axi.cpp:33]   --->   Operation 75 'or' 'or_ln949' <Predicate = (!icmp_ln935)> <Delay = 0.00> <Core = "LogicGate">   --->   Core 27 'LogicGate' <Latency = 0> <II = 1> <Delay = 0.97> <FuncUnit> <Opcode : 'and' 'or' 'xor'> <InPorts = 2> <OutPorts = 1>
ST_8 : Operation 76 [1/1] (0.97ns) (out node of the LUT)   --->   "%or_ln_i_i = call i32 @_ssdm_op_BitConcatenate.i32.i31.i1(i31 0, i1 %or_ln949)" [firmware/myproject_axi.cpp:33]   --->   Operation 76 'bitconcatenate' 'or_ln_i_i' <Predicate = (!icmp_ln935)> <Delay = 0.97>
ST_8 : Operation 77 [1/1] (0.00ns)   --->   "%m = zext i4 %tmp_V_4 to i64" [firmware/myproject_axi.cpp:33]   --->   Operation 77 'zext' 'm' <Predicate = (!icmp_ln935)> <Delay = 0.00>
ST_8 : Operation 78 [1/1] (0.00ns)   --->   "%zext_ln957_1 = zext i4 %tmp_V_4 to i32" [firmware/myproject_axi.cpp:33]   --->   Operation 78 'zext' 'zext_ln957_1' <Predicate = (!icmp_ln935)> <Delay = 0.00>
ST_8 : Operation 79 [1/1] (2.47ns)   --->   "%icmp_ln958 = icmp sgt i32 %lsb_index, 0" [firmware/myproject_axi.cpp:33]   --->   Operation 79 'icmp' 'icmp_ln958' <Predicate = (!icmp_ln935)> <Delay = 2.47> <Core = "Cmp">   --->   Core 25 'Cmp' <Latency = 0> <II = 1> <Delay = 2.47> <FuncUnit> <Opcode : 'icmp'> <InPorts = 2> <OutPorts = 1>
ST_8 : Operation 80 [2/2] (3.60ns)   --->   "%lshr_ln958 = lshr i32 %zext_ln957_1, %add_ln958" [firmware/myproject_axi.cpp:33]   --->   Operation 80 'lshr' 'lshr_ln958' <Predicate = (!icmp_ln935)> <Delay = 3.60> <Core = "ShiftnS">   --->   Core 29 'ShiftnS' <Latency = 1> <II = 1> <Delay = 3.60> <FuncUnit> <Opcode : 'shl' 'lshr' 'ashr'> <InPorts = 2> <OutPorts = 1>
ST_8 : Operation 81 [1/1] (0.00ns)   --->   "%zext_ln958_1 = zext i32 %sub_ln958 to i64" [firmware/myproject_axi.cpp:33]   --->   Operation 81 'zext' 'zext_ln958_1' <Predicate = (!icmp_ln935)> <Delay = 0.00>
ST_8 : Operation 82 [2/2] (3.60ns)   --->   "%shl_ln958 = shl i64 %m, %zext_ln958_1" [firmware/myproject_axi.cpp:33]   --->   Operation 82 'shl' 'shl_ln958' <Predicate = (!icmp_ln935)> <Delay = 3.60> <Core = "ShiftnS">   --->   Core 29 'ShiftnS' <Latency = 1> <II = 1> <Delay = 3.60> <FuncUnit> <Opcode : 'shl' 'lshr' 'ashr'> <InPorts = 2> <OutPorts = 1>

State 9 <SV = 8> <Delay = 3.60>
ST_9 : Operation 83 [1/2] (3.60ns)   --->   "%lshr_ln958 = lshr i32 %zext_ln957_1, %add_ln958" [firmware/myproject_axi.cpp:33]   --->   Operation 83 'lshr' 'lshr_ln958' <Predicate = (!icmp_ln935)> <Delay = 3.60> <Core = "ShiftnS">   --->   Core 29 'ShiftnS' <Latency = 1> <II = 1> <Delay = 3.60> <FuncUnit> <Opcode : 'shl' 'lshr' 'ashr'> <InPorts = 2> <OutPorts = 1>
ST_9 : Operation 84 [1/2] (3.60ns)   --->   "%shl_ln958 = shl i64 %m, %zext_ln958_1" [firmware/myproject_axi.cpp:33]   --->   Operation 84 'shl' 'shl_ln958' <Predicate = (!icmp_ln935)> <Delay = 3.60> <Core = "ShiftnS">   --->   Core 29 'ShiftnS' <Latency = 1> <II = 1> <Delay = 3.60> <FuncUnit> <Opcode : 'shl' 'lshr' 'ashr'> <InPorts = 2> <OutPorts = 1>

State 10 <SV = 9> <Delay = 3.52>
ST_10 : Operation 85 [1/1] (0.00ns) (grouped into LUT with out node m_2)   --->   "%zext_ln958 = zext i32 %lshr_ln958 to i64" [firmware/myproject_axi.cpp:33]   --->   Operation 85 'zext' 'zext_ln958' <Predicate = (icmp_ln958 & !icmp_ln935)> <Delay = 0.00>
ST_10 : Operation 86 [1/1] (0.00ns) (grouped into LUT with out node m_2)   --->   "%m_1 = select i1 %icmp_ln958, i64 %zext_ln958, i64 %shl_ln958" [firmware/myproject_axi.cpp:33]   --->   Operation 86 'select' 'm_1' <Predicate = (!icmp_ln935)> <Delay = 0.00> <Core = "Sel">   --->   Core 26 'Sel' <Latency = 0> <II = 1> <Delay = 0.69> <FuncUnit> <Opcode : 'select'> <InPorts = 3> <OutPorts = 1>
ST_10 : Operation 87 [1/1] (0.00ns) (grouped into LUT with out node m_2)   --->   "%zext_ln961 = zext i32 %or_ln_i_i to i64" [firmware/myproject_axi.cpp:33]   --->   Operation 87 'zext' 'zext_ln961' <Predicate = (!icmp_ln935)> <Delay = 0.00>
ST_10 : Operation 88 [1/1] (3.52ns) (out node of the LUT)   --->   "%m_2 = add i64 %zext_ln961, %m_1" [firmware/myproject_axi.cpp:33]   --->   Operation 88 'add' 'm_2' <Predicate = (!icmp_ln935)> <Delay = 3.52> <Core = "AddSub">   --->   Core 14 'AddSub' <Latency = 0> <II = 1> <Delay = 3.52> <FuncUnit> <Opcode : 'add' 'sub'> <InPorts = 2> <OutPorts = 1>
ST_10 : Operation 89 [1/1] (0.00ns)   --->   "%m_5 = call i63 @_ssdm_op_PartSelect.i63.i64.i32.i32(i64 %m_2, i32 1, i32 63)" [firmware/myproject_axi.cpp:33]   --->   Operation 89 'partselect' 'm_5' <Predicate = (!icmp_ln935)> <Delay = 0.00>
ST_10 : Operation 90 [1/1] (0.00ns)   --->   "%tmp_9 = call i1 @_ssdm_op_BitSelect.i1.i64.i32(i64 %m_2, i32 25)" [firmware/myproject_axi.cpp:33]   --->   Operation 90 'bitselect' 'tmp_9' <Predicate = (!icmp_ln935)> <Delay = 0.00>

State 11 <SV = 10> <Delay = 1.24>
ST_11 : Operation 91 [1/1] (1.24ns)   --->   "%select_ln964 = select i1 %tmp_9, i8 127, i8 126" [firmware/myproject_axi.cpp:33]   --->   Operation 91 'select' 'select_ln964' <Predicate = (!icmp_ln935)> <Delay = 1.24> <Core = "Sel">   --->   Core 26 'Sel' <Latency = 0> <II = 1> <Delay = 0.69> <FuncUnit> <Opcode : 'select'> <InPorts = 3> <OutPorts = 1>

State 12 <SV = 11> <Delay = 4.36>
ST_12 : Operation 92 [1/1] (0.00ns)   --->   "%m_6 = zext i63 %m_5 to i64" [firmware/myproject_axi.cpp:33]   --->   Operation 92 'zext' 'm_6' <Predicate = (!icmp_ln935)> <Delay = 0.00>
ST_12 : Operation 93 [1/1] (0.00ns) (grouped into TernaryAdder)   --->   "%sub_ln964 = sub i8 2, %trunc_ln943" [firmware/myproject_axi.cpp:33]   --->   Operation 93 'sub' 'sub_ln964' <Predicate = (!icmp_ln935)> <Delay = 0.00> <Core = "TAddSub">   --->   Core 83 'TAddSub' <Latency = 0> <II = 1> <Delay = 1.83> <IPBlock> <Opcode : 'add' 'sub'> <InPorts = 3> <OutPorts = 1> <Sync> <CReg>
ST_12 : Operation 94 [1/1] (3.66ns) (root node of TernaryAdder)   --->   "%add_ln964 = add i8 %sub_ln964, %select_ln964" [firmware/myproject_axi.cpp:33]   --->   Operation 94 'add' 'add_ln964' <Predicate = (!icmp_ln935)> <Delay = 3.66> <Core = "TAddSub">   --->   Core 83 'TAddSub' <Latency = 0> <II = 1> <Delay = 1.83> <IPBlock> <Opcode : 'add' 'sub'> <InPorts = 3> <OutPorts = 1> <Sync> <CReg>
ST_12 : Operation 95 [1/1] (0.00ns)   --->   "%tmp_4316_i_i = call i9 @_ssdm_op_BitConcatenate.i9.i1.i8(i1 %p_Result_6, i8 %add_ln964)" [firmware/myproject_axi.cpp:33]   --->   Operation 95 'bitconcatenate' 'tmp_4316_i_i' <Predicate = (!icmp_ln935)> <Delay = 0.00>
ST_12 : Operation 96 [1/1] (0.00ns)   --->   "%p_Result_8 = call i64 @_ssdm_op_PartSet.i64.i64.i9.i32.i32(i64 %m_6, i9 %tmp_4316_i_i, i32 23, i32 31)" [firmware/myproject_axi.cpp:33]   --->   Operation 96 'partset' 'p_Result_8' <Predicate = (!icmp_ln935)> <Delay = 0.00>
ST_12 : Operation 97 [1/1] (0.00ns)   --->   "%trunc_ln738 = trunc i64 %p_Result_8 to i32" [firmware/myproject_axi.cpp:33]   --->   Operation 97 'trunc' 'trunc_ln738' <Predicate = (!icmp_ln935)> <Delay = 0.00>
ST_12 : Operation 98 [1/1] (0.00ns)   --->   "%bitcast_ln739 = bitcast i32 %trunc_ln738 to float" [firmware/myproject_axi.cpp:33]   --->   Operation 98 'bitcast' 'bitcast_ln739' <Predicate = (!icmp_ln935)> <Delay = 0.00>
ST_12 : Operation 99 [1/1] (0.69ns)   --->   "%select_ln935 = select i1 %icmp_ln935, float 0.000000e+00, float %bitcast_ln739" [firmware/myproject_axi.cpp:33]   --->   Operation 99 'select' 'select_ln935' <Predicate = true> <Delay = 0.69> <Core = "Sel">   --->   Core 26 'Sel' <Latency = 0> <II = 1> <Delay = 0.69> <FuncUnit> <Opcode : 'select'> <InPorts = 3> <OutPorts = 1>
ST_12 : Operation 100 [2/2] (0.00ns)   --->   "call void @_ssdm_op_Write.axis.volatile.i1P.floatP(i1* %out_last_V, float* %out_data, i1 %last, float %select_ln935)" [firmware/myproject_axi.h:23->firmware/myproject_axi.cpp:33]   --->   Operation 100 'write' <Predicate = true> <Delay = 0.00> <Core = "AXI4Stream">   --->   Core 5 'AXI4Stream' <Latency = 0> <II = 1> <Delay = 1.00> <Adapter> <Opcode : >

State 13 <SV = 12> <Delay = 0.00>
ST_13 : Operation 101 [1/2] (0.00ns)   --->   "call void @_ssdm_op_Write.axis.volatile.i1P.floatP(i1* %out_last_V, float* %out_data, i1 %last, float %select_ln935)" [firmware/myproject_axi.h:23->firmware/myproject_axi.cpp:33]   --->   Operation 101 'write' <Predicate = true> <Delay = 0.00> <Core = "AXI4Stream">   --->   Core 5 'AXI4Stream' <Latency = 0> <II = 1> <Delay = 1.00> <Adapter> <Opcode : >
ST_13 : Operation 102 [1/1] (0.00ns)   --->   "br label %0" [firmware/myproject_axi.cpp:31]   --->   Operation 102 'br' <Predicate = true> <Delay = 0.00>


============================================================
+ Verbose Summary: Timing violations
============================================================
Target clock period: 5ns, clock uncertainty: 0.625ns.

 <State 1>: 2.19ns
The critical path consists of the following:
	fifo read on port 'is_last_0_i_loc' [14]  (2.19 ns)

 <State 2>: 2.19ns
The critical path consists of the following:
	fifo read on port 'out_local_V_data_0_V' (firmware/myproject_axi.cpp:30) [23]  (2.19 ns)

 <State 3>: 4.02ns
The critical path consists of the following:
	'phi' operation ('j') with incoming values : ('j', firmware/myproject_axi.cpp:31) [32]  (0 ns)
	'add' operation ('add_ln32', firmware/myproject_axi.cpp:32) [39]  (1.81 ns)
	'icmp' operation ('icmp_ln32', firmware/myproject_axi.cpp:32) [40]  (2.21 ns)

 <State 4>: 2.76ns
The critical path consists of the following:
	'sub' operation ('tmp.V', firmware/myproject_axi.cpp:33) [46]  (1.74 ns)
	'select' operation ('tmp.V', firmware/myproject_axi.cpp:33) [47]  (1.02 ns)

 <State 5>: 3.4ns
The critical path consists of the following:
	'cttz' operation ('l', firmware/myproject_axi.cpp:33) [50]  (3.4 ns)

 <State 6>: 2.55ns
The critical path consists of the following:
	'sub' operation ('sub_ln944', firmware/myproject_axi.cpp:33) [51]  (2.55 ns)

 <State 7>: 3.78ns
The critical path consists of the following:
	'sub' operation ('sub_ln947', firmware/myproject_axi.cpp:33) [57]  (1.65 ns)
	'lshr' operation ('lshr_ln947', firmware/myproject_axi.cpp:33) [59]  (0 ns)
	'and' operation ('__Result__', firmware/myproject_axi.cpp:33) [60]  (0 ns)
	'icmp' operation ('icmp_ln947_1', firmware/myproject_axi.cpp:33) [61]  (2.13 ns)

 <State 8>: 3.61ns
The critical path consists of the following:
	'shl' operation ('shl_ln958', firmware/myproject_axi.cpp:33) [78]  (3.61 ns)

 <State 9>: 3.61ns
The critical path consists of the following:
	'lshr' operation ('lshr_ln958', firmware/myproject_axi.cpp:33) [74]  (3.61 ns)

 <State 10>: 3.52ns
The critical path consists of the following:
	'select' operation ('m', firmware/myproject_axi.cpp:33) [79]  (0 ns)
	'add' operation ('m', firmware/myproject_axi.cpp:33) [81]  (3.52 ns)

 <State 11>: 1.25ns
The critical path consists of the following:
	'select' operation ('select_ln964', firmware/myproject_axi.cpp:33) [85]  (1.25 ns)

 <State 12>: 4.37ns
The critical path consists of the following:
	'sub' operation ('sub_ln964', firmware/myproject_axi.cpp:33) [87]  (0 ns)
	'add' operation ('add_ln964', firmware/myproject_axi.cpp:33) [88]  (3.67 ns)
	'select' operation ('select_ln935', firmware/myproject_axi.cpp:33) [93]  (0.698 ns)

 <State 13>: 0ns
The critical path consists of the following:


============================================================
+ Verbose Summary: Binding
============================================================
N/A
* FSMD analyzer results:
  - Output states:
 - Input state : 
  - Chain level:
	State 1
	State 2
	State 3
	State 4
	State 5
	State 6
	State 7
	State 8
	State 9
	State 10
	State 11
	State 12
	State 13


============================================================
+ Verbose Summary: Datapath Resource usage 
============================================================
N/A
