

================================================================
== Vivado HLS Report for 'normalize_array_ap_fixed_4u_array_ap_fixed_4_2_5_3_0_4u_config24_s'
================================================================
* Date:           Sun May 25 15:18:39 2025

* Version:        2020.1 (Build 2897737 on Wed May 27 20:21:37 MDT 2020)
* Project:        myproject_prj
* Solution:       solution1
* Product family: zynq
* Target device:  xc7z020-clg400-1


================================================================
== Performance Estimates
================================================================
+ Timing: 
    * Summary: 
    +--------+---------+----------+------------+
    |  Clock |  Target | Estimated| Uncertainty|
    +--------+---------+----------+------------+
    |ap_clk  | 5.00 ns | 3.923 ns |   0.62 ns  |
    +--------+---------+----------+------------+

+ Latency: 
    * Summary: 
    +---------+---------+-----------+-----------+------+------+---------+
    |  Latency (cycles) |   Latency (absolute)  |   Interval  | Pipeline|
    |   min   |   max   |    min    |    max    |  min |  max |   Type  |
    +---------+---------+-----------+-----------+------+------+---------+
    |     4099|     4099| 20.495 us | 20.495 us |  4099|  4099|   none  |
    +---------+---------+-----------+-----------+------+------+---------+

    + Detail: 
        * Instance: 
        N/A

        * Loop: 
        +-----------------+---------+---------+----------+-----------+-----------+------+----------+
        |                 |  Latency (cycles) | Iteration|  Initiation Interval  | Trip |          |
        |    Loop Name    |   min   |   max   |  Latency |  achieved |   target  | Count| Pipelined|
        +-----------------+---------+---------+----------+-----------+-----------+------+----------+
        |- BatchNormLoop  |     4097|     4097|         3|          1|          1|  4096|    yes   |
        +-----------------+---------+---------+----------+-----------+-----------+------+----------+

============================================================
+ Verbose Summary: Synthesis Manager
============================================================
InlineROM: 1
ExposeGlobal: 0
============================================================
+ Verbose Summary: CDFG Model
============================================================
IsTopModel: 0
ResetActiveHigh: 1
IsCombinational: 2
IsDatapathOnly: 0
HasWiredReturn: 1
HasMFsm: 0
HasVarLatency: 1
IsPipeline: 0
IsRtlPipelined: 0
IsInstanceOverlapped: 0
IsDontTouch: 0
HasImplIP: 0
IsGatedGlobalClock: 0

+ Individual pipeline summary: 
  * Pipeline-0: initiation interval (II) = 1, depth = 3


============================================================
+ Verbose Summary: Schedule
============================================================
* Number of FSM states : 5
* Pipeline : 1
  Pipeline-0 : II = 1, D = 3, States = { 2 3 4 }
* Dataflow Pipeline: 0

* FSM state transitions: 
1 --> 2 
2 --> 5 3 
3 --> 4 
4 --> 2 
5 --> 

* FSM state operations: 

State 1 <SV = 0> <Delay = 1.76>
ST_1 : Operation 6 [1/1] (0.00ns)   --->   "call void (...)* @_ssdm_op_SpecInterface(i4* %data_V_data_3_V, [8 x i8]* @ap_fifo_str, i32 0, i32 0, [1 x i8]* @p_str, i32 0, i32 0, [1 x i8]* @p_str, [1 x i8]* @p_str, [1 x i8]* @p_str, i32 2, i32 2, i32 16, i32 16, [1 x i8]* @p_str, [1 x i8]* @p_str)"   --->   Operation 6 'specinterface' <Predicate = true> <Delay = 0.00>
ST_1 : Operation 7 [1/1] (0.00ns)   --->   "call void (...)* @_ssdm_op_SpecInterface(i4* %data_V_data_2_V, [8 x i8]* @ap_fifo_str, i32 0, i32 0, [1 x i8]* @p_str, i32 0, i32 0, [1 x i8]* @p_str, [1 x i8]* @p_str, [1 x i8]* @p_str, i32 2, i32 2, i32 16, i32 16, [1 x i8]* @p_str, [1 x i8]* @p_str)"   --->   Operation 7 'specinterface' <Predicate = true> <Delay = 0.00>
ST_1 : Operation 8 [1/1] (0.00ns)   --->   "call void (...)* @_ssdm_op_SpecInterface(i4* %data_V_data_1_V, [8 x i8]* @ap_fifo_str, i32 0, i32 0, [1 x i8]* @p_str, i32 0, i32 0, [1 x i8]* @p_str, [1 x i8]* @p_str, [1 x i8]* @p_str, i32 2, i32 2, i32 16, i32 16, [1 x i8]* @p_str, [1 x i8]* @p_str)"   --->   Operation 8 'specinterface' <Predicate = true> <Delay = 0.00>
ST_1 : Operation 9 [1/1] (0.00ns)   --->   "call void (...)* @_ssdm_op_SpecInterface(i4* %data_V_data_0_V, [8 x i8]* @ap_fifo_str, i32 0, i32 0, [1 x i8]* @p_str, i32 0, i32 0, [1 x i8]* @p_str, [1 x i8]* @p_str, [1 x i8]* @p_str, i32 2, i32 2, i32 16, i32 16, [1 x i8]* @p_str, [1 x i8]* @p_str)"   --->   Operation 9 'specinterface' <Predicate = true> <Delay = 0.00>
ST_1 : Operation 10 [1/1] (0.00ns)   --->   "call void (...)* @_ssdm_op_SpecInterface(i4* %res_V_data_0_V, [8 x i8]* @ap_fifo_str, i32 0, i32 0, [1 x i8]* @p_str, i32 0, i32 0, [1 x i8]* @p_str, [1 x i8]* @p_str, [1 x i8]* @p_str, i32 2, i32 2, i32 16, i32 16, [1 x i8]* @p_str, [1 x i8]* @p_str)"   --->   Operation 10 'specinterface' <Predicate = true> <Delay = 0.00>
ST_1 : Operation 11 [1/1] (0.00ns)   --->   "call void (...)* @_ssdm_op_SpecInterface(i4* %res_V_data_1_V, [8 x i8]* @ap_fifo_str, i32 0, i32 0, [1 x i8]* @p_str, i32 0, i32 0, [1 x i8]* @p_str, [1 x i8]* @p_str, [1 x i8]* @p_str, i32 2, i32 2, i32 16, i32 16, [1 x i8]* @p_str, [1 x i8]* @p_str)"   --->   Operation 11 'specinterface' <Predicate = true> <Delay = 0.00>
ST_1 : Operation 12 [1/1] (0.00ns)   --->   "call void (...)* @_ssdm_op_SpecInterface(i4* %res_V_data_2_V, [8 x i8]* @ap_fifo_str, i32 0, i32 0, [1 x i8]* @p_str, i32 0, i32 0, [1 x i8]* @p_str, [1 x i8]* @p_str, [1 x i8]* @p_str, i32 2, i32 2, i32 16, i32 16, [1 x i8]* @p_str, [1 x i8]* @p_str)"   --->   Operation 12 'specinterface' <Predicate = true> <Delay = 0.00>
ST_1 : Operation 13 [1/1] (0.00ns)   --->   "call void (...)* @_ssdm_op_SpecInterface(i4* %res_V_data_3_V, [8 x i8]* @ap_fifo_str, i32 0, i32 0, [1 x i8]* @p_str, i32 0, i32 0, [1 x i8]* @p_str, [1 x i8]* @p_str, [1 x i8]* @p_str, i32 2, i32 2, i32 16, i32 16, [1 x i8]* @p_str, [1 x i8]* @p_str)"   --->   Operation 13 'specinterface' <Predicate = true> <Delay = 0.00>
ST_1 : Operation 14 [1/1] (0.00ns)   --->   "call void (...)* @_ssdm_op_SpecResourceLimit(i32 16384, [4 x i8]* @p_str68, [1 x i8]* @p_str35, [1 x i8]* @p_str35, [1 x i8]* @p_str35) nounwind" [firmware/nnet_utils/nnet_batchnorm_stream.h:22]   --->   Operation 14 'specresourcelimit' <Predicate = true> <Delay = 0.00>
ST_1 : Operation 15 [1/1] (1.76ns)   --->   "br label %1" [firmware/nnet_utils/nnet_batchnorm_stream.h:25]   --->   Operation 15 'br' <Predicate = true> <Delay = 1.76>

State 2 <SV = 1> <Delay = 2.09>
ST_2 : Operation 16 [1/1] (0.00ns)   --->   "%i_0 = phi i13 [ 0, %0 ], [ %i, %BatchNormLoop ]"   --->   Operation 16 'phi' 'i_0' <Predicate = true> <Delay = 0.00>
ST_2 : Operation 17 [1/1] (2.09ns)   --->   "%icmp_ln25 = icmp eq i13 %i_0, -4096" [firmware/nnet_utils/nnet_batchnorm_stream.h:25]   --->   Operation 17 'icmp' 'icmp_ln25' <Predicate = true> <Delay = 2.09> <Core = "Cmp">   --->   Core 25 'Cmp' <Latency = 0> <II = 1> <Delay = 2.09> <FuncUnit> <Opcode : 'icmp'> <InPorts = 2> <OutPorts = 1>
ST_2 : Operation 18 [1/1] (0.00ns)   --->   "%empty = call i32 (...)* @_ssdm_op_SpecLoopTripCount(i64 4096, i64 4096, i64 4096)"   --->   Operation 18 'speclooptripcount' 'empty' <Predicate = true> <Delay = 0.00>
ST_2 : Operation 19 [1/1] (1.67ns)   --->   "%i = add i13 %i_0, 1" [firmware/nnet_utils/nnet_batchnorm_stream.h:25]   --->   Operation 19 'add' 'i' <Predicate = true> <Delay = 1.67> <Core = "AddSub">   --->   Core 14 'AddSub' <Latency = 0> <II = 1> <Delay = 1.73> <FuncUnit> <Opcode : 'add' 'sub'> <InPorts = 2> <OutPorts = 1>
ST_2 : Operation 20 [1/1] (0.00ns)   --->   "br i1 %icmp_ln25, label %2, label %BatchNormLoop" [firmware/nnet_utils/nnet_batchnorm_stream.h:25]   --->   Operation 20 'br' <Predicate = true> <Delay = 0.00>

State 3 <SV = 2> <Delay = 3.92>
ST_3 : Operation 21 [1/1] (2.18ns)   --->   "%empty_123 = call { i4, i4, i4, i4 } @_ssdm_op_Read.ap_fifo.volatile.i4P.i4P.i4P.i4P(i4* %data_V_data_0_V, i4* %data_V_data_1_V, i4* %data_V_data_2_V, i4* %data_V_data_3_V)" [firmware/nnet_utils/nnet_batchnorm_stream.h:28]   --->   Operation 21 'read' 'empty_123' <Predicate = (!icmp_ln25)> <Delay = 2.18> <Core = "FIFO">   --->   Core 32 'FIFO' <Latency = 0> <II = 1> <Delay = 3.63> <Storage> <Opcode : 'read' 'write' 'nbread' 'nbwrite'> <Ports = 0> <Width = 4> <Depth = 3> <FIFO>
ST_3 : Operation 22 [1/1] (0.00ns) (grouped into LUT with out node add_ln1192)   --->   "%tmp_data_0_V = extractvalue { i4, i4, i4, i4 } %empty_123, 0" [firmware/nnet_utils/nnet_batchnorm_stream.h:28]   --->   Operation 22 'extractvalue' 'tmp_data_0_V' <Predicate = (!icmp_ln25)> <Delay = 0.00>
ST_3 : Operation 23 [1/1] (0.00ns) (grouped into LUT with out node add_ln1192_7)   --->   "%tmp_data_1_V = extractvalue { i4, i4, i4, i4 } %empty_123, 1" [firmware/nnet_utils/nnet_batchnorm_stream.h:28]   --->   Operation 23 'extractvalue' 'tmp_data_1_V' <Predicate = (!icmp_ln25)> <Delay = 0.00>
ST_3 : Operation 24 [1/1] (0.00ns) (grouped into LUT with out node add_ln1192_8)   --->   "%tmp_data_2_V = extractvalue { i4, i4, i4, i4 } %empty_123, 2" [firmware/nnet_utils/nnet_batchnorm_stream.h:28]   --->   Operation 24 'extractvalue' 'tmp_data_2_V' <Predicate = (!icmp_ln25)> <Delay = 0.00>
ST_3 : Operation 25 [1/1] (0.00ns) (grouped into LUT with out node add_ln1192_9)   --->   "%tmp_data_3_V = extractvalue { i4, i4, i4, i4 } %empty_123, 3" [firmware/nnet_utils/nnet_batchnorm_stream.h:28]   --->   Operation 25 'extractvalue' 'tmp_data_3_V' <Predicate = (!icmp_ln25)> <Delay = 0.00>
ST_3 : Operation 26 [1/1] (0.00ns) (grouped into LUT with out node add_ln1192)   --->   "%sext_ln1192 = sext i4 %tmp_data_0_V to i5" [firmware/nnet_utils/nnet_batchnorm_stream.h:42]   --->   Operation 26 'sext' 'sext_ln1192' <Predicate = (!icmp_ln25)> <Delay = 0.00>
ST_3 : Operation 27 [1/1] (1.73ns) (out node of the LUT)   --->   "%add_ln1192 = add i5 %sext_ln1192, -4" [firmware/nnet_utils/nnet_batchnorm_stream.h:42]   --->   Operation 27 'add' 'add_ln1192' <Predicate = (!icmp_ln25)> <Delay = 1.73> <Core = "AddSub">   --->   Core 14 'AddSub' <Latency = 0> <II = 1> <Delay = 1.73> <FuncUnit> <Opcode : 'add' 'sub'> <InPorts = 2> <OutPorts = 1>
ST_3 : Operation 28 [1/1] (0.00ns)   --->   "%trunc_ln = call i3 @_ssdm_op_PartSelect.i3.i5.i32.i32(i5 %add_ln1192, i32 2, i32 4)" [firmware/nnet_utils/nnet_batchnorm_stream.h:42]   --->   Operation 28 'partselect' 'trunc_ln' <Predicate = (!icmp_ln25)> <Delay = 0.00>
ST_3 : Operation 29 [1/1] (0.00ns) (grouped into LUT with out node add_ln1192_7)   --->   "%sext_ln1192_6 = sext i4 %tmp_data_1_V to i5" [firmware/nnet_utils/nnet_batchnorm_stream.h:42]   --->   Operation 29 'sext' 'sext_ln1192_6' <Predicate = (!icmp_ln25)> <Delay = 0.00>
ST_3 : Operation 30 [1/1] (1.73ns) (out node of the LUT)   --->   "%add_ln1192_7 = add i5 %sext_ln1192_6, -4" [firmware/nnet_utils/nnet_batchnorm_stream.h:42]   --->   Operation 30 'add' 'add_ln1192_7' <Predicate = (!icmp_ln25)> <Delay = 1.73> <Core = "AddSub">   --->   Core 14 'AddSub' <Latency = 0> <II = 1> <Delay = 1.73> <FuncUnit> <Opcode : 'add' 'sub'> <InPorts = 2> <OutPorts = 1>
ST_3 : Operation 31 [1/1] (0.00ns)   --->   "%trunc_ln708_7 = call i3 @_ssdm_op_PartSelect.i3.i5.i32.i32(i5 %add_ln1192_7, i32 2, i32 4)" [firmware/nnet_utils/nnet_batchnorm_stream.h:42]   --->   Operation 31 'partselect' 'trunc_ln708_7' <Predicate = (!icmp_ln25)> <Delay = 0.00>
ST_3 : Operation 32 [1/1] (0.00ns) (grouped into LUT with out node add_ln1192_8)   --->   "%sext_ln1192_7 = sext i4 %tmp_data_2_V to i5" [firmware/nnet_utils/nnet_batchnorm_stream.h:42]   --->   Operation 32 'sext' 'sext_ln1192_7' <Predicate = (!icmp_ln25)> <Delay = 0.00>
ST_3 : Operation 33 [1/1] (1.73ns) (out node of the LUT)   --->   "%add_ln1192_8 = add i5 %sext_ln1192_7, -4" [firmware/nnet_utils/nnet_batchnorm_stream.h:42]   --->   Operation 33 'add' 'add_ln1192_8' <Predicate = (!icmp_ln25)> <Delay = 1.73> <Core = "AddSub">   --->   Core 14 'AddSub' <Latency = 0> <II = 1> <Delay = 1.73> <FuncUnit> <Opcode : 'add' 'sub'> <InPorts = 2> <OutPorts = 1>
ST_3 : Operation 34 [1/1] (0.00ns)   --->   "%trunc_ln708_8 = call i3 @_ssdm_op_PartSelect.i3.i5.i32.i32(i5 %add_ln1192_8, i32 2, i32 4)" [firmware/nnet_utils/nnet_batchnorm_stream.h:42]   --->   Operation 34 'partselect' 'trunc_ln708_8' <Predicate = (!icmp_ln25)> <Delay = 0.00>
ST_3 : Operation 35 [1/1] (0.00ns) (grouped into LUT with out node add_ln1192_9)   --->   "%sext_ln1192_8 = sext i4 %tmp_data_3_V to i5" [firmware/nnet_utils/nnet_batchnorm_stream.h:42]   --->   Operation 35 'sext' 'sext_ln1192_8' <Predicate = (!icmp_ln25)> <Delay = 0.00>
ST_3 : Operation 36 [1/1] (1.73ns) (out node of the LUT)   --->   "%add_ln1192_9 = add i5 %sext_ln1192_8, -4" [firmware/nnet_utils/nnet_batchnorm_stream.h:42]   --->   Operation 36 'add' 'add_ln1192_9' <Predicate = (!icmp_ln25)> <Delay = 1.73> <Core = "AddSub">   --->   Core 14 'AddSub' <Latency = 0> <II = 1> <Delay = 1.73> <FuncUnit> <Opcode : 'add' 'sub'> <InPorts = 2> <OutPorts = 1>
ST_3 : Operation 37 [1/1] (0.00ns)   --->   "%trunc_ln708_9 = call i3 @_ssdm_op_PartSelect.i3.i5.i32.i32(i5 %add_ln1192_9, i32 2, i32 4)" [firmware/nnet_utils/nnet_batchnorm_stream.h:42]   --->   Operation 37 'partselect' 'trunc_ln708_9' <Predicate = (!icmp_ln25)> <Delay = 0.00>

State 4 <SV = 3> <Delay = 2.18>
ST_4 : Operation 38 [1/1] (0.00ns)   --->   "call void (...)* @_ssdm_op_SpecLoopName([14 x i8]* @p_str69) nounwind" [firmware/nnet_utils/nnet_batchnorm_stream.h:25]   --->   Operation 38 'specloopname' <Predicate = (!icmp_ln25)> <Delay = 0.00>
ST_4 : Operation 39 [1/1] (0.00ns)   --->   "%tmp = call i32 (...)* @_ssdm_op_SpecRegionBegin([14 x i8]* @p_str69)" [firmware/nnet_utils/nnet_batchnorm_stream.h:25]   --->   Operation 39 'specregionbegin' 'tmp' <Predicate = (!icmp_ln25)> <Delay = 0.00>
ST_4 : Operation 40 [1/1] (0.00ns)   --->   "call void (...)* @_ssdm_op_SpecPipeline(i32 1, i32 1, i32 1, i32 0, [1 x i8]* @p_str35) nounwind" [firmware/nnet_utils/nnet_batchnorm_stream.h:26]   --->   Operation 40 'specpipeline' <Predicate = (!icmp_ln25)> <Delay = 0.00>
ST_4 : Operation 41 [1/1] (0.00ns)   --->   "%tmp_data_0_V_39 = sext i3 %trunc_ln to i4" [firmware/nnet_utils/nnet_batchnorm_stream.h:42]   --->   Operation 41 'sext' 'tmp_data_0_V_39' <Predicate = (!icmp_ln25)> <Delay = 0.00>
ST_4 : Operation 42 [1/1] (0.00ns)   --->   "%tmp_data_1_V_39 = sext i3 %trunc_ln708_7 to i4" [firmware/nnet_utils/nnet_batchnorm_stream.h:42]   --->   Operation 42 'sext' 'tmp_data_1_V_39' <Predicate = (!icmp_ln25)> <Delay = 0.00>
ST_4 : Operation 43 [1/1] (0.00ns)   --->   "%tmp_data_2_V_39 = sext i3 %trunc_ln708_8 to i4" [firmware/nnet_utils/nnet_batchnorm_stream.h:42]   --->   Operation 43 'sext' 'tmp_data_2_V_39' <Predicate = (!icmp_ln25)> <Delay = 0.00>
ST_4 : Operation 44 [1/1] (0.00ns)   --->   "%tmp_data_3_V_39 = sext i3 %trunc_ln708_9 to i4" [firmware/nnet_utils/nnet_batchnorm_stream.h:42]   --->   Operation 44 'sext' 'tmp_data_3_V_39' <Predicate = (!icmp_ln25)> <Delay = 0.00>
ST_4 : Operation 45 [1/1] (2.18ns)   --->   "call void @_ssdm_op_Write.ap_fifo.volatile.i4P.i4P.i4P.i4P(i4* %res_V_data_0_V, i4* %res_V_data_1_V, i4* %res_V_data_2_V, i4* %res_V_data_3_V, i4 %tmp_data_0_V_39, i4 %tmp_data_1_V_39, i4 %tmp_data_2_V_39, i4 %tmp_data_3_V_39)" [firmware/nnet_utils/nnet_batchnorm_stream.h:46]   --->   Operation 45 'write' <Predicate = (!icmp_ln25)> <Delay = 2.18> <Core = "FIFO">   --->   Core 32 'FIFO' <Latency = 0> <II = 1> <Delay = 3.63> <Storage> <Opcode : 'read' 'write' 'nbread' 'nbwrite'> <Ports = 0> <Width = 4> <Depth = 3> <FIFO>
ST_4 : Operation 46 [1/1] (0.00ns)   --->   "%empty_124 = call i32 (...)* @_ssdm_op_SpecRegionEnd([14 x i8]* @p_str69, i32 %tmp)" [firmware/nnet_utils/nnet_batchnorm_stream.h:47]   --->   Operation 46 'specregionend' 'empty_124' <Predicate = (!icmp_ln25)> <Delay = 0.00>
ST_4 : Operation 47 [1/1] (0.00ns)   --->   "br label %1" [firmware/nnet_utils/nnet_batchnorm_stream.h:25]   --->   Operation 47 'br' <Predicate = (!icmp_ln25)> <Delay = 0.00>

State 5 <SV = 2> <Delay = 0.00>
ST_5 : Operation 48 [1/1] (0.00ns)   --->   "ret void" [firmware/nnet_utils/nnet_batchnorm_stream.h:48]   --->   Operation 48 'ret' <Predicate = true> <Delay = 0.00>


============================================================
+ Verbose Summary: Timing violations
============================================================
Target clock period: 5ns, clock uncertainty: 0.625ns.

 <State 1>: 1.77ns
The critical path consists of the following:
	multiplexor before 'phi' operation ('i') with incoming values : ('i', firmware/nnet_utils/nnet_batchnorm_stream.h:25) [20]  (1.77 ns)

 <State 2>: 2.1ns
The critical path consists of the following:
	'phi' operation ('i') with incoming values : ('i', firmware/nnet_utils/nnet_batchnorm_stream.h:25) [20]  (0 ns)
	'icmp' operation ('icmp_ln25', firmware/nnet_utils/nnet_batchnorm_stream.h:25) [21]  (2.1 ns)

 <State 3>: 3.92ns
The critical path consists of the following:
	fifo read on port 'data_V_data_0_V' (firmware/nnet_utils/nnet_batchnorm_stream.h:28) [29]  (2.19 ns)
	'add' operation ('add_ln1192', firmware/nnet_utils/nnet_batchnorm_stream.h:42) [35]  (1.74 ns)

 <State 4>: 2.19ns
The critical path consists of the following:
	fifo write on port 'res_V_data_0_V' (firmware/nnet_utils/nnet_batchnorm_stream.h:46) [50]  (2.19 ns)

 <State 5>: 0ns
The critical path consists of the following:


============================================================
+ Verbose Summary: Binding
============================================================
N/A
* FSMD analyzer results:
  - Output states:
 - Input state : 
  - Chain level:
	State 1
	State 2
	State 3
	State 4
	State 5


============================================================
+ Verbose Summary: Datapath Resource usage 
============================================================
N/A
