

================================================================
== Vivado HLS Report for 'relu_array_ap_fixed_32u_array_ap_fixed_4_2_5_3_0_32u_relu_config4_s'
================================================================
* Date:           Sun May 25 00:19:43 2025

* Version:        2020.1 (Build 2897737 on Wed May 27 20:21:37 MDT 2020)
* Project:        myproject_prj
* Solution:       solution1
* Product family: zynq
* Target device:  xc7z020-clg400-1


================================================================
== Performance Estimates
================================================================
+ Timing: 
    * Summary: 
    +--------+---------+----------+------------+
    |  Clock |  Target | Estimated| Uncertainty|
    +--------+---------+----------+------------+
    |ap_clk  | 5.00 ns | 3.490 ns |   0.62 ns  |
    +--------+---------+----------+------------+

+ Latency: 
    * Summary: 
    +---------+---------+----------+----------+------+------+---------+
    |  Latency (cycles) |  Latency (absolute) |   Interval  | Pipeline|
    |   min   |   max   |    min   |    max   |  min |  max |   Type  |
    +---------+---------+----------+----------+------+------+---------+
    |     1027|     1027| 5.135 us | 5.135 us |  1027|  1027|   none  |
    +---------+---------+----------+----------+------+------+---------+

    + Detail: 
        * Instance: 
        N/A

        * Loop: 
        +---------------+---------+---------+----------+-----------+-----------+------+----------+
        |               |  Latency (cycles) | Iteration|  Initiation Interval  | Trip |          |
        |   Loop Name   |   min   |   max   |  Latency |  achieved |   target  | Count| Pipelined|
        +---------------+---------+---------+----------+-----------+-----------+------+----------+
        |- ReLUActLoop  |     1025|     1025|         3|          1|          1|  1024|    yes   |
        +---------------+---------+---------+----------+-----------+-----------+------+----------+

============================================================
+ Verbose Summary: Synthesis Manager
============================================================
InlineROM: 1
ExposeGlobal: 0
============================================================
+ Verbose Summary: CDFG Model
============================================================
IsTopModel: 0
ResetActiveHigh: 1
IsCombinational: 2
IsDatapathOnly: 0
HasWiredReturn: 1
HasMFsm: 0
HasVarLatency: 1
IsPipeline: 0
IsRtlPipelined: 0
IsInstanceOverlapped: 0
IsDontTouch: 0
HasImplIP: 0
IsGatedGlobalClock: 0

+ Individual pipeline summary: 
  * Pipeline-0: initiation interval (II) = 1, depth = 3


============================================================
+ Verbose Summary: Schedule
============================================================
* Number of FSM states : 5
* Pipeline : 1
  Pipeline-0 : II = 1, D = 3, States = { 2 3 4 }
* Dataflow Pipeline: 0

* FSM state transitions: 
1 --> 2 
2 --> 5 3 
3 --> 4 
4 --> 2 
5 --> 

* FSM state operations: 

State 1 <SV = 0> <Delay = 1.76>
ST_1 : Operation 6 [1/1] (0.00ns)   --->   "call void (...)* @_ssdm_op_SpecInterface(i4* %res_V_data_31_V, [8 x i8]* @ap_fifo_str, i32 0, i32 0, [1 x i8]* @p_str, i32 0, i32 0, [1 x i8]* @p_str, [1 x i8]* @p_str, [1 x i8]* @p_str, i32 2, i32 2, i32 16, i32 16, [1 x i8]* @p_str, [1 x i8]* @p_str)"   --->   Operation 6 'specinterface' <Predicate = true> <Delay = 0.00>
ST_1 : Operation 7 [1/1] (0.00ns)   --->   "call void (...)* @_ssdm_op_SpecInterface(i4* %res_V_data_30_V, [8 x i8]* @ap_fifo_str, i32 0, i32 0, [1 x i8]* @p_str, i32 0, i32 0, [1 x i8]* @p_str, [1 x i8]* @p_str, [1 x i8]* @p_str, i32 2, i32 2, i32 16, i32 16, [1 x i8]* @p_str, [1 x i8]* @p_str)"   --->   Operation 7 'specinterface' <Predicate = true> <Delay = 0.00>
ST_1 : Operation 8 [1/1] (0.00ns)   --->   "call void (...)* @_ssdm_op_SpecInterface(i4* %res_V_data_29_V, [8 x i8]* @ap_fifo_str, i32 0, i32 0, [1 x i8]* @p_str, i32 0, i32 0, [1 x i8]* @p_str, [1 x i8]* @p_str, [1 x i8]* @p_str, i32 2, i32 2, i32 16, i32 16, [1 x i8]* @p_str, [1 x i8]* @p_str)"   --->   Operation 8 'specinterface' <Predicate = true> <Delay = 0.00>
ST_1 : Operation 9 [1/1] (0.00ns)   --->   "call void (...)* @_ssdm_op_SpecInterface(i4* %res_V_data_28_V, [8 x i8]* @ap_fifo_str, i32 0, i32 0, [1 x i8]* @p_str, i32 0, i32 0, [1 x i8]* @p_str, [1 x i8]* @p_str, [1 x i8]* @p_str, i32 2, i32 2, i32 16, i32 16, [1 x i8]* @p_str, [1 x i8]* @p_str)"   --->   Operation 9 'specinterface' <Predicate = true> <Delay = 0.00>
ST_1 : Operation 10 [1/1] (0.00ns)   --->   "call void (...)* @_ssdm_op_SpecInterface(i4* %res_V_data_27_V, [8 x i8]* @ap_fifo_str, i32 0, i32 0, [1 x i8]* @p_str, i32 0, i32 0, [1 x i8]* @p_str, [1 x i8]* @p_str, [1 x i8]* @p_str, i32 2, i32 2, i32 16, i32 16, [1 x i8]* @p_str, [1 x i8]* @p_str)"   --->   Operation 10 'specinterface' <Predicate = true> <Delay = 0.00>
ST_1 : Operation 11 [1/1] (0.00ns)   --->   "call void (...)* @_ssdm_op_SpecInterface(i4* %res_V_data_26_V, [8 x i8]* @ap_fifo_str, i32 0, i32 0, [1 x i8]* @p_str, i32 0, i32 0, [1 x i8]* @p_str, [1 x i8]* @p_str, [1 x i8]* @p_str, i32 2, i32 2, i32 16, i32 16, [1 x i8]* @p_str, [1 x i8]* @p_str)"   --->   Operation 11 'specinterface' <Predicate = true> <Delay = 0.00>
ST_1 : Operation 12 [1/1] (0.00ns)   --->   "call void (...)* @_ssdm_op_SpecInterface(i4* %res_V_data_25_V, [8 x i8]* @ap_fifo_str, i32 0, i32 0, [1 x i8]* @p_str, i32 0, i32 0, [1 x i8]* @p_str, [1 x i8]* @p_str, [1 x i8]* @p_str, i32 2, i32 2, i32 16, i32 16, [1 x i8]* @p_str, [1 x i8]* @p_str)"   --->   Operation 12 'specinterface' <Predicate = true> <Delay = 0.00>
ST_1 : Operation 13 [1/1] (0.00ns)   --->   "call void (...)* @_ssdm_op_SpecInterface(i4* %res_V_data_24_V, [8 x i8]* @ap_fifo_str, i32 0, i32 0, [1 x i8]* @p_str, i32 0, i32 0, [1 x i8]* @p_str, [1 x i8]* @p_str, [1 x i8]* @p_str, i32 2, i32 2, i32 16, i32 16, [1 x i8]* @p_str, [1 x i8]* @p_str)"   --->   Operation 13 'specinterface' <Predicate = true> <Delay = 0.00>
ST_1 : Operation 14 [1/1] (0.00ns)   --->   "call void (...)* @_ssdm_op_SpecInterface(i4* %res_V_data_23_V, [8 x i8]* @ap_fifo_str, i32 0, i32 0, [1 x i8]* @p_str, i32 0, i32 0, [1 x i8]* @p_str, [1 x i8]* @p_str, [1 x i8]* @p_str, i32 2, i32 2, i32 16, i32 16, [1 x i8]* @p_str, [1 x i8]* @p_str)"   --->   Operation 14 'specinterface' <Predicate = true> <Delay = 0.00>
ST_1 : Operation 15 [1/1] (0.00ns)   --->   "call void (...)* @_ssdm_op_SpecInterface(i4* %res_V_data_22_V, [8 x i8]* @ap_fifo_str, i32 0, i32 0, [1 x i8]* @p_str, i32 0, i32 0, [1 x i8]* @p_str, [1 x i8]* @p_str, [1 x i8]* @p_str, i32 2, i32 2, i32 16, i32 16, [1 x i8]* @p_str, [1 x i8]* @p_str)"   --->   Operation 15 'specinterface' <Predicate = true> <Delay = 0.00>
ST_1 : Operation 16 [1/1] (0.00ns)   --->   "call void (...)* @_ssdm_op_SpecInterface(i4* %res_V_data_21_V, [8 x i8]* @ap_fifo_str, i32 0, i32 0, [1 x i8]* @p_str, i32 0, i32 0, [1 x i8]* @p_str, [1 x i8]* @p_str, [1 x i8]* @p_str, i32 2, i32 2, i32 16, i32 16, [1 x i8]* @p_str, [1 x i8]* @p_str)"   --->   Operation 16 'specinterface' <Predicate = true> <Delay = 0.00>
ST_1 : Operation 17 [1/1] (0.00ns)   --->   "call void (...)* @_ssdm_op_SpecInterface(i4* %res_V_data_20_V, [8 x i8]* @ap_fifo_str, i32 0, i32 0, [1 x i8]* @p_str, i32 0, i32 0, [1 x i8]* @p_str, [1 x i8]* @p_str, [1 x i8]* @p_str, i32 2, i32 2, i32 16, i32 16, [1 x i8]* @p_str, [1 x i8]* @p_str)"   --->   Operation 17 'specinterface' <Predicate = true> <Delay = 0.00>
ST_1 : Operation 18 [1/1] (0.00ns)   --->   "call void (...)* @_ssdm_op_SpecInterface(i4* %res_V_data_19_V, [8 x i8]* @ap_fifo_str, i32 0, i32 0, [1 x i8]* @p_str, i32 0, i32 0, [1 x i8]* @p_str, [1 x i8]* @p_str, [1 x i8]* @p_str, i32 2, i32 2, i32 16, i32 16, [1 x i8]* @p_str, [1 x i8]* @p_str)"   --->   Operation 18 'specinterface' <Predicate = true> <Delay = 0.00>
ST_1 : Operation 19 [1/1] (0.00ns)   --->   "call void (...)* @_ssdm_op_SpecInterface(i4* %res_V_data_18_V, [8 x i8]* @ap_fifo_str, i32 0, i32 0, [1 x i8]* @p_str, i32 0, i32 0, [1 x i8]* @p_str, [1 x i8]* @p_str, [1 x i8]* @p_str, i32 2, i32 2, i32 16, i32 16, [1 x i8]* @p_str, [1 x i8]* @p_str)"   --->   Operation 19 'specinterface' <Predicate = true> <Delay = 0.00>
ST_1 : Operation 20 [1/1] (0.00ns)   --->   "call void (...)* @_ssdm_op_SpecInterface(i4* %res_V_data_17_V, [8 x i8]* @ap_fifo_str, i32 0, i32 0, [1 x i8]* @p_str, i32 0, i32 0, [1 x i8]* @p_str, [1 x i8]* @p_str, [1 x i8]* @p_str, i32 2, i32 2, i32 16, i32 16, [1 x i8]* @p_str, [1 x i8]* @p_str)"   --->   Operation 20 'specinterface' <Predicate = true> <Delay = 0.00>
ST_1 : Operation 21 [1/1] (0.00ns)   --->   "call void (...)* @_ssdm_op_SpecInterface(i4* %res_V_data_16_V, [8 x i8]* @ap_fifo_str, i32 0, i32 0, [1 x i8]* @p_str, i32 0, i32 0, [1 x i8]* @p_str, [1 x i8]* @p_str, [1 x i8]* @p_str, i32 2, i32 2, i32 16, i32 16, [1 x i8]* @p_str, [1 x i8]* @p_str)"   --->   Operation 21 'specinterface' <Predicate = true> <Delay = 0.00>
ST_1 : Operation 22 [1/1] (0.00ns)   --->   "call void (...)* @_ssdm_op_SpecInterface(i4* %res_V_data_15_V, [8 x i8]* @ap_fifo_str, i32 0, i32 0, [1 x i8]* @p_str, i32 0, i32 0, [1 x i8]* @p_str, [1 x i8]* @p_str, [1 x i8]* @p_str, i32 2, i32 2, i32 16, i32 16, [1 x i8]* @p_str, [1 x i8]* @p_str)"   --->   Operation 22 'specinterface' <Predicate = true> <Delay = 0.00>
ST_1 : Operation 23 [1/1] (0.00ns)   --->   "call void (...)* @_ssdm_op_SpecInterface(i4* %res_V_data_14_V, [8 x i8]* @ap_fifo_str, i32 0, i32 0, [1 x i8]* @p_str, i32 0, i32 0, [1 x i8]* @p_str, [1 x i8]* @p_str, [1 x i8]* @p_str, i32 2, i32 2, i32 16, i32 16, [1 x i8]* @p_str, [1 x i8]* @p_str)"   --->   Operation 23 'specinterface' <Predicate = true> <Delay = 0.00>
ST_1 : Operation 24 [1/1] (0.00ns)   --->   "call void (...)* @_ssdm_op_SpecInterface(i4* %res_V_data_13_V, [8 x i8]* @ap_fifo_str, i32 0, i32 0, [1 x i8]* @p_str, i32 0, i32 0, [1 x i8]* @p_str, [1 x i8]* @p_str, [1 x i8]* @p_str, i32 2, i32 2, i32 16, i32 16, [1 x i8]* @p_str, [1 x i8]* @p_str)"   --->   Operation 24 'specinterface' <Predicate = true> <Delay = 0.00>
ST_1 : Operation 25 [1/1] (0.00ns)   --->   "call void (...)* @_ssdm_op_SpecInterface(i4* %res_V_data_12_V, [8 x i8]* @ap_fifo_str, i32 0, i32 0, [1 x i8]* @p_str, i32 0, i32 0, [1 x i8]* @p_str, [1 x i8]* @p_str, [1 x i8]* @p_str, i32 2, i32 2, i32 16, i32 16, [1 x i8]* @p_str, [1 x i8]* @p_str)"   --->   Operation 25 'specinterface' <Predicate = true> <Delay = 0.00>
ST_1 : Operation 26 [1/1] (0.00ns)   --->   "call void (...)* @_ssdm_op_SpecInterface(i4* %res_V_data_11_V, [8 x i8]* @ap_fifo_str, i32 0, i32 0, [1 x i8]* @p_str, i32 0, i32 0, [1 x i8]* @p_str, [1 x i8]* @p_str, [1 x i8]* @p_str, i32 2, i32 2, i32 16, i32 16, [1 x i8]* @p_str, [1 x i8]* @p_str)"   --->   Operation 26 'specinterface' <Predicate = true> <Delay = 0.00>
ST_1 : Operation 27 [1/1] (0.00ns)   --->   "call void (...)* @_ssdm_op_SpecInterface(i4* %res_V_data_10_V, [8 x i8]* @ap_fifo_str, i32 0, i32 0, [1 x i8]* @p_str, i32 0, i32 0, [1 x i8]* @p_str, [1 x i8]* @p_str, [1 x i8]* @p_str, i32 2, i32 2, i32 16, i32 16, [1 x i8]* @p_str, [1 x i8]* @p_str)"   --->   Operation 27 'specinterface' <Predicate = true> <Delay = 0.00>
ST_1 : Operation 28 [1/1] (0.00ns)   --->   "call void (...)* @_ssdm_op_SpecInterface(i4* %res_V_data_9_V, [8 x i8]* @ap_fifo_str, i32 0, i32 0, [1 x i8]* @p_str, i32 0, i32 0, [1 x i8]* @p_str, [1 x i8]* @p_str, [1 x i8]* @p_str, i32 2, i32 2, i32 16, i32 16, [1 x i8]* @p_str, [1 x i8]* @p_str)"   --->   Operation 28 'specinterface' <Predicate = true> <Delay = 0.00>
ST_1 : Operation 29 [1/1] (0.00ns)   --->   "call void (...)* @_ssdm_op_SpecInterface(i4* %res_V_data_8_V, [8 x i8]* @ap_fifo_str, i32 0, i32 0, [1 x i8]* @p_str, i32 0, i32 0, [1 x i8]* @p_str, [1 x i8]* @p_str, [1 x i8]* @p_str, i32 2, i32 2, i32 16, i32 16, [1 x i8]* @p_str, [1 x i8]* @p_str)"   --->   Operation 29 'specinterface' <Predicate = true> <Delay = 0.00>
ST_1 : Operation 30 [1/1] (0.00ns)   --->   "call void (...)* @_ssdm_op_SpecInterface(i4* %res_V_data_7_V, [8 x i8]* @ap_fifo_str, i32 0, i32 0, [1 x i8]* @p_str, i32 0, i32 0, [1 x i8]* @p_str, [1 x i8]* @p_str, [1 x i8]* @p_str, i32 2, i32 2, i32 16, i32 16, [1 x i8]* @p_str, [1 x i8]* @p_str)"   --->   Operation 30 'specinterface' <Predicate = true> <Delay = 0.00>
ST_1 : Operation 31 [1/1] (0.00ns)   --->   "call void (...)* @_ssdm_op_SpecInterface(i4* %res_V_data_6_V, [8 x i8]* @ap_fifo_str, i32 0, i32 0, [1 x i8]* @p_str, i32 0, i32 0, [1 x i8]* @p_str, [1 x i8]* @p_str, [1 x i8]* @p_str, i32 2, i32 2, i32 16, i32 16, [1 x i8]* @p_str, [1 x i8]* @p_str)"   --->   Operation 31 'specinterface' <Predicate = true> <Delay = 0.00>
ST_1 : Operation 32 [1/1] (0.00ns)   --->   "call void (...)* @_ssdm_op_SpecInterface(i4* %res_V_data_5_V, [8 x i8]* @ap_fifo_str, i32 0, i32 0, [1 x i8]* @p_str, i32 0, i32 0, [1 x i8]* @p_str, [1 x i8]* @p_str, [1 x i8]* @p_str, i32 2, i32 2, i32 16, i32 16, [1 x i8]* @p_str, [1 x i8]* @p_str)"   --->   Operation 32 'specinterface' <Predicate = true> <Delay = 0.00>
ST_1 : Operation 33 [1/1] (0.00ns)   --->   "call void (...)* @_ssdm_op_SpecInterface(i4* %res_V_data_4_V, [8 x i8]* @ap_fifo_str, i32 0, i32 0, [1 x i8]* @p_str, i32 0, i32 0, [1 x i8]* @p_str, [1 x i8]* @p_str, [1 x i8]* @p_str, i32 2, i32 2, i32 16, i32 16, [1 x i8]* @p_str, [1 x i8]* @p_str)"   --->   Operation 33 'specinterface' <Predicate = true> <Delay = 0.00>
ST_1 : Operation 34 [1/1] (0.00ns)   --->   "call void (...)* @_ssdm_op_SpecInterface(i4* %res_V_data_3_V, [8 x i8]* @ap_fifo_str, i32 0, i32 0, [1 x i8]* @p_str, i32 0, i32 0, [1 x i8]* @p_str, [1 x i8]* @p_str, [1 x i8]* @p_str, i32 2, i32 2, i32 16, i32 16, [1 x i8]* @p_str, [1 x i8]* @p_str)"   --->   Operation 34 'specinterface' <Predicate = true> <Delay = 0.00>
ST_1 : Operation 35 [1/1] (0.00ns)   --->   "call void (...)* @_ssdm_op_SpecInterface(i4* %res_V_data_2_V, [8 x i8]* @ap_fifo_str, i32 0, i32 0, [1 x i8]* @p_str, i32 0, i32 0, [1 x i8]* @p_str, [1 x i8]* @p_str, [1 x i8]* @p_str, i32 2, i32 2, i32 16, i32 16, [1 x i8]* @p_str, [1 x i8]* @p_str)"   --->   Operation 35 'specinterface' <Predicate = true> <Delay = 0.00>
ST_1 : Operation 36 [1/1] (0.00ns)   --->   "call void (...)* @_ssdm_op_SpecInterface(i4* %res_V_data_1_V, [8 x i8]* @ap_fifo_str, i32 0, i32 0, [1 x i8]* @p_str, i32 0, i32 0, [1 x i8]* @p_str, [1 x i8]* @p_str, [1 x i8]* @p_str, i32 2, i32 2, i32 16, i32 16, [1 x i8]* @p_str, [1 x i8]* @p_str)"   --->   Operation 36 'specinterface' <Predicate = true> <Delay = 0.00>
ST_1 : Operation 37 [1/1] (0.00ns)   --->   "call void (...)* @_ssdm_op_SpecInterface(i4* %res_V_data_0_V, [8 x i8]* @ap_fifo_str, i32 0, i32 0, [1 x i8]* @p_str, i32 0, i32 0, [1 x i8]* @p_str, [1 x i8]* @p_str, [1 x i8]* @p_str, i32 2, i32 2, i32 16, i32 16, [1 x i8]* @p_str, [1 x i8]* @p_str)"   --->   Operation 37 'specinterface' <Predicate = true> <Delay = 0.00>
ST_1 : Operation 38 [1/1] (0.00ns)   --->   "call void (...)* @_ssdm_op_SpecInterface(i4* %data_V_data_31_V, [8 x i8]* @ap_fifo_str, i32 0, i32 0, [1 x i8]* @p_str, i32 0, i32 0, [1 x i8]* @p_str, [1 x i8]* @p_str, [1 x i8]* @p_str, i32 2, i32 2, i32 16, i32 16, [1 x i8]* @p_str, [1 x i8]* @p_str)"   --->   Operation 38 'specinterface' <Predicate = true> <Delay = 0.00>
ST_1 : Operation 39 [1/1] (0.00ns)   --->   "call void (...)* @_ssdm_op_SpecInterface(i4* %data_V_data_30_V, [8 x i8]* @ap_fifo_str, i32 0, i32 0, [1 x i8]* @p_str, i32 0, i32 0, [1 x i8]* @p_str, [1 x i8]* @p_str, [1 x i8]* @p_str, i32 2, i32 2, i32 16, i32 16, [1 x i8]* @p_str, [1 x i8]* @p_str)"   --->   Operation 39 'specinterface' <Predicate = true> <Delay = 0.00>
ST_1 : Operation 40 [1/1] (0.00ns)   --->   "call void (...)* @_ssdm_op_SpecInterface(i4* %data_V_data_29_V, [8 x i8]* @ap_fifo_str, i32 0, i32 0, [1 x i8]* @p_str, i32 0, i32 0, [1 x i8]* @p_str, [1 x i8]* @p_str, [1 x i8]* @p_str, i32 2, i32 2, i32 16, i32 16, [1 x i8]* @p_str, [1 x i8]* @p_str)"   --->   Operation 40 'specinterface' <Predicate = true> <Delay = 0.00>
ST_1 : Operation 41 [1/1] (0.00ns)   --->   "call void (...)* @_ssdm_op_SpecInterface(i4* %data_V_data_28_V, [8 x i8]* @ap_fifo_str, i32 0, i32 0, [1 x i8]* @p_str, i32 0, i32 0, [1 x i8]* @p_str, [1 x i8]* @p_str, [1 x i8]* @p_str, i32 2, i32 2, i32 16, i32 16, [1 x i8]* @p_str, [1 x i8]* @p_str)"   --->   Operation 41 'specinterface' <Predicate = true> <Delay = 0.00>
ST_1 : Operation 42 [1/1] (0.00ns)   --->   "call void (...)* @_ssdm_op_SpecInterface(i4* %data_V_data_27_V, [8 x i8]* @ap_fifo_str, i32 0, i32 0, [1 x i8]* @p_str, i32 0, i32 0, [1 x i8]* @p_str, [1 x i8]* @p_str, [1 x i8]* @p_str, i32 2, i32 2, i32 16, i32 16, [1 x i8]* @p_str, [1 x i8]* @p_str)"   --->   Operation 42 'specinterface' <Predicate = true> <Delay = 0.00>
ST_1 : Operation 43 [1/1] (0.00ns)   --->   "call void (...)* @_ssdm_op_SpecInterface(i4* %data_V_data_26_V, [8 x i8]* @ap_fifo_str, i32 0, i32 0, [1 x i8]* @p_str, i32 0, i32 0, [1 x i8]* @p_str, [1 x i8]* @p_str, [1 x i8]* @p_str, i32 2, i32 2, i32 16, i32 16, [1 x i8]* @p_str, [1 x i8]* @p_str)"   --->   Operation 43 'specinterface' <Predicate = true> <Delay = 0.00>
ST_1 : Operation 44 [1/1] (0.00ns)   --->   "call void (...)* @_ssdm_op_SpecInterface(i4* %data_V_data_25_V, [8 x i8]* @ap_fifo_str, i32 0, i32 0, [1 x i8]* @p_str, i32 0, i32 0, [1 x i8]* @p_str, [1 x i8]* @p_str, [1 x i8]* @p_str, i32 2, i32 2, i32 16, i32 16, [1 x i8]* @p_str, [1 x i8]* @p_str)"   --->   Operation 44 'specinterface' <Predicate = true> <Delay = 0.00>
ST_1 : Operation 45 [1/1] (0.00ns)   --->   "call void (...)* @_ssdm_op_SpecInterface(i4* %data_V_data_24_V, [8 x i8]* @ap_fifo_str, i32 0, i32 0, [1 x i8]* @p_str, i32 0, i32 0, [1 x i8]* @p_str, [1 x i8]* @p_str, [1 x i8]* @p_str, i32 2, i32 2, i32 16, i32 16, [1 x i8]* @p_str, [1 x i8]* @p_str)"   --->   Operation 45 'specinterface' <Predicate = true> <Delay = 0.00>
ST_1 : Operation 46 [1/1] (0.00ns)   --->   "call void (...)* @_ssdm_op_SpecInterface(i4* %data_V_data_23_V, [8 x i8]* @ap_fifo_str, i32 0, i32 0, [1 x i8]* @p_str, i32 0, i32 0, [1 x i8]* @p_str, [1 x i8]* @p_str, [1 x i8]* @p_str, i32 2, i32 2, i32 16, i32 16, [1 x i8]* @p_str, [1 x i8]* @p_str)"   --->   Operation 46 'specinterface' <Predicate = true> <Delay = 0.00>
ST_1 : Operation 47 [1/1] (0.00ns)   --->   "call void (...)* @_ssdm_op_SpecInterface(i4* %data_V_data_22_V, [8 x i8]* @ap_fifo_str, i32 0, i32 0, [1 x i8]* @p_str, i32 0, i32 0, [1 x i8]* @p_str, [1 x i8]* @p_str, [1 x i8]* @p_str, i32 2, i32 2, i32 16, i32 16, [1 x i8]* @p_str, [1 x i8]* @p_str)"   --->   Operation 47 'specinterface' <Predicate = true> <Delay = 0.00>
ST_1 : Operation 48 [1/1] (0.00ns)   --->   "call void (...)* @_ssdm_op_SpecInterface(i4* %data_V_data_21_V, [8 x i8]* @ap_fifo_str, i32 0, i32 0, [1 x i8]* @p_str, i32 0, i32 0, [1 x i8]* @p_str, [1 x i8]* @p_str, [1 x i8]* @p_str, i32 2, i32 2, i32 16, i32 16, [1 x i8]* @p_str, [1 x i8]* @p_str)"   --->   Operation 48 'specinterface' <Predicate = true> <Delay = 0.00>
ST_1 : Operation 49 [1/1] (0.00ns)   --->   "call void (...)* @_ssdm_op_SpecInterface(i4* %data_V_data_20_V, [8 x i8]* @ap_fifo_str, i32 0, i32 0, [1 x i8]* @p_str, i32 0, i32 0, [1 x i8]* @p_str, [1 x i8]* @p_str, [1 x i8]* @p_str, i32 2, i32 2, i32 16, i32 16, [1 x i8]* @p_str, [1 x i8]* @p_str)"   --->   Operation 49 'specinterface' <Predicate = true> <Delay = 0.00>
ST_1 : Operation 50 [1/1] (0.00ns)   --->   "call void (...)* @_ssdm_op_SpecInterface(i4* %data_V_data_19_V, [8 x i8]* @ap_fifo_str, i32 0, i32 0, [1 x i8]* @p_str, i32 0, i32 0, [1 x i8]* @p_str, [1 x i8]* @p_str, [1 x i8]* @p_str, i32 2, i32 2, i32 16, i32 16, [1 x i8]* @p_str, [1 x i8]* @p_str)"   --->   Operation 50 'specinterface' <Predicate = true> <Delay = 0.00>
ST_1 : Operation 51 [1/1] (0.00ns)   --->   "call void (...)* @_ssdm_op_SpecInterface(i4* %data_V_data_18_V, [8 x i8]* @ap_fifo_str, i32 0, i32 0, [1 x i8]* @p_str, i32 0, i32 0, [1 x i8]* @p_str, [1 x i8]* @p_str, [1 x i8]* @p_str, i32 2, i32 2, i32 16, i32 16, [1 x i8]* @p_str, [1 x i8]* @p_str)"   --->   Operation 51 'specinterface' <Predicate = true> <Delay = 0.00>
ST_1 : Operation 52 [1/1] (0.00ns)   --->   "call void (...)* @_ssdm_op_SpecInterface(i4* %data_V_data_17_V, [8 x i8]* @ap_fifo_str, i32 0, i32 0, [1 x i8]* @p_str, i32 0, i32 0, [1 x i8]* @p_str, [1 x i8]* @p_str, [1 x i8]* @p_str, i32 2, i32 2, i32 16, i32 16, [1 x i8]* @p_str, [1 x i8]* @p_str)"   --->   Operation 52 'specinterface' <Predicate = true> <Delay = 0.00>
ST_1 : Operation 53 [1/1] (0.00ns)   --->   "call void (...)* @_ssdm_op_SpecInterface(i4* %data_V_data_16_V, [8 x i8]* @ap_fifo_str, i32 0, i32 0, [1 x i8]* @p_str, i32 0, i32 0, [1 x i8]* @p_str, [1 x i8]* @p_str, [1 x i8]* @p_str, i32 2, i32 2, i32 16, i32 16, [1 x i8]* @p_str, [1 x i8]* @p_str)"   --->   Operation 53 'specinterface' <Predicate = true> <Delay = 0.00>
ST_1 : Operation 54 [1/1] (0.00ns)   --->   "call void (...)* @_ssdm_op_SpecInterface(i4* %data_V_data_15_V, [8 x i8]* @ap_fifo_str, i32 0, i32 0, [1 x i8]* @p_str, i32 0, i32 0, [1 x i8]* @p_str, [1 x i8]* @p_str, [1 x i8]* @p_str, i32 2, i32 2, i32 16, i32 16, [1 x i8]* @p_str, [1 x i8]* @p_str)"   --->   Operation 54 'specinterface' <Predicate = true> <Delay = 0.00>
ST_1 : Operation 55 [1/1] (0.00ns)   --->   "call void (...)* @_ssdm_op_SpecInterface(i4* %data_V_data_14_V, [8 x i8]* @ap_fifo_str, i32 0, i32 0, [1 x i8]* @p_str, i32 0, i32 0, [1 x i8]* @p_str, [1 x i8]* @p_str, [1 x i8]* @p_str, i32 2, i32 2, i32 16, i32 16, [1 x i8]* @p_str, [1 x i8]* @p_str)"   --->   Operation 55 'specinterface' <Predicate = true> <Delay = 0.00>
ST_1 : Operation 56 [1/1] (0.00ns)   --->   "call void (...)* @_ssdm_op_SpecInterface(i4* %data_V_data_13_V, [8 x i8]* @ap_fifo_str, i32 0, i32 0, [1 x i8]* @p_str, i32 0, i32 0, [1 x i8]* @p_str, [1 x i8]* @p_str, [1 x i8]* @p_str, i32 2, i32 2, i32 16, i32 16, [1 x i8]* @p_str, [1 x i8]* @p_str)"   --->   Operation 56 'specinterface' <Predicate = true> <Delay = 0.00>
ST_1 : Operation 57 [1/1] (0.00ns)   --->   "call void (...)* @_ssdm_op_SpecInterface(i4* %data_V_data_12_V, [8 x i8]* @ap_fifo_str, i32 0, i32 0, [1 x i8]* @p_str, i32 0, i32 0, [1 x i8]* @p_str, [1 x i8]* @p_str, [1 x i8]* @p_str, i32 2, i32 2, i32 16, i32 16, [1 x i8]* @p_str, [1 x i8]* @p_str)"   --->   Operation 57 'specinterface' <Predicate = true> <Delay = 0.00>
ST_1 : Operation 58 [1/1] (0.00ns)   --->   "call void (...)* @_ssdm_op_SpecInterface(i4* %data_V_data_11_V, [8 x i8]* @ap_fifo_str, i32 0, i32 0, [1 x i8]* @p_str, i32 0, i32 0, [1 x i8]* @p_str, [1 x i8]* @p_str, [1 x i8]* @p_str, i32 2, i32 2, i32 16, i32 16, [1 x i8]* @p_str, [1 x i8]* @p_str)"   --->   Operation 58 'specinterface' <Predicate = true> <Delay = 0.00>
ST_1 : Operation 59 [1/1] (0.00ns)   --->   "call void (...)* @_ssdm_op_SpecInterface(i4* %data_V_data_10_V, [8 x i8]* @ap_fifo_str, i32 0, i32 0, [1 x i8]* @p_str, i32 0, i32 0, [1 x i8]* @p_str, [1 x i8]* @p_str, [1 x i8]* @p_str, i32 2, i32 2, i32 16, i32 16, [1 x i8]* @p_str, [1 x i8]* @p_str)"   --->   Operation 59 'specinterface' <Predicate = true> <Delay = 0.00>
ST_1 : Operation 60 [1/1] (0.00ns)   --->   "call void (...)* @_ssdm_op_SpecInterface(i4* %data_V_data_9_V, [8 x i8]* @ap_fifo_str, i32 0, i32 0, [1 x i8]* @p_str, i32 0, i32 0, [1 x i8]* @p_str, [1 x i8]* @p_str, [1 x i8]* @p_str, i32 2, i32 2, i32 16, i32 16, [1 x i8]* @p_str, [1 x i8]* @p_str)"   --->   Operation 60 'specinterface' <Predicate = true> <Delay = 0.00>
ST_1 : Operation 61 [1/1] (0.00ns)   --->   "call void (...)* @_ssdm_op_SpecInterface(i4* %data_V_data_8_V, [8 x i8]* @ap_fifo_str, i32 0, i32 0, [1 x i8]* @p_str, i32 0, i32 0, [1 x i8]* @p_str, [1 x i8]* @p_str, [1 x i8]* @p_str, i32 2, i32 2, i32 16, i32 16, [1 x i8]* @p_str, [1 x i8]* @p_str)"   --->   Operation 61 'specinterface' <Predicate = true> <Delay = 0.00>
ST_1 : Operation 62 [1/1] (0.00ns)   --->   "call void (...)* @_ssdm_op_SpecInterface(i4* %data_V_data_7_V, [8 x i8]* @ap_fifo_str, i32 0, i32 0, [1 x i8]* @p_str, i32 0, i32 0, [1 x i8]* @p_str, [1 x i8]* @p_str, [1 x i8]* @p_str, i32 2, i32 2, i32 16, i32 16, [1 x i8]* @p_str, [1 x i8]* @p_str)"   --->   Operation 62 'specinterface' <Predicate = true> <Delay = 0.00>
ST_1 : Operation 63 [1/1] (0.00ns)   --->   "call void (...)* @_ssdm_op_SpecInterface(i4* %data_V_data_6_V, [8 x i8]* @ap_fifo_str, i32 0, i32 0, [1 x i8]* @p_str, i32 0, i32 0, [1 x i8]* @p_str, [1 x i8]* @p_str, [1 x i8]* @p_str, i32 2, i32 2, i32 16, i32 16, [1 x i8]* @p_str, [1 x i8]* @p_str)"   --->   Operation 63 'specinterface' <Predicate = true> <Delay = 0.00>
ST_1 : Operation 64 [1/1] (0.00ns)   --->   "call void (...)* @_ssdm_op_SpecInterface(i4* %data_V_data_5_V, [8 x i8]* @ap_fifo_str, i32 0, i32 0, [1 x i8]* @p_str, i32 0, i32 0, [1 x i8]* @p_str, [1 x i8]* @p_str, [1 x i8]* @p_str, i32 2, i32 2, i32 16, i32 16, [1 x i8]* @p_str, [1 x i8]* @p_str)"   --->   Operation 64 'specinterface' <Predicate = true> <Delay = 0.00>
ST_1 : Operation 65 [1/1] (0.00ns)   --->   "call void (...)* @_ssdm_op_SpecInterface(i4* %data_V_data_4_V, [8 x i8]* @ap_fifo_str, i32 0, i32 0, [1 x i8]* @p_str, i32 0, i32 0, [1 x i8]* @p_str, [1 x i8]* @p_str, [1 x i8]* @p_str, i32 2, i32 2, i32 16, i32 16, [1 x i8]* @p_str, [1 x i8]* @p_str)"   --->   Operation 65 'specinterface' <Predicate = true> <Delay = 0.00>
ST_1 : Operation 66 [1/1] (0.00ns)   --->   "call void (...)* @_ssdm_op_SpecInterface(i4* %data_V_data_3_V, [8 x i8]* @ap_fifo_str, i32 0, i32 0, [1 x i8]* @p_str, i32 0, i32 0, [1 x i8]* @p_str, [1 x i8]* @p_str, [1 x i8]* @p_str, i32 2, i32 2, i32 16, i32 16, [1 x i8]* @p_str, [1 x i8]* @p_str)"   --->   Operation 66 'specinterface' <Predicate = true> <Delay = 0.00>
ST_1 : Operation 67 [1/1] (0.00ns)   --->   "call void (...)* @_ssdm_op_SpecInterface(i4* %data_V_data_2_V, [8 x i8]* @ap_fifo_str, i32 0, i32 0, [1 x i8]* @p_str, i32 0, i32 0, [1 x i8]* @p_str, [1 x i8]* @p_str, [1 x i8]* @p_str, i32 2, i32 2, i32 16, i32 16, [1 x i8]* @p_str, [1 x i8]* @p_str)"   --->   Operation 67 'specinterface' <Predicate = true> <Delay = 0.00>
ST_1 : Operation 68 [1/1] (0.00ns)   --->   "call void (...)* @_ssdm_op_SpecInterface(i4* %data_V_data_1_V, [8 x i8]* @ap_fifo_str, i32 0, i32 0, [1 x i8]* @p_str, i32 0, i32 0, [1 x i8]* @p_str, [1 x i8]* @p_str, [1 x i8]* @p_str, i32 2, i32 2, i32 16, i32 16, [1 x i8]* @p_str, [1 x i8]* @p_str)"   --->   Operation 68 'specinterface' <Predicate = true> <Delay = 0.00>
ST_1 : Operation 69 [1/1] (0.00ns)   --->   "call void (...)* @_ssdm_op_SpecInterface(i4* %data_V_data_0_V, [8 x i8]* @ap_fifo_str, i32 0, i32 0, [1 x i8]* @p_str, i32 0, i32 0, [1 x i8]* @p_str, [1 x i8]* @p_str, [1 x i8]* @p_str, i32 2, i32 2, i32 16, i32 16, [1 x i8]* @p_str, [1 x i8]* @p_str)"   --->   Operation 69 'specinterface' <Predicate = true> <Delay = 0.00>
ST_1 : Operation 70 [1/1] (1.76ns)   --->   "br label %1" [firmware/nnet_utils/nnet_activation_stream.h:41]   --->   Operation 70 'br' <Predicate = true> <Delay = 1.76>

State 2 <SV = 1> <Delay = 1.88>
ST_2 : Operation 71 [1/1] (0.00ns)   --->   "%i_0 = phi i11 [ 0, %0 ], [ %i, %ReLUActLoop ]"   --->   Operation 71 'phi' 'i_0' <Predicate = true> <Delay = 0.00>
ST_2 : Operation 72 [1/1] (1.88ns)   --->   "%icmp_ln41 = icmp eq i11 %i_0, -1024" [firmware/nnet_utils/nnet_activation_stream.h:41]   --->   Operation 72 'icmp' 'icmp_ln41' <Predicate = true> <Delay = 1.88> <Core = "Cmp">   --->   Core 25 'Cmp' <Latency = 0> <II = 1> <Delay = 1.30> <FuncUnit> <Opcode : 'icmp'> <InPorts = 2> <OutPorts = 1>
ST_2 : Operation 73 [1/1] (0.00ns)   --->   "%empty = call i32 (...)* @_ssdm_op_SpecLoopTripCount(i64 1024, i64 1024, i64 1024)"   --->   Operation 73 'speclooptripcount' 'empty' <Predicate = true> <Delay = 0.00>
ST_2 : Operation 74 [1/1] (1.63ns)   --->   "%i = add i11 %i_0, 1" [firmware/nnet_utils/nnet_activation_stream.h:41]   --->   Operation 74 'add' 'i' <Predicate = true> <Delay = 1.63> <Core = "AddSub">   --->   Core 14 'AddSub' <Latency = 0> <II = 1> <Delay = 1.63> <FuncUnit> <Opcode : 'add' 'sub'> <InPorts = 2> <OutPorts = 1>
ST_2 : Operation 75 [1/1] (0.00ns)   --->   "br i1 %icmp_ln41, label %2, label %ReLUActLoop" [firmware/nnet_utils/nnet_activation_stream.h:41]   --->   Operation 75 'br' <Predicate = true> <Delay = 0.00>

State 3 <SV = 2> <Delay = 3.48>
ST_3 : Operation 76 [1/1] (2.18ns)   --->   "%empty_29 = call { i4, i4, i4, i4, i4, i4, i4, i4, i4, i4, i4, i4, i4, i4, i4, i4, i4, i4, i4, i4, i4, i4, i4, i4, i4, i4, i4, i4, i4, i4, i4, i4 } @_ssdm_op_Read.ap_fifo.volatile.i4P.i4P.i4P.i4P.i4P.i4P.i4P.i4P.i4P.i4P.i4P.i4P.i4P.i4P.i4P.i4P.i4P.i4P.i4P.i4P.i4P.i4P.i4P.i4P.i4P.i4P.i4P.i4P.i4P.i4P.i4P.i4P(i4* %data_V_data_0_V, i4* %data_V_data_1_V, i4* %data_V_data_2_V, i4* %data_V_data_3_V, i4* %data_V_data_4_V, i4* %data_V_data_5_V, i4* %data_V_data_6_V, i4* %data_V_data_7_V, i4* %data_V_data_8_V, i4* %data_V_data_9_V, i4* %data_V_data_10_V, i4* %data_V_data_11_V, i4* %data_V_data_12_V, i4* %data_V_data_13_V, i4* %data_V_data_14_V, i4* %data_V_data_15_V, i4* %data_V_data_16_V, i4* %data_V_data_17_V, i4* %data_V_data_18_V, i4* %data_V_data_19_V, i4* %data_V_data_20_V, i4* %data_V_data_21_V, i4* %data_V_data_22_V, i4* %data_V_data_23_V, i4* %data_V_data_24_V, i4* %data_V_data_25_V, i4* %data_V_data_26_V, i4* %data_V_data_27_V, i4* %data_V_data_28_V, i4* %data_V_data_29_V, i4* %data_V_data_30_V, i4* %data_V_data_31_V)" [firmware/nnet_utils/nnet_activation_stream.h:44]   --->   Operation 76 'read' 'empty_29' <Predicate = (!icmp_ln41)> <Delay = 2.18> <Core = "FIFO">   --->   Core 32 'FIFO' <Latency = 0> <II = 1> <Delay = 3.63> <Storage> <Opcode : 'read' 'write' 'nbread' 'nbwrite'> <Ports = 0> <Width = 4> <Depth = 3> <FIFO>
ST_3 : Operation 77 [1/1] (0.00ns)   --->   "%tmp_data_V_0 = extractvalue { i4, i4, i4, i4, i4, i4, i4, i4, i4, i4, i4, i4, i4, i4, i4, i4, i4, i4, i4, i4, i4, i4, i4, i4, i4, i4, i4, i4, i4, i4, i4, i4 } %empty_29, 0" [firmware/nnet_utils/nnet_activation_stream.h:44]   --->   Operation 77 'extractvalue' 'tmp_data_V_0' <Predicate = (!icmp_ln41)> <Delay = 0.00>
ST_3 : Operation 78 [1/1] (0.00ns)   --->   "%tmp_data_V_1 = extractvalue { i4, i4, i4, i4, i4, i4, i4, i4, i4, i4, i4, i4, i4, i4, i4, i4, i4, i4, i4, i4, i4, i4, i4, i4, i4, i4, i4, i4, i4, i4, i4, i4 } %empty_29, 1" [firmware/nnet_utils/nnet_activation_stream.h:44]   --->   Operation 78 'extractvalue' 'tmp_data_V_1' <Predicate = (!icmp_ln41)> <Delay = 0.00>
ST_3 : Operation 79 [1/1] (0.00ns)   --->   "%tmp_data_V_2 = extractvalue { i4, i4, i4, i4, i4, i4, i4, i4, i4, i4, i4, i4, i4, i4, i4, i4, i4, i4, i4, i4, i4, i4, i4, i4, i4, i4, i4, i4, i4, i4, i4, i4 } %empty_29, 2" [firmware/nnet_utils/nnet_activation_stream.h:44]   --->   Operation 79 'extractvalue' 'tmp_data_V_2' <Predicate = (!icmp_ln41)> <Delay = 0.00>
ST_3 : Operation 80 [1/1] (0.00ns)   --->   "%tmp_data_V_3 = extractvalue { i4, i4, i4, i4, i4, i4, i4, i4, i4, i4, i4, i4, i4, i4, i4, i4, i4, i4, i4, i4, i4, i4, i4, i4, i4, i4, i4, i4, i4, i4, i4, i4 } %empty_29, 3" [firmware/nnet_utils/nnet_activation_stream.h:44]   --->   Operation 80 'extractvalue' 'tmp_data_V_3' <Predicate = (!icmp_ln41)> <Delay = 0.00>
ST_3 : Operation 81 [1/1] (0.00ns)   --->   "%tmp_data_V_4 = extractvalue { i4, i4, i4, i4, i4, i4, i4, i4, i4, i4, i4, i4, i4, i4, i4, i4, i4, i4, i4, i4, i4, i4, i4, i4, i4, i4, i4, i4, i4, i4, i4, i4 } %empty_29, 4" [firmware/nnet_utils/nnet_activation_stream.h:44]   --->   Operation 81 'extractvalue' 'tmp_data_V_4' <Predicate = (!icmp_ln41)> <Delay = 0.00>
ST_3 : Operation 82 [1/1] (0.00ns)   --->   "%tmp_data_V_5 = extractvalue { i4, i4, i4, i4, i4, i4, i4, i4, i4, i4, i4, i4, i4, i4, i4, i4, i4, i4, i4, i4, i4, i4, i4, i4, i4, i4, i4, i4, i4, i4, i4, i4 } %empty_29, 5" [firmware/nnet_utils/nnet_activation_stream.h:44]   --->   Operation 82 'extractvalue' 'tmp_data_V_5' <Predicate = (!icmp_ln41)> <Delay = 0.00>
ST_3 : Operation 83 [1/1] (0.00ns)   --->   "%tmp_data_V_6 = extractvalue { i4, i4, i4, i4, i4, i4, i4, i4, i4, i4, i4, i4, i4, i4, i4, i4, i4, i4, i4, i4, i4, i4, i4, i4, i4, i4, i4, i4, i4, i4, i4, i4 } %empty_29, 6" [firmware/nnet_utils/nnet_activation_stream.h:44]   --->   Operation 83 'extractvalue' 'tmp_data_V_6' <Predicate = (!icmp_ln41)> <Delay = 0.00>
ST_3 : Operation 84 [1/1] (0.00ns)   --->   "%tmp_data_V_737 = extractvalue { i4, i4, i4, i4, i4, i4, i4, i4, i4, i4, i4, i4, i4, i4, i4, i4, i4, i4, i4, i4, i4, i4, i4, i4, i4, i4, i4, i4, i4, i4, i4, i4 } %empty_29, 7" [firmware/nnet_utils/nnet_activation_stream.h:44]   --->   Operation 84 'extractvalue' 'tmp_data_V_737' <Predicate = (!icmp_ln41)> <Delay = 0.00>
ST_3 : Operation 85 [1/1] (0.00ns)   --->   "%tmp_data_V_8 = extractvalue { i4, i4, i4, i4, i4, i4, i4, i4, i4, i4, i4, i4, i4, i4, i4, i4, i4, i4, i4, i4, i4, i4, i4, i4, i4, i4, i4, i4, i4, i4, i4, i4 } %empty_29, 8" [firmware/nnet_utils/nnet_activation_stream.h:44]   --->   Operation 85 'extractvalue' 'tmp_data_V_8' <Predicate = (!icmp_ln41)> <Delay = 0.00>
ST_3 : Operation 86 [1/1] (0.00ns)   --->   "%tmp_data_V_9 = extractvalue { i4, i4, i4, i4, i4, i4, i4, i4, i4, i4, i4, i4, i4, i4, i4, i4, i4, i4, i4, i4, i4, i4, i4, i4, i4, i4, i4, i4, i4, i4, i4, i4 } %empty_29, 9" [firmware/nnet_utils/nnet_activation_stream.h:44]   --->   Operation 86 'extractvalue' 'tmp_data_V_9' <Predicate = (!icmp_ln41)> <Delay = 0.00>
ST_3 : Operation 87 [1/1] (0.00ns)   --->   "%tmp_data_V_10 = extractvalue { i4, i4, i4, i4, i4, i4, i4, i4, i4, i4, i4, i4, i4, i4, i4, i4, i4, i4, i4, i4, i4, i4, i4, i4, i4, i4, i4, i4, i4, i4, i4, i4 } %empty_29, 10" [firmware/nnet_utils/nnet_activation_stream.h:44]   --->   Operation 87 'extractvalue' 'tmp_data_V_10' <Predicate = (!icmp_ln41)> <Delay = 0.00>
ST_3 : Operation 88 [1/1] (0.00ns)   --->   "%tmp_data_V_11 = extractvalue { i4, i4, i4, i4, i4, i4, i4, i4, i4, i4, i4, i4, i4, i4, i4, i4, i4, i4, i4, i4, i4, i4, i4, i4, i4, i4, i4, i4, i4, i4, i4, i4 } %empty_29, 11" [firmware/nnet_utils/nnet_activation_stream.h:44]   --->   Operation 88 'extractvalue' 'tmp_data_V_11' <Predicate = (!icmp_ln41)> <Delay = 0.00>
ST_3 : Operation 89 [1/1] (0.00ns)   --->   "%tmp_data_V_12 = extractvalue { i4, i4, i4, i4, i4, i4, i4, i4, i4, i4, i4, i4, i4, i4, i4, i4, i4, i4, i4, i4, i4, i4, i4, i4, i4, i4, i4, i4, i4, i4, i4, i4 } %empty_29, 12" [firmware/nnet_utils/nnet_activation_stream.h:44]   --->   Operation 89 'extractvalue' 'tmp_data_V_12' <Predicate = (!icmp_ln41)> <Delay = 0.00>
ST_3 : Operation 90 [1/1] (0.00ns)   --->   "%tmp_data_V_13 = extractvalue { i4, i4, i4, i4, i4, i4, i4, i4, i4, i4, i4, i4, i4, i4, i4, i4, i4, i4, i4, i4, i4, i4, i4, i4, i4, i4, i4, i4, i4, i4, i4, i4 } %empty_29, 13" [firmware/nnet_utils/nnet_activation_stream.h:44]   --->   Operation 90 'extractvalue' 'tmp_data_V_13' <Predicate = (!icmp_ln41)> <Delay = 0.00>
ST_3 : Operation 91 [1/1] (0.00ns)   --->   "%tmp_data_V_14 = extractvalue { i4, i4, i4, i4, i4, i4, i4, i4, i4, i4, i4, i4, i4, i4, i4, i4, i4, i4, i4, i4, i4, i4, i4, i4, i4, i4, i4, i4, i4, i4, i4, i4 } %empty_29, 14" [firmware/nnet_utils/nnet_activation_stream.h:44]   --->   Operation 91 'extractvalue' 'tmp_data_V_14' <Predicate = (!icmp_ln41)> <Delay = 0.00>
ST_3 : Operation 92 [1/1] (0.00ns)   --->   "%tmp_data_V_15 = extractvalue { i4, i4, i4, i4, i4, i4, i4, i4, i4, i4, i4, i4, i4, i4, i4, i4, i4, i4, i4, i4, i4, i4, i4, i4, i4, i4, i4, i4, i4, i4, i4, i4 } %empty_29, 15" [firmware/nnet_utils/nnet_activation_stream.h:44]   --->   Operation 92 'extractvalue' 'tmp_data_V_15' <Predicate = (!icmp_ln41)> <Delay = 0.00>
ST_3 : Operation 93 [1/1] (0.00ns)   --->   "%tmp_data_V_16 = extractvalue { i4, i4, i4, i4, i4, i4, i4, i4, i4, i4, i4, i4, i4, i4, i4, i4, i4, i4, i4, i4, i4, i4, i4, i4, i4, i4, i4, i4, i4, i4, i4, i4 } %empty_29, 16" [firmware/nnet_utils/nnet_activation_stream.h:44]   --->   Operation 93 'extractvalue' 'tmp_data_V_16' <Predicate = (!icmp_ln41)> <Delay = 0.00>
ST_3 : Operation 94 [1/1] (0.00ns)   --->   "%tmp_data_V_17 = extractvalue { i4, i4, i4, i4, i4, i4, i4, i4, i4, i4, i4, i4, i4, i4, i4, i4, i4, i4, i4, i4, i4, i4, i4, i4, i4, i4, i4, i4, i4, i4, i4, i4 } %empty_29, 17" [firmware/nnet_utils/nnet_activation_stream.h:44]   --->   Operation 94 'extractvalue' 'tmp_data_V_17' <Predicate = (!icmp_ln41)> <Delay = 0.00>
ST_3 : Operation 95 [1/1] (0.00ns)   --->   "%tmp_data_V_18 = extractvalue { i4, i4, i4, i4, i4, i4, i4, i4, i4, i4, i4, i4, i4, i4, i4, i4, i4, i4, i4, i4, i4, i4, i4, i4, i4, i4, i4, i4, i4, i4, i4, i4 } %empty_29, 18" [firmware/nnet_utils/nnet_activation_stream.h:44]   --->   Operation 95 'extractvalue' 'tmp_data_V_18' <Predicate = (!icmp_ln41)> <Delay = 0.00>
ST_3 : Operation 96 [1/1] (0.00ns)   --->   "%tmp_data_V_19 = extractvalue { i4, i4, i4, i4, i4, i4, i4, i4, i4, i4, i4, i4, i4, i4, i4, i4, i4, i4, i4, i4, i4, i4, i4, i4, i4, i4, i4, i4, i4, i4, i4, i4 } %empty_29, 19" [firmware/nnet_utils/nnet_activation_stream.h:44]   --->   Operation 96 'extractvalue' 'tmp_data_V_19' <Predicate = (!icmp_ln41)> <Delay = 0.00>
ST_3 : Operation 97 [1/1] (0.00ns)   --->   "%tmp_data_V_20 = extractvalue { i4, i4, i4, i4, i4, i4, i4, i4, i4, i4, i4, i4, i4, i4, i4, i4, i4, i4, i4, i4, i4, i4, i4, i4, i4, i4, i4, i4, i4, i4, i4, i4 } %empty_29, 20" [firmware/nnet_utils/nnet_activation_stream.h:44]   --->   Operation 97 'extractvalue' 'tmp_data_V_20' <Predicate = (!icmp_ln41)> <Delay = 0.00>
ST_3 : Operation 98 [1/1] (0.00ns)   --->   "%tmp_data_V_21 = extractvalue { i4, i4, i4, i4, i4, i4, i4, i4, i4, i4, i4, i4, i4, i4, i4, i4, i4, i4, i4, i4, i4, i4, i4, i4, i4, i4, i4, i4, i4, i4, i4, i4 } %empty_29, 21" [firmware/nnet_utils/nnet_activation_stream.h:44]   --->   Operation 98 'extractvalue' 'tmp_data_V_21' <Predicate = (!icmp_ln41)> <Delay = 0.00>
ST_3 : Operation 99 [1/1] (0.00ns)   --->   "%tmp_data_V_22 = extractvalue { i4, i4, i4, i4, i4, i4, i4, i4, i4, i4, i4, i4, i4, i4, i4, i4, i4, i4, i4, i4, i4, i4, i4, i4, i4, i4, i4, i4, i4, i4, i4, i4 } %empty_29, 22" [firmware/nnet_utils/nnet_activation_stream.h:44]   --->   Operation 99 'extractvalue' 'tmp_data_V_22' <Predicate = (!icmp_ln41)> <Delay = 0.00>
ST_3 : Operation 100 [1/1] (0.00ns)   --->   "%tmp_data_V_23 = extractvalue { i4, i4, i4, i4, i4, i4, i4, i4, i4, i4, i4, i4, i4, i4, i4, i4, i4, i4, i4, i4, i4, i4, i4, i4, i4, i4, i4, i4, i4, i4, i4, i4 } %empty_29, 23" [firmware/nnet_utils/nnet_activation_stream.h:44]   --->   Operation 100 'extractvalue' 'tmp_data_V_23' <Predicate = (!icmp_ln41)> <Delay = 0.00>
ST_3 : Operation 101 [1/1] (0.00ns)   --->   "%tmp_data_V_24 = extractvalue { i4, i4, i4, i4, i4, i4, i4, i4, i4, i4, i4, i4, i4, i4, i4, i4, i4, i4, i4, i4, i4, i4, i4, i4, i4, i4, i4, i4, i4, i4, i4, i4 } %empty_29, 24" [firmware/nnet_utils/nnet_activation_stream.h:44]   --->   Operation 101 'extractvalue' 'tmp_data_V_24' <Predicate = (!icmp_ln41)> <Delay = 0.00>
ST_3 : Operation 102 [1/1] (0.00ns)   --->   "%tmp_data_V_25 = extractvalue { i4, i4, i4, i4, i4, i4, i4, i4, i4, i4, i4, i4, i4, i4, i4, i4, i4, i4, i4, i4, i4, i4, i4, i4, i4, i4, i4, i4, i4, i4, i4, i4 } %empty_29, 25" [firmware/nnet_utils/nnet_activation_stream.h:44]   --->   Operation 102 'extractvalue' 'tmp_data_V_25' <Predicate = (!icmp_ln41)> <Delay = 0.00>
ST_3 : Operation 103 [1/1] (0.00ns)   --->   "%tmp_data_V_26 = extractvalue { i4, i4, i4, i4, i4, i4, i4, i4, i4, i4, i4, i4, i4, i4, i4, i4, i4, i4, i4, i4, i4, i4, i4, i4, i4, i4, i4, i4, i4, i4, i4, i4 } %empty_29, 26" [firmware/nnet_utils/nnet_activation_stream.h:44]   --->   Operation 103 'extractvalue' 'tmp_data_V_26' <Predicate = (!icmp_ln41)> <Delay = 0.00>
ST_3 : Operation 104 [1/1] (0.00ns)   --->   "%tmp_data_V_27 = extractvalue { i4, i4, i4, i4, i4, i4, i4, i4, i4, i4, i4, i4, i4, i4, i4, i4, i4, i4, i4, i4, i4, i4, i4, i4, i4, i4, i4, i4, i4, i4, i4, i4 } %empty_29, 27" [firmware/nnet_utils/nnet_activation_stream.h:44]   --->   Operation 104 'extractvalue' 'tmp_data_V_27' <Predicate = (!icmp_ln41)> <Delay = 0.00>
ST_3 : Operation 105 [1/1] (0.00ns)   --->   "%tmp_data_V_28 = extractvalue { i4, i4, i4, i4, i4, i4, i4, i4, i4, i4, i4, i4, i4, i4, i4, i4, i4, i4, i4, i4, i4, i4, i4, i4, i4, i4, i4, i4, i4, i4, i4, i4 } %empty_29, 28" [firmware/nnet_utils/nnet_activation_stream.h:44]   --->   Operation 105 'extractvalue' 'tmp_data_V_28' <Predicate = (!icmp_ln41)> <Delay = 0.00>
ST_3 : Operation 106 [1/1] (0.00ns)   --->   "%tmp_data_V_29 = extractvalue { i4, i4, i4, i4, i4, i4, i4, i4, i4, i4, i4, i4, i4, i4, i4, i4, i4, i4, i4, i4, i4, i4, i4, i4, i4, i4, i4, i4, i4, i4, i4, i4 } %empty_29, 29" [firmware/nnet_utils/nnet_activation_stream.h:44]   --->   Operation 106 'extractvalue' 'tmp_data_V_29' <Predicate = (!icmp_ln41)> <Delay = 0.00>
ST_3 : Operation 107 [1/1] (0.00ns)   --->   "%tmp_data_V_30 = extractvalue { i4, i4, i4, i4, i4, i4, i4, i4, i4, i4, i4, i4, i4, i4, i4, i4, i4, i4, i4, i4, i4, i4, i4, i4, i4, i4, i4, i4, i4, i4, i4, i4 } %empty_29, 30" [firmware/nnet_utils/nnet_activation_stream.h:44]   --->   Operation 107 'extractvalue' 'tmp_data_V_30' <Predicate = (!icmp_ln41)> <Delay = 0.00>
ST_3 : Operation 108 [1/1] (0.00ns)   --->   "%tmp_data_V_31 = extractvalue { i4, i4, i4, i4, i4, i4, i4, i4, i4, i4, i4, i4, i4, i4, i4, i4, i4, i4, i4, i4, i4, i4, i4, i4, i4, i4, i4, i4, i4, i4, i4, i4 } %empty_29, 31" [firmware/nnet_utils/nnet_activation_stream.h:44]   --->   Operation 108 'extractvalue' 'tmp_data_V_31' <Predicate = (!icmp_ln41)> <Delay = 0.00>
ST_3 : Operation 109 [1/1] (1.30ns)   --->   "%icmp_ln1494 = icmp sgt i4 %tmp_data_V_0, 0" [firmware/nnet_utils/nnet_activation_stream.h:51]   --->   Operation 109 'icmp' 'icmp_ln1494' <Predicate = (!icmp_ln41)> <Delay = 1.30> <Core = "Cmp">   --->   Core 25 'Cmp' <Latency = 0> <II = 1> <Delay = 1.30> <FuncUnit> <Opcode : 'icmp'> <InPorts = 2> <OutPorts = 1>
ST_3 : Operation 110 [1/1] (1.30ns)   --->   "%icmp_ln1494_1 = icmp sgt i4 %tmp_data_V_1, 0" [firmware/nnet_utils/nnet_activation_stream.h:51]   --->   Operation 110 'icmp' 'icmp_ln1494_1' <Predicate = (!icmp_ln41)> <Delay = 1.30> <Core = "Cmp">   --->   Core 25 'Cmp' <Latency = 0> <II = 1> <Delay = 1.30> <FuncUnit> <Opcode : 'icmp'> <InPorts = 2> <OutPorts = 1>
ST_3 : Operation 111 [1/1] (1.30ns)   --->   "%icmp_ln1494_2 = icmp sgt i4 %tmp_data_V_2, 0" [firmware/nnet_utils/nnet_activation_stream.h:51]   --->   Operation 111 'icmp' 'icmp_ln1494_2' <Predicate = (!icmp_ln41)> <Delay = 1.30> <Core = "Cmp">   --->   Core 25 'Cmp' <Latency = 0> <II = 1> <Delay = 1.30> <FuncUnit> <Opcode : 'icmp'> <InPorts = 2> <OutPorts = 1>
ST_3 : Operation 112 [1/1] (1.30ns)   --->   "%icmp_ln1494_3 = icmp sgt i4 %tmp_data_V_3, 0" [firmware/nnet_utils/nnet_activation_stream.h:51]   --->   Operation 112 'icmp' 'icmp_ln1494_3' <Predicate = (!icmp_ln41)> <Delay = 1.30> <Core = "Cmp">   --->   Core 25 'Cmp' <Latency = 0> <II = 1> <Delay = 1.30> <FuncUnit> <Opcode : 'icmp'> <InPorts = 2> <OutPorts = 1>
ST_3 : Operation 113 [1/1] (1.30ns)   --->   "%icmp_ln1494_4 = icmp sgt i4 %tmp_data_V_4, 0" [firmware/nnet_utils/nnet_activation_stream.h:51]   --->   Operation 113 'icmp' 'icmp_ln1494_4' <Predicate = (!icmp_ln41)> <Delay = 1.30> <Core = "Cmp">   --->   Core 25 'Cmp' <Latency = 0> <II = 1> <Delay = 1.30> <FuncUnit> <Opcode : 'icmp'> <InPorts = 2> <OutPorts = 1>
ST_3 : Operation 114 [1/1] (1.30ns)   --->   "%icmp_ln1494_5 = icmp sgt i4 %tmp_data_V_5, 0" [firmware/nnet_utils/nnet_activation_stream.h:51]   --->   Operation 114 'icmp' 'icmp_ln1494_5' <Predicate = (!icmp_ln41)> <Delay = 1.30> <Core = "Cmp">   --->   Core 25 'Cmp' <Latency = 0> <II = 1> <Delay = 1.30> <FuncUnit> <Opcode : 'icmp'> <InPorts = 2> <OutPorts = 1>
ST_3 : Operation 115 [1/1] (1.30ns)   --->   "%icmp_ln1494_6 = icmp sgt i4 %tmp_data_V_6, 0" [firmware/nnet_utils/nnet_activation_stream.h:51]   --->   Operation 115 'icmp' 'icmp_ln1494_6' <Predicate = (!icmp_ln41)> <Delay = 1.30> <Core = "Cmp">   --->   Core 25 'Cmp' <Latency = 0> <II = 1> <Delay = 1.30> <FuncUnit> <Opcode : 'icmp'> <InPorts = 2> <OutPorts = 1>
ST_3 : Operation 116 [1/1] (1.30ns)   --->   "%icmp_ln1494_7 = icmp sgt i4 %tmp_data_V_737, 0" [firmware/nnet_utils/nnet_activation_stream.h:51]   --->   Operation 116 'icmp' 'icmp_ln1494_7' <Predicate = (!icmp_ln41)> <Delay = 1.30> <Core = "Cmp">   --->   Core 25 'Cmp' <Latency = 0> <II = 1> <Delay = 1.30> <FuncUnit> <Opcode : 'icmp'> <InPorts = 2> <OutPorts = 1>
ST_3 : Operation 117 [1/1] (1.30ns)   --->   "%icmp_ln1494_8 = icmp sgt i4 %tmp_data_V_8, 0" [firmware/nnet_utils/nnet_activation_stream.h:51]   --->   Operation 117 'icmp' 'icmp_ln1494_8' <Predicate = (!icmp_ln41)> <Delay = 1.30> <Core = "Cmp">   --->   Core 25 'Cmp' <Latency = 0> <II = 1> <Delay = 1.30> <FuncUnit> <Opcode : 'icmp'> <InPorts = 2> <OutPorts = 1>
ST_3 : Operation 118 [1/1] (1.30ns)   --->   "%icmp_ln1494_9 = icmp sgt i4 %tmp_data_V_9, 0" [firmware/nnet_utils/nnet_activation_stream.h:51]   --->   Operation 118 'icmp' 'icmp_ln1494_9' <Predicate = (!icmp_ln41)> <Delay = 1.30> <Core = "Cmp">   --->   Core 25 'Cmp' <Latency = 0> <II = 1> <Delay = 1.30> <FuncUnit> <Opcode : 'icmp'> <InPorts = 2> <OutPorts = 1>
ST_3 : Operation 119 [1/1] (1.30ns)   --->   "%icmp_ln1494_10 = icmp sgt i4 %tmp_data_V_10, 0" [firmware/nnet_utils/nnet_activation_stream.h:51]   --->   Operation 119 'icmp' 'icmp_ln1494_10' <Predicate = (!icmp_ln41)> <Delay = 1.30> <Core = "Cmp">   --->   Core 25 'Cmp' <Latency = 0> <II = 1> <Delay = 1.30> <FuncUnit> <Opcode : 'icmp'> <InPorts = 2> <OutPorts = 1>
ST_3 : Operation 120 [1/1] (1.30ns)   --->   "%icmp_ln1494_11 = icmp sgt i4 %tmp_data_V_11, 0" [firmware/nnet_utils/nnet_activation_stream.h:51]   --->   Operation 120 'icmp' 'icmp_ln1494_11' <Predicate = (!icmp_ln41)> <Delay = 1.30> <Core = "Cmp">   --->   Core 25 'Cmp' <Latency = 0> <II = 1> <Delay = 1.30> <FuncUnit> <Opcode : 'icmp'> <InPorts = 2> <OutPorts = 1>
ST_3 : Operation 121 [1/1] (1.30ns)   --->   "%icmp_ln1494_12 = icmp sgt i4 %tmp_data_V_12, 0" [firmware/nnet_utils/nnet_activation_stream.h:51]   --->   Operation 121 'icmp' 'icmp_ln1494_12' <Predicate = (!icmp_ln41)> <Delay = 1.30> <Core = "Cmp">   --->   Core 25 'Cmp' <Latency = 0> <II = 1> <Delay = 1.30> <FuncUnit> <Opcode : 'icmp'> <InPorts = 2> <OutPorts = 1>
ST_3 : Operation 122 [1/1] (1.30ns)   --->   "%icmp_ln1494_13 = icmp sgt i4 %tmp_data_V_13, 0" [firmware/nnet_utils/nnet_activation_stream.h:51]   --->   Operation 122 'icmp' 'icmp_ln1494_13' <Predicate = (!icmp_ln41)> <Delay = 1.30> <Core = "Cmp">   --->   Core 25 'Cmp' <Latency = 0> <II = 1> <Delay = 1.30> <FuncUnit> <Opcode : 'icmp'> <InPorts = 2> <OutPorts = 1>
ST_3 : Operation 123 [1/1] (1.30ns)   --->   "%icmp_ln1494_14 = icmp sgt i4 %tmp_data_V_14, 0" [firmware/nnet_utils/nnet_activation_stream.h:51]   --->   Operation 123 'icmp' 'icmp_ln1494_14' <Predicate = (!icmp_ln41)> <Delay = 1.30> <Core = "Cmp">   --->   Core 25 'Cmp' <Latency = 0> <II = 1> <Delay = 1.30> <FuncUnit> <Opcode : 'icmp'> <InPorts = 2> <OutPorts = 1>
ST_3 : Operation 124 [1/1] (1.30ns)   --->   "%icmp_ln1494_15 = icmp sgt i4 %tmp_data_V_15, 0" [firmware/nnet_utils/nnet_activation_stream.h:51]   --->   Operation 124 'icmp' 'icmp_ln1494_15' <Predicate = (!icmp_ln41)> <Delay = 1.30> <Core = "Cmp">   --->   Core 25 'Cmp' <Latency = 0> <II = 1> <Delay = 1.30> <FuncUnit> <Opcode : 'icmp'> <InPorts = 2> <OutPorts = 1>
ST_3 : Operation 125 [1/1] (1.30ns)   --->   "%icmp_ln1494_16 = icmp sgt i4 %tmp_data_V_16, 0" [firmware/nnet_utils/nnet_activation_stream.h:51]   --->   Operation 125 'icmp' 'icmp_ln1494_16' <Predicate = (!icmp_ln41)> <Delay = 1.30> <Core = "Cmp">   --->   Core 25 'Cmp' <Latency = 0> <II = 1> <Delay = 1.30> <FuncUnit> <Opcode : 'icmp'> <InPorts = 2> <OutPorts = 1>
ST_3 : Operation 126 [1/1] (1.30ns)   --->   "%icmp_ln1494_17 = icmp sgt i4 %tmp_data_V_17, 0" [firmware/nnet_utils/nnet_activation_stream.h:51]   --->   Operation 126 'icmp' 'icmp_ln1494_17' <Predicate = (!icmp_ln41)> <Delay = 1.30> <Core = "Cmp">   --->   Core 25 'Cmp' <Latency = 0> <II = 1> <Delay = 1.30> <FuncUnit> <Opcode : 'icmp'> <InPorts = 2> <OutPorts = 1>
ST_3 : Operation 127 [1/1] (1.30ns)   --->   "%icmp_ln1494_18 = icmp sgt i4 %tmp_data_V_18, 0" [firmware/nnet_utils/nnet_activation_stream.h:51]   --->   Operation 127 'icmp' 'icmp_ln1494_18' <Predicate = (!icmp_ln41)> <Delay = 1.30> <Core = "Cmp">   --->   Core 25 'Cmp' <Latency = 0> <II = 1> <Delay = 1.30> <FuncUnit> <Opcode : 'icmp'> <InPorts = 2> <OutPorts = 1>
ST_3 : Operation 128 [1/1] (1.30ns)   --->   "%icmp_ln1494_19 = icmp sgt i4 %tmp_data_V_19, 0" [firmware/nnet_utils/nnet_activation_stream.h:51]   --->   Operation 128 'icmp' 'icmp_ln1494_19' <Predicate = (!icmp_ln41)> <Delay = 1.30> <Core = "Cmp">   --->   Core 25 'Cmp' <Latency = 0> <II = 1> <Delay = 1.30> <FuncUnit> <Opcode : 'icmp'> <InPorts = 2> <OutPorts = 1>
ST_3 : Operation 129 [1/1] (1.30ns)   --->   "%icmp_ln1494_20 = icmp sgt i4 %tmp_data_V_20, 0" [firmware/nnet_utils/nnet_activation_stream.h:51]   --->   Operation 129 'icmp' 'icmp_ln1494_20' <Predicate = (!icmp_ln41)> <Delay = 1.30> <Core = "Cmp">   --->   Core 25 'Cmp' <Latency = 0> <II = 1> <Delay = 1.30> <FuncUnit> <Opcode : 'icmp'> <InPorts = 2> <OutPorts = 1>
ST_3 : Operation 130 [1/1] (1.30ns)   --->   "%icmp_ln1494_21 = icmp sgt i4 %tmp_data_V_21, 0" [firmware/nnet_utils/nnet_activation_stream.h:51]   --->   Operation 130 'icmp' 'icmp_ln1494_21' <Predicate = (!icmp_ln41)> <Delay = 1.30> <Core = "Cmp">   --->   Core 25 'Cmp' <Latency = 0> <II = 1> <Delay = 1.30> <FuncUnit> <Opcode : 'icmp'> <InPorts = 2> <OutPorts = 1>
ST_3 : Operation 131 [1/1] (1.30ns)   --->   "%icmp_ln1494_22 = icmp sgt i4 %tmp_data_V_22, 0" [firmware/nnet_utils/nnet_activation_stream.h:51]   --->   Operation 131 'icmp' 'icmp_ln1494_22' <Predicate = (!icmp_ln41)> <Delay = 1.30> <Core = "Cmp">   --->   Core 25 'Cmp' <Latency = 0> <II = 1> <Delay = 1.30> <FuncUnit> <Opcode : 'icmp'> <InPorts = 2> <OutPorts = 1>
ST_3 : Operation 132 [1/1] (1.30ns)   --->   "%icmp_ln1494_23 = icmp sgt i4 %tmp_data_V_23, 0" [firmware/nnet_utils/nnet_activation_stream.h:51]   --->   Operation 132 'icmp' 'icmp_ln1494_23' <Predicate = (!icmp_ln41)> <Delay = 1.30> <Core = "Cmp">   --->   Core 25 'Cmp' <Latency = 0> <II = 1> <Delay = 1.30> <FuncUnit> <Opcode : 'icmp'> <InPorts = 2> <OutPorts = 1>
ST_3 : Operation 133 [1/1] (1.30ns)   --->   "%icmp_ln1494_24 = icmp sgt i4 %tmp_data_V_24, 0" [firmware/nnet_utils/nnet_activation_stream.h:51]   --->   Operation 133 'icmp' 'icmp_ln1494_24' <Predicate = (!icmp_ln41)> <Delay = 1.30> <Core = "Cmp">   --->   Core 25 'Cmp' <Latency = 0> <II = 1> <Delay = 1.30> <FuncUnit> <Opcode : 'icmp'> <InPorts = 2> <OutPorts = 1>
ST_3 : Operation 134 [1/1] (1.30ns)   --->   "%icmp_ln1494_25 = icmp sgt i4 %tmp_data_V_25, 0" [firmware/nnet_utils/nnet_activation_stream.h:51]   --->   Operation 134 'icmp' 'icmp_ln1494_25' <Predicate = (!icmp_ln41)> <Delay = 1.30> <Core = "Cmp">   --->   Core 25 'Cmp' <Latency = 0> <II = 1> <Delay = 1.30> <FuncUnit> <Opcode : 'icmp'> <InPorts = 2> <OutPorts = 1>
ST_3 : Operation 135 [1/1] (1.30ns)   --->   "%icmp_ln1494_26 = icmp sgt i4 %tmp_data_V_26, 0" [firmware/nnet_utils/nnet_activation_stream.h:51]   --->   Operation 135 'icmp' 'icmp_ln1494_26' <Predicate = (!icmp_ln41)> <Delay = 1.30> <Core = "Cmp">   --->   Core 25 'Cmp' <Latency = 0> <II = 1> <Delay = 1.30> <FuncUnit> <Opcode : 'icmp'> <InPorts = 2> <OutPorts = 1>
ST_3 : Operation 136 [1/1] (1.30ns)   --->   "%icmp_ln1494_27 = icmp sgt i4 %tmp_data_V_27, 0" [firmware/nnet_utils/nnet_activation_stream.h:51]   --->   Operation 136 'icmp' 'icmp_ln1494_27' <Predicate = (!icmp_ln41)> <Delay = 1.30> <Core = "Cmp">   --->   Core 25 'Cmp' <Latency = 0> <II = 1> <Delay = 1.30> <FuncUnit> <Opcode : 'icmp'> <InPorts = 2> <OutPorts = 1>
ST_3 : Operation 137 [1/1] (1.30ns)   --->   "%icmp_ln1494_28 = icmp sgt i4 %tmp_data_V_28, 0" [firmware/nnet_utils/nnet_activation_stream.h:51]   --->   Operation 137 'icmp' 'icmp_ln1494_28' <Predicate = (!icmp_ln41)> <Delay = 1.30> <Core = "Cmp">   --->   Core 25 'Cmp' <Latency = 0> <II = 1> <Delay = 1.30> <FuncUnit> <Opcode : 'icmp'> <InPorts = 2> <OutPorts = 1>
ST_3 : Operation 138 [1/1] (1.30ns)   --->   "%icmp_ln1494_29 = icmp sgt i4 %tmp_data_V_29, 0" [firmware/nnet_utils/nnet_activation_stream.h:51]   --->   Operation 138 'icmp' 'icmp_ln1494_29' <Predicate = (!icmp_ln41)> <Delay = 1.30> <Core = "Cmp">   --->   Core 25 'Cmp' <Latency = 0> <II = 1> <Delay = 1.30> <FuncUnit> <Opcode : 'icmp'> <InPorts = 2> <OutPorts = 1>
ST_3 : Operation 139 [1/1] (1.30ns)   --->   "%icmp_ln1494_30 = icmp sgt i4 %tmp_data_V_30, 0" [firmware/nnet_utils/nnet_activation_stream.h:51]   --->   Operation 139 'icmp' 'icmp_ln1494_30' <Predicate = (!icmp_ln41)> <Delay = 1.30> <Core = "Cmp">   --->   Core 25 'Cmp' <Latency = 0> <II = 1> <Delay = 1.30> <FuncUnit> <Opcode : 'icmp'> <InPorts = 2> <OutPorts = 1>
ST_3 : Operation 140 [1/1] (1.30ns)   --->   "%icmp_ln1494_31 = icmp sgt i4 %tmp_data_V_31, 0" [firmware/nnet_utils/nnet_activation_stream.h:51]   --->   Operation 140 'icmp' 'icmp_ln1494_31' <Predicate = (!icmp_ln41)> <Delay = 1.30> <Core = "Cmp">   --->   Core 25 'Cmp' <Latency = 0> <II = 1> <Delay = 1.30> <FuncUnit> <Opcode : 'icmp'> <InPorts = 2> <OutPorts = 1>

State 4 <SV = 3> <Delay = 3.21>
ST_4 : Operation 141 [1/1] (0.00ns)   --->   "call void (...)* @_ssdm_op_SpecLoopName([12 x i8]* @p_str41) nounwind" [firmware/nnet_utils/nnet_activation_stream.h:41]   --->   Operation 141 'specloopname' <Predicate = (!icmp_ln41)> <Delay = 0.00>
ST_4 : Operation 142 [1/1] (0.00ns)   --->   "%tmp = call i32 (...)* @_ssdm_op_SpecRegionBegin([12 x i8]* @p_str41)" [firmware/nnet_utils/nnet_activation_stream.h:41]   --->   Operation 142 'specregionbegin' 'tmp' <Predicate = (!icmp_ln41)> <Delay = 0.00>
ST_4 : Operation 143 [1/1] (0.00ns)   --->   "call void (...)* @_ssdm_op_SpecPipeline(i32 -1, i32 1, i32 1, i32 0, [1 x i8]* @p_str10) nounwind" [firmware/nnet_utils/nnet_activation_stream.h:42]   --->   Operation 143 'specpipeline' <Predicate = (!icmp_ln41)> <Delay = 0.00>
ST_4 : Operation 144 [1/1] (1.02ns)   --->   "%tmp_data_0_V = select i1 %icmp_ln1494, i4 %tmp_data_V_0, i4 0" [firmware/nnet_utils/nnet_activation_stream.h:51]   --->   Operation 144 'select' 'tmp_data_0_V' <Predicate = (!icmp_ln41)> <Delay = 1.02> <Core = "Sel">   --->   Core 26 'Sel' <Latency = 0> <II = 1> <Delay = 1.02> <FuncUnit> <Opcode : 'select'> <InPorts = 3> <OutPorts = 1>
ST_4 : Operation 145 [1/1] (1.02ns)   --->   "%tmp_data_1_V = select i1 %icmp_ln1494_1, i4 %tmp_data_V_1, i4 0" [firmware/nnet_utils/nnet_activation_stream.h:51]   --->   Operation 145 'select' 'tmp_data_1_V' <Predicate = (!icmp_ln41)> <Delay = 1.02> <Core = "Sel">   --->   Core 26 'Sel' <Latency = 0> <II = 1> <Delay = 1.02> <FuncUnit> <Opcode : 'select'> <InPorts = 3> <OutPorts = 1>
ST_4 : Operation 146 [1/1] (1.02ns)   --->   "%tmp_data_2_V = select i1 %icmp_ln1494_2, i4 %tmp_data_V_2, i4 0" [firmware/nnet_utils/nnet_activation_stream.h:51]   --->   Operation 146 'select' 'tmp_data_2_V' <Predicate = (!icmp_ln41)> <Delay = 1.02> <Core = "Sel">   --->   Core 26 'Sel' <Latency = 0> <II = 1> <Delay = 1.02> <FuncUnit> <Opcode : 'select'> <InPorts = 3> <OutPorts = 1>
ST_4 : Operation 147 [1/1] (1.02ns)   --->   "%tmp_data_3_V = select i1 %icmp_ln1494_3, i4 %tmp_data_V_3, i4 0" [firmware/nnet_utils/nnet_activation_stream.h:51]   --->   Operation 147 'select' 'tmp_data_3_V' <Predicate = (!icmp_ln41)> <Delay = 1.02> <Core = "Sel">   --->   Core 26 'Sel' <Latency = 0> <II = 1> <Delay = 1.02> <FuncUnit> <Opcode : 'select'> <InPorts = 3> <OutPorts = 1>
ST_4 : Operation 148 [1/1] (1.02ns)   --->   "%tmp_data_4_V = select i1 %icmp_ln1494_4, i4 %tmp_data_V_4, i4 0" [firmware/nnet_utils/nnet_activation_stream.h:51]   --->   Operation 148 'select' 'tmp_data_4_V' <Predicate = (!icmp_ln41)> <Delay = 1.02> <Core = "Sel">   --->   Core 26 'Sel' <Latency = 0> <II = 1> <Delay = 1.02> <FuncUnit> <Opcode : 'select'> <InPorts = 3> <OutPorts = 1>
ST_4 : Operation 149 [1/1] (1.02ns)   --->   "%tmp_data_5_V = select i1 %icmp_ln1494_5, i4 %tmp_data_V_5, i4 0" [firmware/nnet_utils/nnet_activation_stream.h:51]   --->   Operation 149 'select' 'tmp_data_5_V' <Predicate = (!icmp_ln41)> <Delay = 1.02> <Core = "Sel">   --->   Core 26 'Sel' <Latency = 0> <II = 1> <Delay = 1.02> <FuncUnit> <Opcode : 'select'> <InPorts = 3> <OutPorts = 1>
ST_4 : Operation 150 [1/1] (1.02ns)   --->   "%tmp_data_6_V = select i1 %icmp_ln1494_6, i4 %tmp_data_V_6, i4 0" [firmware/nnet_utils/nnet_activation_stream.h:51]   --->   Operation 150 'select' 'tmp_data_6_V' <Predicate = (!icmp_ln41)> <Delay = 1.02> <Core = "Sel">   --->   Core 26 'Sel' <Latency = 0> <II = 1> <Delay = 1.02> <FuncUnit> <Opcode : 'select'> <InPorts = 3> <OutPorts = 1>
ST_4 : Operation 151 [1/1] (1.02ns)   --->   "%tmp_data_7_V = select i1 %icmp_ln1494_7, i4 %tmp_data_V_737, i4 0" [firmware/nnet_utils/nnet_activation_stream.h:51]   --->   Operation 151 'select' 'tmp_data_7_V' <Predicate = (!icmp_ln41)> <Delay = 1.02> <Core = "Sel">   --->   Core 26 'Sel' <Latency = 0> <II = 1> <Delay = 1.02> <FuncUnit> <Opcode : 'select'> <InPorts = 3> <OutPorts = 1>
ST_4 : Operation 152 [1/1] (1.02ns)   --->   "%tmp_data_8_V = select i1 %icmp_ln1494_8, i4 %tmp_data_V_8, i4 0" [firmware/nnet_utils/nnet_activation_stream.h:51]   --->   Operation 152 'select' 'tmp_data_8_V' <Predicate = (!icmp_ln41)> <Delay = 1.02> <Core = "Sel">   --->   Core 26 'Sel' <Latency = 0> <II = 1> <Delay = 1.02> <FuncUnit> <Opcode : 'select'> <InPorts = 3> <OutPorts = 1>
ST_4 : Operation 153 [1/1] (1.02ns)   --->   "%tmp_data_9_V = select i1 %icmp_ln1494_9, i4 %tmp_data_V_9, i4 0" [firmware/nnet_utils/nnet_activation_stream.h:51]   --->   Operation 153 'select' 'tmp_data_9_V' <Predicate = (!icmp_ln41)> <Delay = 1.02> <Core = "Sel">   --->   Core 26 'Sel' <Latency = 0> <II = 1> <Delay = 1.02> <FuncUnit> <Opcode : 'select'> <InPorts = 3> <OutPorts = 1>
ST_4 : Operation 154 [1/1] (1.02ns)   --->   "%tmp_data_10_V = select i1 %icmp_ln1494_10, i4 %tmp_data_V_10, i4 0" [firmware/nnet_utils/nnet_activation_stream.h:51]   --->   Operation 154 'select' 'tmp_data_10_V' <Predicate = (!icmp_ln41)> <Delay = 1.02> <Core = "Sel">   --->   Core 26 'Sel' <Latency = 0> <II = 1> <Delay = 1.02> <FuncUnit> <Opcode : 'select'> <InPorts = 3> <OutPorts = 1>
ST_4 : Operation 155 [1/1] (1.02ns)   --->   "%tmp_data_11_V = select i1 %icmp_ln1494_11, i4 %tmp_data_V_11, i4 0" [firmware/nnet_utils/nnet_activation_stream.h:51]   --->   Operation 155 'select' 'tmp_data_11_V' <Predicate = (!icmp_ln41)> <Delay = 1.02> <Core = "Sel">   --->   Core 26 'Sel' <Latency = 0> <II = 1> <Delay = 1.02> <FuncUnit> <Opcode : 'select'> <InPorts = 3> <OutPorts = 1>
ST_4 : Operation 156 [1/1] (1.02ns)   --->   "%tmp_data_12_V = select i1 %icmp_ln1494_12, i4 %tmp_data_V_12, i4 0" [firmware/nnet_utils/nnet_activation_stream.h:51]   --->   Operation 156 'select' 'tmp_data_12_V' <Predicate = (!icmp_ln41)> <Delay = 1.02> <Core = "Sel">   --->   Core 26 'Sel' <Latency = 0> <II = 1> <Delay = 1.02> <FuncUnit> <Opcode : 'select'> <InPorts = 3> <OutPorts = 1>
ST_4 : Operation 157 [1/1] (1.02ns)   --->   "%tmp_data_13_V = select i1 %icmp_ln1494_13, i4 %tmp_data_V_13, i4 0" [firmware/nnet_utils/nnet_activation_stream.h:51]   --->   Operation 157 'select' 'tmp_data_13_V' <Predicate = (!icmp_ln41)> <Delay = 1.02> <Core = "Sel">   --->   Core 26 'Sel' <Latency = 0> <II = 1> <Delay = 1.02> <FuncUnit> <Opcode : 'select'> <InPorts = 3> <OutPorts = 1>
ST_4 : Operation 158 [1/1] (1.02ns)   --->   "%tmp_data_14_V = select i1 %icmp_ln1494_14, i4 %tmp_data_V_14, i4 0" [firmware/nnet_utils/nnet_activation_stream.h:51]   --->   Operation 158 'select' 'tmp_data_14_V' <Predicate = (!icmp_ln41)> <Delay = 1.02> <Core = "Sel">   --->   Core 26 'Sel' <Latency = 0> <II = 1> <Delay = 1.02> <FuncUnit> <Opcode : 'select'> <InPorts = 3> <OutPorts = 1>
ST_4 : Operation 159 [1/1] (1.02ns)   --->   "%tmp_data_15_V = select i1 %icmp_ln1494_15, i4 %tmp_data_V_15, i4 0" [firmware/nnet_utils/nnet_activation_stream.h:51]   --->   Operation 159 'select' 'tmp_data_15_V' <Predicate = (!icmp_ln41)> <Delay = 1.02> <Core = "Sel">   --->   Core 26 'Sel' <Latency = 0> <II = 1> <Delay = 1.02> <FuncUnit> <Opcode : 'select'> <InPorts = 3> <OutPorts = 1>
ST_4 : Operation 160 [1/1] (1.02ns)   --->   "%tmp_data_16_V = select i1 %icmp_ln1494_16, i4 %tmp_data_V_16, i4 0" [firmware/nnet_utils/nnet_activation_stream.h:51]   --->   Operation 160 'select' 'tmp_data_16_V' <Predicate = (!icmp_ln41)> <Delay = 1.02> <Core = "Sel">   --->   Core 26 'Sel' <Latency = 0> <II = 1> <Delay = 1.02> <FuncUnit> <Opcode : 'select'> <InPorts = 3> <OutPorts = 1>
ST_4 : Operation 161 [1/1] (1.02ns)   --->   "%tmp_data_17_V = select i1 %icmp_ln1494_17, i4 %tmp_data_V_17, i4 0" [firmware/nnet_utils/nnet_activation_stream.h:51]   --->   Operation 161 'select' 'tmp_data_17_V' <Predicate = (!icmp_ln41)> <Delay = 1.02> <Core = "Sel">   --->   Core 26 'Sel' <Latency = 0> <II = 1> <Delay = 1.02> <FuncUnit> <Opcode : 'select'> <InPorts = 3> <OutPorts = 1>
ST_4 : Operation 162 [1/1] (1.02ns)   --->   "%tmp_data_18_V = select i1 %icmp_ln1494_18, i4 %tmp_data_V_18, i4 0" [firmware/nnet_utils/nnet_activation_stream.h:51]   --->   Operation 162 'select' 'tmp_data_18_V' <Predicate = (!icmp_ln41)> <Delay = 1.02> <Core = "Sel">   --->   Core 26 'Sel' <Latency = 0> <II = 1> <Delay = 1.02> <FuncUnit> <Opcode : 'select'> <InPorts = 3> <OutPorts = 1>
ST_4 : Operation 163 [1/1] (1.02ns)   --->   "%tmp_data_19_V = select i1 %icmp_ln1494_19, i4 %tmp_data_V_19, i4 0" [firmware/nnet_utils/nnet_activation_stream.h:51]   --->   Operation 163 'select' 'tmp_data_19_V' <Predicate = (!icmp_ln41)> <Delay = 1.02> <Core = "Sel">   --->   Core 26 'Sel' <Latency = 0> <II = 1> <Delay = 1.02> <FuncUnit> <Opcode : 'select'> <InPorts = 3> <OutPorts = 1>
ST_4 : Operation 164 [1/1] (1.02ns)   --->   "%tmp_data_20_V = select i1 %icmp_ln1494_20, i4 %tmp_data_V_20, i4 0" [firmware/nnet_utils/nnet_activation_stream.h:51]   --->   Operation 164 'select' 'tmp_data_20_V' <Predicate = (!icmp_ln41)> <Delay = 1.02> <Core = "Sel">   --->   Core 26 'Sel' <Latency = 0> <II = 1> <Delay = 1.02> <FuncUnit> <Opcode : 'select'> <InPorts = 3> <OutPorts = 1>
ST_4 : Operation 165 [1/1] (1.02ns)   --->   "%tmp_data_21_V = select i1 %icmp_ln1494_21, i4 %tmp_data_V_21, i4 0" [firmware/nnet_utils/nnet_activation_stream.h:51]   --->   Operation 165 'select' 'tmp_data_21_V' <Predicate = (!icmp_ln41)> <Delay = 1.02> <Core = "Sel">   --->   Core 26 'Sel' <Latency = 0> <II = 1> <Delay = 1.02> <FuncUnit> <Opcode : 'select'> <InPorts = 3> <OutPorts = 1>
ST_4 : Operation 166 [1/1] (1.02ns)   --->   "%tmp_data_22_V = select i1 %icmp_ln1494_22, i4 %tmp_data_V_22, i4 0" [firmware/nnet_utils/nnet_activation_stream.h:51]   --->   Operation 166 'select' 'tmp_data_22_V' <Predicate = (!icmp_ln41)> <Delay = 1.02> <Core = "Sel">   --->   Core 26 'Sel' <Latency = 0> <II = 1> <Delay = 1.02> <FuncUnit> <Opcode : 'select'> <InPorts = 3> <OutPorts = 1>
ST_4 : Operation 167 [1/1] (1.02ns)   --->   "%tmp_data_23_V = select i1 %icmp_ln1494_23, i4 %tmp_data_V_23, i4 0" [firmware/nnet_utils/nnet_activation_stream.h:51]   --->   Operation 167 'select' 'tmp_data_23_V' <Predicate = (!icmp_ln41)> <Delay = 1.02> <Core = "Sel">   --->   Core 26 'Sel' <Latency = 0> <II = 1> <Delay = 1.02> <FuncUnit> <Opcode : 'select'> <InPorts = 3> <OutPorts = 1>
ST_4 : Operation 168 [1/1] (1.02ns)   --->   "%tmp_data_24_V = select i1 %icmp_ln1494_24, i4 %tmp_data_V_24, i4 0" [firmware/nnet_utils/nnet_activation_stream.h:51]   --->   Operation 168 'select' 'tmp_data_24_V' <Predicate = (!icmp_ln41)> <Delay = 1.02> <Core = "Sel">   --->   Core 26 'Sel' <Latency = 0> <II = 1> <Delay = 1.02> <FuncUnit> <Opcode : 'select'> <InPorts = 3> <OutPorts = 1>
ST_4 : Operation 169 [1/1] (1.02ns)   --->   "%tmp_data_25_V = select i1 %icmp_ln1494_25, i4 %tmp_data_V_25, i4 0" [firmware/nnet_utils/nnet_activation_stream.h:51]   --->   Operation 169 'select' 'tmp_data_25_V' <Predicate = (!icmp_ln41)> <Delay = 1.02> <Core = "Sel">   --->   Core 26 'Sel' <Latency = 0> <II = 1> <Delay = 1.02> <FuncUnit> <Opcode : 'select'> <InPorts = 3> <OutPorts = 1>
ST_4 : Operation 170 [1/1] (1.02ns)   --->   "%tmp_data_26_V = select i1 %icmp_ln1494_26, i4 %tmp_data_V_26, i4 0" [firmware/nnet_utils/nnet_activation_stream.h:51]   --->   Operation 170 'select' 'tmp_data_26_V' <Predicate = (!icmp_ln41)> <Delay = 1.02> <Core = "Sel">   --->   Core 26 'Sel' <Latency = 0> <II = 1> <Delay = 1.02> <FuncUnit> <Opcode : 'select'> <InPorts = 3> <OutPorts = 1>
ST_4 : Operation 171 [1/1] (1.02ns)   --->   "%tmp_data_27_V = select i1 %icmp_ln1494_27, i4 %tmp_data_V_27, i4 0" [firmware/nnet_utils/nnet_activation_stream.h:51]   --->   Operation 171 'select' 'tmp_data_27_V' <Predicate = (!icmp_ln41)> <Delay = 1.02> <Core = "Sel">   --->   Core 26 'Sel' <Latency = 0> <II = 1> <Delay = 1.02> <FuncUnit> <Opcode : 'select'> <InPorts = 3> <OutPorts = 1>
ST_4 : Operation 172 [1/1] (1.02ns)   --->   "%tmp_data_28_V = select i1 %icmp_ln1494_28, i4 %tmp_data_V_28, i4 0" [firmware/nnet_utils/nnet_activation_stream.h:51]   --->   Operation 172 'select' 'tmp_data_28_V' <Predicate = (!icmp_ln41)> <Delay = 1.02> <Core = "Sel">   --->   Core 26 'Sel' <Latency = 0> <II = 1> <Delay = 1.02> <FuncUnit> <Opcode : 'select'> <InPorts = 3> <OutPorts = 1>
ST_4 : Operation 173 [1/1] (1.02ns)   --->   "%tmp_data_29_V = select i1 %icmp_ln1494_29, i4 %tmp_data_V_29, i4 0" [firmware/nnet_utils/nnet_activation_stream.h:51]   --->   Operation 173 'select' 'tmp_data_29_V' <Predicate = (!icmp_ln41)> <Delay = 1.02> <Core = "Sel">   --->   Core 26 'Sel' <Latency = 0> <II = 1> <Delay = 1.02> <FuncUnit> <Opcode : 'select'> <InPorts = 3> <OutPorts = 1>
ST_4 : Operation 174 [1/1] (1.02ns)   --->   "%tmp_data_30_V = select i1 %icmp_ln1494_30, i4 %tmp_data_V_30, i4 0" [firmware/nnet_utils/nnet_activation_stream.h:51]   --->   Operation 174 'select' 'tmp_data_30_V' <Predicate = (!icmp_ln41)> <Delay = 1.02> <Core = "Sel">   --->   Core 26 'Sel' <Latency = 0> <II = 1> <Delay = 1.02> <FuncUnit> <Opcode : 'select'> <InPorts = 3> <OutPorts = 1>
ST_4 : Operation 175 [1/1] (1.02ns)   --->   "%tmp_data_31_V = select i1 %icmp_ln1494_31, i4 %tmp_data_V_31, i4 0" [firmware/nnet_utils/nnet_activation_stream.h:51]   --->   Operation 175 'select' 'tmp_data_31_V' <Predicate = (!icmp_ln41)> <Delay = 1.02> <Core = "Sel">   --->   Core 26 'Sel' <Latency = 0> <II = 1> <Delay = 1.02> <FuncUnit> <Opcode : 'select'> <InPorts = 3> <OutPorts = 1>
ST_4 : Operation 176 [1/1] (2.18ns)   --->   "call void @_ssdm_op_Write.ap_fifo.volatile.i4P.i4P.i4P.i4P.i4P.i4P.i4P.i4P.i4P.i4P.i4P.i4P.i4P.i4P.i4P.i4P.i4P.i4P.i4P.i4P.i4P.i4P.i4P.i4P.i4P.i4P.i4P.i4P.i4P.i4P.i4P.i4P(i4* %res_V_data_0_V, i4* %res_V_data_1_V, i4* %res_V_data_2_V, i4* %res_V_data_3_V, i4* %res_V_data_4_V, i4* %res_V_data_5_V, i4* %res_V_data_6_V, i4* %res_V_data_7_V, i4* %res_V_data_8_V, i4* %res_V_data_9_V, i4* %res_V_data_10_V, i4* %res_V_data_11_V, i4* %res_V_data_12_V, i4* %res_V_data_13_V, i4* %res_V_data_14_V, i4* %res_V_data_15_V, i4* %res_V_data_16_V, i4* %res_V_data_17_V, i4* %res_V_data_18_V, i4* %res_V_data_19_V, i4* %res_V_data_20_V, i4* %res_V_data_21_V, i4* %res_V_data_22_V, i4* %res_V_data_23_V, i4* %res_V_data_24_V, i4* %res_V_data_25_V, i4* %res_V_data_26_V, i4* %res_V_data_27_V, i4* %res_V_data_28_V, i4* %res_V_data_29_V, i4* %res_V_data_30_V, i4* %res_V_data_31_V, i4 %tmp_data_0_V, i4 %tmp_data_1_V, i4 %tmp_data_2_V, i4 %tmp_data_3_V, i4 %tmp_data_4_V, i4 %tmp_data_5_V, i4 %tmp_data_6_V, i4 %tmp_data_7_V, i4 %tmp_data_8_V, i4 %tmp_data_9_V, i4 %tmp_data_10_V, i4 %tmp_data_11_V, i4 %tmp_data_12_V, i4 %tmp_data_13_V, i4 %tmp_data_14_V, i4 %tmp_data_15_V, i4 %tmp_data_16_V, i4 %tmp_data_17_V, i4 %tmp_data_18_V, i4 %tmp_data_19_V, i4 %tmp_data_20_V, i4 %tmp_data_21_V, i4 %tmp_data_22_V, i4 %tmp_data_23_V, i4 %tmp_data_24_V, i4 %tmp_data_25_V, i4 %tmp_data_26_V, i4 %tmp_data_27_V, i4 %tmp_data_28_V, i4 %tmp_data_29_V, i4 %tmp_data_30_V, i4 %tmp_data_31_V)" [firmware/nnet_utils/nnet_activation_stream.h:57]   --->   Operation 176 'write' <Predicate = (!icmp_ln41)> <Delay = 2.18> <Core = "FIFO">   --->   Core 32 'FIFO' <Latency = 0> <II = 1> <Delay = 3.63> <Storage> <Opcode : 'read' 'write' 'nbread' 'nbwrite'> <Ports = 0> <Width = 4> <Depth = 3> <FIFO>
ST_4 : Operation 177 [1/1] (0.00ns)   --->   "%empty_30 = call i32 (...)* @_ssdm_op_SpecRegionEnd([12 x i8]* @p_str41, i32 %tmp)" [firmware/nnet_utils/nnet_activation_stream.h:58]   --->   Operation 177 'specregionend' 'empty_30' <Predicate = (!icmp_ln41)> <Delay = 0.00>
ST_4 : Operation 178 [1/1] (0.00ns)   --->   "br label %1" [firmware/nnet_utils/nnet_activation_stream.h:41]   --->   Operation 178 'br' <Predicate = (!icmp_ln41)> <Delay = 0.00>

State 5 <SV = 2> <Delay = 0.00>
ST_5 : Operation 179 [1/1] (0.00ns)   --->   "ret void" [firmware/nnet_utils/nnet_activation_stream.h:59]   --->   Operation 179 'ret' <Predicate = true> <Delay = 0.00>


============================================================
+ Verbose Summary: Timing violations
============================================================
Target clock period: 5ns, clock uncertainty: 0.625ns.

 <State 1>: 1.77ns
The critical path consists of the following:
	multiplexor before 'phi' operation ('i') with incoming values : ('i', firmware/nnet_utils/nnet_activation_stream.h:41) [131]  (1.77 ns)

 <State 2>: 1.88ns
The critical path consists of the following:
	'phi' operation ('i') with incoming values : ('i', firmware/nnet_utils/nnet_activation_stream.h:41) [131]  (0 ns)
	'icmp' operation ('icmp_ln41', firmware/nnet_utils/nnet_activation_stream.h:41) [132]  (1.88 ns)

 <State 3>: 3.49ns
The critical path consists of the following:
	fifo read on port 'data_V_data_0_V' (firmware/nnet_utils/nnet_activation_stream.h:44) [140]  (2.19 ns)
	'icmp' operation ('icmp_ln1494', firmware/nnet_utils/nnet_activation_stream.h:51) [173]  (1.3 ns)

 <State 4>: 3.21ns
The critical path consists of the following:
	'select' operation ('tmp.data[0].V', firmware/nnet_utils/nnet_activation_stream.h:51) [174]  (1.02 ns)
	fifo write on port 'res_V_data_0_V' (firmware/nnet_utils/nnet_activation_stream.h:57) [237]  (2.19 ns)

 <State 5>: 0ns
The critical path consists of the following:


============================================================
+ Verbose Summary: Binding
============================================================
N/A
* FSMD analyzer results:
  - Output states:
 - Input state : 
  - Chain level:
	State 1
	State 2
	State 3
	State 4
	State 5


============================================================
+ Verbose Summary: Datapath Resource usage 
============================================================
N/A
