

================================================================
== Vivado HLS Report for 'zeropad2d_cl_array_ap_fixed_4u_array_ap_fixed_4_2_5_3_0_4u_config9_s'
================================================================
* Date:           Fri May 23 17:10:38 2025

* Version:        2020.1 (Build 2897737 on Wed May 27 20:21:37 MDT 2020)
* Project:        myproject_prj
* Solution:       solution1
* Product family: zynq
* Target device:  xc7z020-clg400-1


================================================================
== Performance Estimates
================================================================
+ Timing: 
    * Summary: 
    +--------+---------+----------+------------+
    |  Clock |  Target | Estimated| Uncertainty|
    +--------+---------+----------+------------+
    |ap_clk  | 5.00 ns | 4.375 ns |   0.62 ns  |
    +--------+---------+----------+------------+

+ Latency: 
    * Summary: 
    +---------+---------+----------+----------+------+------+---------+
    |  Latency (cycles) |  Latency (absolute) |   Interval  | Pipeline|
    |   min   |   max   |    min   |    max   |  min |  max |   Type  |
    +---------+---------+----------+----------+------+------+---------+
    |     1123|     1123| 5.615 us | 5.615 us |  1123|  1123|   none  |
    +---------+---------+----------+----------+------+------+---------+

    + Detail: 
        * Instance: 
        N/A

        * Loop: 
        +------------------+---------+---------+----------+-----------+-----------+------+----------+
        |                  |  Latency (cycles) | Iteration|  Initiation Interval  | Trip |          |
        |     Loop Name    |   min   |   max   |  Latency |  achieved |   target  | Count| Pipelined|
        +------------------+---------+---------+----------+-----------+-----------+------+----------+
        |- PadMain         |     1088|     1088|        34|          -|          -|    32|    no    |
        | + CopyMain       |       32|       32|         1|          -|          -|    32|    no    |
        |- PadBottomWidth  |       33|       33|         1|          -|          -|    33|    no    |
        +------------------+---------+---------+----------+-----------+-----------+------+----------+

============================================================
+ Verbose Summary: Synthesis Manager
============================================================
InlineROM: 1
ExposeGlobal: 0
============================================================
+ Verbose Summary: CDFG Model
============================================================
IsTopModel: 0
ResetActiveHigh: 1
IsCombinational: 2
IsDatapathOnly: 0
HasWiredReturn: 1
HasMFsm: 0
HasVarLatency: 1
IsPipeline: 0
IsRtlPipelined: 0
IsInstanceOverlapped: 0
IsDontTouch: 0
HasImplIP: 0
IsGatedGlobalClock: 0


============================================================
+ Verbose Summary: Schedule
============================================================
* Number of FSM states : 4
* Pipeline : 0
* Dataflow Pipeline: 0

* FSM state transitions: 
1 --> 2 
2 --> 3 4 
3 --> 3 2 
4 --> 4 

* FSM state operations: 

State 1 <SV = 0> <Delay = 1.76>
ST_1 : Operation 5 [1/1] (0.00ns)   --->   "call void (...)* @_ssdm_op_SpecInterface(i4* %res_V_data_3_V, [8 x i8]* @ap_fifo_str, i32 0, i32 0, [1 x i8]* @p_str, i32 0, i32 0, [1 x i8]* @p_str, [1 x i8]* @p_str, [1 x i8]* @p_str, i32 2, i32 2, i32 16, i32 16, [1 x i8]* @p_str, [1 x i8]* @p_str)"   --->   Operation 5 'specinterface' <Predicate = true> <Delay = 0.00>
ST_1 : Operation 6 [1/1] (0.00ns)   --->   "call void (...)* @_ssdm_op_SpecInterface(i4* %res_V_data_2_V, [8 x i8]* @ap_fifo_str, i32 0, i32 0, [1 x i8]* @p_str, i32 0, i32 0, [1 x i8]* @p_str, [1 x i8]* @p_str, [1 x i8]* @p_str, i32 2, i32 2, i32 16, i32 16, [1 x i8]* @p_str, [1 x i8]* @p_str)"   --->   Operation 6 'specinterface' <Predicate = true> <Delay = 0.00>
ST_1 : Operation 7 [1/1] (0.00ns)   --->   "call void (...)* @_ssdm_op_SpecInterface(i4* %res_V_data_1_V, [8 x i8]* @ap_fifo_str, i32 0, i32 0, [1 x i8]* @p_str, i32 0, i32 0, [1 x i8]* @p_str, [1 x i8]* @p_str, [1 x i8]* @p_str, i32 2, i32 2, i32 16, i32 16, [1 x i8]* @p_str, [1 x i8]* @p_str)"   --->   Operation 7 'specinterface' <Predicate = true> <Delay = 0.00>
ST_1 : Operation 8 [1/1] (0.00ns)   --->   "call void (...)* @_ssdm_op_SpecInterface(i4* %res_V_data_0_V, [8 x i8]* @ap_fifo_str, i32 0, i32 0, [1 x i8]* @p_str, i32 0, i32 0, [1 x i8]* @p_str, [1 x i8]* @p_str, [1 x i8]* @p_str, i32 2, i32 2, i32 16, i32 16, [1 x i8]* @p_str, [1 x i8]* @p_str)"   --->   Operation 8 'specinterface' <Predicate = true> <Delay = 0.00>
ST_1 : Operation 9 [1/1] (0.00ns)   --->   "call void (...)* @_ssdm_op_SpecInterface(i4* %data_V_data_3_V, [8 x i8]* @ap_fifo_str, i32 0, i32 0, [1 x i8]* @p_str, i32 0, i32 0, [1 x i8]* @p_str, [1 x i8]* @p_str, [1 x i8]* @p_str, i32 2, i32 2, i32 16, i32 16, [1 x i8]* @p_str, [1 x i8]* @p_str)"   --->   Operation 9 'specinterface' <Predicate = true> <Delay = 0.00>
ST_1 : Operation 10 [1/1] (0.00ns)   --->   "call void (...)* @_ssdm_op_SpecInterface(i4* %data_V_data_2_V, [8 x i8]* @ap_fifo_str, i32 0, i32 0, [1 x i8]* @p_str, i32 0, i32 0, [1 x i8]* @p_str, [1 x i8]* @p_str, [1 x i8]* @p_str, i32 2, i32 2, i32 16, i32 16, [1 x i8]* @p_str, [1 x i8]* @p_str)"   --->   Operation 10 'specinterface' <Predicate = true> <Delay = 0.00>
ST_1 : Operation 11 [1/1] (0.00ns)   --->   "call void (...)* @_ssdm_op_SpecInterface(i4* %data_V_data_1_V, [8 x i8]* @ap_fifo_str, i32 0, i32 0, [1 x i8]* @p_str, i32 0, i32 0, [1 x i8]* @p_str, [1 x i8]* @p_str, [1 x i8]* @p_str, i32 2, i32 2, i32 16, i32 16, [1 x i8]* @p_str, [1 x i8]* @p_str)"   --->   Operation 11 'specinterface' <Predicate = true> <Delay = 0.00>
ST_1 : Operation 12 [1/1] (0.00ns)   --->   "call void (...)* @_ssdm_op_SpecInterface(i4* %data_V_data_0_V, [8 x i8]* @ap_fifo_str, i32 0, i32 0, [1 x i8]* @p_str, i32 0, i32 0, [1 x i8]* @p_str, [1 x i8]* @p_str, [1 x i8]* @p_str, i32 2, i32 2, i32 16, i32 16, [1 x i8]* @p_str, [1 x i8]* @p_str)"   --->   Operation 12 'specinterface' <Predicate = true> <Delay = 0.00>
ST_1 : Operation 13 [1/1] (1.76ns)   --->   "br label %1" [firmware/nnet_utils/nnet_padding_stream.h:59]   --->   Operation 13 'br' <Predicate = true> <Delay = 1.76>

State 2 <SV = 1> <Delay = 1.82>
ST_2 : Operation 14 [1/1] (0.00ns)   --->   "%i1_0 = phi i6 [ 0, %0 ], [ %i, %PadMain_end ]"   --->   Operation 14 'phi' 'i1_0' <Predicate = true> <Delay = 0.00>
ST_2 : Operation 15 [1/1] (1.42ns)   --->   "%icmp_ln59 = icmp eq i6 %i1_0, -32" [firmware/nnet_utils/nnet_padding_stream.h:59]   --->   Operation 15 'icmp' 'icmp_ln59' <Predicate = true> <Delay = 1.42> <Core = "Cmp">   --->   Core 25 'Cmp' <Latency = 0> <II = 1> <Delay = 1.42> <FuncUnit> <Opcode : 'icmp'> <InPorts = 2> <OutPorts = 1>
ST_2 : Operation 16 [1/1] (0.00ns)   --->   "%empty = call i32 (...)* @_ssdm_op_SpecLoopTripCount(i64 32, i64 32, i64 32)"   --->   Operation 16 'speclooptripcount' 'empty' <Predicate = true> <Delay = 0.00>
ST_2 : Operation 17 [1/1] (1.82ns)   --->   "%i = add i6 %i1_0, 1" [firmware/nnet_utils/nnet_padding_stream.h:59]   --->   Operation 17 'add' 'i' <Predicate = true> <Delay = 1.82> <Core = "AddSub">   --->   Core 14 'AddSub' <Latency = 0> <II = 1> <Delay = 1.82> <FuncUnit> <Opcode : 'add' 'sub'> <InPorts = 2> <OutPorts = 1>
ST_2 : Operation 18 [1/1] (0.00ns)   --->   "br i1 %icmp_ln59, label %PadBottom_begin, label %PadMain_begin" [firmware/nnet_utils/nnet_padding_stream.h:59]   --->   Operation 18 'br' <Predicate = true> <Delay = 0.00>
ST_2 : Operation 19 [1/1] (0.00ns)   --->   "call void (...)* @_ssdm_op_SpecLoopName([8 x i8]* @p_str37) nounwind" [firmware/nnet_utils/nnet_padding_stream.h:59]   --->   Operation 19 'specloopname' <Predicate = (!icmp_ln59)> <Delay = 0.00>
ST_2 : Operation 20 [1/1] (0.00ns)   --->   "%tmp_1 = call i32 (...)* @_ssdm_op_SpecRegionBegin([8 x i8]* @p_str37)" [firmware/nnet_utils/nnet_padding_stream.h:59]   --->   Operation 20 'specregionbegin' 'tmp_1' <Predicate = (!icmp_ln59)> <Delay = 0.00>
ST_2 : Operation 21 [1/1] (1.76ns)   --->   "br label %2" [firmware/nnet_utils/nnet_padding_stream.h:65]   --->   Operation 21 'br' <Predicate = (!icmp_ln59)> <Delay = 1.76>
ST_2 : Operation 22 [1/1] (0.00ns)   --->   "call void (...)* @_ssdm_op_SpecLoopName([10 x i8]* @p_str41) nounwind" [firmware/nnet_utils/nnet_padding_stream.h:75]   --->   Operation 22 'specloopname' <Predicate = (icmp_ln59)> <Delay = 0.00>
ST_2 : Operation 23 [1/1] (0.00ns)   --->   "%tmp = call i32 (...)* @_ssdm_op_SpecRegionBegin([10 x i8]* @p_str41)" [firmware/nnet_utils/nnet_padding_stream.h:75]   --->   Operation 23 'specregionbegin' 'tmp' <Predicate = (icmp_ln59)> <Delay = 0.00>
ST_2 : Operation 24 [1/1] (1.76ns)   --->   "br label %3" [firmware/nnet_utils/nnet_padding_stream.h:77]   --->   Operation 24 'br' <Predicate = (icmp_ln59)> <Delay = 1.76>

State 3 <SV = 2> <Delay = 4.37>
ST_3 : Operation 25 [1/1] (0.00ns)   --->   "%j3_0 = phi i6 [ 0, %PadMain_begin ], [ %j_1, %"fill_data<array<ap_fixed<4, 2, 5, 3, 0>, 4u>, array<ap_fixed<4, 2, 5, 3, 0>, 4u>, config9>.exit" ]"   --->   Operation 25 'phi' 'j3_0' <Predicate = true> <Delay = 0.00>
ST_3 : Operation 26 [1/1] (1.42ns)   --->   "%icmp_ln65 = icmp eq i6 %j3_0, -32" [firmware/nnet_utils/nnet_padding_stream.h:65]   --->   Operation 26 'icmp' 'icmp_ln65' <Predicate = true> <Delay = 1.42> <Core = "Cmp">   --->   Core 25 'Cmp' <Latency = 0> <II = 1> <Delay = 1.42> <FuncUnit> <Opcode : 'icmp'> <InPorts = 2> <OutPorts = 1>
ST_3 : Operation 27 [1/1] (0.00ns)   --->   "%empty_21 = call i32 (...)* @_ssdm_op_SpecLoopTripCount(i64 32, i64 32, i64 32)"   --->   Operation 27 'speclooptripcount' 'empty_21' <Predicate = true> <Delay = 0.00>
ST_3 : Operation 28 [1/1] (1.82ns)   --->   "%j_1 = add i6 %j3_0, 1" [firmware/nnet_utils/nnet_padding_stream.h:65]   --->   Operation 28 'add' 'j_1' <Predicate = true> <Delay = 1.82> <Core = "AddSub">   --->   Core 14 'AddSub' <Latency = 0> <II = 1> <Delay = 1.82> <FuncUnit> <Opcode : 'add' 'sub'> <InPorts = 2> <OutPorts = 1>
ST_3 : Operation 29 [1/1] (0.00ns)   --->   "br i1 %icmp_ln65, label %PadMain_end, label %"fill_data<array<ap_fixed<4, 2, 5, 3, 0>, 4u>, array<ap_fixed<4, 2, 5, 3, 0>, 4u>, config9>.exit"" [firmware/nnet_utils/nnet_padding_stream.h:65]   --->   Operation 29 'br' <Predicate = true> <Delay = 0.00>
ST_3 : Operation 30 [1/1] (0.00ns)   --->   "call void (...)* @_ssdm_op_SpecLoopName([9 x i8]* @p_str39) nounwind" [firmware/nnet_utils/nnet_padding_stream.h:65]   --->   Operation 30 'specloopname' <Predicate = (!icmp_ln65)> <Delay = 0.00>
ST_3 : Operation 31 [1/1] (2.18ns)   --->   "%empty_22 = call { i4, i4, i4, i4 } @_ssdm_op_Read.ap_fifo.volatile.i4P.i4P.i4P.i4P(i4* %data_V_data_0_V, i4* %data_V_data_1_V, i4* %data_V_data_2_V, i4* %data_V_data_3_V)" [firmware/nnet_utils/nnet_padding_stream.h:20->firmware/nnet_utils/nnet_padding_stream.h:66]   --->   Operation 31 'read' 'empty_22' <Predicate = (!icmp_ln65)> <Delay = 2.18> <Core = "FIFO">   --->   Core 32 'FIFO' <Latency = 0> <II = 1> <Delay = 3.63> <Storage> <Opcode : 'read' 'write' 'nbread' 'nbwrite'> <Ports = 0> <Width = 4> <Depth = 3> <FIFO>
ST_3 : Operation 32 [1/1] (0.00ns)   --->   "%tmp_data_0_V = extractvalue { i4, i4, i4, i4 } %empty_22, 0" [firmware/nnet_utils/nnet_padding_stream.h:20->firmware/nnet_utils/nnet_padding_stream.h:66]   --->   Operation 32 'extractvalue' 'tmp_data_0_V' <Predicate = (!icmp_ln65)> <Delay = 0.00>
ST_3 : Operation 33 [1/1] (0.00ns)   --->   "%tmp_data_1_V = extractvalue { i4, i4, i4, i4 } %empty_22, 1" [firmware/nnet_utils/nnet_padding_stream.h:20->firmware/nnet_utils/nnet_padding_stream.h:66]   --->   Operation 33 'extractvalue' 'tmp_data_1_V' <Predicate = (!icmp_ln65)> <Delay = 0.00>
ST_3 : Operation 34 [1/1] (0.00ns)   --->   "%tmp_data_2_V = extractvalue { i4, i4, i4, i4 } %empty_22, 2" [firmware/nnet_utils/nnet_padding_stream.h:20->firmware/nnet_utils/nnet_padding_stream.h:66]   --->   Operation 34 'extractvalue' 'tmp_data_2_V' <Predicate = (!icmp_ln65)> <Delay = 0.00>
ST_3 : Operation 35 [1/1] (0.00ns)   --->   "%tmp_data_3_V = extractvalue { i4, i4, i4, i4 } %empty_22, 3" [firmware/nnet_utils/nnet_padding_stream.h:20->firmware/nnet_utils/nnet_padding_stream.h:66]   --->   Operation 35 'extractvalue' 'tmp_data_3_V' <Predicate = (!icmp_ln65)> <Delay = 0.00>
ST_3 : Operation 36 [1/1] (2.18ns)   --->   "call void @_ssdm_op_Write.ap_fifo.volatile.i4P.i4P.i4P.i4P(i4* %res_V_data_0_V, i4* %res_V_data_1_V, i4* %res_V_data_2_V, i4* %res_V_data_3_V, i4 %tmp_data_0_V, i4 %tmp_data_1_V, i4 %tmp_data_2_V, i4 %tmp_data_3_V)" [firmware/nnet_utils/nnet_padding_stream.h:26->firmware/nnet_utils/nnet_padding_stream.h:66]   --->   Operation 36 'write' <Predicate = (!icmp_ln65)> <Delay = 2.18> <Core = "FIFO">   --->   Core 32 'FIFO' <Latency = 0> <II = 1> <Delay = 3.63> <Storage> <Opcode : 'read' 'write' 'nbread' 'nbwrite'> <Ports = 0> <Width = 4> <Depth = 3> <FIFO>
ST_3 : Operation 37 [1/1] (0.00ns)   --->   "br label %2" [firmware/nnet_utils/nnet_padding_stream.h:65]   --->   Operation 37 'br' <Predicate = (!icmp_ln65)> <Delay = 0.00>
ST_3 : Operation 38 [1/1] (0.00ns)   --->   "call void (...)* @_ssdm_op_SpecLoopName([9 x i8]* @p_str40) nounwind" [firmware/nnet_utils/nnet_padding_stream.h:69]   --->   Operation 38 'specloopname' <Predicate = (icmp_ln65)> <Delay = 0.00>
ST_3 : Operation 39 [1/1] (2.18ns)   --->   "call void @_ssdm_op_Write.ap_fifo.volatile.i4P.i4P.i4P.i4P(i4* %res_V_data_0_V, i4* %res_V_data_1_V, i4* %res_V_data_2_V, i4* %res_V_data_3_V, i4 0, i4 0, i4 0, i4 0)" [firmware/nnet_utils/nnet_padding_stream.h:15->firmware/nnet_utils/nnet_padding_stream.h:70]   --->   Operation 39 'write' <Predicate = (icmp_ln65)> <Delay = 2.18> <Core = "FIFO">   --->   Core 32 'FIFO' <Latency = 0> <II = 1> <Delay = 3.63> <Storage> <Opcode : 'read' 'write' 'nbread' 'nbwrite'> <Ports = 0> <Width = 4> <Depth = 3> <FIFO>
ST_3 : Operation 40 [1/1] (0.00ns)   --->   "%empty_23 = call i32 (...)* @_ssdm_op_SpecRegionEnd([8 x i8]* @p_str37, i32 %tmp_1)" [firmware/nnet_utils/nnet_padding_stream.h:72]   --->   Operation 40 'specregionend' 'empty_23' <Predicate = (icmp_ln65)> <Delay = 0.00>
ST_3 : Operation 41 [1/1] (0.00ns)   --->   "br label %1" [firmware/nnet_utils/nnet_padding_stream.h:59]   --->   Operation 41 'br' <Predicate = (icmp_ln65)> <Delay = 0.00>

State 4 <SV = 2> <Delay = 2.18>
ST_4 : Operation 42 [1/1] (0.00ns)   --->   "%j6_0 = phi i6 [ 0, %PadBottom_begin ], [ %j, %_ZN8ap_fixedILi4ELi2EL9ap_q_mode5EL9ap_o_mode3ELi0EEC1Ei.exit.i.0 ]"   --->   Operation 42 'phi' 'j6_0' <Predicate = true> <Delay = 0.00>
ST_4 : Operation 43 [1/1] (1.42ns)   --->   "%icmp_ln77 = icmp eq i6 %j6_0, -31" [firmware/nnet_utils/nnet_padding_stream.h:77]   --->   Operation 43 'icmp' 'icmp_ln77' <Predicate = true> <Delay = 1.42> <Core = "Cmp">   --->   Core 25 'Cmp' <Latency = 0> <II = 1> <Delay = 1.42> <FuncUnit> <Opcode : 'icmp'> <InPorts = 2> <OutPorts = 1>
ST_4 : Operation 44 [1/1] (0.00ns)   --->   "%empty_24 = call i32 (...)* @_ssdm_op_SpecLoopTripCount(i64 33, i64 33, i64 33)"   --->   Operation 44 'speclooptripcount' 'empty_24' <Predicate = true> <Delay = 0.00>
ST_4 : Operation 45 [1/1] (1.82ns)   --->   "%j = add i6 %j6_0, 1" [firmware/nnet_utils/nnet_padding_stream.h:77]   --->   Operation 45 'add' 'j' <Predicate = true> <Delay = 1.82> <Core = "AddSub">   --->   Core 14 'AddSub' <Latency = 0> <II = 1> <Delay = 1.82> <FuncUnit> <Opcode : 'add' 'sub'> <InPorts = 2> <OutPorts = 1>
ST_4 : Operation 46 [1/1] (0.00ns)   --->   "br i1 %icmp_ln77, label %PadBottom_end, label %_ZN8ap_fixedILi4ELi2EL9ap_q_mode5EL9ap_o_mode3ELi0EEC1Ei.exit.i.0" [firmware/nnet_utils/nnet_padding_stream.h:77]   --->   Operation 46 'br' <Predicate = true> <Delay = 0.00>
ST_4 : Operation 47 [1/1] (0.00ns)   --->   "call void (...)* @_ssdm_op_SpecLoopName([15 x i8]* @p_str42) nounwind" [firmware/nnet_utils/nnet_padding_stream.h:77]   --->   Operation 47 'specloopname' <Predicate = (!icmp_ln77)> <Delay = 0.00>
ST_4 : Operation 48 [1/1] (2.18ns)   --->   "call void @_ssdm_op_Write.ap_fifo.volatile.i4P.i4P.i4P.i4P(i4* %res_V_data_0_V, i4* %res_V_data_1_V, i4* %res_V_data_2_V, i4* %res_V_data_3_V, i4 0, i4 0, i4 0, i4 0)" [firmware/nnet_utils/nnet_padding_stream.h:15->firmware/nnet_utils/nnet_padding_stream.h:78]   --->   Operation 48 'write' <Predicate = (!icmp_ln77)> <Delay = 2.18> <Core = "FIFO">   --->   Core 32 'FIFO' <Latency = 0> <II = 1> <Delay = 3.63> <Storage> <Opcode : 'read' 'write' 'nbread' 'nbwrite'> <Ports = 0> <Width = 4> <Depth = 3> <FIFO>
ST_4 : Operation 49 [1/1] (0.00ns)   --->   "br label %3" [firmware/nnet_utils/nnet_padding_stream.h:77]   --->   Operation 49 'br' <Predicate = (!icmp_ln77)> <Delay = 0.00>
ST_4 : Operation 50 [1/1] (0.00ns)   --->   "%empty_25 = call i32 (...)* @_ssdm_op_SpecRegionEnd([10 x i8]* @p_str41, i32 %tmp)" [firmware/nnet_utils/nnet_padding_stream.h:80]   --->   Operation 50 'specregionend' 'empty_25' <Predicate = (icmp_ln77)> <Delay = 0.00>
ST_4 : Operation 51 [1/1] (0.00ns)   --->   "ret void" [firmware/nnet_utils/nnet_padding_stream.h:81]   --->   Operation 51 'ret' <Predicate = (icmp_ln77)> <Delay = 0.00>


============================================================
+ Verbose Summary: Binding
============================================================
STG Binding: 
---------------- STG Properties BEGIN ----------------
- Is combinational: 0
- Is one-state seq: 0
- Is datapath-only: 0
- Is pipelined: 0
- Is top level: 0
Port [ Return ] is wired: 1; IO mode=ap_ctrl_hs:ce=0
Port [ data_V_data_0_V]:  wired=1; compound=1; hidden=0; nouse=0; global=0; static=0; extern=0; dir=0; type=3; pingpong=0; private_global=0; IO mode=ap_fifo:ce=0
Port [ data_V_data_1_V]:  wired=1; compound=1; hidden=0; nouse=0; global=0; static=0; extern=0; dir=0; type=3; pingpong=0; private_global=0; IO mode=ap_fifo:ce=0
Port [ data_V_data_2_V]:  wired=1; compound=1; hidden=0; nouse=0; global=0; static=0; extern=0; dir=0; type=3; pingpong=0; private_global=0; IO mode=ap_fifo:ce=0
Port [ data_V_data_3_V]:  wired=1; compound=1; hidden=0; nouse=0; global=0; static=0; extern=0; dir=0; type=3; pingpong=0; private_global=0; IO mode=ap_fifo:ce=0
Port [ res_V_data_0_V]:  wired=1; compound=1; hidden=0; nouse=0; global=0; static=0; extern=0; dir=1; type=3; pingpong=0; private_global=0; IO mode=ap_fifo:ce=0
Port [ res_V_data_1_V]:  wired=1; compound=1; hidden=0; nouse=0; global=0; static=0; extern=0; dir=1; type=3; pingpong=0; private_global=0; IO mode=ap_fifo:ce=0
Port [ res_V_data_2_V]:  wired=1; compound=1; hidden=0; nouse=0; global=0; static=0; extern=0; dir=1; type=3; pingpong=0; private_global=0; IO mode=ap_fifo:ce=0
Port [ res_V_data_3_V]:  wired=1; compound=1; hidden=0; nouse=0; global=0; static=0; extern=0; dir=1; type=3; pingpong=0; private_global=0; IO mode=ap_fifo:ce=0
---------------- STG Properties END ------------------

---------------- Datapath Model BEGIN ----------------

<LifeTime>
<method=bitvector/>
specinterface_ln0 (specinterface    ) [ 00000]
specinterface_ln0 (specinterface    ) [ 00000]
specinterface_ln0 (specinterface    ) [ 00000]
specinterface_ln0 (specinterface    ) [ 00000]
specinterface_ln0 (specinterface    ) [ 00000]
specinterface_ln0 (specinterface    ) [ 00000]
specinterface_ln0 (specinterface    ) [ 00000]
specinterface_ln0 (specinterface    ) [ 00000]
br_ln59           (br               ) [ 01110]
i1_0              (phi              ) [ 00100]
icmp_ln59         (icmp             ) [ 00110]
empty             (speclooptripcount) [ 00000]
i                 (add              ) [ 01110]
br_ln59           (br               ) [ 00000]
specloopname_ln59 (specloopname     ) [ 00000]
tmp_1             (specregionbegin  ) [ 00010]
br_ln65           (br               ) [ 00110]
specloopname_ln75 (specloopname     ) [ 00000]
tmp               (specregionbegin  ) [ 00001]
br_ln77           (br               ) [ 00111]
j3_0              (phi              ) [ 00010]
icmp_ln65         (icmp             ) [ 00110]
empty_21          (speclooptripcount) [ 00000]
j_1               (add              ) [ 00110]
br_ln65           (br               ) [ 00000]
specloopname_ln65 (specloopname     ) [ 00000]
empty_22          (read             ) [ 00000]
tmp_data_0_V      (extractvalue     ) [ 00000]
tmp_data_1_V      (extractvalue     ) [ 00000]
tmp_data_2_V      (extractvalue     ) [ 00000]
tmp_data_3_V      (extractvalue     ) [ 00000]
write_ln26        (write            ) [ 00000]
br_ln65           (br               ) [ 00110]
specloopname_ln69 (specloopname     ) [ 00000]
write_ln15        (write            ) [ 00000]
empty_23          (specregionend    ) [ 00000]
br_ln59           (br               ) [ 01110]
j6_0              (phi              ) [ 00001]
icmp_ln77         (icmp             ) [ 00001]
empty_24          (speclooptripcount) [ 00000]
j                 (add              ) [ 00101]
br_ln77           (br               ) [ 00000]
specloopname_ln77 (specloopname     ) [ 00000]
write_ln15        (write            ) [ 00000]
br_ln77           (br               ) [ 00101]
empty_25          (specregionend    ) [ 00000]
ret_ln81          (ret              ) [ 00000]
</LifeTime>

<model>

<comp_list>
<comp id="0" class="1000" name="data_V_data_0_V">
<pin_list>
<pin id="1" dir="1" index="0" bw="1" slack="0"/>
</pin_list>
<bind>
<StgValue><ssdm name="data_V_data_0_V"/></StgValue>
</bind>
</comp>

<comp id="2" class="1000" name="data_V_data_1_V">
<pin_list>
<pin id="3" dir="1" index="0" bw="1" slack="0"/>
</pin_list>
<bind>
<StgValue><ssdm name="data_V_data_1_V"/></StgValue>
</bind>
</comp>

<comp id="4" class="1000" name="data_V_data_2_V">
<pin_list>
<pin id="5" dir="1" index="0" bw="1" slack="0"/>
</pin_list>
<bind>
<StgValue><ssdm name="data_V_data_2_V"/></StgValue>
</bind>
</comp>

<comp id="6" class="1000" name="data_V_data_3_V">
<pin_list>
<pin id="7" dir="1" index="0" bw="1" slack="0"/>
</pin_list>
<bind>
<StgValue><ssdm name="data_V_data_3_V"/></StgValue>
</bind>
</comp>

<comp id="8" class="1000" name="res_V_data_0_V">
<pin_list>
<pin id="9" dir="1" index="0" bw="1" slack="0"/>
</pin_list>
<bind>
<StgValue><ssdm name="res_V_data_0_V"/></StgValue>
</bind>
</comp>

<comp id="10" class="1000" name="res_V_data_1_V">
<pin_list>
<pin id="11" dir="1" index="0" bw="1" slack="0"/>
</pin_list>
<bind>
<StgValue><ssdm name="res_V_data_1_V"/></StgValue>
</bind>
</comp>

<comp id="12" class="1000" name="res_V_data_2_V">
<pin_list>
<pin id="13" dir="1" index="0" bw="1" slack="0"/>
</pin_list>
<bind>
<StgValue><ssdm name="res_V_data_2_V"/></StgValue>
</bind>
</comp>

<comp id="14" class="1000" name="res_V_data_3_V">
<pin_list>
<pin id="15" dir="1" index="0" bw="1" slack="0"/>
</pin_list>
<bind>
<StgValue><ssdm name="res_V_data_3_V"/></StgValue>
</bind>
</comp>

<comp id="16" class="1001" name="const_16">
<pin_list>
<pin id="17" dir="1" index="0" bw="1" slack="2147483647"/>
</pin_list>
<bind>
<StgValue><ssdm name="_ssdm_op_SpecInterface"/></StgValue>
</bind>
</comp>

<comp id="18" class="1001" name="const_18">
<pin_list>
<pin id="19" dir="1" index="0" bw="1" slack="2147483647"/>
</pin_list>
<bind>
<StgValue><ssdm name="ap_fifo_str"/></StgValue>
</bind>
</comp>

<comp id="20" class="1001" name="const_20">
<pin_list>
<pin id="21" dir="1" index="0" bw="1" slack="2147483647"/>
</pin_list>
<bind>
<StgValue><ssdm name=""/></StgValue>
</bind>
</comp>

<comp id="22" class="1001" name="const_22">
<pin_list>
<pin id="23" dir="1" index="0" bw="1" slack="2147483647"/>
</pin_list>
<bind>
<StgValue><ssdm name="p_str"/></StgValue>
</bind>
</comp>

<comp id="24" class="1001" name="const_24">
<pin_list>
<pin id="25" dir="1" index="0" bw="1" slack="2147483647"/>
</pin_list>
<bind>
<StgValue><ssdm name=""/></StgValue>
</bind>
</comp>

<comp id="26" class="1001" name="const_26">
<pin_list>
<pin id="27" dir="1" index="0" bw="1" slack="2147483647"/>
</pin_list>
<bind>
<StgValue><ssdm name=""/></StgValue>
</bind>
</comp>

<comp id="28" class="1001" name="const_28">
<pin_list>
<pin id="29" dir="1" index="0" bw="1" slack="1"/>
</pin_list>
<bind>
<StgValue><ssdm name=""/></StgValue>
</bind>
</comp>

<comp id="30" class="1001" name="const_30">
<pin_list>
<pin id="31" dir="1" index="0" bw="1" slack="0"/>
</pin_list>
<bind>
<StgValue><ssdm name=""/></StgValue>
</bind>
</comp>

<comp id="32" class="1001" name="const_32">
<pin_list>
<pin id="33" dir="1" index="0" bw="1" slack="2147483647"/>
</pin_list>
<bind>
<StgValue><ssdm name="_ssdm_op_SpecLoopTripCount"/></StgValue>
</bind>
</comp>

<comp id="34" class="1001" name="const_34">
<pin_list>
<pin id="35" dir="1" index="0" bw="1" slack="2147483647"/>
</pin_list>
<bind>
<StgValue><ssdm name=""/></StgValue>
</bind>
</comp>

<comp id="36" class="1001" name="const_36">
<pin_list>
<pin id="37" dir="1" index="0" bw="1" slack="0"/>
</pin_list>
<bind>
<StgValue><ssdm name=""/></StgValue>
</bind>
</comp>

<comp id="38" class="1001" name="const_38">
<pin_list>
<pin id="39" dir="1" index="0" bw="1" slack="2147483647"/>
</pin_list>
<bind>
<StgValue><ssdm name="_ssdm_op_SpecLoopName"/></StgValue>
</bind>
</comp>

<comp id="40" class="1001" name="const_40">
<pin_list>
<pin id="41" dir="1" index="0" bw="1" slack="2147483647"/>
</pin_list>
<bind>
<StgValue><ssdm name="p_str37"/></StgValue>
</bind>
</comp>

<comp id="42" class="1001" name="const_42">
<pin_list>
<pin id="43" dir="1" index="0" bw="1" slack="2147483647"/>
</pin_list>
<bind>
<StgValue><ssdm name="_ssdm_op_SpecRegionBegin"/></StgValue>
</bind>
</comp>

<comp id="44" class="1001" name="const_44">
<pin_list>
<pin id="45" dir="1" index="0" bw="1" slack="2147483647"/>
</pin_list>
<bind>
<StgValue><ssdm name="p_str41"/></StgValue>
</bind>
</comp>

<comp id="46" class="1001" name="const_46">
<pin_list>
<pin id="47" dir="1" index="0" bw="1" slack="2147483647"/>
</pin_list>
<bind>
<StgValue><ssdm name="p_str39"/></StgValue>
</bind>
</comp>

<comp id="48" class="1001" name="const_48">
<pin_list>
<pin id="49" dir="1" index="0" bw="1" slack="0"/>
</pin_list>
<bind>
<StgValue><ssdm name="_ssdm_op_Read.ap_fifo.volatile.i4P.i4P.i4P.i4P"/></StgValue>
</bind>
</comp>

<comp id="50" class="1001" name="const_50">
<pin_list>
<pin id="51" dir="1" index="0" bw="1" slack="0"/>
</pin_list>
<bind>
<StgValue><ssdm name="_ssdm_op_Write.ap_fifo.volatile.i4P.i4P.i4P.i4P"/></StgValue>
</bind>
</comp>

<comp id="52" class="1001" name="const_52">
<pin_list>
<pin id="53" dir="1" index="0" bw="1" slack="2147483647"/>
</pin_list>
<bind>
<StgValue><ssdm name="p_str40"/></StgValue>
</bind>
</comp>

<comp id="54" class="1001" name="const_54">
<pin_list>
<pin id="55" dir="1" index="0" bw="1" slack="0"/>
</pin_list>
<bind>
<StgValue><ssdm name=""/></StgValue>
</bind>
</comp>

<comp id="56" class="1001" name="const_56">
<pin_list>
<pin id="57" dir="1" index="0" bw="1" slack="2147483647"/>
</pin_list>
<bind>
<StgValue><ssdm name="_ssdm_op_SpecRegionEnd"/></StgValue>
</bind>
</comp>

<comp id="58" class="1001" name="const_58">
<pin_list>
<pin id="59" dir="1" index="0" bw="1" slack="0"/>
</pin_list>
<bind>
<StgValue><ssdm name=""/></StgValue>
</bind>
</comp>

<comp id="60" class="1001" name="const_60">
<pin_list>
<pin id="61" dir="1" index="0" bw="1" slack="2147483647"/>
</pin_list>
<bind>
<StgValue><ssdm name=""/></StgValue>
</bind>
</comp>

<comp id="62" class="1001" name="const_62">
<pin_list>
<pin id="63" dir="1" index="0" bw="1" slack="2147483647"/>
</pin_list>
<bind>
<StgValue><ssdm name="p_str42"/></StgValue>
</bind>
</comp>

<comp id="64" class="1004" name="empty_22_read_fu_64">
<pin_list>
<pin id="65" dir="0" index="0" bw="16" slack="0"/>
<pin id="66" dir="0" index="1" bw="4" slack="0"/>
<pin id="67" dir="0" index="2" bw="4" slack="0"/>
<pin id="68" dir="0" index="3" bw="4" slack="0"/>
<pin id="69" dir="0" index="4" bw="4" slack="0"/>
<pin id="70" dir="1" index="5" bw="16" slack="0"/>
</pin_list>
<bind>
<opcode="read(1150) " fcode="read"/>
<opset="empty_22/3 "/>
</bind>
</comp>

<comp id="76" class="1004" name="grp_write_fu_76">
<pin_list>
<pin id="77" dir="0" index="0" bw="0" slack="0"/>
<pin id="78" dir="0" index="1" bw="4" slack="0"/>
<pin id="79" dir="0" index="2" bw="4" slack="0"/>
<pin id="80" dir="0" index="3" bw="4" slack="0"/>
<pin id="81" dir="0" index="4" bw="4" slack="0"/>
<pin id="82" dir="0" index="5" bw="4" slack="0"/>
<pin id="83" dir="0" index="6" bw="4" slack="0"/>
<pin id="84" dir="0" index="7" bw="4" slack="0"/>
<pin id="85" dir="0" index="8" bw="4" slack="0"/>
<pin id="86" dir="1" index="9" bw="0" slack="2147483647"/>
</pin_list>
<bind>
<opcode="write(1151) " fcode="write"/>
<opset="write_ln26/3 write_ln15/3 write_ln15/4 "/>
</bind>
</comp>

<comp id="96" class="1005" name="i1_0_reg_96">
<pin_list>
<pin id="97" dir="0" index="0" bw="6" slack="1"/>
<pin id="98" dir="1" index="1" bw="6" slack="1"/>
</pin_list>
<bind>
<opset="i1_0 (phireg) "/>
</bind>
</comp>

<comp id="100" class="1004" name="i1_0_phi_fu_100">
<pin_list>
<pin id="101" dir="0" index="0" bw="1" slack="1"/>
<pin id="102" dir="0" index="1" bw="0" slack="2147483647"/>
<pin id="103" dir="0" index="2" bw="6" slack="0"/>
<pin id="104" dir="0" index="3" bw="0" slack="2147483647"/>
<pin id="105" dir="1" index="4" bw="6" slack="0"/>
</pin_list>
<bind>
<opcode="phi(47) " fcode="phi"/>
<opset="i1_0/2 "/>
</bind>
</comp>

<comp id="107" class="1005" name="j3_0_reg_107">
<pin_list>
<pin id="108" dir="0" index="0" bw="6" slack="1"/>
<pin id="109" dir="1" index="1" bw="6" slack="1"/>
</pin_list>
<bind>
<opset="j3_0 (phireg) "/>
</bind>
</comp>

<comp id="111" class="1004" name="j3_0_phi_fu_111">
<pin_list>
<pin id="112" dir="0" index="0" bw="1" slack="1"/>
<pin id="113" dir="0" index="1" bw="0" slack="2147483647"/>
<pin id="114" dir="0" index="2" bw="6" slack="0"/>
<pin id="115" dir="0" index="3" bw="0" slack="2147483647"/>
<pin id="116" dir="1" index="4" bw="6" slack="0"/>
</pin_list>
<bind>
<opcode="phi(47) " fcode="phi"/>
<opset="j3_0/3 "/>
</bind>
</comp>

<comp id="118" class="1005" name="j6_0_reg_118">
<pin_list>
<pin id="119" dir="0" index="0" bw="6" slack="1"/>
<pin id="120" dir="1" index="1" bw="6" slack="1"/>
</pin_list>
<bind>
<opset="j6_0 (phireg) "/>
</bind>
</comp>

<comp id="122" class="1004" name="j6_0_phi_fu_122">
<pin_list>
<pin id="123" dir="0" index="0" bw="1" slack="1"/>
<pin id="124" dir="0" index="1" bw="0" slack="2147483647"/>
<pin id="125" dir="0" index="2" bw="6" slack="0"/>
<pin id="126" dir="0" index="3" bw="0" slack="2147483647"/>
<pin id="127" dir="1" index="4" bw="6" slack="0"/>
</pin_list>
<bind>
<opcode="phi(47) " fcode="phi"/>
<opset="j6_0/4 "/>
</bind>
</comp>

<comp id="129" class="1004" name="icmp_ln59_fu_129">
<pin_list>
<pin id="130" dir="0" index="0" bw="6" slack="0"/>
<pin id="131" dir="0" index="1" bw="6" slack="0"/>
<pin id="132" dir="1" index="2" bw="1" slack="2147483647"/>
</pin_list>
<bind>
<opcode="icmp(45) " fcode="icmp"/>
<opset="icmp_ln59/2 "/>
</bind>
</comp>

<comp id="135" class="1004" name="i_fu_135">
<pin_list>
<pin id="136" dir="0" index="0" bw="6" slack="0"/>
<pin id="137" dir="0" index="1" bw="1" slack="0"/>
<pin id="138" dir="1" index="2" bw="6" slack="0"/>
</pin_list>
<bind>
<opcode="add(8) " fcode="add"/>
<opset="i/2 "/>
</bind>
</comp>

<comp id="141" class="1004" name="icmp_ln65_fu_141">
<pin_list>
<pin id="142" dir="0" index="0" bw="6" slack="0"/>
<pin id="143" dir="0" index="1" bw="6" slack="0"/>
<pin id="144" dir="1" index="2" bw="1" slack="2147483647"/>
</pin_list>
<bind>
<opcode="icmp(45) " fcode="icmp"/>
<opset="icmp_ln65/3 "/>
</bind>
</comp>

<comp id="147" class="1004" name="j_1_fu_147">
<pin_list>
<pin id="148" dir="0" index="0" bw="6" slack="0"/>
<pin id="149" dir="0" index="1" bw="1" slack="0"/>
<pin id="150" dir="1" index="2" bw="6" slack="0"/>
</pin_list>
<bind>
<opcode="add(8) " fcode="add"/>
<opset="j_1/3 "/>
</bind>
</comp>

<comp id="153" class="1004" name="tmp_data_0_V_fu_153">
<pin_list>
<pin id="154" dir="0" index="0" bw="16" slack="0"/>
<pin id="155" dir="1" index="1" bw="4" slack="0"/>
</pin_list>
<bind>
<opcode="extractvalue(56) " fcode="extractvalue"/>
<opset="tmp_data_0_V/3 "/>
</bind>
</comp>

<comp id="158" class="1004" name="tmp_data_1_V_fu_158">
<pin_list>
<pin id="159" dir="0" index="0" bw="16" slack="0"/>
<pin id="160" dir="1" index="1" bw="4" slack="0"/>
</pin_list>
<bind>
<opcode="extractvalue(56) " fcode="extractvalue"/>
<opset="tmp_data_1_V/3 "/>
</bind>
</comp>

<comp id="163" class="1004" name="tmp_data_2_V_fu_163">
<pin_list>
<pin id="164" dir="0" index="0" bw="16" slack="0"/>
<pin id="165" dir="1" index="1" bw="4" slack="0"/>
</pin_list>
<bind>
<opcode="extractvalue(56) " fcode="extractvalue"/>
<opset="tmp_data_2_V/3 "/>
</bind>
</comp>

<comp id="168" class="1004" name="tmp_data_3_V_fu_168">
<pin_list>
<pin id="169" dir="0" index="0" bw="16" slack="0"/>
<pin id="170" dir="1" index="1" bw="4" slack="0"/>
</pin_list>
<bind>
<opcode="extractvalue(56) " fcode="extractvalue"/>
<opset="tmp_data_3_V/3 "/>
</bind>
</comp>

<comp id="173" class="1004" name="icmp_ln77_fu_173">
<pin_list>
<pin id="174" dir="0" index="0" bw="6" slack="0"/>
<pin id="175" dir="0" index="1" bw="6" slack="0"/>
<pin id="176" dir="1" index="2" bw="1" slack="2147483647"/>
</pin_list>
<bind>
<opcode="icmp(45) " fcode="icmp"/>
<opset="icmp_ln77/4 "/>
</bind>
</comp>

<comp id="179" class="1004" name="j_fu_179">
<pin_list>
<pin id="180" dir="0" index="0" bw="6" slack="0"/>
<pin id="181" dir="0" index="1" bw="1" slack="0"/>
<pin id="182" dir="1" index="2" bw="6" slack="0"/>
</pin_list>
<bind>
<opcode="add(8) " fcode="add"/>
<opset="j/4 "/>
</bind>
</comp>

<comp id="188" class="1005" name="i_reg_188">
<pin_list>
<pin id="189" dir="0" index="0" bw="6" slack="0"/>
<pin id="190" dir="1" index="1" bw="6" slack="0"/>
</pin_list>
<bind>
<opset="i "/>
</bind>
</comp>

<comp id="196" class="1005" name="j_1_reg_196">
<pin_list>
<pin id="197" dir="0" index="0" bw="6" slack="0"/>
<pin id="198" dir="1" index="1" bw="6" slack="0"/>
</pin_list>
<bind>
<opset="j_1 "/>
</bind>
</comp>

<comp id="204" class="1005" name="j_reg_204">
<pin_list>
<pin id="205" dir="0" index="0" bw="6" slack="0"/>
<pin id="206" dir="1" index="1" bw="6" slack="0"/>
</pin_list>
<bind>
<opset="j "/>
</bind>
</comp>

</comp_list>

<net_list>
<net id="71"><net_src comp="48" pin="0"/><net_sink comp="64" pin=0"/></net>

<net id="72"><net_src comp="0" pin="0"/><net_sink comp="64" pin=1"/></net>

<net id="73"><net_src comp="2" pin="0"/><net_sink comp="64" pin=2"/></net>

<net id="74"><net_src comp="4" pin="0"/><net_sink comp="64" pin=3"/></net>

<net id="75"><net_src comp="6" pin="0"/><net_sink comp="64" pin=4"/></net>

<net id="87"><net_src comp="50" pin="0"/><net_sink comp="76" pin=0"/></net>

<net id="88"><net_src comp="8" pin="0"/><net_sink comp="76" pin=1"/></net>

<net id="89"><net_src comp="10" pin="0"/><net_sink comp="76" pin=2"/></net>

<net id="90"><net_src comp="12" pin="0"/><net_sink comp="76" pin=3"/></net>

<net id="91"><net_src comp="14" pin="0"/><net_sink comp="76" pin=4"/></net>

<net id="92"><net_src comp="54" pin="0"/><net_sink comp="76" pin=5"/></net>

<net id="93"><net_src comp="54" pin="0"/><net_sink comp="76" pin=6"/></net>

<net id="94"><net_src comp="54" pin="0"/><net_sink comp="76" pin=7"/></net>

<net id="95"><net_src comp="54" pin="0"/><net_sink comp="76" pin=8"/></net>

<net id="99"><net_src comp="28" pin="0"/><net_sink comp="96" pin=0"/></net>

<net id="106"><net_src comp="96" pin="1"/><net_sink comp="100" pin=0"/></net>

<net id="110"><net_src comp="28" pin="0"/><net_sink comp="107" pin=0"/></net>

<net id="117"><net_src comp="107" pin="1"/><net_sink comp="111" pin=0"/></net>

<net id="121"><net_src comp="28" pin="0"/><net_sink comp="118" pin=0"/></net>

<net id="128"><net_src comp="118" pin="1"/><net_sink comp="122" pin=0"/></net>

<net id="133"><net_src comp="100" pin="4"/><net_sink comp="129" pin=0"/></net>

<net id="134"><net_src comp="30" pin="0"/><net_sink comp="129" pin=1"/></net>

<net id="139"><net_src comp="100" pin="4"/><net_sink comp="135" pin=0"/></net>

<net id="140"><net_src comp="36" pin="0"/><net_sink comp="135" pin=1"/></net>

<net id="145"><net_src comp="111" pin="4"/><net_sink comp="141" pin=0"/></net>

<net id="146"><net_src comp="30" pin="0"/><net_sink comp="141" pin=1"/></net>

<net id="151"><net_src comp="111" pin="4"/><net_sink comp="147" pin=0"/></net>

<net id="152"><net_src comp="36" pin="0"/><net_sink comp="147" pin=1"/></net>

<net id="156"><net_src comp="64" pin="5"/><net_sink comp="153" pin=0"/></net>

<net id="157"><net_src comp="153" pin="1"/><net_sink comp="76" pin=5"/></net>

<net id="161"><net_src comp="64" pin="5"/><net_sink comp="158" pin=0"/></net>

<net id="162"><net_src comp="158" pin="1"/><net_sink comp="76" pin=6"/></net>

<net id="166"><net_src comp="64" pin="5"/><net_sink comp="163" pin=0"/></net>

<net id="167"><net_src comp="163" pin="1"/><net_sink comp="76" pin=7"/></net>

<net id="171"><net_src comp="64" pin="5"/><net_sink comp="168" pin=0"/></net>

<net id="172"><net_src comp="168" pin="1"/><net_sink comp="76" pin=8"/></net>

<net id="177"><net_src comp="122" pin="4"/><net_sink comp="173" pin=0"/></net>

<net id="178"><net_src comp="58" pin="0"/><net_sink comp="173" pin=1"/></net>

<net id="183"><net_src comp="122" pin="4"/><net_sink comp="179" pin=0"/></net>

<net id="184"><net_src comp="36" pin="0"/><net_sink comp="179" pin=1"/></net>

<net id="191"><net_src comp="135" pin="2"/><net_sink comp="188" pin=0"/></net>

<net id="192"><net_src comp="188" pin="1"/><net_sink comp="100" pin=2"/></net>

<net id="199"><net_src comp="147" pin="2"/><net_sink comp="196" pin=0"/></net>

<net id="200"><net_src comp="196" pin="1"/><net_sink comp="111" pin=2"/></net>

<net id="207"><net_src comp="179" pin="2"/><net_sink comp="204" pin=0"/></net>

<net id="208"><net_src comp="204" pin="1"/><net_sink comp="122" pin=2"/></net>

</net_list>

</model> 
---------------- Datapath Model END ------------------

* FSMD analyzer results:
  - Output states:
	Port: res_V_data_0_V | {3 4 }
	Port: res_V_data_1_V | {3 4 }
	Port: res_V_data_2_V | {3 4 }
	Port: res_V_data_3_V | {3 4 }
 - Input state : 
	Port: zeropad2d_cl<array<ap_fixed,4u>,array<ap_fixed<4,2,5,3,0>,4u>,config9> : data_V_data_0_V | {3 }
	Port: zeropad2d_cl<array<ap_fixed,4u>,array<ap_fixed<4,2,5,3,0>,4u>,config9> : data_V_data_1_V | {3 }
	Port: zeropad2d_cl<array<ap_fixed,4u>,array<ap_fixed<4,2,5,3,0>,4u>,config9> : data_V_data_2_V | {3 }
	Port: zeropad2d_cl<array<ap_fixed,4u>,array<ap_fixed<4,2,5,3,0>,4u>,config9> : data_V_data_3_V | {3 }
  - Chain level:
	State 1
	State 2
		icmp_ln59 : 1
		i : 1
		br_ln59 : 2
	State 3
		icmp_ln65 : 1
		j_1 : 1
		br_ln65 : 2
		write_ln26 : 1
	State 4
		icmp_ln77 : 1
		j : 1
		br_ln77 : 2


============================================================
+ Verbose Summary: Datapath Resource usage 
============================================================

* Functional unit list:
|----------|---------------------|---------|---------|
| Operation|   Functional Unit   |    FF   |   LUT   |
|----------|---------------------|---------|---------|
|          |       i_fu_135      |    0    |    15   |
|    add   |      j_1_fu_147     |    0    |    15   |
|          |       j_fu_179      |    0    |    15   |
|----------|---------------------|---------|---------|
|          |   icmp_ln59_fu_129  |    0    |    11   |
|   icmp   |   icmp_ln65_fu_141  |    0    |    11   |
|          |   icmp_ln77_fu_173  |    0    |    11   |
|----------|---------------------|---------|---------|
|   read   | empty_22_read_fu_64 |    0    |    0    |
|----------|---------------------|---------|---------|
|   write  |   grp_write_fu_76   |    0    |    0    |
|----------|---------------------|---------|---------|
|          | tmp_data_0_V_fu_153 |    0    |    0    |
|extractvalue| tmp_data_1_V_fu_158 |    0    |    0    |
|          | tmp_data_2_V_fu_163 |    0    |    0    |
|          | tmp_data_3_V_fu_168 |    0    |    0    |
|----------|---------------------|---------|---------|
|   Total  |                     |    0    |    78   |
|----------|---------------------|---------|---------|

Memories:
N/A

* Register list:
+------------+--------+
|            |   FF   |
+------------+--------+
| i1_0_reg_96|    6   |
|  i_reg_188 |    6   |
|j3_0_reg_107|    6   |
|j6_0_reg_118|    6   |
| j_1_reg_196|    6   |
|  j_reg_204 |    6   |
+------------+--------+
|    Total   |   36   |
+------------+--------+

* Multiplexer (MUX) list: 
|-----------------|------|------|------|--------||---------||---------|
|       Comp      |  Pin | Size |  BW  | S x BW ||  Delay  ||   LUT   |
|-----------------|------|------|------|--------||---------||---------|
| grp_write_fu_76 |  p5  |   2  |   4  |    8   ||    9    |
| grp_write_fu_76 |  p6  |   2  |   4  |    8   ||    9    |
| grp_write_fu_76 |  p7  |   2  |   4  |    8   ||    9    |
| grp_write_fu_76 |  p8  |   2  |   4  |    8   ||    9    |
|-----------------|------|------|------|--------||---------||---------|
|      Total      |      |      |      |   32   ||  7.076  ||    36   |
|-----------------|------|------|------|--------||---------||---------|



* Summary:
+-----------+--------+--------+--------+
|           |  Delay |   FF   |   LUT  |
+-----------+--------+--------+--------+
|  Function |    -   |    0   |   78   |
|   Memory  |    -   |    -   |    -   |
|Multiplexer|    7   |    -   |   36   |
|  Register |    -   |   36   |    -   |
+-----------+--------+--------+--------+
|   Total   |    7   |   36   |   114  |
+-----------+--------+--------+--------+
