

================================================================
== Vivado HLS Report for 'dense_resource_rf_leq_nin_ap_fixed_ap_fixed_8_4_5_3_0_config11_mult_0_0'
================================================================
* Date:           Thu Jun 26 23:55:54 2025

* Version:        2020.1 (Build 2897737 on Wed May 27 20:21:37 MDT 2020)
* Project:        myproject_prj
* Solution:       solution1
* Product family: zynq
* Target device:  xc7z020-clg400-1


================================================================
== Performance Estimates
================================================================
+ Timing: 
    * Summary: 
    +--------+---------+----------+------------+
    |  Clock |  Target | Estimated| Uncertainty|
    +--------+---------+----------+------------+
    |ap_clk  | 5.00 ns | 4.170 ns |   0.62 ns  |
    +--------+---------+----------+------------+

+ Latency: 
    * Summary: 
    +---------+---------+----------+----------+-----+-----+---------------------------------------------+
    |  Latency (cycles) |  Latency (absolute) |  Interval |                   Pipeline                  |
    |   min   |   max   |    min   |    max   | min | max |                     Type                    |
    +---------+---------+----------+----------+-----+-----+---------------------------------------------+
    |       92|       93| 0.460 us | 0.465 us |   90|   90| loop rewind(delay=0 initiation interval(s)) |
    +---------+---------+----------+----------+-----+-----+---------------------------------------------+

    + Detail: 
        * Instance: 
        N/A

        * Loop: 
        +-------------+---------+---------+----------+-----------+-----------+------+----------+
        |             |  Latency (cycles) | Iteration|  Initiation Interval  | Trip |          |
        |  Loop Name  |   min   |   max   |  Latency |  achieved |   target  | Count| Pipelined|
        +-------------+---------+---------+----------+-----------+-----------+------+----------+
        |- ReuseLoop  |       92|       92|         4|          1|          1|    90|    yes   |
        +-------------+---------+---------+----------+-----------+-----------+------+----------+

============================================================
+ Verbose Summary: Synthesis Manager
============================================================
InlineROM: 1
ExposeGlobal: 0
============================================================
+ Verbose Summary: CDFG Model
============================================================
IsTopModel: 0
ResetActiveHigh: 1
IsCombinational: 0
IsDatapathOnly: 0
HasWiredReturn: 1
HasMFsm: 0
HasVarLatency: 1
IsPipeline: 0
IsRtlPipelined: 0
IsInstanceOverlapped: 0
IsDontTouch: 0
HasImplIP: 0
IsGatedGlobalClock: 0

+ Individual pipeline summary: 
  * Pipeline-0: initiation interval (II) = 1, depth = 4


============================================================
+ Verbose Summary: Schedule
============================================================
* Number of FSM states : 5
* Pipeline : 1
  Pipeline-0 : II = 1, D = 4, States = { 2 3 4 5 }
* Dataflow Pipeline: 0

* FSM state transitions: 
1 --> 2 
2 --> 3 
3 --> 4 
4 --> 5 
5 --> 2 

* FSM state operations: 

State 1 <SV = 0> <Delay = 1.76>
ST_1 : Operation 6 [1/1] (0.00ns)   --->   "%tmp_i = call i32 (...)* @_ssdm_op_SpecRegionBegin([13 x i8]* @p_str38)" [firmware/nnet_utils/nnet_dense_resource.h:32]   --->   Operation 6 'specregionbegin' 'tmp_i' <Predicate = true> <Delay = 0.00>
ST_1 : Operation 7 [1/1] (1.76ns)   --->   "br label %rewind_header" [firmware/nnet_utils/nnet_dense_resource.h:46]   --->   Operation 7 'br' <Predicate = true> <Delay = 1.76>

State 2 <SV = 1> <Delay = 4.03>
ST_2 : Operation 8 [1/1] (0.00ns)   --->   "%in_index7 = phi i7 [ 0, %hls_label_28_begin ], [ %in_index, %ReuseLoop ], [ 0, %"dense_resource_rf_leq_nin<ap_fixed<8, 4, 5, 3, 0>, ap_fixed<8, 4, 5, 3, 0>, config11_mult>.0.0.exit" ]"   --->   Operation 8 'phi' 'in_index7' <Predicate = true> <Delay = 0.00>
ST_2 : Operation 9 [1/1] (0.00ns)   --->   "%zext_ln59 = zext i7 %in_index7 to i64" [firmware/nnet_utils/nnet_dense_resource.h:59]   --->   Operation 9 'zext' 'zext_ln59' <Predicate = true> <Delay = 0.00>
ST_2 : Operation 10 [1/1] (0.00ns)   --->   "%kernel_data_V_0_load = load i8* @kernel_data_V_0, align 1" [firmware/nnet_utils/nnet_dense_resource.h:59]   --->   Operation 10 'load' 'kernel_data_V_0_load' <Predicate = true> <Delay = 0.00>
ST_2 : Operation 11 [1/1] (0.00ns)   --->   "%kernel_data_V_1321_load = load i8* @kernel_data_V_1321, align 1" [firmware/nnet_utils/nnet_dense_resource.h:59]   --->   Operation 11 'load' 'kernel_data_V_1321_load' <Predicate = true> <Delay = 0.00>
ST_2 : Operation 12 [1/1] (0.00ns)   --->   "%kernel_data_V_2322_load = load i8* @kernel_data_V_2322, align 1" [firmware/nnet_utils/nnet_dense_resource.h:59]   --->   Operation 12 'load' 'kernel_data_V_2322_load' <Predicate = true> <Delay = 0.00>
ST_2 : Operation 13 [1/1] (0.00ns)   --->   "%kernel_data_V_3323_load = load i8* @kernel_data_V_3323, align 1" [firmware/nnet_utils/nnet_dense_resource.h:59]   --->   Operation 13 'load' 'kernel_data_V_3323_load' <Predicate = true> <Delay = 0.00>
ST_2 : Operation 14 [1/1] (0.00ns)   --->   "%kernel_data_V_4324_load = load i8* @kernel_data_V_4324, align 1" [firmware/nnet_utils/nnet_dense_resource.h:59]   --->   Operation 14 'load' 'kernel_data_V_4324_load' <Predicate = true> <Delay = 0.00>
ST_2 : Operation 15 [1/1] (0.00ns)   --->   "%kernel_data_V_5_load = load i8* @kernel_data_V_5, align 1" [firmware/nnet_utils/nnet_dense_resource.h:59]   --->   Operation 15 'load' 'kernel_data_V_5_load' <Predicate = true> <Delay = 0.00>
ST_2 : Operation 16 [1/1] (0.00ns)   --->   "%kernel_data_V_6_load = load i8* @kernel_data_V_6, align 1" [firmware/nnet_utils/nnet_dense_resource.h:59]   --->   Operation 16 'load' 'kernel_data_V_6_load' <Predicate = true> <Delay = 0.00>
ST_2 : Operation 17 [1/1] (0.00ns)   --->   "%kernel_data_V_7_load = load i8* @kernel_data_V_7, align 1" [firmware/nnet_utils/nnet_dense_resource.h:59]   --->   Operation 17 'load' 'kernel_data_V_7_load' <Predicate = true> <Delay = 0.00>
ST_2 : Operation 18 [1/1] (0.00ns)   --->   "%kernel_data_V_8_load = load i8* @kernel_data_V_8, align 1" [firmware/nnet_utils/nnet_dense_resource.h:59]   --->   Operation 18 'load' 'kernel_data_V_8_load' <Predicate = true> <Delay = 0.00>
ST_2 : Operation 19 [1/1] (0.00ns)   --->   "%kernel_data_V_9_load = load i8* @kernel_data_V_9, align 1" [firmware/nnet_utils/nnet_dense_resource.h:59]   --->   Operation 19 'load' 'kernel_data_V_9_load' <Predicate = true> <Delay = 0.00>
ST_2 : Operation 20 [1/1] (0.00ns)   --->   "%kernel_data_V_10_load = load i8* @kernel_data_V_10, align 1" [firmware/nnet_utils/nnet_dense_resource.h:59]   --->   Operation 20 'load' 'kernel_data_V_10_load' <Predicate = true> <Delay = 0.00>
ST_2 : Operation 21 [1/1] (0.00ns)   --->   "%kernel_data_V_11_load = load i8* @kernel_data_V_11, align 1" [firmware/nnet_utils/nnet_dense_resource.h:59]   --->   Operation 21 'load' 'kernel_data_V_11_load' <Predicate = true> <Delay = 0.00>
ST_2 : Operation 22 [1/1] (0.00ns)   --->   "%kernel_data_V_12_load = load i8* @kernel_data_V_12, align 1" [firmware/nnet_utils/nnet_dense_resource.h:59]   --->   Operation 22 'load' 'kernel_data_V_12_load' <Predicate = true> <Delay = 0.00>
ST_2 : Operation 23 [1/1] (0.00ns)   --->   "%kernel_data_V_13_load = load i8* @kernel_data_V_13, align 1" [firmware/nnet_utils/nnet_dense_resource.h:59]   --->   Operation 23 'load' 'kernel_data_V_13_load' <Predicate = true> <Delay = 0.00>
ST_2 : Operation 24 [1/1] (0.00ns)   --->   "%kernel_data_V_14_load = load i8* @kernel_data_V_14, align 1" [firmware/nnet_utils/nnet_dense_resource.h:59]   --->   Operation 24 'load' 'kernel_data_V_14_load' <Predicate = true> <Delay = 0.00>
ST_2 : Operation 25 [1/1] (0.00ns)   --->   "%kernel_data_V_15_load = load i8* @kernel_data_V_15, align 1" [firmware/nnet_utils/nnet_dense_resource.h:59]   --->   Operation 25 'load' 'kernel_data_V_15_load' <Predicate = true> <Delay = 0.00>
ST_2 : Operation 26 [1/1] (0.00ns)   --->   "%kernel_data_V_16_load = load i8* @kernel_data_V_16, align 1" [firmware/nnet_utils/nnet_dense_resource.h:59]   --->   Operation 26 'load' 'kernel_data_V_16_load' <Predicate = true> <Delay = 0.00>
ST_2 : Operation 27 [1/1] (0.00ns)   --->   "%kernel_data_V_17_load = load i8* @kernel_data_V_17, align 1" [firmware/nnet_utils/nnet_dense_resource.h:59]   --->   Operation 27 'load' 'kernel_data_V_17_load' <Predicate = true> <Delay = 0.00>
ST_2 : Operation 28 [1/1] (0.00ns)   --->   "%kernel_data_V_18_load = load i8* @kernel_data_V_18, align 1" [firmware/nnet_utils/nnet_dense_resource.h:59]   --->   Operation 28 'load' 'kernel_data_V_18_load' <Predicate = true> <Delay = 0.00>
ST_2 : Operation 29 [1/1] (0.00ns)   --->   "%kernel_data_V_19_load = load i8* @kernel_data_V_19, align 1" [firmware/nnet_utils/nnet_dense_resource.h:59]   --->   Operation 29 'load' 'kernel_data_V_19_load' <Predicate = true> <Delay = 0.00>
ST_2 : Operation 30 [1/1] (0.00ns)   --->   "%kernel_data_V_20_load = load i8* @kernel_data_V_20, align 1" [firmware/nnet_utils/nnet_dense_resource.h:59]   --->   Operation 30 'load' 'kernel_data_V_20_load' <Predicate = true> <Delay = 0.00>
ST_2 : Operation 31 [1/1] (0.00ns)   --->   "%kernel_data_V_21_load = load i8* @kernel_data_V_21, align 1" [firmware/nnet_utils/nnet_dense_resource.h:59]   --->   Operation 31 'load' 'kernel_data_V_21_load' <Predicate = true> <Delay = 0.00>
ST_2 : Operation 32 [1/1] (0.00ns)   --->   "%kernel_data_V_22_load = load i8* @kernel_data_V_22, align 1" [firmware/nnet_utils/nnet_dense_resource.h:59]   --->   Operation 32 'load' 'kernel_data_V_22_load' <Predicate = true> <Delay = 0.00>
ST_2 : Operation 33 [1/1] (0.00ns)   --->   "%kernel_data_V_23_load = load i8* @kernel_data_V_23, align 1" [firmware/nnet_utils/nnet_dense_resource.h:59]   --->   Operation 33 'load' 'kernel_data_V_23_load' <Predicate = true> <Delay = 0.00>
ST_2 : Operation 34 [1/1] (0.00ns)   --->   "%kernel_data_V_24_load = load i8* @kernel_data_V_24, align 1" [firmware/nnet_utils/nnet_dense_resource.h:59]   --->   Operation 34 'load' 'kernel_data_V_24_load' <Predicate = true> <Delay = 0.00>
ST_2 : Operation 35 [1/1] (0.00ns)   --->   "%kernel_data_V_25_load = load i8* @kernel_data_V_25, align 1" [firmware/nnet_utils/nnet_dense_resource.h:59]   --->   Operation 35 'load' 'kernel_data_V_25_load' <Predicate = true> <Delay = 0.00>
ST_2 : Operation 36 [1/1] (0.00ns)   --->   "%kernel_data_V_26_load = load i8* @kernel_data_V_26, align 1" [firmware/nnet_utils/nnet_dense_resource.h:59]   --->   Operation 36 'load' 'kernel_data_V_26_load' <Predicate = true> <Delay = 0.00>
ST_2 : Operation 37 [1/1] (0.00ns)   --->   "%kernel_data_V_27_load = load i8* @kernel_data_V_27, align 1" [firmware/nnet_utils/nnet_dense_resource.h:59]   --->   Operation 37 'load' 'kernel_data_V_27_load' <Predicate = true> <Delay = 0.00>
ST_2 : Operation 38 [1/1] (0.00ns)   --->   "%kernel_data_V_28_load = load i8* @kernel_data_V_28, align 1" [firmware/nnet_utils/nnet_dense_resource.h:59]   --->   Operation 38 'load' 'kernel_data_V_28_load' <Predicate = true> <Delay = 0.00>
ST_2 : Operation 39 [1/1] (0.00ns)   --->   "%kernel_data_V_29_load = load i8* @kernel_data_V_29, align 1" [firmware/nnet_utils/nnet_dense_resource.h:59]   --->   Operation 39 'load' 'kernel_data_V_29_load' <Predicate = true> <Delay = 0.00>
ST_2 : Operation 40 [1/1] (0.00ns)   --->   "%kernel_data_V_30_load = load i8* @kernel_data_V_30, align 1" [firmware/nnet_utils/nnet_dense_resource.h:59]   --->   Operation 40 'load' 'kernel_data_V_30_load' <Predicate = true> <Delay = 0.00>
ST_2 : Operation 41 [1/1] (0.00ns)   --->   "%kernel_data_V_31_load = load i8* @kernel_data_V_31, align 1" [firmware/nnet_utils/nnet_dense_resource.h:59]   --->   Operation 41 'load' 'kernel_data_V_31_load' <Predicate = true> <Delay = 0.00>
ST_2 : Operation 42 [1/1] (0.00ns)   --->   "%kernel_data_V_32_load = load i8* @kernel_data_V_32, align 1" [firmware/nnet_utils/nnet_dense_resource.h:59]   --->   Operation 42 'load' 'kernel_data_V_32_load' <Predicate = true> <Delay = 0.00>
ST_2 : Operation 43 [1/1] (0.00ns)   --->   "%kernel_data_V_33_load = load i8* @kernel_data_V_33, align 1" [firmware/nnet_utils/nnet_dense_resource.h:59]   --->   Operation 43 'load' 'kernel_data_V_33_load' <Predicate = true> <Delay = 0.00>
ST_2 : Operation 44 [1/1] (0.00ns)   --->   "%kernel_data_V_34_load = load i8* @kernel_data_V_34, align 1" [firmware/nnet_utils/nnet_dense_resource.h:59]   --->   Operation 44 'load' 'kernel_data_V_34_load' <Predicate = true> <Delay = 0.00>
ST_2 : Operation 45 [1/1] (0.00ns)   --->   "%kernel_data_V_35_load = load i8* @kernel_data_V_35, align 1" [firmware/nnet_utils/nnet_dense_resource.h:59]   --->   Operation 45 'load' 'kernel_data_V_35_load' <Predicate = true> <Delay = 0.00>
ST_2 : Operation 46 [1/1] (0.00ns)   --->   "%kernel_data_V_36_load = load i8* @kernel_data_V_36, align 1" [firmware/nnet_utils/nnet_dense_resource.h:59]   --->   Operation 46 'load' 'kernel_data_V_36_load' <Predicate = true> <Delay = 0.00>
ST_2 : Operation 47 [1/1] (0.00ns)   --->   "%kernel_data_V_37_load = load i8* @kernel_data_V_37, align 1" [firmware/nnet_utils/nnet_dense_resource.h:59]   --->   Operation 47 'load' 'kernel_data_V_37_load' <Predicate = true> <Delay = 0.00>
ST_2 : Operation 48 [1/1] (0.00ns)   --->   "%kernel_data_V_38_load = load i8* @kernel_data_V_38, align 1" [firmware/nnet_utils/nnet_dense_resource.h:59]   --->   Operation 48 'load' 'kernel_data_V_38_load' <Predicate = true> <Delay = 0.00>
ST_2 : Operation 49 [1/1] (0.00ns)   --->   "%kernel_data_V_39_load = load i8* @kernel_data_V_39, align 1" [firmware/nnet_utils/nnet_dense_resource.h:59]   --->   Operation 49 'load' 'kernel_data_V_39_load' <Predicate = true> <Delay = 0.00>
ST_2 : Operation 50 [1/1] (0.00ns)   --->   "%kernel_data_V_40_load = load i8* @kernel_data_V_40, align 1" [firmware/nnet_utils/nnet_dense_resource.h:59]   --->   Operation 50 'load' 'kernel_data_V_40_load' <Predicate = true> <Delay = 0.00>
ST_2 : Operation 51 [1/1] (0.00ns)   --->   "%kernel_data_V_41_load = load i8* @kernel_data_V_41, align 1" [firmware/nnet_utils/nnet_dense_resource.h:59]   --->   Operation 51 'load' 'kernel_data_V_41_load' <Predicate = true> <Delay = 0.00>
ST_2 : Operation 52 [1/1] (0.00ns)   --->   "%kernel_data_V_42_load = load i8* @kernel_data_V_42, align 1" [firmware/nnet_utils/nnet_dense_resource.h:59]   --->   Operation 52 'load' 'kernel_data_V_42_load' <Predicate = true> <Delay = 0.00>
ST_2 : Operation 53 [1/1] (0.00ns)   --->   "%kernel_data_V_43_load = load i8* @kernel_data_V_43, align 1" [firmware/nnet_utils/nnet_dense_resource.h:59]   --->   Operation 53 'load' 'kernel_data_V_43_load' <Predicate = true> <Delay = 0.00>
ST_2 : Operation 54 [1/1] (0.00ns)   --->   "%kernel_data_V_44_load = load i8* @kernel_data_V_44, align 1" [firmware/nnet_utils/nnet_dense_resource.h:59]   --->   Operation 54 'load' 'kernel_data_V_44_load' <Predicate = true> <Delay = 0.00>
ST_2 : Operation 55 [1/1] (0.00ns)   --->   "%kernel_data_V_45_load = load i8* @kernel_data_V_45, align 1" [firmware/nnet_utils/nnet_dense_resource.h:59]   --->   Operation 55 'load' 'kernel_data_V_45_load' <Predicate = true> <Delay = 0.00>
ST_2 : Operation 56 [1/1] (0.00ns)   --->   "%kernel_data_V_46_load = load i8* @kernel_data_V_46, align 1" [firmware/nnet_utils/nnet_dense_resource.h:59]   --->   Operation 56 'load' 'kernel_data_V_46_load' <Predicate = true> <Delay = 0.00>
ST_2 : Operation 57 [1/1] (0.00ns)   --->   "%kernel_data_V_47_load = load i8* @kernel_data_V_47, align 1" [firmware/nnet_utils/nnet_dense_resource.h:59]   --->   Operation 57 'load' 'kernel_data_V_47_load' <Predicate = true> <Delay = 0.00>
ST_2 : Operation 58 [1/1] (0.00ns)   --->   "%kernel_data_V_48_load = load i8* @kernel_data_V_48, align 1" [firmware/nnet_utils/nnet_dense_resource.h:59]   --->   Operation 58 'load' 'kernel_data_V_48_load' <Predicate = true> <Delay = 0.00>
ST_2 : Operation 59 [1/1] (0.00ns)   --->   "%kernel_data_V_49_load = load i8* @kernel_data_V_49, align 1" [firmware/nnet_utils/nnet_dense_resource.h:59]   --->   Operation 59 'load' 'kernel_data_V_49_load' <Predicate = true> <Delay = 0.00>
ST_2 : Operation 60 [1/1] (0.00ns)   --->   "%kernel_data_V_50_load = load i8* @kernel_data_V_50, align 1" [firmware/nnet_utils/nnet_dense_resource.h:59]   --->   Operation 60 'load' 'kernel_data_V_50_load' <Predicate = true> <Delay = 0.00>
ST_2 : Operation 61 [1/1] (0.00ns)   --->   "%kernel_data_V_51_load = load i8* @kernel_data_V_51, align 1" [firmware/nnet_utils/nnet_dense_resource.h:59]   --->   Operation 61 'load' 'kernel_data_V_51_load' <Predicate = true> <Delay = 0.00>
ST_2 : Operation 62 [1/1] (0.00ns)   --->   "%kernel_data_V_52_load = load i8* @kernel_data_V_52, align 1" [firmware/nnet_utils/nnet_dense_resource.h:59]   --->   Operation 62 'load' 'kernel_data_V_52_load' <Predicate = true> <Delay = 0.00>
ST_2 : Operation 63 [1/1] (0.00ns)   --->   "%kernel_data_V_53_load = load i8* @kernel_data_V_53, align 1" [firmware/nnet_utils/nnet_dense_resource.h:59]   --->   Operation 63 'load' 'kernel_data_V_53_load' <Predicate = true> <Delay = 0.00>
ST_2 : Operation 64 [1/1] (0.00ns)   --->   "%kernel_data_V_54_load = load i8* @kernel_data_V_54, align 1" [firmware/nnet_utils/nnet_dense_resource.h:59]   --->   Operation 64 'load' 'kernel_data_V_54_load' <Predicate = true> <Delay = 0.00>
ST_2 : Operation 65 [1/1] (0.00ns)   --->   "%kernel_data_V_55_load = load i8* @kernel_data_V_55, align 1" [firmware/nnet_utils/nnet_dense_resource.h:59]   --->   Operation 65 'load' 'kernel_data_V_55_load' <Predicate = true> <Delay = 0.00>
ST_2 : Operation 66 [1/1] (0.00ns)   --->   "%kernel_data_V_56_load = load i8* @kernel_data_V_56, align 1" [firmware/nnet_utils/nnet_dense_resource.h:59]   --->   Operation 66 'load' 'kernel_data_V_56_load' <Predicate = true> <Delay = 0.00>
ST_2 : Operation 67 [1/1] (0.00ns)   --->   "%kernel_data_V_57_load = load i8* @kernel_data_V_57, align 1" [firmware/nnet_utils/nnet_dense_resource.h:59]   --->   Operation 67 'load' 'kernel_data_V_57_load' <Predicate = true> <Delay = 0.00>
ST_2 : Operation 68 [1/1] (0.00ns)   --->   "%kernel_data_V_58_load = load i8* @kernel_data_V_58, align 1" [firmware/nnet_utils/nnet_dense_resource.h:59]   --->   Operation 68 'load' 'kernel_data_V_58_load' <Predicate = true> <Delay = 0.00>
ST_2 : Operation 69 [1/1] (0.00ns)   --->   "%kernel_data_V_59_load = load i8* @kernel_data_V_59, align 1" [firmware/nnet_utils/nnet_dense_resource.h:59]   --->   Operation 69 'load' 'kernel_data_V_59_load' <Predicate = true> <Delay = 0.00>
ST_2 : Operation 70 [1/1] (0.00ns)   --->   "%kernel_data_V_60_load = load i8* @kernel_data_V_60, align 1" [firmware/nnet_utils/nnet_dense_resource.h:59]   --->   Operation 70 'load' 'kernel_data_V_60_load' <Predicate = true> <Delay = 0.00>
ST_2 : Operation 71 [1/1] (0.00ns)   --->   "%kernel_data_V_61_load = load i8* @kernel_data_V_61, align 1" [firmware/nnet_utils/nnet_dense_resource.h:59]   --->   Operation 71 'load' 'kernel_data_V_61_load' <Predicate = true> <Delay = 0.00>
ST_2 : Operation 72 [1/1] (0.00ns)   --->   "%kernel_data_V_62_load = load i8* @kernel_data_V_62, align 1" [firmware/nnet_utils/nnet_dense_resource.h:59]   --->   Operation 72 'load' 'kernel_data_V_62_load' <Predicate = true> <Delay = 0.00>
ST_2 : Operation 73 [1/1] (0.00ns)   --->   "%kernel_data_V_63_load = load i8* @kernel_data_V_63, align 1" [firmware/nnet_utils/nnet_dense_resource.h:59]   --->   Operation 73 'load' 'kernel_data_V_63_load' <Predicate = true> <Delay = 0.00>
ST_2 : Operation 74 [1/1] (0.00ns)   --->   "%kernel_data_V_64_load = load i8* @kernel_data_V_64, align 1" [firmware/nnet_utils/nnet_dense_resource.h:59]   --->   Operation 74 'load' 'kernel_data_V_64_load' <Predicate = true> <Delay = 0.00>
ST_2 : Operation 75 [1/1] (0.00ns)   --->   "%kernel_data_V_65_load = load i8* @kernel_data_V_65, align 1" [firmware/nnet_utils/nnet_dense_resource.h:59]   --->   Operation 75 'load' 'kernel_data_V_65_load' <Predicate = true> <Delay = 0.00>
ST_2 : Operation 76 [1/1] (0.00ns)   --->   "%kernel_data_V_66_load = load i8* @kernel_data_V_66, align 1" [firmware/nnet_utils/nnet_dense_resource.h:59]   --->   Operation 76 'load' 'kernel_data_V_66_load' <Predicate = true> <Delay = 0.00>
ST_2 : Operation 77 [1/1] (0.00ns)   --->   "%kernel_data_V_67_load = load i8* @kernel_data_V_67, align 1" [firmware/nnet_utils/nnet_dense_resource.h:59]   --->   Operation 77 'load' 'kernel_data_V_67_load' <Predicate = true> <Delay = 0.00>
ST_2 : Operation 78 [1/1] (0.00ns)   --->   "%kernel_data_V_68_load = load i8* @kernel_data_V_68, align 1" [firmware/nnet_utils/nnet_dense_resource.h:59]   --->   Operation 78 'load' 'kernel_data_V_68_load' <Predicate = true> <Delay = 0.00>
ST_2 : Operation 79 [1/1] (0.00ns)   --->   "%kernel_data_V_69_load = load i8* @kernel_data_V_69, align 1" [firmware/nnet_utils/nnet_dense_resource.h:59]   --->   Operation 79 'load' 'kernel_data_V_69_load' <Predicate = true> <Delay = 0.00>
ST_2 : Operation 80 [1/1] (0.00ns)   --->   "%kernel_data_V_70_load = load i8* @kernel_data_V_70, align 1" [firmware/nnet_utils/nnet_dense_resource.h:59]   --->   Operation 80 'load' 'kernel_data_V_70_load' <Predicate = true> <Delay = 0.00>
ST_2 : Operation 81 [1/1] (0.00ns)   --->   "%kernel_data_V_71_load = load i8* @kernel_data_V_71, align 1" [firmware/nnet_utils/nnet_dense_resource.h:59]   --->   Operation 81 'load' 'kernel_data_V_71_load' <Predicate = true> <Delay = 0.00>
ST_2 : Operation 82 [1/1] (0.00ns)   --->   "%kernel_data_V_72_load = load i8* @kernel_data_V_72, align 1" [firmware/nnet_utils/nnet_dense_resource.h:59]   --->   Operation 82 'load' 'kernel_data_V_72_load' <Predicate = true> <Delay = 0.00>
ST_2 : Operation 83 [1/1] (0.00ns)   --->   "%kernel_data_V_73_load = load i8* @kernel_data_V_73, align 1" [firmware/nnet_utils/nnet_dense_resource.h:59]   --->   Operation 83 'load' 'kernel_data_V_73_load' <Predicate = true> <Delay = 0.00>
ST_2 : Operation 84 [1/1] (0.00ns)   --->   "%kernel_data_V_74_load = load i8* @kernel_data_V_74, align 1" [firmware/nnet_utils/nnet_dense_resource.h:59]   --->   Operation 84 'load' 'kernel_data_V_74_load' <Predicate = true> <Delay = 0.00>
ST_2 : Operation 85 [1/1] (0.00ns)   --->   "%kernel_data_V_75_load = load i8* @kernel_data_V_75, align 1" [firmware/nnet_utils/nnet_dense_resource.h:59]   --->   Operation 85 'load' 'kernel_data_V_75_load' <Predicate = true> <Delay = 0.00>
ST_2 : Operation 86 [1/1] (0.00ns)   --->   "%kernel_data_V_76_load = load i8* @kernel_data_V_76, align 1" [firmware/nnet_utils/nnet_dense_resource.h:59]   --->   Operation 86 'load' 'kernel_data_V_76_load' <Predicate = true> <Delay = 0.00>
ST_2 : Operation 87 [1/1] (0.00ns)   --->   "%kernel_data_V_77_load = load i8* @kernel_data_V_77, align 1" [firmware/nnet_utils/nnet_dense_resource.h:59]   --->   Operation 87 'load' 'kernel_data_V_77_load' <Predicate = true> <Delay = 0.00>
ST_2 : Operation 88 [1/1] (0.00ns)   --->   "%kernel_data_V_78_load = load i8* @kernel_data_V_78, align 1" [firmware/nnet_utils/nnet_dense_resource.h:59]   --->   Operation 88 'load' 'kernel_data_V_78_load' <Predicate = true> <Delay = 0.00>
ST_2 : Operation 89 [1/1] (0.00ns)   --->   "%kernel_data_V_79_load = load i8* @kernel_data_V_79, align 1" [firmware/nnet_utils/nnet_dense_resource.h:59]   --->   Operation 89 'load' 'kernel_data_V_79_load' <Predicate = true> <Delay = 0.00>
ST_2 : Operation 90 [1/1] (0.00ns)   --->   "%kernel_data_V_80_load = load i8* @kernel_data_V_80, align 1" [firmware/nnet_utils/nnet_dense_resource.h:59]   --->   Operation 90 'load' 'kernel_data_V_80_load' <Predicate = true> <Delay = 0.00>
ST_2 : Operation 91 [1/1] (0.00ns)   --->   "%kernel_data_V_81_load = load i8* @kernel_data_V_81, align 1" [firmware/nnet_utils/nnet_dense_resource.h:59]   --->   Operation 91 'load' 'kernel_data_V_81_load' <Predicate = true> <Delay = 0.00>
ST_2 : Operation 92 [1/1] (0.00ns)   --->   "%kernel_data_V_82_load = load i8* @kernel_data_V_82, align 1" [firmware/nnet_utils/nnet_dense_resource.h:59]   --->   Operation 92 'load' 'kernel_data_V_82_load' <Predicate = true> <Delay = 0.00>
ST_2 : Operation 93 [1/1] (0.00ns)   --->   "%kernel_data_V_83_load = load i8* @kernel_data_V_83, align 1" [firmware/nnet_utils/nnet_dense_resource.h:59]   --->   Operation 93 'load' 'kernel_data_V_83_load' <Predicate = true> <Delay = 0.00>
ST_2 : Operation 94 [1/1] (0.00ns)   --->   "%kernel_data_V_84_load = load i8* @kernel_data_V_84, align 1" [firmware/nnet_utils/nnet_dense_resource.h:59]   --->   Operation 94 'load' 'kernel_data_V_84_load' <Predicate = true> <Delay = 0.00>
ST_2 : Operation 95 [1/1] (0.00ns)   --->   "%kernel_data_V_85_load = load i8* @kernel_data_V_85, align 1" [firmware/nnet_utils/nnet_dense_resource.h:59]   --->   Operation 95 'load' 'kernel_data_V_85_load' <Predicate = true> <Delay = 0.00>
ST_2 : Operation 96 [1/1] (0.00ns)   --->   "%kernel_data_V_86_load = load i8* @kernel_data_V_86, align 1" [firmware/nnet_utils/nnet_dense_resource.h:59]   --->   Operation 96 'load' 'kernel_data_V_86_load' <Predicate = true> <Delay = 0.00>
ST_2 : Operation 97 [1/1] (0.00ns)   --->   "%kernel_data_V_87_load = load i8* @kernel_data_V_87, align 1" [firmware/nnet_utils/nnet_dense_resource.h:59]   --->   Operation 97 'load' 'kernel_data_V_87_load' <Predicate = true> <Delay = 0.00>
ST_2 : Operation 98 [1/1] (0.00ns)   --->   "%kernel_data_V_88_load = load i8* @kernel_data_V_88, align 1" [firmware/nnet_utils/nnet_dense_resource.h:59]   --->   Operation 98 'load' 'kernel_data_V_88_load' <Predicate = true> <Delay = 0.00>
ST_2 : Operation 99 [1/1] (0.00ns)   --->   "%kernel_data_V_89_load = load i8* @kernel_data_V_89, align 1" [firmware/nnet_utils/nnet_dense_resource.h:59]   --->   Operation 99 'load' 'kernel_data_V_89_load' <Predicate = true> <Delay = 0.00>
ST_2 : Operation 100 [1/1] (4.03ns)   --->   "%tmp = call i8 @_ssdm_op_Mux.ap_auto.90i8.i7(i8 %kernel_data_V_0_load, i8 %kernel_data_V_1321_load, i8 %kernel_data_V_2322_load, i8 %kernel_data_V_3323_load, i8 %kernel_data_V_4324_load, i8 %kernel_data_V_5_load, i8 %kernel_data_V_6_load, i8 %kernel_data_V_7_load, i8 %kernel_data_V_8_load, i8 %kernel_data_V_9_load, i8 %kernel_data_V_10_load, i8 %kernel_data_V_11_load, i8 %kernel_data_V_12_load, i8 %kernel_data_V_13_load, i8 %kernel_data_V_14_load, i8 %kernel_data_V_15_load, i8 %kernel_data_V_16_load, i8 %kernel_data_V_17_load, i8 %kernel_data_V_18_load, i8 %kernel_data_V_19_load, i8 %kernel_data_V_20_load, i8 %kernel_data_V_21_load, i8 %kernel_data_V_22_load, i8 %kernel_data_V_23_load, i8 %kernel_data_V_24_load, i8 %kernel_data_V_25_load, i8 %kernel_data_V_26_load, i8 %kernel_data_V_27_load, i8 %kernel_data_V_28_load, i8 %kernel_data_V_29_load, i8 %kernel_data_V_30_load, i8 %kernel_data_V_31_load, i8 %kernel_data_V_32_load, i8 %kernel_data_V_33_load, i8 %kernel_data_V_34_load, i8 %kernel_data_V_35_load, i8 %kernel_data_V_36_load, i8 %kernel_data_V_37_load, i8 %kernel_data_V_38_load, i8 %kernel_data_V_39_load, i8 %kernel_data_V_40_load, i8 %kernel_data_V_41_load, i8 %kernel_data_V_42_load, i8 %kernel_data_V_43_load, i8 %kernel_data_V_44_load, i8 %kernel_data_V_45_load, i8 %kernel_data_V_46_load, i8 %kernel_data_V_47_load, i8 %kernel_data_V_48_load, i8 %kernel_data_V_49_load, i8 %kernel_data_V_50_load, i8 %kernel_data_V_51_load, i8 %kernel_data_V_52_load, i8 %kernel_data_V_53_load, i8 %kernel_data_V_54_load, i8 %kernel_data_V_55_load, i8 %kernel_data_V_56_load, i8 %kernel_data_V_57_load, i8 %kernel_data_V_58_load, i8 %kernel_data_V_59_load, i8 %kernel_data_V_60_load, i8 %kernel_data_V_61_load, i8 %kernel_data_V_62_load, i8 %kernel_data_V_63_load, i8 %kernel_data_V_64_load, i8 %kernel_data_V_65_load, i8 %kernel_data_V_66_load, i8 %kernel_data_V_67_load, i8 %kernel_data_V_68_load, i8 %kernel_data_V_69_load, i8 %kernel_data_V_70_load, i8 %kernel_data_V_71_load, i8 %kernel_data_V_72_load, i8 %kernel_data_V_73_load, i8 %kernel_data_V_74_load, i8 %kernel_data_V_75_load, i8 %kernel_data_V_76_load, i8 %kernel_data_V_77_load, i8 %kernel_data_V_78_load, i8 %kernel_data_V_79_load, i8 %kernel_data_V_80_load, i8 %kernel_data_V_81_load, i8 %kernel_data_V_82_load, i8 %kernel_data_V_83_load, i8 %kernel_data_V_84_load, i8 %kernel_data_V_85_load, i8 %kernel_data_V_86_load, i8 %kernel_data_V_87_load, i8 %kernel_data_V_88_load, i8 %kernel_data_V_89_load, i7 %in_index7)" [firmware/nnet_utils/nnet_dense_resource.h:59]   --->   Operation 100 'mux' 'tmp' <Predicate = true> <Delay = 4.03> <Core = "MuxnS">   --->   Core 31 'MuxnS' <Latency = 0> <II = 1> <Delay = 4.03> <FuncUnit> <Opcode : 'mux'> <InPorts = 2> <OutPorts = 1>
ST_2 : Operation 101 [1/1] (0.00ns)   --->   "%w11_V_addr = getelementptr [90 x i2]* @w11_V, i64 0, i64 %zext_ln59" [firmware/nnet_utils/nnet_dense_resource.h:59]   --->   Operation 101 'getelementptr' 'w11_V_addr' <Predicate = true> <Delay = 0.00>
ST_2 : Operation 102 [2/2] (3.25ns)   --->   "%w11_V_load = load i2* %w11_V_addr, align 1" [firmware/nnet_utils/nnet_dense_resource.h:59]   --->   Operation 102 'load' 'w11_V_load' <Predicate = true> <Delay = 3.25> <Core = "ROM_nP_BRAM">   --->   Core 55 'ROM_nP_BRAM' <Latency = 1> <II = 1> <Delay = 3.25> <Storage> <Opcode : 'load'> <Ports = 0> <Width = 2> <Depth = 90> <ROM>
ST_2 : Operation 103 [1/1] (1.87ns)   --->   "%in_index = add i7 %in_index7, 1" [firmware/nnet_utils/nnet_dense_resource.h:46]   --->   Operation 103 'add' 'in_index' <Predicate = true> <Delay = 1.87> <Core = "AddSub">   --->   Core 14 'AddSub' <Latency = 0> <II = 1> <Delay = 1.87> <FuncUnit> <Opcode : 'add' 'sub'> <InPorts = 2> <OutPorts = 1>
ST_2 : Operation 104 [1/1] (1.48ns)   --->   "%icmp_ln46 = icmp eq i7 %in_index7, -39" [firmware/nnet_utils/nnet_dense_resource.h:46]   --->   Operation 104 'icmp' 'icmp_ln46' <Predicate = true> <Delay = 1.48> <Core = "Cmp">   --->   Core 25 'Cmp' <Latency = 0> <II = 1> <Delay = 1.48> <FuncUnit> <Opcode : 'icmp'> <InPorts = 2> <OutPorts = 1>
ST_2 : Operation 105 [1/1] (0.00ns)   --->   "br label %rewind_header" [firmware/nnet_utils/nnet_dense_resource.h:32]   --->   Operation 105 'br' <Predicate = (icmp_ln46)> <Delay = 0.00>

State 3 <SV = 2> <Delay = 3.25>
ST_3 : Operation 106 [1/2] (3.25ns)   --->   "%w11_V_load = load i2* %w11_V_addr, align 1" [firmware/nnet_utils/nnet_dense_resource.h:59]   --->   Operation 106 'load' 'w11_V_load' <Predicate = true> <Delay = 3.25> <Core = "ROM_nP_BRAM">   --->   Core 55 'ROM_nP_BRAM' <Latency = 1> <II = 1> <Delay = 3.25> <Storage> <Opcode : 'load'> <Ports = 0> <Width = 2> <Depth = 90> <ROM>

State 4 <SV = 3> <Delay = 4.17>
ST_4 : Operation 107 [1/1] (0.00ns)   --->   "%sext_ln1118 = sext i8 %tmp to i10" [firmware/nnet_utils/nnet_mult.h:73->firmware/nnet_utils/nnet_dense_resource.h:59]   --->   Operation 107 'sext' 'sext_ln1118' <Predicate = true> <Delay = 0.00>
ST_4 : Operation 108 [1/1] (0.00ns)   --->   "%sext_ln1118_1 = sext i2 %w11_V_load to i10" [firmware/nnet_utils/nnet_mult.h:73->firmware/nnet_utils/nnet_dense_resource.h:59]   --->   Operation 108 'sext' 'sext_ln1118_1' <Predicate = true> <Delay = 0.00>
ST_4 : Operation 109 [1/1] (4.17ns)   --->   "%r_V = mul i10 %sext_ln1118, %sext_ln1118_1" [firmware/nnet_utils/nnet_mult.h:73->firmware/nnet_utils/nnet_dense_resource.h:59]   --->   Operation 109 'mul' 'r_V' <Predicate = true> <Delay = 4.17> <Core = "Mul">   --->   Core 16 'Mul' <Latency = 0> <II = 1> <Delay = 4.17> <FuncUnit> <Opcode : 'mul'> <InPorts = 2> <OutPorts = 1>
ST_4 : Operation 110 [1/1] (0.00ns)   --->   "%trunc_ln = call i7 @_ssdm_op_PartSelect.i7.i10.i32.i32(i10 %r_V, i32 3, i32 9)" [firmware/nnet_utils/nnet_dense_resource.h:59]   --->   Operation 110 'partselect' 'trunc_ln' <Predicate = true> <Delay = 0.00>

State 5 <SV = 4> <Delay = 1.91>
ST_5 : Operation 111 [1/1] (0.00ns)   --->   "%do_init = phi i1 [ true, %hls_label_28_begin ], [ false, %ReuseLoop ], [ true, %"dense_resource_rf_leq_nin<ap_fixed<8, 4, 5, 3, 0>, ap_fixed<8, 4, 5, 3, 0>, config11_mult>.0.0.exit" ]"   --->   Operation 111 'phi' 'do_init' <Predicate = true> <Delay = 0.00>
ST_5 : Operation 112 [1/1] (0.00ns)   --->   "%res_V_write_assign5 = phi i8 [ 0, %hls_label_28_begin ], [ %acc_0_V, %ReuseLoop ], [ 0, %"dense_resource_rf_leq_nin<ap_fixed<8, 4, 5, 3, 0>, ap_fixed<8, 4, 5, 3, 0>, config11_mult>.0.0.exit" ]"   --->   Operation 112 'phi' 'res_V_write_assign5' <Predicate = true> <Delay = 0.00>
ST_5 : Operation 113 [1/1] (0.00ns)   --->   "br i1 %do_init, label %hls_label_28_end, label %ReuseLoop"   --->   Operation 113 'br' <Predicate = true> <Delay = 0.00>
ST_5 : Operation 114 [1/1] (0.00ns)   --->   "call void (...)* @_ssdm_op_SpecMemCore([90 x i2]* @w11_V, [1 x i8]* @p_str14, [12 x i8]* @p_str39, [1 x i8]* @p_str14, i32 -1, [1 x i8]* @p_str14, [1 x i8]* @p_str14, [1 x i8]* @p_str14, [1 x i8]* @p_str14, [1 x i8]* @p_str14)" [firmware/nnet_utils/nnet_dense_resource.h:33]   --->   Operation 114 'specmemcore' <Predicate = (do_init)> <Delay = 0.00>
ST_5 : Operation 115 [1/1] (0.00ns)   --->   "%empty_212 = call i32 (...)* @_ssdm_op_SpecRegionEnd([13 x i8]* @p_str38, i32 %tmp_i)" [firmware/nnet_utils/nnet_dense_resource.h:34]   --->   Operation 115 'specregionend' 'empty_212' <Predicate = (do_init)> <Delay = 0.00>
ST_5 : Operation 116 [1/1] (0.00ns)   --->   "br label %ReuseLoop" [firmware/nnet_utils/nnet_dense_resource.h:46]   --->   Operation 116 'br' <Predicate = (do_init)> <Delay = 0.00>
ST_5 : Operation 117 [1/1] (0.00ns)   --->   "call void (...)* @_ssdm_op_SpecLoopName([10 x i8]* @p_str41) nounwind" [firmware/nnet_utils/nnet_dense_resource.h:46]   --->   Operation 117 'specloopname' <Predicate = true> <Delay = 0.00>
ST_5 : Operation 118 [1/1] (0.00ns)   --->   "%tmp_76_i = call i32 (...)* @_ssdm_op_SpecRegionBegin([10 x i8]* @p_str41)" [firmware/nnet_utils/nnet_dense_resource.h:46]   --->   Operation 118 'specregionbegin' 'tmp_76_i' <Predicate = true> <Delay = 0.00>
ST_5 : Operation 119 [1/1] (0.00ns)   --->   "call void (...)* @_ssdm_op_SpecPipeline(i32 1, i32 1, i32 1, i32 0, [1 x i8]* @p_str14) nounwind" [firmware/nnet_utils/nnet_dense_resource.h:47]   --->   Operation 119 'specpipeline' <Predicate = true> <Delay = 0.00>
ST_5 : Operation 120 [1/1] (0.00ns)   --->   "%sext_ln708 = sext i7 %trunc_ln to i8" [firmware/nnet_utils/nnet_dense_resource.h:59]   --->   Operation 120 'sext' 'sext_ln708' <Predicate = true> <Delay = 0.00>
ST_5 : Operation 121 [1/1] (1.91ns)   --->   "%acc_0_V = add i8 %sext_ln708, %res_V_write_assign5" [firmware/nnet_utils/nnet_dense_resource.h:59]   --->   Operation 121 'add' 'acc_0_V' <Predicate = true> <Delay = 1.91> <Core = "AddSub">   --->   Core 14 'AddSub' <Latency = 0> <II = 1> <Delay = 1.87> <FuncUnit> <Opcode : 'add' 'sub'> <InPorts = 2> <OutPorts = 1>
ST_5 : Operation 122 [1/1] (0.00ns)   --->   "%empty = call i32 (...)* @_ssdm_op_SpecRegionEnd([10 x i8]* @p_str41, i32 %tmp_76_i)" [firmware/nnet_utils/nnet_dense_resource.h:76]   --->   Operation 122 'specregionend' 'empty' <Predicate = true> <Delay = 0.00>
ST_5 : Operation 123 [1/1] (0.00ns)   --->   "%empty_211 = call i32 (...)* @_ssdm_op_SpecLoopTripCount(i64 90, i64 90, i64 90)"   --->   Operation 123 'speclooptripcount' 'empty_211' <Predicate = true> <Delay = 0.00>
ST_5 : Operation 124 [1/1] (0.00ns)   --->   "br i1 %icmp_ln46, label %"dense_resource_rf_leq_nin<ap_fixed<8, 4, 5, 3, 0>, ap_fixed<8, 4, 5, 3, 0>, config11_mult>.0.0.exit", label %rewind_header" [firmware/nnet_utils/nnet_dense_resource.h:46]   --->   Operation 124 'br' <Predicate = true> <Delay = 0.00>
ST_5 : Operation 125 [1/1] (0.00ns)   --->   "call void (...)* @_ssdm_op_Return(i8 %acc_0_V)" [firmware/nnet_utils/nnet_dense_resource.h:32]   --->   Operation 125 'return' <Predicate = (icmp_ln46)> <Delay = 0.00>


============================================================
+ Verbose Summary: Timing violations
============================================================
Target clock period: 5ns, clock uncertainty: 0.625ns.

 <State 1>: 1.77ns
The critical path consists of the following:
	multiplexor before 'phi' operation ('do_init') [97]  (1.77 ns)

 <State 2>: 4.04ns
The critical path consists of the following:
	'phi' operation ('ir') with incoming values : ('ir', firmware/nnet_utils/nnet_dense_resource.h:46) [98]  (0 ns)
	'mux' operation ('tmp', firmware/nnet_utils/nnet_dense_resource.h:59) [200]  (4.04 ns)

 <State 3>: 3.25ns
The critical path consists of the following:
	'load' operation ('w11_V_load', firmware/nnet_utils/nnet_dense_resource.h:59) on array 'w11_V' [202]  (3.25 ns)

 <State 4>: 4.17ns
The critical path consists of the following:
	'mul' operation ('r.V', firmware/nnet_utils/nnet_mult.h:73->firmware/nnet_utils/nnet_dense_resource.h:59) [205]  (4.17 ns)

 <State 5>: 1.92ns
The critical path consists of the following:
	'phi' operation ('acc[0].V') with incoming values : ('acc[0].V', firmware/nnet_utils/nnet_dense_resource.h:59) [99]  (0 ns)
	'add' operation ('acc[0].V', firmware/nnet_utils/nnet_dense_resource.h:59) [208]  (1.92 ns)
	'return' operation ('return_ln32', firmware/nnet_utils/nnet_dense_resource.h:32) [215]  (0 ns)


============================================================
+ Verbose Summary: Binding
============================================================
N/A
* FSMD analyzer results:
  - Output states:
 - Input state : 
  - Chain level:
	State 1
	State 2
	State 3
	State 4
	State 5


============================================================
+ Verbose Summary: Datapath Resource usage 
============================================================
N/A
