

================================================================
== Vivado HLS Report for 'resize_nearest_array_ap_fixed_16_6_5_3_0_4u_config16_s'
================================================================
* Date:           Fri Jun 27 09:42:44 2025

* Version:        2020.1 (Build 2897737 on Wed May 27 20:21:37 MDT 2020)
* Project:        myproject_prj
* Solution:       solution1
* Product family: zynq
* Target device:  xc7z020-clg400-1


================================================================
== Performance Estimates
================================================================
+ Timing: 
    * Summary: 
    +--------+---------+----------+------------+
    |  Clock |  Target | Estimated| Uncertainty|
    +--------+---------+----------+------------+
    |ap_clk  | 5.00 ns | 4.375 ns |   0.62 ns  |
    +--------+---------+----------+------------+

+ Latency: 
    * Summary: 
    +---------+---------+----------+----------+------+------+---------+
    |  Latency (cycles) |  Latency (absolute) |   Interval  | Pipeline|
    |   min   |   max   |    min   |    max   |  min |  max |   Type  |
    +---------+---------+----------+----------+------+------+---------+
    |     1026|     1026| 5.130 us | 5.130 us |  1026|  1026|   none  |
    +---------+---------+----------+----------+------+------+---------+

    + Detail: 
        * Instance: 
        N/A

        * Loop: 
        +---------------+---------+---------+----------+-----------+-----------+------+----------+
        |               |  Latency (cycles) | Iteration|  Initiation Interval  | Trip |          |
        |   Loop Name   |   min   |   max   |  Latency |  achieved |   target  | Count| Pipelined|
        +---------------+---------+---------+----------+-----------+-----------+------+----------+
        |- ImageHeight  |     1024|     1024|        65|         64|          1|    16|    yes   |
        +---------------+---------+---------+----------+-----------+-----------+------+----------+

============================================================
+ Verbose Summary: Synthesis Manager
============================================================
InlineROM: 1
ExposeGlobal: 0
============================================================
+ Verbose Summary: CDFG Model
============================================================
IsTopModel: 0
ResetActiveHigh: 1
IsCombinational: 2
IsDatapathOnly: 0
HasWiredReturn: 1
HasMFsm: 0
HasVarLatency: 1
IsPipeline: 0
IsRtlPipelined: 0
IsInstanceOverlapped: 0
IsDontTouch: 0
HasImplIP: 0
IsGatedGlobalClock: 0

+ Individual pipeline summary: 
  * Pipeline-0: initiation interval (II) = 64, depth = 65


============================================================
+ Verbose Summary: Schedule
============================================================
* Number of FSM states : 67
* Pipeline : 1
  Pipeline-0 : II = 64, D = 65, States = { 2 3 4 5 6 7 8 9 10 11 12 13 14 15 16 17 18 19 20 21 22 23 24 25 26 27 28 29 30 31 32 33 34 35 36 37 38 39 40 41 42 43 44 45 46 47 48 49 50 51 52 53 54 55 56 57 58 59 60 61 62 63 64 65 66 }
* Dataflow Pipeline: 0

* FSM state transitions: 
1 --> 2 
2 --> 67 3 
3 --> 4 
4 --> 5 
5 --> 6 
6 --> 7 
7 --> 8 
8 --> 9 
9 --> 10 
10 --> 11 
11 --> 12 
12 --> 13 
13 --> 14 
14 --> 15 
15 --> 16 
16 --> 17 
17 --> 18 
18 --> 19 
19 --> 20 
20 --> 21 
21 --> 22 
22 --> 23 
23 --> 24 
24 --> 25 
25 --> 26 
26 --> 27 
27 --> 28 
28 --> 29 
29 --> 30 
30 --> 31 
31 --> 32 
32 --> 33 
33 --> 34 
34 --> 35 
35 --> 36 
36 --> 37 
37 --> 38 
38 --> 39 
39 --> 40 
40 --> 41 
41 --> 42 
42 --> 43 
43 --> 44 
44 --> 45 
45 --> 46 
46 --> 47 
47 --> 48 
48 --> 49 
49 --> 50 
50 --> 51 
51 --> 52 
52 --> 53 
53 --> 54 
54 --> 55 
55 --> 56 
56 --> 57 
57 --> 58 
58 --> 59 
59 --> 60 
60 --> 61 
61 --> 62 
62 --> 63 
63 --> 64 
64 --> 65 
65 --> 66 
66 --> 2 
67 --> 

* FSM state operations: 

State 1 <SV = 0> <Delay = 1.76>
ST_1 : Operation 68 [1/1] (0.00ns)   --->   "call void (...)* @_ssdm_op_SpecInterface(i16* %resized_V_data_3_V, [8 x i8]* @ap_fifo_str, i32 0, i32 0, [1 x i8]* @p_str, i32 0, i32 0, [1 x i8]* @p_str, [1 x i8]* @p_str, [1 x i8]* @p_str, i32 2, i32 2, i32 16, i32 16, [1 x i8]* @p_str, [1 x i8]* @p_str)"   --->   Operation 68 'specinterface' <Predicate = true> <Delay = 0.00>
ST_1 : Operation 69 [1/1] (0.00ns)   --->   "call void (...)* @_ssdm_op_SpecInterface(i16* %resized_V_data_2_V, [8 x i8]* @ap_fifo_str, i32 0, i32 0, [1 x i8]* @p_str, i32 0, i32 0, [1 x i8]* @p_str, [1 x i8]* @p_str, [1 x i8]* @p_str, i32 2, i32 2, i32 16, i32 16, [1 x i8]* @p_str, [1 x i8]* @p_str)"   --->   Operation 69 'specinterface' <Predicate = true> <Delay = 0.00>
ST_1 : Operation 70 [1/1] (0.00ns)   --->   "call void (...)* @_ssdm_op_SpecInterface(i16* %resized_V_data_1_V, [8 x i8]* @ap_fifo_str, i32 0, i32 0, [1 x i8]* @p_str, i32 0, i32 0, [1 x i8]* @p_str, [1 x i8]* @p_str, [1 x i8]* @p_str, i32 2, i32 2, i32 16, i32 16, [1 x i8]* @p_str, [1 x i8]* @p_str)"   --->   Operation 70 'specinterface' <Predicate = true> <Delay = 0.00>
ST_1 : Operation 71 [1/1] (0.00ns)   --->   "call void (...)* @_ssdm_op_SpecInterface(i16* %resized_V_data_0_V, [8 x i8]* @ap_fifo_str, i32 0, i32 0, [1 x i8]* @p_str, i32 0, i32 0, [1 x i8]* @p_str, [1 x i8]* @p_str, [1 x i8]* @p_str, i32 2, i32 2, i32 16, i32 16, [1 x i8]* @p_str, [1 x i8]* @p_str)"   --->   Operation 71 'specinterface' <Predicate = true> <Delay = 0.00>
ST_1 : Operation 72 [1/1] (0.00ns)   --->   "call void (...)* @_ssdm_op_SpecInterface(i16* %image_V_data_3_V, [8 x i8]* @ap_fifo_str, i32 0, i32 0, [1 x i8]* @p_str, i32 0, i32 0, [1 x i8]* @p_str, [1 x i8]* @p_str, [1 x i8]* @p_str, i32 2, i32 2, i32 16, i32 16, [1 x i8]* @p_str, [1 x i8]* @p_str)"   --->   Operation 72 'specinterface' <Predicate = true> <Delay = 0.00>
ST_1 : Operation 73 [1/1] (0.00ns)   --->   "call void (...)* @_ssdm_op_SpecInterface(i16* %image_V_data_2_V, [8 x i8]* @ap_fifo_str, i32 0, i32 0, [1 x i8]* @p_str, i32 0, i32 0, [1 x i8]* @p_str, [1 x i8]* @p_str, [1 x i8]* @p_str, i32 2, i32 2, i32 16, i32 16, [1 x i8]* @p_str, [1 x i8]* @p_str)"   --->   Operation 73 'specinterface' <Predicate = true> <Delay = 0.00>
ST_1 : Operation 74 [1/1] (0.00ns)   --->   "call void (...)* @_ssdm_op_SpecInterface(i16* %image_V_data_1_V, [8 x i8]* @ap_fifo_str, i32 0, i32 0, [1 x i8]* @p_str, i32 0, i32 0, [1 x i8]* @p_str, [1 x i8]* @p_str, [1 x i8]* @p_str, i32 2, i32 2, i32 16, i32 16, [1 x i8]* @p_str, [1 x i8]* @p_str)"   --->   Operation 74 'specinterface' <Predicate = true> <Delay = 0.00>
ST_1 : Operation 75 [1/1] (0.00ns)   --->   "call void (...)* @_ssdm_op_SpecInterface(i16* %image_V_data_0_V, [8 x i8]* @ap_fifo_str, i32 0, i32 0, [1 x i8]* @p_str, i32 0, i32 0, [1 x i8]* @p_str, [1 x i8]* @p_str, [1 x i8]* @p_str, i32 2, i32 2, i32 16, i32 16, [1 x i8]* @p_str, [1 x i8]* @p_str)"   --->   Operation 75 'specinterface' <Predicate = true> <Delay = 0.00>
ST_1 : Operation 76 [1/1] (1.76ns)   --->   "br label %1" [firmware/nnet_utils/nnet_image_stream.h:16]   --->   Operation 76 'br' <Predicate = true> <Delay = 1.76>

State 2 <SV = 1> <Delay = 1.78>
ST_2 : Operation 77 [1/1] (0.00ns)   --->   "%h_0 = phi i5 [ 0, %0 ], [ %h, %ImageHeight ]"   --->   Operation 77 'phi' 'h_0' <Predicate = true> <Delay = 0.00>
ST_2 : Operation 78 [1/1] (1.36ns)   --->   "%icmp_ln16 = icmp eq i5 %h_0, -16" [firmware/nnet_utils/nnet_image_stream.h:16]   --->   Operation 78 'icmp' 'icmp_ln16' <Predicate = true> <Delay = 1.36> <Core = "Cmp">   --->   Core 25 'Cmp' <Latency = 0> <II = 1> <Delay = 1.36> <FuncUnit> <Opcode : 'icmp'> <InPorts = 2> <OutPorts = 1>
ST_2 : Operation 79 [1/1] (0.00ns)   --->   "%empty = call i32 (...)* @_ssdm_op_SpecLoopTripCount(i64 16, i64 16, i64 16)"   --->   Operation 79 'speclooptripcount' 'empty' <Predicate = true> <Delay = 0.00>
ST_2 : Operation 80 [1/1] (1.78ns)   --->   "%h = add i5 %h_0, 1" [firmware/nnet_utils/nnet_image_stream.h:16]   --->   Operation 80 'add' 'h' <Predicate = true> <Delay = 1.78> <Core = "AddSub">   --->   Core 14 'AddSub' <Latency = 0> <II = 1> <Delay = 1.78> <FuncUnit> <Opcode : 'add' 'sub'> <InPorts = 2> <OutPorts = 1>
ST_2 : Operation 81 [1/1] (0.00ns)   --->   "br i1 %icmp_ln16, label %2, label %ImageHeight" [firmware/nnet_utils/nnet_image_stream.h:16]   --->   Operation 81 'br' <Predicate = true> <Delay = 0.00>

State 3 <SV = 2> <Delay = 4.37>
ST_3 : Operation 82 [1/1] (2.18ns)   --->   "%empty_75 = call { i16, i16, i16, i16 } @_ssdm_op_Read.ap_fifo.volatile.i16P.i16P.i16P.i16P(i16* %image_V_data_0_V, i16* %image_V_data_1_V, i16* %image_V_data_2_V, i16* %image_V_data_3_V)" [firmware/nnet_utils/nnet_image_stream.h:25]   --->   Operation 82 'read' 'empty_75' <Predicate = (!icmp_ln16)> <Delay = 2.18> <Core = "FIFO">   --->   Core 32 'FIFO' <Latency = 0> <II = 1> <Delay = 3.63> <Storage> <Opcode : 'read' 'write' 'nbread' 'nbwrite'> <Ports = 0> <Width = 16> <Depth = 3> <FIFO>
ST_3 : Operation 83 [1/1] (0.00ns)   --->   "%tmp_data_0_V = extractvalue { i16, i16, i16, i16 } %empty_75, 0" [firmware/nnet_utils/nnet_image_stream.h:25]   --->   Operation 83 'extractvalue' 'tmp_data_0_V' <Predicate = (!icmp_ln16)> <Delay = 0.00>
ST_3 : Operation 84 [1/1] (0.00ns)   --->   "%tmp_data_1_V = extractvalue { i16, i16, i16, i16 } %empty_75, 1" [firmware/nnet_utils/nnet_image_stream.h:25]   --->   Operation 84 'extractvalue' 'tmp_data_1_V' <Predicate = (!icmp_ln16)> <Delay = 0.00>
ST_3 : Operation 85 [1/1] (0.00ns)   --->   "%tmp_data_2_V = extractvalue { i16, i16, i16, i16 } %empty_75, 2" [firmware/nnet_utils/nnet_image_stream.h:25]   --->   Operation 85 'extractvalue' 'tmp_data_2_V' <Predicate = (!icmp_ln16)> <Delay = 0.00>
ST_3 : Operation 86 [1/1] (0.00ns)   --->   "%tmp_data_3_V = extractvalue { i16, i16, i16, i16 } %empty_75, 3" [firmware/nnet_utils/nnet_image_stream.h:25]   --->   Operation 86 'extractvalue' 'tmp_data_3_V' <Predicate = (!icmp_ln16)> <Delay = 0.00>
ST_3 : Operation 87 [1/1] (2.18ns)   --->   "call void @_ssdm_op_Write.ap_fifo.volatile.i16P.i16P.i16P.i16P(i16* %resized_V_data_0_V, i16* %resized_V_data_1_V, i16* %resized_V_data_2_V, i16* %resized_V_data_3_V, i16 %tmp_data_0_V, i16 %tmp_data_1_V, i16 %tmp_data_2_V, i16 %tmp_data_3_V)" [firmware/nnet_utils/nnet_image_stream.h:57]   --->   Operation 87 'write' <Predicate = (!icmp_ln16)> <Delay = 2.18> <Core = "FIFO">   --->   Core 32 'FIFO' <Latency = 0> <II = 1> <Delay = 3.63> <Storage> <Opcode : 'read' 'write' 'nbread' 'nbwrite'> <Ports = 0> <Width = 16> <Depth = 3> <FIFO>

State 4 <SV = 3> <Delay = 2.18>
ST_4 : Operation 88 [1/1] (2.18ns)   --->   "call void @_ssdm_op_Write.ap_fifo.volatile.i16P.i16P.i16P.i16P(i16* %resized_V_data_0_V, i16* %resized_V_data_1_V, i16* %resized_V_data_2_V, i16* %resized_V_data_3_V, i16 %tmp_data_0_V, i16 %tmp_data_1_V, i16 %tmp_data_2_V, i16 %tmp_data_3_V)" [firmware/nnet_utils/nnet_image_stream.h:57]   --->   Operation 88 'write' <Predicate = (!icmp_ln16)> <Delay = 2.18> <Core = "FIFO">   --->   Core 32 'FIFO' <Latency = 0> <II = 1> <Delay = 3.63> <Storage> <Opcode : 'read' 'write' 'nbread' 'nbwrite'> <Ports = 0> <Width = 16> <Depth = 3> <FIFO>

State 5 <SV = 4> <Delay = 4.37>
ST_5 : Operation 89 [1/1] (2.18ns)   --->   "%empty_76 = call { i16, i16, i16, i16 } @_ssdm_op_Read.ap_fifo.volatile.i16P.i16P.i16P.i16P(i16* %image_V_data_0_V, i16* %image_V_data_1_V, i16* %image_V_data_2_V, i16* %image_V_data_3_V)" [firmware/nnet_utils/nnet_image_stream.h:25]   --->   Operation 89 'read' 'empty_76' <Predicate = (!icmp_ln16)> <Delay = 2.18> <Core = "FIFO">   --->   Core 32 'FIFO' <Latency = 0> <II = 1> <Delay = 3.63> <Storage> <Opcode : 'read' 'write' 'nbread' 'nbwrite'> <Ports = 0> <Width = 16> <Depth = 3> <FIFO>
ST_5 : Operation 90 [1/1] (0.00ns)   --->   "%tmp_data_0_V_9 = extractvalue { i16, i16, i16, i16 } %empty_76, 0" [firmware/nnet_utils/nnet_image_stream.h:25]   --->   Operation 90 'extractvalue' 'tmp_data_0_V_9' <Predicate = (!icmp_ln16)> <Delay = 0.00>
ST_5 : Operation 91 [1/1] (0.00ns)   --->   "%tmp_data_1_V_8 = extractvalue { i16, i16, i16, i16 } %empty_76, 1" [firmware/nnet_utils/nnet_image_stream.h:25]   --->   Operation 91 'extractvalue' 'tmp_data_1_V_8' <Predicate = (!icmp_ln16)> <Delay = 0.00>
ST_5 : Operation 92 [1/1] (0.00ns)   --->   "%tmp_data_2_V_8 = extractvalue { i16, i16, i16, i16 } %empty_76, 2" [firmware/nnet_utils/nnet_image_stream.h:25]   --->   Operation 92 'extractvalue' 'tmp_data_2_V_8' <Predicate = (!icmp_ln16)> <Delay = 0.00>
ST_5 : Operation 93 [1/1] (0.00ns)   --->   "%tmp_data_3_V_8 = extractvalue { i16, i16, i16, i16 } %empty_76, 3" [firmware/nnet_utils/nnet_image_stream.h:25]   --->   Operation 93 'extractvalue' 'tmp_data_3_V_8' <Predicate = (!icmp_ln16)> <Delay = 0.00>
ST_5 : Operation 94 [1/1] (2.18ns)   --->   "call void @_ssdm_op_Write.ap_fifo.volatile.i16P.i16P.i16P.i16P(i16* %resized_V_data_0_V, i16* %resized_V_data_1_V, i16* %resized_V_data_2_V, i16* %resized_V_data_3_V, i16 %tmp_data_0_V_9, i16 %tmp_data_1_V_8, i16 %tmp_data_2_V_8, i16 %tmp_data_3_V_8)" [firmware/nnet_utils/nnet_image_stream.h:57]   --->   Operation 94 'write' <Predicate = (!icmp_ln16)> <Delay = 2.18> <Core = "FIFO">   --->   Core 32 'FIFO' <Latency = 0> <II = 1> <Delay = 3.63> <Storage> <Opcode : 'read' 'write' 'nbread' 'nbwrite'> <Ports = 0> <Width = 16> <Depth = 3> <FIFO>

State 6 <SV = 5> <Delay = 2.18>
ST_6 : Operation 95 [1/1] (2.18ns)   --->   "call void @_ssdm_op_Write.ap_fifo.volatile.i16P.i16P.i16P.i16P(i16* %resized_V_data_0_V, i16* %resized_V_data_1_V, i16* %resized_V_data_2_V, i16* %resized_V_data_3_V, i16 %tmp_data_0_V_9, i16 %tmp_data_1_V_8, i16 %tmp_data_2_V_8, i16 %tmp_data_3_V_8)" [firmware/nnet_utils/nnet_image_stream.h:57]   --->   Operation 95 'write' <Predicate = (!icmp_ln16)> <Delay = 2.18> <Core = "FIFO">   --->   Core 32 'FIFO' <Latency = 0> <II = 1> <Delay = 3.63> <Storage> <Opcode : 'read' 'write' 'nbread' 'nbwrite'> <Ports = 0> <Width = 16> <Depth = 3> <FIFO>

State 7 <SV = 6> <Delay = 4.37>
ST_7 : Operation 96 [1/1] (2.18ns)   --->   "%empty_77 = call { i16, i16, i16, i16 } @_ssdm_op_Read.ap_fifo.volatile.i16P.i16P.i16P.i16P(i16* %image_V_data_0_V, i16* %image_V_data_1_V, i16* %image_V_data_2_V, i16* %image_V_data_3_V)" [firmware/nnet_utils/nnet_image_stream.h:25]   --->   Operation 96 'read' 'empty_77' <Predicate = (!icmp_ln16)> <Delay = 2.18> <Core = "FIFO">   --->   Core 32 'FIFO' <Latency = 0> <II = 1> <Delay = 3.63> <Storage> <Opcode : 'read' 'write' 'nbread' 'nbwrite'> <Ports = 0> <Width = 16> <Depth = 3> <FIFO>
ST_7 : Operation 97 [1/1] (0.00ns)   --->   "%tmp_data_0_V_10 = extractvalue { i16, i16, i16, i16 } %empty_77, 0" [firmware/nnet_utils/nnet_image_stream.h:25]   --->   Operation 97 'extractvalue' 'tmp_data_0_V_10' <Predicate = (!icmp_ln16)> <Delay = 0.00>
ST_7 : Operation 98 [1/1] (0.00ns)   --->   "%tmp_data_1_V_9 = extractvalue { i16, i16, i16, i16 } %empty_77, 1" [firmware/nnet_utils/nnet_image_stream.h:25]   --->   Operation 98 'extractvalue' 'tmp_data_1_V_9' <Predicate = (!icmp_ln16)> <Delay = 0.00>
ST_7 : Operation 99 [1/1] (0.00ns)   --->   "%tmp_data_2_V_9 = extractvalue { i16, i16, i16, i16 } %empty_77, 2" [firmware/nnet_utils/nnet_image_stream.h:25]   --->   Operation 99 'extractvalue' 'tmp_data_2_V_9' <Predicate = (!icmp_ln16)> <Delay = 0.00>
ST_7 : Operation 100 [1/1] (0.00ns)   --->   "%tmp_data_3_V_9 = extractvalue { i16, i16, i16, i16 } %empty_77, 3" [firmware/nnet_utils/nnet_image_stream.h:25]   --->   Operation 100 'extractvalue' 'tmp_data_3_V_9' <Predicate = (!icmp_ln16)> <Delay = 0.00>
ST_7 : Operation 101 [1/1] (2.18ns)   --->   "call void @_ssdm_op_Write.ap_fifo.volatile.i16P.i16P.i16P.i16P(i16* %resized_V_data_0_V, i16* %resized_V_data_1_V, i16* %resized_V_data_2_V, i16* %resized_V_data_3_V, i16 %tmp_data_0_V_10, i16 %tmp_data_1_V_9, i16 %tmp_data_2_V_9, i16 %tmp_data_3_V_9)" [firmware/nnet_utils/nnet_image_stream.h:57]   --->   Operation 101 'write' <Predicate = (!icmp_ln16)> <Delay = 2.18> <Core = "FIFO">   --->   Core 32 'FIFO' <Latency = 0> <II = 1> <Delay = 3.63> <Storage> <Opcode : 'read' 'write' 'nbread' 'nbwrite'> <Ports = 0> <Width = 16> <Depth = 3> <FIFO>

State 8 <SV = 7> <Delay = 2.18>
ST_8 : Operation 102 [1/1] (2.18ns)   --->   "call void @_ssdm_op_Write.ap_fifo.volatile.i16P.i16P.i16P.i16P(i16* %resized_V_data_0_V, i16* %resized_V_data_1_V, i16* %resized_V_data_2_V, i16* %resized_V_data_3_V, i16 %tmp_data_0_V_10, i16 %tmp_data_1_V_9, i16 %tmp_data_2_V_9, i16 %tmp_data_3_V_9)" [firmware/nnet_utils/nnet_image_stream.h:57]   --->   Operation 102 'write' <Predicate = (!icmp_ln16)> <Delay = 2.18> <Core = "FIFO">   --->   Core 32 'FIFO' <Latency = 0> <II = 1> <Delay = 3.63> <Storage> <Opcode : 'read' 'write' 'nbread' 'nbwrite'> <Ports = 0> <Width = 16> <Depth = 3> <FIFO>

State 9 <SV = 8> <Delay = 4.37>
ST_9 : Operation 103 [1/1] (2.18ns)   --->   "%empty_78 = call { i16, i16, i16, i16 } @_ssdm_op_Read.ap_fifo.volatile.i16P.i16P.i16P.i16P(i16* %image_V_data_0_V, i16* %image_V_data_1_V, i16* %image_V_data_2_V, i16* %image_V_data_3_V)" [firmware/nnet_utils/nnet_image_stream.h:25]   --->   Operation 103 'read' 'empty_78' <Predicate = (!icmp_ln16)> <Delay = 2.18> <Core = "FIFO">   --->   Core 32 'FIFO' <Latency = 0> <II = 1> <Delay = 3.63> <Storage> <Opcode : 'read' 'write' 'nbread' 'nbwrite'> <Ports = 0> <Width = 16> <Depth = 3> <FIFO>
ST_9 : Operation 104 [1/1] (0.00ns)   --->   "%tmp_data_0_V_11 = extractvalue { i16, i16, i16, i16 } %empty_78, 0" [firmware/nnet_utils/nnet_image_stream.h:25]   --->   Operation 104 'extractvalue' 'tmp_data_0_V_11' <Predicate = (!icmp_ln16)> <Delay = 0.00>
ST_9 : Operation 105 [1/1] (0.00ns)   --->   "%tmp_data_1_V_10 = extractvalue { i16, i16, i16, i16 } %empty_78, 1" [firmware/nnet_utils/nnet_image_stream.h:25]   --->   Operation 105 'extractvalue' 'tmp_data_1_V_10' <Predicate = (!icmp_ln16)> <Delay = 0.00>
ST_9 : Operation 106 [1/1] (0.00ns)   --->   "%tmp_data_2_V_10 = extractvalue { i16, i16, i16, i16 } %empty_78, 2" [firmware/nnet_utils/nnet_image_stream.h:25]   --->   Operation 106 'extractvalue' 'tmp_data_2_V_10' <Predicate = (!icmp_ln16)> <Delay = 0.00>
ST_9 : Operation 107 [1/1] (0.00ns)   --->   "%tmp_data_3_V_10 = extractvalue { i16, i16, i16, i16 } %empty_78, 3" [firmware/nnet_utils/nnet_image_stream.h:25]   --->   Operation 107 'extractvalue' 'tmp_data_3_V_10' <Predicate = (!icmp_ln16)> <Delay = 0.00>
ST_9 : Operation 108 [1/1] (2.18ns)   --->   "call void @_ssdm_op_Write.ap_fifo.volatile.i16P.i16P.i16P.i16P(i16* %resized_V_data_0_V, i16* %resized_V_data_1_V, i16* %resized_V_data_2_V, i16* %resized_V_data_3_V, i16 %tmp_data_0_V_11, i16 %tmp_data_1_V_10, i16 %tmp_data_2_V_10, i16 %tmp_data_3_V_10)" [firmware/nnet_utils/nnet_image_stream.h:57]   --->   Operation 108 'write' <Predicate = (!icmp_ln16)> <Delay = 2.18> <Core = "FIFO">   --->   Core 32 'FIFO' <Latency = 0> <II = 1> <Delay = 3.63> <Storage> <Opcode : 'read' 'write' 'nbread' 'nbwrite'> <Ports = 0> <Width = 16> <Depth = 3> <FIFO>

State 10 <SV = 9> <Delay = 2.18>
ST_10 : Operation 109 [1/1] (2.18ns)   --->   "call void @_ssdm_op_Write.ap_fifo.volatile.i16P.i16P.i16P.i16P(i16* %resized_V_data_0_V, i16* %resized_V_data_1_V, i16* %resized_V_data_2_V, i16* %resized_V_data_3_V, i16 %tmp_data_0_V_11, i16 %tmp_data_1_V_10, i16 %tmp_data_2_V_10, i16 %tmp_data_3_V_10)" [firmware/nnet_utils/nnet_image_stream.h:57]   --->   Operation 109 'write' <Predicate = (!icmp_ln16)> <Delay = 2.18> <Core = "FIFO">   --->   Core 32 'FIFO' <Latency = 0> <II = 1> <Delay = 3.63> <Storage> <Opcode : 'read' 'write' 'nbread' 'nbwrite'> <Ports = 0> <Width = 16> <Depth = 3> <FIFO>

State 11 <SV = 10> <Delay = 4.37>
ST_11 : Operation 110 [1/1] (2.18ns)   --->   "%empty_79 = call { i16, i16, i16, i16 } @_ssdm_op_Read.ap_fifo.volatile.i16P.i16P.i16P.i16P(i16* %image_V_data_0_V, i16* %image_V_data_1_V, i16* %image_V_data_2_V, i16* %image_V_data_3_V)" [firmware/nnet_utils/nnet_image_stream.h:25]   --->   Operation 110 'read' 'empty_79' <Predicate = (!icmp_ln16)> <Delay = 2.18> <Core = "FIFO">   --->   Core 32 'FIFO' <Latency = 0> <II = 1> <Delay = 3.63> <Storage> <Opcode : 'read' 'write' 'nbread' 'nbwrite'> <Ports = 0> <Width = 16> <Depth = 3> <FIFO>
ST_11 : Operation 111 [1/1] (0.00ns)   --->   "%tmp_data_0_V_12 = extractvalue { i16, i16, i16, i16 } %empty_79, 0" [firmware/nnet_utils/nnet_image_stream.h:25]   --->   Operation 111 'extractvalue' 'tmp_data_0_V_12' <Predicate = (!icmp_ln16)> <Delay = 0.00>
ST_11 : Operation 112 [1/1] (0.00ns)   --->   "%tmp_data_1_V_11 = extractvalue { i16, i16, i16, i16 } %empty_79, 1" [firmware/nnet_utils/nnet_image_stream.h:25]   --->   Operation 112 'extractvalue' 'tmp_data_1_V_11' <Predicate = (!icmp_ln16)> <Delay = 0.00>
ST_11 : Operation 113 [1/1] (0.00ns)   --->   "%tmp_data_2_V_11 = extractvalue { i16, i16, i16, i16 } %empty_79, 2" [firmware/nnet_utils/nnet_image_stream.h:25]   --->   Operation 113 'extractvalue' 'tmp_data_2_V_11' <Predicate = (!icmp_ln16)> <Delay = 0.00>
ST_11 : Operation 114 [1/1] (0.00ns)   --->   "%tmp_data_3_V_11 = extractvalue { i16, i16, i16, i16 } %empty_79, 3" [firmware/nnet_utils/nnet_image_stream.h:25]   --->   Operation 114 'extractvalue' 'tmp_data_3_V_11' <Predicate = (!icmp_ln16)> <Delay = 0.00>
ST_11 : Operation 115 [1/1] (2.18ns)   --->   "call void @_ssdm_op_Write.ap_fifo.volatile.i16P.i16P.i16P.i16P(i16* %resized_V_data_0_V, i16* %resized_V_data_1_V, i16* %resized_V_data_2_V, i16* %resized_V_data_3_V, i16 %tmp_data_0_V_12, i16 %tmp_data_1_V_11, i16 %tmp_data_2_V_11, i16 %tmp_data_3_V_11)" [firmware/nnet_utils/nnet_image_stream.h:57]   --->   Operation 115 'write' <Predicate = (!icmp_ln16)> <Delay = 2.18> <Core = "FIFO">   --->   Core 32 'FIFO' <Latency = 0> <II = 1> <Delay = 3.63> <Storage> <Opcode : 'read' 'write' 'nbread' 'nbwrite'> <Ports = 0> <Width = 16> <Depth = 3> <FIFO>

State 12 <SV = 11> <Delay = 2.18>
ST_12 : Operation 116 [1/1] (2.18ns)   --->   "call void @_ssdm_op_Write.ap_fifo.volatile.i16P.i16P.i16P.i16P(i16* %resized_V_data_0_V, i16* %resized_V_data_1_V, i16* %resized_V_data_2_V, i16* %resized_V_data_3_V, i16 %tmp_data_0_V_12, i16 %tmp_data_1_V_11, i16 %tmp_data_2_V_11, i16 %tmp_data_3_V_11)" [firmware/nnet_utils/nnet_image_stream.h:57]   --->   Operation 116 'write' <Predicate = (!icmp_ln16)> <Delay = 2.18> <Core = "FIFO">   --->   Core 32 'FIFO' <Latency = 0> <II = 1> <Delay = 3.63> <Storage> <Opcode : 'read' 'write' 'nbread' 'nbwrite'> <Ports = 0> <Width = 16> <Depth = 3> <FIFO>

State 13 <SV = 12> <Delay = 4.37>
ST_13 : Operation 117 [1/1] (2.18ns)   --->   "%empty_80 = call { i16, i16, i16, i16 } @_ssdm_op_Read.ap_fifo.volatile.i16P.i16P.i16P.i16P(i16* %image_V_data_0_V, i16* %image_V_data_1_V, i16* %image_V_data_2_V, i16* %image_V_data_3_V)" [firmware/nnet_utils/nnet_image_stream.h:25]   --->   Operation 117 'read' 'empty_80' <Predicate = (!icmp_ln16)> <Delay = 2.18> <Core = "FIFO">   --->   Core 32 'FIFO' <Latency = 0> <II = 1> <Delay = 3.63> <Storage> <Opcode : 'read' 'write' 'nbread' 'nbwrite'> <Ports = 0> <Width = 16> <Depth = 3> <FIFO>
ST_13 : Operation 118 [1/1] (0.00ns)   --->   "%tmp_data_0_V_13 = extractvalue { i16, i16, i16, i16 } %empty_80, 0" [firmware/nnet_utils/nnet_image_stream.h:25]   --->   Operation 118 'extractvalue' 'tmp_data_0_V_13' <Predicate = (!icmp_ln16)> <Delay = 0.00>
ST_13 : Operation 119 [1/1] (0.00ns)   --->   "%tmp_data_1_V_12 = extractvalue { i16, i16, i16, i16 } %empty_80, 1" [firmware/nnet_utils/nnet_image_stream.h:25]   --->   Operation 119 'extractvalue' 'tmp_data_1_V_12' <Predicate = (!icmp_ln16)> <Delay = 0.00>
ST_13 : Operation 120 [1/1] (0.00ns)   --->   "%tmp_data_2_V_12 = extractvalue { i16, i16, i16, i16 } %empty_80, 2" [firmware/nnet_utils/nnet_image_stream.h:25]   --->   Operation 120 'extractvalue' 'tmp_data_2_V_12' <Predicate = (!icmp_ln16)> <Delay = 0.00>
ST_13 : Operation 121 [1/1] (0.00ns)   --->   "%tmp_data_3_V_12 = extractvalue { i16, i16, i16, i16 } %empty_80, 3" [firmware/nnet_utils/nnet_image_stream.h:25]   --->   Operation 121 'extractvalue' 'tmp_data_3_V_12' <Predicate = (!icmp_ln16)> <Delay = 0.00>
ST_13 : Operation 122 [1/1] (2.18ns)   --->   "call void @_ssdm_op_Write.ap_fifo.volatile.i16P.i16P.i16P.i16P(i16* %resized_V_data_0_V, i16* %resized_V_data_1_V, i16* %resized_V_data_2_V, i16* %resized_V_data_3_V, i16 %tmp_data_0_V_13, i16 %tmp_data_1_V_12, i16 %tmp_data_2_V_12, i16 %tmp_data_3_V_12)" [firmware/nnet_utils/nnet_image_stream.h:57]   --->   Operation 122 'write' <Predicate = (!icmp_ln16)> <Delay = 2.18> <Core = "FIFO">   --->   Core 32 'FIFO' <Latency = 0> <II = 1> <Delay = 3.63> <Storage> <Opcode : 'read' 'write' 'nbread' 'nbwrite'> <Ports = 0> <Width = 16> <Depth = 3> <FIFO>

State 14 <SV = 13> <Delay = 2.18>
ST_14 : Operation 123 [1/1] (2.18ns)   --->   "call void @_ssdm_op_Write.ap_fifo.volatile.i16P.i16P.i16P.i16P(i16* %resized_V_data_0_V, i16* %resized_V_data_1_V, i16* %resized_V_data_2_V, i16* %resized_V_data_3_V, i16 %tmp_data_0_V_13, i16 %tmp_data_1_V_12, i16 %tmp_data_2_V_12, i16 %tmp_data_3_V_12)" [firmware/nnet_utils/nnet_image_stream.h:57]   --->   Operation 123 'write' <Predicate = (!icmp_ln16)> <Delay = 2.18> <Core = "FIFO">   --->   Core 32 'FIFO' <Latency = 0> <II = 1> <Delay = 3.63> <Storage> <Opcode : 'read' 'write' 'nbread' 'nbwrite'> <Ports = 0> <Width = 16> <Depth = 3> <FIFO>

State 15 <SV = 14> <Delay = 4.37>
ST_15 : Operation 124 [1/1] (2.18ns)   --->   "%empty_81 = call { i16, i16, i16, i16 } @_ssdm_op_Read.ap_fifo.volatile.i16P.i16P.i16P.i16P(i16* %image_V_data_0_V, i16* %image_V_data_1_V, i16* %image_V_data_2_V, i16* %image_V_data_3_V)" [firmware/nnet_utils/nnet_image_stream.h:25]   --->   Operation 124 'read' 'empty_81' <Predicate = (!icmp_ln16)> <Delay = 2.18> <Core = "FIFO">   --->   Core 32 'FIFO' <Latency = 0> <II = 1> <Delay = 3.63> <Storage> <Opcode : 'read' 'write' 'nbread' 'nbwrite'> <Ports = 0> <Width = 16> <Depth = 3> <FIFO>
ST_15 : Operation 125 [1/1] (0.00ns)   --->   "%tmp_data_0_V_14 = extractvalue { i16, i16, i16, i16 } %empty_81, 0" [firmware/nnet_utils/nnet_image_stream.h:25]   --->   Operation 125 'extractvalue' 'tmp_data_0_V_14' <Predicate = (!icmp_ln16)> <Delay = 0.00>
ST_15 : Operation 126 [1/1] (0.00ns)   --->   "%tmp_data_1_V_13 = extractvalue { i16, i16, i16, i16 } %empty_81, 1" [firmware/nnet_utils/nnet_image_stream.h:25]   --->   Operation 126 'extractvalue' 'tmp_data_1_V_13' <Predicate = (!icmp_ln16)> <Delay = 0.00>
ST_15 : Operation 127 [1/1] (0.00ns)   --->   "%tmp_data_2_V_13 = extractvalue { i16, i16, i16, i16 } %empty_81, 2" [firmware/nnet_utils/nnet_image_stream.h:25]   --->   Operation 127 'extractvalue' 'tmp_data_2_V_13' <Predicate = (!icmp_ln16)> <Delay = 0.00>
ST_15 : Operation 128 [1/1] (0.00ns)   --->   "%tmp_data_3_V_13 = extractvalue { i16, i16, i16, i16 } %empty_81, 3" [firmware/nnet_utils/nnet_image_stream.h:25]   --->   Operation 128 'extractvalue' 'tmp_data_3_V_13' <Predicate = (!icmp_ln16)> <Delay = 0.00>
ST_15 : Operation 129 [1/1] (2.18ns)   --->   "call void @_ssdm_op_Write.ap_fifo.volatile.i16P.i16P.i16P.i16P(i16* %resized_V_data_0_V, i16* %resized_V_data_1_V, i16* %resized_V_data_2_V, i16* %resized_V_data_3_V, i16 %tmp_data_0_V_14, i16 %tmp_data_1_V_13, i16 %tmp_data_2_V_13, i16 %tmp_data_3_V_13)" [firmware/nnet_utils/nnet_image_stream.h:57]   --->   Operation 129 'write' <Predicate = (!icmp_ln16)> <Delay = 2.18> <Core = "FIFO">   --->   Core 32 'FIFO' <Latency = 0> <II = 1> <Delay = 3.63> <Storage> <Opcode : 'read' 'write' 'nbread' 'nbwrite'> <Ports = 0> <Width = 16> <Depth = 3> <FIFO>

State 16 <SV = 15> <Delay = 2.18>
ST_16 : Operation 130 [1/1] (2.18ns)   --->   "call void @_ssdm_op_Write.ap_fifo.volatile.i16P.i16P.i16P.i16P(i16* %resized_V_data_0_V, i16* %resized_V_data_1_V, i16* %resized_V_data_2_V, i16* %resized_V_data_3_V, i16 %tmp_data_0_V_14, i16 %tmp_data_1_V_13, i16 %tmp_data_2_V_13, i16 %tmp_data_3_V_13)" [firmware/nnet_utils/nnet_image_stream.h:57]   --->   Operation 130 'write' <Predicate = (!icmp_ln16)> <Delay = 2.18> <Core = "FIFO">   --->   Core 32 'FIFO' <Latency = 0> <II = 1> <Delay = 3.63> <Storage> <Opcode : 'read' 'write' 'nbread' 'nbwrite'> <Ports = 0> <Width = 16> <Depth = 3> <FIFO>

State 17 <SV = 16> <Delay = 4.37>
ST_17 : Operation 131 [1/1] (2.18ns)   --->   "%empty_82 = call { i16, i16, i16, i16 } @_ssdm_op_Read.ap_fifo.volatile.i16P.i16P.i16P.i16P(i16* %image_V_data_0_V, i16* %image_V_data_1_V, i16* %image_V_data_2_V, i16* %image_V_data_3_V)" [firmware/nnet_utils/nnet_image_stream.h:25]   --->   Operation 131 'read' 'empty_82' <Predicate = (!icmp_ln16)> <Delay = 2.18> <Core = "FIFO">   --->   Core 32 'FIFO' <Latency = 0> <II = 1> <Delay = 3.63> <Storage> <Opcode : 'read' 'write' 'nbread' 'nbwrite'> <Ports = 0> <Width = 16> <Depth = 3> <FIFO>
ST_17 : Operation 132 [1/1] (0.00ns)   --->   "%tmp_data_0_V_15 = extractvalue { i16, i16, i16, i16 } %empty_82, 0" [firmware/nnet_utils/nnet_image_stream.h:25]   --->   Operation 132 'extractvalue' 'tmp_data_0_V_15' <Predicate = (!icmp_ln16)> <Delay = 0.00>
ST_17 : Operation 133 [1/1] (0.00ns)   --->   "%tmp_data_1_V_14 = extractvalue { i16, i16, i16, i16 } %empty_82, 1" [firmware/nnet_utils/nnet_image_stream.h:25]   --->   Operation 133 'extractvalue' 'tmp_data_1_V_14' <Predicate = (!icmp_ln16)> <Delay = 0.00>
ST_17 : Operation 134 [1/1] (0.00ns)   --->   "%tmp_data_2_V_14 = extractvalue { i16, i16, i16, i16 } %empty_82, 2" [firmware/nnet_utils/nnet_image_stream.h:25]   --->   Operation 134 'extractvalue' 'tmp_data_2_V_14' <Predicate = (!icmp_ln16)> <Delay = 0.00>
ST_17 : Operation 135 [1/1] (0.00ns)   --->   "%tmp_data_3_V_14 = extractvalue { i16, i16, i16, i16 } %empty_82, 3" [firmware/nnet_utils/nnet_image_stream.h:25]   --->   Operation 135 'extractvalue' 'tmp_data_3_V_14' <Predicate = (!icmp_ln16)> <Delay = 0.00>
ST_17 : Operation 136 [1/1] (2.18ns)   --->   "call void @_ssdm_op_Write.ap_fifo.volatile.i16P.i16P.i16P.i16P(i16* %resized_V_data_0_V, i16* %resized_V_data_1_V, i16* %resized_V_data_2_V, i16* %resized_V_data_3_V, i16 %tmp_data_0_V_15, i16 %tmp_data_1_V_14, i16 %tmp_data_2_V_14, i16 %tmp_data_3_V_14)" [firmware/nnet_utils/nnet_image_stream.h:57]   --->   Operation 136 'write' <Predicate = (!icmp_ln16)> <Delay = 2.18> <Core = "FIFO">   --->   Core 32 'FIFO' <Latency = 0> <II = 1> <Delay = 3.63> <Storage> <Opcode : 'read' 'write' 'nbread' 'nbwrite'> <Ports = 0> <Width = 16> <Depth = 3> <FIFO>

State 18 <SV = 17> <Delay = 2.18>
ST_18 : Operation 137 [1/1] (2.18ns)   --->   "call void @_ssdm_op_Write.ap_fifo.volatile.i16P.i16P.i16P.i16P(i16* %resized_V_data_0_V, i16* %resized_V_data_1_V, i16* %resized_V_data_2_V, i16* %resized_V_data_3_V, i16 %tmp_data_0_V_15, i16 %tmp_data_1_V_14, i16 %tmp_data_2_V_14, i16 %tmp_data_3_V_14)" [firmware/nnet_utils/nnet_image_stream.h:57]   --->   Operation 137 'write' <Predicate = (!icmp_ln16)> <Delay = 2.18> <Core = "FIFO">   --->   Core 32 'FIFO' <Latency = 0> <II = 1> <Delay = 3.63> <Storage> <Opcode : 'read' 'write' 'nbread' 'nbwrite'> <Ports = 0> <Width = 16> <Depth = 3> <FIFO>

State 19 <SV = 18> <Delay = 4.37>
ST_19 : Operation 138 [1/1] (2.18ns)   --->   "%empty_83 = call { i16, i16, i16, i16 } @_ssdm_op_Read.ap_fifo.volatile.i16P.i16P.i16P.i16P(i16* %image_V_data_0_V, i16* %image_V_data_1_V, i16* %image_V_data_2_V, i16* %image_V_data_3_V)" [firmware/nnet_utils/nnet_image_stream.h:25]   --->   Operation 138 'read' 'empty_83' <Predicate = (!icmp_ln16)> <Delay = 2.18> <Core = "FIFO">   --->   Core 32 'FIFO' <Latency = 0> <II = 1> <Delay = 3.63> <Storage> <Opcode : 'read' 'write' 'nbread' 'nbwrite'> <Ports = 0> <Width = 16> <Depth = 3> <FIFO>
ST_19 : Operation 139 [1/1] (0.00ns)   --->   "%tmp_data_0_V_16 = extractvalue { i16, i16, i16, i16 } %empty_83, 0" [firmware/nnet_utils/nnet_image_stream.h:25]   --->   Operation 139 'extractvalue' 'tmp_data_0_V_16' <Predicate = (!icmp_ln16)> <Delay = 0.00>
ST_19 : Operation 140 [1/1] (0.00ns)   --->   "%tmp_data_1_V_15 = extractvalue { i16, i16, i16, i16 } %empty_83, 1" [firmware/nnet_utils/nnet_image_stream.h:25]   --->   Operation 140 'extractvalue' 'tmp_data_1_V_15' <Predicate = (!icmp_ln16)> <Delay = 0.00>
ST_19 : Operation 141 [1/1] (0.00ns)   --->   "%tmp_data_2_V_15 = extractvalue { i16, i16, i16, i16 } %empty_83, 2" [firmware/nnet_utils/nnet_image_stream.h:25]   --->   Operation 141 'extractvalue' 'tmp_data_2_V_15' <Predicate = (!icmp_ln16)> <Delay = 0.00>
ST_19 : Operation 142 [1/1] (0.00ns)   --->   "%tmp_data_3_V_15 = extractvalue { i16, i16, i16, i16 } %empty_83, 3" [firmware/nnet_utils/nnet_image_stream.h:25]   --->   Operation 142 'extractvalue' 'tmp_data_3_V_15' <Predicate = (!icmp_ln16)> <Delay = 0.00>
ST_19 : Operation 143 [1/1] (2.18ns)   --->   "call void @_ssdm_op_Write.ap_fifo.volatile.i16P.i16P.i16P.i16P(i16* %resized_V_data_0_V, i16* %resized_V_data_1_V, i16* %resized_V_data_2_V, i16* %resized_V_data_3_V, i16 %tmp_data_0_V_16, i16 %tmp_data_1_V_15, i16 %tmp_data_2_V_15, i16 %tmp_data_3_V_15)" [firmware/nnet_utils/nnet_image_stream.h:57]   --->   Operation 143 'write' <Predicate = (!icmp_ln16)> <Delay = 2.18> <Core = "FIFO">   --->   Core 32 'FIFO' <Latency = 0> <II = 1> <Delay = 3.63> <Storage> <Opcode : 'read' 'write' 'nbread' 'nbwrite'> <Ports = 0> <Width = 16> <Depth = 3> <FIFO>

State 20 <SV = 19> <Delay = 2.18>
ST_20 : Operation 144 [1/1] (2.18ns)   --->   "%empty_84 = call { i16, i16, i16, i16 } @_ssdm_op_Read.ap_fifo.volatile.i16P.i16P.i16P.i16P(i16* %image_V_data_0_V, i16* %image_V_data_1_V, i16* %image_V_data_2_V, i16* %image_V_data_3_V)" [firmware/nnet_utils/nnet_image_stream.h:25]   --->   Operation 144 'read' 'empty_84' <Predicate = (!icmp_ln16)> <Delay = 2.18> <Core = "FIFO">   --->   Core 32 'FIFO' <Latency = 0> <II = 1> <Delay = 3.63> <Storage> <Opcode : 'read' 'write' 'nbread' 'nbwrite'> <Ports = 0> <Width = 16> <Depth = 3> <FIFO>
ST_20 : Operation 145 [1/1] (0.00ns)   --->   "%tmp_data_0_V_17 = extractvalue { i16, i16, i16, i16 } %empty_84, 0" [firmware/nnet_utils/nnet_image_stream.h:25]   --->   Operation 145 'extractvalue' 'tmp_data_0_V_17' <Predicate = (!icmp_ln16)> <Delay = 0.00>
ST_20 : Operation 146 [1/1] (0.00ns)   --->   "%tmp_data_1_V_16 = extractvalue { i16, i16, i16, i16 } %empty_84, 1" [firmware/nnet_utils/nnet_image_stream.h:25]   --->   Operation 146 'extractvalue' 'tmp_data_1_V_16' <Predicate = (!icmp_ln16)> <Delay = 0.00>
ST_20 : Operation 147 [1/1] (0.00ns)   --->   "%tmp_data_2_V_16 = extractvalue { i16, i16, i16, i16 } %empty_84, 2" [firmware/nnet_utils/nnet_image_stream.h:25]   --->   Operation 147 'extractvalue' 'tmp_data_2_V_16' <Predicate = (!icmp_ln16)> <Delay = 0.00>
ST_20 : Operation 148 [1/1] (0.00ns)   --->   "%tmp_data_3_V_16 = extractvalue { i16, i16, i16, i16 } %empty_84, 3" [firmware/nnet_utils/nnet_image_stream.h:25]   --->   Operation 148 'extractvalue' 'tmp_data_3_V_16' <Predicate = (!icmp_ln16)> <Delay = 0.00>
ST_20 : Operation 149 [1/1] (2.18ns)   --->   "call void @_ssdm_op_Write.ap_fifo.volatile.i16P.i16P.i16P.i16P(i16* %resized_V_data_0_V, i16* %resized_V_data_1_V, i16* %resized_V_data_2_V, i16* %resized_V_data_3_V, i16 %tmp_data_0_V_16, i16 %tmp_data_1_V_15, i16 %tmp_data_2_V_15, i16 %tmp_data_3_V_15)" [firmware/nnet_utils/nnet_image_stream.h:57]   --->   Operation 149 'write' <Predicate = (!icmp_ln16)> <Delay = 2.18> <Core = "FIFO">   --->   Core 32 'FIFO' <Latency = 0> <II = 1> <Delay = 3.63> <Storage> <Opcode : 'read' 'write' 'nbread' 'nbwrite'> <Ports = 0> <Width = 16> <Depth = 3> <FIFO>

State 21 <SV = 20> <Delay = 2.18>
ST_21 : Operation 150 [1/1] (2.18ns)   --->   "%empty_85 = call { i16, i16, i16, i16 } @_ssdm_op_Read.ap_fifo.volatile.i16P.i16P.i16P.i16P(i16* %image_V_data_0_V, i16* %image_V_data_1_V, i16* %image_V_data_2_V, i16* %image_V_data_3_V)" [firmware/nnet_utils/nnet_image_stream.h:25]   --->   Operation 150 'read' 'empty_85' <Predicate = (!icmp_ln16)> <Delay = 2.18> <Core = "FIFO">   --->   Core 32 'FIFO' <Latency = 0> <II = 1> <Delay = 3.63> <Storage> <Opcode : 'read' 'write' 'nbread' 'nbwrite'> <Ports = 0> <Width = 16> <Depth = 3> <FIFO>
ST_21 : Operation 151 [1/1] (0.00ns)   --->   "%tmp_data_0_V_18 = extractvalue { i16, i16, i16, i16 } %empty_85, 0" [firmware/nnet_utils/nnet_image_stream.h:25]   --->   Operation 151 'extractvalue' 'tmp_data_0_V_18' <Predicate = (!icmp_ln16)> <Delay = 0.00>
ST_21 : Operation 152 [1/1] (0.00ns)   --->   "%tmp_data_1_V_17 = extractvalue { i16, i16, i16, i16 } %empty_85, 1" [firmware/nnet_utils/nnet_image_stream.h:25]   --->   Operation 152 'extractvalue' 'tmp_data_1_V_17' <Predicate = (!icmp_ln16)> <Delay = 0.00>
ST_21 : Operation 153 [1/1] (0.00ns)   --->   "%tmp_data_2_V_17 = extractvalue { i16, i16, i16, i16 } %empty_85, 2" [firmware/nnet_utils/nnet_image_stream.h:25]   --->   Operation 153 'extractvalue' 'tmp_data_2_V_17' <Predicate = (!icmp_ln16)> <Delay = 0.00>
ST_21 : Operation 154 [1/1] (0.00ns)   --->   "%tmp_data_3_V_17 = extractvalue { i16, i16, i16, i16 } %empty_85, 3" [firmware/nnet_utils/nnet_image_stream.h:25]   --->   Operation 154 'extractvalue' 'tmp_data_3_V_17' <Predicate = (!icmp_ln16)> <Delay = 0.00>
ST_21 : Operation 155 [1/1] (2.18ns)   --->   "call void @_ssdm_op_Write.ap_fifo.volatile.i16P.i16P.i16P.i16P(i16* %resized_V_data_0_V, i16* %resized_V_data_1_V, i16* %resized_V_data_2_V, i16* %resized_V_data_3_V, i16 %tmp_data_0_V_17, i16 %tmp_data_1_V_16, i16 %tmp_data_2_V_16, i16 %tmp_data_3_V_16)" [firmware/nnet_utils/nnet_image_stream.h:57]   --->   Operation 155 'write' <Predicate = (!icmp_ln16)> <Delay = 2.18> <Core = "FIFO">   --->   Core 32 'FIFO' <Latency = 0> <II = 1> <Delay = 3.63> <Storage> <Opcode : 'read' 'write' 'nbread' 'nbwrite'> <Ports = 0> <Width = 16> <Depth = 3> <FIFO>

State 22 <SV = 21> <Delay = 2.18>
ST_22 : Operation 156 [1/1] (2.18ns)   --->   "%empty_86 = call { i16, i16, i16, i16 } @_ssdm_op_Read.ap_fifo.volatile.i16P.i16P.i16P.i16P(i16* %image_V_data_0_V, i16* %image_V_data_1_V, i16* %image_V_data_2_V, i16* %image_V_data_3_V)" [firmware/nnet_utils/nnet_image_stream.h:25]   --->   Operation 156 'read' 'empty_86' <Predicate = (!icmp_ln16)> <Delay = 2.18> <Core = "FIFO">   --->   Core 32 'FIFO' <Latency = 0> <II = 1> <Delay = 3.63> <Storage> <Opcode : 'read' 'write' 'nbread' 'nbwrite'> <Ports = 0> <Width = 16> <Depth = 3> <FIFO>
ST_22 : Operation 157 [1/1] (0.00ns)   --->   "%tmp_data_0_V_19 = extractvalue { i16, i16, i16, i16 } %empty_86, 0" [firmware/nnet_utils/nnet_image_stream.h:25]   --->   Operation 157 'extractvalue' 'tmp_data_0_V_19' <Predicate = (!icmp_ln16)> <Delay = 0.00>
ST_22 : Operation 158 [1/1] (0.00ns)   --->   "%tmp_data_1_V_18 = extractvalue { i16, i16, i16, i16 } %empty_86, 1" [firmware/nnet_utils/nnet_image_stream.h:25]   --->   Operation 158 'extractvalue' 'tmp_data_1_V_18' <Predicate = (!icmp_ln16)> <Delay = 0.00>
ST_22 : Operation 159 [1/1] (0.00ns)   --->   "%tmp_data_2_V_18 = extractvalue { i16, i16, i16, i16 } %empty_86, 2" [firmware/nnet_utils/nnet_image_stream.h:25]   --->   Operation 159 'extractvalue' 'tmp_data_2_V_18' <Predicate = (!icmp_ln16)> <Delay = 0.00>
ST_22 : Operation 160 [1/1] (0.00ns)   --->   "%tmp_data_3_V_18 = extractvalue { i16, i16, i16, i16 } %empty_86, 3" [firmware/nnet_utils/nnet_image_stream.h:25]   --->   Operation 160 'extractvalue' 'tmp_data_3_V_18' <Predicate = (!icmp_ln16)> <Delay = 0.00>
ST_22 : Operation 161 [1/1] (2.18ns)   --->   "call void @_ssdm_op_Write.ap_fifo.volatile.i16P.i16P.i16P.i16P(i16* %resized_V_data_0_V, i16* %resized_V_data_1_V, i16* %resized_V_data_2_V, i16* %resized_V_data_3_V, i16 %tmp_data_0_V_17, i16 %tmp_data_1_V_16, i16 %tmp_data_2_V_16, i16 %tmp_data_3_V_16)" [firmware/nnet_utils/nnet_image_stream.h:57]   --->   Operation 161 'write' <Predicate = (!icmp_ln16)> <Delay = 2.18> <Core = "FIFO">   --->   Core 32 'FIFO' <Latency = 0> <II = 1> <Delay = 3.63> <Storage> <Opcode : 'read' 'write' 'nbread' 'nbwrite'> <Ports = 0> <Width = 16> <Depth = 3> <FIFO>

State 23 <SV = 22> <Delay = 2.18>
ST_23 : Operation 162 [1/1] (2.18ns)   --->   "%empty_87 = call { i16, i16, i16, i16 } @_ssdm_op_Read.ap_fifo.volatile.i16P.i16P.i16P.i16P(i16* %image_V_data_0_V, i16* %image_V_data_1_V, i16* %image_V_data_2_V, i16* %image_V_data_3_V)" [firmware/nnet_utils/nnet_image_stream.h:25]   --->   Operation 162 'read' 'empty_87' <Predicate = (!icmp_ln16)> <Delay = 2.18> <Core = "FIFO">   --->   Core 32 'FIFO' <Latency = 0> <II = 1> <Delay = 3.63> <Storage> <Opcode : 'read' 'write' 'nbread' 'nbwrite'> <Ports = 0> <Width = 16> <Depth = 3> <FIFO>
ST_23 : Operation 163 [1/1] (0.00ns)   --->   "%tmp_data_0_V_20 = extractvalue { i16, i16, i16, i16 } %empty_87, 0" [firmware/nnet_utils/nnet_image_stream.h:25]   --->   Operation 163 'extractvalue' 'tmp_data_0_V_20' <Predicate = (!icmp_ln16)> <Delay = 0.00>
ST_23 : Operation 164 [1/1] (0.00ns)   --->   "%tmp_data_1_V_19 = extractvalue { i16, i16, i16, i16 } %empty_87, 1" [firmware/nnet_utils/nnet_image_stream.h:25]   --->   Operation 164 'extractvalue' 'tmp_data_1_V_19' <Predicate = (!icmp_ln16)> <Delay = 0.00>
ST_23 : Operation 165 [1/1] (0.00ns)   --->   "%tmp_data_2_V_19 = extractvalue { i16, i16, i16, i16 } %empty_87, 2" [firmware/nnet_utils/nnet_image_stream.h:25]   --->   Operation 165 'extractvalue' 'tmp_data_2_V_19' <Predicate = (!icmp_ln16)> <Delay = 0.00>
ST_23 : Operation 166 [1/1] (0.00ns)   --->   "%tmp_data_3_V_19 = extractvalue { i16, i16, i16, i16 } %empty_87, 3" [firmware/nnet_utils/nnet_image_stream.h:25]   --->   Operation 166 'extractvalue' 'tmp_data_3_V_19' <Predicate = (!icmp_ln16)> <Delay = 0.00>
ST_23 : Operation 167 [1/1] (2.18ns)   --->   "call void @_ssdm_op_Write.ap_fifo.volatile.i16P.i16P.i16P.i16P(i16* %resized_V_data_0_V, i16* %resized_V_data_1_V, i16* %resized_V_data_2_V, i16* %resized_V_data_3_V, i16 %tmp_data_0_V_18, i16 %tmp_data_1_V_17, i16 %tmp_data_2_V_17, i16 %tmp_data_3_V_17)" [firmware/nnet_utils/nnet_image_stream.h:57]   --->   Operation 167 'write' <Predicate = (!icmp_ln16)> <Delay = 2.18> <Core = "FIFO">   --->   Core 32 'FIFO' <Latency = 0> <II = 1> <Delay = 3.63> <Storage> <Opcode : 'read' 'write' 'nbread' 'nbwrite'> <Ports = 0> <Width = 16> <Depth = 3> <FIFO>

State 24 <SV = 23> <Delay = 2.18>
ST_24 : Operation 168 [1/1] (2.18ns)   --->   "%empty_88 = call { i16, i16, i16, i16 } @_ssdm_op_Read.ap_fifo.volatile.i16P.i16P.i16P.i16P(i16* %image_V_data_0_V, i16* %image_V_data_1_V, i16* %image_V_data_2_V, i16* %image_V_data_3_V)" [firmware/nnet_utils/nnet_image_stream.h:25]   --->   Operation 168 'read' 'empty_88' <Predicate = (!icmp_ln16)> <Delay = 2.18> <Core = "FIFO">   --->   Core 32 'FIFO' <Latency = 0> <II = 1> <Delay = 3.63> <Storage> <Opcode : 'read' 'write' 'nbread' 'nbwrite'> <Ports = 0> <Width = 16> <Depth = 3> <FIFO>
ST_24 : Operation 169 [1/1] (0.00ns)   --->   "%tmp_data_0_V_21 = extractvalue { i16, i16, i16, i16 } %empty_88, 0" [firmware/nnet_utils/nnet_image_stream.h:25]   --->   Operation 169 'extractvalue' 'tmp_data_0_V_21' <Predicate = (!icmp_ln16)> <Delay = 0.00>
ST_24 : Operation 170 [1/1] (0.00ns)   --->   "%tmp_data_1_V_20 = extractvalue { i16, i16, i16, i16 } %empty_88, 1" [firmware/nnet_utils/nnet_image_stream.h:25]   --->   Operation 170 'extractvalue' 'tmp_data_1_V_20' <Predicate = (!icmp_ln16)> <Delay = 0.00>
ST_24 : Operation 171 [1/1] (0.00ns)   --->   "%tmp_data_2_V_20 = extractvalue { i16, i16, i16, i16 } %empty_88, 2" [firmware/nnet_utils/nnet_image_stream.h:25]   --->   Operation 171 'extractvalue' 'tmp_data_2_V_20' <Predicate = (!icmp_ln16)> <Delay = 0.00>
ST_24 : Operation 172 [1/1] (0.00ns)   --->   "%tmp_data_3_V_20 = extractvalue { i16, i16, i16, i16 } %empty_88, 3" [firmware/nnet_utils/nnet_image_stream.h:25]   --->   Operation 172 'extractvalue' 'tmp_data_3_V_20' <Predicate = (!icmp_ln16)> <Delay = 0.00>
ST_24 : Operation 173 [1/1] (2.18ns)   --->   "call void @_ssdm_op_Write.ap_fifo.volatile.i16P.i16P.i16P.i16P(i16* %resized_V_data_0_V, i16* %resized_V_data_1_V, i16* %resized_V_data_2_V, i16* %resized_V_data_3_V, i16 %tmp_data_0_V_18, i16 %tmp_data_1_V_17, i16 %tmp_data_2_V_17, i16 %tmp_data_3_V_17)" [firmware/nnet_utils/nnet_image_stream.h:57]   --->   Operation 173 'write' <Predicate = (!icmp_ln16)> <Delay = 2.18> <Core = "FIFO">   --->   Core 32 'FIFO' <Latency = 0> <II = 1> <Delay = 3.63> <Storage> <Opcode : 'read' 'write' 'nbread' 'nbwrite'> <Ports = 0> <Width = 16> <Depth = 3> <FIFO>

State 25 <SV = 24> <Delay = 2.18>
ST_25 : Operation 174 [1/1] (2.18ns)   --->   "%empty_89 = call { i16, i16, i16, i16 } @_ssdm_op_Read.ap_fifo.volatile.i16P.i16P.i16P.i16P(i16* %image_V_data_0_V, i16* %image_V_data_1_V, i16* %image_V_data_2_V, i16* %image_V_data_3_V)" [firmware/nnet_utils/nnet_image_stream.h:25]   --->   Operation 174 'read' 'empty_89' <Predicate = (!icmp_ln16)> <Delay = 2.18> <Core = "FIFO">   --->   Core 32 'FIFO' <Latency = 0> <II = 1> <Delay = 3.63> <Storage> <Opcode : 'read' 'write' 'nbread' 'nbwrite'> <Ports = 0> <Width = 16> <Depth = 3> <FIFO>
ST_25 : Operation 175 [1/1] (0.00ns)   --->   "%tmp_data_0_V_22 = extractvalue { i16, i16, i16, i16 } %empty_89, 0" [firmware/nnet_utils/nnet_image_stream.h:25]   --->   Operation 175 'extractvalue' 'tmp_data_0_V_22' <Predicate = (!icmp_ln16)> <Delay = 0.00>
ST_25 : Operation 176 [1/1] (0.00ns)   --->   "%tmp_data_1_V_21 = extractvalue { i16, i16, i16, i16 } %empty_89, 1" [firmware/nnet_utils/nnet_image_stream.h:25]   --->   Operation 176 'extractvalue' 'tmp_data_1_V_21' <Predicate = (!icmp_ln16)> <Delay = 0.00>
ST_25 : Operation 177 [1/1] (0.00ns)   --->   "%tmp_data_2_V_21 = extractvalue { i16, i16, i16, i16 } %empty_89, 2" [firmware/nnet_utils/nnet_image_stream.h:25]   --->   Operation 177 'extractvalue' 'tmp_data_2_V_21' <Predicate = (!icmp_ln16)> <Delay = 0.00>
ST_25 : Operation 178 [1/1] (0.00ns)   --->   "%tmp_data_3_V_21 = extractvalue { i16, i16, i16, i16 } %empty_89, 3" [firmware/nnet_utils/nnet_image_stream.h:25]   --->   Operation 178 'extractvalue' 'tmp_data_3_V_21' <Predicate = (!icmp_ln16)> <Delay = 0.00>
ST_25 : Operation 179 [1/1] (2.18ns)   --->   "call void @_ssdm_op_Write.ap_fifo.volatile.i16P.i16P.i16P.i16P(i16* %resized_V_data_0_V, i16* %resized_V_data_1_V, i16* %resized_V_data_2_V, i16* %resized_V_data_3_V, i16 %tmp_data_0_V_19, i16 %tmp_data_1_V_18, i16 %tmp_data_2_V_18, i16 %tmp_data_3_V_18)" [firmware/nnet_utils/nnet_image_stream.h:57]   --->   Operation 179 'write' <Predicate = (!icmp_ln16)> <Delay = 2.18> <Core = "FIFO">   --->   Core 32 'FIFO' <Latency = 0> <II = 1> <Delay = 3.63> <Storage> <Opcode : 'read' 'write' 'nbread' 'nbwrite'> <Ports = 0> <Width = 16> <Depth = 3> <FIFO>

State 26 <SV = 25> <Delay = 2.18>
ST_26 : Operation 180 [1/1] (2.18ns)   --->   "%empty_90 = call { i16, i16, i16, i16 } @_ssdm_op_Read.ap_fifo.volatile.i16P.i16P.i16P.i16P(i16* %image_V_data_0_V, i16* %image_V_data_1_V, i16* %image_V_data_2_V, i16* %image_V_data_3_V)" [firmware/nnet_utils/nnet_image_stream.h:25]   --->   Operation 180 'read' 'empty_90' <Predicate = (!icmp_ln16)> <Delay = 2.18> <Core = "FIFO">   --->   Core 32 'FIFO' <Latency = 0> <II = 1> <Delay = 3.63> <Storage> <Opcode : 'read' 'write' 'nbread' 'nbwrite'> <Ports = 0> <Width = 16> <Depth = 3> <FIFO>
ST_26 : Operation 181 [1/1] (0.00ns)   --->   "%tmp_data_0_V_23 = extractvalue { i16, i16, i16, i16 } %empty_90, 0" [firmware/nnet_utils/nnet_image_stream.h:25]   --->   Operation 181 'extractvalue' 'tmp_data_0_V_23' <Predicate = (!icmp_ln16)> <Delay = 0.00>
ST_26 : Operation 182 [1/1] (0.00ns)   --->   "%tmp_data_1_V_22 = extractvalue { i16, i16, i16, i16 } %empty_90, 1" [firmware/nnet_utils/nnet_image_stream.h:25]   --->   Operation 182 'extractvalue' 'tmp_data_1_V_22' <Predicate = (!icmp_ln16)> <Delay = 0.00>
ST_26 : Operation 183 [1/1] (0.00ns)   --->   "%tmp_data_2_V_22 = extractvalue { i16, i16, i16, i16 } %empty_90, 2" [firmware/nnet_utils/nnet_image_stream.h:25]   --->   Operation 183 'extractvalue' 'tmp_data_2_V_22' <Predicate = (!icmp_ln16)> <Delay = 0.00>
ST_26 : Operation 184 [1/1] (0.00ns)   --->   "%tmp_data_3_V_22 = extractvalue { i16, i16, i16, i16 } %empty_90, 3" [firmware/nnet_utils/nnet_image_stream.h:25]   --->   Operation 184 'extractvalue' 'tmp_data_3_V_22' <Predicate = (!icmp_ln16)> <Delay = 0.00>
ST_26 : Operation 185 [1/1] (2.18ns)   --->   "call void @_ssdm_op_Write.ap_fifo.volatile.i16P.i16P.i16P.i16P(i16* %resized_V_data_0_V, i16* %resized_V_data_1_V, i16* %resized_V_data_2_V, i16* %resized_V_data_3_V, i16 %tmp_data_0_V_19, i16 %tmp_data_1_V_18, i16 %tmp_data_2_V_18, i16 %tmp_data_3_V_18)" [firmware/nnet_utils/nnet_image_stream.h:57]   --->   Operation 185 'write' <Predicate = (!icmp_ln16)> <Delay = 2.18> <Core = "FIFO">   --->   Core 32 'FIFO' <Latency = 0> <II = 1> <Delay = 3.63> <Storage> <Opcode : 'read' 'write' 'nbread' 'nbwrite'> <Ports = 0> <Width = 16> <Depth = 3> <FIFO>

State 27 <SV = 26> <Delay = 2.18>
ST_27 : Operation 186 [1/1] (2.18ns)   --->   "call void @_ssdm_op_Write.ap_fifo.volatile.i16P.i16P.i16P.i16P(i16* %resized_V_data_0_V, i16* %resized_V_data_1_V, i16* %resized_V_data_2_V, i16* %resized_V_data_3_V, i16 %tmp_data_0_V_20, i16 %tmp_data_1_V_19, i16 %tmp_data_2_V_19, i16 %tmp_data_3_V_19)" [firmware/nnet_utils/nnet_image_stream.h:57]   --->   Operation 186 'write' <Predicate = (!icmp_ln16)> <Delay = 2.18> <Core = "FIFO">   --->   Core 32 'FIFO' <Latency = 0> <II = 1> <Delay = 3.63> <Storage> <Opcode : 'read' 'write' 'nbread' 'nbwrite'> <Ports = 0> <Width = 16> <Depth = 3> <FIFO>

State 28 <SV = 27> <Delay = 2.18>
ST_28 : Operation 187 [1/1] (2.18ns)   --->   "call void @_ssdm_op_Write.ap_fifo.volatile.i16P.i16P.i16P.i16P(i16* %resized_V_data_0_V, i16* %resized_V_data_1_V, i16* %resized_V_data_2_V, i16* %resized_V_data_3_V, i16 %tmp_data_0_V_20, i16 %tmp_data_1_V_19, i16 %tmp_data_2_V_19, i16 %tmp_data_3_V_19)" [firmware/nnet_utils/nnet_image_stream.h:57]   --->   Operation 187 'write' <Predicate = (!icmp_ln16)> <Delay = 2.18> <Core = "FIFO">   --->   Core 32 'FIFO' <Latency = 0> <II = 1> <Delay = 3.63> <Storage> <Opcode : 'read' 'write' 'nbread' 'nbwrite'> <Ports = 0> <Width = 16> <Depth = 3> <FIFO>

State 29 <SV = 28> <Delay = 2.18>
ST_29 : Operation 188 [1/1] (2.18ns)   --->   "call void @_ssdm_op_Write.ap_fifo.volatile.i16P.i16P.i16P.i16P(i16* %resized_V_data_0_V, i16* %resized_V_data_1_V, i16* %resized_V_data_2_V, i16* %resized_V_data_3_V, i16 %tmp_data_0_V_21, i16 %tmp_data_1_V_20, i16 %tmp_data_2_V_20, i16 %tmp_data_3_V_20)" [firmware/nnet_utils/nnet_image_stream.h:57]   --->   Operation 188 'write' <Predicate = (!icmp_ln16)> <Delay = 2.18> <Core = "FIFO">   --->   Core 32 'FIFO' <Latency = 0> <II = 1> <Delay = 3.63> <Storage> <Opcode : 'read' 'write' 'nbread' 'nbwrite'> <Ports = 0> <Width = 16> <Depth = 3> <FIFO>

State 30 <SV = 29> <Delay = 2.18>
ST_30 : Operation 189 [1/1] (2.18ns)   --->   "call void @_ssdm_op_Write.ap_fifo.volatile.i16P.i16P.i16P.i16P(i16* %resized_V_data_0_V, i16* %resized_V_data_1_V, i16* %resized_V_data_2_V, i16* %resized_V_data_3_V, i16 %tmp_data_0_V_21, i16 %tmp_data_1_V_20, i16 %tmp_data_2_V_20, i16 %tmp_data_3_V_20)" [firmware/nnet_utils/nnet_image_stream.h:57]   --->   Operation 189 'write' <Predicate = (!icmp_ln16)> <Delay = 2.18> <Core = "FIFO">   --->   Core 32 'FIFO' <Latency = 0> <II = 1> <Delay = 3.63> <Storage> <Opcode : 'read' 'write' 'nbread' 'nbwrite'> <Ports = 0> <Width = 16> <Depth = 3> <FIFO>

State 31 <SV = 30> <Delay = 2.18>
ST_31 : Operation 190 [1/1] (2.18ns)   --->   "call void @_ssdm_op_Write.ap_fifo.volatile.i16P.i16P.i16P.i16P(i16* %resized_V_data_0_V, i16* %resized_V_data_1_V, i16* %resized_V_data_2_V, i16* %resized_V_data_3_V, i16 %tmp_data_0_V_22, i16 %tmp_data_1_V_21, i16 %tmp_data_2_V_21, i16 %tmp_data_3_V_21)" [firmware/nnet_utils/nnet_image_stream.h:57]   --->   Operation 190 'write' <Predicate = (!icmp_ln16)> <Delay = 2.18> <Core = "FIFO">   --->   Core 32 'FIFO' <Latency = 0> <II = 1> <Delay = 3.63> <Storage> <Opcode : 'read' 'write' 'nbread' 'nbwrite'> <Ports = 0> <Width = 16> <Depth = 3> <FIFO>

State 32 <SV = 31> <Delay = 2.18>
ST_32 : Operation 191 [1/1] (2.18ns)   --->   "call void @_ssdm_op_Write.ap_fifo.volatile.i16P.i16P.i16P.i16P(i16* %resized_V_data_0_V, i16* %resized_V_data_1_V, i16* %resized_V_data_2_V, i16* %resized_V_data_3_V, i16 %tmp_data_0_V_22, i16 %tmp_data_1_V_21, i16 %tmp_data_2_V_21, i16 %tmp_data_3_V_21)" [firmware/nnet_utils/nnet_image_stream.h:57]   --->   Operation 191 'write' <Predicate = (!icmp_ln16)> <Delay = 2.18> <Core = "FIFO">   --->   Core 32 'FIFO' <Latency = 0> <II = 1> <Delay = 3.63> <Storage> <Opcode : 'read' 'write' 'nbread' 'nbwrite'> <Ports = 0> <Width = 16> <Depth = 3> <FIFO>

State 33 <SV = 32> <Delay = 2.18>
ST_33 : Operation 192 [1/1] (2.18ns)   --->   "call void @_ssdm_op_Write.ap_fifo.volatile.i16P.i16P.i16P.i16P(i16* %resized_V_data_0_V, i16* %resized_V_data_1_V, i16* %resized_V_data_2_V, i16* %resized_V_data_3_V, i16 %tmp_data_0_V_23, i16 %tmp_data_1_V_22, i16 %tmp_data_2_V_22, i16 %tmp_data_3_V_22)" [firmware/nnet_utils/nnet_image_stream.h:57]   --->   Operation 192 'write' <Predicate = (!icmp_ln16)> <Delay = 2.18> <Core = "FIFO">   --->   Core 32 'FIFO' <Latency = 0> <II = 1> <Delay = 3.63> <Storage> <Opcode : 'read' 'write' 'nbread' 'nbwrite'> <Ports = 0> <Width = 16> <Depth = 3> <FIFO>

State 34 <SV = 33> <Delay = 2.18>
ST_34 : Operation 193 [1/1] (2.18ns)   --->   "call void @_ssdm_op_Write.ap_fifo.volatile.i16P.i16P.i16P.i16P(i16* %resized_V_data_0_V, i16* %resized_V_data_1_V, i16* %resized_V_data_2_V, i16* %resized_V_data_3_V, i16 %tmp_data_0_V_23, i16 %tmp_data_1_V_22, i16 %tmp_data_2_V_22, i16 %tmp_data_3_V_22)" [firmware/nnet_utils/nnet_image_stream.h:57]   --->   Operation 193 'write' <Predicate = (!icmp_ln16)> <Delay = 2.18> <Core = "FIFO">   --->   Core 32 'FIFO' <Latency = 0> <II = 1> <Delay = 3.63> <Storage> <Opcode : 'read' 'write' 'nbread' 'nbwrite'> <Ports = 0> <Width = 16> <Depth = 3> <FIFO>

State 35 <SV = 34> <Delay = 2.18>
ST_35 : Operation 194 [1/1] (2.18ns)   --->   "call void @_ssdm_op_Write.ap_fifo.volatile.i16P.i16P.i16P.i16P(i16* %resized_V_data_0_V, i16* %resized_V_data_1_V, i16* %resized_V_data_2_V, i16* %resized_V_data_3_V, i16 %tmp_data_0_V, i16 %tmp_data_1_V, i16 %tmp_data_2_V, i16 %tmp_data_3_V)" [firmware/nnet_utils/nnet_image_stream.h:57]   --->   Operation 194 'write' <Predicate = (!icmp_ln16)> <Delay = 2.18> <Core = "FIFO">   --->   Core 32 'FIFO' <Latency = 0> <II = 1> <Delay = 3.63> <Storage> <Opcode : 'read' 'write' 'nbread' 'nbwrite'> <Ports = 0> <Width = 16> <Depth = 3> <FIFO>

State 36 <SV = 35> <Delay = 2.18>
ST_36 : Operation 195 [1/1] (2.18ns)   --->   "call void @_ssdm_op_Write.ap_fifo.volatile.i16P.i16P.i16P.i16P(i16* %resized_V_data_0_V, i16* %resized_V_data_1_V, i16* %resized_V_data_2_V, i16* %resized_V_data_3_V, i16 %tmp_data_0_V, i16 %tmp_data_1_V, i16 %tmp_data_2_V, i16 %tmp_data_3_V)" [firmware/nnet_utils/nnet_image_stream.h:57]   --->   Operation 195 'write' <Predicate = (!icmp_ln16)> <Delay = 2.18> <Core = "FIFO">   --->   Core 32 'FIFO' <Latency = 0> <II = 1> <Delay = 3.63> <Storage> <Opcode : 'read' 'write' 'nbread' 'nbwrite'> <Ports = 0> <Width = 16> <Depth = 3> <FIFO>

State 37 <SV = 36> <Delay = 2.18>
ST_37 : Operation 196 [1/1] (2.18ns)   --->   "call void @_ssdm_op_Write.ap_fifo.volatile.i16P.i16P.i16P.i16P(i16* %resized_V_data_0_V, i16* %resized_V_data_1_V, i16* %resized_V_data_2_V, i16* %resized_V_data_3_V, i16 %tmp_data_0_V_9, i16 %tmp_data_1_V_8, i16 %tmp_data_2_V_8, i16 %tmp_data_3_V_8)" [firmware/nnet_utils/nnet_image_stream.h:57]   --->   Operation 196 'write' <Predicate = (!icmp_ln16)> <Delay = 2.18> <Core = "FIFO">   --->   Core 32 'FIFO' <Latency = 0> <II = 1> <Delay = 3.63> <Storage> <Opcode : 'read' 'write' 'nbread' 'nbwrite'> <Ports = 0> <Width = 16> <Depth = 3> <FIFO>

State 38 <SV = 37> <Delay = 2.18>
ST_38 : Operation 197 [1/1] (2.18ns)   --->   "call void @_ssdm_op_Write.ap_fifo.volatile.i16P.i16P.i16P.i16P(i16* %resized_V_data_0_V, i16* %resized_V_data_1_V, i16* %resized_V_data_2_V, i16* %resized_V_data_3_V, i16 %tmp_data_0_V_9, i16 %tmp_data_1_V_8, i16 %tmp_data_2_V_8, i16 %tmp_data_3_V_8)" [firmware/nnet_utils/nnet_image_stream.h:57]   --->   Operation 197 'write' <Predicate = (!icmp_ln16)> <Delay = 2.18> <Core = "FIFO">   --->   Core 32 'FIFO' <Latency = 0> <II = 1> <Delay = 3.63> <Storage> <Opcode : 'read' 'write' 'nbread' 'nbwrite'> <Ports = 0> <Width = 16> <Depth = 3> <FIFO>

State 39 <SV = 38> <Delay = 2.18>
ST_39 : Operation 198 [1/1] (2.18ns)   --->   "call void @_ssdm_op_Write.ap_fifo.volatile.i16P.i16P.i16P.i16P(i16* %resized_V_data_0_V, i16* %resized_V_data_1_V, i16* %resized_V_data_2_V, i16* %resized_V_data_3_V, i16 %tmp_data_0_V_10, i16 %tmp_data_1_V_9, i16 %tmp_data_2_V_9, i16 %tmp_data_3_V_9)" [firmware/nnet_utils/nnet_image_stream.h:57]   --->   Operation 198 'write' <Predicate = (!icmp_ln16)> <Delay = 2.18> <Core = "FIFO">   --->   Core 32 'FIFO' <Latency = 0> <II = 1> <Delay = 3.63> <Storage> <Opcode : 'read' 'write' 'nbread' 'nbwrite'> <Ports = 0> <Width = 16> <Depth = 3> <FIFO>

State 40 <SV = 39> <Delay = 2.18>
ST_40 : Operation 199 [1/1] (2.18ns)   --->   "call void @_ssdm_op_Write.ap_fifo.volatile.i16P.i16P.i16P.i16P(i16* %resized_V_data_0_V, i16* %resized_V_data_1_V, i16* %resized_V_data_2_V, i16* %resized_V_data_3_V, i16 %tmp_data_0_V_10, i16 %tmp_data_1_V_9, i16 %tmp_data_2_V_9, i16 %tmp_data_3_V_9)" [firmware/nnet_utils/nnet_image_stream.h:57]   --->   Operation 199 'write' <Predicate = (!icmp_ln16)> <Delay = 2.18> <Core = "FIFO">   --->   Core 32 'FIFO' <Latency = 0> <II = 1> <Delay = 3.63> <Storage> <Opcode : 'read' 'write' 'nbread' 'nbwrite'> <Ports = 0> <Width = 16> <Depth = 3> <FIFO>

State 41 <SV = 40> <Delay = 2.18>
ST_41 : Operation 200 [1/1] (2.18ns)   --->   "call void @_ssdm_op_Write.ap_fifo.volatile.i16P.i16P.i16P.i16P(i16* %resized_V_data_0_V, i16* %resized_V_data_1_V, i16* %resized_V_data_2_V, i16* %resized_V_data_3_V, i16 %tmp_data_0_V_11, i16 %tmp_data_1_V_10, i16 %tmp_data_2_V_10, i16 %tmp_data_3_V_10)" [firmware/nnet_utils/nnet_image_stream.h:57]   --->   Operation 200 'write' <Predicate = (!icmp_ln16)> <Delay = 2.18> <Core = "FIFO">   --->   Core 32 'FIFO' <Latency = 0> <II = 1> <Delay = 3.63> <Storage> <Opcode : 'read' 'write' 'nbread' 'nbwrite'> <Ports = 0> <Width = 16> <Depth = 3> <FIFO>

State 42 <SV = 41> <Delay = 2.18>
ST_42 : Operation 201 [1/1] (2.18ns)   --->   "call void @_ssdm_op_Write.ap_fifo.volatile.i16P.i16P.i16P.i16P(i16* %resized_V_data_0_V, i16* %resized_V_data_1_V, i16* %resized_V_data_2_V, i16* %resized_V_data_3_V, i16 %tmp_data_0_V_11, i16 %tmp_data_1_V_10, i16 %tmp_data_2_V_10, i16 %tmp_data_3_V_10)" [firmware/nnet_utils/nnet_image_stream.h:57]   --->   Operation 201 'write' <Predicate = (!icmp_ln16)> <Delay = 2.18> <Core = "FIFO">   --->   Core 32 'FIFO' <Latency = 0> <II = 1> <Delay = 3.63> <Storage> <Opcode : 'read' 'write' 'nbread' 'nbwrite'> <Ports = 0> <Width = 16> <Depth = 3> <FIFO>

State 43 <SV = 42> <Delay = 2.18>
ST_43 : Operation 202 [1/1] (2.18ns)   --->   "call void @_ssdm_op_Write.ap_fifo.volatile.i16P.i16P.i16P.i16P(i16* %resized_V_data_0_V, i16* %resized_V_data_1_V, i16* %resized_V_data_2_V, i16* %resized_V_data_3_V, i16 %tmp_data_0_V_12, i16 %tmp_data_1_V_11, i16 %tmp_data_2_V_11, i16 %tmp_data_3_V_11)" [firmware/nnet_utils/nnet_image_stream.h:57]   --->   Operation 202 'write' <Predicate = (!icmp_ln16)> <Delay = 2.18> <Core = "FIFO">   --->   Core 32 'FIFO' <Latency = 0> <II = 1> <Delay = 3.63> <Storage> <Opcode : 'read' 'write' 'nbread' 'nbwrite'> <Ports = 0> <Width = 16> <Depth = 3> <FIFO>

State 44 <SV = 43> <Delay = 2.18>
ST_44 : Operation 203 [1/1] (2.18ns)   --->   "call void @_ssdm_op_Write.ap_fifo.volatile.i16P.i16P.i16P.i16P(i16* %resized_V_data_0_V, i16* %resized_V_data_1_V, i16* %resized_V_data_2_V, i16* %resized_V_data_3_V, i16 %tmp_data_0_V_12, i16 %tmp_data_1_V_11, i16 %tmp_data_2_V_11, i16 %tmp_data_3_V_11)" [firmware/nnet_utils/nnet_image_stream.h:57]   --->   Operation 203 'write' <Predicate = (!icmp_ln16)> <Delay = 2.18> <Core = "FIFO">   --->   Core 32 'FIFO' <Latency = 0> <II = 1> <Delay = 3.63> <Storage> <Opcode : 'read' 'write' 'nbread' 'nbwrite'> <Ports = 0> <Width = 16> <Depth = 3> <FIFO>

State 45 <SV = 44> <Delay = 2.18>
ST_45 : Operation 204 [1/1] (2.18ns)   --->   "call void @_ssdm_op_Write.ap_fifo.volatile.i16P.i16P.i16P.i16P(i16* %resized_V_data_0_V, i16* %resized_V_data_1_V, i16* %resized_V_data_2_V, i16* %resized_V_data_3_V, i16 %tmp_data_0_V_13, i16 %tmp_data_1_V_12, i16 %tmp_data_2_V_12, i16 %tmp_data_3_V_12)" [firmware/nnet_utils/nnet_image_stream.h:57]   --->   Operation 204 'write' <Predicate = (!icmp_ln16)> <Delay = 2.18> <Core = "FIFO">   --->   Core 32 'FIFO' <Latency = 0> <II = 1> <Delay = 3.63> <Storage> <Opcode : 'read' 'write' 'nbread' 'nbwrite'> <Ports = 0> <Width = 16> <Depth = 3> <FIFO>

State 46 <SV = 45> <Delay = 2.18>
ST_46 : Operation 205 [1/1] (2.18ns)   --->   "call void @_ssdm_op_Write.ap_fifo.volatile.i16P.i16P.i16P.i16P(i16* %resized_V_data_0_V, i16* %resized_V_data_1_V, i16* %resized_V_data_2_V, i16* %resized_V_data_3_V, i16 %tmp_data_0_V_13, i16 %tmp_data_1_V_12, i16 %tmp_data_2_V_12, i16 %tmp_data_3_V_12)" [firmware/nnet_utils/nnet_image_stream.h:57]   --->   Operation 205 'write' <Predicate = (!icmp_ln16)> <Delay = 2.18> <Core = "FIFO">   --->   Core 32 'FIFO' <Latency = 0> <II = 1> <Delay = 3.63> <Storage> <Opcode : 'read' 'write' 'nbread' 'nbwrite'> <Ports = 0> <Width = 16> <Depth = 3> <FIFO>

State 47 <SV = 46> <Delay = 2.18>
ST_47 : Operation 206 [1/1] (2.18ns)   --->   "call void @_ssdm_op_Write.ap_fifo.volatile.i16P.i16P.i16P.i16P(i16* %resized_V_data_0_V, i16* %resized_V_data_1_V, i16* %resized_V_data_2_V, i16* %resized_V_data_3_V, i16 %tmp_data_0_V_14, i16 %tmp_data_1_V_13, i16 %tmp_data_2_V_13, i16 %tmp_data_3_V_13)" [firmware/nnet_utils/nnet_image_stream.h:57]   --->   Operation 206 'write' <Predicate = (!icmp_ln16)> <Delay = 2.18> <Core = "FIFO">   --->   Core 32 'FIFO' <Latency = 0> <II = 1> <Delay = 3.63> <Storage> <Opcode : 'read' 'write' 'nbread' 'nbwrite'> <Ports = 0> <Width = 16> <Depth = 3> <FIFO>

State 48 <SV = 47> <Delay = 2.18>
ST_48 : Operation 207 [1/1] (2.18ns)   --->   "call void @_ssdm_op_Write.ap_fifo.volatile.i16P.i16P.i16P.i16P(i16* %resized_V_data_0_V, i16* %resized_V_data_1_V, i16* %resized_V_data_2_V, i16* %resized_V_data_3_V, i16 %tmp_data_0_V_14, i16 %tmp_data_1_V_13, i16 %tmp_data_2_V_13, i16 %tmp_data_3_V_13)" [firmware/nnet_utils/nnet_image_stream.h:57]   --->   Operation 207 'write' <Predicate = (!icmp_ln16)> <Delay = 2.18> <Core = "FIFO">   --->   Core 32 'FIFO' <Latency = 0> <II = 1> <Delay = 3.63> <Storage> <Opcode : 'read' 'write' 'nbread' 'nbwrite'> <Ports = 0> <Width = 16> <Depth = 3> <FIFO>

State 49 <SV = 48> <Delay = 2.18>
ST_49 : Operation 208 [1/1] (2.18ns)   --->   "call void @_ssdm_op_Write.ap_fifo.volatile.i16P.i16P.i16P.i16P(i16* %resized_V_data_0_V, i16* %resized_V_data_1_V, i16* %resized_V_data_2_V, i16* %resized_V_data_3_V, i16 %tmp_data_0_V_15, i16 %tmp_data_1_V_14, i16 %tmp_data_2_V_14, i16 %tmp_data_3_V_14)" [firmware/nnet_utils/nnet_image_stream.h:57]   --->   Operation 208 'write' <Predicate = (!icmp_ln16)> <Delay = 2.18> <Core = "FIFO">   --->   Core 32 'FIFO' <Latency = 0> <II = 1> <Delay = 3.63> <Storage> <Opcode : 'read' 'write' 'nbread' 'nbwrite'> <Ports = 0> <Width = 16> <Depth = 3> <FIFO>

State 50 <SV = 49> <Delay = 2.18>
ST_50 : Operation 209 [1/1] (2.18ns)   --->   "call void @_ssdm_op_Write.ap_fifo.volatile.i16P.i16P.i16P.i16P(i16* %resized_V_data_0_V, i16* %resized_V_data_1_V, i16* %resized_V_data_2_V, i16* %resized_V_data_3_V, i16 %tmp_data_0_V_15, i16 %tmp_data_1_V_14, i16 %tmp_data_2_V_14, i16 %tmp_data_3_V_14)" [firmware/nnet_utils/nnet_image_stream.h:57]   --->   Operation 209 'write' <Predicate = (!icmp_ln16)> <Delay = 2.18> <Core = "FIFO">   --->   Core 32 'FIFO' <Latency = 0> <II = 1> <Delay = 3.63> <Storage> <Opcode : 'read' 'write' 'nbread' 'nbwrite'> <Ports = 0> <Width = 16> <Depth = 3> <FIFO>

State 51 <SV = 50> <Delay = 2.18>
ST_51 : Operation 210 [1/1] (2.18ns)   --->   "call void @_ssdm_op_Write.ap_fifo.volatile.i16P.i16P.i16P.i16P(i16* %resized_V_data_0_V, i16* %resized_V_data_1_V, i16* %resized_V_data_2_V, i16* %resized_V_data_3_V, i16 %tmp_data_0_V_16, i16 %tmp_data_1_V_15, i16 %tmp_data_2_V_15, i16 %tmp_data_3_V_15)" [firmware/nnet_utils/nnet_image_stream.h:57]   --->   Operation 210 'write' <Predicate = (!icmp_ln16)> <Delay = 2.18> <Core = "FIFO">   --->   Core 32 'FIFO' <Latency = 0> <II = 1> <Delay = 3.63> <Storage> <Opcode : 'read' 'write' 'nbread' 'nbwrite'> <Ports = 0> <Width = 16> <Depth = 3> <FIFO>

State 52 <SV = 51> <Delay = 2.18>
ST_52 : Operation 211 [1/1] (2.18ns)   --->   "call void @_ssdm_op_Write.ap_fifo.volatile.i16P.i16P.i16P.i16P(i16* %resized_V_data_0_V, i16* %resized_V_data_1_V, i16* %resized_V_data_2_V, i16* %resized_V_data_3_V, i16 %tmp_data_0_V_16, i16 %tmp_data_1_V_15, i16 %tmp_data_2_V_15, i16 %tmp_data_3_V_15)" [firmware/nnet_utils/nnet_image_stream.h:57]   --->   Operation 211 'write' <Predicate = (!icmp_ln16)> <Delay = 2.18> <Core = "FIFO">   --->   Core 32 'FIFO' <Latency = 0> <II = 1> <Delay = 3.63> <Storage> <Opcode : 'read' 'write' 'nbread' 'nbwrite'> <Ports = 0> <Width = 16> <Depth = 3> <FIFO>

State 53 <SV = 52> <Delay = 2.18>
ST_53 : Operation 212 [1/1] (2.18ns)   --->   "call void @_ssdm_op_Write.ap_fifo.volatile.i16P.i16P.i16P.i16P(i16* %resized_V_data_0_V, i16* %resized_V_data_1_V, i16* %resized_V_data_2_V, i16* %resized_V_data_3_V, i16 %tmp_data_0_V_17, i16 %tmp_data_1_V_16, i16 %tmp_data_2_V_16, i16 %tmp_data_3_V_16)" [firmware/nnet_utils/nnet_image_stream.h:57]   --->   Operation 212 'write' <Predicate = (!icmp_ln16)> <Delay = 2.18> <Core = "FIFO">   --->   Core 32 'FIFO' <Latency = 0> <II = 1> <Delay = 3.63> <Storage> <Opcode : 'read' 'write' 'nbread' 'nbwrite'> <Ports = 0> <Width = 16> <Depth = 3> <FIFO>

State 54 <SV = 53> <Delay = 2.18>
ST_54 : Operation 213 [1/1] (2.18ns)   --->   "call void @_ssdm_op_Write.ap_fifo.volatile.i16P.i16P.i16P.i16P(i16* %resized_V_data_0_V, i16* %resized_V_data_1_V, i16* %resized_V_data_2_V, i16* %resized_V_data_3_V, i16 %tmp_data_0_V_17, i16 %tmp_data_1_V_16, i16 %tmp_data_2_V_16, i16 %tmp_data_3_V_16)" [firmware/nnet_utils/nnet_image_stream.h:57]   --->   Operation 213 'write' <Predicate = (!icmp_ln16)> <Delay = 2.18> <Core = "FIFO">   --->   Core 32 'FIFO' <Latency = 0> <II = 1> <Delay = 3.63> <Storage> <Opcode : 'read' 'write' 'nbread' 'nbwrite'> <Ports = 0> <Width = 16> <Depth = 3> <FIFO>

State 55 <SV = 54> <Delay = 2.18>
ST_55 : Operation 214 [1/1] (2.18ns)   --->   "call void @_ssdm_op_Write.ap_fifo.volatile.i16P.i16P.i16P.i16P(i16* %resized_V_data_0_V, i16* %resized_V_data_1_V, i16* %resized_V_data_2_V, i16* %resized_V_data_3_V, i16 %tmp_data_0_V_18, i16 %tmp_data_1_V_17, i16 %tmp_data_2_V_17, i16 %tmp_data_3_V_17)" [firmware/nnet_utils/nnet_image_stream.h:57]   --->   Operation 214 'write' <Predicate = (!icmp_ln16)> <Delay = 2.18> <Core = "FIFO">   --->   Core 32 'FIFO' <Latency = 0> <II = 1> <Delay = 3.63> <Storage> <Opcode : 'read' 'write' 'nbread' 'nbwrite'> <Ports = 0> <Width = 16> <Depth = 3> <FIFO>

State 56 <SV = 55> <Delay = 2.18>
ST_56 : Operation 215 [1/1] (2.18ns)   --->   "call void @_ssdm_op_Write.ap_fifo.volatile.i16P.i16P.i16P.i16P(i16* %resized_V_data_0_V, i16* %resized_V_data_1_V, i16* %resized_V_data_2_V, i16* %resized_V_data_3_V, i16 %tmp_data_0_V_18, i16 %tmp_data_1_V_17, i16 %tmp_data_2_V_17, i16 %tmp_data_3_V_17)" [firmware/nnet_utils/nnet_image_stream.h:57]   --->   Operation 215 'write' <Predicate = (!icmp_ln16)> <Delay = 2.18> <Core = "FIFO">   --->   Core 32 'FIFO' <Latency = 0> <II = 1> <Delay = 3.63> <Storage> <Opcode : 'read' 'write' 'nbread' 'nbwrite'> <Ports = 0> <Width = 16> <Depth = 3> <FIFO>

State 57 <SV = 56> <Delay = 2.18>
ST_57 : Operation 216 [1/1] (2.18ns)   --->   "call void @_ssdm_op_Write.ap_fifo.volatile.i16P.i16P.i16P.i16P(i16* %resized_V_data_0_V, i16* %resized_V_data_1_V, i16* %resized_V_data_2_V, i16* %resized_V_data_3_V, i16 %tmp_data_0_V_19, i16 %tmp_data_1_V_18, i16 %tmp_data_2_V_18, i16 %tmp_data_3_V_18)" [firmware/nnet_utils/nnet_image_stream.h:57]   --->   Operation 216 'write' <Predicate = (!icmp_ln16)> <Delay = 2.18> <Core = "FIFO">   --->   Core 32 'FIFO' <Latency = 0> <II = 1> <Delay = 3.63> <Storage> <Opcode : 'read' 'write' 'nbread' 'nbwrite'> <Ports = 0> <Width = 16> <Depth = 3> <FIFO>

State 58 <SV = 57> <Delay = 2.18>
ST_58 : Operation 217 [1/1] (2.18ns)   --->   "call void @_ssdm_op_Write.ap_fifo.volatile.i16P.i16P.i16P.i16P(i16* %resized_V_data_0_V, i16* %resized_V_data_1_V, i16* %resized_V_data_2_V, i16* %resized_V_data_3_V, i16 %tmp_data_0_V_19, i16 %tmp_data_1_V_18, i16 %tmp_data_2_V_18, i16 %tmp_data_3_V_18)" [firmware/nnet_utils/nnet_image_stream.h:57]   --->   Operation 217 'write' <Predicate = (!icmp_ln16)> <Delay = 2.18> <Core = "FIFO">   --->   Core 32 'FIFO' <Latency = 0> <II = 1> <Delay = 3.63> <Storage> <Opcode : 'read' 'write' 'nbread' 'nbwrite'> <Ports = 0> <Width = 16> <Depth = 3> <FIFO>

State 59 <SV = 58> <Delay = 2.18>
ST_59 : Operation 218 [1/1] (2.18ns)   --->   "call void @_ssdm_op_Write.ap_fifo.volatile.i16P.i16P.i16P.i16P(i16* %resized_V_data_0_V, i16* %resized_V_data_1_V, i16* %resized_V_data_2_V, i16* %resized_V_data_3_V, i16 %tmp_data_0_V_20, i16 %tmp_data_1_V_19, i16 %tmp_data_2_V_19, i16 %tmp_data_3_V_19)" [firmware/nnet_utils/nnet_image_stream.h:57]   --->   Operation 218 'write' <Predicate = (!icmp_ln16)> <Delay = 2.18> <Core = "FIFO">   --->   Core 32 'FIFO' <Latency = 0> <II = 1> <Delay = 3.63> <Storage> <Opcode : 'read' 'write' 'nbread' 'nbwrite'> <Ports = 0> <Width = 16> <Depth = 3> <FIFO>

State 60 <SV = 59> <Delay = 2.18>
ST_60 : Operation 219 [1/1] (2.18ns)   --->   "call void @_ssdm_op_Write.ap_fifo.volatile.i16P.i16P.i16P.i16P(i16* %resized_V_data_0_V, i16* %resized_V_data_1_V, i16* %resized_V_data_2_V, i16* %resized_V_data_3_V, i16 %tmp_data_0_V_20, i16 %tmp_data_1_V_19, i16 %tmp_data_2_V_19, i16 %tmp_data_3_V_19)" [firmware/nnet_utils/nnet_image_stream.h:57]   --->   Operation 219 'write' <Predicate = (!icmp_ln16)> <Delay = 2.18> <Core = "FIFO">   --->   Core 32 'FIFO' <Latency = 0> <II = 1> <Delay = 3.63> <Storage> <Opcode : 'read' 'write' 'nbread' 'nbwrite'> <Ports = 0> <Width = 16> <Depth = 3> <FIFO>

State 61 <SV = 60> <Delay = 2.18>
ST_61 : Operation 220 [1/1] (2.18ns)   --->   "call void @_ssdm_op_Write.ap_fifo.volatile.i16P.i16P.i16P.i16P(i16* %resized_V_data_0_V, i16* %resized_V_data_1_V, i16* %resized_V_data_2_V, i16* %resized_V_data_3_V, i16 %tmp_data_0_V_21, i16 %tmp_data_1_V_20, i16 %tmp_data_2_V_20, i16 %tmp_data_3_V_20)" [firmware/nnet_utils/nnet_image_stream.h:57]   --->   Operation 220 'write' <Predicate = (!icmp_ln16)> <Delay = 2.18> <Core = "FIFO">   --->   Core 32 'FIFO' <Latency = 0> <II = 1> <Delay = 3.63> <Storage> <Opcode : 'read' 'write' 'nbread' 'nbwrite'> <Ports = 0> <Width = 16> <Depth = 3> <FIFO>

State 62 <SV = 61> <Delay = 2.18>
ST_62 : Operation 221 [1/1] (2.18ns)   --->   "call void @_ssdm_op_Write.ap_fifo.volatile.i16P.i16P.i16P.i16P(i16* %resized_V_data_0_V, i16* %resized_V_data_1_V, i16* %resized_V_data_2_V, i16* %resized_V_data_3_V, i16 %tmp_data_0_V_21, i16 %tmp_data_1_V_20, i16 %tmp_data_2_V_20, i16 %tmp_data_3_V_20)" [firmware/nnet_utils/nnet_image_stream.h:57]   --->   Operation 221 'write' <Predicate = (!icmp_ln16)> <Delay = 2.18> <Core = "FIFO">   --->   Core 32 'FIFO' <Latency = 0> <II = 1> <Delay = 3.63> <Storage> <Opcode : 'read' 'write' 'nbread' 'nbwrite'> <Ports = 0> <Width = 16> <Depth = 3> <FIFO>

State 63 <SV = 62> <Delay = 2.18>
ST_63 : Operation 222 [1/1] (2.18ns)   --->   "call void @_ssdm_op_Write.ap_fifo.volatile.i16P.i16P.i16P.i16P(i16* %resized_V_data_0_V, i16* %resized_V_data_1_V, i16* %resized_V_data_2_V, i16* %resized_V_data_3_V, i16 %tmp_data_0_V_22, i16 %tmp_data_1_V_21, i16 %tmp_data_2_V_21, i16 %tmp_data_3_V_21)" [firmware/nnet_utils/nnet_image_stream.h:57]   --->   Operation 222 'write' <Predicate = (!icmp_ln16)> <Delay = 2.18> <Core = "FIFO">   --->   Core 32 'FIFO' <Latency = 0> <II = 1> <Delay = 3.63> <Storage> <Opcode : 'read' 'write' 'nbread' 'nbwrite'> <Ports = 0> <Width = 16> <Depth = 3> <FIFO>

State 64 <SV = 63> <Delay = 2.18>
ST_64 : Operation 223 [1/1] (2.18ns)   --->   "call void @_ssdm_op_Write.ap_fifo.volatile.i16P.i16P.i16P.i16P(i16* %resized_V_data_0_V, i16* %resized_V_data_1_V, i16* %resized_V_data_2_V, i16* %resized_V_data_3_V, i16 %tmp_data_0_V_22, i16 %tmp_data_1_V_21, i16 %tmp_data_2_V_21, i16 %tmp_data_3_V_21)" [firmware/nnet_utils/nnet_image_stream.h:57]   --->   Operation 223 'write' <Predicate = (!icmp_ln16)> <Delay = 2.18> <Core = "FIFO">   --->   Core 32 'FIFO' <Latency = 0> <II = 1> <Delay = 3.63> <Storage> <Opcode : 'read' 'write' 'nbread' 'nbwrite'> <Ports = 0> <Width = 16> <Depth = 3> <FIFO>

State 65 <SV = 64> <Delay = 2.18>
ST_65 : Operation 224 [1/1] (2.18ns)   --->   "call void @_ssdm_op_Write.ap_fifo.volatile.i16P.i16P.i16P.i16P(i16* %resized_V_data_0_V, i16* %resized_V_data_1_V, i16* %resized_V_data_2_V, i16* %resized_V_data_3_V, i16 %tmp_data_0_V_23, i16 %tmp_data_1_V_22, i16 %tmp_data_2_V_22, i16 %tmp_data_3_V_22)" [firmware/nnet_utils/nnet_image_stream.h:57]   --->   Operation 224 'write' <Predicate = (!icmp_ln16)> <Delay = 2.18> <Core = "FIFO">   --->   Core 32 'FIFO' <Latency = 0> <II = 1> <Delay = 3.63> <Storage> <Opcode : 'read' 'write' 'nbread' 'nbwrite'> <Ports = 0> <Width = 16> <Depth = 3> <FIFO>

State 66 <SV = 65> <Delay = 2.18>
ST_66 : Operation 225 [1/1] (0.00ns)   --->   "call void (...)* @_ssdm_op_SpecLoopName([12 x i8]* @p_str83) nounwind" [firmware/nnet_utils/nnet_image_stream.h:16]   --->   Operation 225 'specloopname' <Predicate = (!icmp_ln16)> <Delay = 0.00>
ST_66 : Operation 226 [1/1] (0.00ns)   --->   "%tmp = call i32 (...)* @_ssdm_op_SpecRegionBegin([12 x i8]* @p_str83)" [firmware/nnet_utils/nnet_image_stream.h:16]   --->   Operation 226 'specregionbegin' 'tmp' <Predicate = (!icmp_ln16)> <Delay = 0.00>
ST_66 : Operation 227 [1/1] (0.00ns)   --->   "call void (...)* @_ssdm_op_SpecPipeline(i32 -1, i32 1, i32 1, i32 0, [1 x i8]* @p_str20) nounwind" [firmware/nnet_utils/nnet_image_stream.h:17]   --->   Operation 227 'specpipeline' <Predicate = (!icmp_ln16)> <Delay = 0.00>
ST_66 : Operation 228 [1/1] (2.18ns)   --->   "call void @_ssdm_op_Write.ap_fifo.volatile.i16P.i16P.i16P.i16P(i16* %resized_V_data_0_V, i16* %resized_V_data_1_V, i16* %resized_V_data_2_V, i16* %resized_V_data_3_V, i16 %tmp_data_0_V_23, i16 %tmp_data_1_V_22, i16 %tmp_data_2_V_22, i16 %tmp_data_3_V_22)" [firmware/nnet_utils/nnet_image_stream.h:57]   --->   Operation 228 'write' <Predicate = (!icmp_ln16)> <Delay = 2.18> <Core = "FIFO">   --->   Core 32 'FIFO' <Latency = 0> <II = 1> <Delay = 3.63> <Storage> <Opcode : 'read' 'write' 'nbread' 'nbwrite'> <Ports = 0> <Width = 16> <Depth = 3> <FIFO>
ST_66 : Operation 229 [1/1] (0.00ns)   --->   "%empty_91 = call i32 (...)* @_ssdm_op_SpecRegionEnd([12 x i8]* @p_str83, i32 %tmp)" [firmware/nnet_utils/nnet_image_stream.h:61]   --->   Operation 229 'specregionend' 'empty_91' <Predicate = (!icmp_ln16)> <Delay = 0.00>
ST_66 : Operation 230 [1/1] (0.00ns)   --->   "br label %1" [firmware/nnet_utils/nnet_image_stream.h:16]   --->   Operation 230 'br' <Predicate = (!icmp_ln16)> <Delay = 0.00>

State 67 <SV = 2> <Delay = 0.00>
ST_67 : Operation 231 [1/1] (0.00ns)   --->   "ret void" [firmware/nnet_utils/nnet_image_stream.h:62]   --->   Operation 231 'ret' <Predicate = true> <Delay = 0.00>


============================================================
+ Verbose Summary: Timing violations
============================================================
Target clock period: 5ns, clock uncertainty: 0.625ns.

 <State 1>: 1.77ns
The critical path consists of the following:
	multiplexor before 'phi' operation ('h') with incoming values : ('h', firmware/nnet_utils/nnet_image_stream.h:16) [19]  (1.77 ns)

 <State 2>: 1.78ns
The critical path consists of the following:
	'phi' operation ('h') with incoming values : ('h', firmware/nnet_utils/nnet_image_stream.h:16) [19]  (0 ns)
	'add' operation ('h', firmware/nnet_utils/nnet_image_stream.h:16) [22]  (1.78 ns)

 <State 3>: 4.38ns
The critical path consists of the following:
	fifo read on port 'image_V_data_0_V' (firmware/nnet_utils/nnet_image_stream.h:25) [28]  (2.19 ns)
	fifo write on port 'resized_V_data_0_V' (firmware/nnet_utils/nnet_image_stream.h:57) [108]  (2.19 ns)

 <State 4>: 2.19ns
The critical path consists of the following:
	fifo write on port 'resized_V_data_0_V' (firmware/nnet_utils/nnet_image_stream.h:57) [109]  (2.19 ns)

 <State 5>: 4.38ns
The critical path consists of the following:
	fifo read on port 'image_V_data_0_V' (firmware/nnet_utils/nnet_image_stream.h:25) [33]  (2.19 ns)
	fifo write on port 'resized_V_data_0_V' (firmware/nnet_utils/nnet_image_stream.h:57) [110]  (2.19 ns)

 <State 6>: 2.19ns
The critical path consists of the following:
	fifo write on port 'resized_V_data_0_V' (firmware/nnet_utils/nnet_image_stream.h:57) [111]  (2.19 ns)

 <State 7>: 4.38ns
The critical path consists of the following:
	fifo read on port 'image_V_data_0_V' (firmware/nnet_utils/nnet_image_stream.h:25) [38]  (2.19 ns)
	fifo write on port 'resized_V_data_0_V' (firmware/nnet_utils/nnet_image_stream.h:57) [112]  (2.19 ns)

 <State 8>: 2.19ns
The critical path consists of the following:
	fifo write on port 'resized_V_data_0_V' (firmware/nnet_utils/nnet_image_stream.h:57) [113]  (2.19 ns)

 <State 9>: 4.38ns
The critical path consists of the following:
	fifo read on port 'image_V_data_0_V' (firmware/nnet_utils/nnet_image_stream.h:25) [43]  (2.19 ns)
	fifo write on port 'resized_V_data_0_V' (firmware/nnet_utils/nnet_image_stream.h:57) [114]  (2.19 ns)

 <State 10>: 2.19ns
The critical path consists of the following:
	fifo write on port 'resized_V_data_0_V' (firmware/nnet_utils/nnet_image_stream.h:57) [115]  (2.19 ns)

 <State 11>: 4.38ns
The critical path consists of the following:
	fifo read on port 'image_V_data_0_V' (firmware/nnet_utils/nnet_image_stream.h:25) [48]  (2.19 ns)
	fifo write on port 'resized_V_data_0_V' (firmware/nnet_utils/nnet_image_stream.h:57) [116]  (2.19 ns)

 <State 12>: 2.19ns
The critical path consists of the following:
	fifo write on port 'resized_V_data_0_V' (firmware/nnet_utils/nnet_image_stream.h:57) [117]  (2.19 ns)

 <State 13>: 4.38ns
The critical path consists of the following:
	fifo read on port 'image_V_data_0_V' (firmware/nnet_utils/nnet_image_stream.h:25) [53]  (2.19 ns)
	fifo write on port 'resized_V_data_0_V' (firmware/nnet_utils/nnet_image_stream.h:57) [118]  (2.19 ns)

 <State 14>: 2.19ns
The critical path consists of the following:
	fifo write on port 'resized_V_data_0_V' (firmware/nnet_utils/nnet_image_stream.h:57) [119]  (2.19 ns)

 <State 15>: 4.38ns
The critical path consists of the following:
	fifo read on port 'image_V_data_0_V' (firmware/nnet_utils/nnet_image_stream.h:25) [58]  (2.19 ns)
	fifo write on port 'resized_V_data_0_V' (firmware/nnet_utils/nnet_image_stream.h:57) [120]  (2.19 ns)

 <State 16>: 2.19ns
The critical path consists of the following:
	fifo write on port 'resized_V_data_0_V' (firmware/nnet_utils/nnet_image_stream.h:57) [121]  (2.19 ns)

 <State 17>: 4.38ns
The critical path consists of the following:
	fifo read on port 'image_V_data_0_V' (firmware/nnet_utils/nnet_image_stream.h:25) [63]  (2.19 ns)
	fifo write on port 'resized_V_data_0_V' (firmware/nnet_utils/nnet_image_stream.h:57) [122]  (2.19 ns)

 <State 18>: 2.19ns
The critical path consists of the following:
	fifo write on port 'resized_V_data_0_V' (firmware/nnet_utils/nnet_image_stream.h:57) [123]  (2.19 ns)

 <State 19>: 4.38ns
The critical path consists of the following:
	fifo read on port 'image_V_data_0_V' (firmware/nnet_utils/nnet_image_stream.h:25) [68]  (2.19 ns)
	fifo write on port 'resized_V_data_0_V' (firmware/nnet_utils/nnet_image_stream.h:57) [124]  (2.19 ns)

 <State 20>: 2.19ns
The critical path consists of the following:
	fifo read on port 'image_V_data_0_V' (firmware/nnet_utils/nnet_image_stream.h:25) [73]  (2.19 ns)

 <State 21>: 2.19ns
The critical path consists of the following:
	fifo read on port 'image_V_data_0_V' (firmware/nnet_utils/nnet_image_stream.h:25) [78]  (2.19 ns)

 <State 22>: 2.19ns
The critical path consists of the following:
	fifo read on port 'image_V_data_0_V' (firmware/nnet_utils/nnet_image_stream.h:25) [83]  (2.19 ns)

 <State 23>: 2.19ns
The critical path consists of the following:
	fifo read on port 'image_V_data_0_V' (firmware/nnet_utils/nnet_image_stream.h:25) [88]  (2.19 ns)

 <State 24>: 2.19ns
The critical path consists of the following:
	fifo read on port 'image_V_data_0_V' (firmware/nnet_utils/nnet_image_stream.h:25) [93]  (2.19 ns)

 <State 25>: 2.19ns
The critical path consists of the following:
	fifo read on port 'image_V_data_0_V' (firmware/nnet_utils/nnet_image_stream.h:25) [98]  (2.19 ns)

 <State 26>: 2.19ns
The critical path consists of the following:
	fifo read on port 'image_V_data_0_V' (firmware/nnet_utils/nnet_image_stream.h:25) [103]  (2.19 ns)

 <State 27>: 2.19ns
The critical path consists of the following:
	fifo write on port 'resized_V_data_0_V' (firmware/nnet_utils/nnet_image_stream.h:57) [132]  (2.19 ns)

 <State 28>: 2.19ns
The critical path consists of the following:
	fifo write on port 'resized_V_data_0_V' (firmware/nnet_utils/nnet_image_stream.h:57) [133]  (2.19 ns)

 <State 29>: 2.19ns
The critical path consists of the following:
	fifo write on port 'resized_V_data_0_V' (firmware/nnet_utils/nnet_image_stream.h:57) [134]  (2.19 ns)

 <State 30>: 2.19ns
The critical path consists of the following:
	fifo write on port 'resized_V_data_0_V' (firmware/nnet_utils/nnet_image_stream.h:57) [135]  (2.19 ns)

 <State 31>: 2.19ns
The critical path consists of the following:
	fifo write on port 'resized_V_data_0_V' (firmware/nnet_utils/nnet_image_stream.h:57) [136]  (2.19 ns)

 <State 32>: 2.19ns
The critical path consists of the following:
	fifo write on port 'resized_V_data_0_V' (firmware/nnet_utils/nnet_image_stream.h:57) [137]  (2.19 ns)

 <State 33>: 2.19ns
The critical path consists of the following:
	fifo write on port 'resized_V_data_0_V' (firmware/nnet_utils/nnet_image_stream.h:57) [138]  (2.19 ns)

 <State 34>: 2.19ns
The critical path consists of the following:
	fifo write on port 'resized_V_data_0_V' (firmware/nnet_utils/nnet_image_stream.h:57) [139]  (2.19 ns)

 <State 35>: 2.19ns
The critical path consists of the following:
	fifo write on port 'resized_V_data_0_V' (firmware/nnet_utils/nnet_image_stream.h:57) [140]  (2.19 ns)

 <State 36>: 2.19ns
The critical path consists of the following:
	fifo write on port 'resized_V_data_0_V' (firmware/nnet_utils/nnet_image_stream.h:57) [141]  (2.19 ns)

 <State 37>: 2.19ns
The critical path consists of the following:
	fifo write on port 'resized_V_data_0_V' (firmware/nnet_utils/nnet_image_stream.h:57) [142]  (2.19 ns)

 <State 38>: 2.19ns
The critical path consists of the following:
	fifo write on port 'resized_V_data_0_V' (firmware/nnet_utils/nnet_image_stream.h:57) [143]  (2.19 ns)

 <State 39>: 2.19ns
The critical path consists of the following:
	fifo write on port 'resized_V_data_0_V' (firmware/nnet_utils/nnet_image_stream.h:57) [144]  (2.19 ns)

 <State 40>: 2.19ns
The critical path consists of the following:
	fifo write on port 'resized_V_data_0_V' (firmware/nnet_utils/nnet_image_stream.h:57) [145]  (2.19 ns)

 <State 41>: 2.19ns
The critical path consists of the following:
	fifo write on port 'resized_V_data_0_V' (firmware/nnet_utils/nnet_image_stream.h:57) [146]  (2.19 ns)

 <State 42>: 2.19ns
The critical path consists of the following:
	fifo write on port 'resized_V_data_0_V' (firmware/nnet_utils/nnet_image_stream.h:57) [147]  (2.19 ns)

 <State 43>: 2.19ns
The critical path consists of the following:
	fifo write on port 'resized_V_data_0_V' (firmware/nnet_utils/nnet_image_stream.h:57) [148]  (2.19 ns)

 <State 44>: 2.19ns
The critical path consists of the following:
	fifo write on port 'resized_V_data_0_V' (firmware/nnet_utils/nnet_image_stream.h:57) [149]  (2.19 ns)

 <State 45>: 2.19ns
The critical path consists of the following:
	fifo write on port 'resized_V_data_0_V' (firmware/nnet_utils/nnet_image_stream.h:57) [150]  (2.19 ns)

 <State 46>: 2.19ns
The critical path consists of the following:
	fifo write on port 'resized_V_data_0_V' (firmware/nnet_utils/nnet_image_stream.h:57) [151]  (2.19 ns)

 <State 47>: 2.19ns
The critical path consists of the following:
	fifo write on port 'resized_V_data_0_V' (firmware/nnet_utils/nnet_image_stream.h:57) [152]  (2.19 ns)

 <State 48>: 2.19ns
The critical path consists of the following:
	fifo write on port 'resized_V_data_0_V' (firmware/nnet_utils/nnet_image_stream.h:57) [153]  (2.19 ns)

 <State 49>: 2.19ns
The critical path consists of the following:
	fifo write on port 'resized_V_data_0_V' (firmware/nnet_utils/nnet_image_stream.h:57) [154]  (2.19 ns)

 <State 50>: 2.19ns
The critical path consists of the following:
	fifo write on port 'resized_V_data_0_V' (firmware/nnet_utils/nnet_image_stream.h:57) [155]  (2.19 ns)

 <State 51>: 2.19ns
The critical path consists of the following:
	fifo write on port 'resized_V_data_0_V' (firmware/nnet_utils/nnet_image_stream.h:57) [156]  (2.19 ns)

 <State 52>: 2.19ns
The critical path consists of the following:
	fifo write on port 'resized_V_data_0_V' (firmware/nnet_utils/nnet_image_stream.h:57) [157]  (2.19 ns)

 <State 53>: 2.19ns
The critical path consists of the following:
	fifo write on port 'resized_V_data_0_V' (firmware/nnet_utils/nnet_image_stream.h:57) [158]  (2.19 ns)

 <State 54>: 2.19ns
The critical path consists of the following:
	fifo write on port 'resized_V_data_0_V' (firmware/nnet_utils/nnet_image_stream.h:57) [159]  (2.19 ns)

 <State 55>: 2.19ns
The critical path consists of the following:
	fifo write on port 'resized_V_data_0_V' (firmware/nnet_utils/nnet_image_stream.h:57) [160]  (2.19 ns)

 <State 56>: 2.19ns
The critical path consists of the following:
	fifo write on port 'resized_V_data_0_V' (firmware/nnet_utils/nnet_image_stream.h:57) [161]  (2.19 ns)

 <State 57>: 2.19ns
The critical path consists of the following:
	fifo write on port 'resized_V_data_0_V' (firmware/nnet_utils/nnet_image_stream.h:57) [162]  (2.19 ns)

 <State 58>: 2.19ns
The critical path consists of the following:
	fifo write on port 'resized_V_data_0_V' (firmware/nnet_utils/nnet_image_stream.h:57) [163]  (2.19 ns)

 <State 59>: 2.19ns
The critical path consists of the following:
	fifo write on port 'resized_V_data_0_V' (firmware/nnet_utils/nnet_image_stream.h:57) [164]  (2.19 ns)

 <State 60>: 2.19ns
The critical path consists of the following:
	fifo write on port 'resized_V_data_0_V' (firmware/nnet_utils/nnet_image_stream.h:57) [165]  (2.19 ns)

 <State 61>: 2.19ns
The critical path consists of the following:
	fifo write on port 'resized_V_data_0_V' (firmware/nnet_utils/nnet_image_stream.h:57) [166]  (2.19 ns)

 <State 62>: 2.19ns
The critical path consists of the following:
	fifo write on port 'resized_V_data_0_V' (firmware/nnet_utils/nnet_image_stream.h:57) [167]  (2.19 ns)

 <State 63>: 2.19ns
The critical path consists of the following:
	fifo write on port 'resized_V_data_0_V' (firmware/nnet_utils/nnet_image_stream.h:57) [168]  (2.19 ns)

 <State 64>: 2.19ns
The critical path consists of the following:
	fifo write on port 'resized_V_data_0_V' (firmware/nnet_utils/nnet_image_stream.h:57) [169]  (2.19 ns)

 <State 65>: 2.19ns
The critical path consists of the following:
	fifo write on port 'resized_V_data_0_V' (firmware/nnet_utils/nnet_image_stream.h:57) [170]  (2.19 ns)

 <State 66>: 2.19ns
The critical path consists of the following:
	fifo write on port 'resized_V_data_0_V' (firmware/nnet_utils/nnet_image_stream.h:57) [171]  (2.19 ns)

 <State 67>: 0ns
The critical path consists of the following:


============================================================
+ Verbose Summary: Binding
============================================================
N/A
* FSMD analyzer results:
  - Output states:
 - Input state : 
  - Chain level:
	State 1
	State 2
	State 3
	State 4
	State 5
	State 6
	State 7
	State 8
	State 9
	State 10
	State 11
	State 12
	State 13
	State 14
	State 15
	State 16
	State 17
	State 18
	State 19
	State 20
	State 21
	State 22
	State 23
	State 24
	State 25
	State 26
	State 27
	State 28
	State 29
	State 30
	State 31
	State 32
	State 33
	State 34
	State 35
	State 36
	State 37
	State 38
	State 39
	State 40
	State 41
	State 42
	State 43
	State 44
	State 45
	State 46
	State 47
	State 48
	State 49
	State 50
	State 51
	State 52
	State 53
	State 54
	State 55
	State 56
	State 57
	State 58
	State 59
	State 60
	State 61
	State 62
	State 63
	State 64
	State 65
	State 66
	State 67


============================================================
+ Verbose Summary: Datapath Resource usage 
============================================================
N/A
