

================================================================
== Vivado HLS Report for 'compute_output_buffer_2d_array_array_ap_fixed_16_6_5_3_0_3u_config14_s'
================================================================
* Date:           Fri Jun 27 00:21:58 2025

* Version:        2020.1 (Build 2897737 on Wed May 27 20:21:37 MDT 2020)
* Project:        myproject_prj
* Solution:       solution1
* Product family: zynq
* Target device:  xc7z020-clg400-1


================================================================
== Performance Estimates
================================================================
+ Timing: 
    * Summary: 
    +--------+---------+----------+------------+
    |  Clock |  Target | Estimated| Uncertainty|
    +--------+---------+----------+------------+
    |ap_clk  | 5.00 ns | 5.723 ns |   0.62 ns  |
    +--------+---------+----------+------------+

+ Latency: 
    * Summary: 
    +---------+---------+-----------+----------+-----+-----+---------+
    |  Latency (cycles) |  Latency (absolute)  |  Interval | Pipeline|
    |   min   |   max   |    min    |    max   | min | max |   Type  |
    +---------+---------+-----------+----------+-----+-----+---------+
    |        2|      171| 11.446 ns | 0.979 us |    2|  171|   none  |
    +---------+---------+-----------+----------+-----+-----+---------+

    + Detail: 
        * Instance: 
        N/A

        * Loop: 
        N/A

============================================================
+ Verbose Summary: Synthesis Manager
============================================================
InlineROM: 1
ExposeGlobal: 0
============================================================
+ Verbose Summary: CDFG Model
============================================================
IsTopModel: 0
ResetActiveHigh: 1
IsCombinational: 0
IsDatapathOnly: 0
HasWiredReturn: 1
HasMFsm: 0
HasVarLatency: 1
IsPipeline: 0
IsRtlPipelined: 0
IsInstanceOverlapped: 0
IsDontTouch: 0
HasImplIP: 0
IsGatedGlobalClock: 0


============================================================
+ Verbose Summary: Schedule
============================================================
* Number of FSM states : 4
* Pipeline : 0
* Dataflow Pipeline: 0

* FSM state transitions: 
1 --> 2 3 
2 --> 3 
3 --> 4 
4 --> 

* FSM state operations: 

State 1 <SV = 0> <Delay = 3.45>
ST_1 : Operation 5 [1/1] (0.00ns)   --->   "call void (...)* @_ssdm_op_SpecInterface(i16* %res_stream_V_data_0_V, [8 x i8]* @ap_fifo_str, i32 0, i32 0, [1 x i8]* @p_str, i32 0, i32 0, [1 x i8]* @p_str, [1 x i8]* @p_str, [1 x i8]* @p_str, i32 2, i32 2, i32 16, i32 16, [1 x i8]* @p_str, [1 x i8]* @p_str)"   --->   Operation 5 'specinterface' <Predicate = true> <Delay = 0.00>
ST_1 : Operation 6 [1/1] (0.00ns)   --->   "call void (...)* @_ssdm_op_SpecInterface(i16* %res_stream_V_data_1_V, [8 x i8]* @ap_fifo_str, i32 0, i32 0, [1 x i8]* @p_str, i32 0, i32 0, [1 x i8]* @p_str, [1 x i8]* @p_str, [1 x i8]* @p_str, i32 2, i32 2, i32 16, i32 16, [1 x i8]* @p_str, [1 x i8]* @p_str)"   --->   Operation 6 'specinterface' <Predicate = true> <Delay = 0.00>
ST_1 : Operation 7 [1/1] (0.00ns)   --->   "call void (...)* @_ssdm_op_SpecInterface(i16* %res_stream_V_data_2_V, [8 x i8]* @ap_fifo_str, i32 0, i32 0, [1 x i8]* @p_str, i32 0, i32 0, [1 x i8]* @p_str, [1 x i8]* @p_str, [1 x i8]* @p_str, i32 2, i32 2, i32 16, i32 16, [1 x i8]* @p_str, [1 x i8]* @p_str)"   --->   Operation 7 'specinterface' <Predicate = true> <Delay = 0.00>
ST_1 : Operation 8 [1/1] (0.00ns)   --->   "%in_elem_data_5_V_read_4 = call i16 @_ssdm_op_Read.ap_auto.i16(i16 %in_elem_data_5_V_read)"   --->   Operation 8 'read' 'in_elem_data_5_V_read_4' <Predicate = true> <Delay = 0.00>
ST_1 : Operation 9 [1/1] (0.00ns)   --->   "%in_elem_data_4_V_read_4 = call i16 @_ssdm_op_Read.ap_auto.i16(i16 %in_elem_data_4_V_read)"   --->   Operation 9 'read' 'in_elem_data_4_V_read_4' <Predicate = true> <Delay = 0.00>
ST_1 : Operation 10 [1/1] (0.00ns)   --->   "%in_elem_data_3_V_read_4 = call i16 @_ssdm_op_Read.ap_auto.i16(i16 %in_elem_data_3_V_read)"   --->   Operation 10 'read' 'in_elem_data_3_V_read_4' <Predicate = true> <Delay = 0.00>
ST_1 : Operation 11 [1/1] (0.00ns)   --->   "%in_elem_data_2_V_read_10 = call i16 @_ssdm_op_Read.ap_auto.i16(i16 %in_elem_data_2_V_read)"   --->   Operation 11 'read' 'in_elem_data_2_V_read_10' <Predicate = true> <Delay = 0.00>
ST_1 : Operation 12 [1/1] (0.00ns)   --->   "%in_elem_data_1_V_read_10 = call i16 @_ssdm_op_Read.ap_auto.i16(i16 %in_elem_data_1_V_read)"   --->   Operation 12 'read' 'in_elem_data_1_V_read_10' <Predicate = true> <Delay = 0.00>
ST_1 : Operation 13 [1/1] (0.00ns)   --->   "%in_elem_data_0_V_read_9 = call i16 @_ssdm_op_Read.ap_auto.i16(i16 %in_elem_data_0_V_read)"   --->   Operation 13 'read' 'in_elem_data_0_V_read_9' <Predicate = true> <Delay = 0.00>
ST_1 : Operation 14 [1/1] (0.00ns)   --->   "%kernel_data_V_5_6_load = load i16* @kernel_data_V_5_6, align 2" [firmware/nnet_utils/nnet_conv_stream.h:281]   --->   Operation 14 'load' 'kernel_data_V_5_6_load' <Predicate = true> <Delay = 0.00>
ST_1 : Operation 15 [1/1] (0.00ns)   --->   "%kernel_data_V_5_7_load = load i16* @kernel_data_V_5_7, align 2" [firmware/nnet_utils/nnet_conv_stream.h:281]   --->   Operation 15 'load' 'kernel_data_V_5_7_load' <Predicate = true> <Delay = 0.00>
ST_1 : Operation 16 [1/1] (0.00ns)   --->   "%kernel_data_V_5_8_load = load i16* @kernel_data_V_5_8, align 2" [firmware/nnet_utils/nnet_conv_stream.h:281]   --->   Operation 16 'load' 'kernel_data_V_5_8_load' <Predicate = true> <Delay = 0.00>
ST_1 : Operation 17 [1/1] (0.00ns)   --->   "%kernel_data_V_5_9_load = load i16* @kernel_data_V_5_9, align 2" [firmware/nnet_utils/nnet_conv_stream.h:281]   --->   Operation 17 'load' 'kernel_data_V_5_9_load' <Predicate = true> <Delay = 0.00>
ST_1 : Operation 18 [1/1] (0.00ns)   --->   "%kernel_data_V_5_10_load = load i16* @kernel_data_V_5_10, align 2" [firmware/nnet_utils/nnet_conv_stream.h:281]   --->   Operation 18 'load' 'kernel_data_V_5_10_load' <Predicate = true> <Delay = 0.00>
ST_1 : Operation 19 [1/1] (0.00ns)   --->   "%kernel_data_V_5_11_load = load i16* @kernel_data_V_5_11, align 2" [firmware/nnet_utils/nnet_conv_stream.h:281]   --->   Operation 19 'load' 'kernel_data_V_5_11_load' <Predicate = true> <Delay = 0.00>
ST_1 : Operation 20 [1/1] (0.00ns)   --->   "%kernel_data_V_5_12_load = load i16* @kernel_data_V_5_12, align 2" [firmware/nnet_utils/nnet_conv_stream.h:281]   --->   Operation 20 'load' 'kernel_data_V_5_12_load' <Predicate = true> <Delay = 0.00>
ST_1 : Operation 21 [1/1] (0.00ns)   --->   "%kernel_data_V_5_13_load = load i16* @kernel_data_V_5_13, align 2" [firmware/nnet_utils/nnet_conv_stream.h:281]   --->   Operation 21 'load' 'kernel_data_V_5_13_load' <Predicate = true> <Delay = 0.00>
ST_1 : Operation 22 [1/1] (0.00ns)   --->   "%kernel_data_V_5_14_load = load i16* @kernel_data_V_5_14, align 2" [firmware/nnet_utils/nnet_conv_stream.h:281]   --->   Operation 22 'load' 'kernel_data_V_5_14_load' <Predicate = true> <Delay = 0.00>
ST_1 : Operation 23 [1/1] (0.00ns)   --->   "%kernel_data_V_5_15_load = load i16* @kernel_data_V_5_15, align 2" [firmware/nnet_utils/nnet_conv_stream.h:281]   --->   Operation 23 'load' 'kernel_data_V_5_15_load' <Predicate = true> <Delay = 0.00>
ST_1 : Operation 24 [1/1] (0.00ns)   --->   "%kernel_data_V_5_16_load = load i16* @kernel_data_V_5_16, align 2" [firmware/nnet_utils/nnet_conv_stream.h:281]   --->   Operation 24 'load' 'kernel_data_V_5_16_load' <Predicate = true> <Delay = 0.00>
ST_1 : Operation 25 [1/1] (0.00ns)   --->   "%kernel_data_V_5_17_load = load i16* @kernel_data_V_5_17, align 2" [firmware/nnet_utils/nnet_conv_stream.h:281]   --->   Operation 25 'load' 'kernel_data_V_5_17_load' <Predicate = true> <Delay = 0.00>
ST_1 : Operation 26 [1/1] (0.00ns)   --->   "%kernel_data_V_5_24_load = load i16* @kernel_data_V_5_24, align 2" [firmware/nnet_utils/nnet_conv_stream.h:281]   --->   Operation 26 'load' 'kernel_data_V_5_24_load' <Predicate = true> <Delay = 0.00>
ST_1 : Operation 27 [1/1] (0.00ns)   --->   "%kernel_data_V_5_25_load = load i16* @kernel_data_V_5_25, align 2" [firmware/nnet_utils/nnet_conv_stream.h:281]   --->   Operation 27 'load' 'kernel_data_V_5_25_load' <Predicate = true> <Delay = 0.00>
ST_1 : Operation 28 [1/1] (0.00ns)   --->   "%kernel_data_V_5_26_load = load i16* @kernel_data_V_5_26, align 2" [firmware/nnet_utils/nnet_conv_stream.h:281]   --->   Operation 28 'load' 'kernel_data_V_5_26_load' <Predicate = true> <Delay = 0.00>
ST_1 : Operation 29 [1/1] (0.00ns)   --->   "%kernel_data_V_5_27_load = load i16* @kernel_data_V_5_27, align 2" [firmware/nnet_utils/nnet_conv_stream.h:281]   --->   Operation 29 'load' 'kernel_data_V_5_27_load' <Predicate = true> <Delay = 0.00>
ST_1 : Operation 30 [1/1] (0.00ns)   --->   "%kernel_data_V_5_28_load = load i16* @kernel_data_V_5_28, align 2" [firmware/nnet_utils/nnet_conv_stream.h:281]   --->   Operation 30 'load' 'kernel_data_V_5_28_load' <Predicate = true> <Delay = 0.00>
ST_1 : Operation 31 [1/1] (0.00ns)   --->   "%kernel_data_V_5_29_load = load i16* @kernel_data_V_5_29, align 2" [firmware/nnet_utils/nnet_conv_stream.h:281]   --->   Operation 31 'load' 'kernel_data_V_5_29_load' <Predicate = true> <Delay = 0.00>
ST_1 : Operation 32 [1/1] (0.00ns)   --->   "%kernel_data_V_5_30_load = load i16* @kernel_data_V_5_30, align 2" [firmware/nnet_utils/nnet_conv_stream.h:281]   --->   Operation 32 'load' 'kernel_data_V_5_30_load' <Predicate = true> <Delay = 0.00>
ST_1 : Operation 33 [1/1] (0.00ns)   --->   "%kernel_data_V_5_31_load = load i16* @kernel_data_V_5_31, align 2" [firmware/nnet_utils/nnet_conv_stream.h:281]   --->   Operation 33 'load' 'kernel_data_V_5_31_load' <Predicate = true> <Delay = 0.00>
ST_1 : Operation 34 [1/1] (0.00ns)   --->   "%kernel_data_V_5_32_load = load i16* @kernel_data_V_5_32, align 2" [firmware/nnet_utils/nnet_conv_stream.h:281]   --->   Operation 34 'load' 'kernel_data_V_5_32_load' <Predicate = true> <Delay = 0.00>
ST_1 : Operation 35 [1/1] (0.00ns)   --->   "%kernel_data_V_5_33_load = load i16* @kernel_data_V_5_33, align 2" [firmware/nnet_utils/nnet_conv_stream.h:281]   --->   Operation 35 'load' 'kernel_data_V_5_33_load' <Predicate = true> <Delay = 0.00>
ST_1 : Operation 36 [1/1] (0.00ns)   --->   "%kernel_data_V_5_34_load = load i16* @kernel_data_V_5_34, align 2" [firmware/nnet_utils/nnet_conv_stream.h:281]   --->   Operation 36 'load' 'kernel_data_V_5_34_load' <Predicate = true> <Delay = 0.00>
ST_1 : Operation 37 [1/1] (0.00ns)   --->   "%kernel_data_V_5_35_load = load i16* @kernel_data_V_5_35, align 2" [firmware/nnet_utils/nnet_conv_stream.h:281]   --->   Operation 37 'load' 'kernel_data_V_5_35_load' <Predicate = true> <Delay = 0.00>
ST_1 : Operation 38 [1/1] (0.00ns)   --->   "%kernel_data_V_5_42_load = load i16* @kernel_data_V_5_42, align 2" [firmware/nnet_utils/nnet_conv_stream.h:281]   --->   Operation 38 'load' 'kernel_data_V_5_42_load' <Predicate = true> <Delay = 0.00>
ST_1 : Operation 39 [1/1] (0.00ns)   --->   "%kernel_data_V_5_43_load = load i16* @kernel_data_V_5_43, align 2" [firmware/nnet_utils/nnet_conv_stream.h:281]   --->   Operation 39 'load' 'kernel_data_V_5_43_load' <Predicate = true> <Delay = 0.00>
ST_1 : Operation 40 [1/1] (0.00ns)   --->   "%kernel_data_V_5_44_load = load i16* @kernel_data_V_5_44, align 2" [firmware/nnet_utils/nnet_conv_stream.h:281]   --->   Operation 40 'load' 'kernel_data_V_5_44_load' <Predicate = true> <Delay = 0.00>
ST_1 : Operation 41 [1/1] (0.00ns)   --->   "%kernel_data_V_5_45_load = load i16* @kernel_data_V_5_45, align 2" [firmware/nnet_utils/nnet_conv_stream.h:281]   --->   Operation 41 'load' 'kernel_data_V_5_45_load' <Predicate = true> <Delay = 0.00>
ST_1 : Operation 42 [1/1] (0.00ns)   --->   "%kernel_data_V_5_46_load = load i16* @kernel_data_V_5_46, align 2" [firmware/nnet_utils/nnet_conv_stream.h:281]   --->   Operation 42 'load' 'kernel_data_V_5_46_load' <Predicate = true> <Delay = 0.00>
ST_1 : Operation 43 [1/1] (0.00ns)   --->   "%kernel_data_V_5_47_load = load i16* @kernel_data_V_5_47, align 2" [firmware/nnet_utils/nnet_conv_stream.h:281]   --->   Operation 43 'load' 'kernel_data_V_5_47_load' <Predicate = true> <Delay = 0.00>
ST_1 : Operation 44 [1/1] (0.00ns)   --->   "%kernel_data_V_5_48_load = load i16* @kernel_data_V_5_48, align 2" [firmware/nnet_utils/nnet_conv_stream.h:281]   --->   Operation 44 'load' 'kernel_data_V_5_48_load' <Predicate = true> <Delay = 0.00>
ST_1 : Operation 45 [1/1] (0.00ns)   --->   "%kernel_data_V_5_49_load = load i16* @kernel_data_V_5_49, align 2" [firmware/nnet_utils/nnet_conv_stream.h:281]   --->   Operation 45 'load' 'kernel_data_V_5_49_load' <Predicate = true> <Delay = 0.00>
ST_1 : Operation 46 [1/1] (0.00ns)   --->   "%kernel_data_V_5_50_load = load i16* @kernel_data_V_5_50, align 2" [firmware/nnet_utils/nnet_conv_stream.h:281]   --->   Operation 46 'load' 'kernel_data_V_5_50_load' <Predicate = true> <Delay = 0.00>
ST_1 : Operation 47 [1/1] (0.00ns)   --->   "%kernel_data_V_5_51_load = load i16* @kernel_data_V_5_51, align 2" [firmware/nnet_utils/nnet_conv_stream.h:281]   --->   Operation 47 'load' 'kernel_data_V_5_51_load' <Predicate = true> <Delay = 0.00>
ST_1 : Operation 48 [1/1] (0.00ns)   --->   "%kernel_data_V_5_52_load = load i16* @kernel_data_V_5_52, align 2" [firmware/nnet_utils/nnet_conv_stream.h:281]   --->   Operation 48 'load' 'kernel_data_V_5_52_load' <Predicate = true> <Delay = 0.00>
ST_1 : Operation 49 [1/1] (0.00ns)   --->   "%kernel_data_V_5_53_load = load i16* @kernel_data_V_5_53, align 2" [firmware/nnet_utils/nnet_conv_stream.h:281]   --->   Operation 49 'load' 'kernel_data_V_5_53_load' <Predicate = true> <Delay = 0.00>
ST_1 : Operation 50 [1/1] (3.24ns)   --->   "%call_ret1 = call fastcc { i16, i16, i16, i16, i16, i16, i16, i16, i16, i16, i16, i16, i16, i16, i16, i16, i16, i16, i16, i16, i16, i16, i16, i16, i16, i16, i16, i16, i16, i16, i16, i16, i16, i16, i16, i16, i16, i16, i16, i16, i16, i16, i16, i16, i16, i16, i16, i16, i16, i16, i16, i16, i16, i16 } @"shift_line_buffer<array<ap_fixed<16, 6, 5, 3, 0>, 6u>, config14>"(i16 %in_elem_data_0_V_read_9, i16 %in_elem_data_1_V_read_10, i16 %in_elem_data_2_V_read_10, i16 %in_elem_data_3_V_read_4, i16 %in_elem_data_4_V_read_4, i16 %in_elem_data_5_V_read_4, i16 %kernel_data_V_5_6_load, i16 %kernel_data_V_5_7_load, i16 %kernel_data_V_5_8_load, i16 %kernel_data_V_5_9_load, i16 %kernel_data_V_5_10_load, i16 %kernel_data_V_5_11_load, i16 %kernel_data_V_5_12_load, i16 %kernel_data_V_5_13_load, i16 %kernel_data_V_5_14_load, i16 %kernel_data_V_5_15_load, i16 %kernel_data_V_5_16_load, i16 %kernel_data_V_5_17_load, i16 %kernel_data_V_5_24_load, i16 %kernel_data_V_5_25_load, i16 %kernel_data_V_5_26_load, i16 %kernel_data_V_5_27_load, i16 %kernel_data_V_5_28_load, i16 %kernel_data_V_5_29_load, i16 %kernel_data_V_5_30_load, i16 %kernel_data_V_5_31_load, i16 %kernel_data_V_5_32_load, i16 %kernel_data_V_5_33_load, i16 %kernel_data_V_5_34_load, i16 %kernel_data_V_5_35_load, i16 %kernel_data_V_5_42_load, i16 %kernel_data_V_5_43_load, i16 %kernel_data_V_5_44_load, i16 %kernel_data_V_5_45_load, i16 %kernel_data_V_5_46_load, i16 %kernel_data_V_5_47_load, i16 %kernel_data_V_5_48_load, i16 %kernel_data_V_5_49_load, i16 %kernel_data_V_5_50_load, i16 %kernel_data_V_5_51_load, i16 %kernel_data_V_5_52_load, i16 %kernel_data_V_5_53_load)" [firmware/nnet_utils/nnet_conv_stream.h:281]   --->   Operation 50 'call' 'call_ret1' <Predicate = true> <Delay = 3.24> <CoreType = "Generic">   --->   Core 0 '' <Latency = 0> <II = 1> <Delay = 1.00> <Generic> <Opcode : >
ST_1 : Operation 51 [1/1] (0.00ns)   --->   "%kernel_data_V_5_41_ret = extractvalue { i16, i16, i16, i16, i16, i16, i16, i16, i16, i16, i16, i16, i16, i16, i16, i16, i16, i16, i16, i16, i16, i16, i16, i16, i16, i16, i16, i16, i16, i16, i16, i16, i16, i16, i16, i16, i16, i16, i16, i16, i16, i16, i16, i16, i16, i16, i16, i16, i16, i16, i16, i16, i16, i16 } %call_ret1, 17" [firmware/nnet_utils/nnet_conv_stream.h:281]   --->   Operation 51 'extractvalue' 'kernel_data_V_5_41_ret' <Predicate = true> <Delay = 0.00>
ST_1 : Operation 52 [1/1] (0.00ns)   --->   "%kernel_data_V_5_40_ret = extractvalue { i16, i16, i16, i16, i16, i16, i16, i16, i16, i16, i16, i16, i16, i16, i16, i16, i16, i16, i16, i16, i16, i16, i16, i16, i16, i16, i16, i16, i16, i16, i16, i16, i16, i16, i16, i16, i16, i16, i16, i16, i16, i16, i16, i16, i16, i16, i16, i16, i16, i16, i16, i16, i16, i16 } %call_ret1, 16" [firmware/nnet_utils/nnet_conv_stream.h:281]   --->   Operation 52 'extractvalue' 'kernel_data_V_5_40_ret' <Predicate = true> <Delay = 0.00>
ST_1 : Operation 53 [1/1] (0.00ns)   --->   "%kernel_data_V_5_39_ret = extractvalue { i16, i16, i16, i16, i16, i16, i16, i16, i16, i16, i16, i16, i16, i16, i16, i16, i16, i16, i16, i16, i16, i16, i16, i16, i16, i16, i16, i16, i16, i16, i16, i16, i16, i16, i16, i16, i16, i16, i16, i16, i16, i16, i16, i16, i16, i16, i16, i16, i16, i16, i16, i16, i16, i16 } %call_ret1, 15" [firmware/nnet_utils/nnet_conv_stream.h:281]   --->   Operation 53 'extractvalue' 'kernel_data_V_5_39_ret' <Predicate = true> <Delay = 0.00>
ST_1 : Operation 54 [1/1] (0.00ns)   --->   "%kernel_data_V_5_38_ret = extractvalue { i16, i16, i16, i16, i16, i16, i16, i16, i16, i16, i16, i16, i16, i16, i16, i16, i16, i16, i16, i16, i16, i16, i16, i16, i16, i16, i16, i16, i16, i16, i16, i16, i16, i16, i16, i16, i16, i16, i16, i16, i16, i16, i16, i16, i16, i16, i16, i16, i16, i16, i16, i16, i16, i16 } %call_ret1, 14" [firmware/nnet_utils/nnet_conv_stream.h:281]   --->   Operation 54 'extractvalue' 'kernel_data_V_5_38_ret' <Predicate = true> <Delay = 0.00>
ST_1 : Operation 55 [1/1] (0.00ns)   --->   "%kernel_data_V_5_37_ret = extractvalue { i16, i16, i16, i16, i16, i16, i16, i16, i16, i16, i16, i16, i16, i16, i16, i16, i16, i16, i16, i16, i16, i16, i16, i16, i16, i16, i16, i16, i16, i16, i16, i16, i16, i16, i16, i16, i16, i16, i16, i16, i16, i16, i16, i16, i16, i16, i16, i16, i16, i16, i16, i16, i16, i16 } %call_ret1, 13" [firmware/nnet_utils/nnet_conv_stream.h:281]   --->   Operation 55 'extractvalue' 'kernel_data_V_5_37_ret' <Predicate = true> <Delay = 0.00>
ST_1 : Operation 56 [1/1] (0.00ns)   --->   "%kernel_data_V_5_36_ret = extractvalue { i16, i16, i16, i16, i16, i16, i16, i16, i16, i16, i16, i16, i16, i16, i16, i16, i16, i16, i16, i16, i16, i16, i16, i16, i16, i16, i16, i16, i16, i16, i16, i16, i16, i16, i16, i16, i16, i16, i16, i16, i16, i16, i16, i16, i16, i16, i16, i16, i16, i16, i16, i16, i16, i16 } %call_ret1, 12" [firmware/nnet_utils/nnet_conv_stream.h:281]   --->   Operation 56 'extractvalue' 'kernel_data_V_5_36_ret' <Predicate = true> <Delay = 0.00>
ST_1 : Operation 57 [1/1] (0.00ns)   --->   "%kernel_data_V_5_23_ret = extractvalue { i16, i16, i16, i16, i16, i16, i16, i16, i16, i16, i16, i16, i16, i16, i16, i16, i16, i16, i16, i16, i16, i16, i16, i16, i16, i16, i16, i16, i16, i16, i16, i16, i16, i16, i16, i16, i16, i16, i16, i16, i16, i16, i16, i16, i16, i16, i16, i16, i16, i16, i16, i16, i16, i16 } %call_ret1, 11" [firmware/nnet_utils/nnet_conv_stream.h:281]   --->   Operation 57 'extractvalue' 'kernel_data_V_5_23_ret' <Predicate = true> <Delay = 0.00>
ST_1 : Operation 58 [1/1] (0.00ns)   --->   "%kernel_data_V_5_22_ret = extractvalue { i16, i16, i16, i16, i16, i16, i16, i16, i16, i16, i16, i16, i16, i16, i16, i16, i16, i16, i16, i16, i16, i16, i16, i16, i16, i16, i16, i16, i16, i16, i16, i16, i16, i16, i16, i16, i16, i16, i16, i16, i16, i16, i16, i16, i16, i16, i16, i16, i16, i16, i16, i16, i16, i16 } %call_ret1, 10" [firmware/nnet_utils/nnet_conv_stream.h:281]   --->   Operation 58 'extractvalue' 'kernel_data_V_5_22_ret' <Predicate = true> <Delay = 0.00>
ST_1 : Operation 59 [1/1] (0.00ns)   --->   "%kernel_data_V_5_21_ret = extractvalue { i16, i16, i16, i16, i16, i16, i16, i16, i16, i16, i16, i16, i16, i16, i16, i16, i16, i16, i16, i16, i16, i16, i16, i16, i16, i16, i16, i16, i16, i16, i16, i16, i16, i16, i16, i16, i16, i16, i16, i16, i16, i16, i16, i16, i16, i16, i16, i16, i16, i16, i16, i16, i16, i16 } %call_ret1, 9" [firmware/nnet_utils/nnet_conv_stream.h:281]   --->   Operation 59 'extractvalue' 'kernel_data_V_5_21_ret' <Predicate = true> <Delay = 0.00>
ST_1 : Operation 60 [1/1] (0.00ns)   --->   "%kernel_data_V_5_20_ret = extractvalue { i16, i16, i16, i16, i16, i16, i16, i16, i16, i16, i16, i16, i16, i16, i16, i16, i16, i16, i16, i16, i16, i16, i16, i16, i16, i16, i16, i16, i16, i16, i16, i16, i16, i16, i16, i16, i16, i16, i16, i16, i16, i16, i16, i16, i16, i16, i16, i16, i16, i16, i16, i16, i16, i16 } %call_ret1, 8" [firmware/nnet_utils/nnet_conv_stream.h:281]   --->   Operation 60 'extractvalue' 'kernel_data_V_5_20_ret' <Predicate = true> <Delay = 0.00>
ST_1 : Operation 61 [1/1] (0.00ns)   --->   "%kernel_data_V_5_19_ret = extractvalue { i16, i16, i16, i16, i16, i16, i16, i16, i16, i16, i16, i16, i16, i16, i16, i16, i16, i16, i16, i16, i16, i16, i16, i16, i16, i16, i16, i16, i16, i16, i16, i16, i16, i16, i16, i16, i16, i16, i16, i16, i16, i16, i16, i16, i16, i16, i16, i16, i16, i16, i16, i16, i16, i16 } %call_ret1, 7" [firmware/nnet_utils/nnet_conv_stream.h:281]   --->   Operation 61 'extractvalue' 'kernel_data_V_5_19_ret' <Predicate = true> <Delay = 0.00>
ST_1 : Operation 62 [1/1] (0.00ns)   --->   "%kernel_data_V_5_18_ret = extractvalue { i16, i16, i16, i16, i16, i16, i16, i16, i16, i16, i16, i16, i16, i16, i16, i16, i16, i16, i16, i16, i16, i16, i16, i16, i16, i16, i16, i16, i16, i16, i16, i16, i16, i16, i16, i16, i16, i16, i16, i16, i16, i16, i16, i16, i16, i16, i16, i16, i16, i16, i16, i16, i16, i16 } %call_ret1, 6" [firmware/nnet_utils/nnet_conv_stream.h:281]   --->   Operation 62 'extractvalue' 'kernel_data_V_5_18_ret' <Predicate = true> <Delay = 0.00>
ST_1 : Operation 63 [1/1] (0.00ns)   --->   "%kernel_data_V_5_5_ret = extractvalue { i16, i16, i16, i16, i16, i16, i16, i16, i16, i16, i16, i16, i16, i16, i16, i16, i16, i16, i16, i16, i16, i16, i16, i16, i16, i16, i16, i16, i16, i16, i16, i16, i16, i16, i16, i16, i16, i16, i16, i16, i16, i16, i16, i16, i16, i16, i16, i16, i16, i16, i16, i16, i16, i16 } %call_ret1, 5" [firmware/nnet_utils/nnet_conv_stream.h:281]   --->   Operation 63 'extractvalue' 'kernel_data_V_5_5_ret' <Predicate = true> <Delay = 0.00>
ST_1 : Operation 64 [1/1] (0.00ns)   --->   "%kernel_data_V_5_4_ret = extractvalue { i16, i16, i16, i16, i16, i16, i16, i16, i16, i16, i16, i16, i16, i16, i16, i16, i16, i16, i16, i16, i16, i16, i16, i16, i16, i16, i16, i16, i16, i16, i16, i16, i16, i16, i16, i16, i16, i16, i16, i16, i16, i16, i16, i16, i16, i16, i16, i16, i16, i16, i16, i16, i16, i16 } %call_ret1, 4" [firmware/nnet_utils/nnet_conv_stream.h:281]   --->   Operation 64 'extractvalue' 'kernel_data_V_5_4_ret' <Predicate = true> <Delay = 0.00>
ST_1 : Operation 65 [1/1] (0.00ns)   --->   "%kernel_data_V_5_3_ret = extractvalue { i16, i16, i16, i16, i16, i16, i16, i16, i16, i16, i16, i16, i16, i16, i16, i16, i16, i16, i16, i16, i16, i16, i16, i16, i16, i16, i16, i16, i16, i16, i16, i16, i16, i16, i16, i16, i16, i16, i16, i16, i16, i16, i16, i16, i16, i16, i16, i16, i16, i16, i16, i16, i16, i16 } %call_ret1, 3" [firmware/nnet_utils/nnet_conv_stream.h:281]   --->   Operation 65 'extractvalue' 'kernel_data_V_5_3_ret' <Predicate = true> <Delay = 0.00>
ST_1 : Operation 66 [1/1] (0.00ns)   --->   "%kernel_data_V_5_2_ret = extractvalue { i16, i16, i16, i16, i16, i16, i16, i16, i16, i16, i16, i16, i16, i16, i16, i16, i16, i16, i16, i16, i16, i16, i16, i16, i16, i16, i16, i16, i16, i16, i16, i16, i16, i16, i16, i16, i16, i16, i16, i16, i16, i16, i16, i16, i16, i16, i16, i16, i16, i16, i16, i16, i16, i16 } %call_ret1, 2" [firmware/nnet_utils/nnet_conv_stream.h:281]   --->   Operation 66 'extractvalue' 'kernel_data_V_5_2_ret' <Predicate = true> <Delay = 0.00>
ST_1 : Operation 67 [1/1] (0.00ns)   --->   "%kernel_data_V_5_1_ret = extractvalue { i16, i16, i16, i16, i16, i16, i16, i16, i16, i16, i16, i16, i16, i16, i16, i16, i16, i16, i16, i16, i16, i16, i16, i16, i16, i16, i16, i16, i16, i16, i16, i16, i16, i16, i16, i16, i16, i16, i16, i16, i16, i16, i16, i16, i16, i16, i16, i16, i16, i16, i16, i16, i16, i16 } %call_ret1, 1" [firmware/nnet_utils/nnet_conv_stream.h:281]   --->   Operation 67 'extractvalue' 'kernel_data_V_5_1_ret' <Predicate = true> <Delay = 0.00>
ST_1 : Operation 68 [1/1] (0.00ns)   --->   "%kernel_data_V_5_0_ret = extractvalue { i16, i16, i16, i16, i16, i16, i16, i16, i16, i16, i16, i16, i16, i16, i16, i16, i16, i16, i16, i16, i16, i16, i16, i16, i16, i16, i16, i16, i16, i16, i16, i16, i16, i16, i16, i16, i16, i16, i16, i16, i16, i16, i16, i16, i16, i16, i16, i16, i16, i16, i16, i16, i16, i16 } %call_ret1, 0" [firmware/nnet_utils/nnet_conv_stream.h:281]   --->   Operation 68 'extractvalue' 'kernel_data_V_5_0_ret' <Predicate = true> <Delay = 0.00>
ST_1 : Operation 69 [1/1] (0.00ns)   --->   "%kernel_data_V_5_6_ret = extractvalue { i16, i16, i16, i16, i16, i16, i16, i16, i16, i16, i16, i16, i16, i16, i16, i16, i16, i16, i16, i16, i16, i16, i16, i16, i16, i16, i16, i16, i16, i16, i16, i16, i16, i16, i16, i16, i16, i16, i16, i16, i16, i16, i16, i16, i16, i16, i16, i16, i16, i16, i16, i16, i16, i16 } %call_ret1, 18" [firmware/nnet_utils/nnet_conv_stream.h:281]   --->   Operation 69 'extractvalue' 'kernel_data_V_5_6_ret' <Predicate = true> <Delay = 0.00>
ST_1 : Operation 70 [1/1] (0.00ns)   --->   "store i16 %kernel_data_V_5_6_ret, i16* @kernel_data_V_5_6, align 2" [firmware/nnet_utils/nnet_conv_stream.h:281]   --->   Operation 70 'store' <Predicate = true> <Delay = 0.00>
ST_1 : Operation 71 [1/1] (0.00ns)   --->   "%kernel_data_V_5_7_ret = extractvalue { i16, i16, i16, i16, i16, i16, i16, i16, i16, i16, i16, i16, i16, i16, i16, i16, i16, i16, i16, i16, i16, i16, i16, i16, i16, i16, i16, i16, i16, i16, i16, i16, i16, i16, i16, i16, i16, i16, i16, i16, i16, i16, i16, i16, i16, i16, i16, i16, i16, i16, i16, i16, i16, i16 } %call_ret1, 19" [firmware/nnet_utils/nnet_conv_stream.h:281]   --->   Operation 71 'extractvalue' 'kernel_data_V_5_7_ret' <Predicate = true> <Delay = 0.00>
ST_1 : Operation 72 [1/1] (0.00ns)   --->   "store i16 %kernel_data_V_5_7_ret, i16* @kernel_data_V_5_7, align 2" [firmware/nnet_utils/nnet_conv_stream.h:281]   --->   Operation 72 'store' <Predicate = true> <Delay = 0.00>
ST_1 : Operation 73 [1/1] (0.00ns)   --->   "%kernel_data_V_5_8_ret = extractvalue { i16, i16, i16, i16, i16, i16, i16, i16, i16, i16, i16, i16, i16, i16, i16, i16, i16, i16, i16, i16, i16, i16, i16, i16, i16, i16, i16, i16, i16, i16, i16, i16, i16, i16, i16, i16, i16, i16, i16, i16, i16, i16, i16, i16, i16, i16, i16, i16, i16, i16, i16, i16, i16, i16 } %call_ret1, 20" [firmware/nnet_utils/nnet_conv_stream.h:281]   --->   Operation 73 'extractvalue' 'kernel_data_V_5_8_ret' <Predicate = true> <Delay = 0.00>
ST_1 : Operation 74 [1/1] (0.00ns)   --->   "store i16 %kernel_data_V_5_8_ret, i16* @kernel_data_V_5_8, align 2" [firmware/nnet_utils/nnet_conv_stream.h:281]   --->   Operation 74 'store' <Predicate = true> <Delay = 0.00>
ST_1 : Operation 75 [1/1] (0.00ns)   --->   "%kernel_data_V_5_9_ret = extractvalue { i16, i16, i16, i16, i16, i16, i16, i16, i16, i16, i16, i16, i16, i16, i16, i16, i16, i16, i16, i16, i16, i16, i16, i16, i16, i16, i16, i16, i16, i16, i16, i16, i16, i16, i16, i16, i16, i16, i16, i16, i16, i16, i16, i16, i16, i16, i16, i16, i16, i16, i16, i16, i16, i16 } %call_ret1, 21" [firmware/nnet_utils/nnet_conv_stream.h:281]   --->   Operation 75 'extractvalue' 'kernel_data_V_5_9_ret' <Predicate = true> <Delay = 0.00>
ST_1 : Operation 76 [1/1] (0.00ns)   --->   "store i16 %kernel_data_V_5_9_ret, i16* @kernel_data_V_5_9, align 2" [firmware/nnet_utils/nnet_conv_stream.h:281]   --->   Operation 76 'store' <Predicate = true> <Delay = 0.00>
ST_1 : Operation 77 [1/1] (0.00ns)   --->   "%kernel_data_V_5_10_ret = extractvalue { i16, i16, i16, i16, i16, i16, i16, i16, i16, i16, i16, i16, i16, i16, i16, i16, i16, i16, i16, i16, i16, i16, i16, i16, i16, i16, i16, i16, i16, i16, i16, i16, i16, i16, i16, i16, i16, i16, i16, i16, i16, i16, i16, i16, i16, i16, i16, i16, i16, i16, i16, i16, i16, i16 } %call_ret1, 22" [firmware/nnet_utils/nnet_conv_stream.h:281]   --->   Operation 77 'extractvalue' 'kernel_data_V_5_10_ret' <Predicate = true> <Delay = 0.00>
ST_1 : Operation 78 [1/1] (0.00ns)   --->   "store i16 %kernel_data_V_5_10_ret, i16* @kernel_data_V_5_10, align 2" [firmware/nnet_utils/nnet_conv_stream.h:281]   --->   Operation 78 'store' <Predicate = true> <Delay = 0.00>
ST_1 : Operation 79 [1/1] (0.00ns)   --->   "%kernel_data_V_5_11_ret = extractvalue { i16, i16, i16, i16, i16, i16, i16, i16, i16, i16, i16, i16, i16, i16, i16, i16, i16, i16, i16, i16, i16, i16, i16, i16, i16, i16, i16, i16, i16, i16, i16, i16, i16, i16, i16, i16, i16, i16, i16, i16, i16, i16, i16, i16, i16, i16, i16, i16, i16, i16, i16, i16, i16, i16 } %call_ret1, 23" [firmware/nnet_utils/nnet_conv_stream.h:281]   --->   Operation 79 'extractvalue' 'kernel_data_V_5_11_ret' <Predicate = true> <Delay = 0.00>
ST_1 : Operation 80 [1/1] (0.00ns)   --->   "store i16 %kernel_data_V_5_11_ret, i16* @kernel_data_V_5_11, align 2" [firmware/nnet_utils/nnet_conv_stream.h:281]   --->   Operation 80 'store' <Predicate = true> <Delay = 0.00>
ST_1 : Operation 81 [1/1] (0.00ns)   --->   "%kernel_data_V_5_12_ret = extractvalue { i16, i16, i16, i16, i16, i16, i16, i16, i16, i16, i16, i16, i16, i16, i16, i16, i16, i16, i16, i16, i16, i16, i16, i16, i16, i16, i16, i16, i16, i16, i16, i16, i16, i16, i16, i16, i16, i16, i16, i16, i16, i16, i16, i16, i16, i16, i16, i16, i16, i16, i16, i16, i16, i16 } %call_ret1, 24" [firmware/nnet_utils/nnet_conv_stream.h:281]   --->   Operation 81 'extractvalue' 'kernel_data_V_5_12_ret' <Predicate = true> <Delay = 0.00>
ST_1 : Operation 82 [1/1] (0.00ns)   --->   "store i16 %kernel_data_V_5_12_ret, i16* @kernel_data_V_5_12, align 2" [firmware/nnet_utils/nnet_conv_stream.h:281]   --->   Operation 82 'store' <Predicate = true> <Delay = 0.00>
ST_1 : Operation 83 [1/1] (0.00ns)   --->   "%kernel_data_V_5_13_ret = extractvalue { i16, i16, i16, i16, i16, i16, i16, i16, i16, i16, i16, i16, i16, i16, i16, i16, i16, i16, i16, i16, i16, i16, i16, i16, i16, i16, i16, i16, i16, i16, i16, i16, i16, i16, i16, i16, i16, i16, i16, i16, i16, i16, i16, i16, i16, i16, i16, i16, i16, i16, i16, i16, i16, i16 } %call_ret1, 25" [firmware/nnet_utils/nnet_conv_stream.h:281]   --->   Operation 83 'extractvalue' 'kernel_data_V_5_13_ret' <Predicate = true> <Delay = 0.00>
ST_1 : Operation 84 [1/1] (0.00ns)   --->   "store i16 %kernel_data_V_5_13_ret, i16* @kernel_data_V_5_13, align 2" [firmware/nnet_utils/nnet_conv_stream.h:281]   --->   Operation 84 'store' <Predicate = true> <Delay = 0.00>
ST_1 : Operation 85 [1/1] (0.00ns)   --->   "%kernel_data_V_5_14_ret = extractvalue { i16, i16, i16, i16, i16, i16, i16, i16, i16, i16, i16, i16, i16, i16, i16, i16, i16, i16, i16, i16, i16, i16, i16, i16, i16, i16, i16, i16, i16, i16, i16, i16, i16, i16, i16, i16, i16, i16, i16, i16, i16, i16, i16, i16, i16, i16, i16, i16, i16, i16, i16, i16, i16, i16 } %call_ret1, 26" [firmware/nnet_utils/nnet_conv_stream.h:281]   --->   Operation 85 'extractvalue' 'kernel_data_V_5_14_ret' <Predicate = true> <Delay = 0.00>
ST_1 : Operation 86 [1/1] (0.00ns)   --->   "store i16 %kernel_data_V_5_14_ret, i16* @kernel_data_V_5_14, align 2" [firmware/nnet_utils/nnet_conv_stream.h:281]   --->   Operation 86 'store' <Predicate = true> <Delay = 0.00>
ST_1 : Operation 87 [1/1] (0.00ns)   --->   "%kernel_data_V_5_15_ret = extractvalue { i16, i16, i16, i16, i16, i16, i16, i16, i16, i16, i16, i16, i16, i16, i16, i16, i16, i16, i16, i16, i16, i16, i16, i16, i16, i16, i16, i16, i16, i16, i16, i16, i16, i16, i16, i16, i16, i16, i16, i16, i16, i16, i16, i16, i16, i16, i16, i16, i16, i16, i16, i16, i16, i16 } %call_ret1, 27" [firmware/nnet_utils/nnet_conv_stream.h:281]   --->   Operation 87 'extractvalue' 'kernel_data_V_5_15_ret' <Predicate = true> <Delay = 0.00>
ST_1 : Operation 88 [1/1] (0.00ns)   --->   "store i16 %kernel_data_V_5_15_ret, i16* @kernel_data_V_5_15, align 2" [firmware/nnet_utils/nnet_conv_stream.h:281]   --->   Operation 88 'store' <Predicate = true> <Delay = 0.00>
ST_1 : Operation 89 [1/1] (0.00ns)   --->   "%kernel_data_V_5_16_ret = extractvalue { i16, i16, i16, i16, i16, i16, i16, i16, i16, i16, i16, i16, i16, i16, i16, i16, i16, i16, i16, i16, i16, i16, i16, i16, i16, i16, i16, i16, i16, i16, i16, i16, i16, i16, i16, i16, i16, i16, i16, i16, i16, i16, i16, i16, i16, i16, i16, i16, i16, i16, i16, i16, i16, i16 } %call_ret1, 28" [firmware/nnet_utils/nnet_conv_stream.h:281]   --->   Operation 89 'extractvalue' 'kernel_data_V_5_16_ret' <Predicate = true> <Delay = 0.00>
ST_1 : Operation 90 [1/1] (0.00ns)   --->   "store i16 %kernel_data_V_5_16_ret, i16* @kernel_data_V_5_16, align 2" [firmware/nnet_utils/nnet_conv_stream.h:281]   --->   Operation 90 'store' <Predicate = true> <Delay = 0.00>
ST_1 : Operation 91 [1/1] (0.00ns)   --->   "%kernel_data_V_5_17_ret = extractvalue { i16, i16, i16, i16, i16, i16, i16, i16, i16, i16, i16, i16, i16, i16, i16, i16, i16, i16, i16, i16, i16, i16, i16, i16, i16, i16, i16, i16, i16, i16, i16, i16, i16, i16, i16, i16, i16, i16, i16, i16, i16, i16, i16, i16, i16, i16, i16, i16, i16, i16, i16, i16, i16, i16 } %call_ret1, 29" [firmware/nnet_utils/nnet_conv_stream.h:281]   --->   Operation 91 'extractvalue' 'kernel_data_V_5_17_ret' <Predicate = true> <Delay = 0.00>
ST_1 : Operation 92 [1/1] (0.00ns)   --->   "store i16 %kernel_data_V_5_17_ret, i16* @kernel_data_V_5_17, align 2" [firmware/nnet_utils/nnet_conv_stream.h:281]   --->   Operation 92 'store' <Predicate = true> <Delay = 0.00>
ST_1 : Operation 93 [1/1] (0.00ns)   --->   "%kernel_data_V_5_24_ret = extractvalue { i16, i16, i16, i16, i16, i16, i16, i16, i16, i16, i16, i16, i16, i16, i16, i16, i16, i16, i16, i16, i16, i16, i16, i16, i16, i16, i16, i16, i16, i16, i16, i16, i16, i16, i16, i16, i16, i16, i16, i16, i16, i16, i16, i16, i16, i16, i16, i16, i16, i16, i16, i16, i16, i16 } %call_ret1, 30" [firmware/nnet_utils/nnet_conv_stream.h:281]   --->   Operation 93 'extractvalue' 'kernel_data_V_5_24_ret' <Predicate = true> <Delay = 0.00>
ST_1 : Operation 94 [1/1] (0.00ns)   --->   "store i16 %kernel_data_V_5_24_ret, i16* @kernel_data_V_5_24, align 2" [firmware/nnet_utils/nnet_conv_stream.h:281]   --->   Operation 94 'store' <Predicate = true> <Delay = 0.00>
ST_1 : Operation 95 [1/1] (0.00ns)   --->   "%kernel_data_V_5_25_ret = extractvalue { i16, i16, i16, i16, i16, i16, i16, i16, i16, i16, i16, i16, i16, i16, i16, i16, i16, i16, i16, i16, i16, i16, i16, i16, i16, i16, i16, i16, i16, i16, i16, i16, i16, i16, i16, i16, i16, i16, i16, i16, i16, i16, i16, i16, i16, i16, i16, i16, i16, i16, i16, i16, i16, i16 } %call_ret1, 31" [firmware/nnet_utils/nnet_conv_stream.h:281]   --->   Operation 95 'extractvalue' 'kernel_data_V_5_25_ret' <Predicate = true> <Delay = 0.00>
ST_1 : Operation 96 [1/1] (0.00ns)   --->   "store i16 %kernel_data_V_5_25_ret, i16* @kernel_data_V_5_25, align 2" [firmware/nnet_utils/nnet_conv_stream.h:281]   --->   Operation 96 'store' <Predicate = true> <Delay = 0.00>
ST_1 : Operation 97 [1/1] (0.00ns)   --->   "%kernel_data_V_5_26_ret = extractvalue { i16, i16, i16, i16, i16, i16, i16, i16, i16, i16, i16, i16, i16, i16, i16, i16, i16, i16, i16, i16, i16, i16, i16, i16, i16, i16, i16, i16, i16, i16, i16, i16, i16, i16, i16, i16, i16, i16, i16, i16, i16, i16, i16, i16, i16, i16, i16, i16, i16, i16, i16, i16, i16, i16 } %call_ret1, 32" [firmware/nnet_utils/nnet_conv_stream.h:281]   --->   Operation 97 'extractvalue' 'kernel_data_V_5_26_ret' <Predicate = true> <Delay = 0.00>
ST_1 : Operation 98 [1/1] (0.00ns)   --->   "store i16 %kernel_data_V_5_26_ret, i16* @kernel_data_V_5_26, align 2" [firmware/nnet_utils/nnet_conv_stream.h:281]   --->   Operation 98 'store' <Predicate = true> <Delay = 0.00>
ST_1 : Operation 99 [1/1] (0.00ns)   --->   "%kernel_data_V_5_27_ret = extractvalue { i16, i16, i16, i16, i16, i16, i16, i16, i16, i16, i16, i16, i16, i16, i16, i16, i16, i16, i16, i16, i16, i16, i16, i16, i16, i16, i16, i16, i16, i16, i16, i16, i16, i16, i16, i16, i16, i16, i16, i16, i16, i16, i16, i16, i16, i16, i16, i16, i16, i16, i16, i16, i16, i16 } %call_ret1, 33" [firmware/nnet_utils/nnet_conv_stream.h:281]   --->   Operation 99 'extractvalue' 'kernel_data_V_5_27_ret' <Predicate = true> <Delay = 0.00>
ST_1 : Operation 100 [1/1] (0.00ns)   --->   "store i16 %kernel_data_V_5_27_ret, i16* @kernel_data_V_5_27, align 2" [firmware/nnet_utils/nnet_conv_stream.h:281]   --->   Operation 100 'store' <Predicate = true> <Delay = 0.00>
ST_1 : Operation 101 [1/1] (0.00ns)   --->   "%kernel_data_V_5_28_ret = extractvalue { i16, i16, i16, i16, i16, i16, i16, i16, i16, i16, i16, i16, i16, i16, i16, i16, i16, i16, i16, i16, i16, i16, i16, i16, i16, i16, i16, i16, i16, i16, i16, i16, i16, i16, i16, i16, i16, i16, i16, i16, i16, i16, i16, i16, i16, i16, i16, i16, i16, i16, i16, i16, i16, i16 } %call_ret1, 34" [firmware/nnet_utils/nnet_conv_stream.h:281]   --->   Operation 101 'extractvalue' 'kernel_data_V_5_28_ret' <Predicate = true> <Delay = 0.00>
ST_1 : Operation 102 [1/1] (0.00ns)   --->   "store i16 %kernel_data_V_5_28_ret, i16* @kernel_data_V_5_28, align 2" [firmware/nnet_utils/nnet_conv_stream.h:281]   --->   Operation 102 'store' <Predicate = true> <Delay = 0.00>
ST_1 : Operation 103 [1/1] (0.00ns)   --->   "%kernel_data_V_5_29_ret = extractvalue { i16, i16, i16, i16, i16, i16, i16, i16, i16, i16, i16, i16, i16, i16, i16, i16, i16, i16, i16, i16, i16, i16, i16, i16, i16, i16, i16, i16, i16, i16, i16, i16, i16, i16, i16, i16, i16, i16, i16, i16, i16, i16, i16, i16, i16, i16, i16, i16, i16, i16, i16, i16, i16, i16 } %call_ret1, 35" [firmware/nnet_utils/nnet_conv_stream.h:281]   --->   Operation 103 'extractvalue' 'kernel_data_V_5_29_ret' <Predicate = true> <Delay = 0.00>
ST_1 : Operation 104 [1/1] (0.00ns)   --->   "store i16 %kernel_data_V_5_29_ret, i16* @kernel_data_V_5_29, align 2" [firmware/nnet_utils/nnet_conv_stream.h:281]   --->   Operation 104 'store' <Predicate = true> <Delay = 0.00>
ST_1 : Operation 105 [1/1] (0.00ns)   --->   "%kernel_data_V_5_30_ret = extractvalue { i16, i16, i16, i16, i16, i16, i16, i16, i16, i16, i16, i16, i16, i16, i16, i16, i16, i16, i16, i16, i16, i16, i16, i16, i16, i16, i16, i16, i16, i16, i16, i16, i16, i16, i16, i16, i16, i16, i16, i16, i16, i16, i16, i16, i16, i16, i16, i16, i16, i16, i16, i16, i16, i16 } %call_ret1, 36" [firmware/nnet_utils/nnet_conv_stream.h:281]   --->   Operation 105 'extractvalue' 'kernel_data_V_5_30_ret' <Predicate = true> <Delay = 0.00>
ST_1 : Operation 106 [1/1] (0.00ns)   --->   "store i16 %kernel_data_V_5_30_ret, i16* @kernel_data_V_5_30, align 2" [firmware/nnet_utils/nnet_conv_stream.h:281]   --->   Operation 106 'store' <Predicate = true> <Delay = 0.00>
ST_1 : Operation 107 [1/1] (0.00ns)   --->   "%kernel_data_V_5_31_ret = extractvalue { i16, i16, i16, i16, i16, i16, i16, i16, i16, i16, i16, i16, i16, i16, i16, i16, i16, i16, i16, i16, i16, i16, i16, i16, i16, i16, i16, i16, i16, i16, i16, i16, i16, i16, i16, i16, i16, i16, i16, i16, i16, i16, i16, i16, i16, i16, i16, i16, i16, i16, i16, i16, i16, i16 } %call_ret1, 37" [firmware/nnet_utils/nnet_conv_stream.h:281]   --->   Operation 107 'extractvalue' 'kernel_data_V_5_31_ret' <Predicate = true> <Delay = 0.00>
ST_1 : Operation 108 [1/1] (0.00ns)   --->   "store i16 %kernel_data_V_5_31_ret, i16* @kernel_data_V_5_31, align 2" [firmware/nnet_utils/nnet_conv_stream.h:281]   --->   Operation 108 'store' <Predicate = true> <Delay = 0.00>
ST_1 : Operation 109 [1/1] (0.00ns)   --->   "%kernel_data_V_5_32_ret = extractvalue { i16, i16, i16, i16, i16, i16, i16, i16, i16, i16, i16, i16, i16, i16, i16, i16, i16, i16, i16, i16, i16, i16, i16, i16, i16, i16, i16, i16, i16, i16, i16, i16, i16, i16, i16, i16, i16, i16, i16, i16, i16, i16, i16, i16, i16, i16, i16, i16, i16, i16, i16, i16, i16, i16 } %call_ret1, 38" [firmware/nnet_utils/nnet_conv_stream.h:281]   --->   Operation 109 'extractvalue' 'kernel_data_V_5_32_ret' <Predicate = true> <Delay = 0.00>
ST_1 : Operation 110 [1/1] (0.00ns)   --->   "store i16 %kernel_data_V_5_32_ret, i16* @kernel_data_V_5_32, align 2" [firmware/nnet_utils/nnet_conv_stream.h:281]   --->   Operation 110 'store' <Predicate = true> <Delay = 0.00>
ST_1 : Operation 111 [1/1] (0.00ns)   --->   "%kernel_data_V_5_33_ret = extractvalue { i16, i16, i16, i16, i16, i16, i16, i16, i16, i16, i16, i16, i16, i16, i16, i16, i16, i16, i16, i16, i16, i16, i16, i16, i16, i16, i16, i16, i16, i16, i16, i16, i16, i16, i16, i16, i16, i16, i16, i16, i16, i16, i16, i16, i16, i16, i16, i16, i16, i16, i16, i16, i16, i16 } %call_ret1, 39" [firmware/nnet_utils/nnet_conv_stream.h:281]   --->   Operation 111 'extractvalue' 'kernel_data_V_5_33_ret' <Predicate = true> <Delay = 0.00>
ST_1 : Operation 112 [1/1] (0.00ns)   --->   "store i16 %kernel_data_V_5_33_ret, i16* @kernel_data_V_5_33, align 2" [firmware/nnet_utils/nnet_conv_stream.h:281]   --->   Operation 112 'store' <Predicate = true> <Delay = 0.00>
ST_1 : Operation 113 [1/1] (0.00ns)   --->   "%kernel_data_V_5_34_ret = extractvalue { i16, i16, i16, i16, i16, i16, i16, i16, i16, i16, i16, i16, i16, i16, i16, i16, i16, i16, i16, i16, i16, i16, i16, i16, i16, i16, i16, i16, i16, i16, i16, i16, i16, i16, i16, i16, i16, i16, i16, i16, i16, i16, i16, i16, i16, i16, i16, i16, i16, i16, i16, i16, i16, i16 } %call_ret1, 40" [firmware/nnet_utils/nnet_conv_stream.h:281]   --->   Operation 113 'extractvalue' 'kernel_data_V_5_34_ret' <Predicate = true> <Delay = 0.00>
ST_1 : Operation 114 [1/1] (0.00ns)   --->   "store i16 %kernel_data_V_5_34_ret, i16* @kernel_data_V_5_34, align 2" [firmware/nnet_utils/nnet_conv_stream.h:281]   --->   Operation 114 'store' <Predicate = true> <Delay = 0.00>
ST_1 : Operation 115 [1/1] (0.00ns)   --->   "%kernel_data_V_5_35_ret = extractvalue { i16, i16, i16, i16, i16, i16, i16, i16, i16, i16, i16, i16, i16, i16, i16, i16, i16, i16, i16, i16, i16, i16, i16, i16, i16, i16, i16, i16, i16, i16, i16, i16, i16, i16, i16, i16, i16, i16, i16, i16, i16, i16, i16, i16, i16, i16, i16, i16, i16, i16, i16, i16, i16, i16 } %call_ret1, 41" [firmware/nnet_utils/nnet_conv_stream.h:281]   --->   Operation 115 'extractvalue' 'kernel_data_V_5_35_ret' <Predicate = true> <Delay = 0.00>
ST_1 : Operation 116 [1/1] (0.00ns)   --->   "store i16 %kernel_data_V_5_35_ret, i16* @kernel_data_V_5_35, align 2" [firmware/nnet_utils/nnet_conv_stream.h:281]   --->   Operation 116 'store' <Predicate = true> <Delay = 0.00>
ST_1 : Operation 117 [1/1] (0.00ns)   --->   "%kernel_data_V_5_42_ret = extractvalue { i16, i16, i16, i16, i16, i16, i16, i16, i16, i16, i16, i16, i16, i16, i16, i16, i16, i16, i16, i16, i16, i16, i16, i16, i16, i16, i16, i16, i16, i16, i16, i16, i16, i16, i16, i16, i16, i16, i16, i16, i16, i16, i16, i16, i16, i16, i16, i16, i16, i16, i16, i16, i16, i16 } %call_ret1, 42" [firmware/nnet_utils/nnet_conv_stream.h:281]   --->   Operation 117 'extractvalue' 'kernel_data_V_5_42_ret' <Predicate = true> <Delay = 0.00>
ST_1 : Operation 118 [1/1] (0.00ns)   --->   "store i16 %kernel_data_V_5_42_ret, i16* @kernel_data_V_5_42, align 2" [firmware/nnet_utils/nnet_conv_stream.h:281]   --->   Operation 118 'store' <Predicate = true> <Delay = 0.00>
ST_1 : Operation 119 [1/1] (0.00ns)   --->   "%kernel_data_V_5_43_ret = extractvalue { i16, i16, i16, i16, i16, i16, i16, i16, i16, i16, i16, i16, i16, i16, i16, i16, i16, i16, i16, i16, i16, i16, i16, i16, i16, i16, i16, i16, i16, i16, i16, i16, i16, i16, i16, i16, i16, i16, i16, i16, i16, i16, i16, i16, i16, i16, i16, i16, i16, i16, i16, i16, i16, i16 } %call_ret1, 43" [firmware/nnet_utils/nnet_conv_stream.h:281]   --->   Operation 119 'extractvalue' 'kernel_data_V_5_43_ret' <Predicate = true> <Delay = 0.00>
ST_1 : Operation 120 [1/1] (0.00ns)   --->   "store i16 %kernel_data_V_5_43_ret, i16* @kernel_data_V_5_43, align 2" [firmware/nnet_utils/nnet_conv_stream.h:281]   --->   Operation 120 'store' <Predicate = true> <Delay = 0.00>
ST_1 : Operation 121 [1/1] (0.00ns)   --->   "%kernel_data_V_5_44_ret = extractvalue { i16, i16, i16, i16, i16, i16, i16, i16, i16, i16, i16, i16, i16, i16, i16, i16, i16, i16, i16, i16, i16, i16, i16, i16, i16, i16, i16, i16, i16, i16, i16, i16, i16, i16, i16, i16, i16, i16, i16, i16, i16, i16, i16, i16, i16, i16, i16, i16, i16, i16, i16, i16, i16, i16 } %call_ret1, 44" [firmware/nnet_utils/nnet_conv_stream.h:281]   --->   Operation 121 'extractvalue' 'kernel_data_V_5_44_ret' <Predicate = true> <Delay = 0.00>
ST_1 : Operation 122 [1/1] (0.00ns)   --->   "store i16 %kernel_data_V_5_44_ret, i16* @kernel_data_V_5_44, align 2" [firmware/nnet_utils/nnet_conv_stream.h:281]   --->   Operation 122 'store' <Predicate = true> <Delay = 0.00>
ST_1 : Operation 123 [1/1] (0.00ns)   --->   "%kernel_data_V_5_45_ret = extractvalue { i16, i16, i16, i16, i16, i16, i16, i16, i16, i16, i16, i16, i16, i16, i16, i16, i16, i16, i16, i16, i16, i16, i16, i16, i16, i16, i16, i16, i16, i16, i16, i16, i16, i16, i16, i16, i16, i16, i16, i16, i16, i16, i16, i16, i16, i16, i16, i16, i16, i16, i16, i16, i16, i16 } %call_ret1, 45" [firmware/nnet_utils/nnet_conv_stream.h:281]   --->   Operation 123 'extractvalue' 'kernel_data_V_5_45_ret' <Predicate = true> <Delay = 0.00>
ST_1 : Operation 124 [1/1] (0.00ns)   --->   "store i16 %kernel_data_V_5_45_ret, i16* @kernel_data_V_5_45, align 2" [firmware/nnet_utils/nnet_conv_stream.h:281]   --->   Operation 124 'store' <Predicate = true> <Delay = 0.00>
ST_1 : Operation 125 [1/1] (0.00ns)   --->   "%kernel_data_V_5_46_ret = extractvalue { i16, i16, i16, i16, i16, i16, i16, i16, i16, i16, i16, i16, i16, i16, i16, i16, i16, i16, i16, i16, i16, i16, i16, i16, i16, i16, i16, i16, i16, i16, i16, i16, i16, i16, i16, i16, i16, i16, i16, i16, i16, i16, i16, i16, i16, i16, i16, i16, i16, i16, i16, i16, i16, i16 } %call_ret1, 46" [firmware/nnet_utils/nnet_conv_stream.h:281]   --->   Operation 125 'extractvalue' 'kernel_data_V_5_46_ret' <Predicate = true> <Delay = 0.00>
ST_1 : Operation 126 [1/1] (0.00ns)   --->   "store i16 %kernel_data_V_5_46_ret, i16* @kernel_data_V_5_46, align 2" [firmware/nnet_utils/nnet_conv_stream.h:281]   --->   Operation 126 'store' <Predicate = true> <Delay = 0.00>
ST_1 : Operation 127 [1/1] (0.00ns)   --->   "%kernel_data_V_5_47_ret = extractvalue { i16, i16, i16, i16, i16, i16, i16, i16, i16, i16, i16, i16, i16, i16, i16, i16, i16, i16, i16, i16, i16, i16, i16, i16, i16, i16, i16, i16, i16, i16, i16, i16, i16, i16, i16, i16, i16, i16, i16, i16, i16, i16, i16, i16, i16, i16, i16, i16, i16, i16, i16, i16, i16, i16 } %call_ret1, 47" [firmware/nnet_utils/nnet_conv_stream.h:281]   --->   Operation 127 'extractvalue' 'kernel_data_V_5_47_ret' <Predicate = true> <Delay = 0.00>
ST_1 : Operation 128 [1/1] (0.00ns)   --->   "store i16 %kernel_data_V_5_47_ret, i16* @kernel_data_V_5_47, align 2" [firmware/nnet_utils/nnet_conv_stream.h:281]   --->   Operation 128 'store' <Predicate = true> <Delay = 0.00>
ST_1 : Operation 129 [1/1] (0.00ns)   --->   "%kernel_data_V_5_48_ret = extractvalue { i16, i16, i16, i16, i16, i16, i16, i16, i16, i16, i16, i16, i16, i16, i16, i16, i16, i16, i16, i16, i16, i16, i16, i16, i16, i16, i16, i16, i16, i16, i16, i16, i16, i16, i16, i16, i16, i16, i16, i16, i16, i16, i16, i16, i16, i16, i16, i16, i16, i16, i16, i16, i16, i16 } %call_ret1, 48" [firmware/nnet_utils/nnet_conv_stream.h:281]   --->   Operation 129 'extractvalue' 'kernel_data_V_5_48_ret' <Predicate = true> <Delay = 0.00>
ST_1 : Operation 130 [1/1] (0.00ns)   --->   "store i16 %kernel_data_V_5_48_ret, i16* @kernel_data_V_5_48, align 2" [firmware/nnet_utils/nnet_conv_stream.h:281]   --->   Operation 130 'store' <Predicate = true> <Delay = 0.00>
ST_1 : Operation 131 [1/1] (0.00ns)   --->   "%kernel_data_V_5_49_ret = extractvalue { i16, i16, i16, i16, i16, i16, i16, i16, i16, i16, i16, i16, i16, i16, i16, i16, i16, i16, i16, i16, i16, i16, i16, i16, i16, i16, i16, i16, i16, i16, i16, i16, i16, i16, i16, i16, i16, i16, i16, i16, i16, i16, i16, i16, i16, i16, i16, i16, i16, i16, i16, i16, i16, i16 } %call_ret1, 49" [firmware/nnet_utils/nnet_conv_stream.h:281]   --->   Operation 131 'extractvalue' 'kernel_data_V_5_49_ret' <Predicate = true> <Delay = 0.00>
ST_1 : Operation 132 [1/1] (0.00ns)   --->   "store i16 %kernel_data_V_5_49_ret, i16* @kernel_data_V_5_49, align 2" [firmware/nnet_utils/nnet_conv_stream.h:281]   --->   Operation 132 'store' <Predicate = true> <Delay = 0.00>
ST_1 : Operation 133 [1/1] (0.00ns)   --->   "%kernel_data_V_5_50_ret = extractvalue { i16, i16, i16, i16, i16, i16, i16, i16, i16, i16, i16, i16, i16, i16, i16, i16, i16, i16, i16, i16, i16, i16, i16, i16, i16, i16, i16, i16, i16, i16, i16, i16, i16, i16, i16, i16, i16, i16, i16, i16, i16, i16, i16, i16, i16, i16, i16, i16, i16, i16, i16, i16, i16, i16 } %call_ret1, 50" [firmware/nnet_utils/nnet_conv_stream.h:281]   --->   Operation 133 'extractvalue' 'kernel_data_V_5_50_ret' <Predicate = true> <Delay = 0.00>
ST_1 : Operation 134 [1/1] (0.00ns)   --->   "store i16 %kernel_data_V_5_50_ret, i16* @kernel_data_V_5_50, align 2" [firmware/nnet_utils/nnet_conv_stream.h:281]   --->   Operation 134 'store' <Predicate = true> <Delay = 0.00>
ST_1 : Operation 135 [1/1] (0.00ns)   --->   "%kernel_data_V_5_51_ret = extractvalue { i16, i16, i16, i16, i16, i16, i16, i16, i16, i16, i16, i16, i16, i16, i16, i16, i16, i16, i16, i16, i16, i16, i16, i16, i16, i16, i16, i16, i16, i16, i16, i16, i16, i16, i16, i16, i16, i16, i16, i16, i16, i16, i16, i16, i16, i16, i16, i16, i16, i16, i16, i16, i16, i16 } %call_ret1, 51" [firmware/nnet_utils/nnet_conv_stream.h:281]   --->   Operation 135 'extractvalue' 'kernel_data_V_5_51_ret' <Predicate = true> <Delay = 0.00>
ST_1 : Operation 136 [1/1] (0.00ns)   --->   "store i16 %kernel_data_V_5_51_ret, i16* @kernel_data_V_5_51, align 2" [firmware/nnet_utils/nnet_conv_stream.h:281]   --->   Operation 136 'store' <Predicate = true> <Delay = 0.00>
ST_1 : Operation 137 [1/1] (0.00ns)   --->   "%kernel_data_V_5_52_ret = extractvalue { i16, i16, i16, i16, i16, i16, i16, i16, i16, i16, i16, i16, i16, i16, i16, i16, i16, i16, i16, i16, i16, i16, i16, i16, i16, i16, i16, i16, i16, i16, i16, i16, i16, i16, i16, i16, i16, i16, i16, i16, i16, i16, i16, i16, i16, i16, i16, i16, i16, i16, i16, i16, i16, i16 } %call_ret1, 52" [firmware/nnet_utils/nnet_conv_stream.h:281]   --->   Operation 137 'extractvalue' 'kernel_data_V_5_52_ret' <Predicate = true> <Delay = 0.00>
ST_1 : Operation 138 [1/1] (0.00ns)   --->   "store i16 %kernel_data_V_5_52_ret, i16* @kernel_data_V_5_52, align 2" [firmware/nnet_utils/nnet_conv_stream.h:281]   --->   Operation 138 'store' <Predicate = true> <Delay = 0.00>
ST_1 : Operation 139 [1/1] (0.00ns)   --->   "%kernel_data_V_5_53_ret = extractvalue { i16, i16, i16, i16, i16, i16, i16, i16, i16, i16, i16, i16, i16, i16, i16, i16, i16, i16, i16, i16, i16, i16, i16, i16, i16, i16, i16, i16, i16, i16, i16, i16, i16, i16, i16, i16, i16, i16, i16, i16, i16, i16, i16, i16, i16, i16, i16, i16, i16, i16, i16, i16, i16, i16 } %call_ret1, 53" [firmware/nnet_utils/nnet_conv_stream.h:281]   --->   Operation 139 'extractvalue' 'kernel_data_V_5_53_ret' <Predicate = true> <Delay = 0.00>
ST_1 : Operation 140 [1/1] (0.00ns)   --->   "store i16 %kernel_data_V_5_53_ret, i16* @kernel_data_V_5_53, align 2" [firmware/nnet_utils/nnet_conv_stream.h:281]   --->   Operation 140 'store' <Predicate = true> <Delay = 0.00>
ST_1 : Operation 141 [1/1] (0.00ns)   --->   "store i16 %kernel_data_V_5_0_ret, i16* @kernel_data_V_5_0, align 2" [firmware/nnet_utils/nnet_conv_stream.h:281]   --->   Operation 141 'store' <Predicate = true> <Delay = 0.00>
ST_1 : Operation 142 [1/1] (0.00ns)   --->   "store i16 %kernel_data_V_5_1_ret, i16* @kernel_data_V_5_1, align 2" [firmware/nnet_utils/nnet_conv_stream.h:281]   --->   Operation 142 'store' <Predicate = true> <Delay = 0.00>
ST_1 : Operation 143 [1/1] (0.00ns)   --->   "store i16 %kernel_data_V_5_2_ret, i16* @kernel_data_V_5_2, align 2" [firmware/nnet_utils/nnet_conv_stream.h:281]   --->   Operation 143 'store' <Predicate = true> <Delay = 0.00>
ST_1 : Operation 144 [1/1] (0.00ns)   --->   "store i16 %kernel_data_V_5_3_ret, i16* @kernel_data_V_5_3, align 2" [firmware/nnet_utils/nnet_conv_stream.h:281]   --->   Operation 144 'store' <Predicate = true> <Delay = 0.00>
ST_1 : Operation 145 [1/1] (0.00ns)   --->   "store i16 %kernel_data_V_5_4_ret, i16* @kernel_data_V_5_4, align 2" [firmware/nnet_utils/nnet_conv_stream.h:281]   --->   Operation 145 'store' <Predicate = true> <Delay = 0.00>
ST_1 : Operation 146 [1/1] (0.00ns)   --->   "store i16 %kernel_data_V_5_5_ret, i16* @kernel_data_V_5_5, align 2" [firmware/nnet_utils/nnet_conv_stream.h:281]   --->   Operation 146 'store' <Predicate = true> <Delay = 0.00>
ST_1 : Operation 147 [1/1] (0.00ns)   --->   "store i16 %kernel_data_V_5_18_ret, i16* @kernel_data_V_5_18, align 2" [firmware/nnet_utils/nnet_conv_stream.h:281]   --->   Operation 147 'store' <Predicate = true> <Delay = 0.00>
ST_1 : Operation 148 [1/1] (0.00ns)   --->   "store i16 %kernel_data_V_5_19_ret, i16* @kernel_data_V_5_19, align 2" [firmware/nnet_utils/nnet_conv_stream.h:281]   --->   Operation 148 'store' <Predicate = true> <Delay = 0.00>
ST_1 : Operation 149 [1/1] (0.00ns)   --->   "store i16 %kernel_data_V_5_20_ret, i16* @kernel_data_V_5_20, align 2" [firmware/nnet_utils/nnet_conv_stream.h:281]   --->   Operation 149 'store' <Predicate = true> <Delay = 0.00>
ST_1 : Operation 150 [1/1] (0.00ns)   --->   "store i16 %kernel_data_V_5_21_ret, i16* @kernel_data_V_5_21, align 2" [firmware/nnet_utils/nnet_conv_stream.h:281]   --->   Operation 150 'store' <Predicate = true> <Delay = 0.00>
ST_1 : Operation 151 [1/1] (0.00ns)   --->   "store i16 %kernel_data_V_5_22_ret, i16* @kernel_data_V_5_22, align 2" [firmware/nnet_utils/nnet_conv_stream.h:281]   --->   Operation 151 'store' <Predicate = true> <Delay = 0.00>
ST_1 : Operation 152 [1/1] (0.00ns)   --->   "store i16 %kernel_data_V_5_23_ret, i16* @kernel_data_V_5_23, align 2" [firmware/nnet_utils/nnet_conv_stream.h:281]   --->   Operation 152 'store' <Predicate = true> <Delay = 0.00>
ST_1 : Operation 153 [1/1] (0.00ns)   --->   "store i16 %kernel_data_V_5_36_ret, i16* @kernel_data_V_5_36, align 2" [firmware/nnet_utils/nnet_conv_stream.h:281]   --->   Operation 153 'store' <Predicate = true> <Delay = 0.00>
ST_1 : Operation 154 [1/1] (0.00ns)   --->   "store i16 %kernel_data_V_5_37_ret, i16* @kernel_data_V_5_37, align 2" [firmware/nnet_utils/nnet_conv_stream.h:281]   --->   Operation 154 'store' <Predicate = true> <Delay = 0.00>
ST_1 : Operation 155 [1/1] (0.00ns)   --->   "store i16 %kernel_data_V_5_38_ret, i16* @kernel_data_V_5_38, align 2" [firmware/nnet_utils/nnet_conv_stream.h:281]   --->   Operation 155 'store' <Predicate = true> <Delay = 0.00>
ST_1 : Operation 156 [1/1] (0.00ns)   --->   "store i16 %kernel_data_V_5_39_ret, i16* @kernel_data_V_5_39, align 2" [firmware/nnet_utils/nnet_conv_stream.h:281]   --->   Operation 156 'store' <Predicate = true> <Delay = 0.00>
ST_1 : Operation 157 [1/1] (0.00ns)   --->   "store i16 %kernel_data_V_5_40_ret, i16* @kernel_data_V_5_40, align 2" [firmware/nnet_utils/nnet_conv_stream.h:281]   --->   Operation 157 'store' <Predicate = true> <Delay = 0.00>
ST_1 : Operation 158 [1/1] (0.00ns)   --->   "store i16 %kernel_data_V_5_41_ret, i16* @kernel_data_V_5_41, align 2" [firmware/nnet_utils/nnet_conv_stream.h:281]   --->   Operation 158 'store' <Predicate = true> <Delay = 0.00>
ST_1 : Operation 159 [1/1] (0.00ns)   --->   "%sX_4_load = load i32* @sX_4, align 4" [firmware/nnet_utils/nnet_conv_stream.h:284]   --->   Operation 159 'load' 'sX_4_load' <Predicate = true> <Delay = 0.00>
ST_1 : Operation 160 [1/1] (2.47ns)   --->   "%icmp_ln284 = icmp eq i32 %sX_4_load, 2" [firmware/nnet_utils/nnet_conv_stream.h:284]   --->   Operation 160 'icmp' 'icmp_ln284' <Predicate = true> <Delay = 2.47> <Core = "Cmp">   --->   Core 25 'Cmp' <Latency = 0> <II = 1> <Delay = 2.47> <FuncUnit> <Opcode : 'icmp'> <InPorts = 2> <OutPorts = 1>
ST_1 : Operation 161 [1/1] (0.00ns)   --->   "%sY_4_load = load i32* @sY_4, align 4" [firmware/nnet_utils/nnet_conv_stream.h:284]   --->   Operation 161 'load' 'sY_4_load' <Predicate = true> <Delay = 0.00>
ST_1 : Operation 162 [1/1] (2.47ns)   --->   "%icmp_ln284_1 = icmp eq i32 %sY_4_load, 2" [firmware/nnet_utils/nnet_conv_stream.h:284]   --->   Operation 162 'icmp' 'icmp_ln284_1' <Predicate = true> <Delay = 2.47> <Core = "Cmp">   --->   Core 25 'Cmp' <Latency = 0> <II = 1> <Delay = 2.47> <FuncUnit> <Opcode : 'icmp'> <InPorts = 2> <OutPorts = 1>
ST_1 : Operation 163 [1/1] (0.00ns)   --->   "%pY_4_load = load i32* @pY_4, align 4" [firmware/nnet_utils/nnet_conv_stream.h:284]   --->   Operation 163 'load' 'pY_4_load' <Predicate = true> <Delay = 0.00>
ST_1 : Operation 164 [1/1] (0.00ns)   --->   "%tmp_9 = call i31 @_ssdm_op_PartSelect.i31.i32.i32.i32(i32 %pY_4_load, i32 1, i32 31)" [firmware/nnet_utils/nnet_conv_stream.h:284]   --->   Operation 164 'partselect' 'tmp_9' <Predicate = true> <Delay = 0.00>
ST_1 : Operation 165 [1/1] (2.47ns)   --->   "%icmp_ln284_10 = icmp sgt i31 %tmp_9, 0" [firmware/nnet_utils/nnet_conv_stream.h:284]   --->   Operation 165 'icmp' 'icmp_ln284_10' <Predicate = true> <Delay = 2.47> <Core = "Cmp">   --->   Core 25 'Cmp' <Latency = 0> <II = 1> <Delay = 2.47> <FuncUnit> <Opcode : 'icmp'> <InPorts = 2> <OutPorts = 1>
ST_1 : Operation 166 [1/1] (0.00ns)   --->   "%pX_4_load = load i32* @pX_4, align 4" [firmware/nnet_utils/nnet_conv_stream.h:284]   --->   Operation 166 'load' 'pX_4_load' <Predicate = true> <Delay = 0.00>
ST_1 : Operation 167 [1/1] (0.00ns)   --->   "%tmp_10 = call i31 @_ssdm_op_PartSelect.i31.i32.i32.i32(i32 %pX_4_load, i32 1, i32 31)" [firmware/nnet_utils/nnet_conv_stream.h:284]   --->   Operation 167 'partselect' 'tmp_10' <Predicate = true> <Delay = 0.00>
ST_1 : Operation 168 [1/1] (2.47ns)   --->   "%icmp_ln284_11 = icmp sgt i31 %tmp_10, 0" [firmware/nnet_utils/nnet_conv_stream.h:284]   --->   Operation 168 'icmp' 'icmp_ln284_11' <Predicate = true> <Delay = 2.47> <Core = "Cmp">   --->   Core 25 'Cmp' <Latency = 0> <II = 1> <Delay = 2.47> <FuncUnit> <Opcode : 'icmp'> <InPorts = 2> <OutPorts = 1>
ST_1 : Operation 169 [1/1] (0.00ns) (grouped into LUT with out node and_ln284_2)   --->   "%and_ln284 = and i1 %icmp_ln284, %icmp_ln284_1" [firmware/nnet_utils/nnet_conv_stream.h:284]   --->   Operation 169 'and' 'and_ln284' <Predicate = true> <Delay = 0.00> <Core = "LogicGate">   --->   Core 27 'LogicGate' <Latency = 0> <II = 1> <Delay = 0.97> <FuncUnit> <Opcode : 'and' 'or' 'xor'> <InPorts = 2> <OutPorts = 1>
ST_1 : Operation 170 [1/1] (0.00ns) (grouped into LUT with out node and_ln284_2)   --->   "%and_ln284_1 = and i1 %icmp_ln284_10, %icmp_ln284_11" [firmware/nnet_utils/nnet_conv_stream.h:284]   --->   Operation 170 'and' 'and_ln284_1' <Predicate = true> <Delay = 0.00> <Core = "LogicGate">   --->   Core 27 'LogicGate' <Latency = 0> <II = 1> <Delay = 0.97> <FuncUnit> <Opcode : 'and' 'or' 'xor'> <InPorts = 2> <OutPorts = 1>
ST_1 : Operation 171 [1/1] (0.97ns) (out node of the LUT)   --->   "%and_ln284_2 = and i1 %and_ln284_1, %and_ln284" [firmware/nnet_utils/nnet_conv_stream.h:284]   --->   Operation 171 'and' 'and_ln284_2' <Predicate = true> <Delay = 0.97> <Core = "LogicGate">   --->   Core 27 'LogicGate' <Latency = 0> <II = 1> <Delay = 0.97> <FuncUnit> <Opcode : 'and' 'or' 'xor'> <InPorts = 2> <OutPorts = 1>
ST_1 : Operation 172 [1/1] (0.00ns)   --->   "br i1 %and_ln284_2, label %0, label %._crit_edge22" [firmware/nnet_utils/nnet_conv_stream.h:284]   --->   Operation 172 'br' <Predicate = true> <Delay = 0.00>

State 2 <SV = 1> <Delay = 0.00>
ST_2 : Operation 173 [2/2] (0.00ns)   --->   "%tmp = call fastcc { i16, i16, i16 } @"dense_resource_rf_gt_nin_rem0<ap_fixed,ap_fixed,config14_mult>.0.0.0.0"()" [firmware/nnet_utils/nnet_dense.h:76->firmware/nnet_utils/nnet_conv_stream.h:288]   --->   Operation 173 'call' 'tmp' <Predicate = true> <Delay = 0.00> <CoreType = "Generic">   --->   Core 0 '' <Latency = 0> <II = 1> <Delay = 1.00> <Generic> <Opcode : >

State 3 <SV = 2> <Delay = 4.32>
ST_3 : Operation 174 [1/2] (1.76ns)   --->   "%tmp = call fastcc { i16, i16, i16 } @"dense_resource_rf_gt_nin_rem0<ap_fixed,ap_fixed,config14_mult>.0.0.0.0"()" [firmware/nnet_utils/nnet_dense.h:76->firmware/nnet_utils/nnet_conv_stream.h:288]   --->   Operation 174 'call' 'tmp' <Predicate = (and_ln284_2)> <Delay = 1.76> <CoreType = "Generic">   --->   Core 0 '' <Latency = 0> <II = 1> <Delay = 1.00> <Generic> <Opcode : >
ST_3 : Operation 175 [1/1] (0.00ns)   --->   "%res_out_0_V = extractvalue { i16, i16, i16 } %tmp, 0" [firmware/nnet_utils/nnet_dense.h:76->firmware/nnet_utils/nnet_conv_stream.h:288]   --->   Operation 175 'extractvalue' 'res_out_0_V' <Predicate = (and_ln284_2)> <Delay = 0.00>
ST_3 : Operation 176 [1/1] (0.00ns)   --->   "%res_out_1_V = extractvalue { i16, i16, i16 } %tmp, 1" [firmware/nnet_utils/nnet_dense.h:76->firmware/nnet_utils/nnet_conv_stream.h:288]   --->   Operation 176 'extractvalue' 'res_out_1_V' <Predicate = (and_ln284_2)> <Delay = 0.00>
ST_3 : Operation 177 [1/1] (0.00ns)   --->   "%res_out_2_V = extractvalue { i16, i16, i16 } %tmp, 2" [firmware/nnet_utils/nnet_dense.h:76->firmware/nnet_utils/nnet_conv_stream.h:288]   --->   Operation 177 'extractvalue' 'res_out_2_V' <Predicate = (and_ln284_2)> <Delay = 0.00>
ST_3 : Operation 178 [1/1] (2.18ns)   --->   "call void @_ssdm_op_Write.ap_fifo.volatile.i16P.i16P.i16P(i16* %res_stream_V_data_0_V, i16* %res_stream_V_data_1_V, i16* %res_stream_V_data_2_V, i16 %res_out_0_V, i16 %res_out_1_V, i16 %res_out_2_V)" [firmware/nnet_utils/nnet_conv_stream.h:299]   --->   Operation 178 'write' <Predicate = (and_ln284_2)> <Delay = 2.18> <Core = "FIFO">   --->   Core 32 'FIFO' <Latency = 0> <II = 1> <Delay = 3.63> <Storage> <Opcode : 'read' 'write' 'nbread' 'nbwrite'> <Ports = 0> <Width = 16> <Depth = 3> <FIFO>
ST_3 : Operation 179 [1/1] (0.00ns)   --->   "br label %._crit_edge22" [firmware/nnet_utils/nnet_conv_stream.h:300]   --->   Operation 179 'br' <Predicate = (and_ln284_2)> <Delay = 0.00>
ST_3 : Operation 180 [1/1] (2.47ns)   --->   "%icmp_ln303 = icmp eq i32 %pX_4_load, 17" [firmware/nnet_utils/nnet_conv_stream.h:303]   --->   Operation 180 'icmp' 'icmp_ln303' <Predicate = true> <Delay = 2.47> <Core = "Cmp">   --->   Core 25 'Cmp' <Latency = 0> <II = 1> <Delay = 2.47> <FuncUnit> <Opcode : 'icmp'> <InPorts = 2> <OutPorts = 1>
ST_3 : Operation 181 [1/1] (0.00ns)   --->   "br i1 %icmp_ln303, label %1, label %5" [firmware/nnet_utils/nnet_conv_stream.h:303]   --->   Operation 181 'br' <Predicate = true> <Delay = 0.00>
ST_3 : Operation 182 [1/1] (2.55ns)   --->   "%add_ln316 = add nsw i32 %pX_4_load, 1" [firmware/nnet_utils/nnet_conv_stream.h:316]   --->   Operation 182 'add' 'add_ln316' <Predicate = (!icmp_ln303)> <Delay = 2.55> <Core = "AddSub">   --->   Core 14 'AddSub' <Latency = 0> <II = 1> <Delay = 2.55> <FuncUnit> <Opcode : 'add' 'sub'> <InPorts = 2> <OutPorts = 1>
ST_3 : Operation 183 [1/1] (1.76ns)   --->   "store i32 %add_ln316, i32* @pX_4, align 4" [firmware/nnet_utils/nnet_conv_stream.h:316]   --->   Operation 183 'store' <Predicate = (!icmp_ln303)> <Delay = 1.76>
ST_3 : Operation 184 [1/1] (2.55ns)   --->   "%add_ln318 = add i32 %sX_4_load, 1" [firmware/nnet_utils/nnet_conv_stream.h:318]   --->   Operation 184 'add' 'add_ln318' <Predicate = (!icmp_ln303 & !icmp_ln284)> <Delay = 2.55> <Core = "AddSub">   --->   Core 14 'AddSub' <Latency = 0> <II = 1> <Delay = 2.55> <FuncUnit> <Opcode : 'add' 'sub'> <InPorts = 2> <OutPorts = 1>
ST_3 : Operation 185 [1/1] (0.69ns)   --->   "%select_ln318 = select i1 %icmp_ln284, i32 2, i32 %add_ln318" [firmware/nnet_utils/nnet_conv_stream.h:318]   --->   Operation 185 'select' 'select_ln318' <Predicate = (!icmp_ln303)> <Delay = 0.69> <Core = "Sel">   --->   Core 26 'Sel' <Latency = 0> <II = 1> <Delay = 0.69> <FuncUnit> <Opcode : 'select'> <InPorts = 3> <OutPorts = 1>
ST_3 : Operation 186 [1/1] (1.76ns)   --->   "store i32 0, i32* @pX_4, align 4" [firmware/nnet_utils/nnet_conv_stream.h:305]   --->   Operation 186 'store' <Predicate = (icmp_ln303)> <Delay = 1.76>
ST_3 : Operation 187 [1/1] (1.76ns)   --->   "store i32 0, i32* @sX_4, align 4" [firmware/nnet_utils/nnet_conv_stream.h:306]   --->   Operation 187 'store' <Predicate = (icmp_ln303)> <Delay = 1.76>
ST_3 : Operation 188 [1/1] (2.47ns)   --->   "%icmp_ln307 = icmp eq i32 %pY_4_load, 17" [firmware/nnet_utils/nnet_conv_stream.h:307]   --->   Operation 188 'icmp' 'icmp_ln307' <Predicate = (icmp_ln303)> <Delay = 2.47> <Core = "Cmp">   --->   Core 25 'Cmp' <Latency = 0> <II = 1> <Delay = 2.47> <FuncUnit> <Opcode : 'icmp'> <InPorts = 2> <OutPorts = 1>
ST_3 : Operation 189 [1/1] (0.00ns)   --->   "br i1 %icmp_ln307, label %2, label %3" [firmware/nnet_utils/nnet_conv_stream.h:307]   --->   Operation 189 'br' <Predicate = (icmp_ln303)> <Delay = 0.00>
ST_3 : Operation 190 [1/1] (2.55ns)   --->   "%add_ln311 = add nsw i32 %pY_4_load, 1" [firmware/nnet_utils/nnet_conv_stream.h:311]   --->   Operation 190 'add' 'add_ln311' <Predicate = (icmp_ln303 & !icmp_ln307)> <Delay = 2.55> <Core = "AddSub">   --->   Core 14 'AddSub' <Latency = 0> <II = 1> <Delay = 2.55> <FuncUnit> <Opcode : 'add' 'sub'> <InPorts = 2> <OutPorts = 1>
ST_3 : Operation 191 [1/1] (1.76ns)   --->   "store i32 %add_ln311, i32* @pY_4, align 4" [firmware/nnet_utils/nnet_conv_stream.h:311]   --->   Operation 191 'store' <Predicate = (icmp_ln303 & !icmp_ln307)> <Delay = 1.76>
ST_3 : Operation 192 [1/1] (2.55ns)   --->   "%add_ln313 = add i32 %sY_4_load, 1" [firmware/nnet_utils/nnet_conv_stream.h:313]   --->   Operation 192 'add' 'add_ln313' <Predicate = (icmp_ln303 & !icmp_ln307 & !icmp_ln284_1)> <Delay = 2.55> <Core = "AddSub">   --->   Core 14 'AddSub' <Latency = 0> <II = 1> <Delay = 2.55> <FuncUnit> <Opcode : 'add' 'sub'> <InPorts = 2> <OutPorts = 1>
ST_3 : Operation 193 [1/1] (0.69ns)   --->   "%select_ln313 = select i1 %icmp_ln284_1, i32 2, i32 %add_ln313" [firmware/nnet_utils/nnet_conv_stream.h:313]   --->   Operation 193 'select' 'select_ln313' <Predicate = (icmp_ln303 & !icmp_ln307)> <Delay = 0.69> <Core = "Sel">   --->   Core 26 'Sel' <Latency = 0> <II = 1> <Delay = 0.69> <FuncUnit> <Opcode : 'select'> <InPorts = 3> <OutPorts = 1>
ST_3 : Operation 194 [1/1] (1.76ns)   --->   "store i32 0, i32* @pY_4, align 4" [firmware/nnet_utils/nnet_conv_stream.h:308]   --->   Operation 194 'store' <Predicate = (icmp_ln303 & icmp_ln307)> <Delay = 1.76>
ST_3 : Operation 195 [1/1] (1.76ns)   --->   "br label %4" [firmware/nnet_utils/nnet_conv_stream.h:310]   --->   Operation 195 'br' <Predicate = (icmp_ln303 & icmp_ln307)> <Delay = 1.76>

State 4 <SV = 3> <Delay = 1.76>
ST_4 : Operation 196 [1/1] (1.76ns)   --->   "store i32 %select_ln318, i32* @sX_4, align 4" [firmware/nnet_utils/nnet_conv_stream.h:318]   --->   Operation 196 'store' <Predicate = (!icmp_ln303)> <Delay = 1.76>
ST_4 : Operation 197 [1/1] (0.00ns)   --->   "br label %6"   --->   Operation 197 'br' <Predicate = (!icmp_ln303)> <Delay = 0.00>
ST_4 : Operation 198 [1/1] (1.76ns)   --->   "br label %4"   --->   Operation 198 'br' <Predicate = (icmp_ln303 & !icmp_ln307)> <Delay = 1.76>
ST_4 : Operation 199 [1/1] (0.00ns)   --->   "%storemerge = phi i32 [ %select_ln313, %3 ], [ 0, %2 ]" [firmware/nnet_utils/nnet_conv_stream.h:313]   --->   Operation 199 'phi' 'storemerge' <Predicate = (icmp_ln303)> <Delay = 0.00>
ST_4 : Operation 200 [1/1] (0.00ns)   --->   "store i32 %storemerge, i32* @sY_4, align 4" [firmware/nnet_utils/nnet_conv_stream.h:309]   --->   Operation 200 'store' <Predicate = (icmp_ln303)> <Delay = 0.00>
ST_4 : Operation 201 [1/1] (0.00ns)   --->   "br label %6" [firmware/nnet_utils/nnet_conv_stream.h:315]   --->   Operation 201 'br' <Predicate = (icmp_ln303)> <Delay = 0.00>
ST_4 : Operation 202 [1/1] (0.00ns)   --->   "ret void" [firmware/nnet_utils/nnet_conv_stream.h:320]   --->   Operation 202 'ret' <Predicate = true> <Delay = 0.00>


============================================================
+ Verbose Summary: Timing violations
============================================================
Target clock period: 5ns, clock uncertainty: 0.625ns.

 <State 1>: 3.45ns
The critical path consists of the following:
	'load' operation ('sX_4_load', firmware/nnet_utils/nnet_conv_stream.h:284) on static variable 'sX_4' [241]  (0 ns)
	'icmp' operation ('icmp_ln284', firmware/nnet_utils/nnet_conv_stream.h:284) [242]  (2.47 ns)
	'and' operation ('and_ln284', firmware/nnet_utils/nnet_conv_stream.h:284) [251]  (0 ns)
	'and' operation ('and_ln284_2', firmware/nnet_utils/nnet_conv_stream.h:284) [253]  (0.978 ns)

 <State 2>: 0ns
The critical path consists of the following:

 <State 3>: 4.32ns
The critical path consists of the following:
	'add' operation ('add_ln316', firmware/nnet_utils/nnet_conv_stream.h:316) [266]  (2.55 ns)
	'store' operation ('store_ln316', firmware/nnet_utils/nnet_conv_stream.h:316) of variable 'add_ln316', firmware/nnet_utils/nnet_conv_stream.h:316 on static variable 'pX_4' [267]  (1.77 ns)

 <State 4>: 1.77ns
The critical path consists of the following:
	'store' operation ('store_ln318', firmware/nnet_utils/nnet_conv_stream.h:318) of variable 'select_ln318', firmware/nnet_utils/nnet_conv_stream.h:318 on static variable 'sX_4' [270]  (1.77 ns)


============================================================
+ Verbose Summary: Binding
============================================================
N/A
* FSMD analyzer results:
  - Output states:
 - Input state : 
  - Chain level:
	State 1
	State 2
	State 3
	State 4


============================================================
+ Verbose Summary: Datapath Resource usage 
============================================================
N/A
