

================================================================
== Vivado HLS Report for 'concatenate3d_array_array_array_ap_fixed_16_6_5_3_0_6u_config17_s'
================================================================
* Date:           Fri Jun 27 00:22:00 2025

* Version:        2020.1 (Build 2897737 on Wed May 27 20:21:37 MDT 2020)
* Project:        myproject_prj
* Solution:       solution1
* Product family: zynq
* Target device:  xc7z020-clg400-1


================================================================
== Performance Estimates
================================================================
+ Timing: 
    * Summary: 
    +--------+---------+----------+------------+
    |  Clock |  Target | Estimated| Uncertainty|
    +--------+---------+----------+------------+
    |ap_clk  | 5.00 ns | 4.375 ns |   0.62 ns  |
    +--------+---------+----------+------------+

+ Latency: 
    * Summary: 
    +---------+---------+----------+----------+------+------+---------+
    |  Latency (cycles) |  Latency (absolute) |   Interval  | Pipeline|
    |   min   |   max   |    min   |    max   |  min |  max |   Type  |
    +---------+---------+----------+----------+------+------+---------+
    |     1026|     1026| 5.130 us | 5.130 us |  1026|  1026|   none  |
    +---------+---------+----------+----------+------+------+---------+

    + Detail: 
        * Instance: 
        N/A

        * Loop: 
        +------------------------------------+---------+---------+----------+-----------+-----------+------+----------+
        |                                    |  Latency (cycles) | Iteration|  Initiation Interval  | Trip |          |
        |              Loop Name             |   min   |   max   |  Latency |  achieved |   target  | Count| Pipelined|
        +------------------------------------+---------+---------+----------+-----------+-----------+------+----------+
        |- ConcatLoopHeight_ConcatLoopWidth  |     1024|     1024|         2|          1|          1|  1024|    yes   |
        +------------------------------------+---------+---------+----------+-----------+-----------+------+----------+

============================================================
+ Verbose Summary: Synthesis Manager
============================================================
InlineROM: 1
ExposeGlobal: 0
============================================================
+ Verbose Summary: CDFG Model
============================================================
IsTopModel: 0
ResetActiveHigh: 1
IsCombinational: 2
IsDatapathOnly: 0
HasWiredReturn: 1
HasMFsm: 0
HasVarLatency: 1
IsPipeline: 0
IsRtlPipelined: 0
IsInstanceOverlapped: 0
IsDontTouch: 0
HasImplIP: 0
IsGatedGlobalClock: 0

+ Individual pipeline summary: 
  * Pipeline-0: initiation interval (II) = 1, depth = 2


============================================================
+ Verbose Summary: Schedule
============================================================
* Number of FSM states : 4
* Pipeline : 1
  Pipeline-0 : II = 1, D = 2, States = { 2 3 }
* Dataflow Pipeline: 0

* FSM state transitions: 
1 --> 2 
2 --> 4 3 
3 --> 2 
4 --> 

* FSM state operations: 

State 1 <SV = 0> <Delay = 1.76>
ST_1 : Operation 5 [1/1] (0.00ns)   --->   "call void (...)* @_ssdm_op_SpecInterface(i16* %res_V_data_5_V, [8 x i8]* @ap_fifo_str, i32 0, i32 0, [1 x i8]* @p_str, i32 0, i32 0, [1 x i8]* @p_str, [1 x i8]* @p_str, [1 x i8]* @p_str, i32 2, i32 2, i32 16, i32 16, [1 x i8]* @p_str, [1 x i8]* @p_str)"   --->   Operation 5 'specinterface' <Predicate = true> <Delay = 0.00>
ST_1 : Operation 6 [1/1] (0.00ns)   --->   "call void (...)* @_ssdm_op_SpecInterface(i16* %res_V_data_4_V, [8 x i8]* @ap_fifo_str, i32 0, i32 0, [1 x i8]* @p_str, i32 0, i32 0, [1 x i8]* @p_str, [1 x i8]* @p_str, [1 x i8]* @p_str, i32 2, i32 2, i32 16, i32 16, [1 x i8]* @p_str, [1 x i8]* @p_str)"   --->   Operation 6 'specinterface' <Predicate = true> <Delay = 0.00>
ST_1 : Operation 7 [1/1] (0.00ns)   --->   "call void (...)* @_ssdm_op_SpecInterface(i16* %res_V_data_3_V, [8 x i8]* @ap_fifo_str, i32 0, i32 0, [1 x i8]* @p_str, i32 0, i32 0, [1 x i8]* @p_str, [1 x i8]* @p_str, [1 x i8]* @p_str, i32 2, i32 2, i32 16, i32 16, [1 x i8]* @p_str, [1 x i8]* @p_str)"   --->   Operation 7 'specinterface' <Predicate = true> <Delay = 0.00>
ST_1 : Operation 8 [1/1] (0.00ns)   --->   "call void (...)* @_ssdm_op_SpecInterface(i16* %res_V_data_2_V, [8 x i8]* @ap_fifo_str, i32 0, i32 0, [1 x i8]* @p_str, i32 0, i32 0, [1 x i8]* @p_str, [1 x i8]* @p_str, [1 x i8]* @p_str, i32 2, i32 2, i32 16, i32 16, [1 x i8]* @p_str, [1 x i8]* @p_str)"   --->   Operation 8 'specinterface' <Predicate = true> <Delay = 0.00>
ST_1 : Operation 9 [1/1] (0.00ns)   --->   "call void (...)* @_ssdm_op_SpecInterface(i16* %res_V_data_1_V, [8 x i8]* @ap_fifo_str, i32 0, i32 0, [1 x i8]* @p_str, i32 0, i32 0, [1 x i8]* @p_str, [1 x i8]* @p_str, [1 x i8]* @p_str, i32 2, i32 2, i32 16, i32 16, [1 x i8]* @p_str, [1 x i8]* @p_str)"   --->   Operation 9 'specinterface' <Predicate = true> <Delay = 0.00>
ST_1 : Operation 10 [1/1] (0.00ns)   --->   "call void (...)* @_ssdm_op_SpecInterface(i16* %res_V_data_0_V, [8 x i8]* @ap_fifo_str, i32 0, i32 0, [1 x i8]* @p_str, i32 0, i32 0, [1 x i8]* @p_str, [1 x i8]* @p_str, [1 x i8]* @p_str, i32 2, i32 2, i32 16, i32 16, [1 x i8]* @p_str, [1 x i8]* @p_str)"   --->   Operation 10 'specinterface' <Predicate = true> <Delay = 0.00>
ST_1 : Operation 11 [1/1] (0.00ns)   --->   "call void (...)* @_ssdm_op_SpecInterface(i16* %data2_V_data_2_V, [8 x i8]* @ap_fifo_str, i32 0, i32 0, [1 x i8]* @p_str, i32 0, i32 0, [1 x i8]* @p_str, [1 x i8]* @p_str, [1 x i8]* @p_str, i32 2, i32 2, i32 16, i32 16, [1 x i8]* @p_str, [1 x i8]* @p_str)"   --->   Operation 11 'specinterface' <Predicate = true> <Delay = 0.00>
ST_1 : Operation 12 [1/1] (0.00ns)   --->   "call void (...)* @_ssdm_op_SpecInterface(i16* %data2_V_data_1_V, [8 x i8]* @ap_fifo_str, i32 0, i32 0, [1 x i8]* @p_str, i32 0, i32 0, [1 x i8]* @p_str, [1 x i8]* @p_str, [1 x i8]* @p_str, i32 2, i32 2, i32 16, i32 16, [1 x i8]* @p_str, [1 x i8]* @p_str)"   --->   Operation 12 'specinterface' <Predicate = true> <Delay = 0.00>
ST_1 : Operation 13 [1/1] (0.00ns)   --->   "call void (...)* @_ssdm_op_SpecInterface(i16* %data2_V_data_0_V, [8 x i8]* @ap_fifo_str, i32 0, i32 0, [1 x i8]* @p_str, i32 0, i32 0, [1 x i8]* @p_str, [1 x i8]* @p_str, [1 x i8]* @p_str, i32 2, i32 2, i32 16, i32 16, [1 x i8]* @p_str, [1 x i8]* @p_str)"   --->   Operation 13 'specinterface' <Predicate = true> <Delay = 0.00>
ST_1 : Operation 14 [1/1] (0.00ns)   --->   "call void (...)* @_ssdm_op_SpecInterface(i16* %data1_V_data_2_V, [8 x i8]* @ap_fifo_str, i32 0, i32 0, [1 x i8]* @p_str, i32 0, i32 0, [1 x i8]* @p_str, [1 x i8]* @p_str, [1 x i8]* @p_str, i32 2, i32 2, i32 16, i32 16, [1 x i8]* @p_str, [1 x i8]* @p_str)"   --->   Operation 14 'specinterface' <Predicate = true> <Delay = 0.00>
ST_1 : Operation 15 [1/1] (0.00ns)   --->   "call void (...)* @_ssdm_op_SpecInterface(i16* %data1_V_data_1_V, [8 x i8]* @ap_fifo_str, i32 0, i32 0, [1 x i8]* @p_str, i32 0, i32 0, [1 x i8]* @p_str, [1 x i8]* @p_str, [1 x i8]* @p_str, i32 2, i32 2, i32 16, i32 16, [1 x i8]* @p_str, [1 x i8]* @p_str)"   --->   Operation 15 'specinterface' <Predicate = true> <Delay = 0.00>
ST_1 : Operation 16 [1/1] (0.00ns)   --->   "call void (...)* @_ssdm_op_SpecInterface(i16* %data1_V_data_0_V, [8 x i8]* @ap_fifo_str, i32 0, i32 0, [1 x i8]* @p_str, i32 0, i32 0, [1 x i8]* @p_str, [1 x i8]* @p_str, [1 x i8]* @p_str, i32 2, i32 2, i32 16, i32 16, [1 x i8]* @p_str, [1 x i8]* @p_str)"   --->   Operation 16 'specinterface' <Predicate = true> <Delay = 0.00>
ST_1 : Operation 17 [1/1] (1.76ns)   --->   "br label %1" [firmware/nnet_utils/nnet_merge_stream.h:232->firmware/nnet_utils/nnet_merge_stream.h:262]   --->   Operation 17 'br' <Predicate = true> <Delay = 1.76>

State 2 <SV = 1> <Delay = 1.88>
ST_2 : Operation 18 [1/1] (0.00ns)   --->   "%indvar_flatten = phi i11 [ 0, %0 ], [ %add_ln232, %ConcatLoopWidth ]" [firmware/nnet_utils/nnet_merge_stream.h:232->firmware/nnet_utils/nnet_merge_stream.h:262]   --->   Operation 18 'phi' 'indvar_flatten' <Predicate = true> <Delay = 0.00>
ST_2 : Operation 19 [1/1] (1.88ns)   --->   "%icmp_ln232 = icmp eq i11 %indvar_flatten, -1024" [firmware/nnet_utils/nnet_merge_stream.h:232->firmware/nnet_utils/nnet_merge_stream.h:262]   --->   Operation 19 'icmp' 'icmp_ln232' <Predicate = true> <Delay = 1.88> <Core = "Cmp">   --->   Core 25 'Cmp' <Latency = 0> <II = 1> <Delay = 1.88> <FuncUnit> <Opcode : 'icmp'> <InPorts = 2> <OutPorts = 1>
ST_2 : Operation 20 [1/1] (1.63ns)   --->   "%add_ln232 = add i11 %indvar_flatten, 1" [firmware/nnet_utils/nnet_merge_stream.h:232->firmware/nnet_utils/nnet_merge_stream.h:262]   --->   Operation 20 'add' 'add_ln232' <Predicate = true> <Delay = 1.63> <Core = "AddSub">   --->   Core 14 'AddSub' <Latency = 0> <II = 1> <Delay = 1.63> <FuncUnit> <Opcode : 'add' 'sub'> <InPorts = 2> <OutPorts = 1>
ST_2 : Operation 21 [1/1] (0.00ns)   --->   "br i1 %icmp_ln232, label %"concatenate3d_2<array<ap_fixed<16, 6, 5, 3, 0>, 3u>, array<ap_fixed<16, 6, 5, 3, 0>, 3u>, array<ap_fixed<16, 6, 5, 3, 0>, 6u>, config17>.exit", label %ConcatLoopWidth" [firmware/nnet_utils/nnet_merge_stream.h:232->firmware/nnet_utils/nnet_merge_stream.h:262]   --->   Operation 21 'br' <Predicate = true> <Delay = 0.00>

State 3 <SV = 2> <Delay = 4.37>
ST_3 : Operation 22 [1/1] (0.00ns)   --->   "call void (...)* @_ssdm_op_SpecLoopName([33 x i8]* @ConcatLoopHeight_ConcatLoopWidth_str)"   --->   Operation 22 'specloopname' <Predicate = (!icmp_ln232)> <Delay = 0.00>
ST_3 : Operation 23 [1/1] (0.00ns)   --->   "%empty = call i32 (...)* @_ssdm_op_SpecLoopTripCount(i64 1024, i64 1024, i64 1024)"   --->   Operation 23 'speclooptripcount' 'empty' <Predicate = (!icmp_ln232)> <Delay = 0.00>
ST_3 : Operation 24 [1/1] (0.00ns)   --->   "call void (...)* @_ssdm_op_SpecLoopName([16 x i8]* @p_str80) nounwind" [firmware/nnet_utils/nnet_merge_stream.h:234->firmware/nnet_utils/nnet_merge_stream.h:262]   --->   Operation 24 'specloopname' <Predicate = (!icmp_ln232)> <Delay = 0.00>
ST_3 : Operation 25 [1/1] (0.00ns)   --->   "%tmp_94_i = call i32 (...)* @_ssdm_op_SpecRegionBegin([16 x i8]* @p_str80)" [firmware/nnet_utils/nnet_merge_stream.h:234->firmware/nnet_utils/nnet_merge_stream.h:262]   --->   Operation 25 'specregionbegin' 'tmp_94_i' <Predicate = (!icmp_ln232)> <Delay = 0.00>
ST_3 : Operation 26 [1/1] (0.00ns)   --->   "call void (...)* @_ssdm_op_SpecPipeline(i32 1, i32 1, i32 1, i32 0, [1 x i8]* @p_str20) nounwind" [firmware/nnet_utils/nnet_merge_stream.h:235->firmware/nnet_utils/nnet_merge_stream.h:262]   --->   Operation 26 'specpipeline' <Predicate = (!icmp_ln232)> <Delay = 0.00>
ST_3 : Operation 27 [1/1] (2.18ns)   --->   "%empty_227 = call { i16, i16, i16 } @_ssdm_op_Read.ap_fifo.volatile.i16P.i16P.i16P(i16* %data1_V_data_0_V, i16* %data1_V_data_1_V, i16* %data1_V_data_2_V)" [firmware/nnet_utils/nnet_merge_stream.h:237->firmware/nnet_utils/nnet_merge_stream.h:262]   --->   Operation 27 'read' 'empty_227' <Predicate = (!icmp_ln232)> <Delay = 2.18> <Core = "FIFO">   --->   Core 32 'FIFO' <Latency = 0> <II = 1> <Delay = 3.63> <Storage> <Opcode : 'read' 'write' 'nbread' 'nbwrite'> <Ports = 0> <Width = 16> <Depth = 3> <FIFO>
ST_3 : Operation 28 [1/1] (0.00ns)   --->   "%tmp_data_0_V = extractvalue { i16, i16, i16 } %empty_227, 0" [firmware/nnet_utils/nnet_merge_stream.h:237->firmware/nnet_utils/nnet_merge_stream.h:262]   --->   Operation 28 'extractvalue' 'tmp_data_0_V' <Predicate = (!icmp_ln232)> <Delay = 0.00>
ST_3 : Operation 29 [1/1] (0.00ns)   --->   "%tmp_data_1_V = extractvalue { i16, i16, i16 } %empty_227, 1" [firmware/nnet_utils/nnet_merge_stream.h:237->firmware/nnet_utils/nnet_merge_stream.h:262]   --->   Operation 29 'extractvalue' 'tmp_data_1_V' <Predicate = (!icmp_ln232)> <Delay = 0.00>
ST_3 : Operation 30 [1/1] (0.00ns)   --->   "%tmp_data_2_V = extractvalue { i16, i16, i16 } %empty_227, 2" [firmware/nnet_utils/nnet_merge_stream.h:237->firmware/nnet_utils/nnet_merge_stream.h:262]   --->   Operation 30 'extractvalue' 'tmp_data_2_V' <Predicate = (!icmp_ln232)> <Delay = 0.00>
ST_3 : Operation 31 [1/1] (2.18ns)   --->   "%empty_228 = call { i16, i16, i16 } @_ssdm_op_Read.ap_fifo.volatile.i16P.i16P.i16P(i16* %data2_V_data_0_V, i16* %data2_V_data_1_V, i16* %data2_V_data_2_V)" [firmware/nnet_utils/nnet_merge_stream.h:238->firmware/nnet_utils/nnet_merge_stream.h:262]   --->   Operation 31 'read' 'empty_228' <Predicate = (!icmp_ln232)> <Delay = 2.18> <Core = "FIFO">   --->   Core 32 'FIFO' <Latency = 0> <II = 1> <Delay = 3.63> <Storage> <Opcode : 'read' 'write' 'nbread' 'nbwrite'> <Ports = 0> <Width = 16> <Depth = 3> <FIFO>
ST_3 : Operation 32 [1/1] (0.00ns)   --->   "%tmp_data_0_V_29 = extractvalue { i16, i16, i16 } %empty_228, 0" [firmware/nnet_utils/nnet_merge_stream.h:238->firmware/nnet_utils/nnet_merge_stream.h:262]   --->   Operation 32 'extractvalue' 'tmp_data_0_V_29' <Predicate = (!icmp_ln232)> <Delay = 0.00>
ST_3 : Operation 33 [1/1] (0.00ns)   --->   "%tmp_data_1_V_28 = extractvalue { i16, i16, i16 } %empty_228, 1" [firmware/nnet_utils/nnet_merge_stream.h:238->firmware/nnet_utils/nnet_merge_stream.h:262]   --->   Operation 33 'extractvalue' 'tmp_data_1_V_28' <Predicate = (!icmp_ln232)> <Delay = 0.00>
ST_3 : Operation 34 [1/1] (0.00ns)   --->   "%tmp_data_2_V_28 = extractvalue { i16, i16, i16 } %empty_228, 2" [firmware/nnet_utils/nnet_merge_stream.h:238->firmware/nnet_utils/nnet_merge_stream.h:262]   --->   Operation 34 'extractvalue' 'tmp_data_2_V_28' <Predicate = (!icmp_ln232)> <Delay = 0.00>
ST_3 : Operation 35 [1/1] (2.18ns)   --->   "call void @_ssdm_op_Write.ap_fifo.volatile.i16P.i16P.i16P.i16P.i16P.i16P(i16* %res_V_data_0_V, i16* %res_V_data_1_V, i16* %res_V_data_2_V, i16* %res_V_data_3_V, i16* %res_V_data_4_V, i16* %res_V_data_5_V, i16 %tmp_data_0_V, i16 %tmp_data_1_V, i16 %tmp_data_2_V, i16 %tmp_data_0_V_29, i16 %tmp_data_1_V_28, i16 %tmp_data_2_V_28)" [firmware/nnet_utils/nnet_merge_stream.h:254->firmware/nnet_utils/nnet_merge_stream.h:262]   --->   Operation 35 'write' <Predicate = (!icmp_ln232)> <Delay = 2.18> <Core = "FIFO">   --->   Core 32 'FIFO' <Latency = 0> <II = 1> <Delay = 3.63> <Storage> <Opcode : 'read' 'write' 'nbread' 'nbwrite'> <Ports = 0> <Width = 16> <Depth = 3> <FIFO>
ST_3 : Operation 36 [1/1] (0.00ns)   --->   "%empty_229 = call i32 (...)* @_ssdm_op_SpecRegionEnd([16 x i8]* @p_str80, i32 %tmp_94_i)" [firmware/nnet_utils/nnet_merge_stream.h:255->firmware/nnet_utils/nnet_merge_stream.h:262]   --->   Operation 36 'specregionend' 'empty_229' <Predicate = (!icmp_ln232)> <Delay = 0.00>
ST_3 : Operation 37 [1/1] (0.00ns)   --->   "br label %1"   --->   Operation 37 'br' <Predicate = (!icmp_ln232)> <Delay = 0.00>

State 4 <SV = 2> <Delay = 0.00>
ST_4 : Operation 38 [1/1] (0.00ns)   --->   "ret void" [firmware/nnet_utils/nnet_merge_stream.h:268]   --->   Operation 38 'ret' <Predicate = true> <Delay = 0.00>


============================================================
+ Verbose Summary: Binding
============================================================
STG Binding: 
---------------- STG Properties BEGIN ----------------
- Is combinational: 0
- Is one-state seq: 0
- Is datapath-only: 0
- Is pipelined: 0
- Is top level: 0
Port [ Return ] is wired: 1; IO mode=ap_ctrl_hs:ce=0
Port [ data1_V_data_0_V]:  wired=1; compound=1; hidden=0; nouse=0; global=0; static=0; extern=0; dir=0; type=3; pingpong=0; private_global=0; IO mode=ap_fifo:ce=0
Port [ data1_V_data_1_V]:  wired=1; compound=1; hidden=0; nouse=0; global=0; static=0; extern=0; dir=0; type=3; pingpong=0; private_global=0; IO mode=ap_fifo:ce=0
Port [ data1_V_data_2_V]:  wired=1; compound=1; hidden=0; nouse=0; global=0; static=0; extern=0; dir=0; type=3; pingpong=0; private_global=0; IO mode=ap_fifo:ce=0
Port [ data2_V_data_0_V]:  wired=1; compound=1; hidden=0; nouse=0; global=0; static=0; extern=0; dir=0; type=3; pingpong=0; private_global=0; IO mode=ap_fifo:ce=0
Port [ data2_V_data_1_V]:  wired=1; compound=1; hidden=0; nouse=0; global=0; static=0; extern=0; dir=0; type=3; pingpong=0; private_global=0; IO mode=ap_fifo:ce=0
Port [ data2_V_data_2_V]:  wired=1; compound=1; hidden=0; nouse=0; global=0; static=0; extern=0; dir=0; type=3; pingpong=0; private_global=0; IO mode=ap_fifo:ce=0
Port [ res_V_data_0_V]:  wired=1; compound=1; hidden=0; nouse=0; global=0; static=0; extern=0; dir=1; type=3; pingpong=0; private_global=0; IO mode=ap_fifo:ce=0
Port [ res_V_data_1_V]:  wired=1; compound=1; hidden=0; nouse=0; global=0; static=0; extern=0; dir=1; type=3; pingpong=0; private_global=0; IO mode=ap_fifo:ce=0
Port [ res_V_data_2_V]:  wired=1; compound=1; hidden=0; nouse=0; global=0; static=0; extern=0; dir=1; type=3; pingpong=0; private_global=0; IO mode=ap_fifo:ce=0
Port [ res_V_data_3_V]:  wired=1; compound=1; hidden=0; nouse=0; global=0; static=0; extern=0; dir=1; type=3; pingpong=0; private_global=0; IO mode=ap_fifo:ce=0
Port [ res_V_data_4_V]:  wired=1; compound=1; hidden=0; nouse=0; global=0; static=0; extern=0; dir=1; type=3; pingpong=0; private_global=0; IO mode=ap_fifo:ce=0
Port [ res_V_data_5_V]:  wired=1; compound=1; hidden=0; nouse=0; global=0; static=0; extern=0; dir=1; type=3; pingpong=0; private_global=0; IO mode=ap_fifo:ce=0
---------------- STG Properties END ------------------

---------------- Datapath Model BEGIN ----------------

<LifeTime>
<method=bitvector/>
specinterface_ln0  (specinterface    ) [ 00000]
specinterface_ln0  (specinterface    ) [ 00000]
specinterface_ln0  (specinterface    ) [ 00000]
specinterface_ln0  (specinterface    ) [ 00000]
specinterface_ln0  (specinterface    ) [ 00000]
specinterface_ln0  (specinterface    ) [ 00000]
specinterface_ln0  (specinterface    ) [ 00000]
specinterface_ln0  (specinterface    ) [ 00000]
specinterface_ln0  (specinterface    ) [ 00000]
specinterface_ln0  (specinterface    ) [ 00000]
specinterface_ln0  (specinterface    ) [ 00000]
specinterface_ln0  (specinterface    ) [ 00000]
br_ln232           (br               ) [ 01110]
indvar_flatten     (phi              ) [ 00100]
icmp_ln232         (icmp             ) [ 00110]
add_ln232          (add              ) [ 01110]
br_ln232           (br               ) [ 00000]
specloopname_ln0   (specloopname     ) [ 00000]
empty              (speclooptripcount) [ 00000]
specloopname_ln234 (specloopname     ) [ 00000]
tmp_94_i           (specregionbegin  ) [ 00000]
specpipeline_ln235 (specpipeline     ) [ 00000]
empty_227          (read             ) [ 00000]
tmp_data_0_V       (extractvalue     ) [ 00000]
tmp_data_1_V       (extractvalue     ) [ 00000]
tmp_data_2_V       (extractvalue     ) [ 00000]
empty_228          (read             ) [ 00000]
tmp_data_0_V_29    (extractvalue     ) [ 00000]
tmp_data_1_V_28    (extractvalue     ) [ 00000]
tmp_data_2_V_28    (extractvalue     ) [ 00000]
write_ln254        (write            ) [ 00000]
empty_229          (specregionend    ) [ 00000]
br_ln0             (br               ) [ 01110]
ret_ln268          (ret              ) [ 00000]
</LifeTime>

<model>

<comp_list>
<comp id="0" class="1000" name="data1_V_data_0_V">
<pin_list>
<pin id="1" dir="1" index="0" bw="1" slack="0"/>
</pin_list>
<bind>
<StgValue><ssdm name="data1_V_data_0_V"/></StgValue>
</bind>
</comp>

<comp id="2" class="1000" name="data1_V_data_1_V">
<pin_list>
<pin id="3" dir="1" index="0" bw="1" slack="0"/>
</pin_list>
<bind>
<StgValue><ssdm name="data1_V_data_1_V"/></StgValue>
</bind>
</comp>

<comp id="4" class="1000" name="data1_V_data_2_V">
<pin_list>
<pin id="5" dir="1" index="0" bw="1" slack="0"/>
</pin_list>
<bind>
<StgValue><ssdm name="data1_V_data_2_V"/></StgValue>
</bind>
</comp>

<comp id="6" class="1000" name="data2_V_data_0_V">
<pin_list>
<pin id="7" dir="1" index="0" bw="1" slack="0"/>
</pin_list>
<bind>
<StgValue><ssdm name="data2_V_data_0_V"/></StgValue>
</bind>
</comp>

<comp id="8" class="1000" name="data2_V_data_1_V">
<pin_list>
<pin id="9" dir="1" index="0" bw="1" slack="0"/>
</pin_list>
<bind>
<StgValue><ssdm name="data2_V_data_1_V"/></StgValue>
</bind>
</comp>

<comp id="10" class="1000" name="data2_V_data_2_V">
<pin_list>
<pin id="11" dir="1" index="0" bw="1" slack="0"/>
</pin_list>
<bind>
<StgValue><ssdm name="data2_V_data_2_V"/></StgValue>
</bind>
</comp>

<comp id="12" class="1000" name="res_V_data_0_V">
<pin_list>
<pin id="13" dir="1" index="0" bw="1" slack="0"/>
</pin_list>
<bind>
<StgValue><ssdm name="res_V_data_0_V"/></StgValue>
</bind>
</comp>

<comp id="14" class="1000" name="res_V_data_1_V">
<pin_list>
<pin id="15" dir="1" index="0" bw="1" slack="0"/>
</pin_list>
<bind>
<StgValue><ssdm name="res_V_data_1_V"/></StgValue>
</bind>
</comp>

<comp id="16" class="1000" name="res_V_data_2_V">
<pin_list>
<pin id="17" dir="1" index="0" bw="1" slack="0"/>
</pin_list>
<bind>
<StgValue><ssdm name="res_V_data_2_V"/></StgValue>
</bind>
</comp>

<comp id="18" class="1000" name="res_V_data_3_V">
<pin_list>
<pin id="19" dir="1" index="0" bw="1" slack="0"/>
</pin_list>
<bind>
<StgValue><ssdm name="res_V_data_3_V"/></StgValue>
</bind>
</comp>

<comp id="20" class="1000" name="res_V_data_4_V">
<pin_list>
<pin id="21" dir="1" index="0" bw="1" slack="0"/>
</pin_list>
<bind>
<StgValue><ssdm name="res_V_data_4_V"/></StgValue>
</bind>
</comp>

<comp id="22" class="1000" name="res_V_data_5_V">
<pin_list>
<pin id="23" dir="1" index="0" bw="1" slack="0"/>
</pin_list>
<bind>
<StgValue><ssdm name="res_V_data_5_V"/></StgValue>
</bind>
</comp>

<comp id="24" class="1001" name="const_24">
<pin_list>
<pin id="25" dir="1" index="0" bw="1" slack="2147483647"/>
</pin_list>
<bind>
<StgValue><ssdm name="_ssdm_op_SpecInterface"/></StgValue>
</bind>
</comp>

<comp id="26" class="1001" name="const_26">
<pin_list>
<pin id="27" dir="1" index="0" bw="1" slack="2147483647"/>
</pin_list>
<bind>
<StgValue><ssdm name="ap_fifo_str"/></StgValue>
</bind>
</comp>

<comp id="28" class="1001" name="const_28">
<pin_list>
<pin id="29" dir="1" index="0" bw="1" slack="2147483647"/>
</pin_list>
<bind>
<StgValue><ssdm name=""/></StgValue>
</bind>
</comp>

<comp id="30" class="1001" name="const_30">
<pin_list>
<pin id="31" dir="1" index="0" bw="1" slack="2147483647"/>
</pin_list>
<bind>
<StgValue><ssdm name="p_str"/></StgValue>
</bind>
</comp>

<comp id="32" class="1001" name="const_32">
<pin_list>
<pin id="33" dir="1" index="0" bw="1" slack="2147483647"/>
</pin_list>
<bind>
<StgValue><ssdm name=""/></StgValue>
</bind>
</comp>

<comp id="34" class="1001" name="const_34">
<pin_list>
<pin id="35" dir="1" index="0" bw="1" slack="2147483647"/>
</pin_list>
<bind>
<StgValue><ssdm name=""/></StgValue>
</bind>
</comp>

<comp id="36" class="1001" name="const_36">
<pin_list>
<pin id="37" dir="1" index="0" bw="1" slack="1"/>
</pin_list>
<bind>
<StgValue><ssdm name=""/></StgValue>
</bind>
</comp>

<comp id="38" class="1001" name="const_38">
<pin_list>
<pin id="39" dir="1" index="0" bw="1" slack="0"/>
</pin_list>
<bind>
<StgValue><ssdm name=""/></StgValue>
</bind>
</comp>

<comp id="40" class="1001" name="const_40">
<pin_list>
<pin id="41" dir="1" index="0" bw="1" slack="0"/>
</pin_list>
<bind>
<StgValue><ssdm name=""/></StgValue>
</bind>
</comp>

<comp id="42" class="1001" name="const_42">
<pin_list>
<pin id="43" dir="1" index="0" bw="1" slack="2147483647"/>
</pin_list>
<bind>
<StgValue><ssdm name="_ssdm_op_SpecLoopName"/></StgValue>
</bind>
</comp>

<comp id="44" class="1001" name="const_44">
<pin_list>
<pin id="45" dir="1" index="0" bw="1" slack="2147483647"/>
</pin_list>
<bind>
<StgValue><ssdm name="ConcatLoopHeight_ConcatLoopWidth_str"/></StgValue>
</bind>
</comp>

<comp id="46" class="1001" name="const_46">
<pin_list>
<pin id="47" dir="1" index="0" bw="1" slack="2147483647"/>
</pin_list>
<bind>
<StgValue><ssdm name="_ssdm_op_SpecLoopTripCount"/></StgValue>
</bind>
</comp>

<comp id="48" class="1001" name="const_48">
<pin_list>
<pin id="49" dir="1" index="0" bw="1" slack="2147483647"/>
</pin_list>
<bind>
<StgValue><ssdm name=""/></StgValue>
</bind>
</comp>

<comp id="50" class="1001" name="const_50">
<pin_list>
<pin id="51" dir="1" index="0" bw="1" slack="2147483647"/>
</pin_list>
<bind>
<StgValue><ssdm name="p_str80"/></StgValue>
</bind>
</comp>

<comp id="52" class="1001" name="const_52">
<pin_list>
<pin id="53" dir="1" index="0" bw="1" slack="2147483647"/>
</pin_list>
<bind>
<StgValue><ssdm name="_ssdm_op_SpecRegionBegin"/></StgValue>
</bind>
</comp>

<comp id="54" class="1001" name="const_54">
<pin_list>
<pin id="55" dir="1" index="0" bw="1" slack="2147483647"/>
</pin_list>
<bind>
<StgValue><ssdm name="_ssdm_op_SpecPipeline"/></StgValue>
</bind>
</comp>

<comp id="56" class="1001" name="const_56">
<pin_list>
<pin id="57" dir="1" index="0" bw="1" slack="2147483647"/>
</pin_list>
<bind>
<StgValue><ssdm name=""/></StgValue>
</bind>
</comp>

<comp id="58" class="1001" name="const_58">
<pin_list>
<pin id="59" dir="1" index="0" bw="1" slack="2147483647"/>
</pin_list>
<bind>
<StgValue><ssdm name="p_str20"/></StgValue>
</bind>
</comp>

<comp id="60" class="1001" name="const_60">
<pin_list>
<pin id="61" dir="1" index="0" bw="1" slack="0"/>
</pin_list>
<bind>
<StgValue><ssdm name="_ssdm_op_Read.ap_fifo.volatile.i16P.i16P.i16P"/></StgValue>
</bind>
</comp>

<comp id="62" class="1001" name="const_62">
<pin_list>
<pin id="63" dir="1" index="0" bw="1" slack="0"/>
</pin_list>
<bind>
<StgValue><ssdm name="_ssdm_op_Write.ap_fifo.volatile.i16P.i16P.i16P.i16P.i16P.i16P"/></StgValue>
</bind>
</comp>

<comp id="64" class="1001" name="const_64">
<pin_list>
<pin id="65" dir="1" index="0" bw="1" slack="2147483647"/>
</pin_list>
<bind>
<StgValue><ssdm name="_ssdm_op_SpecRegionEnd"/></StgValue>
</bind>
</comp>

<comp id="66" class="1004" name="empty_227_read_fu_66">
<pin_list>
<pin id="67" dir="0" index="0" bw="48" slack="0"/>
<pin id="68" dir="0" index="1" bw="16" slack="0"/>
<pin id="69" dir="0" index="2" bw="16" slack="0"/>
<pin id="70" dir="0" index="3" bw="16" slack="0"/>
<pin id="71" dir="1" index="4" bw="48" slack="0"/>
</pin_list>
<bind>
<opcode="read(1150) " fcode="read"/>
<opset="empty_227/3 "/>
</bind>
</comp>

<comp id="76" class="1004" name="empty_228_read_fu_76">
<pin_list>
<pin id="77" dir="0" index="0" bw="48" slack="0"/>
<pin id="78" dir="0" index="1" bw="16" slack="0"/>
<pin id="79" dir="0" index="2" bw="16" slack="0"/>
<pin id="80" dir="0" index="3" bw="16" slack="0"/>
<pin id="81" dir="1" index="4" bw="48" slack="0"/>
</pin_list>
<bind>
<opcode="read(1150) " fcode="read"/>
<opset="empty_228/3 "/>
</bind>
</comp>

<comp id="86" class="1004" name="write_ln254_write_fu_86">
<pin_list>
<pin id="87" dir="0" index="0" bw="0" slack="0"/>
<pin id="88" dir="0" index="1" bw="16" slack="0"/>
<pin id="89" dir="0" index="2" bw="16" slack="0"/>
<pin id="90" dir="0" index="3" bw="16" slack="0"/>
<pin id="91" dir="0" index="4" bw="16" slack="0"/>
<pin id="92" dir="0" index="5" bw="16" slack="0"/>
<pin id="93" dir="0" index="6" bw="16" slack="0"/>
<pin id="94" dir="0" index="7" bw="16" slack="0"/>
<pin id="95" dir="0" index="8" bw="16" slack="0"/>
<pin id="96" dir="0" index="9" bw="16" slack="0"/>
<pin id="97" dir="0" index="10" bw="16" slack="0"/>
<pin id="98" dir="0" index="11" bw="16" slack="0"/>
<pin id="99" dir="0" index="12" bw="16" slack="0"/>
<pin id="100" dir="1" index="13" bw="0" slack="2147483647"/>
</pin_list>
<bind>
<opcode="write(1151) " fcode="write"/>
<opset="write_ln254/3 "/>
</bind>
</comp>

<comp id="108" class="1005" name="indvar_flatten_reg_108">
<pin_list>
<pin id="109" dir="0" index="0" bw="11" slack="1"/>
<pin id="110" dir="1" index="1" bw="11" slack="1"/>
</pin_list>
<bind>
<opset="indvar_flatten (phireg) "/>
</bind>
</comp>

<comp id="112" class="1004" name="indvar_flatten_phi_fu_112">
<pin_list>
<pin id="113" dir="0" index="0" bw="1" slack="1"/>
<pin id="114" dir="0" index="1" bw="0" slack="2147483647"/>
<pin id="115" dir="0" index="2" bw="11" slack="0"/>
<pin id="116" dir="0" index="3" bw="0" slack="2147483647"/>
<pin id="117" dir="1" index="4" bw="11" slack="0"/>
</pin_list>
<bind>
<opcode="phi(47) " fcode="phi"/>
<opset="indvar_flatten/2 "/>
</bind>
</comp>

<comp id="119" class="1004" name="icmp_ln232_fu_119">
<pin_list>
<pin id="120" dir="0" index="0" bw="11" slack="0"/>
<pin id="121" dir="0" index="1" bw="11" slack="0"/>
<pin id="122" dir="1" index="2" bw="1" slack="1"/>
</pin_list>
<bind>
<opcode="icmp(45) " fcode="icmp"/>
<opset="icmp_ln232/2 "/>
</bind>
</comp>

<comp id="125" class="1004" name="add_ln232_fu_125">
<pin_list>
<pin id="126" dir="0" index="0" bw="11" slack="0"/>
<pin id="127" dir="0" index="1" bw="1" slack="0"/>
<pin id="128" dir="1" index="2" bw="11" slack="0"/>
</pin_list>
<bind>
<opcode="add(8) " fcode="add"/>
<opset="add_ln232/2 "/>
</bind>
</comp>

<comp id="131" class="1004" name="tmp_data_0_V_fu_131">
<pin_list>
<pin id="132" dir="0" index="0" bw="48" slack="0"/>
<pin id="133" dir="1" index="1" bw="16" slack="0"/>
</pin_list>
<bind>
<opcode="extractvalue(56) " fcode="extractvalue"/>
<opset="tmp_data_0_V/3 "/>
</bind>
</comp>

<comp id="136" class="1004" name="tmp_data_1_V_fu_136">
<pin_list>
<pin id="137" dir="0" index="0" bw="48" slack="0"/>
<pin id="138" dir="1" index="1" bw="16" slack="0"/>
</pin_list>
<bind>
<opcode="extractvalue(56) " fcode="extractvalue"/>
<opset="tmp_data_1_V/3 "/>
</bind>
</comp>

<comp id="141" class="1004" name="tmp_data_2_V_fu_141">
<pin_list>
<pin id="142" dir="0" index="0" bw="48" slack="0"/>
<pin id="143" dir="1" index="1" bw="16" slack="0"/>
</pin_list>
<bind>
<opcode="extractvalue(56) " fcode="extractvalue"/>
<opset="tmp_data_2_V/3 "/>
</bind>
</comp>

<comp id="146" class="1004" name="tmp_data_0_V_29_fu_146">
<pin_list>
<pin id="147" dir="0" index="0" bw="48" slack="0"/>
<pin id="148" dir="1" index="1" bw="16" slack="0"/>
</pin_list>
<bind>
<opcode="extractvalue(56) " fcode="extractvalue"/>
<opset="tmp_data_0_V_29/3 "/>
</bind>
</comp>

<comp id="151" class="1004" name="tmp_data_1_V_28_fu_151">
<pin_list>
<pin id="152" dir="0" index="0" bw="48" slack="0"/>
<pin id="153" dir="1" index="1" bw="16" slack="0"/>
</pin_list>
<bind>
<opcode="extractvalue(56) " fcode="extractvalue"/>
<opset="tmp_data_1_V_28/3 "/>
</bind>
</comp>

<comp id="156" class="1004" name="tmp_data_2_V_28_fu_156">
<pin_list>
<pin id="157" dir="0" index="0" bw="48" slack="0"/>
<pin id="158" dir="1" index="1" bw="16" slack="0"/>
</pin_list>
<bind>
<opcode="extractvalue(56) " fcode="extractvalue"/>
<opset="tmp_data_2_V_28/3 "/>
</bind>
</comp>

<comp id="161" class="1005" name="icmp_ln232_reg_161">
<pin_list>
<pin id="162" dir="0" index="0" bw="1" slack="1"/>
<pin id="163" dir="1" index="1" bw="1" slack="2147483647"/>
</pin_list>
<bind>
<opset="icmp_ln232 "/>
</bind>
</comp>

<comp id="165" class="1005" name="add_ln232_reg_165">
<pin_list>
<pin id="166" dir="0" index="0" bw="11" slack="0"/>
<pin id="167" dir="1" index="1" bw="11" slack="0"/>
</pin_list>
<bind>
<opset="add_ln232 "/>
</bind>
</comp>

</comp_list>

<net_list>
<net id="72"><net_src comp="60" pin="0"/><net_sink comp="66" pin=0"/></net>

<net id="73"><net_src comp="0" pin="0"/><net_sink comp="66" pin=1"/></net>

<net id="74"><net_src comp="2" pin="0"/><net_sink comp="66" pin=2"/></net>

<net id="75"><net_src comp="4" pin="0"/><net_sink comp="66" pin=3"/></net>

<net id="82"><net_src comp="60" pin="0"/><net_sink comp="76" pin=0"/></net>

<net id="83"><net_src comp="6" pin="0"/><net_sink comp="76" pin=1"/></net>

<net id="84"><net_src comp="8" pin="0"/><net_sink comp="76" pin=2"/></net>

<net id="85"><net_src comp="10" pin="0"/><net_sink comp="76" pin=3"/></net>

<net id="101"><net_src comp="62" pin="0"/><net_sink comp="86" pin=0"/></net>

<net id="102"><net_src comp="12" pin="0"/><net_sink comp="86" pin=1"/></net>

<net id="103"><net_src comp="14" pin="0"/><net_sink comp="86" pin=2"/></net>

<net id="104"><net_src comp="16" pin="0"/><net_sink comp="86" pin=3"/></net>

<net id="105"><net_src comp="18" pin="0"/><net_sink comp="86" pin=4"/></net>

<net id="106"><net_src comp="20" pin="0"/><net_sink comp="86" pin=5"/></net>

<net id="107"><net_src comp="22" pin="0"/><net_sink comp="86" pin=6"/></net>

<net id="111"><net_src comp="36" pin="0"/><net_sink comp="108" pin=0"/></net>

<net id="118"><net_src comp="108" pin="1"/><net_sink comp="112" pin=0"/></net>

<net id="123"><net_src comp="112" pin="4"/><net_sink comp="119" pin=0"/></net>

<net id="124"><net_src comp="38" pin="0"/><net_sink comp="119" pin=1"/></net>

<net id="129"><net_src comp="112" pin="4"/><net_sink comp="125" pin=0"/></net>

<net id="130"><net_src comp="40" pin="0"/><net_sink comp="125" pin=1"/></net>

<net id="134"><net_src comp="66" pin="4"/><net_sink comp="131" pin=0"/></net>

<net id="135"><net_src comp="131" pin="1"/><net_sink comp="86" pin=7"/></net>

<net id="139"><net_src comp="66" pin="4"/><net_sink comp="136" pin=0"/></net>

<net id="140"><net_src comp="136" pin="1"/><net_sink comp="86" pin=8"/></net>

<net id="144"><net_src comp="66" pin="4"/><net_sink comp="141" pin=0"/></net>

<net id="145"><net_src comp="141" pin="1"/><net_sink comp="86" pin=9"/></net>

<net id="149"><net_src comp="76" pin="4"/><net_sink comp="146" pin=0"/></net>

<net id="150"><net_src comp="146" pin="1"/><net_sink comp="86" pin=10"/></net>

<net id="154"><net_src comp="76" pin="4"/><net_sink comp="151" pin=0"/></net>

<net id="155"><net_src comp="151" pin="1"/><net_sink comp="86" pin=11"/></net>

<net id="159"><net_src comp="76" pin="4"/><net_sink comp="156" pin=0"/></net>

<net id="160"><net_src comp="156" pin="1"/><net_sink comp="86" pin=12"/></net>

<net id="164"><net_src comp="119" pin="2"/><net_sink comp="161" pin=0"/></net>

<net id="168"><net_src comp="125" pin="2"/><net_sink comp="165" pin=0"/></net>

<net id="169"><net_src comp="165" pin="1"/><net_sink comp="112" pin=2"/></net>

</net_list>

</model> 
---------------- Datapath Model END ------------------

* FSMD analyzer results:
  - Output states:
	Port: res_V_data_0_V | {3 }
	Port: res_V_data_1_V | {3 }
	Port: res_V_data_2_V | {3 }
	Port: res_V_data_3_V | {3 }
	Port: res_V_data_4_V | {3 }
	Port: res_V_data_5_V | {3 }
 - Input state : 
	Port: concatenate3d<array,array,array<ap_fixed<16,6,5,3,0>,6u>,config17> : data1_V_data_0_V | {3 }
	Port: concatenate3d<array,array,array<ap_fixed<16,6,5,3,0>,6u>,config17> : data1_V_data_1_V | {3 }
	Port: concatenate3d<array,array,array<ap_fixed<16,6,5,3,0>,6u>,config17> : data1_V_data_2_V | {3 }
	Port: concatenate3d<array,array,array<ap_fixed<16,6,5,3,0>,6u>,config17> : data2_V_data_0_V | {3 }
	Port: concatenate3d<array,array,array<ap_fixed<16,6,5,3,0>,6u>,config17> : data2_V_data_1_V | {3 }
	Port: concatenate3d<array,array,array<ap_fixed<16,6,5,3,0>,6u>,config17> : data2_V_data_2_V | {3 }
  - Chain level:
	State 1
	State 2
		icmp_ln232 : 1
		add_ln232 : 1
		br_ln232 : 2
	State 3
		write_ln254 : 1
		empty_229 : 1
	State 4


============================================================
+ Verbose Summary: Datapath Resource usage 
============================================================

* Functional unit list:
|----------|-------------------------|---------|---------|
| Operation|     Functional Unit     |    FF   |   LUT   |
|----------|-------------------------|---------|---------|
|   icmp   |    icmp_ln232_fu_119    |    0    |    13   |
|----------|-------------------------|---------|---------|
|    add   |     add_ln232_fu_125    |    0    |    13   |
|----------|-------------------------|---------|---------|
|   read   |   empty_227_read_fu_66  |    0    |    0    |
|          |   empty_228_read_fu_76  |    0    |    0    |
|----------|-------------------------|---------|---------|
|   write  | write_ln254_write_fu_86 |    0    |    0    |
|----------|-------------------------|---------|---------|
|          |   tmp_data_0_V_fu_131   |    0    |    0    |
|          |   tmp_data_1_V_fu_136   |    0    |    0    |
|extractvalue|   tmp_data_2_V_fu_141   |    0    |    0    |
|          |  tmp_data_0_V_29_fu_146 |    0    |    0    |
|          |  tmp_data_1_V_28_fu_151 |    0    |    0    |
|          |  tmp_data_2_V_28_fu_156 |    0    |    0    |
|----------|-------------------------|---------|---------|
|   Total  |                         |    0    |    26   |
|----------|-------------------------|---------|---------|

Memories:
N/A

* Register list:
+----------------------+--------+
|                      |   FF   |
+----------------------+--------+
|   add_ln232_reg_165  |   11   |
|  icmp_ln232_reg_161  |    1   |
|indvar_flatten_reg_108|   11   |
+----------------------+--------+
|         Total        |   23   |
+----------------------+--------+

* Multiplexer (MUX) list: 
|--------|------|------|------|--------|
|  Comp  |  Pin | Size |  BW  | S x BW |
|--------|------|------|------|--------|
|  Total |      |      |      |    0   |
|--------|------|------|------|--------|



* Summary:
+-----------+--------+--------+
|           |   FF   |   LUT  |
+-----------+--------+--------+
|  Function |    0   |   26   |
|   Memory  |    -   |    -   |
|Multiplexer|    -   |    -   |
|  Register |   23   |    -   |
+-----------+--------+--------+
|   Total   |   23   |   26   |
+-----------+--------+--------+
