

================================================================
== Vivado HLS Report for 'pooling2d_cl_array_ap_fixed_4u_array_ap_fixed_16_6_5_3_0_4u_config4_s'
================================================================
* Date:           Fri Jun 27 09:42:34 2025

* Version:        2020.1 (Build 2897737 on Wed May 27 20:21:37 MDT 2020)
* Project:        myproject_prj
* Solution:       solution1
* Product family: zynq
* Target device:  xc7z020-clg400-1


================================================================
== Performance Estimates
================================================================
+ Timing: 
    * Summary: 
    +--------+---------+----------+------------+
    |  Clock |  Target | Estimated| Uncertainty|
    +--------+---------+----------+------------+
    |ap_clk  | 5.00 ns | 4.429 ns |   0.62 ns  |
    +--------+---------+----------+------------+

+ Latency: 
    * Summary: 
    +---------+---------+-----------+-----------+------+------+---------+
    |  Latency (cycles) |   Latency (absolute)  |   Interval  | Pipeline|
    |   min   |   max   |    min    |    max    |  min |  max |   Type  |
    +---------+---------+-----------+-----------+------+------+---------+
    |     2052|     2052| 10.260 us | 10.260 us |  2052|  2052|   none  |
    +---------+---------+-----------+-----------+------+------+---------+

    + Detail: 
        * Instance: 
        N/A

        * Loop: 
        +----------------------------------+---------+---------+----------+-----------+-----------+------+----------+
        |                                  |  Latency (cycles) | Iteration|  Initiation Interval  | Trip |          |
        |             Loop Name            |   min   |   max   |  Latency |  achieved |   target  | Count| Pipelined|
        +----------------------------------+---------+---------+----------+-----------+-----------+------+----------+
        |- ReadInputHeight_ReadInputWidth  |     2050|     2050|         5|          2|          1|  1024|    yes   |
        +----------------------------------+---------+---------+----------+-----------+-----------+------+----------+

============================================================
+ Verbose Summary: Synthesis Manager
============================================================
InlineROM: 1
ExposeGlobal: 0
============================================================
+ Verbose Summary: CDFG Model
============================================================
IsTopModel: 0
ResetActiveHigh: 1
IsCombinational: 2
IsDatapathOnly: 0
HasWiredReturn: 1
HasMFsm: 0
HasVarLatency: 1
IsPipeline: 0
IsRtlPipelined: 0
IsInstanceOverlapped: 0
IsDontTouch: 0
HasImplIP: 0
IsGatedGlobalClock: 0

+ Individual pipeline summary: 
  * Pipeline-0: initiation interval (II) = 2, depth = 5


============================================================
+ Verbose Summary: Schedule
============================================================
* Number of FSM states : 7
* Pipeline : 1
  Pipeline-0 : II = 2, D = 5, States = { 2 3 4 5 6 }
* Dataflow Pipeline: 0

* FSM state transitions: 
1 --> 2 
2 --> 7 3 
3 --> 4 
4 --> 5 
5 --> 6 
6 --> 2 
7 --> 

* FSM state operations: 

State 1 <SV = 0> <Delay = 1.76>
ST_1 : Operation 8 [1/1] (0.00ns)   --->   "call void (...)* @_ssdm_op_SpecInterface(i16* %res_V_data_3_V, [8 x i8]* @ap_fifo_str, i32 0, i32 0, [1 x i8]* @p_str, i32 0, i32 0, [1 x i8]* @p_str, [1 x i8]* @p_str, [1 x i8]* @p_str, i32 2, i32 2, i32 16, i32 16, [1 x i8]* @p_str, [1 x i8]* @p_str)"   --->   Operation 8 'specinterface' <Predicate = true> <Delay = 0.00>
ST_1 : Operation 9 [1/1] (0.00ns)   --->   "call void (...)* @_ssdm_op_SpecInterface(i16* %res_V_data_2_V, [8 x i8]* @ap_fifo_str, i32 0, i32 0, [1 x i8]* @p_str, i32 0, i32 0, [1 x i8]* @p_str, [1 x i8]* @p_str, [1 x i8]* @p_str, i32 2, i32 2, i32 16, i32 16, [1 x i8]* @p_str, [1 x i8]* @p_str)"   --->   Operation 9 'specinterface' <Predicate = true> <Delay = 0.00>
ST_1 : Operation 10 [1/1] (0.00ns)   --->   "call void (...)* @_ssdm_op_SpecInterface(i16* %res_V_data_1_V, [8 x i8]* @ap_fifo_str, i32 0, i32 0, [1 x i8]* @p_str, i32 0, i32 0, [1 x i8]* @p_str, [1 x i8]* @p_str, [1 x i8]* @p_str, i32 2, i32 2, i32 16, i32 16, [1 x i8]* @p_str, [1 x i8]* @p_str)"   --->   Operation 10 'specinterface' <Predicate = true> <Delay = 0.00>
ST_1 : Operation 11 [1/1] (0.00ns)   --->   "call void (...)* @_ssdm_op_SpecInterface(i16* %res_V_data_0_V, [8 x i8]* @ap_fifo_str, i32 0, i32 0, [1 x i8]* @p_str, i32 0, i32 0, [1 x i8]* @p_str, [1 x i8]* @p_str, [1 x i8]* @p_str, i32 2, i32 2, i32 16, i32 16, [1 x i8]* @p_str, [1 x i8]* @p_str)"   --->   Operation 11 'specinterface' <Predicate = true> <Delay = 0.00>
ST_1 : Operation 12 [1/1] (0.00ns)   --->   "call void (...)* @_ssdm_op_SpecInterface(i16* %data_V_data_3_V, [8 x i8]* @ap_fifo_str, i32 0, i32 0, [1 x i8]* @p_str, i32 0, i32 0, [1 x i8]* @p_str, [1 x i8]* @p_str, [1 x i8]* @p_str, i32 2, i32 2, i32 16, i32 16, [1 x i8]* @p_str, [1 x i8]* @p_str)"   --->   Operation 12 'specinterface' <Predicate = true> <Delay = 0.00>
ST_1 : Operation 13 [1/1] (0.00ns)   --->   "call void (...)* @_ssdm_op_SpecInterface(i16* %data_V_data_2_V, [8 x i8]* @ap_fifo_str, i32 0, i32 0, [1 x i8]* @p_str, i32 0, i32 0, [1 x i8]* @p_str, [1 x i8]* @p_str, [1 x i8]* @p_str, i32 2, i32 2, i32 16, i32 16, [1 x i8]* @p_str, [1 x i8]* @p_str)"   --->   Operation 13 'specinterface' <Predicate = true> <Delay = 0.00>
ST_1 : Operation 14 [1/1] (0.00ns)   --->   "call void (...)* @_ssdm_op_SpecInterface(i16* %data_V_data_1_V, [8 x i8]* @ap_fifo_str, i32 0, i32 0, [1 x i8]* @p_str, i32 0, i32 0, [1 x i8]* @p_str, [1 x i8]* @p_str, [1 x i8]* @p_str, i32 2, i32 2, i32 16, i32 16, [1 x i8]* @p_str, [1 x i8]* @p_str)"   --->   Operation 14 'specinterface' <Predicate = true> <Delay = 0.00>
ST_1 : Operation 15 [1/1] (0.00ns)   --->   "call void (...)* @_ssdm_op_SpecInterface(i16* %data_V_data_0_V, [8 x i8]* @ap_fifo_str, i32 0, i32 0, [1 x i8]* @p_str, i32 0, i32 0, [1 x i8]* @p_str, [1 x i8]* @p_str, [1 x i8]* @p_str, i32 2, i32 2, i32 16, i32 16, [1 x i8]* @p_str, [1 x i8]* @p_str)"   --->   Operation 15 'specinterface' <Predicate = true> <Delay = 0.00>
ST_1 : Operation 16 [1/1] (1.76ns)   --->   "br label %0" [firmware/nnet_utils/nnet_pooling_stream.h:241->firmware/nnet_utils/nnet_pooling_stream.h:257]   --->   Operation 16 'br' <Predicate = true> <Delay = 1.76>

State 2 <SV = 1> <Delay = 1.88>
ST_2 : Operation 17 [1/1] (0.00ns)   --->   "%indvar_flatten = phi i11 [ 0, %codeRepl ], [ %add_ln241, %ReadInputWidth_end ]" [firmware/nnet_utils/nnet_pooling_stream.h:241->firmware/nnet_utils/nnet_pooling_stream.h:257]   --->   Operation 17 'phi' 'indvar_flatten' <Predicate = true> <Delay = 0.00>
ST_2 : Operation 18 [1/1] (1.88ns)   --->   "%icmp_ln241 = icmp eq i11 %indvar_flatten, -1024" [firmware/nnet_utils/nnet_pooling_stream.h:241->firmware/nnet_utils/nnet_pooling_stream.h:257]   --->   Operation 18 'icmp' 'icmp_ln241' <Predicate = true> <Delay = 1.88> <Core = "Cmp">   --->   Core 25 'Cmp' <Latency = 0> <II = 1> <Delay = 2.47> <FuncUnit> <Opcode : 'icmp'> <InPorts = 2> <OutPorts = 1>
ST_2 : Operation 19 [1/1] (1.63ns)   --->   "%add_ln241 = add i11 %indvar_flatten, 1" [firmware/nnet_utils/nnet_pooling_stream.h:241->firmware/nnet_utils/nnet_pooling_stream.h:257]   --->   Operation 19 'add' 'add_ln241' <Predicate = true> <Delay = 1.63> <Core = "AddSub">   --->   Core 14 'AddSub' <Latency = 0> <II = 1> <Delay = 2.55> <FuncUnit> <Opcode : 'add' 'sub'> <InPorts = 2> <OutPorts = 1>
ST_2 : Operation 20 [1/1] (0.00ns)   --->   "br i1 %icmp_ln241, label %"pooling2d_buffer_cl<array<ap_fixed<16, 6, 5, 3, 0>, 4u>, array<ap_fixed<16, 6, 5, 3, 0>, 4u>, config4>.exit", label %ReadInputWidth_begin" [firmware/nnet_utils/nnet_pooling_stream.h:241->firmware/nnet_utils/nnet_pooling_stream.h:257]   --->   Operation 20 'br' <Predicate = true> <Delay = 0.00>

State 3 <SV = 2> <Delay = 2.18>
ST_3 : Operation 21 [1/1] (2.18ns)   --->   "%empty_105 = call { i16, i16, i16, i16 } @_ssdm_op_Read.ap_fifo.volatile.i16P.i16P.i16P.i16P(i16* %data_V_data_0_V, i16* %data_V_data_1_V, i16* %data_V_data_2_V, i16* %data_V_data_3_V)" [firmware/nnet_utils/nnet_pooling_stream.h:247->firmware/nnet_utils/nnet_pooling_stream.h:257]   --->   Operation 21 'read' 'empty_105' <Predicate = (!icmp_ln241)> <Delay = 2.18> <Core = "FIFO">   --->   Core 32 'FIFO' <Latency = 0> <II = 1> <Delay = 3.63> <Storage> <Opcode : 'read' 'write' 'nbread' 'nbwrite'> <Ports = 0> <Width = 16> <Depth = 3> <FIFO>
ST_3 : Operation 22 [1/1] (0.00ns)   --->   "%pool_window_3_V = extractvalue { i16, i16, i16, i16 } %empty_105, 0" [firmware/nnet_utils/nnet_pooling_stream.h:247->firmware/nnet_utils/nnet_pooling_stream.h:257]   --->   Operation 22 'extractvalue' 'pool_window_3_V' <Predicate = (!icmp_ln241)> <Delay = 0.00>
ST_3 : Operation 23 [1/1] (0.00ns)   --->   "%pool_window_3_V_8 = extractvalue { i16, i16, i16, i16 } %empty_105, 1" [firmware/nnet_utils/nnet_pooling_stream.h:247->firmware/nnet_utils/nnet_pooling_stream.h:257]   --->   Operation 23 'extractvalue' 'pool_window_3_V_8' <Predicate = (!icmp_ln241)> <Delay = 0.00>
ST_3 : Operation 24 [1/1] (0.00ns)   --->   "%pool_window_3_V_9 = extractvalue { i16, i16, i16, i16 } %empty_105, 2" [firmware/nnet_utils/nnet_pooling_stream.h:247->firmware/nnet_utils/nnet_pooling_stream.h:257]   --->   Operation 24 'extractvalue' 'pool_window_3_V_9' <Predicate = (!icmp_ln241)> <Delay = 0.00>
ST_3 : Operation 25 [1/1] (0.00ns)   --->   "%pool_window_3_V_10 = extractvalue { i16, i16, i16, i16 } %empty_105, 3" [firmware/nnet_utils/nnet_pooling_stream.h:247->firmware/nnet_utils/nnet_pooling_stream.h:257]   --->   Operation 25 'extractvalue' 'pool_window_3_V_10' <Predicate = (!icmp_ln241)> <Delay = 0.00>

State 4 <SV = 3> <Delay = 4.42>
ST_4 : Operation 26 [1/1] (1.62ns)   --->   "%pool_window_1_V = call i16 @"_ssdm_op_MemShiftRead.[32 x i16]P"(i16* getelementptr inbounds ([32 x i16]* @line_buffer_Array_V_6_0_0, i64 0, i64 31), i16 %pool_window_3_V, i1 true)" [firmware/nnet_utils/nnet_conv_stream.h:241->firmware/nnet_utils/nnet_pooling_stream.h:188->firmware/nnet_utils/nnet_pooling_stream.h:247->firmware/nnet_utils/nnet_pooling_stream.h:257]   --->   Operation 26 'memshiftread' 'pool_window_1_V' <Predicate = (!icmp_ln241)> <Delay = 1.62> <Core = "ShiftReg">   --->   Core 33 'ShiftReg' <Latency = 0> <II = 1> <Delay = 1.62> <Storage> <Opcode : 'memshiftread' 'load'> <Ports = 1> <Width = 16> <Depth = 32> <ShiftMem>
ST_4 : Operation 27 [1/1] (1.62ns)   --->   "%pool_window_1_V_8 = call i16 @"_ssdm_op_MemShiftRead.[32 x i16]P"(i16* getelementptr inbounds ([32 x i16]* @line_buffer_Array_V_6_0_1, i64 0, i64 31), i16 %pool_window_3_V_8, i1 true)" [firmware/nnet_utils/nnet_conv_stream.h:241->firmware/nnet_utils/nnet_pooling_stream.h:188->firmware/nnet_utils/nnet_pooling_stream.h:247->firmware/nnet_utils/nnet_pooling_stream.h:257]   --->   Operation 27 'memshiftread' 'pool_window_1_V_8' <Predicate = (!icmp_ln241)> <Delay = 1.62> <Core = "ShiftReg">   --->   Core 33 'ShiftReg' <Latency = 0> <II = 1> <Delay = 1.62> <Storage> <Opcode : 'memshiftread' 'load'> <Ports = 1> <Width = 16> <Depth = 32> <ShiftMem>
ST_4 : Operation 28 [1/1] (1.62ns)   --->   "%pool_window_1_V_9 = call i16 @"_ssdm_op_MemShiftRead.[32 x i16]P"(i16* getelementptr inbounds ([32 x i16]* @line_buffer_Array_V_6_0_2, i64 0, i64 31), i16 %pool_window_3_V_9, i1 true)" [firmware/nnet_utils/nnet_conv_stream.h:241->firmware/nnet_utils/nnet_pooling_stream.h:188->firmware/nnet_utils/nnet_pooling_stream.h:247->firmware/nnet_utils/nnet_pooling_stream.h:257]   --->   Operation 28 'memshiftread' 'pool_window_1_V_9' <Predicate = (!icmp_ln241)> <Delay = 1.62> <Core = "ShiftReg">   --->   Core 33 'ShiftReg' <Latency = 0> <II = 1> <Delay = 1.62> <Storage> <Opcode : 'memshiftread' 'load'> <Ports = 1> <Width = 16> <Depth = 32> <ShiftMem>
ST_4 : Operation 29 [1/1] (1.62ns)   --->   "%pool_window_1_V_10 = call i16 @"_ssdm_op_MemShiftRead.[32 x i16]P"(i16* getelementptr inbounds ([32 x i16]* @line_buffer_Array_V_6_0_3, i64 0, i64 31), i16 %pool_window_3_V_10, i1 true)" [firmware/nnet_utils/nnet_conv_stream.h:241->firmware/nnet_utils/nnet_pooling_stream.h:188->firmware/nnet_utils/nnet_pooling_stream.h:247->firmware/nnet_utils/nnet_pooling_stream.h:257]   --->   Operation 29 'memshiftread' 'pool_window_1_V_10' <Predicate = (!icmp_ln241)> <Delay = 1.62> <Core = "ShiftReg">   --->   Core 33 'ShiftReg' <Latency = 0> <II = 1> <Delay = 1.62> <Storage> <Opcode : 'memshiftread' 'load'> <Ports = 1> <Width = 16> <Depth = 32> <ShiftMem>
ST_4 : Operation 30 [1/1] (0.00ns)   --->   "%pool_window_0_V = load i16* @kernel_data_V_6_4, align 8" [firmware/nnet_utils/nnet_conv_stream.h:196->firmware/nnet_utils/nnet_conv_stream.h:247->firmware/nnet_utils/nnet_pooling_stream.h:188->firmware/nnet_utils/nnet_pooling_stream.h:247->firmware/nnet_utils/nnet_pooling_stream.h:257]   --->   Operation 30 'load' 'pool_window_0_V' <Predicate = (!icmp_ln241)> <Delay = 0.00>
ST_4 : Operation 31 [1/1] (0.00ns)   --->   "%pool_window_0_V_8 = load i16* @kernel_data_V_6_5, align 2" [firmware/nnet_utils/nnet_conv_stream.h:196->firmware/nnet_utils/nnet_conv_stream.h:247->firmware/nnet_utils/nnet_pooling_stream.h:188->firmware/nnet_utils/nnet_pooling_stream.h:247->firmware/nnet_utils/nnet_pooling_stream.h:257]   --->   Operation 31 'load' 'pool_window_0_V_8' <Predicate = (!icmp_ln241)> <Delay = 0.00>
ST_4 : Operation 32 [1/1] (0.00ns)   --->   "%pool_window_0_V_9 = load i16* @kernel_data_V_6_6, align 4" [firmware/nnet_utils/nnet_conv_stream.h:196->firmware/nnet_utils/nnet_conv_stream.h:247->firmware/nnet_utils/nnet_pooling_stream.h:188->firmware/nnet_utils/nnet_pooling_stream.h:247->firmware/nnet_utils/nnet_pooling_stream.h:257]   --->   Operation 32 'load' 'pool_window_0_V_9' <Predicate = (!icmp_ln241)> <Delay = 0.00>
ST_4 : Operation 33 [1/1] (0.00ns)   --->   "%pool_window_0_V_10 = load i16* @kernel_data_V_6_7, align 2" [firmware/nnet_utils/nnet_conv_stream.h:196->firmware/nnet_utils/nnet_conv_stream.h:247->firmware/nnet_utils/nnet_pooling_stream.h:188->firmware/nnet_utils/nnet_pooling_stream.h:247->firmware/nnet_utils/nnet_pooling_stream.h:257]   --->   Operation 33 'load' 'pool_window_0_V_10' <Predicate = (!icmp_ln241)> <Delay = 0.00>
ST_4 : Operation 34 [1/1] (0.00ns)   --->   "%pool_window_2_V = load i16* @kernel_data_V_6_12, align 8" [firmware/nnet_utils/nnet_conv_stream.h:196->firmware/nnet_utils/nnet_conv_stream.h:247->firmware/nnet_utils/nnet_pooling_stream.h:188->firmware/nnet_utils/nnet_pooling_stream.h:247->firmware/nnet_utils/nnet_pooling_stream.h:257]   --->   Operation 34 'load' 'pool_window_2_V' <Predicate = (!icmp_ln241)> <Delay = 0.00>
ST_4 : Operation 35 [1/1] (0.00ns)   --->   "%pool_window_2_V_8 = load i16* @kernel_data_V_6_13, align 2" [firmware/nnet_utils/nnet_conv_stream.h:196->firmware/nnet_utils/nnet_conv_stream.h:247->firmware/nnet_utils/nnet_pooling_stream.h:188->firmware/nnet_utils/nnet_pooling_stream.h:247->firmware/nnet_utils/nnet_pooling_stream.h:257]   --->   Operation 35 'load' 'pool_window_2_V_8' <Predicate = (!icmp_ln241)> <Delay = 0.00>
ST_4 : Operation 36 [1/1] (0.00ns)   --->   "%pool_window_2_V_9 = load i16* @kernel_data_V_6_14, align 4" [firmware/nnet_utils/nnet_conv_stream.h:196->firmware/nnet_utils/nnet_conv_stream.h:247->firmware/nnet_utils/nnet_pooling_stream.h:188->firmware/nnet_utils/nnet_pooling_stream.h:247->firmware/nnet_utils/nnet_pooling_stream.h:257]   --->   Operation 36 'load' 'pool_window_2_V_9' <Predicate = (!icmp_ln241)> <Delay = 0.00>
ST_4 : Operation 37 [1/1] (0.00ns)   --->   "%pool_window_2_V_10 = load i16* @kernel_data_V_6_15, align 2" [firmware/nnet_utils/nnet_conv_stream.h:196->firmware/nnet_utils/nnet_conv_stream.h:247->firmware/nnet_utils/nnet_pooling_stream.h:188->firmware/nnet_utils/nnet_pooling_stream.h:247->firmware/nnet_utils/nnet_pooling_stream.h:257]   --->   Operation 37 'load' 'pool_window_2_V_10' <Predicate = (!icmp_ln241)> <Delay = 0.00>
ST_4 : Operation 38 [1/1] (0.00ns)   --->   "store i16 %pool_window_1_V, i16* @kernel_data_V_6_4, align 8" [firmware/nnet_utils/nnet_conv_stream.h:209->firmware/nnet_utils/nnet_conv_stream.h:247->firmware/nnet_utils/nnet_pooling_stream.h:188->firmware/nnet_utils/nnet_pooling_stream.h:247->firmware/nnet_utils/nnet_pooling_stream.h:257]   --->   Operation 38 'store' <Predicate = (!icmp_ln241)> <Delay = 0.00>
ST_4 : Operation 39 [1/1] (0.00ns)   --->   "store i16 %pool_window_1_V_8, i16* @kernel_data_V_6_5, align 2" [firmware/nnet_utils/nnet_conv_stream.h:209->firmware/nnet_utils/nnet_conv_stream.h:247->firmware/nnet_utils/nnet_pooling_stream.h:188->firmware/nnet_utils/nnet_pooling_stream.h:247->firmware/nnet_utils/nnet_pooling_stream.h:257]   --->   Operation 39 'store' <Predicate = (!icmp_ln241)> <Delay = 0.00>
ST_4 : Operation 40 [1/1] (0.00ns)   --->   "store i16 %pool_window_1_V_9, i16* @kernel_data_V_6_6, align 4" [firmware/nnet_utils/nnet_conv_stream.h:209->firmware/nnet_utils/nnet_conv_stream.h:247->firmware/nnet_utils/nnet_pooling_stream.h:188->firmware/nnet_utils/nnet_pooling_stream.h:247->firmware/nnet_utils/nnet_pooling_stream.h:257]   --->   Operation 40 'store' <Predicate = (!icmp_ln241)> <Delay = 0.00>
ST_4 : Operation 41 [1/1] (0.00ns)   --->   "store i16 %pool_window_1_V_10, i16* @kernel_data_V_6_7, align 2" [firmware/nnet_utils/nnet_conv_stream.h:209->firmware/nnet_utils/nnet_conv_stream.h:247->firmware/nnet_utils/nnet_pooling_stream.h:188->firmware/nnet_utils/nnet_pooling_stream.h:247->firmware/nnet_utils/nnet_pooling_stream.h:257]   --->   Operation 41 'store' <Predicate = (!icmp_ln241)> <Delay = 0.00>
ST_4 : Operation 42 [1/1] (0.00ns)   --->   "store i16 %pool_window_3_V, i16* @kernel_data_V_6_12, align 8" [firmware/nnet_utils/nnet_conv_stream.h:209->firmware/nnet_utils/nnet_conv_stream.h:247->firmware/nnet_utils/nnet_pooling_stream.h:188->firmware/nnet_utils/nnet_pooling_stream.h:247->firmware/nnet_utils/nnet_pooling_stream.h:257]   --->   Operation 42 'store' <Predicate = (!icmp_ln241)> <Delay = 0.00>
ST_4 : Operation 43 [1/1] (0.00ns)   --->   "store i16 %pool_window_3_V_8, i16* @kernel_data_V_6_13, align 2" [firmware/nnet_utils/nnet_conv_stream.h:209->firmware/nnet_utils/nnet_conv_stream.h:247->firmware/nnet_utils/nnet_pooling_stream.h:188->firmware/nnet_utils/nnet_pooling_stream.h:247->firmware/nnet_utils/nnet_pooling_stream.h:257]   --->   Operation 43 'store' <Predicate = (!icmp_ln241)> <Delay = 0.00>
ST_4 : Operation 44 [1/1] (0.00ns)   --->   "store i16 %pool_window_3_V_9, i16* @kernel_data_V_6_14, align 4" [firmware/nnet_utils/nnet_conv_stream.h:209->firmware/nnet_utils/nnet_conv_stream.h:247->firmware/nnet_utils/nnet_pooling_stream.h:188->firmware/nnet_utils/nnet_pooling_stream.h:247->firmware/nnet_utils/nnet_pooling_stream.h:257]   --->   Operation 44 'store' <Predicate = (!icmp_ln241)> <Delay = 0.00>
ST_4 : Operation 45 [1/1] (0.00ns)   --->   "store i16 %pool_window_3_V_10, i16* @kernel_data_V_6_15, align 2" [firmware/nnet_utils/nnet_conv_stream.h:209->firmware/nnet_utils/nnet_conv_stream.h:247->firmware/nnet_utils/nnet_pooling_stream.h:188->firmware/nnet_utils/nnet_pooling_stream.h:247->firmware/nnet_utils/nnet_pooling_stream.h:257]   --->   Operation 45 'store' <Predicate = (!icmp_ln241)> <Delay = 0.00>
ST_4 : Operation 46 [1/1] (0.00ns)   --->   "%sX_3_load = load i32* @sX_3, align 4" [firmware/nnet_utils/nnet_pooling_stream.h:191->firmware/nnet_utils/nnet_pooling_stream.h:247->firmware/nnet_utils/nnet_pooling_stream.h:257]   --->   Operation 46 'load' 'sX_3_load' <Predicate = (!icmp_ln241)> <Delay = 0.00>
ST_4 : Operation 47 [1/1] (2.47ns)   --->   "%icmp_ln191 = icmp eq i32 %sX_3_load, 1" [firmware/nnet_utils/nnet_pooling_stream.h:191->firmware/nnet_utils/nnet_pooling_stream.h:247->firmware/nnet_utils/nnet_pooling_stream.h:257]   --->   Operation 47 'icmp' 'icmp_ln191' <Predicate = (!icmp_ln241)> <Delay = 2.47> <Core = "Cmp">   --->   Core 25 'Cmp' <Latency = 0> <II = 1> <Delay = 2.47> <FuncUnit> <Opcode : 'icmp'> <InPorts = 2> <OutPorts = 1>
ST_4 : Operation 48 [1/1] (0.00ns)   --->   "%sY_3_load = load i32* @sY_3, align 4" [firmware/nnet_utils/nnet_pooling_stream.h:191->firmware/nnet_utils/nnet_pooling_stream.h:247->firmware/nnet_utils/nnet_pooling_stream.h:257]   --->   Operation 48 'load' 'sY_3_load' <Predicate = (!icmp_ln241)> <Delay = 0.00>
ST_4 : Operation 49 [1/1] (2.47ns)   --->   "%icmp_ln191_4 = icmp eq i32 %sY_3_load, 1" [firmware/nnet_utils/nnet_pooling_stream.h:191->firmware/nnet_utils/nnet_pooling_stream.h:247->firmware/nnet_utils/nnet_pooling_stream.h:257]   --->   Operation 49 'icmp' 'icmp_ln191_4' <Predicate = (!icmp_ln241)> <Delay = 2.47> <Core = "Cmp">   --->   Core 25 'Cmp' <Latency = 0> <II = 1> <Delay = 2.47> <FuncUnit> <Opcode : 'icmp'> <InPorts = 2> <OutPorts = 1>
ST_4 : Operation 50 [1/1] (0.00ns)   --->   "%pY_3_load = load i32* @pY_3, align 4" [firmware/nnet_utils/nnet_pooling_stream.h:191->firmware/nnet_utils/nnet_pooling_stream.h:247->firmware/nnet_utils/nnet_pooling_stream.h:257]   --->   Operation 50 'load' 'pY_3_load' <Predicate = (!icmp_ln241)> <Delay = 0.00>
ST_4 : Operation 51 [1/1] (2.47ns)   --->   "%icmp_ln191_5 = icmp sgt i32 %pY_3_load, 0" [firmware/nnet_utils/nnet_pooling_stream.h:191->firmware/nnet_utils/nnet_pooling_stream.h:247->firmware/nnet_utils/nnet_pooling_stream.h:257]   --->   Operation 51 'icmp' 'icmp_ln191_5' <Predicate = (!icmp_ln241)> <Delay = 2.47> <Core = "Cmp">   --->   Core 25 'Cmp' <Latency = 0> <II = 1> <Delay = 2.47> <FuncUnit> <Opcode : 'icmp'> <InPorts = 2> <OutPorts = 1>
ST_4 : Operation 52 [1/1] (0.00ns)   --->   "%pX_3_load = load i32* @pX_3, align 4" [firmware/nnet_utils/nnet_pooling_stream.h:191->firmware/nnet_utils/nnet_pooling_stream.h:247->firmware/nnet_utils/nnet_pooling_stream.h:257]   --->   Operation 52 'load' 'pX_3_load' <Predicate = (!icmp_ln241)> <Delay = 0.00>
ST_4 : Operation 53 [1/1] (2.47ns)   --->   "%icmp_ln191_6 = icmp sgt i32 %pX_3_load, 0" [firmware/nnet_utils/nnet_pooling_stream.h:191->firmware/nnet_utils/nnet_pooling_stream.h:247->firmware/nnet_utils/nnet_pooling_stream.h:257]   --->   Operation 53 'icmp' 'icmp_ln191_6' <Predicate = (!icmp_ln241)> <Delay = 2.47> <Core = "Cmp">   --->   Core 25 'Cmp' <Latency = 0> <II = 1> <Delay = 2.47> <FuncUnit> <Opcode : 'icmp'> <InPorts = 2> <OutPorts = 1>
ST_4 : Operation 54 [1/1] (0.00ns) (grouped into LUT with out node and_ln191_4)   --->   "%and_ln191 = and i1 %icmp_ln191, %icmp_ln191_4" [firmware/nnet_utils/nnet_pooling_stream.h:191->firmware/nnet_utils/nnet_pooling_stream.h:247->firmware/nnet_utils/nnet_pooling_stream.h:257]   --->   Operation 54 'and' 'and_ln191' <Predicate = (!icmp_ln241)> <Delay = 0.00> <Core = "LogicGate">   --->   Core 27 'LogicGate' <Latency = 0> <II = 1> <Delay = 0.97> <FuncUnit> <Opcode : 'and' 'or' 'xor'> <InPorts = 2> <OutPorts = 1>
ST_4 : Operation 55 [1/1] (0.00ns) (grouped into LUT with out node and_ln191_4)   --->   "%and_ln191_3 = and i1 %icmp_ln191_5, %icmp_ln191_6" [firmware/nnet_utils/nnet_pooling_stream.h:191->firmware/nnet_utils/nnet_pooling_stream.h:247->firmware/nnet_utils/nnet_pooling_stream.h:257]   --->   Operation 55 'and' 'and_ln191_3' <Predicate = (!icmp_ln241)> <Delay = 0.00> <Core = "LogicGate">   --->   Core 27 'LogicGate' <Latency = 0> <II = 1> <Delay = 0.97> <FuncUnit> <Opcode : 'and' 'or' 'xor'> <InPorts = 2> <OutPorts = 1>
ST_4 : Operation 56 [1/1] (0.97ns) (out node of the LUT)   --->   "%and_ln191_4 = and i1 %and_ln191_3, %and_ln191" [firmware/nnet_utils/nnet_pooling_stream.h:191->firmware/nnet_utils/nnet_pooling_stream.h:247->firmware/nnet_utils/nnet_pooling_stream.h:257]   --->   Operation 56 'and' 'and_ln191_4' <Predicate = (!icmp_ln241)> <Delay = 0.97> <Core = "LogicGate">   --->   Core 27 'LogicGate' <Latency = 0> <II = 1> <Delay = 0.97> <FuncUnit> <Opcode : 'and' 'or' 'xor'> <InPorts = 2> <OutPorts = 1>
ST_4 : Operation 57 [1/1] (0.00ns)   --->   "br i1 %and_ln191_4, label %.preheader.i.i.0, label %._crit_edge25.i.i" [firmware/nnet_utils/nnet_pooling_stream.h:191->firmware/nnet_utils/nnet_pooling_stream.h:247->firmware/nnet_utils/nnet_pooling_stream.h:257]   --->   Operation 57 'br' <Predicate = (!icmp_ln241)> <Delay = 0.00>
ST_4 : Operation 58 [1/1] (2.42ns)   --->   "%icmp_ln1496 = icmp slt i16 %pool_window_0_V, %pool_window_1_V" [firmware/nnet_utils/nnet_common.h:66->firmware/nnet_utils/nnet_common.h:44->firmware/nnet_utils/nnet_common.h:46->firmware/nnet_utils/nnet_pooling_stream.h:21->firmware/nnet_utils/nnet_pooling_stream.h:204->firmware/nnet_utils/nnet_pooling_stream.h:247->firmware/nnet_utils/nnet_pooling_stream.h:257]   --->   Operation 58 'icmp' 'icmp_ln1496' <Predicate = (and_ln191_4)> <Delay = 2.42> <Core = "Cmp">   --->   Core 25 'Cmp' <Latency = 0> <II = 1> <Delay = 2.47> <FuncUnit> <Opcode : 'icmp'> <InPorts = 2> <OutPorts = 1>
ST_4 : Operation 59 [1/1] (2.42ns)   --->   "%icmp_ln1496_24 = icmp slt i16 %pool_window_2_V, %pool_window_3_V" [firmware/nnet_utils/nnet_common.h:66->firmware/nnet_utils/nnet_common.h:44->firmware/nnet_utils/nnet_common.h:46->firmware/nnet_utils/nnet_pooling_stream.h:21->firmware/nnet_utils/nnet_pooling_stream.h:204->firmware/nnet_utils/nnet_pooling_stream.h:247->firmware/nnet_utils/nnet_pooling_stream.h:257]   --->   Operation 59 'icmp' 'icmp_ln1496_24' <Predicate = (and_ln191_4)> <Delay = 2.42> <Core = "Cmp">   --->   Core 25 'Cmp' <Latency = 0> <II = 1> <Delay = 2.47> <FuncUnit> <Opcode : 'icmp'> <InPorts = 2> <OutPorts = 1>
ST_4 : Operation 60 [1/1] (2.42ns)   --->   "%icmp_ln1496_1 = icmp slt i16 %pool_window_0_V_8, %pool_window_1_V_8" [firmware/nnet_utils/nnet_common.h:66->firmware/nnet_utils/nnet_common.h:44->firmware/nnet_utils/nnet_common.h:46->firmware/nnet_utils/nnet_pooling_stream.h:21->firmware/nnet_utils/nnet_pooling_stream.h:204->firmware/nnet_utils/nnet_pooling_stream.h:247->firmware/nnet_utils/nnet_pooling_stream.h:257]   --->   Operation 60 'icmp' 'icmp_ln1496_1' <Predicate = (and_ln191_4)> <Delay = 2.42> <Core = "Cmp">   --->   Core 25 'Cmp' <Latency = 0> <II = 1> <Delay = 2.47> <FuncUnit> <Opcode : 'icmp'> <InPorts = 2> <OutPorts = 1>
ST_4 : Operation 61 [1/1] (2.42ns)   --->   "%icmp_ln1496_26 = icmp slt i16 %pool_window_2_V_8, %pool_window_3_V_8" [firmware/nnet_utils/nnet_common.h:66->firmware/nnet_utils/nnet_common.h:44->firmware/nnet_utils/nnet_common.h:46->firmware/nnet_utils/nnet_pooling_stream.h:21->firmware/nnet_utils/nnet_pooling_stream.h:204->firmware/nnet_utils/nnet_pooling_stream.h:247->firmware/nnet_utils/nnet_pooling_stream.h:257]   --->   Operation 61 'icmp' 'icmp_ln1496_26' <Predicate = (and_ln191_4)> <Delay = 2.42> <Core = "Cmp">   --->   Core 25 'Cmp' <Latency = 0> <II = 1> <Delay = 2.47> <FuncUnit> <Opcode : 'icmp'> <InPorts = 2> <OutPorts = 1>
ST_4 : Operation 62 [1/1] (2.42ns)   --->   "%icmp_ln1496_2 = icmp slt i16 %pool_window_0_V_9, %pool_window_1_V_9" [firmware/nnet_utils/nnet_common.h:66->firmware/nnet_utils/nnet_common.h:44->firmware/nnet_utils/nnet_common.h:46->firmware/nnet_utils/nnet_pooling_stream.h:21->firmware/nnet_utils/nnet_pooling_stream.h:204->firmware/nnet_utils/nnet_pooling_stream.h:247->firmware/nnet_utils/nnet_pooling_stream.h:257]   --->   Operation 62 'icmp' 'icmp_ln1496_2' <Predicate = (and_ln191_4)> <Delay = 2.42> <Core = "Cmp">   --->   Core 25 'Cmp' <Latency = 0> <II = 1> <Delay = 2.47> <FuncUnit> <Opcode : 'icmp'> <InPorts = 2> <OutPorts = 1>
ST_4 : Operation 63 [1/1] (2.42ns)   --->   "%icmp_ln1496_28 = icmp slt i16 %pool_window_2_V_9, %pool_window_3_V_9" [firmware/nnet_utils/nnet_common.h:66->firmware/nnet_utils/nnet_common.h:44->firmware/nnet_utils/nnet_common.h:46->firmware/nnet_utils/nnet_pooling_stream.h:21->firmware/nnet_utils/nnet_pooling_stream.h:204->firmware/nnet_utils/nnet_pooling_stream.h:247->firmware/nnet_utils/nnet_pooling_stream.h:257]   --->   Operation 63 'icmp' 'icmp_ln1496_28' <Predicate = (and_ln191_4)> <Delay = 2.42> <Core = "Cmp">   --->   Core 25 'Cmp' <Latency = 0> <II = 1> <Delay = 2.47> <FuncUnit> <Opcode : 'icmp'> <InPorts = 2> <OutPorts = 1>
ST_4 : Operation 64 [1/1] (2.42ns)   --->   "%icmp_ln1496_30 = icmp slt i16 %pool_window_0_V_10, %pool_window_1_V_10" [firmware/nnet_utils/nnet_common.h:66->firmware/nnet_utils/nnet_common.h:44->firmware/nnet_utils/nnet_common.h:46->firmware/nnet_utils/nnet_pooling_stream.h:21->firmware/nnet_utils/nnet_pooling_stream.h:204->firmware/nnet_utils/nnet_pooling_stream.h:247->firmware/nnet_utils/nnet_pooling_stream.h:257]   --->   Operation 64 'icmp' 'icmp_ln1496_30' <Predicate = (and_ln191_4)> <Delay = 2.42> <Core = "Cmp">   --->   Core 25 'Cmp' <Latency = 0> <II = 1> <Delay = 2.47> <FuncUnit> <Opcode : 'icmp'> <InPorts = 2> <OutPorts = 1>
ST_4 : Operation 65 [1/1] (2.42ns)   --->   "%icmp_ln1496_31 = icmp slt i16 %pool_window_2_V_10, %pool_window_3_V_10" [firmware/nnet_utils/nnet_common.h:66->firmware/nnet_utils/nnet_common.h:44->firmware/nnet_utils/nnet_common.h:46->firmware/nnet_utils/nnet_pooling_stream.h:21->firmware/nnet_utils/nnet_pooling_stream.h:204->firmware/nnet_utils/nnet_pooling_stream.h:247->firmware/nnet_utils/nnet_pooling_stream.h:257]   --->   Operation 65 'icmp' 'icmp_ln1496_31' <Predicate = (and_ln191_4)> <Delay = 2.42> <Core = "Cmp">   --->   Core 25 'Cmp' <Latency = 0> <II = 1> <Delay = 2.47> <FuncUnit> <Opcode : 'icmp'> <InPorts = 2> <OutPorts = 1>
ST_4 : Operation 66 [1/1] (2.47ns)   --->   "%icmp_ln212 = icmp eq i32 %pX_3_load, 31" [firmware/nnet_utils/nnet_pooling_stream.h:212->firmware/nnet_utils/nnet_pooling_stream.h:247->firmware/nnet_utils/nnet_pooling_stream.h:257]   --->   Operation 66 'icmp' 'icmp_ln212' <Predicate = true> <Delay = 2.47> <Core = "Cmp">   --->   Core 25 'Cmp' <Latency = 0> <II = 1> <Delay = 2.47> <FuncUnit> <Opcode : 'icmp'> <InPorts = 2> <OutPorts = 1>
ST_4 : Operation 67 [1/1] (0.00ns)   --->   "br i1 %icmp_ln212, label %1, label %5" [firmware/nnet_utils/nnet_pooling_stream.h:212->firmware/nnet_utils/nnet_pooling_stream.h:247->firmware/nnet_utils/nnet_pooling_stream.h:257]   --->   Operation 67 'br' <Predicate = true> <Delay = 0.00>
ST_4 : Operation 68 [1/1] (2.55ns)   --->   "%add_ln225 = add nsw i32 %pX_3_load, 1" [firmware/nnet_utils/nnet_pooling_stream.h:225->firmware/nnet_utils/nnet_pooling_stream.h:247->firmware/nnet_utils/nnet_pooling_stream.h:257]   --->   Operation 68 'add' 'add_ln225' <Predicate = (!icmp_ln212)> <Delay = 2.55> <Core = "AddSub">   --->   Core 14 'AddSub' <Latency = 0> <II = 1> <Delay = 2.55> <FuncUnit> <Opcode : 'add' 'sub'> <InPorts = 2> <OutPorts = 1>
ST_4 : Operation 69 [1/1] (1.76ns)   --->   "store i32 %add_ln225, i32* @pX_3, align 4" [firmware/nnet_utils/nnet_pooling_stream.h:225->firmware/nnet_utils/nnet_pooling_stream.h:247->firmware/nnet_utils/nnet_pooling_stream.h:257]   --->   Operation 69 'store' <Predicate = (!icmp_ln212)> <Delay = 1.76>
ST_4 : Operation 70 [1/1] (2.55ns)   --->   "%add_ln227 = add i32 %sX_3_load, 1" [firmware/nnet_utils/nnet_pooling_stream.h:227->firmware/nnet_utils/nnet_pooling_stream.h:247->firmware/nnet_utils/nnet_pooling_stream.h:257]   --->   Operation 70 'add' 'add_ln227' <Predicate = (!icmp_ln212)> <Delay = 2.55> <Core = "AddSub">   --->   Core 14 'AddSub' <Latency = 0> <II = 1> <Delay = 2.55> <FuncUnit> <Opcode : 'add' 'sub'> <InPorts = 2> <OutPorts = 1>
ST_4 : Operation 71 [1/1] (0.69ns)   --->   "%select_ln227 = select i1 %icmp_ln191, i32 0, i32 %add_ln227" [firmware/nnet_utils/nnet_pooling_stream.h:227->firmware/nnet_utils/nnet_pooling_stream.h:247->firmware/nnet_utils/nnet_pooling_stream.h:257]   --->   Operation 71 'select' 'select_ln227' <Predicate = (!icmp_ln212)> <Delay = 0.69> <Core = "Sel">   --->   Core 26 'Sel' <Latency = 0> <II = 1> <Delay = 0.69> <FuncUnit> <Opcode : 'select'> <InPorts = 3> <OutPorts = 1>
ST_4 : Operation 72 [1/1] (1.76ns)   --->   "store i32 0, i32* @pX_3, align 4" [firmware/nnet_utils/nnet_pooling_stream.h:214->firmware/nnet_utils/nnet_pooling_stream.h:247->firmware/nnet_utils/nnet_pooling_stream.h:257]   --->   Operation 72 'store' <Predicate = (icmp_ln212)> <Delay = 1.76>
ST_4 : Operation 73 [1/1] (1.76ns)   --->   "store i32 0, i32* @sX_3, align 4" [firmware/nnet_utils/nnet_pooling_stream.h:215->firmware/nnet_utils/nnet_pooling_stream.h:247->firmware/nnet_utils/nnet_pooling_stream.h:257]   --->   Operation 73 'store' <Predicate = (icmp_ln212)> <Delay = 1.76>
ST_4 : Operation 74 [1/1] (2.47ns)   --->   "%icmp_ln216 = icmp eq i32 %pY_3_load, 31" [firmware/nnet_utils/nnet_pooling_stream.h:216->firmware/nnet_utils/nnet_pooling_stream.h:247->firmware/nnet_utils/nnet_pooling_stream.h:257]   --->   Operation 74 'icmp' 'icmp_ln216' <Predicate = (icmp_ln212)> <Delay = 2.47> <Core = "Cmp">   --->   Core 25 'Cmp' <Latency = 0> <II = 1> <Delay = 2.47> <FuncUnit> <Opcode : 'icmp'> <InPorts = 2> <OutPorts = 1>
ST_4 : Operation 75 [1/1] (0.00ns)   --->   "br i1 %icmp_ln216, label %2, label %3" [firmware/nnet_utils/nnet_pooling_stream.h:216->firmware/nnet_utils/nnet_pooling_stream.h:247->firmware/nnet_utils/nnet_pooling_stream.h:257]   --->   Operation 75 'br' <Predicate = (icmp_ln212)> <Delay = 0.00>
ST_4 : Operation 76 [1/1] (2.55ns)   --->   "%add_ln220 = add nsw i32 %pY_3_load, 1" [firmware/nnet_utils/nnet_pooling_stream.h:220->firmware/nnet_utils/nnet_pooling_stream.h:247->firmware/nnet_utils/nnet_pooling_stream.h:257]   --->   Operation 76 'add' 'add_ln220' <Predicate = (!icmp_ln241 & icmp_ln212 & !icmp_ln216)> <Delay = 2.55> <Core = "AddSub">   --->   Core 14 'AddSub' <Latency = 0> <II = 1> <Delay = 2.55> <FuncUnit> <Opcode : 'add' 'sub'> <InPorts = 2> <OutPorts = 1>
ST_4 : Operation 77 [1/1] (1.76ns)   --->   "store i32 %add_ln220, i32* @pY_3, align 4" [firmware/nnet_utils/nnet_pooling_stream.h:220->firmware/nnet_utils/nnet_pooling_stream.h:247->firmware/nnet_utils/nnet_pooling_stream.h:257]   --->   Operation 77 'store' <Predicate = (!icmp_ln241 & icmp_ln212 & !icmp_ln216)> <Delay = 1.76>
ST_4 : Operation 78 [1/1] (2.55ns)   --->   "%add_ln222 = add i32 %sY_3_load, 1" [firmware/nnet_utils/nnet_pooling_stream.h:222->firmware/nnet_utils/nnet_pooling_stream.h:247->firmware/nnet_utils/nnet_pooling_stream.h:257]   --->   Operation 78 'add' 'add_ln222' <Predicate = (!icmp_ln241 & icmp_ln212 & !icmp_ln216)> <Delay = 2.55> <Core = "AddSub">   --->   Core 14 'AddSub' <Latency = 0> <II = 1> <Delay = 2.55> <FuncUnit> <Opcode : 'add' 'sub'> <InPorts = 2> <OutPorts = 1>
ST_4 : Operation 79 [1/1] (0.69ns)   --->   "%select_ln222 = select i1 %icmp_ln191_4, i32 0, i32 %add_ln222" [firmware/nnet_utils/nnet_pooling_stream.h:222->firmware/nnet_utils/nnet_pooling_stream.h:247->firmware/nnet_utils/nnet_pooling_stream.h:257]   --->   Operation 79 'select' 'select_ln222' <Predicate = (!icmp_ln241 & icmp_ln212 & !icmp_ln216)> <Delay = 0.69> <Core = "Sel">   --->   Core 26 'Sel' <Latency = 0> <II = 1> <Delay = 0.69> <FuncUnit> <Opcode : 'select'> <InPorts = 3> <OutPorts = 1>

State 5 <SV = 4> <Delay = 3.42>
ST_5 : Operation 80 [1/1] (0.00ns) (grouped into LUT with out node icmp_ln1496_25)   --->   "%select_ln66 = select i1 %icmp_ln1496, i16 %pool_window_1_V, i16 %pool_window_0_V" [firmware/nnet_utils/nnet_common.h:66->firmware/nnet_utils/nnet_common.h:44->firmware/nnet_utils/nnet_common.h:46->firmware/nnet_utils/nnet_pooling_stream.h:21->firmware/nnet_utils/nnet_pooling_stream.h:204->firmware/nnet_utils/nnet_pooling_stream.h:247->firmware/nnet_utils/nnet_pooling_stream.h:257]   --->   Operation 80 'select' 'select_ln66' <Predicate = (and_ln191_4)> <Delay = 0.00> <Core = "Sel">   --->   Core 26 'Sel' <Latency = 0> <II = 1> <Delay = 0.69> <FuncUnit> <Opcode : 'select'> <InPorts = 3> <OutPorts = 1>
ST_5 : Operation 81 [1/1] (0.00ns) (grouped into LUT with out node select_ln66_34)   --->   "%select_ln66_32 = select i1 %icmp_ln1496_24, i2 -1, i2 -2" [firmware/nnet_utils/nnet_common.h:66->firmware/nnet_utils/nnet_common.h:44->firmware/nnet_utils/nnet_common.h:46->firmware/nnet_utils/nnet_pooling_stream.h:21->firmware/nnet_utils/nnet_pooling_stream.h:204->firmware/nnet_utils/nnet_pooling_stream.h:247->firmware/nnet_utils/nnet_pooling_stream.h:257]   --->   Operation 81 'select' 'select_ln66_32' <Predicate = (and_ln191_4)> <Delay = 0.00> <Core = "Sel">   --->   Core 26 'Sel' <Latency = 0> <II = 1> <Delay = 0.69> <FuncUnit> <Opcode : 'select'> <InPorts = 3> <OutPorts = 1>
ST_5 : Operation 82 [1/1] (0.00ns) (grouped into LUT with out node icmp_ln1496_25)   --->   "%select_ln66_33 = select i1 %icmp_ln1496_24, i16 %pool_window_3_V, i16 %pool_window_2_V" [firmware/nnet_utils/nnet_common.h:66->firmware/nnet_utils/nnet_common.h:44->firmware/nnet_utils/nnet_common.h:46->firmware/nnet_utils/nnet_pooling_stream.h:21->firmware/nnet_utils/nnet_pooling_stream.h:204->firmware/nnet_utils/nnet_pooling_stream.h:247->firmware/nnet_utils/nnet_pooling_stream.h:257]   --->   Operation 82 'select' 'select_ln66_33' <Predicate = (and_ln191_4)> <Delay = 0.00> <Core = "Sel">   --->   Core 26 'Sel' <Latency = 0> <II = 1> <Delay = 0.69> <FuncUnit> <Opcode : 'select'> <InPorts = 3> <OutPorts = 1>
ST_5 : Operation 83 [1/1] (2.42ns) (out node of the LUT)   --->   "%icmp_ln1496_25 = icmp slt i16 %select_ln66, %select_ln66_33" [firmware/nnet_utils/nnet_common.h:66->firmware/nnet_utils/nnet_common.h:46->firmware/nnet_utils/nnet_pooling_stream.h:21->firmware/nnet_utils/nnet_pooling_stream.h:204->firmware/nnet_utils/nnet_pooling_stream.h:247->firmware/nnet_utils/nnet_pooling_stream.h:257]   --->   Operation 83 'icmp' 'icmp_ln1496_25' <Predicate = (and_ln191_4)> <Delay = 2.42> <Core = "Cmp">   --->   Core 25 'Cmp' <Latency = 0> <II = 1> <Delay = 2.47> <FuncUnit> <Opcode : 'icmp'> <InPorts = 2> <OutPorts = 1>
ST_5 : Operation 84 [1/1] (0.00ns) (grouped into LUT with out node select_ln66_34)   --->   "%zext_ln66 = zext i1 %icmp_ln1496 to i2" [firmware/nnet_utils/nnet_common.h:66->firmware/nnet_utils/nnet_common.h:46->firmware/nnet_utils/nnet_pooling_stream.h:21->firmware/nnet_utils/nnet_pooling_stream.h:204->firmware/nnet_utils/nnet_pooling_stream.h:247->firmware/nnet_utils/nnet_pooling_stream.h:257]   --->   Operation 84 'zext' 'zext_ln66' <Predicate = (and_ln191_4)> <Delay = 0.00>
ST_5 : Operation 85 [1/1] (0.99ns) (out node of the LUT)   --->   "%select_ln66_34 = select i1 %icmp_ln1496_25, i2 %select_ln66_32, i2 %zext_ln66" [firmware/nnet_utils/nnet_common.h:66->firmware/nnet_utils/nnet_common.h:46->firmware/nnet_utils/nnet_pooling_stream.h:21->firmware/nnet_utils/nnet_pooling_stream.h:204->firmware/nnet_utils/nnet_pooling_stream.h:247->firmware/nnet_utils/nnet_pooling_stream.h:257]   --->   Operation 85 'select' 'select_ln66_34' <Predicate = (and_ln191_4)> <Delay = 0.99> <Core = "Sel">   --->   Core 26 'Sel' <Latency = 0> <II = 1> <Delay = 0.69> <FuncUnit> <Opcode : 'select'> <InPorts = 3> <OutPorts = 1>
ST_5 : Operation 86 [1/1] (0.00ns) (grouped into LUT with out node icmp_ln1496_27)   --->   "%select_ln66_35 = select i1 %icmp_ln1496_1, i16 %pool_window_1_V_8, i16 %pool_window_0_V_8" [firmware/nnet_utils/nnet_common.h:66->firmware/nnet_utils/nnet_common.h:44->firmware/nnet_utils/nnet_common.h:46->firmware/nnet_utils/nnet_pooling_stream.h:21->firmware/nnet_utils/nnet_pooling_stream.h:204->firmware/nnet_utils/nnet_pooling_stream.h:247->firmware/nnet_utils/nnet_pooling_stream.h:257]   --->   Operation 86 'select' 'select_ln66_35' <Predicate = (and_ln191_4)> <Delay = 0.00> <Core = "Sel">   --->   Core 26 'Sel' <Latency = 0> <II = 1> <Delay = 0.69> <FuncUnit> <Opcode : 'select'> <InPorts = 3> <OutPorts = 1>
ST_5 : Operation 87 [1/1] (0.00ns) (grouped into LUT with out node select_ln66_39)   --->   "%select_ln66_36 = select i1 %icmp_ln1496_26, i2 -1, i2 -2" [firmware/nnet_utils/nnet_common.h:66->firmware/nnet_utils/nnet_common.h:44->firmware/nnet_utils/nnet_common.h:46->firmware/nnet_utils/nnet_pooling_stream.h:21->firmware/nnet_utils/nnet_pooling_stream.h:204->firmware/nnet_utils/nnet_pooling_stream.h:247->firmware/nnet_utils/nnet_pooling_stream.h:257]   --->   Operation 87 'select' 'select_ln66_36' <Predicate = (and_ln191_4)> <Delay = 0.00> <Core = "Sel">   --->   Core 26 'Sel' <Latency = 0> <II = 1> <Delay = 0.69> <FuncUnit> <Opcode : 'select'> <InPorts = 3> <OutPorts = 1>
ST_5 : Operation 88 [1/1] (0.00ns) (grouped into LUT with out node icmp_ln1496_27)   --->   "%select_ln66_37 = select i1 %icmp_ln1496_26, i16 %pool_window_3_V_8, i16 %pool_window_2_V_8" [firmware/nnet_utils/nnet_common.h:66->firmware/nnet_utils/nnet_common.h:44->firmware/nnet_utils/nnet_common.h:46->firmware/nnet_utils/nnet_pooling_stream.h:21->firmware/nnet_utils/nnet_pooling_stream.h:204->firmware/nnet_utils/nnet_pooling_stream.h:247->firmware/nnet_utils/nnet_pooling_stream.h:257]   --->   Operation 88 'select' 'select_ln66_37' <Predicate = (and_ln191_4)> <Delay = 0.00> <Core = "Sel">   --->   Core 26 'Sel' <Latency = 0> <II = 1> <Delay = 0.69> <FuncUnit> <Opcode : 'select'> <InPorts = 3> <OutPorts = 1>
ST_5 : Operation 89 [1/1] (2.42ns) (out node of the LUT)   --->   "%icmp_ln1496_27 = icmp slt i16 %select_ln66_35, %select_ln66_37" [firmware/nnet_utils/nnet_common.h:66->firmware/nnet_utils/nnet_common.h:46->firmware/nnet_utils/nnet_pooling_stream.h:21->firmware/nnet_utils/nnet_pooling_stream.h:204->firmware/nnet_utils/nnet_pooling_stream.h:247->firmware/nnet_utils/nnet_pooling_stream.h:257]   --->   Operation 89 'icmp' 'icmp_ln1496_27' <Predicate = (and_ln191_4)> <Delay = 2.42> <Core = "Cmp">   --->   Core 25 'Cmp' <Latency = 0> <II = 1> <Delay = 2.47> <FuncUnit> <Opcode : 'icmp'> <InPorts = 2> <OutPorts = 1>
ST_5 : Operation 90 [1/1] (0.00ns) (grouped into LUT with out node select_ln66_39)   --->   "%zext_ln66_8 = zext i1 %icmp_ln1496_1 to i2" [firmware/nnet_utils/nnet_common.h:66->firmware/nnet_utils/nnet_common.h:46->firmware/nnet_utils/nnet_pooling_stream.h:21->firmware/nnet_utils/nnet_pooling_stream.h:204->firmware/nnet_utils/nnet_pooling_stream.h:247->firmware/nnet_utils/nnet_pooling_stream.h:257]   --->   Operation 90 'zext' 'zext_ln66_8' <Predicate = (and_ln191_4)> <Delay = 0.00>
ST_5 : Operation 91 [1/1] (0.99ns) (out node of the LUT)   --->   "%select_ln66_39 = select i1 %icmp_ln1496_27, i2 %select_ln66_36, i2 %zext_ln66_8" [firmware/nnet_utils/nnet_common.h:66->firmware/nnet_utils/nnet_common.h:46->firmware/nnet_utils/nnet_pooling_stream.h:21->firmware/nnet_utils/nnet_pooling_stream.h:204->firmware/nnet_utils/nnet_pooling_stream.h:247->firmware/nnet_utils/nnet_pooling_stream.h:257]   --->   Operation 91 'select' 'select_ln66_39' <Predicate = (and_ln191_4)> <Delay = 0.99> <Core = "Sel">   --->   Core 26 'Sel' <Latency = 0> <II = 1> <Delay = 0.69> <FuncUnit> <Opcode : 'select'> <InPorts = 3> <OutPorts = 1>
ST_5 : Operation 92 [1/1] (0.00ns) (grouped into LUT with out node icmp_ln1496_29)   --->   "%select_ln66_38 = select i1 %icmp_ln1496_2, i16 %pool_window_1_V_9, i16 %pool_window_0_V_9" [firmware/nnet_utils/nnet_common.h:66->firmware/nnet_utils/nnet_common.h:44->firmware/nnet_utils/nnet_common.h:46->firmware/nnet_utils/nnet_pooling_stream.h:21->firmware/nnet_utils/nnet_pooling_stream.h:204->firmware/nnet_utils/nnet_pooling_stream.h:247->firmware/nnet_utils/nnet_pooling_stream.h:257]   --->   Operation 92 'select' 'select_ln66_38' <Predicate = (and_ln191_4)> <Delay = 0.00> <Core = "Sel">   --->   Core 26 'Sel' <Latency = 0> <II = 1> <Delay = 0.69> <FuncUnit> <Opcode : 'select'> <InPorts = 3> <OutPorts = 1>
ST_5 : Operation 93 [1/1] (0.00ns) (grouped into LUT with out node select_ln66_44)   --->   "%select_ln66_42 = select i1 %icmp_ln1496_28, i2 -1, i2 -2" [firmware/nnet_utils/nnet_common.h:66->firmware/nnet_utils/nnet_common.h:44->firmware/nnet_utils/nnet_common.h:46->firmware/nnet_utils/nnet_pooling_stream.h:21->firmware/nnet_utils/nnet_pooling_stream.h:204->firmware/nnet_utils/nnet_pooling_stream.h:247->firmware/nnet_utils/nnet_pooling_stream.h:257]   --->   Operation 93 'select' 'select_ln66_42' <Predicate = (and_ln191_4)> <Delay = 0.00> <Core = "Sel">   --->   Core 26 'Sel' <Latency = 0> <II = 1> <Delay = 0.69> <FuncUnit> <Opcode : 'select'> <InPorts = 3> <OutPorts = 1>
ST_5 : Operation 94 [1/1] (0.00ns) (grouped into LUT with out node icmp_ln1496_29)   --->   "%select_ln66_40 = select i1 %icmp_ln1496_28, i16 %pool_window_3_V_9, i16 %pool_window_2_V_9" [firmware/nnet_utils/nnet_common.h:66->firmware/nnet_utils/nnet_common.h:44->firmware/nnet_utils/nnet_common.h:46->firmware/nnet_utils/nnet_pooling_stream.h:21->firmware/nnet_utils/nnet_pooling_stream.h:204->firmware/nnet_utils/nnet_pooling_stream.h:247->firmware/nnet_utils/nnet_pooling_stream.h:257]   --->   Operation 94 'select' 'select_ln66_40' <Predicate = (and_ln191_4)> <Delay = 0.00> <Core = "Sel">   --->   Core 26 'Sel' <Latency = 0> <II = 1> <Delay = 0.69> <FuncUnit> <Opcode : 'select'> <InPorts = 3> <OutPorts = 1>
ST_5 : Operation 95 [1/1] (2.42ns) (out node of the LUT)   --->   "%icmp_ln1496_29 = icmp slt i16 %select_ln66_38, %select_ln66_40" [firmware/nnet_utils/nnet_common.h:66->firmware/nnet_utils/nnet_common.h:46->firmware/nnet_utils/nnet_pooling_stream.h:21->firmware/nnet_utils/nnet_pooling_stream.h:204->firmware/nnet_utils/nnet_pooling_stream.h:247->firmware/nnet_utils/nnet_pooling_stream.h:257]   --->   Operation 95 'icmp' 'icmp_ln1496_29' <Predicate = (and_ln191_4)> <Delay = 2.42> <Core = "Cmp">   --->   Core 25 'Cmp' <Latency = 0> <II = 1> <Delay = 2.47> <FuncUnit> <Opcode : 'icmp'> <InPorts = 2> <OutPorts = 1>
ST_5 : Operation 96 [1/1] (0.00ns) (grouped into LUT with out node select_ln66_44)   --->   "%zext_ln66_9 = zext i1 %icmp_ln1496_2 to i2" [firmware/nnet_utils/nnet_common.h:66->firmware/nnet_utils/nnet_common.h:46->firmware/nnet_utils/nnet_pooling_stream.h:21->firmware/nnet_utils/nnet_pooling_stream.h:204->firmware/nnet_utils/nnet_pooling_stream.h:247->firmware/nnet_utils/nnet_pooling_stream.h:257]   --->   Operation 96 'zext' 'zext_ln66_9' <Predicate = (and_ln191_4)> <Delay = 0.00>
ST_5 : Operation 97 [1/1] (0.99ns) (out node of the LUT)   --->   "%select_ln66_44 = select i1 %icmp_ln1496_29, i2 %select_ln66_42, i2 %zext_ln66_9" [firmware/nnet_utils/nnet_common.h:66->firmware/nnet_utils/nnet_common.h:46->firmware/nnet_utils/nnet_pooling_stream.h:21->firmware/nnet_utils/nnet_pooling_stream.h:204->firmware/nnet_utils/nnet_pooling_stream.h:247->firmware/nnet_utils/nnet_pooling_stream.h:257]   --->   Operation 97 'select' 'select_ln66_44' <Predicate = (and_ln191_4)> <Delay = 0.99> <Core = "Sel">   --->   Core 26 'Sel' <Latency = 0> <II = 1> <Delay = 0.69> <FuncUnit> <Opcode : 'select'> <InPorts = 3> <OutPorts = 1>
ST_5 : Operation 98 [1/1] (0.00ns) (grouped into LUT with out node icmp_ln1496_32)   --->   "%select_ln66_41 = select i1 %icmp_ln1496_30, i16 %pool_window_1_V_10, i16 %pool_window_0_V_10" [firmware/nnet_utils/nnet_common.h:66->firmware/nnet_utils/nnet_common.h:44->firmware/nnet_utils/nnet_common.h:46->firmware/nnet_utils/nnet_pooling_stream.h:21->firmware/nnet_utils/nnet_pooling_stream.h:204->firmware/nnet_utils/nnet_pooling_stream.h:247->firmware/nnet_utils/nnet_pooling_stream.h:257]   --->   Operation 98 'select' 'select_ln66_41' <Predicate = (and_ln191_4)> <Delay = 0.00> <Core = "Sel">   --->   Core 26 'Sel' <Latency = 0> <II = 1> <Delay = 0.69> <FuncUnit> <Opcode : 'select'> <InPorts = 3> <OutPorts = 1>
ST_5 : Operation 99 [1/1] (0.00ns) (grouped into LUT with out node select_ln66_46)   --->   "%select_ln66_45 = select i1 %icmp_ln1496_31, i2 -1, i2 -2" [firmware/nnet_utils/nnet_common.h:66->firmware/nnet_utils/nnet_common.h:44->firmware/nnet_utils/nnet_common.h:46->firmware/nnet_utils/nnet_pooling_stream.h:21->firmware/nnet_utils/nnet_pooling_stream.h:204->firmware/nnet_utils/nnet_pooling_stream.h:247->firmware/nnet_utils/nnet_pooling_stream.h:257]   --->   Operation 99 'select' 'select_ln66_45' <Predicate = (and_ln191_4)> <Delay = 0.00> <Core = "Sel">   --->   Core 26 'Sel' <Latency = 0> <II = 1> <Delay = 0.69> <FuncUnit> <Opcode : 'select'> <InPorts = 3> <OutPorts = 1>
ST_5 : Operation 100 [1/1] (0.00ns) (grouped into LUT with out node icmp_ln1496_32)   --->   "%select_ln66_43 = select i1 %icmp_ln1496_31, i16 %pool_window_3_V_10, i16 %pool_window_2_V_10" [firmware/nnet_utils/nnet_common.h:66->firmware/nnet_utils/nnet_common.h:44->firmware/nnet_utils/nnet_common.h:46->firmware/nnet_utils/nnet_pooling_stream.h:21->firmware/nnet_utils/nnet_pooling_stream.h:204->firmware/nnet_utils/nnet_pooling_stream.h:247->firmware/nnet_utils/nnet_pooling_stream.h:257]   --->   Operation 100 'select' 'select_ln66_43' <Predicate = (and_ln191_4)> <Delay = 0.00> <Core = "Sel">   --->   Core 26 'Sel' <Latency = 0> <II = 1> <Delay = 0.69> <FuncUnit> <Opcode : 'select'> <InPorts = 3> <OutPorts = 1>
ST_5 : Operation 101 [1/1] (2.42ns) (out node of the LUT)   --->   "%icmp_ln1496_32 = icmp slt i16 %select_ln66_41, %select_ln66_43" [firmware/nnet_utils/nnet_common.h:66->firmware/nnet_utils/nnet_common.h:46->firmware/nnet_utils/nnet_pooling_stream.h:21->firmware/nnet_utils/nnet_pooling_stream.h:204->firmware/nnet_utils/nnet_pooling_stream.h:247->firmware/nnet_utils/nnet_pooling_stream.h:257]   --->   Operation 101 'icmp' 'icmp_ln1496_32' <Predicate = (and_ln191_4)> <Delay = 2.42> <Core = "Cmp">   --->   Core 25 'Cmp' <Latency = 0> <II = 1> <Delay = 2.47> <FuncUnit> <Opcode : 'icmp'> <InPorts = 2> <OutPorts = 1>
ST_5 : Operation 102 [1/1] (0.00ns) (grouped into LUT with out node select_ln66_46)   --->   "%zext_ln66_10 = zext i1 %icmp_ln1496_30 to i2" [firmware/nnet_utils/nnet_common.h:66->firmware/nnet_utils/nnet_common.h:46->firmware/nnet_utils/nnet_pooling_stream.h:21->firmware/nnet_utils/nnet_pooling_stream.h:204->firmware/nnet_utils/nnet_pooling_stream.h:247->firmware/nnet_utils/nnet_pooling_stream.h:257]   --->   Operation 102 'zext' 'zext_ln66_10' <Predicate = (and_ln191_4)> <Delay = 0.00>
ST_5 : Operation 103 [1/1] (0.99ns) (out node of the LUT)   --->   "%select_ln66_46 = select i1 %icmp_ln1496_32, i2 %select_ln66_45, i2 %zext_ln66_10" [firmware/nnet_utils/nnet_common.h:66->firmware/nnet_utils/nnet_common.h:46->firmware/nnet_utils/nnet_pooling_stream.h:21->firmware/nnet_utils/nnet_pooling_stream.h:204->firmware/nnet_utils/nnet_pooling_stream.h:247->firmware/nnet_utils/nnet_pooling_stream.h:257]   --->   Operation 103 'select' 'select_ln66_46' <Predicate = (and_ln191_4)> <Delay = 0.99> <Core = "Sel">   --->   Core 26 'Sel' <Latency = 0> <II = 1> <Delay = 0.69> <FuncUnit> <Opcode : 'select'> <InPorts = 3> <OutPorts = 1>
ST_5 : Operation 104 [1/1] (1.76ns)   --->   "store i32 %select_ln227, i32* @sX_3, align 4" [firmware/nnet_utils/nnet_pooling_stream.h:227->firmware/nnet_utils/nnet_pooling_stream.h:247->firmware/nnet_utils/nnet_pooling_stream.h:257]   --->   Operation 104 'store' <Predicate = (!icmp_ln212)> <Delay = 1.76>
ST_5 : Operation 105 [1/1] (0.00ns)   --->   "br label %ReadInputWidth_end"   --->   Operation 105 'br' <Predicate = (!icmp_ln212)> <Delay = 0.00>
ST_5 : Operation 106 [1/1] (1.76ns)   --->   "br label %4"   --->   Operation 106 'br' <Predicate = (!icmp_ln241 & icmp_ln212 & !icmp_ln216)> <Delay = 1.76>
ST_5 : Operation 107 [1/1] (1.76ns)   --->   "store i32 0, i32* @pY_3, align 4" [firmware/nnet_utils/nnet_pooling_stream.h:217->firmware/nnet_utils/nnet_pooling_stream.h:247->firmware/nnet_utils/nnet_pooling_stream.h:257]   --->   Operation 107 'store' <Predicate = (!icmp_ln241 & icmp_ln212 & icmp_ln216)> <Delay = 1.76>
ST_5 : Operation 108 [1/1] (1.76ns)   --->   "br label %4" [firmware/nnet_utils/nnet_pooling_stream.h:219->firmware/nnet_utils/nnet_pooling_stream.h:247->firmware/nnet_utils/nnet_pooling_stream.h:257]   --->   Operation 108 'br' <Predicate = (!icmp_ln241 & icmp_ln212 & icmp_ln216)> <Delay = 1.76>

State 6 <SV = 5> <Delay = 4.14>
ST_6 : Operation 109 [1/1] (0.00ns)   --->   "call void (...)* @_ssdm_op_SpecLoopName([31 x i8]* @ReadInputHeight_ReadInputWidth_str)"   --->   Operation 109 'specloopname' <Predicate = (!icmp_ln241)> <Delay = 0.00>
ST_6 : Operation 110 [1/1] (0.00ns)   --->   "%empty_104 = call i32 (...)* @_ssdm_op_SpecLoopTripCount(i64 1024, i64 1024, i64 1024)"   --->   Operation 110 'speclooptripcount' 'empty_104' <Predicate = (!icmp_ln241)> <Delay = 0.00>
ST_6 : Operation 111 [1/1] (0.00ns)   --->   "call void (...)* @_ssdm_op_SpecLoopName([15 x i8]* @p_str52) nounwind" [firmware/nnet_utils/nnet_pooling_stream.h:243->firmware/nnet_utils/nnet_pooling_stream.h:257]   --->   Operation 111 'specloopname' <Predicate = (!icmp_ln241)> <Delay = 0.00>
ST_6 : Operation 112 [1/1] (0.00ns)   --->   "%tmp_s = call i32 (...)* @_ssdm_op_SpecRegionBegin([15 x i8]* @p_str52)" [firmware/nnet_utils/nnet_pooling_stream.h:243->firmware/nnet_utils/nnet_pooling_stream.h:257]   --->   Operation 112 'specregionbegin' 'tmp_s' <Predicate = (!icmp_ln241)> <Delay = 0.00>
ST_6 : Operation 113 [1/1] (0.00ns)   --->   "call void (...)* @_ssdm_op_SpecPipeline(i32 -1, i32 1, i32 1, i32 0, [1 x i8]* @p_str20) nounwind" [firmware/nnet_utils/nnet_pooling_stream.h:245->firmware/nnet_utils/nnet_pooling_stream.h:257]   --->   Operation 113 'specpipeline' <Predicate = (!icmp_ln241)> <Delay = 0.00>
ST_6 : Operation 114 [1/1] (1.95ns)   --->   "%tmp_data_0_V = call i16 @_ssdm_op_Mux.ap_auto.4i16.i2(i16 %pool_window_0_V, i16 %pool_window_1_V, i16 %pool_window_2_V, i16 %pool_window_3_V, i2 %select_ln66_34)" [firmware/nnet_utils/nnet_common.h:66->firmware/nnet_utils/nnet_common.h:46->firmware/nnet_utils/nnet_pooling_stream.h:21->firmware/nnet_utils/nnet_pooling_stream.h:204->firmware/nnet_utils/nnet_pooling_stream.h:247->firmware/nnet_utils/nnet_pooling_stream.h:257]   --->   Operation 114 'mux' 'tmp_data_0_V' <Predicate = (and_ln191_4)> <Delay = 1.95> <Core = "MuxnS">   --->   Core 31 'MuxnS' <Latency = 0> <II = 1> <Delay = 1.95> <FuncUnit> <Opcode : 'mux'> <InPorts = 2> <OutPorts = 1>
ST_6 : Operation 115 [1/1] (1.95ns)   --->   "%tmp_data_1_V = call i16 @_ssdm_op_Mux.ap_auto.4i16.i2(i16 %pool_window_0_V_8, i16 %pool_window_1_V_8, i16 %pool_window_2_V_8, i16 %pool_window_3_V_8, i2 %select_ln66_39)" [firmware/nnet_utils/nnet_common.h:66->firmware/nnet_utils/nnet_common.h:46->firmware/nnet_utils/nnet_pooling_stream.h:21->firmware/nnet_utils/nnet_pooling_stream.h:204->firmware/nnet_utils/nnet_pooling_stream.h:247->firmware/nnet_utils/nnet_pooling_stream.h:257]   --->   Operation 115 'mux' 'tmp_data_1_V' <Predicate = (and_ln191_4)> <Delay = 1.95> <Core = "MuxnS">   --->   Core 31 'MuxnS' <Latency = 0> <II = 1> <Delay = 1.95> <FuncUnit> <Opcode : 'mux'> <InPorts = 2> <OutPorts = 1>
ST_6 : Operation 116 [1/1] (1.95ns)   --->   "%tmp_data_2_V = call i16 @_ssdm_op_Mux.ap_auto.4i16.i2(i16 %pool_window_0_V_9, i16 %pool_window_1_V_9, i16 %pool_window_2_V_9, i16 %pool_window_3_V_9, i2 %select_ln66_44)" [firmware/nnet_utils/nnet_common.h:66->firmware/nnet_utils/nnet_common.h:46->firmware/nnet_utils/nnet_pooling_stream.h:21->firmware/nnet_utils/nnet_pooling_stream.h:204->firmware/nnet_utils/nnet_pooling_stream.h:247->firmware/nnet_utils/nnet_pooling_stream.h:257]   --->   Operation 116 'mux' 'tmp_data_2_V' <Predicate = (and_ln191_4)> <Delay = 1.95> <Core = "MuxnS">   --->   Core 31 'MuxnS' <Latency = 0> <II = 1> <Delay = 1.95> <FuncUnit> <Opcode : 'mux'> <InPorts = 2> <OutPorts = 1>
ST_6 : Operation 117 [1/1] (1.95ns)   --->   "%tmp_data_3_V = call i16 @_ssdm_op_Mux.ap_auto.4i16.i2(i16 %pool_window_0_V_10, i16 %pool_window_1_V_10, i16 %pool_window_2_V_10, i16 %pool_window_3_V_10, i2 %select_ln66_46)" [firmware/nnet_utils/nnet_common.h:66->firmware/nnet_utils/nnet_common.h:46->firmware/nnet_utils/nnet_pooling_stream.h:21->firmware/nnet_utils/nnet_pooling_stream.h:204->firmware/nnet_utils/nnet_pooling_stream.h:247->firmware/nnet_utils/nnet_pooling_stream.h:257]   --->   Operation 117 'mux' 'tmp_data_3_V' <Predicate = (and_ln191_4)> <Delay = 1.95> <Core = "MuxnS">   --->   Core 31 'MuxnS' <Latency = 0> <II = 1> <Delay = 1.95> <FuncUnit> <Opcode : 'mux'> <InPorts = 2> <OutPorts = 1>
ST_6 : Operation 118 [1/1] (2.18ns)   --->   "call void @_ssdm_op_Write.ap_fifo.volatile.i16P.i16P.i16P.i16P(i16* %res_V_data_0_V, i16* %res_V_data_1_V, i16* %res_V_data_2_V, i16* %res_V_data_3_V, i16 %tmp_data_0_V, i16 %tmp_data_1_V, i16 %tmp_data_2_V, i16 %tmp_data_3_V)" [firmware/nnet_utils/nnet_pooling_stream.h:208->firmware/nnet_utils/nnet_pooling_stream.h:247->firmware/nnet_utils/nnet_pooling_stream.h:257]   --->   Operation 118 'write' <Predicate = (and_ln191_4)> <Delay = 2.18> <Core = "FIFO">   --->   Core 32 'FIFO' <Latency = 0> <II = 1> <Delay = 3.63> <Storage> <Opcode : 'read' 'write' 'nbread' 'nbwrite'> <Ports = 0> <Width = 16> <Depth = 3> <FIFO>
ST_6 : Operation 119 [1/1] (0.00ns)   --->   "br label %._crit_edge25.i.i" [firmware/nnet_utils/nnet_pooling_stream.h:209->firmware/nnet_utils/nnet_pooling_stream.h:247->firmware/nnet_utils/nnet_pooling_stream.h:257]   --->   Operation 119 'br' <Predicate = (and_ln191_4)> <Delay = 0.00>
ST_6 : Operation 120 [1/1] (0.00ns)   --->   "%storemerge_i_i = phi i32 [ %select_ln222, %3 ], [ 0, %2 ]" [firmware/nnet_utils/nnet_pooling_stream.h:222->firmware/nnet_utils/nnet_pooling_stream.h:247->firmware/nnet_utils/nnet_pooling_stream.h:257]   --->   Operation 120 'phi' 'storemerge_i_i' <Predicate = (icmp_ln212)> <Delay = 0.00>
ST_6 : Operation 121 [1/1] (0.00ns)   --->   "store i32 %storemerge_i_i, i32* @sY_3, align 4" [firmware/nnet_utils/nnet_pooling_stream.h:218->firmware/nnet_utils/nnet_pooling_stream.h:247->firmware/nnet_utils/nnet_pooling_stream.h:257]   --->   Operation 121 'store' <Predicate = (icmp_ln212)> <Delay = 0.00>
ST_6 : Operation 122 [1/1] (0.00ns)   --->   "br label %ReadInputWidth_end" [firmware/nnet_utils/nnet_pooling_stream.h:224->firmware/nnet_utils/nnet_pooling_stream.h:247->firmware/nnet_utils/nnet_pooling_stream.h:257]   --->   Operation 122 'br' <Predicate = (icmp_ln212)> <Delay = 0.00>
ST_6 : Operation 123 [1/1] (0.00ns)   --->   "%empty = call i32 (...)* @_ssdm_op_SpecRegionEnd([15 x i8]* @p_str52, i32 %tmp_s)" [firmware/nnet_utils/nnet_pooling_stream.h:248->firmware/nnet_utils/nnet_pooling_stream.h:257]   --->   Operation 123 'specregionend' 'empty' <Predicate = (!icmp_ln241)> <Delay = 0.00>
ST_6 : Operation 124 [1/1] (0.00ns)   --->   "br label %0"   --->   Operation 124 'br' <Predicate = (!icmp_ln241)> <Delay = 0.00>

State 7 <SV = 2> <Delay = 0.00>
ST_7 : Operation 125 [1/1] (0.00ns)   --->   "ret void" [firmware/nnet_utils/nnet_pooling_stream.h:263]   --->   Operation 125 'ret' <Predicate = true> <Delay = 0.00>


============================================================
+ Verbose Summary: Timing violations
============================================================
Target clock period: 5ns, clock uncertainty: 0.625ns.

 <State 1>: 1.77ns
The critical path consists of the following:
	multiplexor before 'phi' operation ('indvar_flatten', firmware/nnet_utils/nnet_pooling_stream.h:241->firmware/nnet_utils/nnet_pooling_stream.h:257) with incoming values : ('add_ln241', firmware/nnet_utils/nnet_pooling_stream.h:241->firmware/nnet_utils/nnet_pooling_stream.h:257) [33]  (1.77 ns)

 <State 2>: 1.88ns
The critical path consists of the following:
	'phi' operation ('indvar_flatten', firmware/nnet_utils/nnet_pooling_stream.h:241->firmware/nnet_utils/nnet_pooling_stream.h:257) with incoming values : ('add_ln241', firmware/nnet_utils/nnet_pooling_stream.h:241->firmware/nnet_utils/nnet_pooling_stream.h:257) [33]  (0 ns)
	'icmp' operation ('icmp_ln241', firmware/nnet_utils/nnet_pooling_stream.h:241->firmware/nnet_utils/nnet_pooling_stream.h:257) [34]  (1.88 ns)

 <State 3>: 2.19ns
The critical path consists of the following:
	fifo read on port 'data_V_data_0_V' (firmware/nnet_utils/nnet_pooling_stream.h:247->firmware/nnet_utils/nnet_pooling_stream.h:257) [43]  (2.19 ns)

 <State 4>: 4.43ns
The critical path consists of the following:
	'icmp' operation ('icmp_ln212', firmware/nnet_utils/nnet_pooling_stream.h:212->firmware/nnet_utils/nnet_pooling_stream.h:247->firmware/nnet_utils/nnet_pooling_stream.h:257) [120]  (2.47 ns)
	blocking operation 1.96 ns on control path)

 <State 5>: 3.42ns
The critical path consists of the following:
	'select' operation ('select_ln66', firmware/nnet_utils/nnet_common.h:66->firmware/nnet_utils/nnet_common.h:44->firmware/nnet_utils/nnet_common.h:46->firmware/nnet_utils/nnet_pooling_stream.h:21->firmware/nnet_utils/nnet_pooling_stream.h:204->firmware/nnet_utils/nnet_pooling_stream.h:247->firmware/nnet_utils/nnet_pooling_stream.h:257) [82]  (0 ns)
	'icmp' operation ('icmp_ln1496_25', firmware/nnet_utils/nnet_common.h:66->firmware/nnet_utils/nnet_common.h:46->firmware/nnet_utils/nnet_pooling_stream.h:21->firmware/nnet_utils/nnet_pooling_stream.h:204->firmware/nnet_utils/nnet_pooling_stream.h:247->firmware/nnet_utils/nnet_pooling_stream.h:257) [86]  (2.43 ns)
	'select' operation ('select_ln66_34', firmware/nnet_utils/nnet_common.h:66->firmware/nnet_utils/nnet_common.h:46->firmware/nnet_utils/nnet_pooling_stream.h:21->firmware/nnet_utils/nnet_pooling_stream.h:204->firmware/nnet_utils/nnet_pooling_stream.h:247->firmware/nnet_utils/nnet_pooling_stream.h:257) [88]  (0.993 ns)

 <State 6>: 4.15ns
The critical path consists of the following:
	'mux' operation ('tmp.data[0].V', firmware/nnet_utils/nnet_common.h:66->firmware/nnet_utils/nnet_common.h:46->firmware/nnet_utils/nnet_pooling_stream.h:21->firmware/nnet_utils/nnet_pooling_stream.h:204->firmware/nnet_utils/nnet_pooling_stream.h:247->firmware/nnet_utils/nnet_pooling_stream.h:257) [89]  (1.96 ns)
	fifo write on port 'res_V_data_0_V' (firmware/nnet_utils/nnet_pooling_stream.h:208->firmware/nnet_utils/nnet_pooling_stream.h:247->firmware/nnet_utils/nnet_pooling_stream.h:257) [117]  (2.19 ns)

 <State 7>: 0ns
The critical path consists of the following:


============================================================
+ Verbose Summary: Binding
============================================================
N/A
* FSMD analyzer results:
  - Output states:
 - Input state : 
  - Chain level:
	State 1
	State 2
	State 3
	State 4
	State 5
	State 6
	State 7


============================================================
+ Verbose Summary: Datapath Resource usage 
============================================================
N/A
