

================================================================
== Vivado HLS Report for 'shift_line_buffer_array_ap_fixed_16_6_5_3_0_6u_config18_s'
================================================================
* Date:           Fri Jun 27 00:22:00 2025

* Version:        2020.1 (Build 2897737 on Wed May 27 20:21:37 MDT 2020)
* Project:        myproject_prj
* Solution:       solution1
* Product family: zynq
* Target device:  xc7z020-clg400-1


================================================================
== Performance Estimates
================================================================
+ Timing: 
    * Summary: 
    +--------+---------+----------+------------+
    |  Clock |  Target | Estimated| Uncertainty|
    +--------+---------+----------+------------+
    |ap_clk  | 5.00 ns | 3.245 ns |   0.62 ns  |
    +--------+---------+----------+------------+

+ Latency: 
    * Summary: 
    +---------+---------+----------+----------+-----+-----+----------+
    |  Latency (cycles) |  Latency (absolute) |  Interval | Pipeline |
    |   min   |   max   |    min   |    max   | min | max |   Type   |
    +---------+---------+----------+----------+-----+-----+----------+
    |        0|        0|   0 ns   |   0 ns   |    1|    1| function |
    +---------+---------+----------+----------+-----+-----+----------+

    + Detail: 
        * Instance: 
        N/A

        * Loop: 
        N/A

============================================================
+ Verbose Summary: Synthesis Manager
============================================================
InlineROM: 1
ExposeGlobal: 0
============================================================
+ Verbose Summary: CDFG Model
============================================================
IsTopModel: 0
ResetActiveHigh: 1
IsCombinational: 0
IsDatapathOnly: 0
HasWiredReturn: 1
HasMFsm: 2
HasVarLatency: 0
IsPipeline: 1
IsRtlPipelined: 0
IsInstanceOverlapped: 0
IsDontTouch: 0
HasImplIP: 0
IsGatedGlobalClock: 0

+ Individual pipeline summary: 
  * Pipeline-0: initiation interval (II) = 1, depth = 1


============================================================
+ Verbose Summary: Schedule
============================================================
* Number of FSM states : 1
* Pipeline : 1
  Pipeline-0 : II = 1, D = 1, States = { 1 }
* Dataflow Pipeline: 0

* FSM state transitions: 
1 --> 

* FSM state operations: 

State 1 <SV = 0> <Delay = 3.24>
ST_1 : Operation 2 [1/1] (0.00ns)   --->   "%kernel_window_53_V_read_1 = call i16 @_ssdm_op_Read.ap_auto.i16(i16 %kernel_window_53_V_read)" [firmware/nnet_utils/nnet_conv_stream.h:216]   --->   Operation 2 'read' 'kernel_window_53_V_read_1' <Predicate = true> <Delay = 0.00>
ST_1 : Operation 3 [1/1] (0.00ns)   --->   "%kernel_window_52_V_read_1 = call i16 @_ssdm_op_Read.ap_auto.i16(i16 %kernel_window_52_V_read)" [firmware/nnet_utils/nnet_conv_stream.h:216]   --->   Operation 3 'read' 'kernel_window_52_V_read_1' <Predicate = true> <Delay = 0.00>
ST_1 : Operation 4 [1/1] (0.00ns)   --->   "%kernel_window_51_V_read_1 = call i16 @_ssdm_op_Read.ap_auto.i16(i16 %kernel_window_51_V_read)" [firmware/nnet_utils/nnet_conv_stream.h:216]   --->   Operation 4 'read' 'kernel_window_51_V_read_1' <Predicate = true> <Delay = 0.00>
ST_1 : Operation 5 [1/1] (0.00ns)   --->   "%kernel_window_50_V_read_1 = call i16 @_ssdm_op_Read.ap_auto.i16(i16 %kernel_window_50_V_read)" [firmware/nnet_utils/nnet_conv_stream.h:216]   --->   Operation 5 'read' 'kernel_window_50_V_read_1' <Predicate = true> <Delay = 0.00>
ST_1 : Operation 6 [1/1] (0.00ns)   --->   "%kernel_window_49_V_read_1 = call i16 @_ssdm_op_Read.ap_auto.i16(i16 %kernel_window_49_V_read)" [firmware/nnet_utils/nnet_conv_stream.h:216]   --->   Operation 6 'read' 'kernel_window_49_V_read_1' <Predicate = true> <Delay = 0.00>
ST_1 : Operation 7 [1/1] (0.00ns)   --->   "%kernel_window_48_V_read_1 = call i16 @_ssdm_op_Read.ap_auto.i16(i16 %kernel_window_48_V_read)" [firmware/nnet_utils/nnet_conv_stream.h:216]   --->   Operation 7 'read' 'kernel_window_48_V_read_1' <Predicate = true> <Delay = 0.00>
ST_1 : Operation 8 [1/1] (0.00ns)   --->   "%kernel_window_47_V_read_1 = call i16 @_ssdm_op_Read.ap_auto.i16(i16 %kernel_window_47_V_read)" [firmware/nnet_utils/nnet_conv_stream.h:216]   --->   Operation 8 'read' 'kernel_window_47_V_read_1' <Predicate = true> <Delay = 0.00>
ST_1 : Operation 9 [1/1] (0.00ns)   --->   "%kernel_window_46_V_read_1 = call i16 @_ssdm_op_Read.ap_auto.i16(i16 %kernel_window_46_V_read)" [firmware/nnet_utils/nnet_conv_stream.h:216]   --->   Operation 9 'read' 'kernel_window_46_V_read_1' <Predicate = true> <Delay = 0.00>
ST_1 : Operation 10 [1/1] (0.00ns)   --->   "%kernel_window_45_V_read_1 = call i16 @_ssdm_op_Read.ap_auto.i16(i16 %kernel_window_45_V_read)" [firmware/nnet_utils/nnet_conv_stream.h:216]   --->   Operation 10 'read' 'kernel_window_45_V_read_1' <Predicate = true> <Delay = 0.00>
ST_1 : Operation 11 [1/1] (0.00ns)   --->   "%kernel_window_44_V_read_1 = call i16 @_ssdm_op_Read.ap_auto.i16(i16 %kernel_window_44_V_read)" [firmware/nnet_utils/nnet_conv_stream.h:216]   --->   Operation 11 'read' 'kernel_window_44_V_read_1' <Predicate = true> <Delay = 0.00>
ST_1 : Operation 12 [1/1] (0.00ns)   --->   "%kernel_window_43_V_read_1 = call i16 @_ssdm_op_Read.ap_auto.i16(i16 %kernel_window_43_V_read)" [firmware/nnet_utils/nnet_conv_stream.h:216]   --->   Operation 12 'read' 'kernel_window_43_V_read_1' <Predicate = true> <Delay = 0.00>
ST_1 : Operation 13 [1/1] (0.00ns)   --->   "%kernel_window_42_V_read_1 = call i16 @_ssdm_op_Read.ap_auto.i16(i16 %kernel_window_42_V_read)" [firmware/nnet_utils/nnet_conv_stream.h:216]   --->   Operation 13 'read' 'kernel_window_42_V_read_1' <Predicate = true> <Delay = 0.00>
ST_1 : Operation 14 [1/1] (0.00ns)   --->   "%kernel_window_35_V_read_1 = call i16 @_ssdm_op_Read.ap_auto.i16(i16 %kernel_window_35_V_read)" [firmware/nnet_utils/nnet_conv_stream.h:216]   --->   Operation 14 'read' 'kernel_window_35_V_read_1' <Predicate = true> <Delay = 0.00>
ST_1 : Operation 15 [1/1] (0.00ns)   --->   "%kernel_window_34_V_read_1 = call i16 @_ssdm_op_Read.ap_auto.i16(i16 %kernel_window_34_V_read)" [firmware/nnet_utils/nnet_conv_stream.h:216]   --->   Operation 15 'read' 'kernel_window_34_V_read_1' <Predicate = true> <Delay = 0.00>
ST_1 : Operation 16 [1/1] (0.00ns)   --->   "%kernel_window_33_V_read_1 = call i16 @_ssdm_op_Read.ap_auto.i16(i16 %kernel_window_33_V_read)" [firmware/nnet_utils/nnet_conv_stream.h:216]   --->   Operation 16 'read' 'kernel_window_33_V_read_1' <Predicate = true> <Delay = 0.00>
ST_1 : Operation 17 [1/1] (0.00ns)   --->   "%kernel_window_32_V_read_1 = call i16 @_ssdm_op_Read.ap_auto.i16(i16 %kernel_window_32_V_read)" [firmware/nnet_utils/nnet_conv_stream.h:216]   --->   Operation 17 'read' 'kernel_window_32_V_read_1' <Predicate = true> <Delay = 0.00>
ST_1 : Operation 18 [1/1] (0.00ns)   --->   "%kernel_window_31_V_read_1 = call i16 @_ssdm_op_Read.ap_auto.i16(i16 %kernel_window_31_V_read)" [firmware/nnet_utils/nnet_conv_stream.h:216]   --->   Operation 18 'read' 'kernel_window_31_V_read_1' <Predicate = true> <Delay = 0.00>
ST_1 : Operation 19 [1/1] (0.00ns)   --->   "%kernel_window_30_V_read_1 = call i16 @_ssdm_op_Read.ap_auto.i16(i16 %kernel_window_30_V_read)" [firmware/nnet_utils/nnet_conv_stream.h:216]   --->   Operation 19 'read' 'kernel_window_30_V_read_1' <Predicate = true> <Delay = 0.00>
ST_1 : Operation 20 [1/1] (0.00ns)   --->   "%kernel_window_29_V_read_1 = call i16 @_ssdm_op_Read.ap_auto.i16(i16 %kernel_window_29_V_read)" [firmware/nnet_utils/nnet_conv_stream.h:216]   --->   Operation 20 'read' 'kernel_window_29_V_read_1' <Predicate = true> <Delay = 0.00>
ST_1 : Operation 21 [1/1] (0.00ns)   --->   "%kernel_window_28_V_read_1 = call i16 @_ssdm_op_Read.ap_auto.i16(i16 %kernel_window_28_V_read)" [firmware/nnet_utils/nnet_conv_stream.h:216]   --->   Operation 21 'read' 'kernel_window_28_V_read_1' <Predicate = true> <Delay = 0.00>
ST_1 : Operation 22 [1/1] (0.00ns)   --->   "%kernel_window_27_V_read_1 = call i16 @_ssdm_op_Read.ap_auto.i16(i16 %kernel_window_27_V_read)" [firmware/nnet_utils/nnet_conv_stream.h:216]   --->   Operation 22 'read' 'kernel_window_27_V_read_1' <Predicate = true> <Delay = 0.00>
ST_1 : Operation 23 [1/1] (0.00ns)   --->   "%kernel_window_26_V_read_1 = call i16 @_ssdm_op_Read.ap_auto.i16(i16 %kernel_window_26_V_read)" [firmware/nnet_utils/nnet_conv_stream.h:216]   --->   Operation 23 'read' 'kernel_window_26_V_read_1' <Predicate = true> <Delay = 0.00>
ST_1 : Operation 24 [1/1] (0.00ns)   --->   "%kernel_window_25_V_read_1 = call i16 @_ssdm_op_Read.ap_auto.i16(i16 %kernel_window_25_V_read)" [firmware/nnet_utils/nnet_conv_stream.h:216]   --->   Operation 24 'read' 'kernel_window_25_V_read_1' <Predicate = true> <Delay = 0.00>
ST_1 : Operation 25 [1/1] (0.00ns)   --->   "%kernel_window_24_V_read_1 = call i16 @_ssdm_op_Read.ap_auto.i16(i16 %kernel_window_24_V_read)" [firmware/nnet_utils/nnet_conv_stream.h:216]   --->   Operation 25 'read' 'kernel_window_24_V_read_1' <Predicate = true> <Delay = 0.00>
ST_1 : Operation 26 [1/1] (0.00ns)   --->   "%kernel_window_17_V_read_1 = call i16 @_ssdm_op_Read.ap_auto.i16(i16 %kernel_window_17_V_read)" [firmware/nnet_utils/nnet_conv_stream.h:216]   --->   Operation 26 'read' 'kernel_window_17_V_read_1' <Predicate = true> <Delay = 0.00>
ST_1 : Operation 27 [1/1] (0.00ns)   --->   "%kernel_window_16_V_read_1 = call i16 @_ssdm_op_Read.ap_auto.i16(i16 %kernel_window_16_V_read)" [firmware/nnet_utils/nnet_conv_stream.h:216]   --->   Operation 27 'read' 'kernel_window_16_V_read_1' <Predicate = true> <Delay = 0.00>
ST_1 : Operation 28 [1/1] (0.00ns)   --->   "%kernel_window_15_V_read_1 = call i16 @_ssdm_op_Read.ap_auto.i16(i16 %kernel_window_15_V_read)" [firmware/nnet_utils/nnet_conv_stream.h:216]   --->   Operation 28 'read' 'kernel_window_15_V_read_1' <Predicate = true> <Delay = 0.00>
ST_1 : Operation 29 [1/1] (0.00ns)   --->   "%kernel_window_14_V_read_1 = call i16 @_ssdm_op_Read.ap_auto.i16(i16 %kernel_window_14_V_read)" [firmware/nnet_utils/nnet_conv_stream.h:216]   --->   Operation 29 'read' 'kernel_window_14_V_read_1' <Predicate = true> <Delay = 0.00>
ST_1 : Operation 30 [1/1] (0.00ns)   --->   "%kernel_window_13_V_read_1 = call i16 @_ssdm_op_Read.ap_auto.i16(i16 %kernel_window_13_V_read)" [firmware/nnet_utils/nnet_conv_stream.h:216]   --->   Operation 30 'read' 'kernel_window_13_V_read_1' <Predicate = true> <Delay = 0.00>
ST_1 : Operation 31 [1/1] (0.00ns)   --->   "%kernel_window_12_V_read_1 = call i16 @_ssdm_op_Read.ap_auto.i16(i16 %kernel_window_12_V_read)" [firmware/nnet_utils/nnet_conv_stream.h:216]   --->   Operation 31 'read' 'kernel_window_12_V_read_1' <Predicate = true> <Delay = 0.00>
ST_1 : Operation 32 [1/1] (0.00ns)   --->   "%kernel_window_11_V_read_1 = call i16 @_ssdm_op_Read.ap_auto.i16(i16 %kernel_window_11_V_read)" [firmware/nnet_utils/nnet_conv_stream.h:216]   --->   Operation 32 'read' 'kernel_window_11_V_read_1' <Predicate = true> <Delay = 0.00>
ST_1 : Operation 33 [1/1] (0.00ns)   --->   "%kernel_window_10_V_read_1 = call i16 @_ssdm_op_Read.ap_auto.i16(i16 %kernel_window_10_V_read)" [firmware/nnet_utils/nnet_conv_stream.h:216]   --->   Operation 33 'read' 'kernel_window_10_V_read_1' <Predicate = true> <Delay = 0.00>
ST_1 : Operation 34 [1/1] (0.00ns)   --->   "%kernel_window_9_V_read_1 = call i16 @_ssdm_op_Read.ap_auto.i16(i16 %kernel_window_9_V_read)" [firmware/nnet_utils/nnet_conv_stream.h:216]   --->   Operation 34 'read' 'kernel_window_9_V_read_1' <Predicate = true> <Delay = 0.00>
ST_1 : Operation 35 [1/1] (0.00ns)   --->   "%kernel_window_8_V_read_1 = call i16 @_ssdm_op_Read.ap_auto.i16(i16 %kernel_window_8_V_read)" [firmware/nnet_utils/nnet_conv_stream.h:216]   --->   Operation 35 'read' 'kernel_window_8_V_read_1' <Predicate = true> <Delay = 0.00>
ST_1 : Operation 36 [1/1] (0.00ns)   --->   "%kernel_window_7_V_read_1 = call i16 @_ssdm_op_Read.ap_auto.i16(i16 %kernel_window_7_V_read)" [firmware/nnet_utils/nnet_conv_stream.h:216]   --->   Operation 36 'read' 'kernel_window_7_V_read_1' <Predicate = true> <Delay = 0.00>
ST_1 : Operation 37 [1/1] (0.00ns)   --->   "%kernel_window_6_V_read_1 = call i16 @_ssdm_op_Read.ap_auto.i16(i16 %kernel_window_6_V_read)" [firmware/nnet_utils/nnet_conv_stream.h:216]   --->   Operation 37 'read' 'kernel_window_6_V_read_1' <Predicate = true> <Delay = 0.00>
ST_1 : Operation 38 [1/1] (0.00ns)   --->   "%in_elem_data_5_V_read_1 = call i16 @_ssdm_op_Read.ap_auto.i16(i16 %in_elem_data_5_V_read)" [firmware/nnet_utils/nnet_conv_stream.h:216]   --->   Operation 38 'read' 'in_elem_data_5_V_read_1' <Predicate = true> <Delay = 0.00>
ST_1 : Operation 39 [1/1] (0.00ns)   --->   "%in_elem_data_4_V_read_1 = call i16 @_ssdm_op_Read.ap_auto.i16(i16 %in_elem_data_4_V_read)" [firmware/nnet_utils/nnet_conv_stream.h:216]   --->   Operation 39 'read' 'in_elem_data_4_V_read_1' <Predicate = true> <Delay = 0.00>
ST_1 : Operation 40 [1/1] (0.00ns)   --->   "%in_elem_data_3_V_read_1 = call i16 @_ssdm_op_Read.ap_auto.i16(i16 %in_elem_data_3_V_read)" [firmware/nnet_utils/nnet_conv_stream.h:216]   --->   Operation 40 'read' 'in_elem_data_3_V_read_1' <Predicate = true> <Delay = 0.00>
ST_1 : Operation 41 [1/1] (0.00ns)   --->   "%in_elem_data_2_V_read_1 = call i16 @_ssdm_op_Read.ap_auto.i16(i16 %in_elem_data_2_V_read)" [firmware/nnet_utils/nnet_conv_stream.h:216]   --->   Operation 41 'read' 'in_elem_data_2_V_read_1' <Predicate = true> <Delay = 0.00>
ST_1 : Operation 42 [1/1] (0.00ns)   --->   "%in_elem_data_1_V_read_1 = call i16 @_ssdm_op_Read.ap_auto.i16(i16 %in_elem_data_1_V_read)" [firmware/nnet_utils/nnet_conv_stream.h:216]   --->   Operation 42 'read' 'in_elem_data_1_V_read_1' <Predicate = true> <Delay = 0.00>
ST_1 : Operation 43 [1/1] (0.00ns)   --->   "%in_elem_data_0_V_read_1 = call i16 @_ssdm_op_Read.ap_auto.i16(i16 %in_elem_data_0_V_read)" [firmware/nnet_utils/nnet_conv_stream.h:216]   --->   Operation 43 'read' 'in_elem_data_0_V_read_1' <Predicate = true> <Delay = 0.00>
ST_1 : Operation 44 [1/1] (0.00ns)   --->   "call void (...)* @_ssdm_op_SpecPipeline(i32 -1, i32 1, i32 1, i32 0, [1 x i8]* @p_str20) nounwind" [firmware/nnet_utils/nnet_conv_stream.h:221]   --->   Operation 44 'specpipeline' <Predicate = true> <Delay = 0.00>
ST_1 : Operation 45 [1/1] (1.62ns)   --->   "%DataOut_V_12 = call i16 @"_ssdm_op_MemShiftRead.[34 x i16]P"(i16* getelementptr inbounds ([34 x i16]* @line_buffer_Array_V_3_0_0, i64 0, i64 33), i16 %in_elem_data_0_V_read_1, i1 true)" [firmware/nnet_utils/nnet_conv_stream.h:241]   --->   Operation 45 'memshiftread' 'DataOut_V_12' <Predicate = true> <Delay = 1.62> <Core = "ShiftReg">   --->   Core 33 'ShiftReg' <Latency = 0> <II = 1> <Delay = 1.62> <Storage> <Opcode : 'memshiftread' 'load'> <Ports = 1> <Width = 16> <Depth = 34> <ShiftMem>
ST_1 : Operation 46 [1/1] (1.62ns)   --->   "%DataOut_V_13 = call i16 @"_ssdm_op_MemShiftRead.[34 x i16]P"(i16* getelementptr inbounds ([34 x i16]* @line_buffer_Array_V_3_1_0, i64 0, i64 33), i16 %DataOut_V_12, i1 true)" [firmware/nnet_utils/nnet_conv_stream.h:241]   --->   Operation 46 'memshiftread' 'DataOut_V_13' <Predicate = true> <Delay = 1.62> <Core = "ShiftReg">   --->   Core 33 'ShiftReg' <Latency = 0> <II = 1> <Delay = 1.62> <Storage> <Opcode : 'memshiftread' 'load'> <Ports = 1> <Width = 16> <Depth = 34> <ShiftMem>
ST_1 : Operation 47 [1/1] (1.62ns)   --->   "%DataOut_V_14 = call i16 @"_ssdm_op_MemShiftRead.[34 x i16]P"(i16* getelementptr inbounds ([34 x i16]* @line_buffer_Array_V_3_0_1, i64 0, i64 33), i16 %in_elem_data_1_V_read_1, i1 true)" [firmware/nnet_utils/nnet_conv_stream.h:241]   --->   Operation 47 'memshiftread' 'DataOut_V_14' <Predicate = true> <Delay = 1.62> <Core = "ShiftReg">   --->   Core 33 'ShiftReg' <Latency = 0> <II = 1> <Delay = 1.62> <Storage> <Opcode : 'memshiftread' 'load'> <Ports = 1> <Width = 16> <Depth = 34> <ShiftMem>
ST_1 : Operation 48 [1/1] (1.62ns)   --->   "%DataOut_V_15 = call i16 @"_ssdm_op_MemShiftRead.[34 x i16]P"(i16* getelementptr inbounds ([34 x i16]* @line_buffer_Array_V_3_1_1, i64 0, i64 33), i16 %DataOut_V_14, i1 true)" [firmware/nnet_utils/nnet_conv_stream.h:241]   --->   Operation 48 'memshiftread' 'DataOut_V_15' <Predicate = true> <Delay = 1.62> <Core = "ShiftReg">   --->   Core 33 'ShiftReg' <Latency = 0> <II = 1> <Delay = 1.62> <Storage> <Opcode : 'memshiftread' 'load'> <Ports = 1> <Width = 16> <Depth = 34> <ShiftMem>
ST_1 : Operation 49 [1/1] (1.62ns)   --->   "%DataOut_V_16 = call i16 @"_ssdm_op_MemShiftRead.[34 x i16]P"(i16* getelementptr inbounds ([34 x i16]* @line_buffer_Array_V_3_0_2, i64 0, i64 33), i16 %in_elem_data_2_V_read_1, i1 true)" [firmware/nnet_utils/nnet_conv_stream.h:241]   --->   Operation 49 'memshiftread' 'DataOut_V_16' <Predicate = true> <Delay = 1.62> <Core = "ShiftReg">   --->   Core 33 'ShiftReg' <Latency = 0> <II = 1> <Delay = 1.62> <Storage> <Opcode : 'memshiftread' 'load'> <Ports = 1> <Width = 16> <Depth = 34> <ShiftMem>
ST_1 : Operation 50 [1/1] (1.62ns)   --->   "%DataOut_V_17 = call i16 @"_ssdm_op_MemShiftRead.[34 x i16]P"(i16* getelementptr inbounds ([34 x i16]* @line_buffer_Array_V_3_1_2, i64 0, i64 33), i16 %DataOut_V_16, i1 true)" [firmware/nnet_utils/nnet_conv_stream.h:241]   --->   Operation 50 'memshiftread' 'DataOut_V_17' <Predicate = true> <Delay = 1.62> <Core = "ShiftReg">   --->   Core 33 'ShiftReg' <Latency = 0> <II = 1> <Delay = 1.62> <Storage> <Opcode : 'memshiftread' 'load'> <Ports = 1> <Width = 16> <Depth = 34> <ShiftMem>
ST_1 : Operation 51 [1/1] (1.62ns)   --->   "%DataOut_V_18 = call i16 @"_ssdm_op_MemShiftRead.[34 x i16]P"(i16* getelementptr inbounds ([34 x i16]* @line_buffer_Array_V_3_0_3, i64 0, i64 33), i16 %in_elem_data_3_V_read_1, i1 true)" [firmware/nnet_utils/nnet_conv_stream.h:241]   --->   Operation 51 'memshiftread' 'DataOut_V_18' <Predicate = true> <Delay = 1.62> <Core = "ShiftReg">   --->   Core 33 'ShiftReg' <Latency = 0> <II = 1> <Delay = 1.62> <Storage> <Opcode : 'memshiftread' 'load'> <Ports = 1> <Width = 16> <Depth = 34> <ShiftMem>
ST_1 : Operation 52 [1/1] (1.62ns)   --->   "%DataOut_V_19 = call i16 @"_ssdm_op_MemShiftRead.[34 x i16]P"(i16* getelementptr inbounds ([34 x i16]* @line_buffer_Array_V_3_1_3, i64 0, i64 33), i16 %DataOut_V_18, i1 true)" [firmware/nnet_utils/nnet_conv_stream.h:241]   --->   Operation 52 'memshiftread' 'DataOut_V_19' <Predicate = true> <Delay = 1.62> <Core = "ShiftReg">   --->   Core 33 'ShiftReg' <Latency = 0> <II = 1> <Delay = 1.62> <Storage> <Opcode : 'memshiftread' 'load'> <Ports = 1> <Width = 16> <Depth = 34> <ShiftMem>
ST_1 : Operation 53 [1/1] (1.62ns)   --->   "%DataOut_V_20 = call i16 @"_ssdm_op_MemShiftRead.[34 x i16]P"(i16* getelementptr inbounds ([34 x i16]* @line_buffer_Array_V_3_0_4, i64 0, i64 33), i16 %in_elem_data_4_V_read_1, i1 true)" [firmware/nnet_utils/nnet_conv_stream.h:241]   --->   Operation 53 'memshiftread' 'DataOut_V_20' <Predicate = true> <Delay = 1.62> <Core = "ShiftReg">   --->   Core 33 'ShiftReg' <Latency = 0> <II = 1> <Delay = 1.62> <Storage> <Opcode : 'memshiftread' 'load'> <Ports = 1> <Width = 16> <Depth = 34> <ShiftMem>
ST_1 : Operation 54 [1/1] (1.62ns)   --->   "%DataOut_V_21 = call i16 @"_ssdm_op_MemShiftRead.[34 x i16]P"(i16* getelementptr inbounds ([34 x i16]* @line_buffer_Array_V_3_1_4, i64 0, i64 33), i16 %DataOut_V_20, i1 true)" [firmware/nnet_utils/nnet_conv_stream.h:241]   --->   Operation 54 'memshiftread' 'DataOut_V_21' <Predicate = true> <Delay = 1.62> <Core = "ShiftReg">   --->   Core 33 'ShiftReg' <Latency = 0> <II = 1> <Delay = 1.62> <Storage> <Opcode : 'memshiftread' 'load'> <Ports = 1> <Width = 16> <Depth = 34> <ShiftMem>
ST_1 : Operation 55 [1/1] (1.62ns)   --->   "%DataOut_V_22 = call i16 @"_ssdm_op_MemShiftRead.[34 x i16]P"(i16* getelementptr inbounds ([34 x i16]* @line_buffer_Array_V_3_0_5, i64 0, i64 33), i16 %in_elem_data_5_V_read_1, i1 true)" [firmware/nnet_utils/nnet_conv_stream.h:241]   --->   Operation 55 'memshiftread' 'DataOut_V_22' <Predicate = true> <Delay = 1.62> <Core = "ShiftReg">   --->   Core 33 'ShiftReg' <Latency = 0> <II = 1> <Delay = 1.62> <Storage> <Opcode : 'memshiftread' 'load'> <Ports = 1> <Width = 16> <Depth = 34> <ShiftMem>
ST_1 : Operation 56 [1/1] (1.62ns)   --->   "%DataOut_V = call i16 @"_ssdm_op_MemShiftRead.[34 x i16]P"(i16* getelementptr inbounds ([34 x i16]* @line_buffer_Array_V_3_1_5, i64 0, i64 33), i16 %DataOut_V_22, i1 true)" [firmware/nnet_utils/nnet_conv_stream.h:241]   --->   Operation 56 'memshiftread' 'DataOut_V' <Predicate = true> <Delay = 1.62> <Core = "ShiftReg">   --->   Core 33 'ShiftReg' <Latency = 0> <II = 1> <Delay = 1.62> <Storage> <Opcode : 'memshiftread' 'load'> <Ports = 1> <Width = 16> <Depth = 34> <ShiftMem>
ST_1 : Operation 57 [1/1] (0.00ns)   --->   "%mrv_s = insertvalue { i16, i16, i16, i16, i16, i16, i16, i16, i16, i16, i16, i16, i16, i16, i16, i16, i16, i16, i16, i16, i16, i16, i16, i16, i16, i16, i16, i16, i16, i16, i16, i16, i16, i16, i16, i16, i16, i16, i16, i16, i16, i16, i16, i16, i16, i16, i16, i16, i16, i16, i16, i16, i16, i16 } undef, i16 %kernel_window_6_V_read_1, 0" [firmware/nnet_utils/nnet_conv_stream.h:248]   --->   Operation 57 'insertvalue' 'mrv_s' <Predicate = true> <Delay = 0.00>
ST_1 : Operation 58 [1/1] (0.00ns)   --->   "%mrv_1 = insertvalue { i16, i16, i16, i16, i16, i16, i16, i16, i16, i16, i16, i16, i16, i16, i16, i16, i16, i16, i16, i16, i16, i16, i16, i16, i16, i16, i16, i16, i16, i16, i16, i16, i16, i16, i16, i16, i16, i16, i16, i16, i16, i16, i16, i16, i16, i16, i16, i16, i16, i16, i16, i16, i16, i16 } %mrv_s, i16 %kernel_window_7_V_read_1, 1" [firmware/nnet_utils/nnet_conv_stream.h:248]   --->   Operation 58 'insertvalue' 'mrv_1' <Predicate = true> <Delay = 0.00>
ST_1 : Operation 59 [1/1] (0.00ns)   --->   "%mrv_2 = insertvalue { i16, i16, i16, i16, i16, i16, i16, i16, i16, i16, i16, i16, i16, i16, i16, i16, i16, i16, i16, i16, i16, i16, i16, i16, i16, i16, i16, i16, i16, i16, i16, i16, i16, i16, i16, i16, i16, i16, i16, i16, i16, i16, i16, i16, i16, i16, i16, i16, i16, i16, i16, i16, i16, i16 } %mrv_1, i16 %kernel_window_8_V_read_1, 2" [firmware/nnet_utils/nnet_conv_stream.h:248]   --->   Operation 59 'insertvalue' 'mrv_2' <Predicate = true> <Delay = 0.00>
ST_1 : Operation 60 [1/1] (0.00ns)   --->   "%mrv_3 = insertvalue { i16, i16, i16, i16, i16, i16, i16, i16, i16, i16, i16, i16, i16, i16, i16, i16, i16, i16, i16, i16, i16, i16, i16, i16, i16, i16, i16, i16, i16, i16, i16, i16, i16, i16, i16, i16, i16, i16, i16, i16, i16, i16, i16, i16, i16, i16, i16, i16, i16, i16, i16, i16, i16, i16 } %mrv_2, i16 %kernel_window_9_V_read_1, 3" [firmware/nnet_utils/nnet_conv_stream.h:248]   --->   Operation 60 'insertvalue' 'mrv_3' <Predicate = true> <Delay = 0.00>
ST_1 : Operation 61 [1/1] (0.00ns)   --->   "%mrv_4 = insertvalue { i16, i16, i16, i16, i16, i16, i16, i16, i16, i16, i16, i16, i16, i16, i16, i16, i16, i16, i16, i16, i16, i16, i16, i16, i16, i16, i16, i16, i16, i16, i16, i16, i16, i16, i16, i16, i16, i16, i16, i16, i16, i16, i16, i16, i16, i16, i16, i16, i16, i16, i16, i16, i16, i16 } %mrv_3, i16 %kernel_window_10_V_read_1, 4" [firmware/nnet_utils/nnet_conv_stream.h:248]   --->   Operation 61 'insertvalue' 'mrv_4' <Predicate = true> <Delay = 0.00>
ST_1 : Operation 62 [1/1] (0.00ns)   --->   "%mrv_5 = insertvalue { i16, i16, i16, i16, i16, i16, i16, i16, i16, i16, i16, i16, i16, i16, i16, i16, i16, i16, i16, i16, i16, i16, i16, i16, i16, i16, i16, i16, i16, i16, i16, i16, i16, i16, i16, i16, i16, i16, i16, i16, i16, i16, i16, i16, i16, i16, i16, i16, i16, i16, i16, i16, i16, i16 } %mrv_4, i16 %kernel_window_11_V_read_1, 5" [firmware/nnet_utils/nnet_conv_stream.h:248]   --->   Operation 62 'insertvalue' 'mrv_5' <Predicate = true> <Delay = 0.00>
ST_1 : Operation 63 [1/1] (0.00ns)   --->   "%mrv_6 = insertvalue { i16, i16, i16, i16, i16, i16, i16, i16, i16, i16, i16, i16, i16, i16, i16, i16, i16, i16, i16, i16, i16, i16, i16, i16, i16, i16, i16, i16, i16, i16, i16, i16, i16, i16, i16, i16, i16, i16, i16, i16, i16, i16, i16, i16, i16, i16, i16, i16, i16, i16, i16, i16, i16, i16 } %mrv_5, i16 %kernel_window_24_V_read_1, 6" [firmware/nnet_utils/nnet_conv_stream.h:248]   --->   Operation 63 'insertvalue' 'mrv_6' <Predicate = true> <Delay = 0.00>
ST_1 : Operation 64 [1/1] (0.00ns)   --->   "%mrv_7 = insertvalue { i16, i16, i16, i16, i16, i16, i16, i16, i16, i16, i16, i16, i16, i16, i16, i16, i16, i16, i16, i16, i16, i16, i16, i16, i16, i16, i16, i16, i16, i16, i16, i16, i16, i16, i16, i16, i16, i16, i16, i16, i16, i16, i16, i16, i16, i16, i16, i16, i16, i16, i16, i16, i16, i16 } %mrv_6, i16 %kernel_window_25_V_read_1, 7" [firmware/nnet_utils/nnet_conv_stream.h:248]   --->   Operation 64 'insertvalue' 'mrv_7' <Predicate = true> <Delay = 0.00>
ST_1 : Operation 65 [1/1] (0.00ns)   --->   "%mrv_8 = insertvalue { i16, i16, i16, i16, i16, i16, i16, i16, i16, i16, i16, i16, i16, i16, i16, i16, i16, i16, i16, i16, i16, i16, i16, i16, i16, i16, i16, i16, i16, i16, i16, i16, i16, i16, i16, i16, i16, i16, i16, i16, i16, i16, i16, i16, i16, i16, i16, i16, i16, i16, i16, i16, i16, i16 } %mrv_7, i16 %kernel_window_26_V_read_1, 8" [firmware/nnet_utils/nnet_conv_stream.h:248]   --->   Operation 65 'insertvalue' 'mrv_8' <Predicate = true> <Delay = 0.00>
ST_1 : Operation 66 [1/1] (0.00ns)   --->   "%mrv_9 = insertvalue { i16, i16, i16, i16, i16, i16, i16, i16, i16, i16, i16, i16, i16, i16, i16, i16, i16, i16, i16, i16, i16, i16, i16, i16, i16, i16, i16, i16, i16, i16, i16, i16, i16, i16, i16, i16, i16, i16, i16, i16, i16, i16, i16, i16, i16, i16, i16, i16, i16, i16, i16, i16, i16, i16 } %mrv_8, i16 %kernel_window_27_V_read_1, 9" [firmware/nnet_utils/nnet_conv_stream.h:248]   --->   Operation 66 'insertvalue' 'mrv_9' <Predicate = true> <Delay = 0.00>
ST_1 : Operation 67 [1/1] (0.00ns)   --->   "%mrv_10 = insertvalue { i16, i16, i16, i16, i16, i16, i16, i16, i16, i16, i16, i16, i16, i16, i16, i16, i16, i16, i16, i16, i16, i16, i16, i16, i16, i16, i16, i16, i16, i16, i16, i16, i16, i16, i16, i16, i16, i16, i16, i16, i16, i16, i16, i16, i16, i16, i16, i16, i16, i16, i16, i16, i16, i16 } %mrv_9, i16 %kernel_window_28_V_read_1, 10" [firmware/nnet_utils/nnet_conv_stream.h:248]   --->   Operation 67 'insertvalue' 'mrv_10' <Predicate = true> <Delay = 0.00>
ST_1 : Operation 68 [1/1] (0.00ns)   --->   "%mrv_11 = insertvalue { i16, i16, i16, i16, i16, i16, i16, i16, i16, i16, i16, i16, i16, i16, i16, i16, i16, i16, i16, i16, i16, i16, i16, i16, i16, i16, i16, i16, i16, i16, i16, i16, i16, i16, i16, i16, i16, i16, i16, i16, i16, i16, i16, i16, i16, i16, i16, i16, i16, i16, i16, i16, i16, i16 } %mrv_10, i16 %kernel_window_29_V_read_1, 11" [firmware/nnet_utils/nnet_conv_stream.h:248]   --->   Operation 68 'insertvalue' 'mrv_11' <Predicate = true> <Delay = 0.00>
ST_1 : Operation 69 [1/1] (0.00ns)   --->   "%mrv_12 = insertvalue { i16, i16, i16, i16, i16, i16, i16, i16, i16, i16, i16, i16, i16, i16, i16, i16, i16, i16, i16, i16, i16, i16, i16, i16, i16, i16, i16, i16, i16, i16, i16, i16, i16, i16, i16, i16, i16, i16, i16, i16, i16, i16, i16, i16, i16, i16, i16, i16, i16, i16, i16, i16, i16, i16 } %mrv_11, i16 %kernel_window_42_V_read_1, 12" [firmware/nnet_utils/nnet_conv_stream.h:248]   --->   Operation 69 'insertvalue' 'mrv_12' <Predicate = true> <Delay = 0.00>
ST_1 : Operation 70 [1/1] (0.00ns)   --->   "%mrv_13 = insertvalue { i16, i16, i16, i16, i16, i16, i16, i16, i16, i16, i16, i16, i16, i16, i16, i16, i16, i16, i16, i16, i16, i16, i16, i16, i16, i16, i16, i16, i16, i16, i16, i16, i16, i16, i16, i16, i16, i16, i16, i16, i16, i16, i16, i16, i16, i16, i16, i16, i16, i16, i16, i16, i16, i16 } %mrv_12, i16 %kernel_window_43_V_read_1, 13" [firmware/nnet_utils/nnet_conv_stream.h:248]   --->   Operation 70 'insertvalue' 'mrv_13' <Predicate = true> <Delay = 0.00>
ST_1 : Operation 71 [1/1] (0.00ns)   --->   "%mrv_14 = insertvalue { i16, i16, i16, i16, i16, i16, i16, i16, i16, i16, i16, i16, i16, i16, i16, i16, i16, i16, i16, i16, i16, i16, i16, i16, i16, i16, i16, i16, i16, i16, i16, i16, i16, i16, i16, i16, i16, i16, i16, i16, i16, i16, i16, i16, i16, i16, i16, i16, i16, i16, i16, i16, i16, i16 } %mrv_13, i16 %kernel_window_44_V_read_1, 14" [firmware/nnet_utils/nnet_conv_stream.h:248]   --->   Operation 71 'insertvalue' 'mrv_14' <Predicate = true> <Delay = 0.00>
ST_1 : Operation 72 [1/1] (0.00ns)   --->   "%mrv_15 = insertvalue { i16, i16, i16, i16, i16, i16, i16, i16, i16, i16, i16, i16, i16, i16, i16, i16, i16, i16, i16, i16, i16, i16, i16, i16, i16, i16, i16, i16, i16, i16, i16, i16, i16, i16, i16, i16, i16, i16, i16, i16, i16, i16, i16, i16, i16, i16, i16, i16, i16, i16, i16, i16, i16, i16 } %mrv_14, i16 %kernel_window_45_V_read_1, 15" [firmware/nnet_utils/nnet_conv_stream.h:248]   --->   Operation 72 'insertvalue' 'mrv_15' <Predicate = true> <Delay = 0.00>
ST_1 : Operation 73 [1/1] (0.00ns)   --->   "%mrv_16 = insertvalue { i16, i16, i16, i16, i16, i16, i16, i16, i16, i16, i16, i16, i16, i16, i16, i16, i16, i16, i16, i16, i16, i16, i16, i16, i16, i16, i16, i16, i16, i16, i16, i16, i16, i16, i16, i16, i16, i16, i16, i16, i16, i16, i16, i16, i16, i16, i16, i16, i16, i16, i16, i16, i16, i16 } %mrv_15, i16 %kernel_window_46_V_read_1, 16" [firmware/nnet_utils/nnet_conv_stream.h:248]   --->   Operation 73 'insertvalue' 'mrv_16' <Predicate = true> <Delay = 0.00>
ST_1 : Operation 74 [1/1] (0.00ns)   --->   "%mrv_17 = insertvalue { i16, i16, i16, i16, i16, i16, i16, i16, i16, i16, i16, i16, i16, i16, i16, i16, i16, i16, i16, i16, i16, i16, i16, i16, i16, i16, i16, i16, i16, i16, i16, i16, i16, i16, i16, i16, i16, i16, i16, i16, i16, i16, i16, i16, i16, i16, i16, i16, i16, i16, i16, i16, i16, i16 } %mrv_16, i16 %kernel_window_47_V_read_1, 17" [firmware/nnet_utils/nnet_conv_stream.h:248]   --->   Operation 74 'insertvalue' 'mrv_17' <Predicate = true> <Delay = 0.00>
ST_1 : Operation 75 [1/1] (0.00ns)   --->   "%mrv_18 = insertvalue { i16, i16, i16, i16, i16, i16, i16, i16, i16, i16, i16, i16, i16, i16, i16, i16, i16, i16, i16, i16, i16, i16, i16, i16, i16, i16, i16, i16, i16, i16, i16, i16, i16, i16, i16, i16, i16, i16, i16, i16, i16, i16, i16, i16, i16, i16, i16, i16, i16, i16, i16, i16, i16, i16 } %mrv_17, i16 %kernel_window_12_V_read_1, 18" [firmware/nnet_utils/nnet_conv_stream.h:248]   --->   Operation 75 'insertvalue' 'mrv_18' <Predicate = true> <Delay = 0.00>
ST_1 : Operation 76 [1/1] (0.00ns)   --->   "%mrv_19 = insertvalue { i16, i16, i16, i16, i16, i16, i16, i16, i16, i16, i16, i16, i16, i16, i16, i16, i16, i16, i16, i16, i16, i16, i16, i16, i16, i16, i16, i16, i16, i16, i16, i16, i16, i16, i16, i16, i16, i16, i16, i16, i16, i16, i16, i16, i16, i16, i16, i16, i16, i16, i16, i16, i16, i16 } %mrv_18, i16 %kernel_window_13_V_read_1, 19" [firmware/nnet_utils/nnet_conv_stream.h:248]   --->   Operation 76 'insertvalue' 'mrv_19' <Predicate = true> <Delay = 0.00>
ST_1 : Operation 77 [1/1] (0.00ns)   --->   "%mrv_20 = insertvalue { i16, i16, i16, i16, i16, i16, i16, i16, i16, i16, i16, i16, i16, i16, i16, i16, i16, i16, i16, i16, i16, i16, i16, i16, i16, i16, i16, i16, i16, i16, i16, i16, i16, i16, i16, i16, i16, i16, i16, i16, i16, i16, i16, i16, i16, i16, i16, i16, i16, i16, i16, i16, i16, i16 } %mrv_19, i16 %kernel_window_14_V_read_1, 20" [firmware/nnet_utils/nnet_conv_stream.h:248]   --->   Operation 77 'insertvalue' 'mrv_20' <Predicate = true> <Delay = 0.00>
ST_1 : Operation 78 [1/1] (0.00ns)   --->   "%mrv_21 = insertvalue { i16, i16, i16, i16, i16, i16, i16, i16, i16, i16, i16, i16, i16, i16, i16, i16, i16, i16, i16, i16, i16, i16, i16, i16, i16, i16, i16, i16, i16, i16, i16, i16, i16, i16, i16, i16, i16, i16, i16, i16, i16, i16, i16, i16, i16, i16, i16, i16, i16, i16, i16, i16, i16, i16 } %mrv_20, i16 %kernel_window_15_V_read_1, 21" [firmware/nnet_utils/nnet_conv_stream.h:248]   --->   Operation 78 'insertvalue' 'mrv_21' <Predicate = true> <Delay = 0.00>
ST_1 : Operation 79 [1/1] (0.00ns)   --->   "%mrv_22 = insertvalue { i16, i16, i16, i16, i16, i16, i16, i16, i16, i16, i16, i16, i16, i16, i16, i16, i16, i16, i16, i16, i16, i16, i16, i16, i16, i16, i16, i16, i16, i16, i16, i16, i16, i16, i16, i16, i16, i16, i16, i16, i16, i16, i16, i16, i16, i16, i16, i16, i16, i16, i16, i16, i16, i16 } %mrv_21, i16 %kernel_window_16_V_read_1, 22" [firmware/nnet_utils/nnet_conv_stream.h:248]   --->   Operation 79 'insertvalue' 'mrv_22' <Predicate = true> <Delay = 0.00>
ST_1 : Operation 80 [1/1] (0.00ns)   --->   "%mrv_23 = insertvalue { i16, i16, i16, i16, i16, i16, i16, i16, i16, i16, i16, i16, i16, i16, i16, i16, i16, i16, i16, i16, i16, i16, i16, i16, i16, i16, i16, i16, i16, i16, i16, i16, i16, i16, i16, i16, i16, i16, i16, i16, i16, i16, i16, i16, i16, i16, i16, i16, i16, i16, i16, i16, i16, i16 } %mrv_22, i16 %kernel_window_17_V_read_1, 23" [firmware/nnet_utils/nnet_conv_stream.h:248]   --->   Operation 80 'insertvalue' 'mrv_23' <Predicate = true> <Delay = 0.00>
ST_1 : Operation 81 [1/1] (0.00ns)   --->   "%mrv_24 = insertvalue { i16, i16, i16, i16, i16, i16, i16, i16, i16, i16, i16, i16, i16, i16, i16, i16, i16, i16, i16, i16, i16, i16, i16, i16, i16, i16, i16, i16, i16, i16, i16, i16, i16, i16, i16, i16, i16, i16, i16, i16, i16, i16, i16, i16, i16, i16, i16, i16, i16, i16, i16, i16, i16, i16 } %mrv_23, i16 %DataOut_V_13, 24" [firmware/nnet_utils/nnet_conv_stream.h:248]   --->   Operation 81 'insertvalue' 'mrv_24' <Predicate = true> <Delay = 0.00>
ST_1 : Operation 82 [1/1] (0.00ns)   --->   "%mrv_25 = insertvalue { i16, i16, i16, i16, i16, i16, i16, i16, i16, i16, i16, i16, i16, i16, i16, i16, i16, i16, i16, i16, i16, i16, i16, i16, i16, i16, i16, i16, i16, i16, i16, i16, i16, i16, i16, i16, i16, i16, i16, i16, i16, i16, i16, i16, i16, i16, i16, i16, i16, i16, i16, i16, i16, i16 } %mrv_24, i16 %DataOut_V_15, 25" [firmware/nnet_utils/nnet_conv_stream.h:248]   --->   Operation 82 'insertvalue' 'mrv_25' <Predicate = true> <Delay = 0.00>
ST_1 : Operation 83 [1/1] (0.00ns)   --->   "%mrv_26 = insertvalue { i16, i16, i16, i16, i16, i16, i16, i16, i16, i16, i16, i16, i16, i16, i16, i16, i16, i16, i16, i16, i16, i16, i16, i16, i16, i16, i16, i16, i16, i16, i16, i16, i16, i16, i16, i16, i16, i16, i16, i16, i16, i16, i16, i16, i16, i16, i16, i16, i16, i16, i16, i16, i16, i16 } %mrv_25, i16 %DataOut_V_17, 26" [firmware/nnet_utils/nnet_conv_stream.h:248]   --->   Operation 83 'insertvalue' 'mrv_26' <Predicate = true> <Delay = 0.00>
ST_1 : Operation 84 [1/1] (0.00ns)   --->   "%mrv_27 = insertvalue { i16, i16, i16, i16, i16, i16, i16, i16, i16, i16, i16, i16, i16, i16, i16, i16, i16, i16, i16, i16, i16, i16, i16, i16, i16, i16, i16, i16, i16, i16, i16, i16, i16, i16, i16, i16, i16, i16, i16, i16, i16, i16, i16, i16, i16, i16, i16, i16, i16, i16, i16, i16, i16, i16 } %mrv_26, i16 %DataOut_V_19, 27" [firmware/nnet_utils/nnet_conv_stream.h:248]   --->   Operation 84 'insertvalue' 'mrv_27' <Predicate = true> <Delay = 0.00>
ST_1 : Operation 85 [1/1] (0.00ns)   --->   "%mrv_28 = insertvalue { i16, i16, i16, i16, i16, i16, i16, i16, i16, i16, i16, i16, i16, i16, i16, i16, i16, i16, i16, i16, i16, i16, i16, i16, i16, i16, i16, i16, i16, i16, i16, i16, i16, i16, i16, i16, i16, i16, i16, i16, i16, i16, i16, i16, i16, i16, i16, i16, i16, i16, i16, i16, i16, i16 } %mrv_27, i16 %DataOut_V_21, 28" [firmware/nnet_utils/nnet_conv_stream.h:248]   --->   Operation 85 'insertvalue' 'mrv_28' <Predicate = true> <Delay = 0.00>
ST_1 : Operation 86 [1/1] (0.00ns)   --->   "%mrv_29 = insertvalue { i16, i16, i16, i16, i16, i16, i16, i16, i16, i16, i16, i16, i16, i16, i16, i16, i16, i16, i16, i16, i16, i16, i16, i16, i16, i16, i16, i16, i16, i16, i16, i16, i16, i16, i16, i16, i16, i16, i16, i16, i16, i16, i16, i16, i16, i16, i16, i16, i16, i16, i16, i16, i16, i16 } %mrv_28, i16 %DataOut_V, 29" [firmware/nnet_utils/nnet_conv_stream.h:248]   --->   Operation 86 'insertvalue' 'mrv_29' <Predicate = true> <Delay = 0.00>
ST_1 : Operation 87 [1/1] (0.00ns)   --->   "%mrv_30 = insertvalue { i16, i16, i16, i16, i16, i16, i16, i16, i16, i16, i16, i16, i16, i16, i16, i16, i16, i16, i16, i16, i16, i16, i16, i16, i16, i16, i16, i16, i16, i16, i16, i16, i16, i16, i16, i16, i16, i16, i16, i16, i16, i16, i16, i16, i16, i16, i16, i16, i16, i16, i16, i16, i16, i16 } %mrv_29, i16 %kernel_window_30_V_read_1, 30" [firmware/nnet_utils/nnet_conv_stream.h:248]   --->   Operation 87 'insertvalue' 'mrv_30' <Predicate = true> <Delay = 0.00>
ST_1 : Operation 88 [1/1] (0.00ns)   --->   "%mrv_31 = insertvalue { i16, i16, i16, i16, i16, i16, i16, i16, i16, i16, i16, i16, i16, i16, i16, i16, i16, i16, i16, i16, i16, i16, i16, i16, i16, i16, i16, i16, i16, i16, i16, i16, i16, i16, i16, i16, i16, i16, i16, i16, i16, i16, i16, i16, i16, i16, i16, i16, i16, i16, i16, i16, i16, i16 } %mrv_30, i16 %kernel_window_31_V_read_1, 31" [firmware/nnet_utils/nnet_conv_stream.h:248]   --->   Operation 88 'insertvalue' 'mrv_31' <Predicate = true> <Delay = 0.00>
ST_1 : Operation 89 [1/1] (0.00ns)   --->   "%mrv_32 = insertvalue { i16, i16, i16, i16, i16, i16, i16, i16, i16, i16, i16, i16, i16, i16, i16, i16, i16, i16, i16, i16, i16, i16, i16, i16, i16, i16, i16, i16, i16, i16, i16, i16, i16, i16, i16, i16, i16, i16, i16, i16, i16, i16, i16, i16, i16, i16, i16, i16, i16, i16, i16, i16, i16, i16 } %mrv_31, i16 %kernel_window_32_V_read_1, 32" [firmware/nnet_utils/nnet_conv_stream.h:248]   --->   Operation 89 'insertvalue' 'mrv_32' <Predicate = true> <Delay = 0.00>
ST_1 : Operation 90 [1/1] (0.00ns)   --->   "%mrv_33 = insertvalue { i16, i16, i16, i16, i16, i16, i16, i16, i16, i16, i16, i16, i16, i16, i16, i16, i16, i16, i16, i16, i16, i16, i16, i16, i16, i16, i16, i16, i16, i16, i16, i16, i16, i16, i16, i16, i16, i16, i16, i16, i16, i16, i16, i16, i16, i16, i16, i16, i16, i16, i16, i16, i16, i16 } %mrv_32, i16 %kernel_window_33_V_read_1, 33" [firmware/nnet_utils/nnet_conv_stream.h:248]   --->   Operation 90 'insertvalue' 'mrv_33' <Predicate = true> <Delay = 0.00>
ST_1 : Operation 91 [1/1] (0.00ns)   --->   "%mrv_34 = insertvalue { i16, i16, i16, i16, i16, i16, i16, i16, i16, i16, i16, i16, i16, i16, i16, i16, i16, i16, i16, i16, i16, i16, i16, i16, i16, i16, i16, i16, i16, i16, i16, i16, i16, i16, i16, i16, i16, i16, i16, i16, i16, i16, i16, i16, i16, i16, i16, i16, i16, i16, i16, i16, i16, i16 } %mrv_33, i16 %kernel_window_34_V_read_1, 34" [firmware/nnet_utils/nnet_conv_stream.h:248]   --->   Operation 91 'insertvalue' 'mrv_34' <Predicate = true> <Delay = 0.00>
ST_1 : Operation 92 [1/1] (0.00ns)   --->   "%mrv_35 = insertvalue { i16, i16, i16, i16, i16, i16, i16, i16, i16, i16, i16, i16, i16, i16, i16, i16, i16, i16, i16, i16, i16, i16, i16, i16, i16, i16, i16, i16, i16, i16, i16, i16, i16, i16, i16, i16, i16, i16, i16, i16, i16, i16, i16, i16, i16, i16, i16, i16, i16, i16, i16, i16, i16, i16 } %mrv_34, i16 %kernel_window_35_V_read_1, 35" [firmware/nnet_utils/nnet_conv_stream.h:248]   --->   Operation 92 'insertvalue' 'mrv_35' <Predicate = true> <Delay = 0.00>
ST_1 : Operation 93 [1/1] (0.00ns)   --->   "%mrv_36 = insertvalue { i16, i16, i16, i16, i16, i16, i16, i16, i16, i16, i16, i16, i16, i16, i16, i16, i16, i16, i16, i16, i16, i16, i16, i16, i16, i16, i16, i16, i16, i16, i16, i16, i16, i16, i16, i16, i16, i16, i16, i16, i16, i16, i16, i16, i16, i16, i16, i16, i16, i16, i16, i16, i16, i16 } %mrv_35, i16 %DataOut_V_12, 36" [firmware/nnet_utils/nnet_conv_stream.h:248]   --->   Operation 93 'insertvalue' 'mrv_36' <Predicate = true> <Delay = 0.00>
ST_1 : Operation 94 [1/1] (0.00ns)   --->   "%mrv_37 = insertvalue { i16, i16, i16, i16, i16, i16, i16, i16, i16, i16, i16, i16, i16, i16, i16, i16, i16, i16, i16, i16, i16, i16, i16, i16, i16, i16, i16, i16, i16, i16, i16, i16, i16, i16, i16, i16, i16, i16, i16, i16, i16, i16, i16, i16, i16, i16, i16, i16, i16, i16, i16, i16, i16, i16 } %mrv_36, i16 %DataOut_V_14, 37" [firmware/nnet_utils/nnet_conv_stream.h:248]   --->   Operation 94 'insertvalue' 'mrv_37' <Predicate = true> <Delay = 0.00>
ST_1 : Operation 95 [1/1] (0.00ns)   --->   "%mrv_38 = insertvalue { i16, i16, i16, i16, i16, i16, i16, i16, i16, i16, i16, i16, i16, i16, i16, i16, i16, i16, i16, i16, i16, i16, i16, i16, i16, i16, i16, i16, i16, i16, i16, i16, i16, i16, i16, i16, i16, i16, i16, i16, i16, i16, i16, i16, i16, i16, i16, i16, i16, i16, i16, i16, i16, i16 } %mrv_37, i16 %DataOut_V_16, 38" [firmware/nnet_utils/nnet_conv_stream.h:248]   --->   Operation 95 'insertvalue' 'mrv_38' <Predicate = true> <Delay = 0.00>
ST_1 : Operation 96 [1/1] (0.00ns)   --->   "%mrv_39 = insertvalue { i16, i16, i16, i16, i16, i16, i16, i16, i16, i16, i16, i16, i16, i16, i16, i16, i16, i16, i16, i16, i16, i16, i16, i16, i16, i16, i16, i16, i16, i16, i16, i16, i16, i16, i16, i16, i16, i16, i16, i16, i16, i16, i16, i16, i16, i16, i16, i16, i16, i16, i16, i16, i16, i16 } %mrv_38, i16 %DataOut_V_18, 39" [firmware/nnet_utils/nnet_conv_stream.h:248]   --->   Operation 96 'insertvalue' 'mrv_39' <Predicate = true> <Delay = 0.00>
ST_1 : Operation 97 [1/1] (0.00ns)   --->   "%mrv_40 = insertvalue { i16, i16, i16, i16, i16, i16, i16, i16, i16, i16, i16, i16, i16, i16, i16, i16, i16, i16, i16, i16, i16, i16, i16, i16, i16, i16, i16, i16, i16, i16, i16, i16, i16, i16, i16, i16, i16, i16, i16, i16, i16, i16, i16, i16, i16, i16, i16, i16, i16, i16, i16, i16, i16, i16 } %mrv_39, i16 %DataOut_V_20, 40" [firmware/nnet_utils/nnet_conv_stream.h:248]   --->   Operation 97 'insertvalue' 'mrv_40' <Predicate = true> <Delay = 0.00>
ST_1 : Operation 98 [1/1] (0.00ns)   --->   "%mrv_41 = insertvalue { i16, i16, i16, i16, i16, i16, i16, i16, i16, i16, i16, i16, i16, i16, i16, i16, i16, i16, i16, i16, i16, i16, i16, i16, i16, i16, i16, i16, i16, i16, i16, i16, i16, i16, i16, i16, i16, i16, i16, i16, i16, i16, i16, i16, i16, i16, i16, i16, i16, i16, i16, i16, i16, i16 } %mrv_40, i16 %DataOut_V_22, 41" [firmware/nnet_utils/nnet_conv_stream.h:248]   --->   Operation 98 'insertvalue' 'mrv_41' <Predicate = true> <Delay = 0.00>
ST_1 : Operation 99 [1/1] (0.00ns)   --->   "%mrv_42 = insertvalue { i16, i16, i16, i16, i16, i16, i16, i16, i16, i16, i16, i16, i16, i16, i16, i16, i16, i16, i16, i16, i16, i16, i16, i16, i16, i16, i16, i16, i16, i16, i16, i16, i16, i16, i16, i16, i16, i16, i16, i16, i16, i16, i16, i16, i16, i16, i16, i16, i16, i16, i16, i16, i16, i16 } %mrv_41, i16 %kernel_window_48_V_read_1, 42" [firmware/nnet_utils/nnet_conv_stream.h:248]   --->   Operation 99 'insertvalue' 'mrv_42' <Predicate = true> <Delay = 0.00>
ST_1 : Operation 100 [1/1] (0.00ns)   --->   "%mrv_43 = insertvalue { i16, i16, i16, i16, i16, i16, i16, i16, i16, i16, i16, i16, i16, i16, i16, i16, i16, i16, i16, i16, i16, i16, i16, i16, i16, i16, i16, i16, i16, i16, i16, i16, i16, i16, i16, i16, i16, i16, i16, i16, i16, i16, i16, i16, i16, i16, i16, i16, i16, i16, i16, i16, i16, i16 } %mrv_42, i16 %kernel_window_49_V_read_1, 43" [firmware/nnet_utils/nnet_conv_stream.h:248]   --->   Operation 100 'insertvalue' 'mrv_43' <Predicate = true> <Delay = 0.00>
ST_1 : Operation 101 [1/1] (0.00ns)   --->   "%mrv_44 = insertvalue { i16, i16, i16, i16, i16, i16, i16, i16, i16, i16, i16, i16, i16, i16, i16, i16, i16, i16, i16, i16, i16, i16, i16, i16, i16, i16, i16, i16, i16, i16, i16, i16, i16, i16, i16, i16, i16, i16, i16, i16, i16, i16, i16, i16, i16, i16, i16, i16, i16, i16, i16, i16, i16, i16 } %mrv_43, i16 %kernel_window_50_V_read_1, 44" [firmware/nnet_utils/nnet_conv_stream.h:248]   --->   Operation 101 'insertvalue' 'mrv_44' <Predicate = true> <Delay = 0.00>
ST_1 : Operation 102 [1/1] (0.00ns)   --->   "%mrv_45 = insertvalue { i16, i16, i16, i16, i16, i16, i16, i16, i16, i16, i16, i16, i16, i16, i16, i16, i16, i16, i16, i16, i16, i16, i16, i16, i16, i16, i16, i16, i16, i16, i16, i16, i16, i16, i16, i16, i16, i16, i16, i16, i16, i16, i16, i16, i16, i16, i16, i16, i16, i16, i16, i16, i16, i16 } %mrv_44, i16 %kernel_window_51_V_read_1, 45" [firmware/nnet_utils/nnet_conv_stream.h:248]   --->   Operation 102 'insertvalue' 'mrv_45' <Predicate = true> <Delay = 0.00>
ST_1 : Operation 103 [1/1] (0.00ns)   --->   "%mrv_46 = insertvalue { i16, i16, i16, i16, i16, i16, i16, i16, i16, i16, i16, i16, i16, i16, i16, i16, i16, i16, i16, i16, i16, i16, i16, i16, i16, i16, i16, i16, i16, i16, i16, i16, i16, i16, i16, i16, i16, i16, i16, i16, i16, i16, i16, i16, i16, i16, i16, i16, i16, i16, i16, i16, i16, i16 } %mrv_45, i16 %kernel_window_52_V_read_1, 46" [firmware/nnet_utils/nnet_conv_stream.h:248]   --->   Operation 103 'insertvalue' 'mrv_46' <Predicate = true> <Delay = 0.00>
ST_1 : Operation 104 [1/1] (0.00ns)   --->   "%mrv_47 = insertvalue { i16, i16, i16, i16, i16, i16, i16, i16, i16, i16, i16, i16, i16, i16, i16, i16, i16, i16, i16, i16, i16, i16, i16, i16, i16, i16, i16, i16, i16, i16, i16, i16, i16, i16, i16, i16, i16, i16, i16, i16, i16, i16, i16, i16, i16, i16, i16, i16, i16, i16, i16, i16, i16, i16 } %mrv_46, i16 %kernel_window_53_V_read_1, 47" [firmware/nnet_utils/nnet_conv_stream.h:248]   --->   Operation 104 'insertvalue' 'mrv_47' <Predicate = true> <Delay = 0.00>
ST_1 : Operation 105 [1/1] (0.00ns)   --->   "%mrv_48 = insertvalue { i16, i16, i16, i16, i16, i16, i16, i16, i16, i16, i16, i16, i16, i16, i16, i16, i16, i16, i16, i16, i16, i16, i16, i16, i16, i16, i16, i16, i16, i16, i16, i16, i16, i16, i16, i16, i16, i16, i16, i16, i16, i16, i16, i16, i16, i16, i16, i16, i16, i16, i16, i16, i16, i16 } %mrv_47, i16 %in_elem_data_0_V_read_1, 48" [firmware/nnet_utils/nnet_conv_stream.h:248]   --->   Operation 105 'insertvalue' 'mrv_48' <Predicate = true> <Delay = 0.00>
ST_1 : Operation 106 [1/1] (0.00ns)   --->   "%mrv_49 = insertvalue { i16, i16, i16, i16, i16, i16, i16, i16, i16, i16, i16, i16, i16, i16, i16, i16, i16, i16, i16, i16, i16, i16, i16, i16, i16, i16, i16, i16, i16, i16, i16, i16, i16, i16, i16, i16, i16, i16, i16, i16, i16, i16, i16, i16, i16, i16, i16, i16, i16, i16, i16, i16, i16, i16 } %mrv_48, i16 %in_elem_data_1_V_read_1, 49" [firmware/nnet_utils/nnet_conv_stream.h:248]   --->   Operation 106 'insertvalue' 'mrv_49' <Predicate = true> <Delay = 0.00>
ST_1 : Operation 107 [1/1] (0.00ns)   --->   "%mrv_50 = insertvalue { i16, i16, i16, i16, i16, i16, i16, i16, i16, i16, i16, i16, i16, i16, i16, i16, i16, i16, i16, i16, i16, i16, i16, i16, i16, i16, i16, i16, i16, i16, i16, i16, i16, i16, i16, i16, i16, i16, i16, i16, i16, i16, i16, i16, i16, i16, i16, i16, i16, i16, i16, i16, i16, i16 } %mrv_49, i16 %in_elem_data_2_V_read_1, 50" [firmware/nnet_utils/nnet_conv_stream.h:248]   --->   Operation 107 'insertvalue' 'mrv_50' <Predicate = true> <Delay = 0.00>
ST_1 : Operation 108 [1/1] (0.00ns)   --->   "%mrv_51 = insertvalue { i16, i16, i16, i16, i16, i16, i16, i16, i16, i16, i16, i16, i16, i16, i16, i16, i16, i16, i16, i16, i16, i16, i16, i16, i16, i16, i16, i16, i16, i16, i16, i16, i16, i16, i16, i16, i16, i16, i16, i16, i16, i16, i16, i16, i16, i16, i16, i16, i16, i16, i16, i16, i16, i16 } %mrv_50, i16 %in_elem_data_3_V_read_1, 51" [firmware/nnet_utils/nnet_conv_stream.h:248]   --->   Operation 108 'insertvalue' 'mrv_51' <Predicate = true> <Delay = 0.00>
ST_1 : Operation 109 [1/1] (0.00ns)   --->   "%mrv_52 = insertvalue { i16, i16, i16, i16, i16, i16, i16, i16, i16, i16, i16, i16, i16, i16, i16, i16, i16, i16, i16, i16, i16, i16, i16, i16, i16, i16, i16, i16, i16, i16, i16, i16, i16, i16, i16, i16, i16, i16, i16, i16, i16, i16, i16, i16, i16, i16, i16, i16, i16, i16, i16, i16, i16, i16 } %mrv_51, i16 %in_elem_data_4_V_read_1, 52" [firmware/nnet_utils/nnet_conv_stream.h:248]   --->   Operation 109 'insertvalue' 'mrv_52' <Predicate = true> <Delay = 0.00>
ST_1 : Operation 110 [1/1] (0.00ns)   --->   "%mrv_53 = insertvalue { i16, i16, i16, i16, i16, i16, i16, i16, i16, i16, i16, i16, i16, i16, i16, i16, i16, i16, i16, i16, i16, i16, i16, i16, i16, i16, i16, i16, i16, i16, i16, i16, i16, i16, i16, i16, i16, i16, i16, i16, i16, i16, i16, i16, i16, i16, i16, i16, i16, i16, i16, i16, i16, i16 } %mrv_52, i16 %in_elem_data_5_V_read_1, 53" [firmware/nnet_utils/nnet_conv_stream.h:248]   --->   Operation 110 'insertvalue' 'mrv_53' <Predicate = true> <Delay = 0.00>
ST_1 : Operation 111 [1/1] (0.00ns)   --->   "ret { i16, i16, i16, i16, i16, i16, i16, i16, i16, i16, i16, i16, i16, i16, i16, i16, i16, i16, i16, i16, i16, i16, i16, i16, i16, i16, i16, i16, i16, i16, i16, i16, i16, i16, i16, i16, i16, i16, i16, i16, i16, i16, i16, i16, i16, i16, i16, i16, i16, i16, i16, i16, i16, i16 } %mrv_53" [firmware/nnet_utils/nnet_conv_stream.h:248]   --->   Operation 111 'ret' <Predicate = true> <Delay = 0.00>


============================================================
+ Verbose Summary: Timing violations
============================================================
Target clock period: 5ns, clock uncertainty: 0.625ns.

 <State 1>: 3.25ns
The critical path consists of the following:
	wire read on port 'in_elem_data_5_V_read' (firmware/nnet_utils/nnet_conv_stream.h:216) [79]  (0 ns)
	'memshiftread' operation ('DataOut.V', firmware/nnet_utils/nnet_conv_stream.h:241) [96]  (1.62 ns)
	'memshiftread' operation ('DataOut.V', firmware/nnet_utils/nnet_conv_stream.h:241) [97]  (1.62 ns)


============================================================
+ Verbose Summary: Binding
============================================================
N/A
* FSMD analyzer results:
  - Output states:
 - Input state : 
  - Chain level:
	State 1


============================================================
+ Verbose Summary: Datapath Resource usage 
============================================================
N/A
