

================================================================
== Vivado HLS Report for 'zeropad2d_cl_array_ap_fixed_8u_array_ap_fixed_16_6_5_3_0_8u_config24_s'
================================================================
* Date:           Fri Jun 27 09:42:36 2025

* Version:        2020.1 (Build 2897737 on Wed May 27 20:21:37 MDT 2020)
* Project:        myproject_prj
* Solution:       solution1
* Product family: zynq
* Target device:  xc7z020-clg400-1


================================================================
== Performance Estimates
================================================================
+ Timing: 
    * Summary: 
    +--------+---------+----------+------------+
    |  Clock |  Target | Estimated| Uncertainty|
    +--------+---------+----------+------------+
    |ap_clk  | 5.00 ns | 4.375 ns |   0.62 ns  |
    +--------+---------+----------+------------+

+ Latency: 
    * Summary: 
    +---------+---------+----------+----------+-----+-----+---------+
    |  Latency (cycles) |  Latency (absolute) |  Interval | Pipeline|
    |   min   |   max   |    min   |    max   | min | max |   Type  |
    +---------+---------+----------+----------+-----+-----+---------+
    |      103|      103| 0.515 us | 0.515 us |  103|  103|   none  |
    +---------+---------+----------+----------+-----+-----+---------+

    + Detail: 
        * Instance: 
        N/A

        * Loop: 
        +------------------+---------+---------+----------+-----------+-----------+------+----------+
        |                  |  Latency (cycles) | Iteration|  Initiation Interval  | Trip |          |
        |     Loop Name    |   min   |   max   |  Latency |  achieved |   target  | Count| Pipelined|
        +------------------+---------+---------+----------+-----------+-----------+------+----------+
        |- PadTopWidth     |       10|       10|         1|          -|          -|    10|    no    |
        |- PadMain         |       80|       80|        10|          -|          -|     8|    no    |
        | + CopyMain       |        8|        8|         1|          -|          -|     8|    no    |
        |- PadBottomWidth  |       10|       10|         1|          -|          -|    10|    no    |
        +------------------+---------+---------+----------+-----------+-----------+------+----------+

============================================================
+ Verbose Summary: Synthesis Manager
============================================================
InlineROM: 1
ExposeGlobal: 0
============================================================
+ Verbose Summary: CDFG Model
============================================================
IsTopModel: 0
ResetActiveHigh: 1
IsCombinational: 2
IsDatapathOnly: 0
HasWiredReturn: 1
HasMFsm: 0
HasVarLatency: 1
IsPipeline: 0
IsRtlPipelined: 0
IsInstanceOverlapped: 0
IsDontTouch: 0
HasImplIP: 0
IsGatedGlobalClock: 0


============================================================
+ Verbose Summary: Schedule
============================================================
* Number of FSM states : 5
* Pipeline : 0
* Dataflow Pipeline: 0

* FSM state transitions: 
1 --> 2 
2 --> 2 3 
3 --> 4 5 
4 --> 4 3 
5 --> 5 

* FSM state operations: 

State 1 <SV = 0> <Delay = 1.76>
ST_1 : Operation 6 [1/1] (0.00ns)   --->   "call void (...)* @_ssdm_op_SpecInterface(i16* %res_V_data_7_V, [8 x i8]* @ap_fifo_str, i32 0, i32 0, [1 x i8]* @p_str, i32 0, i32 0, [1 x i8]* @p_str, [1 x i8]* @p_str, [1 x i8]* @p_str, i32 2, i32 2, i32 16, i32 16, [1 x i8]* @p_str, [1 x i8]* @p_str)"   --->   Operation 6 'specinterface' <Predicate = true> <Delay = 0.00>
ST_1 : Operation 7 [1/1] (0.00ns)   --->   "call void (...)* @_ssdm_op_SpecInterface(i16* %res_V_data_6_V, [8 x i8]* @ap_fifo_str, i32 0, i32 0, [1 x i8]* @p_str, i32 0, i32 0, [1 x i8]* @p_str, [1 x i8]* @p_str, [1 x i8]* @p_str, i32 2, i32 2, i32 16, i32 16, [1 x i8]* @p_str, [1 x i8]* @p_str)"   --->   Operation 7 'specinterface' <Predicate = true> <Delay = 0.00>
ST_1 : Operation 8 [1/1] (0.00ns)   --->   "call void (...)* @_ssdm_op_SpecInterface(i16* %res_V_data_5_V, [8 x i8]* @ap_fifo_str, i32 0, i32 0, [1 x i8]* @p_str, i32 0, i32 0, [1 x i8]* @p_str, [1 x i8]* @p_str, [1 x i8]* @p_str, i32 2, i32 2, i32 16, i32 16, [1 x i8]* @p_str, [1 x i8]* @p_str)"   --->   Operation 8 'specinterface' <Predicate = true> <Delay = 0.00>
ST_1 : Operation 9 [1/1] (0.00ns)   --->   "call void (...)* @_ssdm_op_SpecInterface(i16* %res_V_data_4_V, [8 x i8]* @ap_fifo_str, i32 0, i32 0, [1 x i8]* @p_str, i32 0, i32 0, [1 x i8]* @p_str, [1 x i8]* @p_str, [1 x i8]* @p_str, i32 2, i32 2, i32 16, i32 16, [1 x i8]* @p_str, [1 x i8]* @p_str)"   --->   Operation 9 'specinterface' <Predicate = true> <Delay = 0.00>
ST_1 : Operation 10 [1/1] (0.00ns)   --->   "call void (...)* @_ssdm_op_SpecInterface(i16* %res_V_data_3_V, [8 x i8]* @ap_fifo_str, i32 0, i32 0, [1 x i8]* @p_str, i32 0, i32 0, [1 x i8]* @p_str, [1 x i8]* @p_str, [1 x i8]* @p_str, i32 2, i32 2, i32 16, i32 16, [1 x i8]* @p_str, [1 x i8]* @p_str)"   --->   Operation 10 'specinterface' <Predicate = true> <Delay = 0.00>
ST_1 : Operation 11 [1/1] (0.00ns)   --->   "call void (...)* @_ssdm_op_SpecInterface(i16* %res_V_data_2_V, [8 x i8]* @ap_fifo_str, i32 0, i32 0, [1 x i8]* @p_str, i32 0, i32 0, [1 x i8]* @p_str, [1 x i8]* @p_str, [1 x i8]* @p_str, i32 2, i32 2, i32 16, i32 16, [1 x i8]* @p_str, [1 x i8]* @p_str)"   --->   Operation 11 'specinterface' <Predicate = true> <Delay = 0.00>
ST_1 : Operation 12 [1/1] (0.00ns)   --->   "call void (...)* @_ssdm_op_SpecInterface(i16* %res_V_data_1_V, [8 x i8]* @ap_fifo_str, i32 0, i32 0, [1 x i8]* @p_str, i32 0, i32 0, [1 x i8]* @p_str, [1 x i8]* @p_str, [1 x i8]* @p_str, i32 2, i32 2, i32 16, i32 16, [1 x i8]* @p_str, [1 x i8]* @p_str)"   --->   Operation 12 'specinterface' <Predicate = true> <Delay = 0.00>
ST_1 : Operation 13 [1/1] (0.00ns)   --->   "call void (...)* @_ssdm_op_SpecInterface(i16* %res_V_data_0_V, [8 x i8]* @ap_fifo_str, i32 0, i32 0, [1 x i8]* @p_str, i32 0, i32 0, [1 x i8]* @p_str, [1 x i8]* @p_str, [1 x i8]* @p_str, i32 2, i32 2, i32 16, i32 16, [1 x i8]* @p_str, [1 x i8]* @p_str)"   --->   Operation 13 'specinterface' <Predicate = true> <Delay = 0.00>
ST_1 : Operation 14 [1/1] (0.00ns)   --->   "call void (...)* @_ssdm_op_SpecInterface(i16* %data_V_data_7_V, [8 x i8]* @ap_fifo_str, i32 0, i32 0, [1 x i8]* @p_str, i32 0, i32 0, [1 x i8]* @p_str, [1 x i8]* @p_str, [1 x i8]* @p_str, i32 2, i32 2, i32 16, i32 16, [1 x i8]* @p_str, [1 x i8]* @p_str)"   --->   Operation 14 'specinterface' <Predicate = true> <Delay = 0.00>
ST_1 : Operation 15 [1/1] (0.00ns)   --->   "call void (...)* @_ssdm_op_SpecInterface(i16* %data_V_data_6_V, [8 x i8]* @ap_fifo_str, i32 0, i32 0, [1 x i8]* @p_str, i32 0, i32 0, [1 x i8]* @p_str, [1 x i8]* @p_str, [1 x i8]* @p_str, i32 2, i32 2, i32 16, i32 16, [1 x i8]* @p_str, [1 x i8]* @p_str)"   --->   Operation 15 'specinterface' <Predicate = true> <Delay = 0.00>
ST_1 : Operation 16 [1/1] (0.00ns)   --->   "call void (...)* @_ssdm_op_SpecInterface(i16* %data_V_data_5_V, [8 x i8]* @ap_fifo_str, i32 0, i32 0, [1 x i8]* @p_str, i32 0, i32 0, [1 x i8]* @p_str, [1 x i8]* @p_str, [1 x i8]* @p_str, i32 2, i32 2, i32 16, i32 16, [1 x i8]* @p_str, [1 x i8]* @p_str)"   --->   Operation 16 'specinterface' <Predicate = true> <Delay = 0.00>
ST_1 : Operation 17 [1/1] (0.00ns)   --->   "call void (...)* @_ssdm_op_SpecInterface(i16* %data_V_data_4_V, [8 x i8]* @ap_fifo_str, i32 0, i32 0, [1 x i8]* @p_str, i32 0, i32 0, [1 x i8]* @p_str, [1 x i8]* @p_str, [1 x i8]* @p_str, i32 2, i32 2, i32 16, i32 16, [1 x i8]* @p_str, [1 x i8]* @p_str)"   --->   Operation 17 'specinterface' <Predicate = true> <Delay = 0.00>
ST_1 : Operation 18 [1/1] (0.00ns)   --->   "call void (...)* @_ssdm_op_SpecInterface(i16* %data_V_data_3_V, [8 x i8]* @ap_fifo_str, i32 0, i32 0, [1 x i8]* @p_str, i32 0, i32 0, [1 x i8]* @p_str, [1 x i8]* @p_str, [1 x i8]* @p_str, i32 2, i32 2, i32 16, i32 16, [1 x i8]* @p_str, [1 x i8]* @p_str)"   --->   Operation 18 'specinterface' <Predicate = true> <Delay = 0.00>
ST_1 : Operation 19 [1/1] (0.00ns)   --->   "call void (...)* @_ssdm_op_SpecInterface(i16* %data_V_data_2_V, [8 x i8]* @ap_fifo_str, i32 0, i32 0, [1 x i8]* @p_str, i32 0, i32 0, [1 x i8]* @p_str, [1 x i8]* @p_str, [1 x i8]* @p_str, i32 2, i32 2, i32 16, i32 16, [1 x i8]* @p_str, [1 x i8]* @p_str)"   --->   Operation 19 'specinterface' <Predicate = true> <Delay = 0.00>
ST_1 : Operation 20 [1/1] (0.00ns)   --->   "call void (...)* @_ssdm_op_SpecInterface(i16* %data_V_data_1_V, [8 x i8]* @ap_fifo_str, i32 0, i32 0, [1 x i8]* @p_str, i32 0, i32 0, [1 x i8]* @p_str, [1 x i8]* @p_str, [1 x i8]* @p_str, i32 2, i32 2, i32 16, i32 16, [1 x i8]* @p_str, [1 x i8]* @p_str)"   --->   Operation 20 'specinterface' <Predicate = true> <Delay = 0.00>
ST_1 : Operation 21 [1/1] (0.00ns)   --->   "call void (...)* @_ssdm_op_SpecInterface(i16* %data_V_data_0_V, [8 x i8]* @ap_fifo_str, i32 0, i32 0, [1 x i8]* @p_str, i32 0, i32 0, [1 x i8]* @p_str, [1 x i8]* @p_str, [1 x i8]* @p_str, i32 2, i32 2, i32 16, i32 16, [1 x i8]* @p_str, [1 x i8]* @p_str)"   --->   Operation 21 'specinterface' <Predicate = true> <Delay = 0.00>
ST_1 : Operation 22 [1/1] (0.00ns)   --->   "call void (...)* @_ssdm_op_SpecLoopName([7 x i8]* @p_str69) nounwind" [firmware/nnet_utils/nnet_padding_stream.h:51]   --->   Operation 22 'specloopname' <Predicate = true> <Delay = 0.00>
ST_1 : Operation 23 [1/1] (0.00ns)   --->   "%tmp = call i32 (...)* @_ssdm_op_SpecRegionBegin([7 x i8]* @p_str69)" [firmware/nnet_utils/nnet_padding_stream.h:51]   --->   Operation 23 'specregionbegin' 'tmp' <Predicate = true> <Delay = 0.00>
ST_1 : Operation 24 [1/1] (1.76ns)   --->   "br label %0" [firmware/nnet_utils/nnet_padding_stream.h:53]   --->   Operation 24 'br' <Predicate = true> <Delay = 1.76>

State 2 <SV = 1> <Delay = 2.18>
ST_2 : Operation 25 [1/1] (0.00ns)   --->   "%j_0 = phi i4 [ 0, %PadTop_begin ], [ %j, %_ZN8ap_fixedILi16ELi6EL9ap_q_mode5EL9ap_o_mode3ELi0EEC1Ei.exit.i40.0 ]"   --->   Operation 25 'phi' 'j_0' <Predicate = true> <Delay = 0.00>
ST_2 : Operation 26 [1/1] (1.30ns)   --->   "%icmp_ln53 = icmp eq i4 %j_0, -6" [firmware/nnet_utils/nnet_padding_stream.h:53]   --->   Operation 26 'icmp' 'icmp_ln53' <Predicate = true> <Delay = 1.30> <Core = "Cmp">   --->   Core 25 'Cmp' <Latency = 0> <II = 1> <Delay = 1.30> <FuncUnit> <Opcode : 'icmp'> <InPorts = 2> <OutPorts = 1>
ST_2 : Operation 27 [1/1] (0.00ns)   --->   "%empty = call i32 (...)* @_ssdm_op_SpecLoopTripCount(i64 10, i64 10, i64 10)"   --->   Operation 27 'speclooptripcount' 'empty' <Predicate = true> <Delay = 0.00>
ST_2 : Operation 28 [1/1] (1.73ns)   --->   "%j = add i4 %j_0, 1" [firmware/nnet_utils/nnet_padding_stream.h:53]   --->   Operation 28 'add' 'j' <Predicate = true> <Delay = 1.73> <Core = "AddSub">   --->   Core 14 'AddSub' <Latency = 0> <II = 1> <Delay = 1.73> <FuncUnit> <Opcode : 'add' 'sub'> <InPorts = 2> <OutPorts = 1>
ST_2 : Operation 29 [1/1] (0.00ns)   --->   "br i1 %icmp_ln53, label %PadTop_end, label %_ZN8ap_fixedILi16ELi6EL9ap_q_mode5EL9ap_o_mode3ELi0EEC1Ei.exit.i40.0" [firmware/nnet_utils/nnet_padding_stream.h:53]   --->   Operation 29 'br' <Predicate = true> <Delay = 0.00>
ST_2 : Operation 30 [1/1] (0.00ns)   --->   "call void (...)* @_ssdm_op_SpecLoopName([12 x i8]* @p_str70) nounwind" [firmware/nnet_utils/nnet_padding_stream.h:53]   --->   Operation 30 'specloopname' <Predicate = (!icmp_ln53)> <Delay = 0.00>
ST_2 : Operation 31 [1/1] (2.18ns)   --->   "call void @_ssdm_op_Write.ap_fifo.volatile.i16P.i16P.i16P.i16P.i16P.i16P.i16P.i16P(i16* %res_V_data_0_V, i16* %res_V_data_1_V, i16* %res_V_data_2_V, i16* %res_V_data_3_V, i16* %res_V_data_4_V, i16* %res_V_data_5_V, i16* %res_V_data_6_V, i16* %res_V_data_7_V, i16 0, i16 0, i16 0, i16 0, i16 0, i16 0, i16 0, i16 0)" [firmware/nnet_utils/nnet_padding_stream.h:15->firmware/nnet_utils/nnet_padding_stream.h:54]   --->   Operation 31 'write' <Predicate = (!icmp_ln53)> <Delay = 2.18> <Core = "FIFO">   --->   Core 32 'FIFO' <Latency = 0> <II = 1> <Delay = 3.63> <Storage> <Opcode : 'read' 'write' 'nbread' 'nbwrite'> <Ports = 0> <Width = 16> <Depth = 3> <FIFO>
ST_2 : Operation 32 [1/1] (0.00ns)   --->   "br label %0" [firmware/nnet_utils/nnet_padding_stream.h:53]   --->   Operation 32 'br' <Predicate = (!icmp_ln53)> <Delay = 0.00>
ST_2 : Operation 33 [1/1] (0.00ns)   --->   "%empty_30 = call i32 (...)* @_ssdm_op_SpecRegionEnd([7 x i8]* @p_str69, i32 %tmp)" [firmware/nnet_utils/nnet_padding_stream.h:56]   --->   Operation 33 'specregionend' 'empty_30' <Predicate = (icmp_ln53)> <Delay = 0.00>
ST_2 : Operation 34 [1/1] (1.76ns)   --->   "br label %.preheader3" [firmware/nnet_utils/nnet_padding_stream.h:59]   --->   Operation 34 'br' <Predicate = (icmp_ln53)> <Delay = 1.76>

State 3 <SV = 2> <Delay = 2.18>
ST_3 : Operation 35 [1/1] (0.00ns)   --->   "%i1_0 = phi i4 [ %i, %PadMain_end ], [ 0, %PadTop_end ]"   --->   Operation 35 'phi' 'i1_0' <Predicate = true> <Delay = 0.00>
ST_3 : Operation 36 [1/1] (1.30ns)   --->   "%icmp_ln59 = icmp eq i4 %i1_0, -8" [firmware/nnet_utils/nnet_padding_stream.h:59]   --->   Operation 36 'icmp' 'icmp_ln59' <Predicate = true> <Delay = 1.30> <Core = "Cmp">   --->   Core 25 'Cmp' <Latency = 0> <II = 1> <Delay = 1.30> <FuncUnit> <Opcode : 'icmp'> <InPorts = 2> <OutPorts = 1>
ST_3 : Operation 37 [1/1] (0.00ns)   --->   "%empty_31 = call i32 (...)* @_ssdm_op_SpecLoopTripCount(i64 8, i64 8, i64 8)"   --->   Operation 37 'speclooptripcount' 'empty_31' <Predicate = true> <Delay = 0.00>
ST_3 : Operation 38 [1/1] (1.73ns)   --->   "%i = add i4 %i1_0, 1" [firmware/nnet_utils/nnet_padding_stream.h:59]   --->   Operation 38 'add' 'i' <Predicate = true> <Delay = 1.73> <Core = "AddSub">   --->   Core 14 'AddSub' <Latency = 0> <II = 1> <Delay = 1.73> <FuncUnit> <Opcode : 'add' 'sub'> <InPorts = 2> <OutPorts = 1>
ST_3 : Operation 39 [1/1] (0.00ns)   --->   "br i1 %icmp_ln59, label %PadBottom_begin, label %PadMain_begin" [firmware/nnet_utils/nnet_padding_stream.h:59]   --->   Operation 39 'br' <Predicate = true> <Delay = 0.00>
ST_3 : Operation 40 [1/1] (0.00ns)   --->   "call void (...)* @_ssdm_op_SpecLoopName([8 x i8]* @p_str71) nounwind" [firmware/nnet_utils/nnet_padding_stream.h:59]   --->   Operation 40 'specloopname' <Predicate = (!icmp_ln59)> <Delay = 0.00>
ST_3 : Operation 41 [1/1] (0.00ns)   --->   "%tmp_4 = call i32 (...)* @_ssdm_op_SpecRegionBegin([8 x i8]* @p_str71)" [firmware/nnet_utils/nnet_padding_stream.h:59]   --->   Operation 41 'specregionbegin' 'tmp_4' <Predicate = (!icmp_ln59)> <Delay = 0.00>
ST_3 : Operation 42 [1/1] (0.00ns)   --->   "call void (...)* @_ssdm_op_SpecLoopName([8 x i8]* @p_str72) nounwind" [firmware/nnet_utils/nnet_padding_stream.h:61]   --->   Operation 42 'specloopname' <Predicate = (!icmp_ln59)> <Delay = 0.00>
ST_3 : Operation 43 [1/1] (2.18ns)   --->   "call void @_ssdm_op_Write.ap_fifo.volatile.i16P.i16P.i16P.i16P.i16P.i16P.i16P.i16P(i16* %res_V_data_0_V, i16* %res_V_data_1_V, i16* %res_V_data_2_V, i16* %res_V_data_3_V, i16* %res_V_data_4_V, i16* %res_V_data_5_V, i16* %res_V_data_6_V, i16* %res_V_data_7_V, i16 0, i16 0, i16 0, i16 0, i16 0, i16 0, i16 0, i16 0)" [firmware/nnet_utils/nnet_padding_stream.h:15->firmware/nnet_utils/nnet_padding_stream.h:62]   --->   Operation 43 'write' <Predicate = (!icmp_ln59)> <Delay = 2.18> <Core = "FIFO">   --->   Core 32 'FIFO' <Latency = 0> <II = 1> <Delay = 3.63> <Storage> <Opcode : 'read' 'write' 'nbread' 'nbwrite'> <Ports = 0> <Width = 16> <Depth = 3> <FIFO>
ST_3 : Operation 44 [1/1] (1.76ns)   --->   "br label %.preheader2" [firmware/nnet_utils/nnet_padding_stream.h:65]   --->   Operation 44 'br' <Predicate = (!icmp_ln59)> <Delay = 1.76>
ST_3 : Operation 45 [1/1] (0.00ns)   --->   "call void (...)* @_ssdm_op_SpecLoopName([10 x i8]* @p_str75) nounwind" [firmware/nnet_utils/nnet_padding_stream.h:75]   --->   Operation 45 'specloopname' <Predicate = (icmp_ln59)> <Delay = 0.00>
ST_3 : Operation 46 [1/1] (0.00ns)   --->   "%tmp_3 = call i32 (...)* @_ssdm_op_SpecRegionBegin([10 x i8]* @p_str75)" [firmware/nnet_utils/nnet_padding_stream.h:75]   --->   Operation 46 'specregionbegin' 'tmp_3' <Predicate = (icmp_ln59)> <Delay = 0.00>
ST_3 : Operation 47 [1/1] (1.76ns)   --->   "br label %1" [firmware/nnet_utils/nnet_padding_stream.h:77]   --->   Operation 47 'br' <Predicate = (icmp_ln59)> <Delay = 1.76>

State 4 <SV = 3> <Delay = 4.37>
ST_4 : Operation 48 [1/1] (0.00ns)   --->   "%j3_0 = phi i4 [ %j_4, %"fill_data<array<ap_fixed<16, 6, 5, 3, 0>, 8u>, array<ap_fixed<16, 6, 5, 3, 0>, 8u>, config24>.exit" ], [ 0, %PadMain_begin ]"   --->   Operation 48 'phi' 'j3_0' <Predicate = true> <Delay = 0.00>
ST_4 : Operation 49 [1/1] (1.30ns)   --->   "%icmp_ln65 = icmp eq i4 %j3_0, -8" [firmware/nnet_utils/nnet_padding_stream.h:65]   --->   Operation 49 'icmp' 'icmp_ln65' <Predicate = true> <Delay = 1.30> <Core = "Cmp">   --->   Core 25 'Cmp' <Latency = 0> <II = 1> <Delay = 1.30> <FuncUnit> <Opcode : 'icmp'> <InPorts = 2> <OutPorts = 1>
ST_4 : Operation 50 [1/1] (0.00ns)   --->   "%empty_32 = call i32 (...)* @_ssdm_op_SpecLoopTripCount(i64 8, i64 8, i64 8)"   --->   Operation 50 'speclooptripcount' 'empty_32' <Predicate = true> <Delay = 0.00>
ST_4 : Operation 51 [1/1] (1.73ns)   --->   "%j_4 = add i4 %j3_0, 1" [firmware/nnet_utils/nnet_padding_stream.h:65]   --->   Operation 51 'add' 'j_4' <Predicate = true> <Delay = 1.73> <Core = "AddSub">   --->   Core 14 'AddSub' <Latency = 0> <II = 1> <Delay = 1.73> <FuncUnit> <Opcode : 'add' 'sub'> <InPorts = 2> <OutPorts = 1>
ST_4 : Operation 52 [1/1] (0.00ns)   --->   "br i1 %icmp_ln65, label %PadMain_end, label %"fill_data<array<ap_fixed<16, 6, 5, 3, 0>, 8u>, array<ap_fixed<16, 6, 5, 3, 0>, 8u>, config24>.exit"" [firmware/nnet_utils/nnet_padding_stream.h:65]   --->   Operation 52 'br' <Predicate = true> <Delay = 0.00>
ST_4 : Operation 53 [1/1] (0.00ns)   --->   "call void (...)* @_ssdm_op_SpecLoopName([9 x i8]* @p_str73) nounwind" [firmware/nnet_utils/nnet_padding_stream.h:65]   --->   Operation 53 'specloopname' <Predicate = (!icmp_ln65)> <Delay = 0.00>
ST_4 : Operation 54 [1/1] (2.18ns)   --->   "%empty_33 = call { i16, i16, i16, i16, i16, i16, i16, i16 } @_ssdm_op_Read.ap_fifo.volatile.i16P.i16P.i16P.i16P.i16P.i16P.i16P.i16P(i16* %data_V_data_0_V, i16* %data_V_data_1_V, i16* %data_V_data_2_V, i16* %data_V_data_3_V, i16* %data_V_data_4_V, i16* %data_V_data_5_V, i16* %data_V_data_6_V, i16* %data_V_data_7_V)" [firmware/nnet_utils/nnet_padding_stream.h:20->firmware/nnet_utils/nnet_padding_stream.h:66]   --->   Operation 54 'read' 'empty_33' <Predicate = (!icmp_ln65)> <Delay = 2.18> <Core = "FIFO">   --->   Core 32 'FIFO' <Latency = 0> <II = 1> <Delay = 3.63> <Storage> <Opcode : 'read' 'write' 'nbread' 'nbwrite'> <Ports = 0> <Width = 16> <Depth = 3> <FIFO>
ST_4 : Operation 55 [1/1] (0.00ns)   --->   "%tmp_data_0_V = extractvalue { i16, i16, i16, i16, i16, i16, i16, i16 } %empty_33, 0" [firmware/nnet_utils/nnet_padding_stream.h:20->firmware/nnet_utils/nnet_padding_stream.h:66]   --->   Operation 55 'extractvalue' 'tmp_data_0_V' <Predicate = (!icmp_ln65)> <Delay = 0.00>
ST_4 : Operation 56 [1/1] (0.00ns)   --->   "%tmp_data_1_V = extractvalue { i16, i16, i16, i16, i16, i16, i16, i16 } %empty_33, 1" [firmware/nnet_utils/nnet_padding_stream.h:20->firmware/nnet_utils/nnet_padding_stream.h:66]   --->   Operation 56 'extractvalue' 'tmp_data_1_V' <Predicate = (!icmp_ln65)> <Delay = 0.00>
ST_4 : Operation 57 [1/1] (0.00ns)   --->   "%tmp_data_2_V = extractvalue { i16, i16, i16, i16, i16, i16, i16, i16 } %empty_33, 2" [firmware/nnet_utils/nnet_padding_stream.h:20->firmware/nnet_utils/nnet_padding_stream.h:66]   --->   Operation 57 'extractvalue' 'tmp_data_2_V' <Predicate = (!icmp_ln65)> <Delay = 0.00>
ST_4 : Operation 58 [1/1] (0.00ns)   --->   "%tmp_data_3_V = extractvalue { i16, i16, i16, i16, i16, i16, i16, i16 } %empty_33, 3" [firmware/nnet_utils/nnet_padding_stream.h:20->firmware/nnet_utils/nnet_padding_stream.h:66]   --->   Operation 58 'extractvalue' 'tmp_data_3_V' <Predicate = (!icmp_ln65)> <Delay = 0.00>
ST_4 : Operation 59 [1/1] (0.00ns)   --->   "%tmp_data_4_V = extractvalue { i16, i16, i16, i16, i16, i16, i16, i16 } %empty_33, 4" [firmware/nnet_utils/nnet_padding_stream.h:20->firmware/nnet_utils/nnet_padding_stream.h:66]   --->   Operation 59 'extractvalue' 'tmp_data_4_V' <Predicate = (!icmp_ln65)> <Delay = 0.00>
ST_4 : Operation 60 [1/1] (0.00ns)   --->   "%tmp_data_5_V = extractvalue { i16, i16, i16, i16, i16, i16, i16, i16 } %empty_33, 5" [firmware/nnet_utils/nnet_padding_stream.h:20->firmware/nnet_utils/nnet_padding_stream.h:66]   --->   Operation 60 'extractvalue' 'tmp_data_5_V' <Predicate = (!icmp_ln65)> <Delay = 0.00>
ST_4 : Operation 61 [1/1] (0.00ns)   --->   "%tmp_data_6_V = extractvalue { i16, i16, i16, i16, i16, i16, i16, i16 } %empty_33, 6" [firmware/nnet_utils/nnet_padding_stream.h:20->firmware/nnet_utils/nnet_padding_stream.h:66]   --->   Operation 61 'extractvalue' 'tmp_data_6_V' <Predicate = (!icmp_ln65)> <Delay = 0.00>
ST_4 : Operation 62 [1/1] (0.00ns)   --->   "%tmp_data_7_V = extractvalue { i16, i16, i16, i16, i16, i16, i16, i16 } %empty_33, 7" [firmware/nnet_utils/nnet_padding_stream.h:20->firmware/nnet_utils/nnet_padding_stream.h:66]   --->   Operation 62 'extractvalue' 'tmp_data_7_V' <Predicate = (!icmp_ln65)> <Delay = 0.00>
ST_4 : Operation 63 [1/1] (2.18ns)   --->   "call void @_ssdm_op_Write.ap_fifo.volatile.i16P.i16P.i16P.i16P.i16P.i16P.i16P.i16P(i16* %res_V_data_0_V, i16* %res_V_data_1_V, i16* %res_V_data_2_V, i16* %res_V_data_3_V, i16* %res_V_data_4_V, i16* %res_V_data_5_V, i16* %res_V_data_6_V, i16* %res_V_data_7_V, i16 %tmp_data_0_V, i16 %tmp_data_1_V, i16 %tmp_data_2_V, i16 %tmp_data_3_V, i16 %tmp_data_4_V, i16 %tmp_data_5_V, i16 %tmp_data_6_V, i16 %tmp_data_7_V)" [firmware/nnet_utils/nnet_padding_stream.h:26->firmware/nnet_utils/nnet_padding_stream.h:66]   --->   Operation 63 'write' <Predicate = (!icmp_ln65)> <Delay = 2.18> <Core = "FIFO">   --->   Core 32 'FIFO' <Latency = 0> <II = 1> <Delay = 3.63> <Storage> <Opcode : 'read' 'write' 'nbread' 'nbwrite'> <Ports = 0> <Width = 16> <Depth = 3> <FIFO>
ST_4 : Operation 64 [1/1] (0.00ns)   --->   "br label %.preheader2" [firmware/nnet_utils/nnet_padding_stream.h:65]   --->   Operation 64 'br' <Predicate = (!icmp_ln65)> <Delay = 0.00>
ST_4 : Operation 65 [1/1] (0.00ns)   --->   "call void (...)* @_ssdm_op_SpecLoopName([9 x i8]* @p_str74) nounwind" [firmware/nnet_utils/nnet_padding_stream.h:69]   --->   Operation 65 'specloopname' <Predicate = (icmp_ln65)> <Delay = 0.00>
ST_4 : Operation 66 [1/1] (2.18ns)   --->   "call void @_ssdm_op_Write.ap_fifo.volatile.i16P.i16P.i16P.i16P.i16P.i16P.i16P.i16P(i16* %res_V_data_0_V, i16* %res_V_data_1_V, i16* %res_V_data_2_V, i16* %res_V_data_3_V, i16* %res_V_data_4_V, i16* %res_V_data_5_V, i16* %res_V_data_6_V, i16* %res_V_data_7_V, i16 0, i16 0, i16 0, i16 0, i16 0, i16 0, i16 0, i16 0)" [firmware/nnet_utils/nnet_padding_stream.h:15->firmware/nnet_utils/nnet_padding_stream.h:70]   --->   Operation 66 'write' <Predicate = (icmp_ln65)> <Delay = 2.18> <Core = "FIFO">   --->   Core 32 'FIFO' <Latency = 0> <II = 1> <Delay = 3.63> <Storage> <Opcode : 'read' 'write' 'nbread' 'nbwrite'> <Ports = 0> <Width = 16> <Depth = 3> <FIFO>
ST_4 : Operation 67 [1/1] (0.00ns)   --->   "%empty_34 = call i32 (...)* @_ssdm_op_SpecRegionEnd([8 x i8]* @p_str71, i32 %tmp_4)" [firmware/nnet_utils/nnet_padding_stream.h:72]   --->   Operation 67 'specregionend' 'empty_34' <Predicate = (icmp_ln65)> <Delay = 0.00>
ST_4 : Operation 68 [1/1] (0.00ns)   --->   "br label %.preheader3" [firmware/nnet_utils/nnet_padding_stream.h:59]   --->   Operation 68 'br' <Predicate = (icmp_ln65)> <Delay = 0.00>

State 5 <SV = 3> <Delay = 2.18>
ST_5 : Operation 69 [1/1] (0.00ns)   --->   "%j6_0 = phi i4 [ 0, %PadBottom_begin ], [ %j_3, %_ZN8ap_fixedILi16ELi6EL9ap_q_mode5EL9ap_o_mode3ELi0EEC1Ei.exit.i.0 ]"   --->   Operation 69 'phi' 'j6_0' <Predicate = true> <Delay = 0.00>
ST_5 : Operation 70 [1/1] (1.30ns)   --->   "%icmp_ln77 = icmp eq i4 %j6_0, -6" [firmware/nnet_utils/nnet_padding_stream.h:77]   --->   Operation 70 'icmp' 'icmp_ln77' <Predicate = true> <Delay = 1.30> <Core = "Cmp">   --->   Core 25 'Cmp' <Latency = 0> <II = 1> <Delay = 1.30> <FuncUnit> <Opcode : 'icmp'> <InPorts = 2> <OutPorts = 1>
ST_5 : Operation 71 [1/1] (0.00ns)   --->   "%empty_35 = call i32 (...)* @_ssdm_op_SpecLoopTripCount(i64 10, i64 10, i64 10)"   --->   Operation 71 'speclooptripcount' 'empty_35' <Predicate = true> <Delay = 0.00>
ST_5 : Operation 72 [1/1] (1.73ns)   --->   "%j_3 = add i4 %j6_0, 1" [firmware/nnet_utils/nnet_padding_stream.h:77]   --->   Operation 72 'add' 'j_3' <Predicate = true> <Delay = 1.73> <Core = "AddSub">   --->   Core 14 'AddSub' <Latency = 0> <II = 1> <Delay = 1.73> <FuncUnit> <Opcode : 'add' 'sub'> <InPorts = 2> <OutPorts = 1>
ST_5 : Operation 73 [1/1] (0.00ns)   --->   "br i1 %icmp_ln77, label %PadBottom_end, label %_ZN8ap_fixedILi16ELi6EL9ap_q_mode5EL9ap_o_mode3ELi0EEC1Ei.exit.i.0" [firmware/nnet_utils/nnet_padding_stream.h:77]   --->   Operation 73 'br' <Predicate = true> <Delay = 0.00>
ST_5 : Operation 74 [1/1] (0.00ns)   --->   "call void (...)* @_ssdm_op_SpecLoopName([15 x i8]* @p_str76) nounwind" [firmware/nnet_utils/nnet_padding_stream.h:77]   --->   Operation 74 'specloopname' <Predicate = (!icmp_ln77)> <Delay = 0.00>
ST_5 : Operation 75 [1/1] (2.18ns)   --->   "call void @_ssdm_op_Write.ap_fifo.volatile.i16P.i16P.i16P.i16P.i16P.i16P.i16P.i16P(i16* %res_V_data_0_V, i16* %res_V_data_1_V, i16* %res_V_data_2_V, i16* %res_V_data_3_V, i16* %res_V_data_4_V, i16* %res_V_data_5_V, i16* %res_V_data_6_V, i16* %res_V_data_7_V, i16 0, i16 0, i16 0, i16 0, i16 0, i16 0, i16 0, i16 0)" [firmware/nnet_utils/nnet_padding_stream.h:15->firmware/nnet_utils/nnet_padding_stream.h:78]   --->   Operation 75 'write' <Predicate = (!icmp_ln77)> <Delay = 2.18> <Core = "FIFO">   --->   Core 32 'FIFO' <Latency = 0> <II = 1> <Delay = 3.63> <Storage> <Opcode : 'read' 'write' 'nbread' 'nbwrite'> <Ports = 0> <Width = 16> <Depth = 3> <FIFO>
ST_5 : Operation 76 [1/1] (0.00ns)   --->   "br label %1" [firmware/nnet_utils/nnet_padding_stream.h:77]   --->   Operation 76 'br' <Predicate = (!icmp_ln77)> <Delay = 0.00>
ST_5 : Operation 77 [1/1] (0.00ns)   --->   "%empty_36 = call i32 (...)* @_ssdm_op_SpecRegionEnd([10 x i8]* @p_str75, i32 %tmp_3)" [firmware/nnet_utils/nnet_padding_stream.h:80]   --->   Operation 77 'specregionend' 'empty_36' <Predicate = (icmp_ln77)> <Delay = 0.00>
ST_5 : Operation 78 [1/1] (0.00ns)   --->   "ret void" [firmware/nnet_utils/nnet_padding_stream.h:81]   --->   Operation 78 'ret' <Predicate = (icmp_ln77)> <Delay = 0.00>


============================================================
+ Verbose Summary: Binding
============================================================
STG Binding: 
---------------- STG Properties BEGIN ----------------
- Is combinational: 0
- Is one-state seq: 0
- Is datapath-only: 0
- Is pipelined: 0
- Is top level: 0
Port [ Return ] is wired: 1; IO mode=ap_ctrl_hs:ce=0
Port [ data_V_data_0_V]:  wired=1; compound=1; hidden=0; nouse=0; global=0; static=0; extern=0; dir=0; type=3; pingpong=0; private_global=0; IO mode=ap_fifo:ce=0
Port [ data_V_data_1_V]:  wired=1; compound=1; hidden=0; nouse=0; global=0; static=0; extern=0; dir=0; type=3; pingpong=0; private_global=0; IO mode=ap_fifo:ce=0
Port [ data_V_data_2_V]:  wired=1; compound=1; hidden=0; nouse=0; global=0; static=0; extern=0; dir=0; type=3; pingpong=0; private_global=0; IO mode=ap_fifo:ce=0
Port [ data_V_data_3_V]:  wired=1; compound=1; hidden=0; nouse=0; global=0; static=0; extern=0; dir=0; type=3; pingpong=0; private_global=0; IO mode=ap_fifo:ce=0
Port [ data_V_data_4_V]:  wired=1; compound=1; hidden=0; nouse=0; global=0; static=0; extern=0; dir=0; type=3; pingpong=0; private_global=0; IO mode=ap_fifo:ce=0
Port [ data_V_data_5_V]:  wired=1; compound=1; hidden=0; nouse=0; global=0; static=0; extern=0; dir=0; type=3; pingpong=0; private_global=0; IO mode=ap_fifo:ce=0
Port [ data_V_data_6_V]:  wired=1; compound=1; hidden=0; nouse=0; global=0; static=0; extern=0; dir=0; type=3; pingpong=0; private_global=0; IO mode=ap_fifo:ce=0
Port [ data_V_data_7_V]:  wired=1; compound=1; hidden=0; nouse=0; global=0; static=0; extern=0; dir=0; type=3; pingpong=0; private_global=0; IO mode=ap_fifo:ce=0
Port [ res_V_data_0_V]:  wired=1; compound=1; hidden=0; nouse=0; global=0; static=0; extern=0; dir=1; type=3; pingpong=0; private_global=0; IO mode=ap_fifo:ce=0
Port [ res_V_data_1_V]:  wired=1; compound=1; hidden=0; nouse=0; global=0; static=0; extern=0; dir=1; type=3; pingpong=0; private_global=0; IO mode=ap_fifo:ce=0
Port [ res_V_data_2_V]:  wired=1; compound=1; hidden=0; nouse=0; global=0; static=0; extern=0; dir=1; type=3; pingpong=0; private_global=0; IO mode=ap_fifo:ce=0
Port [ res_V_data_3_V]:  wired=1; compound=1; hidden=0; nouse=0; global=0; static=0; extern=0; dir=1; type=3; pingpong=0; private_global=0; IO mode=ap_fifo:ce=0
Port [ res_V_data_4_V]:  wired=1; compound=1; hidden=0; nouse=0; global=0; static=0; extern=0; dir=1; type=3; pingpong=0; private_global=0; IO mode=ap_fifo:ce=0
Port [ res_V_data_5_V]:  wired=1; compound=1; hidden=0; nouse=0; global=0; static=0; extern=0; dir=1; type=3; pingpong=0; private_global=0; IO mode=ap_fifo:ce=0
Port [ res_V_data_6_V]:  wired=1; compound=1; hidden=0; nouse=0; global=0; static=0; extern=0; dir=1; type=3; pingpong=0; private_global=0; IO mode=ap_fifo:ce=0
Port [ res_V_data_7_V]:  wired=1; compound=1; hidden=0; nouse=0; global=0; static=0; extern=0; dir=1; type=3; pingpong=0; private_global=0; IO mode=ap_fifo:ce=0
---------------- STG Properties END ------------------

---------------- Datapath Model BEGIN ----------------

<LifeTime>
<method=bitvector/>
specinterface_ln0 (specinterface    ) [ 000000]
specinterface_ln0 (specinterface    ) [ 000000]
specinterface_ln0 (specinterface    ) [ 000000]
specinterface_ln0 (specinterface    ) [ 000000]
specinterface_ln0 (specinterface    ) [ 000000]
specinterface_ln0 (specinterface    ) [ 000000]
specinterface_ln0 (specinterface    ) [ 000000]
specinterface_ln0 (specinterface    ) [ 000000]
specinterface_ln0 (specinterface    ) [ 000000]
specinterface_ln0 (specinterface    ) [ 000000]
specinterface_ln0 (specinterface    ) [ 000000]
specinterface_ln0 (specinterface    ) [ 000000]
specinterface_ln0 (specinterface    ) [ 000000]
specinterface_ln0 (specinterface    ) [ 000000]
specinterface_ln0 (specinterface    ) [ 000000]
specinterface_ln0 (specinterface    ) [ 000000]
specloopname_ln51 (specloopname     ) [ 000000]
tmp               (specregionbegin  ) [ 001000]
br_ln53           (br               ) [ 011000]
j_0               (phi              ) [ 001000]
icmp_ln53         (icmp             ) [ 001000]
empty             (speclooptripcount) [ 000000]
j                 (add              ) [ 011000]
br_ln53           (br               ) [ 000000]
specloopname_ln53 (specloopname     ) [ 000000]
write_ln15        (write            ) [ 000000]
br_ln53           (br               ) [ 011000]
empty_30          (specregionend    ) [ 000000]
br_ln59           (br               ) [ 001110]
i1_0              (phi              ) [ 000100]
icmp_ln59         (icmp             ) [ 000110]
empty_31          (speclooptripcount) [ 000000]
i                 (add              ) [ 001110]
br_ln59           (br               ) [ 000000]
specloopname_ln59 (specloopname     ) [ 000000]
tmp_4             (specregionbegin  ) [ 000010]
specloopname_ln61 (specloopname     ) [ 000000]
write_ln15        (write            ) [ 000000]
br_ln65           (br               ) [ 000110]
specloopname_ln75 (specloopname     ) [ 000000]
tmp_3             (specregionbegin  ) [ 000001]
br_ln77           (br               ) [ 000111]
j3_0              (phi              ) [ 000010]
icmp_ln65         (icmp             ) [ 000110]
empty_32          (speclooptripcount) [ 000000]
j_4               (add              ) [ 000110]
br_ln65           (br               ) [ 000000]
specloopname_ln65 (specloopname     ) [ 000000]
empty_33          (read             ) [ 000000]
tmp_data_0_V      (extractvalue     ) [ 000000]
tmp_data_1_V      (extractvalue     ) [ 000000]
tmp_data_2_V      (extractvalue     ) [ 000000]
tmp_data_3_V      (extractvalue     ) [ 000000]
tmp_data_4_V      (extractvalue     ) [ 000000]
tmp_data_5_V      (extractvalue     ) [ 000000]
tmp_data_6_V      (extractvalue     ) [ 000000]
tmp_data_7_V      (extractvalue     ) [ 000000]
write_ln26        (write            ) [ 000000]
br_ln65           (br               ) [ 000110]
specloopname_ln69 (specloopname     ) [ 000000]
write_ln15        (write            ) [ 000000]
empty_34          (specregionend    ) [ 000000]
br_ln59           (br               ) [ 001110]
j6_0              (phi              ) [ 000001]
icmp_ln77         (icmp             ) [ 000001]
empty_35          (speclooptripcount) [ 000000]
j_3               (add              ) [ 000101]
br_ln77           (br               ) [ 000000]
specloopname_ln77 (specloopname     ) [ 000000]
write_ln15        (write            ) [ 000000]
br_ln77           (br               ) [ 000101]
empty_36          (specregionend    ) [ 000000]
ret_ln81          (ret              ) [ 000000]
</LifeTime>

<model>

<comp_list>
<comp id="0" class="1000" name="data_V_data_0_V">
<pin_list>
<pin id="1" dir="1" index="0" bw="1" slack="0"/>
</pin_list>
<bind>
<StgValue><ssdm name="data_V_data_0_V"/></StgValue>
</bind>
</comp>

<comp id="2" class="1000" name="data_V_data_1_V">
<pin_list>
<pin id="3" dir="1" index="0" bw="1" slack="0"/>
</pin_list>
<bind>
<StgValue><ssdm name="data_V_data_1_V"/></StgValue>
</bind>
</comp>

<comp id="4" class="1000" name="data_V_data_2_V">
<pin_list>
<pin id="5" dir="1" index="0" bw="1" slack="0"/>
</pin_list>
<bind>
<StgValue><ssdm name="data_V_data_2_V"/></StgValue>
</bind>
</comp>

<comp id="6" class="1000" name="data_V_data_3_V">
<pin_list>
<pin id="7" dir="1" index="0" bw="1" slack="0"/>
</pin_list>
<bind>
<StgValue><ssdm name="data_V_data_3_V"/></StgValue>
</bind>
</comp>

<comp id="8" class="1000" name="data_V_data_4_V">
<pin_list>
<pin id="9" dir="1" index="0" bw="1" slack="0"/>
</pin_list>
<bind>
<StgValue><ssdm name="data_V_data_4_V"/></StgValue>
</bind>
</comp>

<comp id="10" class="1000" name="data_V_data_5_V">
<pin_list>
<pin id="11" dir="1" index="0" bw="1" slack="0"/>
</pin_list>
<bind>
<StgValue><ssdm name="data_V_data_5_V"/></StgValue>
</bind>
</comp>

<comp id="12" class="1000" name="data_V_data_6_V">
<pin_list>
<pin id="13" dir="1" index="0" bw="1" slack="0"/>
</pin_list>
<bind>
<StgValue><ssdm name="data_V_data_6_V"/></StgValue>
</bind>
</comp>

<comp id="14" class="1000" name="data_V_data_7_V">
<pin_list>
<pin id="15" dir="1" index="0" bw="1" slack="0"/>
</pin_list>
<bind>
<StgValue><ssdm name="data_V_data_7_V"/></StgValue>
</bind>
</comp>

<comp id="16" class="1000" name="res_V_data_0_V">
<pin_list>
<pin id="17" dir="1" index="0" bw="1" slack="0"/>
</pin_list>
<bind>
<StgValue><ssdm name="res_V_data_0_V"/></StgValue>
</bind>
</comp>

<comp id="18" class="1000" name="res_V_data_1_V">
<pin_list>
<pin id="19" dir="1" index="0" bw="1" slack="0"/>
</pin_list>
<bind>
<StgValue><ssdm name="res_V_data_1_V"/></StgValue>
</bind>
</comp>

<comp id="20" class="1000" name="res_V_data_2_V">
<pin_list>
<pin id="21" dir="1" index="0" bw="1" slack="0"/>
</pin_list>
<bind>
<StgValue><ssdm name="res_V_data_2_V"/></StgValue>
</bind>
</comp>

<comp id="22" class="1000" name="res_V_data_3_V">
<pin_list>
<pin id="23" dir="1" index="0" bw="1" slack="0"/>
</pin_list>
<bind>
<StgValue><ssdm name="res_V_data_3_V"/></StgValue>
</bind>
</comp>

<comp id="24" class="1000" name="res_V_data_4_V">
<pin_list>
<pin id="25" dir="1" index="0" bw="1" slack="0"/>
</pin_list>
<bind>
<StgValue><ssdm name="res_V_data_4_V"/></StgValue>
</bind>
</comp>

<comp id="26" class="1000" name="res_V_data_5_V">
<pin_list>
<pin id="27" dir="1" index="0" bw="1" slack="0"/>
</pin_list>
<bind>
<StgValue><ssdm name="res_V_data_5_V"/></StgValue>
</bind>
</comp>

<comp id="28" class="1000" name="res_V_data_6_V">
<pin_list>
<pin id="29" dir="1" index="0" bw="1" slack="0"/>
</pin_list>
<bind>
<StgValue><ssdm name="res_V_data_6_V"/></StgValue>
</bind>
</comp>

<comp id="30" class="1000" name="res_V_data_7_V">
<pin_list>
<pin id="31" dir="1" index="0" bw="1" slack="0"/>
</pin_list>
<bind>
<StgValue><ssdm name="res_V_data_7_V"/></StgValue>
</bind>
</comp>

<comp id="32" class="1001" name="const_32">
<pin_list>
<pin id="33" dir="1" index="0" bw="1" slack="2147483647"/>
</pin_list>
<bind>
<StgValue><ssdm name="_ssdm_op_SpecInterface"/></StgValue>
</bind>
</comp>

<comp id="34" class="1001" name="const_34">
<pin_list>
<pin id="35" dir="1" index="0" bw="1" slack="2147483647"/>
</pin_list>
<bind>
<StgValue><ssdm name="ap_fifo_str"/></StgValue>
</bind>
</comp>

<comp id="36" class="1001" name="const_36">
<pin_list>
<pin id="37" dir="1" index="0" bw="1" slack="2147483647"/>
</pin_list>
<bind>
<StgValue><ssdm name=""/></StgValue>
</bind>
</comp>

<comp id="38" class="1001" name="const_38">
<pin_list>
<pin id="39" dir="1" index="0" bw="1" slack="2147483647"/>
</pin_list>
<bind>
<StgValue><ssdm name="p_str"/></StgValue>
</bind>
</comp>

<comp id="40" class="1001" name="const_40">
<pin_list>
<pin id="41" dir="1" index="0" bw="1" slack="2147483647"/>
</pin_list>
<bind>
<StgValue><ssdm name=""/></StgValue>
</bind>
</comp>

<comp id="42" class="1001" name="const_42">
<pin_list>
<pin id="43" dir="1" index="0" bw="1" slack="2147483647"/>
</pin_list>
<bind>
<StgValue><ssdm name=""/></StgValue>
</bind>
</comp>

<comp id="44" class="1001" name="const_44">
<pin_list>
<pin id="45" dir="1" index="0" bw="1" slack="2147483647"/>
</pin_list>
<bind>
<StgValue><ssdm name="_ssdm_op_SpecLoopName"/></StgValue>
</bind>
</comp>

<comp id="46" class="1001" name="const_46">
<pin_list>
<pin id="47" dir="1" index="0" bw="1" slack="2147483647"/>
</pin_list>
<bind>
<StgValue><ssdm name="p_str69"/></StgValue>
</bind>
</comp>

<comp id="48" class="1001" name="const_48">
<pin_list>
<pin id="49" dir="1" index="0" bw="1" slack="2147483647"/>
</pin_list>
<bind>
<StgValue><ssdm name="_ssdm_op_SpecRegionBegin"/></StgValue>
</bind>
</comp>

<comp id="50" class="1001" name="const_50">
<pin_list>
<pin id="51" dir="1" index="0" bw="1" slack="1"/>
</pin_list>
<bind>
<StgValue><ssdm name=""/></StgValue>
</bind>
</comp>

<comp id="52" class="1001" name="const_52">
<pin_list>
<pin id="53" dir="1" index="0" bw="1" slack="0"/>
</pin_list>
<bind>
<StgValue><ssdm name=""/></StgValue>
</bind>
</comp>

<comp id="54" class="1001" name="const_54">
<pin_list>
<pin id="55" dir="1" index="0" bw="1" slack="2147483647"/>
</pin_list>
<bind>
<StgValue><ssdm name="_ssdm_op_SpecLoopTripCount"/></StgValue>
</bind>
</comp>

<comp id="56" class="1001" name="const_56">
<pin_list>
<pin id="57" dir="1" index="0" bw="1" slack="2147483647"/>
</pin_list>
<bind>
<StgValue><ssdm name=""/></StgValue>
</bind>
</comp>

<comp id="58" class="1001" name="const_58">
<pin_list>
<pin id="59" dir="1" index="0" bw="1" slack="0"/>
</pin_list>
<bind>
<StgValue><ssdm name=""/></StgValue>
</bind>
</comp>

<comp id="60" class="1001" name="const_60">
<pin_list>
<pin id="61" dir="1" index="0" bw="1" slack="2147483647"/>
</pin_list>
<bind>
<StgValue><ssdm name="p_str70"/></StgValue>
</bind>
</comp>

<comp id="62" class="1001" name="const_62">
<pin_list>
<pin id="63" dir="1" index="0" bw="1" slack="0"/>
</pin_list>
<bind>
<StgValue><ssdm name="_ssdm_op_Write.ap_fifo.volatile.i16P.i16P.i16P.i16P.i16P.i16P.i16P.i16P"/></StgValue>
</bind>
</comp>

<comp id="64" class="1001" name="const_64">
<pin_list>
<pin id="65" dir="1" index="0" bw="1" slack="0"/>
</pin_list>
<bind>
<StgValue><ssdm name=""/></StgValue>
</bind>
</comp>

<comp id="66" class="1001" name="const_66">
<pin_list>
<pin id="67" dir="1" index="0" bw="1" slack="2147483647"/>
</pin_list>
<bind>
<StgValue><ssdm name="_ssdm_op_SpecRegionEnd"/></StgValue>
</bind>
</comp>

<comp id="68" class="1001" name="const_68">
<pin_list>
<pin id="69" dir="1" index="0" bw="1" slack="0"/>
</pin_list>
<bind>
<StgValue><ssdm name=""/></StgValue>
</bind>
</comp>

<comp id="70" class="1001" name="const_70">
<pin_list>
<pin id="71" dir="1" index="0" bw="1" slack="2147483647"/>
</pin_list>
<bind>
<StgValue><ssdm name=""/></StgValue>
</bind>
</comp>

<comp id="72" class="1001" name="const_72">
<pin_list>
<pin id="73" dir="1" index="0" bw="1" slack="2147483647"/>
</pin_list>
<bind>
<StgValue><ssdm name="p_str71"/></StgValue>
</bind>
</comp>

<comp id="74" class="1001" name="const_74">
<pin_list>
<pin id="75" dir="1" index="0" bw="1" slack="2147483647"/>
</pin_list>
<bind>
<StgValue><ssdm name="p_str72"/></StgValue>
</bind>
</comp>

<comp id="76" class="1001" name="const_76">
<pin_list>
<pin id="77" dir="1" index="0" bw="1" slack="2147483647"/>
</pin_list>
<bind>
<StgValue><ssdm name="p_str75"/></StgValue>
</bind>
</comp>

<comp id="78" class="1001" name="const_78">
<pin_list>
<pin id="79" dir="1" index="0" bw="1" slack="2147483647"/>
</pin_list>
<bind>
<StgValue><ssdm name="p_str73"/></StgValue>
</bind>
</comp>

<comp id="80" class="1001" name="const_80">
<pin_list>
<pin id="81" dir="1" index="0" bw="1" slack="0"/>
</pin_list>
<bind>
<StgValue><ssdm name="_ssdm_op_Read.ap_fifo.volatile.i16P.i16P.i16P.i16P.i16P.i16P.i16P.i16P"/></StgValue>
</bind>
</comp>

<comp id="82" class="1001" name="const_82">
<pin_list>
<pin id="83" dir="1" index="0" bw="1" slack="2147483647"/>
</pin_list>
<bind>
<StgValue><ssdm name="p_str74"/></StgValue>
</bind>
</comp>

<comp id="84" class="1001" name="const_84">
<pin_list>
<pin id="85" dir="1" index="0" bw="1" slack="2147483647"/>
</pin_list>
<bind>
<StgValue><ssdm name="p_str76"/></StgValue>
</bind>
</comp>

<comp id="86" class="1004" name="grp_write_fu_86">
<pin_list>
<pin id="87" dir="0" index="0" bw="0" slack="0"/>
<pin id="88" dir="0" index="1" bw="16" slack="0"/>
<pin id="89" dir="0" index="2" bw="16" slack="0"/>
<pin id="90" dir="0" index="3" bw="16" slack="0"/>
<pin id="91" dir="0" index="4" bw="16" slack="0"/>
<pin id="92" dir="0" index="5" bw="16" slack="0"/>
<pin id="93" dir="0" index="6" bw="16" slack="0"/>
<pin id="94" dir="0" index="7" bw="16" slack="0"/>
<pin id="95" dir="0" index="8" bw="16" slack="0"/>
<pin id="96" dir="0" index="9" bw="16" slack="0"/>
<pin id="97" dir="0" index="10" bw="16" slack="0"/>
<pin id="98" dir="0" index="11" bw="16" slack="0"/>
<pin id="99" dir="0" index="12" bw="16" slack="0"/>
<pin id="100" dir="0" index="13" bw="16" slack="0"/>
<pin id="101" dir="0" index="14" bw="16" slack="0"/>
<pin id="102" dir="0" index="15" bw="16" slack="0"/>
<pin id="103" dir="0" index="16" bw="16" slack="0"/>
<pin id="104" dir="1" index="17" bw="0" slack="2147483647"/>
</pin_list>
<bind>
<opcode="write(1151) " fcode="write"/>
<opset="write_ln15/2 write_ln15/3 write_ln26/4 write_ln15/4 write_ln15/5 "/>
</bind>
</comp>

<comp id="122" class="1004" name="empty_33_read_fu_122">
<pin_list>
<pin id="123" dir="0" index="0" bw="128" slack="0"/>
<pin id="124" dir="0" index="1" bw="16" slack="0"/>
<pin id="125" dir="0" index="2" bw="16" slack="0"/>
<pin id="126" dir="0" index="3" bw="16" slack="0"/>
<pin id="127" dir="0" index="4" bw="16" slack="0"/>
<pin id="128" dir="0" index="5" bw="16" slack="0"/>
<pin id="129" dir="0" index="6" bw="16" slack="0"/>
<pin id="130" dir="0" index="7" bw="16" slack="0"/>
<pin id="131" dir="0" index="8" bw="16" slack="0"/>
<pin id="132" dir="1" index="9" bw="128" slack="0"/>
</pin_list>
<bind>
<opcode="read(1150) " fcode="read"/>
<opset="empty_33/4 "/>
</bind>
</comp>

<comp id="142" class="1005" name="j_0_reg_142">
<pin_list>
<pin id="143" dir="0" index="0" bw="4" slack="1"/>
<pin id="144" dir="1" index="1" bw="4" slack="1"/>
</pin_list>
<bind>
<opset="j_0 (phireg) "/>
</bind>
</comp>

<comp id="146" class="1004" name="j_0_phi_fu_146">
<pin_list>
<pin id="147" dir="0" index="0" bw="1" slack="1"/>
<pin id="148" dir="0" index="1" bw="0" slack="2147483647"/>
<pin id="149" dir="0" index="2" bw="4" slack="0"/>
<pin id="150" dir="0" index="3" bw="0" slack="2147483647"/>
<pin id="151" dir="1" index="4" bw="4" slack="0"/>
</pin_list>
<bind>
<opcode="phi(47) " fcode="phi"/>
<opset="j_0/2 "/>
</bind>
</comp>

<comp id="153" class="1005" name="i1_0_reg_153">
<pin_list>
<pin id="154" dir="0" index="0" bw="4" slack="1"/>
<pin id="155" dir="1" index="1" bw="4" slack="1"/>
</pin_list>
<bind>
<opset="i1_0 (phireg) "/>
</bind>
</comp>

<comp id="157" class="1004" name="i1_0_phi_fu_157">
<pin_list>
<pin id="158" dir="0" index="0" bw="4" slack="0"/>
<pin id="159" dir="0" index="1" bw="0" slack="2147483647"/>
<pin id="160" dir="0" index="2" bw="1" slack="1"/>
<pin id="161" dir="0" index="3" bw="0" slack="2147483647"/>
<pin id="162" dir="1" index="4" bw="4" slack="0"/>
</pin_list>
<bind>
<opcode="phi(47) " fcode="phi"/>
<opset="i1_0/3 "/>
</bind>
</comp>

<comp id="164" class="1005" name="j3_0_reg_164">
<pin_list>
<pin id="165" dir="0" index="0" bw="4" slack="1"/>
<pin id="166" dir="1" index="1" bw="4" slack="1"/>
</pin_list>
<bind>
<opset="j3_0 (phireg) "/>
</bind>
</comp>

<comp id="168" class="1004" name="j3_0_phi_fu_168">
<pin_list>
<pin id="169" dir="0" index="0" bw="4" slack="0"/>
<pin id="170" dir="0" index="1" bw="0" slack="2147483647"/>
<pin id="171" dir="0" index="2" bw="1" slack="1"/>
<pin id="172" dir="0" index="3" bw="0" slack="2147483647"/>
<pin id="173" dir="1" index="4" bw="4" slack="0"/>
</pin_list>
<bind>
<opcode="phi(47) " fcode="phi"/>
<opset="j3_0/4 "/>
</bind>
</comp>

<comp id="175" class="1005" name="j6_0_reg_175">
<pin_list>
<pin id="176" dir="0" index="0" bw="4" slack="1"/>
<pin id="177" dir="1" index="1" bw="4" slack="1"/>
</pin_list>
<bind>
<opset="j6_0 (phireg) "/>
</bind>
</comp>

<comp id="179" class="1004" name="j6_0_phi_fu_179">
<pin_list>
<pin id="180" dir="0" index="0" bw="1" slack="1"/>
<pin id="181" dir="0" index="1" bw="0" slack="2147483647"/>
<pin id="182" dir="0" index="2" bw="4" slack="0"/>
<pin id="183" dir="0" index="3" bw="0" slack="2147483647"/>
<pin id="184" dir="1" index="4" bw="4" slack="0"/>
</pin_list>
<bind>
<opcode="phi(47) " fcode="phi"/>
<opset="j6_0/5 "/>
</bind>
</comp>

<comp id="186" class="1004" name="icmp_ln53_fu_186">
<pin_list>
<pin id="187" dir="0" index="0" bw="4" slack="0"/>
<pin id="188" dir="0" index="1" bw="4" slack="0"/>
<pin id="189" dir="1" index="2" bw="1" slack="2147483647"/>
</pin_list>
<bind>
<opcode="icmp(45) " fcode="icmp"/>
<opset="icmp_ln53/2 "/>
</bind>
</comp>

<comp id="192" class="1004" name="j_fu_192">
<pin_list>
<pin id="193" dir="0" index="0" bw="4" slack="0"/>
<pin id="194" dir="0" index="1" bw="1" slack="0"/>
<pin id="195" dir="1" index="2" bw="4" slack="0"/>
</pin_list>
<bind>
<opcode="add(8) " fcode="add"/>
<opset="j/2 "/>
</bind>
</comp>

<comp id="198" class="1004" name="icmp_ln59_fu_198">
<pin_list>
<pin id="199" dir="0" index="0" bw="4" slack="0"/>
<pin id="200" dir="0" index="1" bw="4" slack="0"/>
<pin id="201" dir="1" index="2" bw="1" slack="2147483647"/>
</pin_list>
<bind>
<opcode="icmp(45) " fcode="icmp"/>
<opset="icmp_ln59/3 "/>
</bind>
</comp>

<comp id="204" class="1004" name="i_fu_204">
<pin_list>
<pin id="205" dir="0" index="0" bw="4" slack="0"/>
<pin id="206" dir="0" index="1" bw="1" slack="0"/>
<pin id="207" dir="1" index="2" bw="4" slack="0"/>
</pin_list>
<bind>
<opcode="add(8) " fcode="add"/>
<opset="i/3 "/>
</bind>
</comp>

<comp id="210" class="1004" name="icmp_ln65_fu_210">
<pin_list>
<pin id="211" dir="0" index="0" bw="4" slack="0"/>
<pin id="212" dir="0" index="1" bw="4" slack="0"/>
<pin id="213" dir="1" index="2" bw="1" slack="2147483647"/>
</pin_list>
<bind>
<opcode="icmp(45) " fcode="icmp"/>
<opset="icmp_ln65/4 "/>
</bind>
</comp>

<comp id="216" class="1004" name="j_4_fu_216">
<pin_list>
<pin id="217" dir="0" index="0" bw="4" slack="0"/>
<pin id="218" dir="0" index="1" bw="1" slack="0"/>
<pin id="219" dir="1" index="2" bw="4" slack="0"/>
</pin_list>
<bind>
<opcode="add(8) " fcode="add"/>
<opset="j_4/4 "/>
</bind>
</comp>

<comp id="222" class="1004" name="tmp_data_0_V_fu_222">
<pin_list>
<pin id="223" dir="0" index="0" bw="128" slack="0"/>
<pin id="224" dir="1" index="1" bw="16" slack="0"/>
</pin_list>
<bind>
<opcode="extractvalue(56) " fcode="extractvalue"/>
<opset="tmp_data_0_V/4 "/>
</bind>
</comp>

<comp id="227" class="1004" name="tmp_data_1_V_fu_227">
<pin_list>
<pin id="228" dir="0" index="0" bw="128" slack="0"/>
<pin id="229" dir="1" index="1" bw="16" slack="0"/>
</pin_list>
<bind>
<opcode="extractvalue(56) " fcode="extractvalue"/>
<opset="tmp_data_1_V/4 "/>
</bind>
</comp>

<comp id="232" class="1004" name="tmp_data_2_V_fu_232">
<pin_list>
<pin id="233" dir="0" index="0" bw="128" slack="0"/>
<pin id="234" dir="1" index="1" bw="16" slack="0"/>
</pin_list>
<bind>
<opcode="extractvalue(56) " fcode="extractvalue"/>
<opset="tmp_data_2_V/4 "/>
</bind>
</comp>

<comp id="237" class="1004" name="tmp_data_3_V_fu_237">
<pin_list>
<pin id="238" dir="0" index="0" bw="128" slack="0"/>
<pin id="239" dir="1" index="1" bw="16" slack="0"/>
</pin_list>
<bind>
<opcode="extractvalue(56) " fcode="extractvalue"/>
<opset="tmp_data_3_V/4 "/>
</bind>
</comp>

<comp id="242" class="1004" name="tmp_data_4_V_fu_242">
<pin_list>
<pin id="243" dir="0" index="0" bw="128" slack="0"/>
<pin id="244" dir="1" index="1" bw="16" slack="0"/>
</pin_list>
<bind>
<opcode="extractvalue(56) " fcode="extractvalue"/>
<opset="tmp_data_4_V/4 "/>
</bind>
</comp>

<comp id="247" class="1004" name="tmp_data_5_V_fu_247">
<pin_list>
<pin id="248" dir="0" index="0" bw="128" slack="0"/>
<pin id="249" dir="1" index="1" bw="16" slack="0"/>
</pin_list>
<bind>
<opcode="extractvalue(56) " fcode="extractvalue"/>
<opset="tmp_data_5_V/4 "/>
</bind>
</comp>

<comp id="252" class="1004" name="tmp_data_6_V_fu_252">
<pin_list>
<pin id="253" dir="0" index="0" bw="128" slack="0"/>
<pin id="254" dir="1" index="1" bw="16" slack="0"/>
</pin_list>
<bind>
<opcode="extractvalue(56) " fcode="extractvalue"/>
<opset="tmp_data_6_V/4 "/>
</bind>
</comp>

<comp id="257" class="1004" name="tmp_data_7_V_fu_257">
<pin_list>
<pin id="258" dir="0" index="0" bw="128" slack="0"/>
<pin id="259" dir="1" index="1" bw="16" slack="0"/>
</pin_list>
<bind>
<opcode="extractvalue(56) " fcode="extractvalue"/>
<opset="tmp_data_7_V/4 "/>
</bind>
</comp>

<comp id="262" class="1004" name="icmp_ln77_fu_262">
<pin_list>
<pin id="263" dir="0" index="0" bw="4" slack="0"/>
<pin id="264" dir="0" index="1" bw="4" slack="0"/>
<pin id="265" dir="1" index="2" bw="1" slack="2147483647"/>
</pin_list>
<bind>
<opcode="icmp(45) " fcode="icmp"/>
<opset="icmp_ln77/5 "/>
</bind>
</comp>

<comp id="268" class="1004" name="j_3_fu_268">
<pin_list>
<pin id="269" dir="0" index="0" bw="4" slack="0"/>
<pin id="270" dir="0" index="1" bw="1" slack="0"/>
<pin id="271" dir="1" index="2" bw="4" slack="0"/>
</pin_list>
<bind>
<opcode="add(8) " fcode="add"/>
<opset="j_3/5 "/>
</bind>
</comp>

<comp id="277" class="1005" name="j_reg_277">
<pin_list>
<pin id="278" dir="0" index="0" bw="4" slack="0"/>
<pin id="279" dir="1" index="1" bw="4" slack="0"/>
</pin_list>
<bind>
<opset="j "/>
</bind>
</comp>

<comp id="285" class="1005" name="i_reg_285">
<pin_list>
<pin id="286" dir="0" index="0" bw="4" slack="0"/>
<pin id="287" dir="1" index="1" bw="4" slack="0"/>
</pin_list>
<bind>
<opset="i "/>
</bind>
</comp>

<comp id="293" class="1005" name="j_4_reg_293">
<pin_list>
<pin id="294" dir="0" index="0" bw="4" slack="0"/>
<pin id="295" dir="1" index="1" bw="4" slack="0"/>
</pin_list>
<bind>
<opset="j_4 "/>
</bind>
</comp>

<comp id="301" class="1005" name="j_3_reg_301">
<pin_list>
<pin id="302" dir="0" index="0" bw="4" slack="0"/>
<pin id="303" dir="1" index="1" bw="4" slack="0"/>
</pin_list>
<bind>
<opset="j_3 "/>
</bind>
</comp>

</comp_list>

<net_list>
<net id="105"><net_src comp="62" pin="0"/><net_sink comp="86" pin=0"/></net>

<net id="106"><net_src comp="16" pin="0"/><net_sink comp="86" pin=1"/></net>

<net id="107"><net_src comp="18" pin="0"/><net_sink comp="86" pin=2"/></net>

<net id="108"><net_src comp="20" pin="0"/><net_sink comp="86" pin=3"/></net>

<net id="109"><net_src comp="22" pin="0"/><net_sink comp="86" pin=4"/></net>

<net id="110"><net_src comp="24" pin="0"/><net_sink comp="86" pin=5"/></net>

<net id="111"><net_src comp="26" pin="0"/><net_sink comp="86" pin=6"/></net>

<net id="112"><net_src comp="28" pin="0"/><net_sink comp="86" pin=7"/></net>

<net id="113"><net_src comp="30" pin="0"/><net_sink comp="86" pin=8"/></net>

<net id="114"><net_src comp="64" pin="0"/><net_sink comp="86" pin=9"/></net>

<net id="115"><net_src comp="64" pin="0"/><net_sink comp="86" pin=10"/></net>

<net id="116"><net_src comp="64" pin="0"/><net_sink comp="86" pin=11"/></net>

<net id="117"><net_src comp="64" pin="0"/><net_sink comp="86" pin=12"/></net>

<net id="118"><net_src comp="64" pin="0"/><net_sink comp="86" pin=13"/></net>

<net id="119"><net_src comp="64" pin="0"/><net_sink comp="86" pin=14"/></net>

<net id="120"><net_src comp="64" pin="0"/><net_sink comp="86" pin=15"/></net>

<net id="121"><net_src comp="64" pin="0"/><net_sink comp="86" pin=16"/></net>

<net id="133"><net_src comp="80" pin="0"/><net_sink comp="122" pin=0"/></net>

<net id="134"><net_src comp="0" pin="0"/><net_sink comp="122" pin=1"/></net>

<net id="135"><net_src comp="2" pin="0"/><net_sink comp="122" pin=2"/></net>

<net id="136"><net_src comp="4" pin="0"/><net_sink comp="122" pin=3"/></net>

<net id="137"><net_src comp="6" pin="0"/><net_sink comp="122" pin=4"/></net>

<net id="138"><net_src comp="8" pin="0"/><net_sink comp="122" pin=5"/></net>

<net id="139"><net_src comp="10" pin="0"/><net_sink comp="122" pin=6"/></net>

<net id="140"><net_src comp="12" pin="0"/><net_sink comp="122" pin=7"/></net>

<net id="141"><net_src comp="14" pin="0"/><net_sink comp="122" pin=8"/></net>

<net id="145"><net_src comp="50" pin="0"/><net_sink comp="142" pin=0"/></net>

<net id="152"><net_src comp="142" pin="1"/><net_sink comp="146" pin=0"/></net>

<net id="156"><net_src comp="50" pin="0"/><net_sink comp="153" pin=0"/></net>

<net id="163"><net_src comp="153" pin="1"/><net_sink comp="157" pin=2"/></net>

<net id="167"><net_src comp="50" pin="0"/><net_sink comp="164" pin=0"/></net>

<net id="174"><net_src comp="164" pin="1"/><net_sink comp="168" pin=2"/></net>

<net id="178"><net_src comp="50" pin="0"/><net_sink comp="175" pin=0"/></net>

<net id="185"><net_src comp="175" pin="1"/><net_sink comp="179" pin=0"/></net>

<net id="190"><net_src comp="146" pin="4"/><net_sink comp="186" pin=0"/></net>

<net id="191"><net_src comp="52" pin="0"/><net_sink comp="186" pin=1"/></net>

<net id="196"><net_src comp="146" pin="4"/><net_sink comp="192" pin=0"/></net>

<net id="197"><net_src comp="58" pin="0"/><net_sink comp="192" pin=1"/></net>

<net id="202"><net_src comp="157" pin="4"/><net_sink comp="198" pin=0"/></net>

<net id="203"><net_src comp="68" pin="0"/><net_sink comp="198" pin=1"/></net>

<net id="208"><net_src comp="157" pin="4"/><net_sink comp="204" pin=0"/></net>

<net id="209"><net_src comp="58" pin="0"/><net_sink comp="204" pin=1"/></net>

<net id="214"><net_src comp="168" pin="4"/><net_sink comp="210" pin=0"/></net>

<net id="215"><net_src comp="68" pin="0"/><net_sink comp="210" pin=1"/></net>

<net id="220"><net_src comp="168" pin="4"/><net_sink comp="216" pin=0"/></net>

<net id="221"><net_src comp="58" pin="0"/><net_sink comp="216" pin=1"/></net>

<net id="225"><net_src comp="122" pin="9"/><net_sink comp="222" pin=0"/></net>

<net id="226"><net_src comp="222" pin="1"/><net_sink comp="86" pin=9"/></net>

<net id="230"><net_src comp="122" pin="9"/><net_sink comp="227" pin=0"/></net>

<net id="231"><net_src comp="227" pin="1"/><net_sink comp="86" pin=10"/></net>

<net id="235"><net_src comp="122" pin="9"/><net_sink comp="232" pin=0"/></net>

<net id="236"><net_src comp="232" pin="1"/><net_sink comp="86" pin=11"/></net>

<net id="240"><net_src comp="122" pin="9"/><net_sink comp="237" pin=0"/></net>

<net id="241"><net_src comp="237" pin="1"/><net_sink comp="86" pin=12"/></net>

<net id="245"><net_src comp="122" pin="9"/><net_sink comp="242" pin=0"/></net>

<net id="246"><net_src comp="242" pin="1"/><net_sink comp="86" pin=13"/></net>

<net id="250"><net_src comp="122" pin="9"/><net_sink comp="247" pin=0"/></net>

<net id="251"><net_src comp="247" pin="1"/><net_sink comp="86" pin=14"/></net>

<net id="255"><net_src comp="122" pin="9"/><net_sink comp="252" pin=0"/></net>

<net id="256"><net_src comp="252" pin="1"/><net_sink comp="86" pin=15"/></net>

<net id="260"><net_src comp="122" pin="9"/><net_sink comp="257" pin=0"/></net>

<net id="261"><net_src comp="257" pin="1"/><net_sink comp="86" pin=16"/></net>

<net id="266"><net_src comp="179" pin="4"/><net_sink comp="262" pin=0"/></net>

<net id="267"><net_src comp="52" pin="0"/><net_sink comp="262" pin=1"/></net>

<net id="272"><net_src comp="179" pin="4"/><net_sink comp="268" pin=0"/></net>

<net id="273"><net_src comp="58" pin="0"/><net_sink comp="268" pin=1"/></net>

<net id="280"><net_src comp="192" pin="2"/><net_sink comp="277" pin=0"/></net>

<net id="281"><net_src comp="277" pin="1"/><net_sink comp="146" pin=2"/></net>

<net id="288"><net_src comp="204" pin="2"/><net_sink comp="285" pin=0"/></net>

<net id="289"><net_src comp="285" pin="1"/><net_sink comp="157" pin=0"/></net>

<net id="296"><net_src comp="216" pin="2"/><net_sink comp="293" pin=0"/></net>

<net id="297"><net_src comp="293" pin="1"/><net_sink comp="168" pin=0"/></net>

<net id="304"><net_src comp="268" pin="2"/><net_sink comp="301" pin=0"/></net>

<net id="305"><net_src comp="301" pin="1"/><net_sink comp="179" pin=2"/></net>

</net_list>

</model> 
---------------- Datapath Model END ------------------

* FSMD analyzer results:
  - Output states:
	Port: res_V_data_0_V | {2 3 4 5 }
	Port: res_V_data_1_V | {2 3 4 5 }
	Port: res_V_data_2_V | {2 3 4 5 }
	Port: res_V_data_3_V | {2 3 4 5 }
	Port: res_V_data_4_V | {2 3 4 5 }
	Port: res_V_data_5_V | {2 3 4 5 }
	Port: res_V_data_6_V | {2 3 4 5 }
	Port: res_V_data_7_V | {2 3 4 5 }
 - Input state : 
	Port: zeropad2d_cl<array<ap_fixed,8u>,array<ap_fixed<16,6,5,3,0>,8u>,config24> : data_V_data_0_V | {4 }
	Port: zeropad2d_cl<array<ap_fixed,8u>,array<ap_fixed<16,6,5,3,0>,8u>,config24> : data_V_data_1_V | {4 }
	Port: zeropad2d_cl<array<ap_fixed,8u>,array<ap_fixed<16,6,5,3,0>,8u>,config24> : data_V_data_2_V | {4 }
	Port: zeropad2d_cl<array<ap_fixed,8u>,array<ap_fixed<16,6,5,3,0>,8u>,config24> : data_V_data_3_V | {4 }
	Port: zeropad2d_cl<array<ap_fixed,8u>,array<ap_fixed<16,6,5,3,0>,8u>,config24> : data_V_data_4_V | {4 }
	Port: zeropad2d_cl<array<ap_fixed,8u>,array<ap_fixed<16,6,5,3,0>,8u>,config24> : data_V_data_5_V | {4 }
	Port: zeropad2d_cl<array<ap_fixed,8u>,array<ap_fixed<16,6,5,3,0>,8u>,config24> : data_V_data_6_V | {4 }
	Port: zeropad2d_cl<array<ap_fixed,8u>,array<ap_fixed<16,6,5,3,0>,8u>,config24> : data_V_data_7_V | {4 }
  - Chain level:
	State 1
	State 2
		icmp_ln53 : 1
		j : 1
		br_ln53 : 2
	State 3
		icmp_ln59 : 1
		i : 1
		br_ln59 : 2
	State 4
		icmp_ln65 : 1
		j_4 : 1
		br_ln65 : 2
		write_ln26 : 1
	State 5
		icmp_ln77 : 1
		j_3 : 1
		br_ln77 : 2


============================================================
+ Verbose Summary: Datapath Resource usage 
============================================================

* Functional unit list:
|----------|----------------------|---------|---------|
| Operation|    Functional Unit   |    FF   |   LUT   |
|----------|----------------------|---------|---------|
|          |       j_fu_192       |    0    |    13   |
|    add   |       i_fu_204       |    0    |    13   |
|          |      j_4_fu_216      |    0    |    13   |
|          |      j_3_fu_268      |    0    |    13   |
|----------|----------------------|---------|---------|
|          |   icmp_ln53_fu_186   |    0    |    9    |
|   icmp   |   icmp_ln59_fu_198   |    0    |    9    |
|          |   icmp_ln65_fu_210   |    0    |    9    |
|          |   icmp_ln77_fu_262   |    0    |    9    |
|----------|----------------------|---------|---------|
|   write  |    grp_write_fu_86   |    0    |    0    |
|----------|----------------------|---------|---------|
|   read   | empty_33_read_fu_122 |    0    |    0    |
|----------|----------------------|---------|---------|
|          |  tmp_data_0_V_fu_222 |    0    |    0    |
|          |  tmp_data_1_V_fu_227 |    0    |    0    |
|          |  tmp_data_2_V_fu_232 |    0    |    0    |
|extractvalue|  tmp_data_3_V_fu_237 |    0    |    0    |
|          |  tmp_data_4_V_fu_242 |    0    |    0    |
|          |  tmp_data_5_V_fu_247 |    0    |    0    |
|          |  tmp_data_6_V_fu_252 |    0    |    0    |
|          |  tmp_data_7_V_fu_257 |    0    |    0    |
|----------|----------------------|---------|---------|
|   Total  |                      |    0    |    88   |
|----------|----------------------|---------|---------|

Memories:
N/A

* Register list:
+------------+--------+
|            |   FF   |
+------------+--------+
|i1_0_reg_153|    4   |
|  i_reg_285 |    4   |
|j3_0_reg_164|    4   |
|j6_0_reg_175|    4   |
| j_0_reg_142|    4   |
| j_3_reg_301|    4   |
| j_4_reg_293|    4   |
|  j_reg_277 |    4   |
+------------+--------+
|    Total   |   32   |
+------------+--------+

* Multiplexer (MUX) list: 
|-----------------|------|------|------|--------||---------||---------|
|       Comp      |  Pin | Size |  BW  | S x BW ||  Delay  ||   LUT   |
|-----------------|------|------|------|--------||---------||---------|
| grp_write_fu_86 |  p9  |   2  |  16  |   32   ||    9    |
| grp_write_fu_86 |  p10 |   2  |  16  |   32   ||    9    |
| grp_write_fu_86 |  p11 |   2  |  16  |   32   ||    9    |
| grp_write_fu_86 |  p12 |   2  |  16  |   32   ||    9    |
| grp_write_fu_86 |  p13 |   2  |  16  |   32   ||    9    |
| grp_write_fu_86 |  p14 |   2  |  16  |   32   ||    9    |
| grp_write_fu_86 |  p15 |   2  |  16  |   32   ||    9    |
| grp_write_fu_86 |  p16 |   2  |  16  |   32   ||    9    |
|-----------------|------|------|------|--------||---------||---------|
|      Total      |      |      |      |   256  ||  14.152 ||    72   |
|-----------------|------|------|------|--------||---------||---------|



* Summary:
+-----------+--------+--------+--------+
|           |  Delay |   FF   |   LUT  |
+-----------+--------+--------+--------+
|  Function |    -   |    0   |   88   |
|   Memory  |    -   |    -   |    -   |
|Multiplexer|   14   |    -   |   72   |
|  Register |    -   |   32   |    -   |
+-----------+--------+--------+--------+
|   Total   |   14   |   32   |   160  |
+-----------+--------+--------+--------+
