Wed Jul 23 15:31:13 2025: Running xcd server. This server was built by gradle.
Wed Jul 23 15:31:13 2025: Server was asked to start on port: '33443'
Wed Jul 23 15:31:13 2025: Server is using token UUID: 'd8cb525b-5cc6-49a9-919d-3f0e1d1ec06a'
Wed Jul 23 15:31:13 2025: SESSION_MGR: creating session with session uuid: '6d04a3e9-ade5-4ab9-8d63-1f78fcd2ec76' and name 'default'
Wed Jul 23 15:31:13 2025: Attempting to start server on port '33443'
Wed Jul 23 15:31:13 2025: XCD main fifo: created main fifo '/tmp/xcdmaind8cb525b-5cc6-49a9-919d-3f0e1d1ec06a', fd read = 13
Wed Jul 23 15:31:13 2025: Running Dispatch Server
Wed Jul 23 15:31:13 2025: Version 2.2.0
Wed Jul 23 15:31:14 2025: Dispatch Server: Accepted socket connection from client
Wed Jul 23 15:31:14 2025: Starting Socket connection
Wed Jul 23 15:31:14 2025: EXCHANGE_TOKEN received, server token: d8cb525b-5cc6-49a9-919d-3f0e1d1ec06a, passed token: d8cb525b-5cc6-49a9-919d-3f0e1d1ec06a
Wed Jul 23 15:31:15 2025: DISPATCH_HANDLER: Adding handler from function makeHandler in library libxv_system_diagram
Wed Jul 23 15:31:15 2025: SESSION_MGR: creating session with session uuid: '80c4ffa5-2d82-4e4f-bcb4-45cd45886bba' and name 'v++_compile_torgb'
Wed Jul 23 15:31:15 2025: KERNEL_SVC: creating session with uuid: '80c4ffa5-2d82-4e4f-bcb4-45cd45886bba' and name 'v++_compile_torgb'
Wed Jul 23 15:31:15 2025: GUIDANCE_SMGR: creating guidance session with uuid: '80c4ffa5-2d82-4e4f-bcb4-45cd45886bba' and name 'v++_compile_torgb'
Wed Jul 23 15:31:15 2025: SYSTEM_DIAGRAM: creating session with uuid: '80c4ffa5-2d82-4e4f-bcb4-45cd45886bba' and name 'v++_compile_torgb'
Wed Jul 23 15:31:17 2025: Dispatch Server: Accepted socket connection from client
Wed Jul 23 15:31:17 2025: Starting Socket connection
Wed Jul 23 15:31:26 2025: SESSION_MGR: closing session for UUID '80c4ffa5-2d82-4e4f-bcb4-45cd45886bba' with name 'v++_compile_torgb'
Wed Jul 23 15:31:26 2025: KERNEL_SVC: closing session for UUID '80c4ffa5-2d82-4e4f-bcb4-45cd45886bba' with name 'v++_compile_torgb'
Wed Jul 23 15:31:26 2025: GUIDANCE_SMGR: closing session for UUID '80c4ffa5-2d82-4e4f-bcb4-45cd45886bba' with name 'v++_compile_torgb'
Wed Jul 23 15:31:26 2025: SYSTEM_DIAGRAM: closing session for UUID '80c4ffa5-2d82-4e4f-bcb4-45cd45886bba' with name 'v++_compile_torgb'
Wed Jul 23 15:31:26 2025: STOP_SERVER received, server token: d8cb525b-5cc6-49a9-919d-3f0e1d1ec06a, passed token: d8cb525b-5cc6-49a9-919d-3f0e1d1ec06a
Wed Jul 23 15:31:26 2025: Socket received request to stop server.
Wed Jul 23 15:31:26 2025: Dispatch Server: do_await_stop
Wed Jul 23 15:31:26 2025: Dispatch Server: stopping mainFifo_
Wed Jul 23 15:31:26 2025: XCD main fifo: Stopping
Wed Jul 23 15:31:26 2025: XCD main fifo: do_read error code: Operation canceled
Wed Jul 23 15:31:26 2025: XCD main fifo: bytes_transferred: 0
Wed Jul 23 15:31:26 2025: SERVER: destructor for server bound to port 33443
Wed Jul 23 15:31:26 2025: XCD main fifo: Good unlink of /tmp/xcdmaind8cb525b-5cc6-49a9-919d-3f0e1d1ec06a
Wed Jul 23 15:31:26 2025: Server exiting with status 0.
Wed Jul 23 15:31:26 2025: Closing log file.
Wed Jul 23 15:31:59 2025: Running xcd server. This server was built by gradle.
Wed Jul 23 15:31:59 2025: Server was asked to start on port: '33319'
Wed Jul 23 15:31:59 2025: Server is using token UUID: '78311d89-c006-453b-beba-0f9122642dd7'
Wed Jul 23 15:31:59 2025: SESSION_MGR: creating session with session uuid: '6d04a3e9-ade5-4ab9-8d63-1f78fcd2ec76' and name 'default'
Wed Jul 23 15:31:59 2025: Attempting to start server on port '33319'
Wed Jul 23 15:31:59 2025: XCD main fifo: created main fifo '/tmp/xcdmain78311d89-c006-453b-beba-0f9122642dd7', fd read = 13
Wed Jul 23 15:31:59 2025: Running Dispatch Server
Wed Jul 23 15:31:59 2025: Version 2.2.0
Wed Jul 23 15:32:01 2025: Dispatch Server: Accepted socket connection from client
Wed Jul 23 15:32:01 2025: Starting Socket connection
Wed Jul 23 15:32:01 2025: EXCHANGE_TOKEN received, server token: 78311d89-c006-453b-beba-0f9122642dd7, passed token: 78311d89-c006-453b-beba-0f9122642dd7
Wed Jul 23 15:32:01 2025: DISPATCH_HANDLER: Adding handler from function makeHandler in library libxv_system_diagram
Wed Jul 23 15:32:01 2025: SESSION_MGR: creating session with session uuid: '565139ed-4272-4b9a-b01e-dd511a80ebe0' and name 'vitis-run_compile_torgb'
Wed Jul 23 15:32:01 2025: KERNEL_SVC: creating session with uuid: '565139ed-4272-4b9a-b01e-dd511a80ebe0' and name 'vitis-run_compile_torgb'
Wed Jul 23 15:32:01 2025: GUIDANCE_SMGR: creating guidance session with uuid: '565139ed-4272-4b9a-b01e-dd511a80ebe0' and name 'vitis-run_compile_torgb'
Wed Jul 23 15:32:01 2025: SYSTEM_DIAGRAM: creating session with uuid: '565139ed-4272-4b9a-b01e-dd511a80ebe0' and name 'vitis-run_compile_torgb'
Wed Jul 23 15:32:04 2025: Dispatch Server: Accepted socket connection from client
Wed Jul 23 15:32:04 2025: Starting Socket connection
Wed Jul 23 15:32:19 2025: SESSION_MGR: closing session for UUID '565139ed-4272-4b9a-b01e-dd511a80ebe0' with name 'vitis-run_compile_torgb'
Wed Jul 23 15:32:19 2025: KERNEL_SVC: closing session for UUID '565139ed-4272-4b9a-b01e-dd511a80ebe0' with name 'vitis-run_compile_torgb'
Wed Jul 23 15:32:19 2025: GUIDANCE_SMGR: closing session for UUID '565139ed-4272-4b9a-b01e-dd511a80ebe0' with name 'vitis-run_compile_torgb'
Wed Jul 23 15:32:19 2025: SYSTEM_DIAGRAM: closing session for UUID '565139ed-4272-4b9a-b01e-dd511a80ebe0' with name 'vitis-run_compile_torgb'
Wed Jul 23 15:32:19 2025: STOP_SERVER received, server token: 78311d89-c006-453b-beba-0f9122642dd7, passed token: 78311d89-c006-453b-beba-0f9122642dd7
Wed Jul 23 15:32:19 2025: Socket received request to stop server.
Wed Jul 23 15:32:19 2025: Dispatch Server: do_await_stop
Wed Jul 23 15:32:19 2025: Dispatch Server: stopping mainFifo_
Wed Jul 23 15:32:19 2025: XCD main fifo: Stopping
Wed Jul 23 15:32:19 2025: XCD main fifo: do_read error code: Operation canceled
Wed Jul 23 15:32:19 2025: XCD main fifo: bytes_transferred: 0
Wed Jul 23 15:32:19 2025: SERVER: destructor for server bound to port 33319
Wed Jul 23 15:32:19 2025: XCD main fifo: Good unlink of /tmp/xcdmain78311d89-c006-453b-beba-0f9122642dd7
Wed Jul 23 15:32:19 2025: Server exiting with status 0.
Wed Jul 23 15:32:19 2025: Closing log file.
Wed Jul 23 17:03:26 2025: Running xcd server. This server was built by gradle.
Wed Jul 23 17:03:26 2025: Server was asked to start on port: '32849'
Wed Jul 23 17:03:26 2025: Server is using token UUID: 'db8b0417-db2a-4d71-9858-f0657cf44ef6'
Wed Jul 23 17:03:26 2025: SESSION_MGR: creating session with session uuid: '6d04a3e9-ade5-4ab9-8d63-1f78fcd2ec76' and name 'default'
Wed Jul 23 17:03:26 2025: Attempting to start server on port '32849'
Wed Jul 23 17:03:26 2025: XCD main fifo: created main fifo '/tmp/xcdmaindb8b0417-db2a-4d71-9858-f0657cf44ef6', fd read = 13
Wed Jul 23 17:03:26 2025: Running Dispatch Server
Wed Jul 23 17:03:26 2025: Version 2.2.0
Wed Jul 23 17:03:27 2025: Dispatch Server: Accepted socket connection from client
Wed Jul 23 17:03:27 2025: Starting Socket connection
Wed Jul 23 17:03:27 2025: EXCHANGE_TOKEN received, server token: db8b0417-db2a-4d71-9858-f0657cf44ef6, passed token: db8b0417-db2a-4d71-9858-f0657cf44ef6
Wed Jul 23 17:03:28 2025: DISPATCH_HANDLER: Adding handler from function makeHandler in library libxv_system_diagram
Wed Jul 23 17:03:28 2025: SESSION_MGR: creating session with session uuid: 'ec67eb1b-ddc5-4cbe-b7c3-31d6f3e5fb67' and name 'v++_compile_torgb'
Wed Jul 23 17:03:28 2025: KERNEL_SVC: creating session with uuid: 'ec67eb1b-ddc5-4cbe-b7c3-31d6f3e5fb67' and name 'v++_compile_torgb'
Wed Jul 23 17:03:28 2025: GUIDANCE_SMGR: creating guidance session with uuid: 'ec67eb1b-ddc5-4cbe-b7c3-31d6f3e5fb67' and name 'v++_compile_torgb'
Wed Jul 23 17:03:28 2025: SYSTEM_DIAGRAM: creating session with uuid: 'ec67eb1b-ddc5-4cbe-b7c3-31d6f3e5fb67' and name 'v++_compile_torgb'
Wed Jul 23 17:03:30 2025: Dispatch Server: Accepted socket connection from client
Wed Jul 23 17:03:30 2025: Starting Socket connection
Wed Jul 23 17:03:39 2025: SESSION_MGR: closing session for UUID 'ec67eb1b-ddc5-4cbe-b7c3-31d6f3e5fb67' with name 'v++_compile_torgb'
Wed Jul 23 17:03:39 2025: KERNEL_SVC: closing session for UUID 'ec67eb1b-ddc5-4cbe-b7c3-31d6f3e5fb67' with name 'v++_compile_torgb'
Wed Jul 23 17:03:39 2025: GUIDANCE_SMGR: closing session for UUID 'ec67eb1b-ddc5-4cbe-b7c3-31d6f3e5fb67' with name 'v++_compile_torgb'
Wed Jul 23 17:03:39 2025: SYSTEM_DIAGRAM: closing session for UUID 'ec67eb1b-ddc5-4cbe-b7c3-31d6f3e5fb67' with name 'v++_compile_torgb'
Wed Jul 23 17:03:39 2025: STOP_SERVER received, server token: db8b0417-db2a-4d71-9858-f0657cf44ef6, passed token: db8b0417-db2a-4d71-9858-f0657cf44ef6
Wed Jul 23 17:03:39 2025: Socket received request to stop server.
Wed Jul 23 17:03:39 2025: Dispatch Server: do_await_stop
Wed Jul 23 17:03:39 2025: Dispatch Server: stopping mainFifo_
Wed Jul 23 17:03:39 2025: XCD main fifo: Stopping
Wed Jul 23 17:03:39 2025: XCD main fifo: do_read error code: Operation canceled
Wed Jul 23 17:03:39 2025: XCD main fifo: bytes_transferred: 0
Wed Jul 23 17:03:39 2025: SERVER: destructor for server bound to port 32849
Wed Jul 23 17:03:39 2025: XCD main fifo: Good unlink of /tmp/xcdmaindb8b0417-db2a-4d71-9858-f0657cf44ef6
Wed Jul 23 17:03:39 2025: Server exiting with status 0.
Wed Jul 23 17:03:39 2025: Closing log file.
Wed Jul 23 17:08:42 2025: Running xcd server. This server was built by gradle.
Wed Jul 23 17:08:42 2025: Server was asked to start on port: '43399'
Wed Jul 23 17:08:42 2025: Server is using token UUID: 'cf9349f4-e445-4756-8ebe-626116ea2218'
Wed Jul 23 17:08:42 2025: SESSION_MGR: creating session with session uuid: '6d04a3e9-ade5-4ab9-8d63-1f78fcd2ec76' and name 'default'
Wed Jul 23 17:08:42 2025: Attempting to start server on port '43399'
Wed Jul 23 17:08:42 2025: XCD main fifo: created main fifo '/tmp/xcdmaincf9349f4-e445-4756-8ebe-626116ea2218', fd read = 13
Wed Jul 23 17:08:42 2025: Running Dispatch Server
Wed Jul 23 17:08:42 2025: Version 2.2.0
Wed Jul 23 17:08:44 2025: Dispatch Server: Accepted socket connection from client
Wed Jul 23 17:08:44 2025: Starting Socket connection
Wed Jul 23 17:08:44 2025: EXCHANGE_TOKEN received, server token: cf9349f4-e445-4756-8ebe-626116ea2218, passed token: cf9349f4-e445-4756-8ebe-626116ea2218
Wed Jul 23 17:08:44 2025: DISPATCH_HANDLER: Adding handler from function makeHandler in library libxv_system_diagram
Wed Jul 23 17:08:44 2025: SESSION_MGR: creating session with session uuid: '26c4cb97-c1b3-477f-9c80-586708d01248' and name 'vitis-run_compile_torgb'
Wed Jul 23 17:08:44 2025: KERNEL_SVC: creating session with uuid: '26c4cb97-c1b3-477f-9c80-586708d01248' and name 'vitis-run_compile_torgb'
Wed Jul 23 17:08:44 2025: GUIDANCE_SMGR: creating guidance session with uuid: '26c4cb97-c1b3-477f-9c80-586708d01248' and name 'vitis-run_compile_torgb'
Wed Jul 23 17:08:44 2025: SYSTEM_DIAGRAM: creating session with uuid: '26c4cb97-c1b3-477f-9c80-586708d01248' and name 'vitis-run_compile_torgb'
Wed Jul 23 17:08:47 2025: Dispatch Server: Accepted socket connection from client
Wed Jul 23 17:08:47 2025: Starting Socket connection
Wed Jul 23 17:09:02 2025: SESSION_MGR: closing session for UUID '26c4cb97-c1b3-477f-9c80-586708d01248' with name 'vitis-run_compile_torgb'
Wed Jul 23 17:09:02 2025: KERNEL_SVC: closing session for UUID '26c4cb97-c1b3-477f-9c80-586708d01248' with name 'vitis-run_compile_torgb'
Wed Jul 23 17:09:02 2025: GUIDANCE_SMGR: closing session for UUID '26c4cb97-c1b3-477f-9c80-586708d01248' with name 'vitis-run_compile_torgb'
Wed Jul 23 17:09:02 2025: SYSTEM_DIAGRAM: closing session for UUID '26c4cb97-c1b3-477f-9c80-586708d01248' with name 'vitis-run_compile_torgb'
Wed Jul 23 17:09:02 2025: STOP_SERVER received, server token: cf9349f4-e445-4756-8ebe-626116ea2218, passed token: cf9349f4-e445-4756-8ebe-626116ea2218
Wed Jul 23 17:09:02 2025: Socket received request to stop server.
Wed Jul 23 17:09:02 2025: Dispatch Server: do_await_stop
Wed Jul 23 17:09:02 2025: Dispatch Server: stopping mainFifo_
Wed Jul 23 17:09:02 2025: XCD main fifo: Stopping
Wed Jul 23 17:09:02 2025: XCD main fifo: do_read error code: Operation canceled
Wed Jul 23 17:09:02 2025: XCD main fifo: bytes_transferred: 0
Wed Jul 23 17:09:02 2025: SERVER: destructor for server bound to port 43399
Wed Jul 23 17:09:02 2025: XCD main fifo: Good unlink of /tmp/xcdmaincf9349f4-e445-4756-8ebe-626116ea2218
Wed Jul 23 17:09:02 2025: Server exiting with status 0.
Wed Jul 23 17:09:02 2025: Closing log file.
