

================================================================
== Vivado HLS Report for 'clone_stream_array_ap_fixed_8u_array_ap_fixed_16_6_5_3_0_8u_2048_s'
================================================================
* Date:           Fri Jun 27 09:42:52 2025

* Version:        2020.1 (Build 2897737 on Wed May 27 20:21:37 MDT 2020)
* Project:        myproject_prj
* Solution:       solution1
* Product family: zynq
* Target device:  xc7z020-clg400-1


================================================================
== Performance Estimates
================================================================
+ Timing: 
    * Summary: 
    +--------+---------+----------+------------+
    |  Clock |  Target | Estimated| Uncertainty|
    +--------+---------+----------+------------+
    |ap_clk  | 5.00 ns | 4.375 ns |   0.62 ns  |
    +--------+---------+----------+------------+

+ Latency: 
    * Summary: 
    +---------+---------+----------+----------+-----+-----+---------+
    |  Latency (cycles) |  Latency (absolute) |  Interval | Pipeline|
    |   min   |   max   |    min   |    max   | min | max |   Type  |
    +---------+---------+----------+----------+-----+-----+---------+
    |      258|      258| 1.290 us | 1.290 us |  258|  258|   none  |
    +---------+---------+----------+----------+-----+-----+---------+

    + Detail: 
        * Instance: 
        N/A

        * Loop: 
        +-------------+---------+---------+----------+-----------+-----------+------+----------+
        |             |  Latency (cycles) | Iteration|  Initiation Interval  | Trip |          |
        |  Loop Name  |   min   |   max   |  Latency |  achieved |   target  | Count| Pipelined|
        +-------------+---------+---------+----------+-----------+-----------+------+----------+
        |- CloneLoop  |      256|      256|         2|          1|          1|   256|    yes   |
        +-------------+---------+---------+----------+-----------+-----------+------+----------+



================================================================
== Utilization Estimates
================================================================
* Summary: 
+-----------------+---------+-------+--------+-------+-----+
|       Name      | BRAM_18K| DSP48E|   FF   |  LUT  | URAM|
+-----------------+---------+-------+--------+-------+-----+
|DSP              |        -|      -|       -|      -|    -|
|Expression       |        -|      -|       0|     44|    -|
|FIFO             |        -|      -|       -|      -|    -|
|Instance         |        -|      -|       -|      -|    -|
|Memory           |        -|      -|       -|      -|    -|
|Multiplexer      |        -|      -|       -|    279|    -|
|Register         |        -|      -|      17|      -|    -|
+-----------------+---------+-------+--------+-------+-----+
|Total            |        0|      0|      17|    323|    0|
+-----------------+---------+-------+--------+-------+-----+
|Available        |      280|    220|  106400|  53200|    0|
+-----------------+---------+-------+--------+-------+-----+
|Utilization (%)  |        0|      0|   ~0   |   ~0  |    0|
+-----------------+---------+-------+--------+-------+-----+

+ Detail: 
    * Instance: 
    N/A

    * DSP48E: 
    N/A

    * Memory: 
    N/A

    * FIFO: 
    N/A

    * Expression: 
    +----------------------------------+----------+-------+---+----+------------+------------+
    |           Variable Name          | Operation| DSP48E| FF| LUT| Bitwidth P0| Bitwidth P1|
    +----------------------------------+----------+-------+---+----+------------+------------+
    |i_fu_183_p2                       |     +    |      0|  0|  15|           9|           1|
    |ap_block_pp0_stage0_01001         |    and   |      0|  0|   2|           1|           1|
    |io_acc_block_signal_op38          |    and   |      0|  0|   2|           1|           1|
    |io_acc_block_signal_op47          |    and   |      0|  0|   2|           1|           1|
    |io_acc_block_signal_op48          |    and   |      0|  0|   2|           1|           1|
    |icmp_ln22_fu_177_p2               |   icmp   |      0|  0|  13|           9|          10|
    |ap_block_state1                   |    or    |      0|  0|   2|           1|           1|
    |ap_block_state3_pp0_stage0_iter1  |    or    |      0|  0|   2|           1|           1|
    |ap_enable_pp0                     |    xor   |      0|  0|   2|           1|           2|
    |ap_enable_reg_pp0_iter1           |    xor   |      0|  0|   2|           2|           1|
    +----------------------------------+----------+-------+---+----+------------+------------+
    |Total                             |          |      0|  0|  44|          27|          20|
    +----------------------------------+----------+-------+---+----+------------+------------+

    * Multiplexer: 
    +-------------------------+----+-----------+-----+-----------+
    |           Name          | LUT| Input Size| Bits| Total Bits|
    +-------------------------+----+-----------+-----+-----------+
    |ap_NS_fsm                |  21|          4|    1|          4|
    |ap_done                  |   9|          2|    1|          2|
    |ap_enable_reg_pp0_iter1  |  15|          3|    1|          3|
    |data_V_data_0_V_blk_n    |   9|          2|    1|          2|
    |data_V_data_1_V_blk_n    |   9|          2|    1|          2|
    |data_V_data_2_V_blk_n    |   9|          2|    1|          2|
    |data_V_data_3_V_blk_n    |   9|          2|    1|          2|
    |data_V_data_4_V_blk_n    |   9|          2|    1|          2|
    |data_V_data_5_V_blk_n    |   9|          2|    1|          2|
    |data_V_data_6_V_blk_n    |   9|          2|    1|          2|
    |data_V_data_7_V_blk_n    |   9|          2|    1|          2|
    |i_0_reg_166              |   9|          2|    9|         18|
    |real_start               |   9|          2|    1|          2|
    |res1_V_data_0_V_blk_n    |   9|          2|    1|          2|
    |res1_V_data_1_V_blk_n    |   9|          2|    1|          2|
    |res1_V_data_2_V_blk_n    |   9|          2|    1|          2|
    |res1_V_data_3_V_blk_n    |   9|          2|    1|          2|
    |res1_V_data_4_V_blk_n    |   9|          2|    1|          2|
    |res1_V_data_5_V_blk_n    |   9|          2|    1|          2|
    |res1_V_data_6_V_blk_n    |   9|          2|    1|          2|
    |res1_V_data_7_V_blk_n    |   9|          2|    1|          2|
    |res2_V_data_0_V_blk_n    |   9|          2|    1|          2|
    |res2_V_data_1_V_blk_n    |   9|          2|    1|          2|
    |res2_V_data_2_V_blk_n    |   9|          2|    1|          2|
    |res2_V_data_3_V_blk_n    |   9|          2|    1|          2|
    |res2_V_data_4_V_blk_n    |   9|          2|    1|          2|
    |res2_V_data_5_V_blk_n    |   9|          2|    1|          2|
    |res2_V_data_6_V_blk_n    |   9|          2|    1|          2|
    |res2_V_data_7_V_blk_n    |   9|          2|    1|          2|
    +-------------------------+----+-----------+-----+-----------+
    |Total                    | 279|         61|   37|         77|
    +-------------------------+----+-----------+-----+-----------+

    * Register: 
    +-------------------------+---+----+-----+-----------+
    |           Name          | FF| LUT| Bits| Const Bits|
    +-------------------------+---+----+-----+-----------+
    |ap_CS_fsm                |  3|   0|    3|          0|
    |ap_done_reg              |  1|   0|    1|          0|
    |ap_enable_reg_pp0_iter0  |  1|   0|    1|          0|
    |ap_enable_reg_pp0_iter1  |  1|   0|    1|          0|
    |i_0_reg_166              |  9|   0|    9|          0|
    |icmp_ln22_reg_237        |  1|   0|    1|          0|
    |start_once_reg           |  1|   0|    1|          0|
    +-------------------------+---+----+-----+-----------+
    |Total                    | 17|   0|   17|          0|
    +-------------------------+---+----+-----+-----------+



================================================================
== Interface
================================================================
* Summary: 
+-------------------------+-----+-----+------------+----------------------------------------------------------------------+--------------+
|        RTL Ports        | Dir | Bits|  Protocol  |                             Source Object                            |    C Type    |
+-------------------------+-----+-----+------------+----------------------------------------------------------------------+--------------+
|ap_clk                   |  in |    1| ap_ctrl_hs | clone_stream<array<ap_fixed,8u>,array<ap_fixed<16,6,5,3,0>,8u>,2048> | return value |
|ap_rst                   |  in |    1| ap_ctrl_hs | clone_stream<array<ap_fixed,8u>,array<ap_fixed<16,6,5,3,0>,8u>,2048> | return value |
|ap_start                 |  in |    1| ap_ctrl_hs | clone_stream<array<ap_fixed,8u>,array<ap_fixed<16,6,5,3,0>,8u>,2048> | return value |
|start_full_n             |  in |    1| ap_ctrl_hs | clone_stream<array<ap_fixed,8u>,array<ap_fixed<16,6,5,3,0>,8u>,2048> | return value |
|ap_done                  | out |    1| ap_ctrl_hs | clone_stream<array<ap_fixed,8u>,array<ap_fixed<16,6,5,3,0>,8u>,2048> | return value |
|ap_continue              |  in |    1| ap_ctrl_hs | clone_stream<array<ap_fixed,8u>,array<ap_fixed<16,6,5,3,0>,8u>,2048> | return value |
|ap_idle                  | out |    1| ap_ctrl_hs | clone_stream<array<ap_fixed,8u>,array<ap_fixed<16,6,5,3,0>,8u>,2048> | return value |
|ap_ready                 | out |    1| ap_ctrl_hs | clone_stream<array<ap_fixed,8u>,array<ap_fixed<16,6,5,3,0>,8u>,2048> | return value |
|start_out                | out |    1| ap_ctrl_hs | clone_stream<array<ap_fixed,8u>,array<ap_fixed<16,6,5,3,0>,8u>,2048> | return value |
|start_write              | out |    1| ap_ctrl_hs | clone_stream<array<ap_fixed,8u>,array<ap_fixed<16,6,5,3,0>,8u>,2048> | return value |
|data_V_data_0_V_dout     |  in |   16|   ap_fifo  |                            data_V_data_0_V                           |    pointer   |
|data_V_data_0_V_empty_n  |  in |    1|   ap_fifo  |                            data_V_data_0_V                           |    pointer   |
|data_V_data_0_V_read     | out |    1|   ap_fifo  |                            data_V_data_0_V                           |    pointer   |
|data_V_data_1_V_dout     |  in |   16|   ap_fifo  |                            data_V_data_1_V                           |    pointer   |
|data_V_data_1_V_empty_n  |  in |    1|   ap_fifo  |                            data_V_data_1_V                           |    pointer   |
|data_V_data_1_V_read     | out |    1|   ap_fifo  |                            data_V_data_1_V                           |    pointer   |
|data_V_data_2_V_dout     |  in |   16|   ap_fifo  |                            data_V_data_2_V                           |    pointer   |
|data_V_data_2_V_empty_n  |  in |    1|   ap_fifo  |                            data_V_data_2_V                           |    pointer   |
|data_V_data_2_V_read     | out |    1|   ap_fifo  |                            data_V_data_2_V                           |    pointer   |
|data_V_data_3_V_dout     |  in |   16|   ap_fifo  |                            data_V_data_3_V                           |    pointer   |
|data_V_data_3_V_empty_n  |  in |    1|   ap_fifo  |                            data_V_data_3_V                           |    pointer   |
|data_V_data_3_V_read     | out |    1|   ap_fifo  |                            data_V_data_3_V                           |    pointer   |
|data_V_data_4_V_dout     |  in |   16|   ap_fifo  |                            data_V_data_4_V                           |    pointer   |
|data_V_data_4_V_empty_n  |  in |    1|   ap_fifo  |                            data_V_data_4_V                           |    pointer   |
|data_V_data_4_V_read     | out |    1|   ap_fifo  |                            data_V_data_4_V                           |    pointer   |
|data_V_data_5_V_dout     |  in |   16|   ap_fifo  |                            data_V_data_5_V                           |    pointer   |
|data_V_data_5_V_empty_n  |  in |    1|   ap_fifo  |                            data_V_data_5_V                           |    pointer   |
|data_V_data_5_V_read     | out |    1|   ap_fifo  |                            data_V_data_5_V                           |    pointer   |
|data_V_data_6_V_dout     |  in |   16|   ap_fifo  |                            data_V_data_6_V                           |    pointer   |
|data_V_data_6_V_empty_n  |  in |    1|   ap_fifo  |                            data_V_data_6_V                           |    pointer   |
|data_V_data_6_V_read     | out |    1|   ap_fifo  |                            data_V_data_6_V                           |    pointer   |
|data_V_data_7_V_dout     |  in |   16|   ap_fifo  |                            data_V_data_7_V                           |    pointer   |
|data_V_data_7_V_empty_n  |  in |    1|   ap_fifo  |                            data_V_data_7_V                           |    pointer   |
|data_V_data_7_V_read     | out |    1|   ap_fifo  |                            data_V_data_7_V                           |    pointer   |
|res1_V_data_0_V_din      | out |   16|   ap_fifo  |                            res1_V_data_0_V                           |    pointer   |
|res1_V_data_0_V_full_n   |  in |    1|   ap_fifo  |                            res1_V_data_0_V                           |    pointer   |
|res1_V_data_0_V_write    | out |    1|   ap_fifo  |                            res1_V_data_0_V                           |    pointer   |
|res1_V_data_1_V_din      | out |   16|   ap_fifo  |                            res1_V_data_1_V                           |    pointer   |
|res1_V_data_1_V_full_n   |  in |    1|   ap_fifo  |                            res1_V_data_1_V                           |    pointer   |
|res1_V_data_1_V_write    | out |    1|   ap_fifo  |                            res1_V_data_1_V                           |    pointer   |
|res1_V_data_2_V_din      | out |   16|   ap_fifo  |                            res1_V_data_2_V                           |    pointer   |
|res1_V_data_2_V_full_n   |  in |    1|   ap_fifo  |                            res1_V_data_2_V                           |    pointer   |
|res1_V_data_2_V_write    | out |    1|   ap_fifo  |                            res1_V_data_2_V                           |    pointer   |
|res1_V_data_3_V_din      | out |   16|   ap_fifo  |                            res1_V_data_3_V                           |    pointer   |
|res1_V_data_3_V_full_n   |  in |    1|   ap_fifo  |                            res1_V_data_3_V                           |    pointer   |
|res1_V_data_3_V_write    | out |    1|   ap_fifo  |                            res1_V_data_3_V                           |    pointer   |
|res1_V_data_4_V_din      | out |   16|   ap_fifo  |                            res1_V_data_4_V                           |    pointer   |
|res1_V_data_4_V_full_n   |  in |    1|   ap_fifo  |                            res1_V_data_4_V                           |    pointer   |
|res1_V_data_4_V_write    | out |    1|   ap_fifo  |                            res1_V_data_4_V                           |    pointer   |
|res1_V_data_5_V_din      | out |   16|   ap_fifo  |                            res1_V_data_5_V                           |    pointer   |
|res1_V_data_5_V_full_n   |  in |    1|   ap_fifo  |                            res1_V_data_5_V                           |    pointer   |
|res1_V_data_5_V_write    | out |    1|   ap_fifo  |                            res1_V_data_5_V                           |    pointer   |
|res1_V_data_6_V_din      | out |   16|   ap_fifo  |                            res1_V_data_6_V                           |    pointer   |
|res1_V_data_6_V_full_n   |  in |    1|   ap_fifo  |                            res1_V_data_6_V                           |    pointer   |
|res1_V_data_6_V_write    | out |    1|   ap_fifo  |                            res1_V_data_6_V                           |    pointer   |
|res1_V_data_7_V_din      | out |   16|   ap_fifo  |                            res1_V_data_7_V                           |    pointer   |
|res1_V_data_7_V_full_n   |  in |    1|   ap_fifo  |                            res1_V_data_7_V                           |    pointer   |
|res1_V_data_7_V_write    | out |    1|   ap_fifo  |                            res1_V_data_7_V                           |    pointer   |
|res2_V_data_0_V_din      | out |   16|   ap_fifo  |                            res2_V_data_0_V                           |    pointer   |
|res2_V_data_0_V_full_n   |  in |    1|   ap_fifo  |                            res2_V_data_0_V                           |    pointer   |
|res2_V_data_0_V_write    | out |    1|   ap_fifo  |                            res2_V_data_0_V                           |    pointer   |
|res2_V_data_1_V_din      | out |   16|   ap_fifo  |                            res2_V_data_1_V                           |    pointer   |
|res2_V_data_1_V_full_n   |  in |    1|   ap_fifo  |                            res2_V_data_1_V                           |    pointer   |
|res2_V_data_1_V_write    | out |    1|   ap_fifo  |                            res2_V_data_1_V                           |    pointer   |
|res2_V_data_2_V_din      | out |   16|   ap_fifo  |                            res2_V_data_2_V                           |    pointer   |
|res2_V_data_2_V_full_n   |  in |    1|   ap_fifo  |                            res2_V_data_2_V                           |    pointer   |
|res2_V_data_2_V_write    | out |    1|   ap_fifo  |                            res2_V_data_2_V                           |    pointer   |
|res2_V_data_3_V_din      | out |   16|   ap_fifo  |                            res2_V_data_3_V                           |    pointer   |
|res2_V_data_3_V_full_n   |  in |    1|   ap_fifo  |                            res2_V_data_3_V                           |    pointer   |
|res2_V_data_3_V_write    | out |    1|   ap_fifo  |                            res2_V_data_3_V                           |    pointer   |
|res2_V_data_4_V_din      | out |   16|   ap_fifo  |                            res2_V_data_4_V                           |    pointer   |
|res2_V_data_4_V_full_n   |  in |    1|   ap_fifo  |                            res2_V_data_4_V                           |    pointer   |
|res2_V_data_4_V_write    | out |    1|   ap_fifo  |                            res2_V_data_4_V                           |    pointer   |
|res2_V_data_5_V_din      | out |   16|   ap_fifo  |                            res2_V_data_5_V                           |    pointer   |
|res2_V_data_5_V_full_n   |  in |    1|   ap_fifo  |                            res2_V_data_5_V                           |    pointer   |
|res2_V_data_5_V_write    | out |    1|   ap_fifo  |                            res2_V_data_5_V                           |    pointer   |
|res2_V_data_6_V_din      | out |   16|   ap_fifo  |                            res2_V_data_6_V                           |    pointer   |
|res2_V_data_6_V_full_n   |  in |    1|   ap_fifo  |                            res2_V_data_6_V                           |    pointer   |
|res2_V_data_6_V_write    | out |    1|   ap_fifo  |                            res2_V_data_6_V                           |    pointer   |
|res2_V_data_7_V_din      | out |   16|   ap_fifo  |                            res2_V_data_7_V                           |    pointer   |
|res2_V_data_7_V_full_n   |  in |    1|   ap_fifo  |                            res2_V_data_7_V                           |    pointer   |
|res2_V_data_7_V_write    | out |    1|   ap_fifo  |                            res2_V_data_7_V                           |    pointer   |
+-------------------------+-----+-----+------------+----------------------------------------------------------------------+--------------+

============================================================
+ Verbose Summary: Synthesis Manager
============================================================
InlineROM: 1
ExposeGlobal: 0
============================================================
+ Verbose Summary: CDFG Model
============================================================
IsTopModel: 0
ResetActiveHigh: 1
IsCombinational: 2
IsDatapathOnly: 0
HasWiredReturn: 1
HasMFsm: 0
HasVarLatency: 1
IsPipeline: 0
IsRtlPipelined: 0
IsInstanceOverlapped: 0
IsDontTouch: 0
HasImplIP: 0
IsGatedGlobalClock: 0

+ Individual pipeline summary: 
  * Pipeline-0: initiation interval (II) = 1, depth = 2


============================================================
+ Verbose Summary: Schedule
============================================================
* Number of FSM states : 4
* Pipeline : 1
  Pipeline-0 : II = 1, D = 2, States = { 2 3 }
* Dataflow Pipeline: 0

* FSM state transitions: 
1 --> 2 
2 --> 4 3 
3 --> 2 
4 --> 

* FSM state operations: 

State 1 <SV = 0> <Delay = 1.76>
ST_1 : Operation 5 [1/1] (0.00ns)   --->   "call void (...)* @_ssdm_op_SpecInterface(i16* %res2_V_data_7_V, [8 x i8]* @ap_fifo_str, i32 0, i32 0, [1 x i8]* @p_str, i32 0, i32 0, [1 x i8]* @p_str, [1 x i8]* @p_str, [1 x i8]* @p_str, i32 2, i32 2, i32 16, i32 16, [1 x i8]* @p_str, [1 x i8]* @p_str)"   --->   Operation 5 'specinterface' <Predicate = true> <Delay = 0.00>
ST_1 : Operation 6 [1/1] (0.00ns)   --->   "call void (...)* @_ssdm_op_SpecInterface(i16* %res2_V_data_6_V, [8 x i8]* @ap_fifo_str, i32 0, i32 0, [1 x i8]* @p_str, i32 0, i32 0, [1 x i8]* @p_str, [1 x i8]* @p_str, [1 x i8]* @p_str, i32 2, i32 2, i32 16, i32 16, [1 x i8]* @p_str, [1 x i8]* @p_str)"   --->   Operation 6 'specinterface' <Predicate = true> <Delay = 0.00>
ST_1 : Operation 7 [1/1] (0.00ns)   --->   "call void (...)* @_ssdm_op_SpecInterface(i16* %res2_V_data_5_V, [8 x i8]* @ap_fifo_str, i32 0, i32 0, [1 x i8]* @p_str, i32 0, i32 0, [1 x i8]* @p_str, [1 x i8]* @p_str, [1 x i8]* @p_str, i32 2, i32 2, i32 16, i32 16, [1 x i8]* @p_str, [1 x i8]* @p_str)"   --->   Operation 7 'specinterface' <Predicate = true> <Delay = 0.00>
ST_1 : Operation 8 [1/1] (0.00ns)   --->   "call void (...)* @_ssdm_op_SpecInterface(i16* %res2_V_data_4_V, [8 x i8]* @ap_fifo_str, i32 0, i32 0, [1 x i8]* @p_str, i32 0, i32 0, [1 x i8]* @p_str, [1 x i8]* @p_str, [1 x i8]* @p_str, i32 2, i32 2, i32 16, i32 16, [1 x i8]* @p_str, [1 x i8]* @p_str)"   --->   Operation 8 'specinterface' <Predicate = true> <Delay = 0.00>
ST_1 : Operation 9 [1/1] (0.00ns)   --->   "call void (...)* @_ssdm_op_SpecInterface(i16* %res2_V_data_3_V, [8 x i8]* @ap_fifo_str, i32 0, i32 0, [1 x i8]* @p_str, i32 0, i32 0, [1 x i8]* @p_str, [1 x i8]* @p_str, [1 x i8]* @p_str, i32 2, i32 2, i32 16, i32 16, [1 x i8]* @p_str, [1 x i8]* @p_str)"   --->   Operation 9 'specinterface' <Predicate = true> <Delay = 0.00>
ST_1 : Operation 10 [1/1] (0.00ns)   --->   "call void (...)* @_ssdm_op_SpecInterface(i16* %res2_V_data_2_V, [8 x i8]* @ap_fifo_str, i32 0, i32 0, [1 x i8]* @p_str, i32 0, i32 0, [1 x i8]* @p_str, [1 x i8]* @p_str, [1 x i8]* @p_str, i32 2, i32 2, i32 16, i32 16, [1 x i8]* @p_str, [1 x i8]* @p_str)"   --->   Operation 10 'specinterface' <Predicate = true> <Delay = 0.00>
ST_1 : Operation 11 [1/1] (0.00ns)   --->   "call void (...)* @_ssdm_op_SpecInterface(i16* %res2_V_data_1_V, [8 x i8]* @ap_fifo_str, i32 0, i32 0, [1 x i8]* @p_str, i32 0, i32 0, [1 x i8]* @p_str, [1 x i8]* @p_str, [1 x i8]* @p_str, i32 2, i32 2, i32 16, i32 16, [1 x i8]* @p_str, [1 x i8]* @p_str)"   --->   Operation 11 'specinterface' <Predicate = true> <Delay = 0.00>
ST_1 : Operation 12 [1/1] (0.00ns)   --->   "call void (...)* @_ssdm_op_SpecInterface(i16* %res2_V_data_0_V, [8 x i8]* @ap_fifo_str, i32 0, i32 0, [1 x i8]* @p_str, i32 0, i32 0, [1 x i8]* @p_str, [1 x i8]* @p_str, [1 x i8]* @p_str, i32 2, i32 2, i32 16, i32 16, [1 x i8]* @p_str, [1 x i8]* @p_str)"   --->   Operation 12 'specinterface' <Predicate = true> <Delay = 0.00>
ST_1 : Operation 13 [1/1] (0.00ns)   --->   "call void (...)* @_ssdm_op_SpecInterface(i16* %res1_V_data_7_V, [8 x i8]* @ap_fifo_str, i32 0, i32 0, [1 x i8]* @p_str, i32 0, i32 0, [1 x i8]* @p_str, [1 x i8]* @p_str, [1 x i8]* @p_str, i32 2, i32 2, i32 16, i32 16, [1 x i8]* @p_str, [1 x i8]* @p_str)"   --->   Operation 13 'specinterface' <Predicate = true> <Delay = 0.00>
ST_1 : Operation 14 [1/1] (0.00ns)   --->   "call void (...)* @_ssdm_op_SpecInterface(i16* %res1_V_data_6_V, [8 x i8]* @ap_fifo_str, i32 0, i32 0, [1 x i8]* @p_str, i32 0, i32 0, [1 x i8]* @p_str, [1 x i8]* @p_str, [1 x i8]* @p_str, i32 2, i32 2, i32 16, i32 16, [1 x i8]* @p_str, [1 x i8]* @p_str)"   --->   Operation 14 'specinterface' <Predicate = true> <Delay = 0.00>
ST_1 : Operation 15 [1/1] (0.00ns)   --->   "call void (...)* @_ssdm_op_SpecInterface(i16* %res1_V_data_5_V, [8 x i8]* @ap_fifo_str, i32 0, i32 0, [1 x i8]* @p_str, i32 0, i32 0, [1 x i8]* @p_str, [1 x i8]* @p_str, [1 x i8]* @p_str, i32 2, i32 2, i32 16, i32 16, [1 x i8]* @p_str, [1 x i8]* @p_str)"   --->   Operation 15 'specinterface' <Predicate = true> <Delay = 0.00>
ST_1 : Operation 16 [1/1] (0.00ns)   --->   "call void (...)* @_ssdm_op_SpecInterface(i16* %res1_V_data_4_V, [8 x i8]* @ap_fifo_str, i32 0, i32 0, [1 x i8]* @p_str, i32 0, i32 0, [1 x i8]* @p_str, [1 x i8]* @p_str, [1 x i8]* @p_str, i32 2, i32 2, i32 16, i32 16, [1 x i8]* @p_str, [1 x i8]* @p_str)"   --->   Operation 16 'specinterface' <Predicate = true> <Delay = 0.00>
ST_1 : Operation 17 [1/1] (0.00ns)   --->   "call void (...)* @_ssdm_op_SpecInterface(i16* %res1_V_data_3_V, [8 x i8]* @ap_fifo_str, i32 0, i32 0, [1 x i8]* @p_str, i32 0, i32 0, [1 x i8]* @p_str, [1 x i8]* @p_str, [1 x i8]* @p_str, i32 2, i32 2, i32 16, i32 16, [1 x i8]* @p_str, [1 x i8]* @p_str)"   --->   Operation 17 'specinterface' <Predicate = true> <Delay = 0.00>
ST_1 : Operation 18 [1/1] (0.00ns)   --->   "call void (...)* @_ssdm_op_SpecInterface(i16* %res1_V_data_2_V, [8 x i8]* @ap_fifo_str, i32 0, i32 0, [1 x i8]* @p_str, i32 0, i32 0, [1 x i8]* @p_str, [1 x i8]* @p_str, [1 x i8]* @p_str, i32 2, i32 2, i32 16, i32 16, [1 x i8]* @p_str, [1 x i8]* @p_str)"   --->   Operation 18 'specinterface' <Predicate = true> <Delay = 0.00>
ST_1 : Operation 19 [1/1] (0.00ns)   --->   "call void (...)* @_ssdm_op_SpecInterface(i16* %res1_V_data_1_V, [8 x i8]* @ap_fifo_str, i32 0, i32 0, [1 x i8]* @p_str, i32 0, i32 0, [1 x i8]* @p_str, [1 x i8]* @p_str, [1 x i8]* @p_str, i32 2, i32 2, i32 16, i32 16, [1 x i8]* @p_str, [1 x i8]* @p_str)"   --->   Operation 19 'specinterface' <Predicate = true> <Delay = 0.00>
ST_1 : Operation 20 [1/1] (0.00ns)   --->   "call void (...)* @_ssdm_op_SpecInterface(i16* %res1_V_data_0_V, [8 x i8]* @ap_fifo_str, i32 0, i32 0, [1 x i8]* @p_str, i32 0, i32 0, [1 x i8]* @p_str, [1 x i8]* @p_str, [1 x i8]* @p_str, i32 2, i32 2, i32 16, i32 16, [1 x i8]* @p_str, [1 x i8]* @p_str)"   --->   Operation 20 'specinterface' <Predicate = true> <Delay = 0.00>
ST_1 : Operation 21 [1/1] (0.00ns)   --->   "call void (...)* @_ssdm_op_SpecInterface(i16* %data_V_data_7_V, [8 x i8]* @ap_fifo_str, i32 0, i32 0, [1 x i8]* @p_str, i32 0, i32 0, [1 x i8]* @p_str, [1 x i8]* @p_str, [1 x i8]* @p_str, i32 2, i32 2, i32 16, i32 16, [1 x i8]* @p_str, [1 x i8]* @p_str)"   --->   Operation 21 'specinterface' <Predicate = true> <Delay = 0.00>
ST_1 : Operation 22 [1/1] (0.00ns)   --->   "call void (...)* @_ssdm_op_SpecInterface(i16* %data_V_data_6_V, [8 x i8]* @ap_fifo_str, i32 0, i32 0, [1 x i8]* @p_str, i32 0, i32 0, [1 x i8]* @p_str, [1 x i8]* @p_str, [1 x i8]* @p_str, i32 2, i32 2, i32 16, i32 16, [1 x i8]* @p_str, [1 x i8]* @p_str)"   --->   Operation 22 'specinterface' <Predicate = true> <Delay = 0.00>
ST_1 : Operation 23 [1/1] (0.00ns)   --->   "call void (...)* @_ssdm_op_SpecInterface(i16* %data_V_data_5_V, [8 x i8]* @ap_fifo_str, i32 0, i32 0, [1 x i8]* @p_str, i32 0, i32 0, [1 x i8]* @p_str, [1 x i8]* @p_str, [1 x i8]* @p_str, i32 2, i32 2, i32 16, i32 16, [1 x i8]* @p_str, [1 x i8]* @p_str)"   --->   Operation 23 'specinterface' <Predicate = true> <Delay = 0.00>
ST_1 : Operation 24 [1/1] (0.00ns)   --->   "call void (...)* @_ssdm_op_SpecInterface(i16* %data_V_data_4_V, [8 x i8]* @ap_fifo_str, i32 0, i32 0, [1 x i8]* @p_str, i32 0, i32 0, [1 x i8]* @p_str, [1 x i8]* @p_str, [1 x i8]* @p_str, i32 2, i32 2, i32 16, i32 16, [1 x i8]* @p_str, [1 x i8]* @p_str)"   --->   Operation 24 'specinterface' <Predicate = true> <Delay = 0.00>
ST_1 : Operation 25 [1/1] (0.00ns)   --->   "call void (...)* @_ssdm_op_SpecInterface(i16* %data_V_data_3_V, [8 x i8]* @ap_fifo_str, i32 0, i32 0, [1 x i8]* @p_str, i32 0, i32 0, [1 x i8]* @p_str, [1 x i8]* @p_str, [1 x i8]* @p_str, i32 2, i32 2, i32 16, i32 16, [1 x i8]* @p_str, [1 x i8]* @p_str)"   --->   Operation 25 'specinterface' <Predicate = true> <Delay = 0.00>
ST_1 : Operation 26 [1/1] (0.00ns)   --->   "call void (...)* @_ssdm_op_SpecInterface(i16* %data_V_data_2_V, [8 x i8]* @ap_fifo_str, i32 0, i32 0, [1 x i8]* @p_str, i32 0, i32 0, [1 x i8]* @p_str, [1 x i8]* @p_str, [1 x i8]* @p_str, i32 2, i32 2, i32 16, i32 16, [1 x i8]* @p_str, [1 x i8]* @p_str)"   --->   Operation 26 'specinterface' <Predicate = true> <Delay = 0.00>
ST_1 : Operation 27 [1/1] (0.00ns)   --->   "call void (...)* @_ssdm_op_SpecInterface(i16* %data_V_data_1_V, [8 x i8]* @ap_fifo_str, i32 0, i32 0, [1 x i8]* @p_str, i32 0, i32 0, [1 x i8]* @p_str, [1 x i8]* @p_str, [1 x i8]* @p_str, i32 2, i32 2, i32 16, i32 16, [1 x i8]* @p_str, [1 x i8]* @p_str)"   --->   Operation 27 'specinterface' <Predicate = true> <Delay = 0.00>
ST_1 : Operation 28 [1/1] (0.00ns)   --->   "call void (...)* @_ssdm_op_SpecInterface(i16* %data_V_data_0_V, [8 x i8]* @ap_fifo_str, i32 0, i32 0, [1 x i8]* @p_str, i32 0, i32 0, [1 x i8]* @p_str, [1 x i8]* @p_str, [1 x i8]* @p_str, i32 2, i32 2, i32 16, i32 16, [1 x i8]* @p_str, [1 x i8]* @p_str)"   --->   Operation 28 'specinterface' <Predicate = true> <Delay = 0.00>
ST_1 : Operation 29 [1/1] (1.76ns)   --->   "br label %1" [firmware/nnet_utils/nnet_stream.h:22]   --->   Operation 29 'br' <Predicate = true> <Delay = 1.76>

State 2 <SV = 1> <Delay = 1.82>
ST_2 : Operation 30 [1/1] (0.00ns)   --->   "%i_0 = phi i9 [ 0, %0 ], [ %i, %CloneLoop ]"   --->   Operation 30 'phi' 'i_0' <Predicate = true> <Delay = 0.00>
ST_2 : Operation 31 [1/1] (1.66ns)   --->   "%icmp_ln22 = icmp eq i9 %i_0, -256" [firmware/nnet_utils/nnet_stream.h:22]   --->   Operation 31 'icmp' 'icmp_ln22' <Predicate = true> <Delay = 1.66> <Core = "Cmp">   --->   Core 25 'Cmp' <Latency = 0> <II = 1> <Delay = 1.77> <FuncUnit> <Opcode : 'icmp'> <InPorts = 2> <OutPorts = 1>
ST_2 : Operation 32 [1/1] (0.00ns)   --->   "%empty = call i32 (...)* @_ssdm_op_SpecLoopTripCount(i64 256, i64 256, i64 256)"   --->   Operation 32 'speclooptripcount' 'empty' <Predicate = true> <Delay = 0.00>
ST_2 : Operation 33 [1/1] (1.82ns)   --->   "%i = add i9 %i_0, 1" [firmware/nnet_utils/nnet_stream.h:22]   --->   Operation 33 'add' 'i' <Predicate = true> <Delay = 1.82> <Core = "AddSub">   --->   Core 14 'AddSub' <Latency = 0> <II = 1> <Delay = 1.82> <FuncUnit> <Opcode : 'add' 'sub'> <InPorts = 2> <OutPorts = 1>
ST_2 : Operation 34 [1/1] (0.00ns)   --->   "br i1 %icmp_ln22, label %2, label %CloneLoop" [firmware/nnet_utils/nnet_stream.h:22]   --->   Operation 34 'br' <Predicate = true> <Delay = 0.00>

State 3 <SV = 2> <Delay = 4.37>
ST_3 : Operation 35 [1/1] (0.00ns)   --->   "call void (...)* @_ssdm_op_SpecLoopName([10 x i8]* @p_str104) nounwind" [firmware/nnet_utils/nnet_stream.h:22]   --->   Operation 35 'specloopname' <Predicate = (!icmp_ln22)> <Delay = 0.00>
ST_3 : Operation 36 [1/1] (0.00ns)   --->   "%tmp = call i32 (...)* @_ssdm_op_SpecRegionBegin([10 x i8]* @p_str104)" [firmware/nnet_utils/nnet_stream.h:22]   --->   Operation 36 'specregionbegin' 'tmp' <Predicate = (!icmp_ln22)> <Delay = 0.00>
ST_3 : Operation 37 [1/1] (0.00ns)   --->   "call void (...)* @_ssdm_op_SpecPipeline(i32 -1, i32 1, i32 1, i32 0, [1 x i8]* @p_str20) nounwind" [firmware/nnet_utils/nnet_stream.h:23]   --->   Operation 37 'specpipeline' <Predicate = (!icmp_ln22)> <Delay = 0.00>
ST_3 : Operation 38 [1/1] (2.18ns)   --->   "%empty_341 = call { i16, i16, i16, i16, i16, i16, i16, i16 } @_ssdm_op_Read.ap_fifo.volatile.i16P.i16P.i16P.i16P.i16P.i16P.i16P.i16P(i16* %data_V_data_0_V, i16* %data_V_data_1_V, i16* %data_V_data_2_V, i16* %data_V_data_3_V, i16* %data_V_data_4_V, i16* %data_V_data_5_V, i16* %data_V_data_6_V, i16* %data_V_data_7_V)" [firmware/nnet_utils/nnet_stream.h:25]   --->   Operation 38 'read' 'empty_341' <Predicate = (!icmp_ln22)> <Delay = 2.18> <Core = "FIFO">   --->   Core 32 'FIFO' <Latency = 0> <II = 1> <Delay = 3.63> <Storage> <Opcode : 'read' 'write' 'nbread' 'nbwrite'> <Ports = 0> <Width = 16> <Depth = 3> <FIFO>
ST_3 : Operation 39 [1/1] (0.00ns)   --->   "%tmp_data_0_V = extractvalue { i16, i16, i16, i16, i16, i16, i16, i16 } %empty_341, 0" [firmware/nnet_utils/nnet_stream.h:25]   --->   Operation 39 'extractvalue' 'tmp_data_0_V' <Predicate = (!icmp_ln22)> <Delay = 0.00>
ST_3 : Operation 40 [1/1] (0.00ns)   --->   "%tmp_data_1_V = extractvalue { i16, i16, i16, i16, i16, i16, i16, i16 } %empty_341, 1" [firmware/nnet_utils/nnet_stream.h:25]   --->   Operation 40 'extractvalue' 'tmp_data_1_V' <Predicate = (!icmp_ln22)> <Delay = 0.00>
ST_3 : Operation 41 [1/1] (0.00ns)   --->   "%tmp_data_2_V = extractvalue { i16, i16, i16, i16, i16, i16, i16, i16 } %empty_341, 2" [firmware/nnet_utils/nnet_stream.h:25]   --->   Operation 41 'extractvalue' 'tmp_data_2_V' <Predicate = (!icmp_ln22)> <Delay = 0.00>
ST_3 : Operation 42 [1/1] (0.00ns)   --->   "%tmp_data_3_V = extractvalue { i16, i16, i16, i16, i16, i16, i16, i16 } %empty_341, 3" [firmware/nnet_utils/nnet_stream.h:25]   --->   Operation 42 'extractvalue' 'tmp_data_3_V' <Predicate = (!icmp_ln22)> <Delay = 0.00>
ST_3 : Operation 43 [1/1] (0.00ns)   --->   "%tmp_data_4_V = extractvalue { i16, i16, i16, i16, i16, i16, i16, i16 } %empty_341, 4" [firmware/nnet_utils/nnet_stream.h:25]   --->   Operation 43 'extractvalue' 'tmp_data_4_V' <Predicate = (!icmp_ln22)> <Delay = 0.00>
ST_3 : Operation 44 [1/1] (0.00ns)   --->   "%tmp_data_5_V = extractvalue { i16, i16, i16, i16, i16, i16, i16, i16 } %empty_341, 5" [firmware/nnet_utils/nnet_stream.h:25]   --->   Operation 44 'extractvalue' 'tmp_data_5_V' <Predicate = (!icmp_ln22)> <Delay = 0.00>
ST_3 : Operation 45 [1/1] (0.00ns)   --->   "%tmp_data_6_V = extractvalue { i16, i16, i16, i16, i16, i16, i16, i16 } %empty_341, 6" [firmware/nnet_utils/nnet_stream.h:25]   --->   Operation 45 'extractvalue' 'tmp_data_6_V' <Predicate = (!icmp_ln22)> <Delay = 0.00>
ST_3 : Operation 46 [1/1] (0.00ns)   --->   "%tmp_data_7_V = extractvalue { i16, i16, i16, i16, i16, i16, i16, i16 } %empty_341, 7" [firmware/nnet_utils/nnet_stream.h:25]   --->   Operation 46 'extractvalue' 'tmp_data_7_V' <Predicate = (!icmp_ln22)> <Delay = 0.00>
ST_3 : Operation 47 [1/1] (2.18ns)   --->   "call void @_ssdm_op_Write.ap_fifo.volatile.i16P.i16P.i16P.i16P.i16P.i16P.i16P.i16P(i16* %res1_V_data_0_V, i16* %res1_V_data_1_V, i16* %res1_V_data_2_V, i16* %res1_V_data_3_V, i16* %res1_V_data_4_V, i16* %res1_V_data_5_V, i16* %res1_V_data_6_V, i16* %res1_V_data_7_V, i16 %tmp_data_0_V, i16 %tmp_data_1_V, i16 %tmp_data_2_V, i16 %tmp_data_3_V, i16 %tmp_data_4_V, i16 %tmp_data_5_V, i16 %tmp_data_6_V, i16 %tmp_data_7_V)" [firmware/nnet_utils/nnet_stream.h:38]   --->   Operation 47 'write' <Predicate = (!icmp_ln22)> <Delay = 2.18> <Core = "FIFO">   --->   Core 32 'FIFO' <Latency = 0> <II = 1> <Delay = 3.63> <Storage> <Opcode : 'read' 'write' 'nbread' 'nbwrite'> <Ports = 0> <Width = 16> <Depth = 3> <FIFO>
ST_3 : Operation 48 [1/1] (2.18ns)   --->   "call void @_ssdm_op_Write.ap_fifo.volatile.i16P.i16P.i16P.i16P.i16P.i16P.i16P.i16P(i16* %res2_V_data_0_V, i16* %res2_V_data_1_V, i16* %res2_V_data_2_V, i16* %res2_V_data_3_V, i16* %res2_V_data_4_V, i16* %res2_V_data_5_V, i16* %res2_V_data_6_V, i16* %res2_V_data_7_V, i16 %tmp_data_0_V, i16 %tmp_data_1_V, i16 %tmp_data_2_V, i16 %tmp_data_3_V, i16 %tmp_data_4_V, i16 %tmp_data_5_V, i16 %tmp_data_6_V, i16 %tmp_data_7_V)" [firmware/nnet_utils/nnet_stream.h:39]   --->   Operation 48 'write' <Predicate = (!icmp_ln22)> <Delay = 2.18> <Core = "FIFO">   --->   Core 32 'FIFO' <Latency = 0> <II = 1> <Delay = 3.63> <Storage> <Opcode : 'read' 'write' 'nbread' 'nbwrite'> <Ports = 0> <Width = 16> <Depth = 3> <FIFO>
ST_3 : Operation 49 [1/1] (0.00ns)   --->   "%empty_342 = call i32 (...)* @_ssdm_op_SpecRegionEnd([10 x i8]* @p_str104, i32 %tmp)" [firmware/nnet_utils/nnet_stream.h:40]   --->   Operation 49 'specregionend' 'empty_342' <Predicate = (!icmp_ln22)> <Delay = 0.00>
ST_3 : Operation 50 [1/1] (0.00ns)   --->   "br label %1" [firmware/nnet_utils/nnet_stream.h:22]   --->   Operation 50 'br' <Predicate = (!icmp_ln22)> <Delay = 0.00>

State 4 <SV = 2> <Delay = 0.00>
ST_4 : Operation 51 [1/1] (0.00ns)   --->   "ret void" [firmware/nnet_utils/nnet_stream.h:41]   --->   Operation 51 'ret' <Predicate = true> <Delay = 0.00>


============================================================
+ Verbose Summary: Binding
============================================================
STG Binding: 
---------------- STG Properties BEGIN ----------------
- Is combinational: 0
- Is one-state seq: 0
- Is datapath-only: 0
- Is pipelined: 0
- Is top level: 0
Port [ Return ] is wired: 1; IO mode=ap_ctrl_hs:ce=0
Port [ data_V_data_0_V]:  wired=1; compound=1; hidden=0; nouse=0; global=0; static=0; extern=0; dir=0; type=3; pingpong=0; private_global=0; IO mode=ap_fifo:ce=0
Port [ data_V_data_1_V]:  wired=1; compound=1; hidden=0; nouse=0; global=0; static=0; extern=0; dir=0; type=3; pingpong=0; private_global=0; IO mode=ap_fifo:ce=0
Port [ data_V_data_2_V]:  wired=1; compound=1; hidden=0; nouse=0; global=0; static=0; extern=0; dir=0; type=3; pingpong=0; private_global=0; IO mode=ap_fifo:ce=0
Port [ data_V_data_3_V]:  wired=1; compound=1; hidden=0; nouse=0; global=0; static=0; extern=0; dir=0; type=3; pingpong=0; private_global=0; IO mode=ap_fifo:ce=0
Port [ data_V_data_4_V]:  wired=1; compound=1; hidden=0; nouse=0; global=0; static=0; extern=0; dir=0; type=3; pingpong=0; private_global=0; IO mode=ap_fifo:ce=0
Port [ data_V_data_5_V]:  wired=1; compound=1; hidden=0; nouse=0; global=0; static=0; extern=0; dir=0; type=3; pingpong=0; private_global=0; IO mode=ap_fifo:ce=0
Port [ data_V_data_6_V]:  wired=1; compound=1; hidden=0; nouse=0; global=0; static=0; extern=0; dir=0; type=3; pingpong=0; private_global=0; IO mode=ap_fifo:ce=0
Port [ data_V_data_7_V]:  wired=1; compound=1; hidden=0; nouse=0; global=0; static=0; extern=0; dir=0; type=3; pingpong=0; private_global=0; IO mode=ap_fifo:ce=0
Port [ res1_V_data_0_V]:  wired=1; compound=1; hidden=0; nouse=0; global=0; static=0; extern=0; dir=1; type=3; pingpong=0; private_global=0; IO mode=ap_fifo:ce=0
Port [ res1_V_data_1_V]:  wired=1; compound=1; hidden=0; nouse=0; global=0; static=0; extern=0; dir=1; type=3; pingpong=0; private_global=0; IO mode=ap_fifo:ce=0
Port [ res1_V_data_2_V]:  wired=1; compound=1; hidden=0; nouse=0; global=0; static=0; extern=0; dir=1; type=3; pingpong=0; private_global=0; IO mode=ap_fifo:ce=0
Port [ res1_V_data_3_V]:  wired=1; compound=1; hidden=0; nouse=0; global=0; static=0; extern=0; dir=1; type=3; pingpong=0; private_global=0; IO mode=ap_fifo:ce=0
Port [ res1_V_data_4_V]:  wired=1; compound=1; hidden=0; nouse=0; global=0; static=0; extern=0; dir=1; type=3; pingpong=0; private_global=0; IO mode=ap_fifo:ce=0
Port [ res1_V_data_5_V]:  wired=1; compound=1; hidden=0; nouse=0; global=0; static=0; extern=0; dir=1; type=3; pingpong=0; private_global=0; IO mode=ap_fifo:ce=0
Port [ res1_V_data_6_V]:  wired=1; compound=1; hidden=0; nouse=0; global=0; static=0; extern=0; dir=1; type=3; pingpong=0; private_global=0; IO mode=ap_fifo:ce=0
Port [ res1_V_data_7_V]:  wired=1; compound=1; hidden=0; nouse=0; global=0; static=0; extern=0; dir=1; type=3; pingpong=0; private_global=0; IO mode=ap_fifo:ce=0
Port [ res2_V_data_0_V]:  wired=1; compound=1; hidden=0; nouse=0; global=0; static=0; extern=0; dir=1; type=3; pingpong=0; private_global=0; IO mode=ap_fifo:ce=0
Port [ res2_V_data_1_V]:  wired=1; compound=1; hidden=0; nouse=0; global=0; static=0; extern=0; dir=1; type=3; pingpong=0; private_global=0; IO mode=ap_fifo:ce=0
Port [ res2_V_data_2_V]:  wired=1; compound=1; hidden=0; nouse=0; global=0; static=0; extern=0; dir=1; type=3; pingpong=0; private_global=0; IO mode=ap_fifo:ce=0
Port [ res2_V_data_3_V]:  wired=1; compound=1; hidden=0; nouse=0; global=0; static=0; extern=0; dir=1; type=3; pingpong=0; private_global=0; IO mode=ap_fifo:ce=0
Port [ res2_V_data_4_V]:  wired=1; compound=1; hidden=0; nouse=0; global=0; static=0; extern=0; dir=1; type=3; pingpong=0; private_global=0; IO mode=ap_fifo:ce=0
Port [ res2_V_data_5_V]:  wired=1; compound=1; hidden=0; nouse=0; global=0; static=0; extern=0; dir=1; type=3; pingpong=0; private_global=0; IO mode=ap_fifo:ce=0
Port [ res2_V_data_6_V]:  wired=1; compound=1; hidden=0; nouse=0; global=0; static=0; extern=0; dir=1; type=3; pingpong=0; private_global=0; IO mode=ap_fifo:ce=0
Port [ res2_V_data_7_V]:  wired=1; compound=1; hidden=0; nouse=0; global=0; static=0; extern=0; dir=1; type=3; pingpong=0; private_global=0; IO mode=ap_fifo:ce=0
---------------- STG Properties END ------------------

---------------- Datapath Model BEGIN ----------------

<LifeTime>
<method=bitvector/>
specinterface_ln0 (specinterface    ) [ 00000]
specinterface_ln0 (specinterface    ) [ 00000]
specinterface_ln0 (specinterface    ) [ 00000]
specinterface_ln0 (specinterface    ) [ 00000]
specinterface_ln0 (specinterface    ) [ 00000]
specinterface_ln0 (specinterface    ) [ 00000]
specinterface_ln0 (specinterface    ) [ 00000]
specinterface_ln0 (specinterface    ) [ 00000]
specinterface_ln0 (specinterface    ) [ 00000]
specinterface_ln0 (specinterface    ) [ 00000]
specinterface_ln0 (specinterface    ) [ 00000]
specinterface_ln0 (specinterface    ) [ 00000]
specinterface_ln0 (specinterface    ) [ 00000]
specinterface_ln0 (specinterface    ) [ 00000]
specinterface_ln0 (specinterface    ) [ 00000]
specinterface_ln0 (specinterface    ) [ 00000]
specinterface_ln0 (specinterface    ) [ 00000]
specinterface_ln0 (specinterface    ) [ 00000]
specinterface_ln0 (specinterface    ) [ 00000]
specinterface_ln0 (specinterface    ) [ 00000]
specinterface_ln0 (specinterface    ) [ 00000]
specinterface_ln0 (specinterface    ) [ 00000]
specinterface_ln0 (specinterface    ) [ 00000]
specinterface_ln0 (specinterface    ) [ 00000]
br_ln22           (br               ) [ 01110]
i_0               (phi              ) [ 00100]
icmp_ln22         (icmp             ) [ 00110]
empty             (speclooptripcount) [ 00000]
i                 (add              ) [ 01110]
br_ln22           (br               ) [ 00000]
specloopname_ln22 (specloopname     ) [ 00000]
tmp               (specregionbegin  ) [ 00000]
specpipeline_ln23 (specpipeline     ) [ 00000]
empty_341         (read             ) [ 00000]
tmp_data_0_V      (extractvalue     ) [ 00000]
tmp_data_1_V      (extractvalue     ) [ 00000]
tmp_data_2_V      (extractvalue     ) [ 00000]
tmp_data_3_V      (extractvalue     ) [ 00000]
tmp_data_4_V      (extractvalue     ) [ 00000]
tmp_data_5_V      (extractvalue     ) [ 00000]
tmp_data_6_V      (extractvalue     ) [ 00000]
tmp_data_7_V      (extractvalue     ) [ 00000]
write_ln38        (write            ) [ 00000]
write_ln39        (write            ) [ 00000]
empty_342         (specregionend    ) [ 00000]
br_ln22           (br               ) [ 01110]
ret_ln41          (ret              ) [ 00000]
</LifeTime>

<model>

<comp_list>
<comp id="0" class="1000" name="data_V_data_0_V">
<pin_list>
<pin id="1" dir="1" index="0" bw="1" slack="0"/>
</pin_list>
<bind>
<StgValue><ssdm name="data_V_data_0_V"/></StgValue>
</bind>
</comp>

<comp id="2" class="1000" name="data_V_data_1_V">
<pin_list>
<pin id="3" dir="1" index="0" bw="1" slack="0"/>
</pin_list>
<bind>
<StgValue><ssdm name="data_V_data_1_V"/></StgValue>
</bind>
</comp>

<comp id="4" class="1000" name="data_V_data_2_V">
<pin_list>
<pin id="5" dir="1" index="0" bw="1" slack="0"/>
</pin_list>
<bind>
<StgValue><ssdm name="data_V_data_2_V"/></StgValue>
</bind>
</comp>

<comp id="6" class="1000" name="data_V_data_3_V">
<pin_list>
<pin id="7" dir="1" index="0" bw="1" slack="0"/>
</pin_list>
<bind>
<StgValue><ssdm name="data_V_data_3_V"/></StgValue>
</bind>
</comp>

<comp id="8" class="1000" name="data_V_data_4_V">
<pin_list>
<pin id="9" dir="1" index="0" bw="1" slack="0"/>
</pin_list>
<bind>
<StgValue><ssdm name="data_V_data_4_V"/></StgValue>
</bind>
</comp>

<comp id="10" class="1000" name="data_V_data_5_V">
<pin_list>
<pin id="11" dir="1" index="0" bw="1" slack="0"/>
</pin_list>
<bind>
<StgValue><ssdm name="data_V_data_5_V"/></StgValue>
</bind>
</comp>

<comp id="12" class="1000" name="data_V_data_6_V">
<pin_list>
<pin id="13" dir="1" index="0" bw="1" slack="0"/>
</pin_list>
<bind>
<StgValue><ssdm name="data_V_data_6_V"/></StgValue>
</bind>
</comp>

<comp id="14" class="1000" name="data_V_data_7_V">
<pin_list>
<pin id="15" dir="1" index="0" bw="1" slack="0"/>
</pin_list>
<bind>
<StgValue><ssdm name="data_V_data_7_V"/></StgValue>
</bind>
</comp>

<comp id="16" class="1000" name="res1_V_data_0_V">
<pin_list>
<pin id="17" dir="1" index="0" bw="1" slack="0"/>
</pin_list>
<bind>
<StgValue><ssdm name="res1_V_data_0_V"/></StgValue>
</bind>
</comp>

<comp id="18" class="1000" name="res1_V_data_1_V">
<pin_list>
<pin id="19" dir="1" index="0" bw="1" slack="0"/>
</pin_list>
<bind>
<StgValue><ssdm name="res1_V_data_1_V"/></StgValue>
</bind>
</comp>

<comp id="20" class="1000" name="res1_V_data_2_V">
<pin_list>
<pin id="21" dir="1" index="0" bw="1" slack="0"/>
</pin_list>
<bind>
<StgValue><ssdm name="res1_V_data_2_V"/></StgValue>
</bind>
</comp>

<comp id="22" class="1000" name="res1_V_data_3_V">
<pin_list>
<pin id="23" dir="1" index="0" bw="1" slack="0"/>
</pin_list>
<bind>
<StgValue><ssdm name="res1_V_data_3_V"/></StgValue>
</bind>
</comp>

<comp id="24" class="1000" name="res1_V_data_4_V">
<pin_list>
<pin id="25" dir="1" index="0" bw="1" slack="0"/>
</pin_list>
<bind>
<StgValue><ssdm name="res1_V_data_4_V"/></StgValue>
</bind>
</comp>

<comp id="26" class="1000" name="res1_V_data_5_V">
<pin_list>
<pin id="27" dir="1" index="0" bw="1" slack="0"/>
</pin_list>
<bind>
<StgValue><ssdm name="res1_V_data_5_V"/></StgValue>
</bind>
</comp>

<comp id="28" class="1000" name="res1_V_data_6_V">
<pin_list>
<pin id="29" dir="1" index="0" bw="1" slack="0"/>
</pin_list>
<bind>
<StgValue><ssdm name="res1_V_data_6_V"/></StgValue>
</bind>
</comp>

<comp id="30" class="1000" name="res1_V_data_7_V">
<pin_list>
<pin id="31" dir="1" index="0" bw="1" slack="0"/>
</pin_list>
<bind>
<StgValue><ssdm name="res1_V_data_7_V"/></StgValue>
</bind>
</comp>

<comp id="32" class="1000" name="res2_V_data_0_V">
<pin_list>
<pin id="33" dir="1" index="0" bw="1" slack="0"/>
</pin_list>
<bind>
<StgValue><ssdm name="res2_V_data_0_V"/></StgValue>
</bind>
</comp>

<comp id="34" class="1000" name="res2_V_data_1_V">
<pin_list>
<pin id="35" dir="1" index="0" bw="1" slack="0"/>
</pin_list>
<bind>
<StgValue><ssdm name="res2_V_data_1_V"/></StgValue>
</bind>
</comp>

<comp id="36" class="1000" name="res2_V_data_2_V">
<pin_list>
<pin id="37" dir="1" index="0" bw="1" slack="0"/>
</pin_list>
<bind>
<StgValue><ssdm name="res2_V_data_2_V"/></StgValue>
</bind>
</comp>

<comp id="38" class="1000" name="res2_V_data_3_V">
<pin_list>
<pin id="39" dir="1" index="0" bw="1" slack="0"/>
</pin_list>
<bind>
<StgValue><ssdm name="res2_V_data_3_V"/></StgValue>
</bind>
</comp>

<comp id="40" class="1000" name="res2_V_data_4_V">
<pin_list>
<pin id="41" dir="1" index="0" bw="1" slack="0"/>
</pin_list>
<bind>
<StgValue><ssdm name="res2_V_data_4_V"/></StgValue>
</bind>
</comp>

<comp id="42" class="1000" name="res2_V_data_5_V">
<pin_list>
<pin id="43" dir="1" index="0" bw="1" slack="0"/>
</pin_list>
<bind>
<StgValue><ssdm name="res2_V_data_5_V"/></StgValue>
</bind>
</comp>

<comp id="44" class="1000" name="res2_V_data_6_V">
<pin_list>
<pin id="45" dir="1" index="0" bw="1" slack="0"/>
</pin_list>
<bind>
<StgValue><ssdm name="res2_V_data_6_V"/></StgValue>
</bind>
</comp>

<comp id="46" class="1000" name="res2_V_data_7_V">
<pin_list>
<pin id="47" dir="1" index="0" bw="1" slack="0"/>
</pin_list>
<bind>
<StgValue><ssdm name="res2_V_data_7_V"/></StgValue>
</bind>
</comp>

<comp id="48" class="1001" name="const_48">
<pin_list>
<pin id="49" dir="1" index="0" bw="1" slack="2147483647"/>
</pin_list>
<bind>
<StgValue><ssdm name="_ssdm_op_SpecInterface"/></StgValue>
</bind>
</comp>

<comp id="50" class="1001" name="const_50">
<pin_list>
<pin id="51" dir="1" index="0" bw="1" slack="2147483647"/>
</pin_list>
<bind>
<StgValue><ssdm name="ap_fifo_str"/></StgValue>
</bind>
</comp>

<comp id="52" class="1001" name="const_52">
<pin_list>
<pin id="53" dir="1" index="0" bw="1" slack="2147483647"/>
</pin_list>
<bind>
<StgValue><ssdm name=""/></StgValue>
</bind>
</comp>

<comp id="54" class="1001" name="const_54">
<pin_list>
<pin id="55" dir="1" index="0" bw="1" slack="2147483647"/>
</pin_list>
<bind>
<StgValue><ssdm name="p_str"/></StgValue>
</bind>
</comp>

<comp id="56" class="1001" name="const_56">
<pin_list>
<pin id="57" dir="1" index="0" bw="1" slack="2147483647"/>
</pin_list>
<bind>
<StgValue><ssdm name=""/></StgValue>
</bind>
</comp>

<comp id="58" class="1001" name="const_58">
<pin_list>
<pin id="59" dir="1" index="0" bw="1" slack="2147483647"/>
</pin_list>
<bind>
<StgValue><ssdm name=""/></StgValue>
</bind>
</comp>

<comp id="60" class="1001" name="const_60">
<pin_list>
<pin id="61" dir="1" index="0" bw="1" slack="1"/>
</pin_list>
<bind>
<StgValue><ssdm name=""/></StgValue>
</bind>
</comp>

<comp id="62" class="1001" name="const_62">
<pin_list>
<pin id="63" dir="1" index="0" bw="1" slack="0"/>
</pin_list>
<bind>
<StgValue><ssdm name=""/></StgValue>
</bind>
</comp>

<comp id="64" class="1001" name="const_64">
<pin_list>
<pin id="65" dir="1" index="0" bw="1" slack="2147483647"/>
</pin_list>
<bind>
<StgValue><ssdm name="_ssdm_op_SpecLoopTripCount"/></StgValue>
</bind>
</comp>

<comp id="66" class="1001" name="const_66">
<pin_list>
<pin id="67" dir="1" index="0" bw="1" slack="2147483647"/>
</pin_list>
<bind>
<StgValue><ssdm name=""/></StgValue>
</bind>
</comp>

<comp id="68" class="1001" name="const_68">
<pin_list>
<pin id="69" dir="1" index="0" bw="1" slack="0"/>
</pin_list>
<bind>
<StgValue><ssdm name=""/></StgValue>
</bind>
</comp>

<comp id="70" class="1001" name="const_70">
<pin_list>
<pin id="71" dir="1" index="0" bw="1" slack="2147483647"/>
</pin_list>
<bind>
<StgValue><ssdm name="_ssdm_op_SpecLoopName"/></StgValue>
</bind>
</comp>

<comp id="72" class="1001" name="const_72">
<pin_list>
<pin id="73" dir="1" index="0" bw="1" slack="2147483647"/>
</pin_list>
<bind>
<StgValue><ssdm name="p_str104"/></StgValue>
</bind>
</comp>

<comp id="74" class="1001" name="const_74">
<pin_list>
<pin id="75" dir="1" index="0" bw="1" slack="2147483647"/>
</pin_list>
<bind>
<StgValue><ssdm name="_ssdm_op_SpecRegionBegin"/></StgValue>
</bind>
</comp>

<comp id="76" class="1001" name="const_76">
<pin_list>
<pin id="77" dir="1" index="0" bw="1" slack="2147483647"/>
</pin_list>
<bind>
<StgValue><ssdm name="_ssdm_op_SpecPipeline"/></StgValue>
</bind>
</comp>

<comp id="78" class="1001" name="const_78">
<pin_list>
<pin id="79" dir="1" index="0" bw="1" slack="2147483647"/>
</pin_list>
<bind>
<StgValue><ssdm name=""/></StgValue>
</bind>
</comp>

<comp id="80" class="1001" name="const_80">
<pin_list>
<pin id="81" dir="1" index="0" bw="1" slack="2147483647"/>
</pin_list>
<bind>
<StgValue><ssdm name=""/></StgValue>
</bind>
</comp>

<comp id="82" class="1001" name="const_82">
<pin_list>
<pin id="83" dir="1" index="0" bw="1" slack="2147483647"/>
</pin_list>
<bind>
<StgValue><ssdm name="p_str20"/></StgValue>
</bind>
</comp>

<comp id="84" class="1001" name="const_84">
<pin_list>
<pin id="85" dir="1" index="0" bw="1" slack="0"/>
</pin_list>
<bind>
<StgValue><ssdm name="_ssdm_op_Read.ap_fifo.volatile.i16P.i16P.i16P.i16P.i16P.i16P.i16P.i16P"/></StgValue>
</bind>
</comp>

<comp id="86" class="1001" name="const_86">
<pin_list>
<pin id="87" dir="1" index="0" bw="1" slack="0"/>
</pin_list>
<bind>
<StgValue><ssdm name="_ssdm_op_Write.ap_fifo.volatile.i16P.i16P.i16P.i16P.i16P.i16P.i16P.i16P"/></StgValue>
</bind>
</comp>

<comp id="88" class="1001" name="const_88">
<pin_list>
<pin id="89" dir="1" index="0" bw="1" slack="2147483647"/>
</pin_list>
<bind>
<StgValue><ssdm name="_ssdm_op_SpecRegionEnd"/></StgValue>
</bind>
</comp>

<comp id="90" class="1004" name="empty_341_read_fu_90">
<pin_list>
<pin id="91" dir="0" index="0" bw="128" slack="0"/>
<pin id="92" dir="0" index="1" bw="16" slack="0"/>
<pin id="93" dir="0" index="2" bw="16" slack="0"/>
<pin id="94" dir="0" index="3" bw="16" slack="0"/>
<pin id="95" dir="0" index="4" bw="16" slack="0"/>
<pin id="96" dir="0" index="5" bw="16" slack="0"/>
<pin id="97" dir="0" index="6" bw="16" slack="0"/>
<pin id="98" dir="0" index="7" bw="16" slack="0"/>
<pin id="99" dir="0" index="8" bw="16" slack="0"/>
<pin id="100" dir="1" index="9" bw="128" slack="0"/>
</pin_list>
<bind>
<opcode="read(1150) " fcode="read"/>
<opset="empty_341/3 "/>
</bind>
</comp>

<comp id="110" class="1004" name="write_ln38_write_fu_110">
<pin_list>
<pin id="111" dir="0" index="0" bw="0" slack="0"/>
<pin id="112" dir="0" index="1" bw="16" slack="0"/>
<pin id="113" dir="0" index="2" bw="16" slack="0"/>
<pin id="114" dir="0" index="3" bw="16" slack="0"/>
<pin id="115" dir="0" index="4" bw="16" slack="0"/>
<pin id="116" dir="0" index="5" bw="16" slack="0"/>
<pin id="117" dir="0" index="6" bw="16" slack="0"/>
<pin id="118" dir="0" index="7" bw="16" slack="0"/>
<pin id="119" dir="0" index="8" bw="16" slack="0"/>
<pin id="120" dir="0" index="9" bw="16" slack="0"/>
<pin id="121" dir="0" index="10" bw="16" slack="0"/>
<pin id="122" dir="0" index="11" bw="16" slack="0"/>
<pin id="123" dir="0" index="12" bw="16" slack="0"/>
<pin id="124" dir="0" index="13" bw="16" slack="0"/>
<pin id="125" dir="0" index="14" bw="16" slack="0"/>
<pin id="126" dir="0" index="15" bw="16" slack="0"/>
<pin id="127" dir="0" index="16" bw="16" slack="0"/>
<pin id="128" dir="1" index="17" bw="0" slack="2147483647"/>
</pin_list>
<bind>
<opcode="write(1151) " fcode="write"/>
<opset="write_ln38/3 "/>
</bind>
</comp>

<comp id="138" class="1004" name="write_ln39_write_fu_138">
<pin_list>
<pin id="139" dir="0" index="0" bw="0" slack="0"/>
<pin id="140" dir="0" index="1" bw="16" slack="0"/>
<pin id="141" dir="0" index="2" bw="16" slack="0"/>
<pin id="142" dir="0" index="3" bw="16" slack="0"/>
<pin id="143" dir="0" index="4" bw="16" slack="0"/>
<pin id="144" dir="0" index="5" bw="16" slack="0"/>
<pin id="145" dir="0" index="6" bw="16" slack="0"/>
<pin id="146" dir="0" index="7" bw="16" slack="0"/>
<pin id="147" dir="0" index="8" bw="16" slack="0"/>
<pin id="148" dir="0" index="9" bw="16" slack="0"/>
<pin id="149" dir="0" index="10" bw="16" slack="0"/>
<pin id="150" dir="0" index="11" bw="16" slack="0"/>
<pin id="151" dir="0" index="12" bw="16" slack="0"/>
<pin id="152" dir="0" index="13" bw="16" slack="0"/>
<pin id="153" dir="0" index="14" bw="16" slack="0"/>
<pin id="154" dir="0" index="15" bw="16" slack="0"/>
<pin id="155" dir="0" index="16" bw="16" slack="0"/>
<pin id="156" dir="1" index="17" bw="0" slack="2147483647"/>
</pin_list>
<bind>
<opcode="write(1151) " fcode="write"/>
<opset="write_ln39/3 "/>
</bind>
</comp>

<comp id="166" class="1005" name="i_0_reg_166">
<pin_list>
<pin id="167" dir="0" index="0" bw="9" slack="1"/>
<pin id="168" dir="1" index="1" bw="9" slack="1"/>
</pin_list>
<bind>
<opset="i_0 (phireg) "/>
</bind>
</comp>

<comp id="170" class="1004" name="i_0_phi_fu_170">
<pin_list>
<pin id="171" dir="0" index="0" bw="1" slack="1"/>
<pin id="172" dir="0" index="1" bw="0" slack="2147483647"/>
<pin id="173" dir="0" index="2" bw="9" slack="0"/>
<pin id="174" dir="0" index="3" bw="0" slack="2147483647"/>
<pin id="175" dir="1" index="4" bw="9" slack="0"/>
</pin_list>
<bind>
<opcode="phi(47) " fcode="phi"/>
<opset="i_0/2 "/>
</bind>
</comp>

<comp id="177" class="1004" name="icmp_ln22_fu_177">
<pin_list>
<pin id="178" dir="0" index="0" bw="9" slack="0"/>
<pin id="179" dir="0" index="1" bw="9" slack="0"/>
<pin id="180" dir="1" index="2" bw="1" slack="1"/>
</pin_list>
<bind>
<opcode="icmp(45) " fcode="icmp"/>
<opset="icmp_ln22/2 "/>
</bind>
</comp>

<comp id="183" class="1004" name="i_fu_183">
<pin_list>
<pin id="184" dir="0" index="0" bw="9" slack="0"/>
<pin id="185" dir="0" index="1" bw="1" slack="0"/>
<pin id="186" dir="1" index="2" bw="9" slack="0"/>
</pin_list>
<bind>
<opcode="add(8) " fcode="add"/>
<opset="i/2 "/>
</bind>
</comp>

<comp id="189" class="1004" name="tmp_data_0_V_fu_189">
<pin_list>
<pin id="190" dir="0" index="0" bw="128" slack="0"/>
<pin id="191" dir="1" index="1" bw="16" slack="0"/>
</pin_list>
<bind>
<opcode="extractvalue(56) " fcode="extractvalue"/>
<opset="tmp_data_0_V/3 "/>
</bind>
</comp>

<comp id="195" class="1004" name="tmp_data_1_V_fu_195">
<pin_list>
<pin id="196" dir="0" index="0" bw="128" slack="0"/>
<pin id="197" dir="1" index="1" bw="16" slack="0"/>
</pin_list>
<bind>
<opcode="extractvalue(56) " fcode="extractvalue"/>
<opset="tmp_data_1_V/3 "/>
</bind>
</comp>

<comp id="201" class="1004" name="tmp_data_2_V_fu_201">
<pin_list>
<pin id="202" dir="0" index="0" bw="128" slack="0"/>
<pin id="203" dir="1" index="1" bw="16" slack="0"/>
</pin_list>
<bind>
<opcode="extractvalue(56) " fcode="extractvalue"/>
<opset="tmp_data_2_V/3 "/>
</bind>
</comp>

<comp id="207" class="1004" name="tmp_data_3_V_fu_207">
<pin_list>
<pin id="208" dir="0" index="0" bw="128" slack="0"/>
<pin id="209" dir="1" index="1" bw="16" slack="0"/>
</pin_list>
<bind>
<opcode="extractvalue(56) " fcode="extractvalue"/>
<opset="tmp_data_3_V/3 "/>
</bind>
</comp>

<comp id="213" class="1004" name="tmp_data_4_V_fu_213">
<pin_list>
<pin id="214" dir="0" index="0" bw="128" slack="0"/>
<pin id="215" dir="1" index="1" bw="16" slack="0"/>
</pin_list>
<bind>
<opcode="extractvalue(56) " fcode="extractvalue"/>
<opset="tmp_data_4_V/3 "/>
</bind>
</comp>

<comp id="219" class="1004" name="tmp_data_5_V_fu_219">
<pin_list>
<pin id="220" dir="0" index="0" bw="128" slack="0"/>
<pin id="221" dir="1" index="1" bw="16" slack="0"/>
</pin_list>
<bind>
<opcode="extractvalue(56) " fcode="extractvalue"/>
<opset="tmp_data_5_V/3 "/>
</bind>
</comp>

<comp id="225" class="1004" name="tmp_data_6_V_fu_225">
<pin_list>
<pin id="226" dir="0" index="0" bw="128" slack="0"/>
<pin id="227" dir="1" index="1" bw="16" slack="0"/>
</pin_list>
<bind>
<opcode="extractvalue(56) " fcode="extractvalue"/>
<opset="tmp_data_6_V/3 "/>
</bind>
</comp>

<comp id="231" class="1004" name="tmp_data_7_V_fu_231">
<pin_list>
<pin id="232" dir="0" index="0" bw="128" slack="0"/>
<pin id="233" dir="1" index="1" bw="16" slack="0"/>
</pin_list>
<bind>
<opcode="extractvalue(56) " fcode="extractvalue"/>
<opset="tmp_data_7_V/3 "/>
</bind>
</comp>

<comp id="237" class="1005" name="icmp_ln22_reg_237">
<pin_list>
<pin id="238" dir="0" index="0" bw="1" slack="1"/>
<pin id="239" dir="1" index="1" bw="1" slack="2147483647"/>
</pin_list>
<bind>
<opset="icmp_ln22 "/>
</bind>
</comp>

<comp id="241" class="1005" name="i_reg_241">
<pin_list>
<pin id="242" dir="0" index="0" bw="9" slack="0"/>
<pin id="243" dir="1" index="1" bw="9" slack="0"/>
</pin_list>
<bind>
<opset="i "/>
</bind>
</comp>

</comp_list>

<net_list>
<net id="101"><net_src comp="84" pin="0"/><net_sink comp="90" pin=0"/></net>

<net id="102"><net_src comp="0" pin="0"/><net_sink comp="90" pin=1"/></net>

<net id="103"><net_src comp="2" pin="0"/><net_sink comp="90" pin=2"/></net>

<net id="104"><net_src comp="4" pin="0"/><net_sink comp="90" pin=3"/></net>

<net id="105"><net_src comp="6" pin="0"/><net_sink comp="90" pin=4"/></net>

<net id="106"><net_src comp="8" pin="0"/><net_sink comp="90" pin=5"/></net>

<net id="107"><net_src comp="10" pin="0"/><net_sink comp="90" pin=6"/></net>

<net id="108"><net_src comp="12" pin="0"/><net_sink comp="90" pin=7"/></net>

<net id="109"><net_src comp="14" pin="0"/><net_sink comp="90" pin=8"/></net>

<net id="129"><net_src comp="86" pin="0"/><net_sink comp="110" pin=0"/></net>

<net id="130"><net_src comp="16" pin="0"/><net_sink comp="110" pin=1"/></net>

<net id="131"><net_src comp="18" pin="0"/><net_sink comp="110" pin=2"/></net>

<net id="132"><net_src comp="20" pin="0"/><net_sink comp="110" pin=3"/></net>

<net id="133"><net_src comp="22" pin="0"/><net_sink comp="110" pin=4"/></net>

<net id="134"><net_src comp="24" pin="0"/><net_sink comp="110" pin=5"/></net>

<net id="135"><net_src comp="26" pin="0"/><net_sink comp="110" pin=6"/></net>

<net id="136"><net_src comp="28" pin="0"/><net_sink comp="110" pin=7"/></net>

<net id="137"><net_src comp="30" pin="0"/><net_sink comp="110" pin=8"/></net>

<net id="157"><net_src comp="86" pin="0"/><net_sink comp="138" pin=0"/></net>

<net id="158"><net_src comp="32" pin="0"/><net_sink comp="138" pin=1"/></net>

<net id="159"><net_src comp="34" pin="0"/><net_sink comp="138" pin=2"/></net>

<net id="160"><net_src comp="36" pin="0"/><net_sink comp="138" pin=3"/></net>

<net id="161"><net_src comp="38" pin="0"/><net_sink comp="138" pin=4"/></net>

<net id="162"><net_src comp="40" pin="0"/><net_sink comp="138" pin=5"/></net>

<net id="163"><net_src comp="42" pin="0"/><net_sink comp="138" pin=6"/></net>

<net id="164"><net_src comp="44" pin="0"/><net_sink comp="138" pin=7"/></net>

<net id="165"><net_src comp="46" pin="0"/><net_sink comp="138" pin=8"/></net>

<net id="169"><net_src comp="60" pin="0"/><net_sink comp="166" pin=0"/></net>

<net id="176"><net_src comp="166" pin="1"/><net_sink comp="170" pin=0"/></net>

<net id="181"><net_src comp="170" pin="4"/><net_sink comp="177" pin=0"/></net>

<net id="182"><net_src comp="62" pin="0"/><net_sink comp="177" pin=1"/></net>

<net id="187"><net_src comp="170" pin="4"/><net_sink comp="183" pin=0"/></net>

<net id="188"><net_src comp="68" pin="0"/><net_sink comp="183" pin=1"/></net>

<net id="192"><net_src comp="90" pin="9"/><net_sink comp="189" pin=0"/></net>

<net id="193"><net_src comp="189" pin="1"/><net_sink comp="110" pin=9"/></net>

<net id="194"><net_src comp="189" pin="1"/><net_sink comp="138" pin=9"/></net>

<net id="198"><net_src comp="90" pin="9"/><net_sink comp="195" pin=0"/></net>

<net id="199"><net_src comp="195" pin="1"/><net_sink comp="110" pin=10"/></net>

<net id="200"><net_src comp="195" pin="1"/><net_sink comp="138" pin=10"/></net>

<net id="204"><net_src comp="90" pin="9"/><net_sink comp="201" pin=0"/></net>

<net id="205"><net_src comp="201" pin="1"/><net_sink comp="110" pin=11"/></net>

<net id="206"><net_src comp="201" pin="1"/><net_sink comp="138" pin=11"/></net>

<net id="210"><net_src comp="90" pin="9"/><net_sink comp="207" pin=0"/></net>

<net id="211"><net_src comp="207" pin="1"/><net_sink comp="110" pin=12"/></net>

<net id="212"><net_src comp="207" pin="1"/><net_sink comp="138" pin=12"/></net>

<net id="216"><net_src comp="90" pin="9"/><net_sink comp="213" pin=0"/></net>

<net id="217"><net_src comp="213" pin="1"/><net_sink comp="110" pin=13"/></net>

<net id="218"><net_src comp="213" pin="1"/><net_sink comp="138" pin=13"/></net>

<net id="222"><net_src comp="90" pin="9"/><net_sink comp="219" pin=0"/></net>

<net id="223"><net_src comp="219" pin="1"/><net_sink comp="110" pin=14"/></net>

<net id="224"><net_src comp="219" pin="1"/><net_sink comp="138" pin=14"/></net>

<net id="228"><net_src comp="90" pin="9"/><net_sink comp="225" pin=0"/></net>

<net id="229"><net_src comp="225" pin="1"/><net_sink comp="110" pin=15"/></net>

<net id="230"><net_src comp="225" pin="1"/><net_sink comp="138" pin=15"/></net>

<net id="234"><net_src comp="90" pin="9"/><net_sink comp="231" pin=0"/></net>

<net id="235"><net_src comp="231" pin="1"/><net_sink comp="110" pin=16"/></net>

<net id="236"><net_src comp="231" pin="1"/><net_sink comp="138" pin=16"/></net>

<net id="240"><net_src comp="177" pin="2"/><net_sink comp="237" pin=0"/></net>

<net id="244"><net_src comp="183" pin="2"/><net_sink comp="241" pin=0"/></net>

<net id="245"><net_src comp="241" pin="1"/><net_sink comp="170" pin=2"/></net>

</net_list>

</model> 
---------------- Datapath Model END ------------------

* FSMD analyzer results:
  - Output states:
	Port: res1_V_data_0_V | {3 }
	Port: res1_V_data_1_V | {3 }
	Port: res1_V_data_2_V | {3 }
	Port: res1_V_data_3_V | {3 }
	Port: res1_V_data_4_V | {3 }
	Port: res1_V_data_5_V | {3 }
	Port: res1_V_data_6_V | {3 }
	Port: res1_V_data_7_V | {3 }
	Port: res2_V_data_0_V | {3 }
	Port: res2_V_data_1_V | {3 }
	Port: res2_V_data_2_V | {3 }
	Port: res2_V_data_3_V | {3 }
	Port: res2_V_data_4_V | {3 }
	Port: res2_V_data_5_V | {3 }
	Port: res2_V_data_6_V | {3 }
	Port: res2_V_data_7_V | {3 }
 - Input state : 
	Port: clone_stream<array<ap_fixed,8u>,array<ap_fixed<16,6,5,3,0>,8u>,2048> : data_V_data_0_V | {3 }
	Port: clone_stream<array<ap_fixed,8u>,array<ap_fixed<16,6,5,3,0>,8u>,2048> : data_V_data_1_V | {3 }
	Port: clone_stream<array<ap_fixed,8u>,array<ap_fixed<16,6,5,3,0>,8u>,2048> : data_V_data_2_V | {3 }
	Port: clone_stream<array<ap_fixed,8u>,array<ap_fixed<16,6,5,3,0>,8u>,2048> : data_V_data_3_V | {3 }
	Port: clone_stream<array<ap_fixed,8u>,array<ap_fixed<16,6,5,3,0>,8u>,2048> : data_V_data_4_V | {3 }
	Port: clone_stream<array<ap_fixed,8u>,array<ap_fixed<16,6,5,3,0>,8u>,2048> : data_V_data_5_V | {3 }
	Port: clone_stream<array<ap_fixed,8u>,array<ap_fixed<16,6,5,3,0>,8u>,2048> : data_V_data_6_V | {3 }
	Port: clone_stream<array<ap_fixed,8u>,array<ap_fixed<16,6,5,3,0>,8u>,2048> : data_V_data_7_V | {3 }
  - Chain level:
	State 1
	State 2
		icmp_ln22 : 1
		i : 1
		br_ln22 : 2
	State 3
		write_ln38 : 1
		write_ln39 : 1
		empty_342 : 1
	State 4


============================================================
+ Verbose Summary: Datapath Resource usage 
============================================================

* Functional unit list:
|----------|-------------------------|---------|---------|
| Operation|     Functional Unit     |    FF   |   LUT   |
|----------|-------------------------|---------|---------|
|    add   |         i_fu_183        |    0    |    15   |
|----------|-------------------------|---------|---------|
|   icmp   |     icmp_ln22_fu_177    |    0    |    13   |
|----------|-------------------------|---------|---------|
|   read   |   empty_341_read_fu_90  |    0    |    0    |
|----------|-------------------------|---------|---------|
|   write  | write_ln38_write_fu_110 |    0    |    0    |
|          | write_ln39_write_fu_138 |    0    |    0    |
|----------|-------------------------|---------|---------|
|          |   tmp_data_0_V_fu_189   |    0    |    0    |
|          |   tmp_data_1_V_fu_195   |    0    |    0    |
|          |   tmp_data_2_V_fu_201   |    0    |    0    |
|extractvalue|   tmp_data_3_V_fu_207   |    0    |    0    |
|          |   tmp_data_4_V_fu_213   |    0    |    0    |
|          |   tmp_data_5_V_fu_219   |    0    |    0    |
|          |   tmp_data_6_V_fu_225   |    0    |    0    |
|          |   tmp_data_7_V_fu_231   |    0    |    0    |
|----------|-------------------------|---------|---------|
|   Total  |                         |    0    |    28   |
|----------|-------------------------|---------|---------|

Memories:
N/A

* Register list:
+-----------------+--------+
|                 |   FF   |
+-----------------+--------+
|   i_0_reg_166   |    9   |
|    i_reg_241    |    9   |
|icmp_ln22_reg_237|    1   |
+-----------------+--------+
|      Total      |   19   |
+-----------------+--------+

* Multiplexer (MUX) list: 
|--------|------|------|------|--------|
|  Comp  |  Pin | Size |  BW  | S x BW |
|--------|------|------|------|--------|
|  Total |      |      |      |    0   |
|--------|------|------|------|--------|



* Summary:
+-----------+--------+--------+
|           |   FF   |   LUT  |
+-----------+--------+--------+
|  Function |    0   |   28   |
|   Memory  |    -   |    -   |
|Multiplexer|    -   |    -   |
|  Register |   19   |    -   |
+-----------+--------+--------+
|   Total   |   19   |   28   |
+-----------+--------+--------+
