

================================================================
== Vivado HLS Report for 'compute_output_buffer_2d_array_array_ap_fixed_8_4_5_3_0_8u_config2_s'
================================================================
* Date:           Thu Jun 26 23:04:05 2025

* Version:        2020.1 (Build 2897737 on Wed May 27 20:21:37 MDT 2020)
* Project:        myproject_prj
* Solution:       solution1
* Product family: zynq
* Target device:  xc7z020-clg400-1


================================================================
== Performance Estimates
================================================================
+ Timing: 
    * Summary: 
    +--------+---------+----------+------------+
    |  Clock |  Target | Estimated| Uncertainty|
    +--------+---------+----------+------------+
    |ap_clk  | 5.00 ns | 6.163 ns |   0.62 ns  |
    +--------+---------+----------+------------+

+ Latency: 
    * Summary: 
    +---------+---------+-----------+----------+-----+-----+---------+
    |  Latency (cycles) |  Latency (absolute)  |  Interval | Pipeline|
    |   min   |   max   |    min    |    max   | min | max |   Type  |
    +---------+---------+-----------+----------+-----+-----+---------+
    |        2|      222| 12.326 ns | 1.368 us |    2|  222|   none  |
    +---------+---------+-----------+----------+-----+-----+---------+

    + Detail: 
        * Instance: 
        N/A

        * Loop: 
        N/A

============================================================
+ Verbose Summary: Synthesis Manager
============================================================
InlineROM: 1
ExposeGlobal: 0
============================================================
+ Verbose Summary: CDFG Model
============================================================
IsTopModel: 0
ResetActiveHigh: 1
IsCombinational: 0
IsDatapathOnly: 0
HasWiredReturn: 1
HasMFsm: 0
HasVarLatency: 1
IsPipeline: 0
IsRtlPipelined: 0
IsInstanceOverlapped: 0
IsDontTouch: 0
HasImplIP: 0
IsGatedGlobalClock: 0


============================================================
+ Verbose Summary: Schedule
============================================================
* Number of FSM states : 4
* Pipeline : 0
* Dataflow Pipeline: 0

* FSM state transitions: 
1 --> 2 3 
2 --> 3 
3 --> 4 
4 --> 

* FSM state operations: 

State 1 <SV = 0> <Delay = 3.45>
ST_1 : Operation 5 [1/1] (0.00ns)   --->   "call void (...)* @_ssdm_op_SpecInterface(i8* %res_stream_V_data_0_V, [8 x i8]* @ap_fifo_str, i32 0, i32 0, [1 x i8]* @p_str, i32 0, i32 0, [1 x i8]* @p_str, [1 x i8]* @p_str, [1 x i8]* @p_str, i32 2, i32 2, i32 16, i32 16, [1 x i8]* @p_str, [1 x i8]* @p_str)"   --->   Operation 5 'specinterface' <Predicate = true> <Delay = 0.00>
ST_1 : Operation 6 [1/1] (0.00ns)   --->   "call void (...)* @_ssdm_op_SpecInterface(i8* %res_stream_V_data_1_V, [8 x i8]* @ap_fifo_str, i32 0, i32 0, [1 x i8]* @p_str, i32 0, i32 0, [1 x i8]* @p_str, [1 x i8]* @p_str, [1 x i8]* @p_str, i32 2, i32 2, i32 16, i32 16, [1 x i8]* @p_str, [1 x i8]* @p_str)"   --->   Operation 6 'specinterface' <Predicate = true> <Delay = 0.00>
ST_1 : Operation 7 [1/1] (0.00ns)   --->   "call void (...)* @_ssdm_op_SpecInterface(i8* %res_stream_V_data_2_V, [8 x i8]* @ap_fifo_str, i32 0, i32 0, [1 x i8]* @p_str, i32 0, i32 0, [1 x i8]* @p_str, [1 x i8]* @p_str, [1 x i8]* @p_str, i32 2, i32 2, i32 16, i32 16, [1 x i8]* @p_str, [1 x i8]* @p_str)"   --->   Operation 7 'specinterface' <Predicate = true> <Delay = 0.00>
ST_1 : Operation 8 [1/1] (0.00ns)   --->   "call void (...)* @_ssdm_op_SpecInterface(i8* %res_stream_V_data_3_V, [8 x i8]* @ap_fifo_str, i32 0, i32 0, [1 x i8]* @p_str, i32 0, i32 0, [1 x i8]* @p_str, [1 x i8]* @p_str, [1 x i8]* @p_str, i32 2, i32 2, i32 16, i32 16, [1 x i8]* @p_str, [1 x i8]* @p_str)"   --->   Operation 8 'specinterface' <Predicate = true> <Delay = 0.00>
ST_1 : Operation 9 [1/1] (0.00ns)   --->   "call void (...)* @_ssdm_op_SpecInterface(i8* %res_stream_V_data_4_V, [8 x i8]* @ap_fifo_str, i32 0, i32 0, [1 x i8]* @p_str, i32 0, i32 0, [1 x i8]* @p_str, [1 x i8]* @p_str, [1 x i8]* @p_str, i32 2, i32 2, i32 16, i32 16, [1 x i8]* @p_str, [1 x i8]* @p_str)"   --->   Operation 9 'specinterface' <Predicate = true> <Delay = 0.00>
ST_1 : Operation 10 [1/1] (0.00ns)   --->   "call void (...)* @_ssdm_op_SpecInterface(i8* %res_stream_V_data_5_V, [8 x i8]* @ap_fifo_str, i32 0, i32 0, [1 x i8]* @p_str, i32 0, i32 0, [1 x i8]* @p_str, [1 x i8]* @p_str, [1 x i8]* @p_str, i32 2, i32 2, i32 16, i32 16, [1 x i8]* @p_str, [1 x i8]* @p_str)"   --->   Operation 10 'specinterface' <Predicate = true> <Delay = 0.00>
ST_1 : Operation 11 [1/1] (0.00ns)   --->   "call void (...)* @_ssdm_op_SpecInterface(i8* %res_stream_V_data_6_V, [8 x i8]* @ap_fifo_str, i32 0, i32 0, [1 x i8]* @p_str, i32 0, i32 0, [1 x i8]* @p_str, [1 x i8]* @p_str, [1 x i8]* @p_str, i32 2, i32 2, i32 16, i32 16, [1 x i8]* @p_str, [1 x i8]* @p_str)"   --->   Operation 11 'specinterface' <Predicate = true> <Delay = 0.00>
ST_1 : Operation 12 [1/1] (0.00ns)   --->   "call void (...)* @_ssdm_op_SpecInterface(i8* %res_stream_V_data_7_V, [8 x i8]* @ap_fifo_str, i32 0, i32 0, [1 x i8]* @p_str, i32 0, i32 0, [1 x i8]* @p_str, [1 x i8]* @p_str, [1 x i8]* @p_str, i32 2, i32 2, i32 16, i32 16, [1 x i8]* @p_str, [1 x i8]* @p_str)"   --->   Operation 12 'specinterface' <Predicate = true> <Delay = 0.00>
ST_1 : Operation 13 [1/1] (0.00ns)   --->   "%in_elem_data_2_V_read_6 = call i8 @_ssdm_op_Read.ap_auto.i8(i8 %in_elem_data_2_V_read)"   --->   Operation 13 'read' 'in_elem_data_2_V_read_6' <Predicate = true> <Delay = 0.00>
ST_1 : Operation 14 [1/1] (0.00ns)   --->   "%in_elem_data_1_V_read_6 = call i8 @_ssdm_op_Read.ap_auto.i8(i8 %in_elem_data_1_V_read)"   --->   Operation 14 'read' 'in_elem_data_1_V_read_6' <Predicate = true> <Delay = 0.00>
ST_1 : Operation 15 [1/1] (0.00ns)   --->   "%in_elem_data_0_V_read_6 = call i8 @_ssdm_op_Read.ap_auto.i8(i8 %in_elem_data_0_V_read)"   --->   Operation 15 'read' 'in_elem_data_0_V_read_6' <Predicate = true> <Delay = 0.00>
ST_1 : Operation 16 [1/1] (0.00ns)   --->   "%kernel_data_V_2_3_load = load i8* @kernel_data_V_2_3, align 1" [firmware/nnet_utils/nnet_conv_stream.h:281]   --->   Operation 16 'load' 'kernel_data_V_2_3_load' <Predicate = true> <Delay = 0.00>
ST_1 : Operation 17 [1/1] (0.00ns)   --->   "%kernel_data_V_2_4_load = load i8* @kernel_data_V_2_4, align 1" [firmware/nnet_utils/nnet_conv_stream.h:281]   --->   Operation 17 'load' 'kernel_data_V_2_4_load' <Predicate = true> <Delay = 0.00>
ST_1 : Operation 18 [1/1] (0.00ns)   --->   "%kernel_data_V_2_5_load = load i8* @kernel_data_V_2_5, align 1" [firmware/nnet_utils/nnet_conv_stream.h:281]   --->   Operation 18 'load' 'kernel_data_V_2_5_load' <Predicate = true> <Delay = 0.00>
ST_1 : Operation 19 [1/1] (0.00ns)   --->   "%kernel_data_V_2_6_load = load i8* @kernel_data_V_2_6, align 1" [firmware/nnet_utils/nnet_conv_stream.h:281]   --->   Operation 19 'load' 'kernel_data_V_2_6_load' <Predicate = true> <Delay = 0.00>
ST_1 : Operation 20 [1/1] (0.00ns)   --->   "%kernel_data_V_2_7_load = load i8* @kernel_data_V_2_7, align 1" [firmware/nnet_utils/nnet_conv_stream.h:281]   --->   Operation 20 'load' 'kernel_data_V_2_7_load' <Predicate = true> <Delay = 0.00>
ST_1 : Operation 21 [1/1] (0.00ns)   --->   "%kernel_data_V_2_8_load = load i8* @kernel_data_V_2_8, align 1" [firmware/nnet_utils/nnet_conv_stream.h:281]   --->   Operation 21 'load' 'kernel_data_V_2_8_load' <Predicate = true> <Delay = 0.00>
ST_1 : Operation 22 [1/1] (0.00ns)   --->   "%kernel_data_V_2_12_load = load i8* @kernel_data_V_2_12, align 1" [firmware/nnet_utils/nnet_conv_stream.h:281]   --->   Operation 22 'load' 'kernel_data_V_2_12_load' <Predicate = true> <Delay = 0.00>
ST_1 : Operation 23 [1/1] (0.00ns)   --->   "%kernel_data_V_2_13_load = load i8* @kernel_data_V_2_13, align 1" [firmware/nnet_utils/nnet_conv_stream.h:281]   --->   Operation 23 'load' 'kernel_data_V_2_13_load' <Predicate = true> <Delay = 0.00>
ST_1 : Operation 24 [1/1] (0.00ns)   --->   "%kernel_data_V_2_14_load = load i8* @kernel_data_V_2_14, align 1" [firmware/nnet_utils/nnet_conv_stream.h:281]   --->   Operation 24 'load' 'kernel_data_V_2_14_load' <Predicate = true> <Delay = 0.00>
ST_1 : Operation 25 [1/1] (0.00ns)   --->   "%kernel_data_V_2_15_load = load i8* @kernel_data_V_2_15, align 1" [firmware/nnet_utils/nnet_conv_stream.h:281]   --->   Operation 25 'load' 'kernel_data_V_2_15_load' <Predicate = true> <Delay = 0.00>
ST_1 : Operation 26 [1/1] (0.00ns)   --->   "%kernel_data_V_2_16_load = load i8* @kernel_data_V_2_16, align 1" [firmware/nnet_utils/nnet_conv_stream.h:281]   --->   Operation 26 'load' 'kernel_data_V_2_16_load' <Predicate = true> <Delay = 0.00>
ST_1 : Operation 27 [1/1] (0.00ns)   --->   "%kernel_data_V_2_17_load = load i8* @kernel_data_V_2_17, align 1" [firmware/nnet_utils/nnet_conv_stream.h:281]   --->   Operation 27 'load' 'kernel_data_V_2_17_load' <Predicate = true> <Delay = 0.00>
ST_1 : Operation 28 [1/1] (0.00ns)   --->   "%kernel_data_V_2_21_load = load i8* @kernel_data_V_2_21, align 1" [firmware/nnet_utils/nnet_conv_stream.h:281]   --->   Operation 28 'load' 'kernel_data_V_2_21_load' <Predicate = true> <Delay = 0.00>
ST_1 : Operation 29 [1/1] (0.00ns)   --->   "%kernel_data_V_2_22_load = load i8* @kernel_data_V_2_22, align 1" [firmware/nnet_utils/nnet_conv_stream.h:281]   --->   Operation 29 'load' 'kernel_data_V_2_22_load' <Predicate = true> <Delay = 0.00>
ST_1 : Operation 30 [1/1] (0.00ns)   --->   "%kernel_data_V_2_23_load = load i8* @kernel_data_V_2_23, align 1" [firmware/nnet_utils/nnet_conv_stream.h:281]   --->   Operation 30 'load' 'kernel_data_V_2_23_load' <Predicate = true> <Delay = 0.00>
ST_1 : Operation 31 [1/1] (0.00ns)   --->   "%kernel_data_V_2_24_load = load i8* @kernel_data_V_2_24, align 1" [firmware/nnet_utils/nnet_conv_stream.h:281]   --->   Operation 31 'load' 'kernel_data_V_2_24_load' <Predicate = true> <Delay = 0.00>
ST_1 : Operation 32 [1/1] (0.00ns)   --->   "%kernel_data_V_2_25_load = load i8* @kernel_data_V_2_25, align 1" [firmware/nnet_utils/nnet_conv_stream.h:281]   --->   Operation 32 'load' 'kernel_data_V_2_25_load' <Predicate = true> <Delay = 0.00>
ST_1 : Operation 33 [1/1] (0.00ns)   --->   "%kernel_data_V_2_26_load = load i8* @kernel_data_V_2_26, align 1" [firmware/nnet_utils/nnet_conv_stream.h:281]   --->   Operation 33 'load' 'kernel_data_V_2_26_load' <Predicate = true> <Delay = 0.00>
ST_1 : Operation 34 [1/1] (3.24ns)   --->   "%call_ret2 = call fastcc { i8, i8, i8, i8, i8, i8, i8, i8, i8, i8, i8, i8, i8, i8, i8, i8, i8, i8, i8, i8, i8, i8, i8, i8, i8, i8, i8 } @"shift_line_buffer<array<ap_fixed<8, 4, 5, 3, 0>, 3u>, config2>"(i8 %in_elem_data_0_V_read_6, i8 %in_elem_data_1_V_read_6, i8 %in_elem_data_2_V_read_6, i8 %kernel_data_V_2_3_load, i8 %kernel_data_V_2_4_load, i8 %kernel_data_V_2_5_load, i8 %kernel_data_V_2_6_load, i8 %kernel_data_V_2_7_load, i8 %kernel_data_V_2_8_load, i8 %kernel_data_V_2_12_load, i8 %kernel_data_V_2_13_load, i8 %kernel_data_V_2_14_load, i8 %kernel_data_V_2_15_load, i8 %kernel_data_V_2_16_load, i8 %kernel_data_V_2_17_load, i8 %kernel_data_V_2_21_load, i8 %kernel_data_V_2_22_load, i8 %kernel_data_V_2_23_load, i8 %kernel_data_V_2_24_load, i8 %kernel_data_V_2_25_load, i8 %kernel_data_V_2_26_load)" [firmware/nnet_utils/nnet_conv_stream.h:281]   --->   Operation 34 'call' 'call_ret2' <Predicate = true> <Delay = 3.24> <CoreType = "Generic">   --->   Core 0 '' <Latency = 0> <II = 1> <Delay = 1.00> <Generic> <Opcode : >
ST_1 : Operation 35 [1/1] (0.00ns)   --->   "%kernel_data_V_2_20_ret = extractvalue { i8, i8, i8, i8, i8, i8, i8, i8, i8, i8, i8, i8, i8, i8, i8, i8, i8, i8, i8, i8, i8, i8, i8, i8, i8, i8, i8 } %call_ret2, 8" [firmware/nnet_utils/nnet_conv_stream.h:281]   --->   Operation 35 'extractvalue' 'kernel_data_V_2_20_ret' <Predicate = true> <Delay = 0.00>
ST_1 : Operation 36 [1/1] (0.00ns)   --->   "%kernel_data_V_2_19_ret = extractvalue { i8, i8, i8, i8, i8, i8, i8, i8, i8, i8, i8, i8, i8, i8, i8, i8, i8, i8, i8, i8, i8, i8, i8, i8, i8, i8, i8 } %call_ret2, 7" [firmware/nnet_utils/nnet_conv_stream.h:281]   --->   Operation 36 'extractvalue' 'kernel_data_V_2_19_ret' <Predicate = true> <Delay = 0.00>
ST_1 : Operation 37 [1/1] (0.00ns)   --->   "%kernel_data_V_2_18_ret = extractvalue { i8, i8, i8, i8, i8, i8, i8, i8, i8, i8, i8, i8, i8, i8, i8, i8, i8, i8, i8, i8, i8, i8, i8, i8, i8, i8, i8 } %call_ret2, 6" [firmware/nnet_utils/nnet_conv_stream.h:281]   --->   Operation 37 'extractvalue' 'kernel_data_V_2_18_ret' <Predicate = true> <Delay = 0.00>
ST_1 : Operation 38 [1/1] (0.00ns)   --->   "%kernel_data_V_2_11_ret = extractvalue { i8, i8, i8, i8, i8, i8, i8, i8, i8, i8, i8, i8, i8, i8, i8, i8, i8, i8, i8, i8, i8, i8, i8, i8, i8, i8, i8 } %call_ret2, 5" [firmware/nnet_utils/nnet_conv_stream.h:281]   --->   Operation 38 'extractvalue' 'kernel_data_V_2_11_ret' <Predicate = true> <Delay = 0.00>
ST_1 : Operation 39 [1/1] (0.00ns)   --->   "%kernel_data_V_2_10_ret = extractvalue { i8, i8, i8, i8, i8, i8, i8, i8, i8, i8, i8, i8, i8, i8, i8, i8, i8, i8, i8, i8, i8, i8, i8, i8, i8, i8, i8 } %call_ret2, 4" [firmware/nnet_utils/nnet_conv_stream.h:281]   --->   Operation 39 'extractvalue' 'kernel_data_V_2_10_ret' <Predicate = true> <Delay = 0.00>
ST_1 : Operation 40 [1/1] (0.00ns)   --->   "%kernel_data_V_2_9_ret = extractvalue { i8, i8, i8, i8, i8, i8, i8, i8, i8, i8, i8, i8, i8, i8, i8, i8, i8, i8, i8, i8, i8, i8, i8, i8, i8, i8, i8 } %call_ret2, 3" [firmware/nnet_utils/nnet_conv_stream.h:281]   --->   Operation 40 'extractvalue' 'kernel_data_V_2_9_ret' <Predicate = true> <Delay = 0.00>
ST_1 : Operation 41 [1/1] (0.00ns)   --->   "%kernel_data_V_2_2_ret = extractvalue { i8, i8, i8, i8, i8, i8, i8, i8, i8, i8, i8, i8, i8, i8, i8, i8, i8, i8, i8, i8, i8, i8, i8, i8, i8, i8, i8 } %call_ret2, 2" [firmware/nnet_utils/nnet_conv_stream.h:281]   --->   Operation 41 'extractvalue' 'kernel_data_V_2_2_ret' <Predicate = true> <Delay = 0.00>
ST_1 : Operation 42 [1/1] (0.00ns)   --->   "%kernel_data_V_2_1_ret = extractvalue { i8, i8, i8, i8, i8, i8, i8, i8, i8, i8, i8, i8, i8, i8, i8, i8, i8, i8, i8, i8, i8, i8, i8, i8, i8, i8, i8 } %call_ret2, 1" [firmware/nnet_utils/nnet_conv_stream.h:281]   --->   Operation 42 'extractvalue' 'kernel_data_V_2_1_ret' <Predicate = true> <Delay = 0.00>
ST_1 : Operation 43 [1/1] (0.00ns)   --->   "%kernel_data_V_2_0_ret = extractvalue { i8, i8, i8, i8, i8, i8, i8, i8, i8, i8, i8, i8, i8, i8, i8, i8, i8, i8, i8, i8, i8, i8, i8, i8, i8, i8, i8 } %call_ret2, 0" [firmware/nnet_utils/nnet_conv_stream.h:281]   --->   Operation 43 'extractvalue' 'kernel_data_V_2_0_ret' <Predicate = true> <Delay = 0.00>
ST_1 : Operation 44 [1/1] (0.00ns)   --->   "%kernel_data_V_2_3_ret = extractvalue { i8, i8, i8, i8, i8, i8, i8, i8, i8, i8, i8, i8, i8, i8, i8, i8, i8, i8, i8, i8, i8, i8, i8, i8, i8, i8, i8 } %call_ret2, 9" [firmware/nnet_utils/nnet_conv_stream.h:281]   --->   Operation 44 'extractvalue' 'kernel_data_V_2_3_ret' <Predicate = true> <Delay = 0.00>
ST_1 : Operation 45 [1/1] (0.00ns)   --->   "store i8 %kernel_data_V_2_3_ret, i8* @kernel_data_V_2_3, align 1" [firmware/nnet_utils/nnet_conv_stream.h:281]   --->   Operation 45 'store' <Predicate = true> <Delay = 0.00>
ST_1 : Operation 46 [1/1] (0.00ns)   --->   "%kernel_data_V_2_4_ret = extractvalue { i8, i8, i8, i8, i8, i8, i8, i8, i8, i8, i8, i8, i8, i8, i8, i8, i8, i8, i8, i8, i8, i8, i8, i8, i8, i8, i8 } %call_ret2, 10" [firmware/nnet_utils/nnet_conv_stream.h:281]   --->   Operation 46 'extractvalue' 'kernel_data_V_2_4_ret' <Predicate = true> <Delay = 0.00>
ST_1 : Operation 47 [1/1] (0.00ns)   --->   "store i8 %kernel_data_V_2_4_ret, i8* @kernel_data_V_2_4, align 1" [firmware/nnet_utils/nnet_conv_stream.h:281]   --->   Operation 47 'store' <Predicate = true> <Delay = 0.00>
ST_1 : Operation 48 [1/1] (0.00ns)   --->   "%kernel_data_V_2_5_ret = extractvalue { i8, i8, i8, i8, i8, i8, i8, i8, i8, i8, i8, i8, i8, i8, i8, i8, i8, i8, i8, i8, i8, i8, i8, i8, i8, i8, i8 } %call_ret2, 11" [firmware/nnet_utils/nnet_conv_stream.h:281]   --->   Operation 48 'extractvalue' 'kernel_data_V_2_5_ret' <Predicate = true> <Delay = 0.00>
ST_1 : Operation 49 [1/1] (0.00ns)   --->   "store i8 %kernel_data_V_2_5_ret, i8* @kernel_data_V_2_5, align 1" [firmware/nnet_utils/nnet_conv_stream.h:281]   --->   Operation 49 'store' <Predicate = true> <Delay = 0.00>
ST_1 : Operation 50 [1/1] (0.00ns)   --->   "%kernel_data_V_2_6_ret = extractvalue { i8, i8, i8, i8, i8, i8, i8, i8, i8, i8, i8, i8, i8, i8, i8, i8, i8, i8, i8, i8, i8, i8, i8, i8, i8, i8, i8 } %call_ret2, 12" [firmware/nnet_utils/nnet_conv_stream.h:281]   --->   Operation 50 'extractvalue' 'kernel_data_V_2_6_ret' <Predicate = true> <Delay = 0.00>
ST_1 : Operation 51 [1/1] (0.00ns)   --->   "store i8 %kernel_data_V_2_6_ret, i8* @kernel_data_V_2_6, align 1" [firmware/nnet_utils/nnet_conv_stream.h:281]   --->   Operation 51 'store' <Predicate = true> <Delay = 0.00>
ST_1 : Operation 52 [1/1] (0.00ns)   --->   "%kernel_data_V_2_7_ret = extractvalue { i8, i8, i8, i8, i8, i8, i8, i8, i8, i8, i8, i8, i8, i8, i8, i8, i8, i8, i8, i8, i8, i8, i8, i8, i8, i8, i8 } %call_ret2, 13" [firmware/nnet_utils/nnet_conv_stream.h:281]   --->   Operation 52 'extractvalue' 'kernel_data_V_2_7_ret' <Predicate = true> <Delay = 0.00>
ST_1 : Operation 53 [1/1] (0.00ns)   --->   "store i8 %kernel_data_V_2_7_ret, i8* @kernel_data_V_2_7, align 1" [firmware/nnet_utils/nnet_conv_stream.h:281]   --->   Operation 53 'store' <Predicate = true> <Delay = 0.00>
ST_1 : Operation 54 [1/1] (0.00ns)   --->   "%kernel_data_V_2_8_ret = extractvalue { i8, i8, i8, i8, i8, i8, i8, i8, i8, i8, i8, i8, i8, i8, i8, i8, i8, i8, i8, i8, i8, i8, i8, i8, i8, i8, i8 } %call_ret2, 14" [firmware/nnet_utils/nnet_conv_stream.h:281]   --->   Operation 54 'extractvalue' 'kernel_data_V_2_8_ret' <Predicate = true> <Delay = 0.00>
ST_1 : Operation 55 [1/1] (0.00ns)   --->   "store i8 %kernel_data_V_2_8_ret, i8* @kernel_data_V_2_8, align 1" [firmware/nnet_utils/nnet_conv_stream.h:281]   --->   Operation 55 'store' <Predicate = true> <Delay = 0.00>
ST_1 : Operation 56 [1/1] (0.00ns)   --->   "%kernel_data_V_2_12_ret = extractvalue { i8, i8, i8, i8, i8, i8, i8, i8, i8, i8, i8, i8, i8, i8, i8, i8, i8, i8, i8, i8, i8, i8, i8, i8, i8, i8, i8 } %call_ret2, 15" [firmware/nnet_utils/nnet_conv_stream.h:281]   --->   Operation 56 'extractvalue' 'kernel_data_V_2_12_ret' <Predicate = true> <Delay = 0.00>
ST_1 : Operation 57 [1/1] (0.00ns)   --->   "store i8 %kernel_data_V_2_12_ret, i8* @kernel_data_V_2_12, align 1" [firmware/nnet_utils/nnet_conv_stream.h:281]   --->   Operation 57 'store' <Predicate = true> <Delay = 0.00>
ST_1 : Operation 58 [1/1] (0.00ns)   --->   "%kernel_data_V_2_13_ret = extractvalue { i8, i8, i8, i8, i8, i8, i8, i8, i8, i8, i8, i8, i8, i8, i8, i8, i8, i8, i8, i8, i8, i8, i8, i8, i8, i8, i8 } %call_ret2, 16" [firmware/nnet_utils/nnet_conv_stream.h:281]   --->   Operation 58 'extractvalue' 'kernel_data_V_2_13_ret' <Predicate = true> <Delay = 0.00>
ST_1 : Operation 59 [1/1] (0.00ns)   --->   "store i8 %kernel_data_V_2_13_ret, i8* @kernel_data_V_2_13, align 1" [firmware/nnet_utils/nnet_conv_stream.h:281]   --->   Operation 59 'store' <Predicate = true> <Delay = 0.00>
ST_1 : Operation 60 [1/1] (0.00ns)   --->   "%kernel_data_V_2_14_ret = extractvalue { i8, i8, i8, i8, i8, i8, i8, i8, i8, i8, i8, i8, i8, i8, i8, i8, i8, i8, i8, i8, i8, i8, i8, i8, i8, i8, i8 } %call_ret2, 17" [firmware/nnet_utils/nnet_conv_stream.h:281]   --->   Operation 60 'extractvalue' 'kernel_data_V_2_14_ret' <Predicate = true> <Delay = 0.00>
ST_1 : Operation 61 [1/1] (0.00ns)   --->   "store i8 %kernel_data_V_2_14_ret, i8* @kernel_data_V_2_14, align 1" [firmware/nnet_utils/nnet_conv_stream.h:281]   --->   Operation 61 'store' <Predicate = true> <Delay = 0.00>
ST_1 : Operation 62 [1/1] (0.00ns)   --->   "%kernel_data_V_2_15_ret = extractvalue { i8, i8, i8, i8, i8, i8, i8, i8, i8, i8, i8, i8, i8, i8, i8, i8, i8, i8, i8, i8, i8, i8, i8, i8, i8, i8, i8 } %call_ret2, 18" [firmware/nnet_utils/nnet_conv_stream.h:281]   --->   Operation 62 'extractvalue' 'kernel_data_V_2_15_ret' <Predicate = true> <Delay = 0.00>
ST_1 : Operation 63 [1/1] (0.00ns)   --->   "store i8 %kernel_data_V_2_15_ret, i8* @kernel_data_V_2_15, align 1" [firmware/nnet_utils/nnet_conv_stream.h:281]   --->   Operation 63 'store' <Predicate = true> <Delay = 0.00>
ST_1 : Operation 64 [1/1] (0.00ns)   --->   "%kernel_data_V_2_16_ret = extractvalue { i8, i8, i8, i8, i8, i8, i8, i8, i8, i8, i8, i8, i8, i8, i8, i8, i8, i8, i8, i8, i8, i8, i8, i8, i8, i8, i8 } %call_ret2, 19" [firmware/nnet_utils/nnet_conv_stream.h:281]   --->   Operation 64 'extractvalue' 'kernel_data_V_2_16_ret' <Predicate = true> <Delay = 0.00>
ST_1 : Operation 65 [1/1] (0.00ns)   --->   "store i8 %kernel_data_V_2_16_ret, i8* @kernel_data_V_2_16, align 1" [firmware/nnet_utils/nnet_conv_stream.h:281]   --->   Operation 65 'store' <Predicate = true> <Delay = 0.00>
ST_1 : Operation 66 [1/1] (0.00ns)   --->   "%kernel_data_V_2_17_ret = extractvalue { i8, i8, i8, i8, i8, i8, i8, i8, i8, i8, i8, i8, i8, i8, i8, i8, i8, i8, i8, i8, i8, i8, i8, i8, i8, i8, i8 } %call_ret2, 20" [firmware/nnet_utils/nnet_conv_stream.h:281]   --->   Operation 66 'extractvalue' 'kernel_data_V_2_17_ret' <Predicate = true> <Delay = 0.00>
ST_1 : Operation 67 [1/1] (0.00ns)   --->   "store i8 %kernel_data_V_2_17_ret, i8* @kernel_data_V_2_17, align 1" [firmware/nnet_utils/nnet_conv_stream.h:281]   --->   Operation 67 'store' <Predicate = true> <Delay = 0.00>
ST_1 : Operation 68 [1/1] (0.00ns)   --->   "%kernel_data_V_2_21_ret = extractvalue { i8, i8, i8, i8, i8, i8, i8, i8, i8, i8, i8, i8, i8, i8, i8, i8, i8, i8, i8, i8, i8, i8, i8, i8, i8, i8, i8 } %call_ret2, 21" [firmware/nnet_utils/nnet_conv_stream.h:281]   --->   Operation 68 'extractvalue' 'kernel_data_V_2_21_ret' <Predicate = true> <Delay = 0.00>
ST_1 : Operation 69 [1/1] (0.00ns)   --->   "store i8 %kernel_data_V_2_21_ret, i8* @kernel_data_V_2_21, align 1" [firmware/nnet_utils/nnet_conv_stream.h:281]   --->   Operation 69 'store' <Predicate = true> <Delay = 0.00>
ST_1 : Operation 70 [1/1] (0.00ns)   --->   "%kernel_data_V_2_22_ret = extractvalue { i8, i8, i8, i8, i8, i8, i8, i8, i8, i8, i8, i8, i8, i8, i8, i8, i8, i8, i8, i8, i8, i8, i8, i8, i8, i8, i8 } %call_ret2, 22" [firmware/nnet_utils/nnet_conv_stream.h:281]   --->   Operation 70 'extractvalue' 'kernel_data_V_2_22_ret' <Predicate = true> <Delay = 0.00>
ST_1 : Operation 71 [1/1] (0.00ns)   --->   "store i8 %kernel_data_V_2_22_ret, i8* @kernel_data_V_2_22, align 1" [firmware/nnet_utils/nnet_conv_stream.h:281]   --->   Operation 71 'store' <Predicate = true> <Delay = 0.00>
ST_1 : Operation 72 [1/1] (0.00ns)   --->   "%kernel_data_V_2_23_ret = extractvalue { i8, i8, i8, i8, i8, i8, i8, i8, i8, i8, i8, i8, i8, i8, i8, i8, i8, i8, i8, i8, i8, i8, i8, i8, i8, i8, i8 } %call_ret2, 23" [firmware/nnet_utils/nnet_conv_stream.h:281]   --->   Operation 72 'extractvalue' 'kernel_data_V_2_23_ret' <Predicate = true> <Delay = 0.00>
ST_1 : Operation 73 [1/1] (0.00ns)   --->   "store i8 %kernel_data_V_2_23_ret, i8* @kernel_data_V_2_23, align 1" [firmware/nnet_utils/nnet_conv_stream.h:281]   --->   Operation 73 'store' <Predicate = true> <Delay = 0.00>
ST_1 : Operation 74 [1/1] (0.00ns)   --->   "%kernel_data_V_2_24_ret = extractvalue { i8, i8, i8, i8, i8, i8, i8, i8, i8, i8, i8, i8, i8, i8, i8, i8, i8, i8, i8, i8, i8, i8, i8, i8, i8, i8, i8 } %call_ret2, 24" [firmware/nnet_utils/nnet_conv_stream.h:281]   --->   Operation 74 'extractvalue' 'kernel_data_V_2_24_ret' <Predicate = true> <Delay = 0.00>
ST_1 : Operation 75 [1/1] (0.00ns)   --->   "store i8 %kernel_data_V_2_24_ret, i8* @kernel_data_V_2_24, align 1" [firmware/nnet_utils/nnet_conv_stream.h:281]   --->   Operation 75 'store' <Predicate = true> <Delay = 0.00>
ST_1 : Operation 76 [1/1] (0.00ns)   --->   "%kernel_data_V_2_25_ret = extractvalue { i8, i8, i8, i8, i8, i8, i8, i8, i8, i8, i8, i8, i8, i8, i8, i8, i8, i8, i8, i8, i8, i8, i8, i8, i8, i8, i8 } %call_ret2, 25" [firmware/nnet_utils/nnet_conv_stream.h:281]   --->   Operation 76 'extractvalue' 'kernel_data_V_2_25_ret' <Predicate = true> <Delay = 0.00>
ST_1 : Operation 77 [1/1] (0.00ns)   --->   "store i8 %kernel_data_V_2_25_ret, i8* @kernel_data_V_2_25, align 1" [firmware/nnet_utils/nnet_conv_stream.h:281]   --->   Operation 77 'store' <Predicate = true> <Delay = 0.00>
ST_1 : Operation 78 [1/1] (0.00ns)   --->   "%kernel_data_V_2_26_ret = extractvalue { i8, i8, i8, i8, i8, i8, i8, i8, i8, i8, i8, i8, i8, i8, i8, i8, i8, i8, i8, i8, i8, i8, i8, i8, i8, i8, i8 } %call_ret2, 26" [firmware/nnet_utils/nnet_conv_stream.h:281]   --->   Operation 78 'extractvalue' 'kernel_data_V_2_26_ret' <Predicate = true> <Delay = 0.00>
ST_1 : Operation 79 [1/1] (0.00ns)   --->   "store i8 %kernel_data_V_2_26_ret, i8* @kernel_data_V_2_26, align 1" [firmware/nnet_utils/nnet_conv_stream.h:281]   --->   Operation 79 'store' <Predicate = true> <Delay = 0.00>
ST_1 : Operation 80 [1/1] (0.00ns)   --->   "store i8 %kernel_data_V_2_0_ret, i8* @kernel_data_V_2_0, align 1" [firmware/nnet_utils/nnet_conv_stream.h:281]   --->   Operation 80 'store' <Predicate = true> <Delay = 0.00>
ST_1 : Operation 81 [1/1] (0.00ns)   --->   "store i8 %kernel_data_V_2_1_ret, i8* @kernel_data_V_2_1, align 1" [firmware/nnet_utils/nnet_conv_stream.h:281]   --->   Operation 81 'store' <Predicate = true> <Delay = 0.00>
ST_1 : Operation 82 [1/1] (0.00ns)   --->   "store i8 %kernel_data_V_2_2_ret, i8* @kernel_data_V_2_2, align 1" [firmware/nnet_utils/nnet_conv_stream.h:281]   --->   Operation 82 'store' <Predicate = true> <Delay = 0.00>
ST_1 : Operation 83 [1/1] (0.00ns)   --->   "store i8 %kernel_data_V_2_9_ret, i8* @kernel_data_V_2_9, align 1" [firmware/nnet_utils/nnet_conv_stream.h:281]   --->   Operation 83 'store' <Predicate = true> <Delay = 0.00>
ST_1 : Operation 84 [1/1] (0.00ns)   --->   "store i8 %kernel_data_V_2_10_ret, i8* @kernel_data_V_2_10, align 1" [firmware/nnet_utils/nnet_conv_stream.h:281]   --->   Operation 84 'store' <Predicate = true> <Delay = 0.00>
ST_1 : Operation 85 [1/1] (0.00ns)   --->   "store i8 %kernel_data_V_2_11_ret, i8* @kernel_data_V_2_11, align 1" [firmware/nnet_utils/nnet_conv_stream.h:281]   --->   Operation 85 'store' <Predicate = true> <Delay = 0.00>
ST_1 : Operation 86 [1/1] (0.00ns)   --->   "store i8 %kernel_data_V_2_18_ret, i8* @kernel_data_V_2_18, align 1" [firmware/nnet_utils/nnet_conv_stream.h:281]   --->   Operation 86 'store' <Predicate = true> <Delay = 0.00>
ST_1 : Operation 87 [1/1] (0.00ns)   --->   "store i8 %kernel_data_V_2_19_ret, i8* @kernel_data_V_2_19, align 1" [firmware/nnet_utils/nnet_conv_stream.h:281]   --->   Operation 87 'store' <Predicate = true> <Delay = 0.00>
ST_1 : Operation 88 [1/1] (0.00ns)   --->   "store i8 %kernel_data_V_2_20_ret, i8* @kernel_data_V_2_20, align 1" [firmware/nnet_utils/nnet_conv_stream.h:281]   --->   Operation 88 'store' <Predicate = true> <Delay = 0.00>
ST_1 : Operation 89 [1/1] (0.00ns)   --->   "%sX_2_load = load i32* @sX_2, align 4" [firmware/nnet_utils/nnet_conv_stream.h:284]   --->   Operation 89 'load' 'sX_2_load' <Predicate = true> <Delay = 0.00>
ST_1 : Operation 90 [1/1] (2.47ns)   --->   "%icmp_ln284 = icmp eq i32 %sX_2_load, 2" [firmware/nnet_utils/nnet_conv_stream.h:284]   --->   Operation 90 'icmp' 'icmp_ln284' <Predicate = true> <Delay = 2.47> <Core = "Cmp">   --->   Core 25 'Cmp' <Latency = 0> <II = 1> <Delay = 2.47> <FuncUnit> <Opcode : 'icmp'> <InPorts = 2> <OutPorts = 1>
ST_1 : Operation 91 [1/1] (0.00ns)   --->   "%sY_2_load = load i32* @sY_2, align 4" [firmware/nnet_utils/nnet_conv_stream.h:284]   --->   Operation 91 'load' 'sY_2_load' <Predicate = true> <Delay = 0.00>
ST_1 : Operation 92 [1/1] (2.47ns)   --->   "%icmp_ln284_4 = icmp eq i32 %sY_2_load, 2" [firmware/nnet_utils/nnet_conv_stream.h:284]   --->   Operation 92 'icmp' 'icmp_ln284_4' <Predicate = true> <Delay = 2.47> <Core = "Cmp">   --->   Core 25 'Cmp' <Latency = 0> <II = 1> <Delay = 2.47> <FuncUnit> <Opcode : 'icmp'> <InPorts = 2> <OutPorts = 1>
ST_1 : Operation 93 [1/1] (0.00ns)   --->   "%pY_2_load = load i32* @pY_2, align 4" [firmware/nnet_utils/nnet_conv_stream.h:284]   --->   Operation 93 'load' 'pY_2_load' <Predicate = true> <Delay = 0.00>
ST_1 : Operation 94 [1/1] (0.00ns)   --->   "%tmp_3 = call i31 @_ssdm_op_PartSelect.i31.i32.i32.i32(i32 %pY_2_load, i32 1, i32 31)" [firmware/nnet_utils/nnet_conv_stream.h:284]   --->   Operation 94 'partselect' 'tmp_3' <Predicate = true> <Delay = 0.00>
ST_1 : Operation 95 [1/1] (2.47ns)   --->   "%icmp_ln284_5 = icmp sgt i31 %tmp_3, 0" [firmware/nnet_utils/nnet_conv_stream.h:284]   --->   Operation 95 'icmp' 'icmp_ln284_5' <Predicate = true> <Delay = 2.47> <Core = "Cmp">   --->   Core 25 'Cmp' <Latency = 0> <II = 1> <Delay = 2.47> <FuncUnit> <Opcode : 'icmp'> <InPorts = 2> <OutPorts = 1>
ST_1 : Operation 96 [1/1] (0.00ns)   --->   "%pX_2_load = load i32* @pX_2, align 4" [firmware/nnet_utils/nnet_conv_stream.h:284]   --->   Operation 96 'load' 'pX_2_load' <Predicate = true> <Delay = 0.00>
ST_1 : Operation 97 [1/1] (0.00ns)   --->   "%tmp_4 = call i31 @_ssdm_op_PartSelect.i31.i32.i32.i32(i32 %pX_2_load, i32 1, i32 31)" [firmware/nnet_utils/nnet_conv_stream.h:284]   --->   Operation 97 'partselect' 'tmp_4' <Predicate = true> <Delay = 0.00>
ST_1 : Operation 98 [1/1] (2.47ns)   --->   "%icmp_ln284_6 = icmp sgt i31 %tmp_4, 0" [firmware/nnet_utils/nnet_conv_stream.h:284]   --->   Operation 98 'icmp' 'icmp_ln284_6' <Predicate = true> <Delay = 2.47> <Core = "Cmp">   --->   Core 25 'Cmp' <Latency = 0> <II = 1> <Delay = 2.47> <FuncUnit> <Opcode : 'icmp'> <InPorts = 2> <OutPorts = 1>
ST_1 : Operation 99 [1/1] (0.00ns) (grouped into LUT with out node and_ln284_4)   --->   "%and_ln284 = and i1 %icmp_ln284, %icmp_ln284_4" [firmware/nnet_utils/nnet_conv_stream.h:284]   --->   Operation 99 'and' 'and_ln284' <Predicate = true> <Delay = 0.00> <Core = "LogicGate">   --->   Core 27 'LogicGate' <Latency = 0> <II = 1> <Delay = 0.97> <FuncUnit> <Opcode : 'and' 'or' 'xor'> <InPorts = 2> <OutPorts = 1>
ST_1 : Operation 100 [1/1] (0.00ns) (grouped into LUT with out node and_ln284_4)   --->   "%and_ln284_3 = and i1 %icmp_ln284_5, %icmp_ln284_6" [firmware/nnet_utils/nnet_conv_stream.h:284]   --->   Operation 100 'and' 'and_ln284_3' <Predicate = true> <Delay = 0.00> <Core = "LogicGate">   --->   Core 27 'LogicGate' <Latency = 0> <II = 1> <Delay = 0.97> <FuncUnit> <Opcode : 'and' 'or' 'xor'> <InPorts = 2> <OutPorts = 1>
ST_1 : Operation 101 [1/1] (0.97ns) (out node of the LUT)   --->   "%and_ln284_4 = and i1 %and_ln284_3, %and_ln284" [firmware/nnet_utils/nnet_conv_stream.h:284]   --->   Operation 101 'and' 'and_ln284_4' <Predicate = true> <Delay = 0.97> <Core = "LogicGate">   --->   Core 27 'LogicGate' <Latency = 0> <II = 1> <Delay = 0.97> <FuncUnit> <Opcode : 'and' 'or' 'xor'> <InPorts = 2> <OutPorts = 1>
ST_1 : Operation 102 [1/1] (0.00ns)   --->   "br i1 %and_ln284_4, label %0, label %._crit_edge22" [firmware/nnet_utils/nnet_conv_stream.h:284]   --->   Operation 102 'br' <Predicate = true> <Delay = 0.00>
ST_1 : Operation 103 [2/2] (0.00ns)   --->   "%tmp = call fastcc { i8, i8, i8, i8, i8, i8, i8, i8 } @dense_resource_rf_gt_nin_rem0.0.0.0.0.0.0.0.0.0.1()" [firmware/nnet_utils/nnet_dense.h:76->firmware/nnet_utils/nnet_conv_stream.h:288]   --->   Operation 103 'call' 'tmp' <Predicate = (and_ln284_4)> <Delay = 0.00> <CoreType = "Generic">   --->   Core 0 '' <Latency = 0> <II = 1> <Delay = 1.00> <Generic> <Opcode : >

State 2 <SV = 1> <Delay = 6.16>
ST_2 : Operation 104 [1/2] (6.16ns)   --->   "%tmp = call fastcc { i8, i8, i8, i8, i8, i8, i8, i8 } @dense_resource_rf_gt_nin_rem0.0.0.0.0.0.0.0.0.0.1()" [firmware/nnet_utils/nnet_dense.h:76->firmware/nnet_utils/nnet_conv_stream.h:288]   --->   Operation 104 'call' 'tmp' <Predicate = true> <Delay = 6.16> <CoreType = "Generic">   --->   Core 0 '' <Latency = 0> <II = 1> <Delay = 1.00> <Generic> <Opcode : >
ST_2 : Operation 105 [1/1] (0.00ns)   --->   "%tmp_data_0_V = extractvalue { i8, i8, i8, i8, i8, i8, i8, i8 } %tmp, 0" [firmware/nnet_utils/nnet_dense.h:76->firmware/nnet_utils/nnet_conv_stream.h:288]   --->   Operation 105 'extractvalue' 'tmp_data_0_V' <Predicate = true> <Delay = 0.00>
ST_2 : Operation 106 [1/1] (0.00ns)   --->   "%tmp_data_1_V = extractvalue { i8, i8, i8, i8, i8, i8, i8, i8 } %tmp, 1" [firmware/nnet_utils/nnet_dense.h:76->firmware/nnet_utils/nnet_conv_stream.h:288]   --->   Operation 106 'extractvalue' 'tmp_data_1_V' <Predicate = true> <Delay = 0.00>
ST_2 : Operation 107 [1/1] (0.00ns)   --->   "%tmp_data_2_V = extractvalue { i8, i8, i8, i8, i8, i8, i8, i8 } %tmp, 2" [firmware/nnet_utils/nnet_dense.h:76->firmware/nnet_utils/nnet_conv_stream.h:288]   --->   Operation 107 'extractvalue' 'tmp_data_2_V' <Predicate = true> <Delay = 0.00>
ST_2 : Operation 108 [1/1] (0.00ns)   --->   "%tmp_data_3_V = extractvalue { i8, i8, i8, i8, i8, i8, i8, i8 } %tmp, 3" [firmware/nnet_utils/nnet_dense.h:76->firmware/nnet_utils/nnet_conv_stream.h:288]   --->   Operation 108 'extractvalue' 'tmp_data_3_V' <Predicate = true> <Delay = 0.00>
ST_2 : Operation 109 [1/1] (0.00ns)   --->   "%tmp_data_4_V = extractvalue { i8, i8, i8, i8, i8, i8, i8, i8 } %tmp, 4" [firmware/nnet_utils/nnet_dense.h:76->firmware/nnet_utils/nnet_conv_stream.h:288]   --->   Operation 109 'extractvalue' 'tmp_data_4_V' <Predicate = true> <Delay = 0.00>
ST_2 : Operation 110 [1/1] (0.00ns)   --->   "%tmp_data_5_V = extractvalue { i8, i8, i8, i8, i8, i8, i8, i8 } %tmp, 5" [firmware/nnet_utils/nnet_dense.h:76->firmware/nnet_utils/nnet_conv_stream.h:288]   --->   Operation 110 'extractvalue' 'tmp_data_5_V' <Predicate = true> <Delay = 0.00>
ST_2 : Operation 111 [1/1] (0.00ns)   --->   "%tmp_data_6_V = extractvalue { i8, i8, i8, i8, i8, i8, i8, i8 } %tmp, 6" [firmware/nnet_utils/nnet_dense.h:76->firmware/nnet_utils/nnet_conv_stream.h:288]   --->   Operation 111 'extractvalue' 'tmp_data_6_V' <Predicate = true> <Delay = 0.00>
ST_2 : Operation 112 [1/1] (0.00ns)   --->   "%tmp_data_7_V = extractvalue { i8, i8, i8, i8, i8, i8, i8, i8 } %tmp, 7" [firmware/nnet_utils/nnet_dense.h:76->firmware/nnet_utils/nnet_conv_stream.h:288]   --->   Operation 112 'extractvalue' 'tmp_data_7_V' <Predicate = true> <Delay = 0.00>

State 3 <SV = 2> <Delay = 4.32>
ST_3 : Operation 113 [1/1] (2.18ns)   --->   "call void @_ssdm_op_Write.ap_fifo.volatile.i8P.i8P.i8P.i8P.i8P.i8P.i8P.i8P(i8* %res_stream_V_data_0_V, i8* %res_stream_V_data_1_V, i8* %res_stream_V_data_2_V, i8* %res_stream_V_data_3_V, i8* %res_stream_V_data_4_V, i8* %res_stream_V_data_5_V, i8* %res_stream_V_data_6_V, i8* %res_stream_V_data_7_V, i8 %tmp_data_0_V, i8 %tmp_data_1_V, i8 %tmp_data_2_V, i8 %tmp_data_3_V, i8 %tmp_data_4_V, i8 %tmp_data_5_V, i8 %tmp_data_6_V, i8 %tmp_data_7_V)" [firmware/nnet_utils/nnet_conv_stream.h:299]   --->   Operation 113 'write' <Predicate = (and_ln284_4)> <Delay = 2.18> <Core = "FIFO">   --->   Core 32 'FIFO' <Latency = 0> <II = 1> <Delay = 3.63> <Storage> <Opcode : 'read' 'write' 'nbread' 'nbwrite'> <Ports = 0> <Width = 8> <Depth = 3> <FIFO>
ST_3 : Operation 114 [1/1] (0.00ns)   --->   "br label %._crit_edge22" [firmware/nnet_utils/nnet_conv_stream.h:300]   --->   Operation 114 'br' <Predicate = (and_ln284_4)> <Delay = 0.00>
ST_3 : Operation 115 [1/1] (2.47ns)   --->   "%icmp_ln303 = icmp eq i32 %pX_2_load, 65" [firmware/nnet_utils/nnet_conv_stream.h:303]   --->   Operation 115 'icmp' 'icmp_ln303' <Predicate = true> <Delay = 2.47> <Core = "Cmp">   --->   Core 25 'Cmp' <Latency = 0> <II = 1> <Delay = 2.47> <FuncUnit> <Opcode : 'icmp'> <InPorts = 2> <OutPorts = 1>
ST_3 : Operation 116 [1/1] (0.00ns)   --->   "br i1 %icmp_ln303, label %1, label %5" [firmware/nnet_utils/nnet_conv_stream.h:303]   --->   Operation 116 'br' <Predicate = true> <Delay = 0.00>
ST_3 : Operation 117 [1/1] (2.55ns)   --->   "%add_ln316 = add nsw i32 %pX_2_load, 1" [firmware/nnet_utils/nnet_conv_stream.h:316]   --->   Operation 117 'add' 'add_ln316' <Predicate = (!icmp_ln303)> <Delay = 2.55> <Core = "AddSub">   --->   Core 14 'AddSub' <Latency = 0> <II = 1> <Delay = 2.55> <FuncUnit> <Opcode : 'add' 'sub'> <InPorts = 2> <OutPorts = 1>
ST_3 : Operation 118 [1/1] (1.76ns)   --->   "store i32 %add_ln316, i32* @pX_2, align 4" [firmware/nnet_utils/nnet_conv_stream.h:316]   --->   Operation 118 'store' <Predicate = (!icmp_ln303)> <Delay = 1.76>
ST_3 : Operation 119 [1/1] (2.55ns)   --->   "%add_ln318 = add i32 %sX_2_load, 1" [firmware/nnet_utils/nnet_conv_stream.h:318]   --->   Operation 119 'add' 'add_ln318' <Predicate = (!icmp_ln303 & !icmp_ln284)> <Delay = 2.55> <Core = "AddSub">   --->   Core 14 'AddSub' <Latency = 0> <II = 1> <Delay = 2.55> <FuncUnit> <Opcode : 'add' 'sub'> <InPorts = 2> <OutPorts = 1>
ST_3 : Operation 120 [1/1] (0.69ns)   --->   "%select_ln318 = select i1 %icmp_ln284, i32 2, i32 %add_ln318" [firmware/nnet_utils/nnet_conv_stream.h:318]   --->   Operation 120 'select' 'select_ln318' <Predicate = (!icmp_ln303)> <Delay = 0.69> <Core = "Sel">   --->   Core 26 'Sel' <Latency = 0> <II = 1> <Delay = 0.69> <FuncUnit> <Opcode : 'select'> <InPorts = 3> <OutPorts = 1>
ST_3 : Operation 121 [1/1] (1.76ns)   --->   "store i32 0, i32* @pX_2, align 4" [firmware/nnet_utils/nnet_conv_stream.h:305]   --->   Operation 121 'store' <Predicate = (icmp_ln303)> <Delay = 1.76>
ST_3 : Operation 122 [1/1] (1.76ns)   --->   "store i32 0, i32* @sX_2, align 4" [firmware/nnet_utils/nnet_conv_stream.h:306]   --->   Operation 122 'store' <Predicate = (icmp_ln303)> <Delay = 1.76>
ST_3 : Operation 123 [1/1] (2.47ns)   --->   "%icmp_ln307 = icmp eq i32 %pY_2_load, 65" [firmware/nnet_utils/nnet_conv_stream.h:307]   --->   Operation 123 'icmp' 'icmp_ln307' <Predicate = (icmp_ln303)> <Delay = 2.47> <Core = "Cmp">   --->   Core 25 'Cmp' <Latency = 0> <II = 1> <Delay = 2.47> <FuncUnit> <Opcode : 'icmp'> <InPorts = 2> <OutPorts = 1>
ST_3 : Operation 124 [1/1] (0.00ns)   --->   "br i1 %icmp_ln307, label %2, label %3" [firmware/nnet_utils/nnet_conv_stream.h:307]   --->   Operation 124 'br' <Predicate = (icmp_ln303)> <Delay = 0.00>
ST_3 : Operation 125 [1/1] (2.55ns)   --->   "%add_ln311 = add nsw i32 %pY_2_load, 1" [firmware/nnet_utils/nnet_conv_stream.h:311]   --->   Operation 125 'add' 'add_ln311' <Predicate = (icmp_ln303 & !icmp_ln307)> <Delay = 2.55> <Core = "AddSub">   --->   Core 14 'AddSub' <Latency = 0> <II = 1> <Delay = 2.55> <FuncUnit> <Opcode : 'add' 'sub'> <InPorts = 2> <OutPorts = 1>
ST_3 : Operation 126 [1/1] (1.76ns)   --->   "store i32 %add_ln311, i32* @pY_2, align 4" [firmware/nnet_utils/nnet_conv_stream.h:311]   --->   Operation 126 'store' <Predicate = (icmp_ln303 & !icmp_ln307)> <Delay = 1.76>
ST_3 : Operation 127 [1/1] (2.55ns)   --->   "%add_ln313 = add i32 %sY_2_load, 1" [firmware/nnet_utils/nnet_conv_stream.h:313]   --->   Operation 127 'add' 'add_ln313' <Predicate = (icmp_ln303 & !icmp_ln307 & !icmp_ln284_4)> <Delay = 2.55> <Core = "AddSub">   --->   Core 14 'AddSub' <Latency = 0> <II = 1> <Delay = 2.55> <FuncUnit> <Opcode : 'add' 'sub'> <InPorts = 2> <OutPorts = 1>
ST_3 : Operation 128 [1/1] (0.69ns)   --->   "%select_ln313 = select i1 %icmp_ln284_4, i32 2, i32 %add_ln313" [firmware/nnet_utils/nnet_conv_stream.h:313]   --->   Operation 128 'select' 'select_ln313' <Predicate = (icmp_ln303 & !icmp_ln307)> <Delay = 0.69> <Core = "Sel">   --->   Core 26 'Sel' <Latency = 0> <II = 1> <Delay = 0.69> <FuncUnit> <Opcode : 'select'> <InPorts = 3> <OutPorts = 1>
ST_3 : Operation 129 [1/1] (1.76ns)   --->   "store i32 0, i32* @pY_2, align 4" [firmware/nnet_utils/nnet_conv_stream.h:308]   --->   Operation 129 'store' <Predicate = (icmp_ln303 & icmp_ln307)> <Delay = 1.76>
ST_3 : Operation 130 [1/1] (1.76ns)   --->   "br label %4" [firmware/nnet_utils/nnet_conv_stream.h:310]   --->   Operation 130 'br' <Predicate = (icmp_ln303 & icmp_ln307)> <Delay = 1.76>

State 4 <SV = 3> <Delay = 1.76>
ST_4 : Operation 131 [1/1] (1.76ns)   --->   "store i32 %select_ln318, i32* @sX_2, align 4" [firmware/nnet_utils/nnet_conv_stream.h:318]   --->   Operation 131 'store' <Predicate = (!icmp_ln303)> <Delay = 1.76>
ST_4 : Operation 132 [1/1] (0.00ns)   --->   "br label %6"   --->   Operation 132 'br' <Predicate = (!icmp_ln303)> <Delay = 0.00>
ST_4 : Operation 133 [1/1] (1.76ns)   --->   "br label %4"   --->   Operation 133 'br' <Predicate = (icmp_ln303 & !icmp_ln307)> <Delay = 1.76>
ST_4 : Operation 134 [1/1] (0.00ns)   --->   "%storemerge = phi i32 [ %select_ln313, %3 ], [ 0, %2 ]" [firmware/nnet_utils/nnet_conv_stream.h:313]   --->   Operation 134 'phi' 'storemerge' <Predicate = (icmp_ln303)> <Delay = 0.00>
ST_4 : Operation 135 [1/1] (0.00ns)   --->   "store i32 %storemerge, i32* @sY_2, align 4" [firmware/nnet_utils/nnet_conv_stream.h:309]   --->   Operation 135 'store' <Predicate = (icmp_ln303)> <Delay = 0.00>
ST_4 : Operation 136 [1/1] (0.00ns)   --->   "br label %6" [firmware/nnet_utils/nnet_conv_stream.h:315]   --->   Operation 136 'br' <Predicate = (icmp_ln303)> <Delay = 0.00>
ST_4 : Operation 137 [1/1] (0.00ns)   --->   "ret void" [firmware/nnet_utils/nnet_conv_stream.h:320]   --->   Operation 137 'ret' <Predicate = true> <Delay = 0.00>


============================================================
+ Verbose Summary: Timing violations
============================================================
Target clock period: 5ns, clock uncertainty: 0.625ns.

 <State 1>: 3.45ns
The critical path consists of the following:
	'load' operation ('sX_2_load', firmware/nnet_utils/nnet_conv_stream.h:284) on static variable 'sX_2' [140]  (0 ns)
	'icmp' operation ('icmp_ln284', firmware/nnet_utils/nnet_conv_stream.h:284) [141]  (2.47 ns)
	'and' operation ('and_ln284', firmware/nnet_utils/nnet_conv_stream.h:284) [150]  (0 ns)
	'and' operation ('and_ln284_4', firmware/nnet_utils/nnet_conv_stream.h:284) [152]  (0.978 ns)

 <State 2>: 6.16ns
The critical path consists of the following:
	'call' operation ('tmp', firmware/nnet_utils/nnet_dense.h:76->firmware/nnet_utils/nnet_conv_stream.h:288) to 'dense_resource_rf_gt_nin_rem0.0.0.0.0.0.0.0.0.0.1' [155]  (6.16 ns)

 <State 3>: 4.32ns
The critical path consists of the following:
	'add' operation ('add_ln316', firmware/nnet_utils/nnet_conv_stream.h:316) [170]  (2.55 ns)
	'store' operation ('store_ln316', firmware/nnet_utils/nnet_conv_stream.h:316) of variable 'add_ln316', firmware/nnet_utils/nnet_conv_stream.h:316 on static variable 'pX_2' [171]  (1.77 ns)

 <State 4>: 1.77ns
The critical path consists of the following:
	'store' operation ('store_ln318', firmware/nnet_utils/nnet_conv_stream.h:318) of variable 'select_ln318', firmware/nnet_utils/nnet_conv_stream.h:318 on static variable 'sX_2' [174]  (1.77 ns)


============================================================
+ Verbose Summary: Binding
============================================================
N/A
* FSMD analyzer results:
  - Output states:
 - Input state : 
  - Chain level:
	State 1
	State 2
	State 3
	State 4


============================================================
+ Verbose Summary: Datapath Resource usage 
============================================================
N/A
