

================================================================
== Vivado HLS Report for 'conv_2d_cl_array_ap_fixed_16u_array_ap_fixed_16_6_5_3_0_1u_config18_s'
================================================================
* Date:           Fri Jun 27 00:35:48 2025

* Version:        2020.1 (Build 2897737 on Wed May 27 20:21:37 MDT 2020)
* Project:        myproject_prj
* Solution:       solution1
* Product family: zynq
* Target device:  xc7z020-clg400-1


================================================================
== Performance Estimates
================================================================
+ Timing: 
    * Summary: 
    +--------+---------+----------+------------+
    |  Clock |  Target | Estimated| Uncertainty|
    +--------+---------+----------+------------+
    |ap_clk  | 5.00 ns | 4.355 ns |   0.62 ns  |
    +--------+---------+----------+------------+

+ Latency: 
    * Summary: 
    +---------+---------+-----------+----------+------+--------+---------+
    |  Latency (cycles) |  Latency (absolute)  |    Interval   | Pipeline|
    |   min   |   max   |    min    |    max   |  min |   max  |   Type  |
    +---------+---------+-----------+----------+------+--------+---------+
    |     5781|   179181| 28.905 us | 0.896 ms |  5781|  179181|   none  |
    +---------+---------+-----------+----------+------+--------+---------+

    + Detail: 
        * Instance: 
        N/A

        * Loop: 
        +----------------------------------+---------+---------+----------+-----------+-----------+------+----------+
        |                                  |  Latency (cycles) | Iteration|  Initiation Interval  | Trip |          |
        |             Loop Name            |   min   |   max   |  Latency |  achieved |   target  | Count| Pipelined|
        +----------------------------------+---------+---------+----------+-----------+-----------+------+----------+
        |- ReadInputHeight_ReadInputWidth  |     5780|   179180|  5 ~ 155 |          -|          -|  1156|    no    |
        +----------------------------------+---------+---------+----------+-----------+-----------+------+----------+

============================================================
+ Verbose Summary: Synthesis Manager
============================================================
InlineROM: 1
ExposeGlobal: 0
============================================================
+ Verbose Summary: CDFG Model
============================================================
IsTopModel: 0
ResetActiveHigh: 1
IsCombinational: 2
IsDatapathOnly: 0
HasWiredReturn: 1
HasMFsm: 0
HasVarLatency: 1
IsPipeline: 0
IsRtlPipelined: 0
IsInstanceOverlapped: 0
IsDontTouch: 0
HasImplIP: 0
IsGatedGlobalClock: 0


============================================================
+ Verbose Summary: Schedule
============================================================
* Number of FSM states : 4
* Pipeline : 0
* Dataflow Pipeline: 0

* FSM state transitions: 
1 --> 2 
2 --> 3 
3 --> 4 
4 --> 2 

* FSM state operations: 

State 1 <SV = 0> <Delay = 1.76>
ST_1 : Operation 5 [1/1] (0.00ns)   --->   "call void (...)* @_ssdm_op_SpecInterface(i16* %res_V_data_V, [8 x i8]* @ap_fifo_str, i32 0, i32 0, [1 x i8]* @p_str, i32 0, i32 0, [1 x i8]* @p_str, [1 x i8]* @p_str, [1 x i8]* @p_str, i32 2, i32 2, i32 16, i32 16, [1 x i8]* @p_str, [1 x i8]* @p_str)"   --->   Operation 5 'specinterface' <Predicate = true> <Delay = 0.00>
ST_1 : Operation 6 [1/1] (0.00ns)   --->   "call void (...)* @_ssdm_op_SpecInterface(i16* %data_V_data_15_V, [8 x i8]* @ap_fifo_str, i32 0, i32 0, [1 x i8]* @p_str, i32 0, i32 0, [1 x i8]* @p_str, [1 x i8]* @p_str, [1 x i8]* @p_str, i32 2, i32 2, i32 16, i32 16, [1 x i8]* @p_str, [1 x i8]* @p_str)"   --->   Operation 6 'specinterface' <Predicate = true> <Delay = 0.00>
ST_1 : Operation 7 [1/1] (0.00ns)   --->   "call void (...)* @_ssdm_op_SpecInterface(i16* %data_V_data_14_V, [8 x i8]* @ap_fifo_str, i32 0, i32 0, [1 x i8]* @p_str, i32 0, i32 0, [1 x i8]* @p_str, [1 x i8]* @p_str, [1 x i8]* @p_str, i32 2, i32 2, i32 16, i32 16, [1 x i8]* @p_str, [1 x i8]* @p_str)"   --->   Operation 7 'specinterface' <Predicate = true> <Delay = 0.00>
ST_1 : Operation 8 [1/1] (0.00ns)   --->   "call void (...)* @_ssdm_op_SpecInterface(i16* %data_V_data_13_V, [8 x i8]* @ap_fifo_str, i32 0, i32 0, [1 x i8]* @p_str, i32 0, i32 0, [1 x i8]* @p_str, [1 x i8]* @p_str, [1 x i8]* @p_str, i32 2, i32 2, i32 16, i32 16, [1 x i8]* @p_str, [1 x i8]* @p_str)"   --->   Operation 8 'specinterface' <Predicate = true> <Delay = 0.00>
ST_1 : Operation 9 [1/1] (0.00ns)   --->   "call void (...)* @_ssdm_op_SpecInterface(i16* %data_V_data_12_V, [8 x i8]* @ap_fifo_str, i32 0, i32 0, [1 x i8]* @p_str, i32 0, i32 0, [1 x i8]* @p_str, [1 x i8]* @p_str, [1 x i8]* @p_str, i32 2, i32 2, i32 16, i32 16, [1 x i8]* @p_str, [1 x i8]* @p_str)"   --->   Operation 9 'specinterface' <Predicate = true> <Delay = 0.00>
ST_1 : Operation 10 [1/1] (0.00ns)   --->   "call void (...)* @_ssdm_op_SpecInterface(i16* %data_V_data_11_V, [8 x i8]* @ap_fifo_str, i32 0, i32 0, [1 x i8]* @p_str, i32 0, i32 0, [1 x i8]* @p_str, [1 x i8]* @p_str, [1 x i8]* @p_str, i32 2, i32 2, i32 16, i32 16, [1 x i8]* @p_str, [1 x i8]* @p_str)"   --->   Operation 10 'specinterface' <Predicate = true> <Delay = 0.00>
ST_1 : Operation 11 [1/1] (0.00ns)   --->   "call void (...)* @_ssdm_op_SpecInterface(i16* %data_V_data_10_V, [8 x i8]* @ap_fifo_str, i32 0, i32 0, [1 x i8]* @p_str, i32 0, i32 0, [1 x i8]* @p_str, [1 x i8]* @p_str, [1 x i8]* @p_str, i32 2, i32 2, i32 16, i32 16, [1 x i8]* @p_str, [1 x i8]* @p_str)"   --->   Operation 11 'specinterface' <Predicate = true> <Delay = 0.00>
ST_1 : Operation 12 [1/1] (0.00ns)   --->   "call void (...)* @_ssdm_op_SpecInterface(i16* %data_V_data_9_V, [8 x i8]* @ap_fifo_str, i32 0, i32 0, [1 x i8]* @p_str, i32 0, i32 0, [1 x i8]* @p_str, [1 x i8]* @p_str, [1 x i8]* @p_str, i32 2, i32 2, i32 16, i32 16, [1 x i8]* @p_str, [1 x i8]* @p_str)"   --->   Operation 12 'specinterface' <Predicate = true> <Delay = 0.00>
ST_1 : Operation 13 [1/1] (0.00ns)   --->   "call void (...)* @_ssdm_op_SpecInterface(i16* %data_V_data_8_V, [8 x i8]* @ap_fifo_str, i32 0, i32 0, [1 x i8]* @p_str, i32 0, i32 0, [1 x i8]* @p_str, [1 x i8]* @p_str, [1 x i8]* @p_str, i32 2, i32 2, i32 16, i32 16, [1 x i8]* @p_str, [1 x i8]* @p_str)"   --->   Operation 13 'specinterface' <Predicate = true> <Delay = 0.00>
ST_1 : Operation 14 [1/1] (0.00ns)   --->   "call void (...)* @_ssdm_op_SpecInterface(i16* %data_V_data_7_V, [8 x i8]* @ap_fifo_str, i32 0, i32 0, [1 x i8]* @p_str, i32 0, i32 0, [1 x i8]* @p_str, [1 x i8]* @p_str, [1 x i8]* @p_str, i32 2, i32 2, i32 16, i32 16, [1 x i8]* @p_str, [1 x i8]* @p_str)"   --->   Operation 14 'specinterface' <Predicate = true> <Delay = 0.00>
ST_1 : Operation 15 [1/1] (0.00ns)   --->   "call void (...)* @_ssdm_op_SpecInterface(i16* %data_V_data_6_V, [8 x i8]* @ap_fifo_str, i32 0, i32 0, [1 x i8]* @p_str, i32 0, i32 0, [1 x i8]* @p_str, [1 x i8]* @p_str, [1 x i8]* @p_str, i32 2, i32 2, i32 16, i32 16, [1 x i8]* @p_str, [1 x i8]* @p_str)"   --->   Operation 15 'specinterface' <Predicate = true> <Delay = 0.00>
ST_1 : Operation 16 [1/1] (0.00ns)   --->   "call void (...)* @_ssdm_op_SpecInterface(i16* %data_V_data_5_V, [8 x i8]* @ap_fifo_str, i32 0, i32 0, [1 x i8]* @p_str, i32 0, i32 0, [1 x i8]* @p_str, [1 x i8]* @p_str, [1 x i8]* @p_str, i32 2, i32 2, i32 16, i32 16, [1 x i8]* @p_str, [1 x i8]* @p_str)"   --->   Operation 16 'specinterface' <Predicate = true> <Delay = 0.00>
ST_1 : Operation 17 [1/1] (0.00ns)   --->   "call void (...)* @_ssdm_op_SpecInterface(i16* %data_V_data_4_V, [8 x i8]* @ap_fifo_str, i32 0, i32 0, [1 x i8]* @p_str, i32 0, i32 0, [1 x i8]* @p_str, [1 x i8]* @p_str, [1 x i8]* @p_str, i32 2, i32 2, i32 16, i32 16, [1 x i8]* @p_str, [1 x i8]* @p_str)"   --->   Operation 17 'specinterface' <Predicate = true> <Delay = 0.00>
ST_1 : Operation 18 [1/1] (0.00ns)   --->   "call void (...)* @_ssdm_op_SpecInterface(i16* %data_V_data_3_V, [8 x i8]* @ap_fifo_str, i32 0, i32 0, [1 x i8]* @p_str, i32 0, i32 0, [1 x i8]* @p_str, [1 x i8]* @p_str, [1 x i8]* @p_str, i32 2, i32 2, i32 16, i32 16, [1 x i8]* @p_str, [1 x i8]* @p_str)"   --->   Operation 18 'specinterface' <Predicate = true> <Delay = 0.00>
ST_1 : Operation 19 [1/1] (0.00ns)   --->   "call void (...)* @_ssdm_op_SpecInterface(i16* %data_V_data_2_V, [8 x i8]* @ap_fifo_str, i32 0, i32 0, [1 x i8]* @p_str, i32 0, i32 0, [1 x i8]* @p_str, [1 x i8]* @p_str, [1 x i8]* @p_str, i32 2, i32 2, i32 16, i32 16, [1 x i8]* @p_str, [1 x i8]* @p_str)"   --->   Operation 19 'specinterface' <Predicate = true> <Delay = 0.00>
ST_1 : Operation 20 [1/1] (0.00ns)   --->   "call void (...)* @_ssdm_op_SpecInterface(i16* %data_V_data_1_V, [8 x i8]* @ap_fifo_str, i32 0, i32 0, [1 x i8]* @p_str, i32 0, i32 0, [1 x i8]* @p_str, [1 x i8]* @p_str, [1 x i8]* @p_str, i32 2, i32 2, i32 16, i32 16, [1 x i8]* @p_str, [1 x i8]* @p_str)"   --->   Operation 20 'specinterface' <Predicate = true> <Delay = 0.00>
ST_1 : Operation 21 [1/1] (0.00ns)   --->   "call void (...)* @_ssdm_op_SpecInterface(i16* %data_V_data_0_V, [8 x i8]* @ap_fifo_str, i32 0, i32 0, [1 x i8]* @p_str, i32 0, i32 0, [1 x i8]* @p_str, [1 x i8]* @p_str, [1 x i8]* @p_str, i32 2, i32 2, i32 16, i32 16, [1 x i8]* @p_str, [1 x i8]* @p_str)"   --->   Operation 21 'specinterface' <Predicate = true> <Delay = 0.00>
ST_1 : Operation 22 [1/1] (1.76ns)   --->   "br label %0" [firmware/nnet_utils/nnet_conv2d_stream.h:84->firmware/nnet_utils/nnet_conv2d_stream.h:108]   --->   Operation 22 'br' <Predicate = true> <Delay = 1.76>

State 2 <SV = 1> <Delay = 2.18>
ST_2 : Operation 23 [1/1] (0.00ns)   --->   "%indvar_flatten = phi i11 [ 0, %codeRepl ], [ %add_ln84, %.reset ]" [firmware/nnet_utils/nnet_conv2d_stream.h:84->firmware/nnet_utils/nnet_conv2d_stream.h:108]   --->   Operation 23 'phi' 'indvar_flatten' <Predicate = true> <Delay = 0.00>
ST_2 : Operation 24 [1/1] (1.88ns)   --->   "%icmp_ln84 = icmp eq i11 %indvar_flatten, -892" [firmware/nnet_utils/nnet_conv2d_stream.h:84->firmware/nnet_utils/nnet_conv2d_stream.h:108]   --->   Operation 24 'icmp' 'icmp_ln84' <Predicate = true> <Delay = 1.88> <Core = "Cmp">   --->   Core 25 'Cmp' <Latency = 0> <II = 1> <Delay = 1.88> <FuncUnit> <Opcode : 'icmp'> <InPorts = 2> <OutPorts = 1>
ST_2 : Operation 25 [1/1] (1.63ns)   --->   "%add_ln84 = add i11 %indvar_flatten, 1" [firmware/nnet_utils/nnet_conv2d_stream.h:84->firmware/nnet_utils/nnet_conv2d_stream.h:108]   --->   Operation 25 'add' 'add_ln84' <Predicate = true> <Delay = 1.63> <Core = "AddSub">   --->   Core 14 'AddSub' <Latency = 0> <II = 1> <Delay = 1.63> <FuncUnit> <Opcode : 'add' 'sub'> <InPorts = 2> <OutPorts = 1>
ST_2 : Operation 26 [1/1] (0.00ns)   --->   "br i1 %icmp_ln84, label %"conv_2d_buffer_cl<array<ap_fixed<16, 6, 5, 3, 0>, 16u>, array<ap_fixed<16, 6, 5, 3, 0>, 1u>, config18>.exit", label %.reset" [firmware/nnet_utils/nnet_conv2d_stream.h:84->firmware/nnet_utils/nnet_conv2d_stream.h:108]   --->   Operation 26 'br' <Predicate = true> <Delay = 0.00>
ST_2 : Operation 27 [1/1] (2.18ns)   --->   "%empty_540 = call { i16, i16, i16, i16, i16, i16, i16, i16, i16, i16, i16, i16, i16, i16, i16, i16 } @_ssdm_op_Read.ap_fifo.volatile.i16P.i16P.i16P.i16P.i16P.i16P.i16P.i16P.i16P.i16P.i16P.i16P.i16P.i16P.i16P.i16P(i16* %data_V_data_0_V, i16* %data_V_data_1_V, i16* %data_V_data_2_V, i16* %data_V_data_3_V, i16* %data_V_data_4_V, i16* %data_V_data_5_V, i16* %data_V_data_6_V, i16* %data_V_data_7_V, i16* %data_V_data_8_V, i16* %data_V_data_9_V, i16* %data_V_data_10_V, i16* %data_V_data_11_V, i16* %data_V_data_12_V, i16* %data_V_data_13_V, i16* %data_V_data_14_V, i16* %data_V_data_15_V)" [firmware/nnet_utils/nnet_conv2d_stream.h:92->firmware/nnet_utils/nnet_conv2d_stream.h:108]   --->   Operation 27 'read' 'empty_540' <Predicate = (!icmp_ln84)> <Delay = 2.18> <Core = "FIFO">   --->   Core 32 'FIFO' <Latency = 0> <II = 1> <Delay = 3.63> <Storage> <Opcode : 'read' 'write' 'nbread' 'nbwrite'> <Ports = 0> <Width = 16> <Depth = 3> <FIFO>
ST_2 : Operation 28 [1/1] (0.00ns)   --->   "%tmp_data_0_V = extractvalue { i16, i16, i16, i16, i16, i16, i16, i16, i16, i16, i16, i16, i16, i16, i16, i16 } %empty_540, 0" [firmware/nnet_utils/nnet_conv2d_stream.h:92->firmware/nnet_utils/nnet_conv2d_stream.h:108]   --->   Operation 28 'extractvalue' 'tmp_data_0_V' <Predicate = (!icmp_ln84)> <Delay = 0.00>
ST_2 : Operation 29 [1/1] (0.00ns)   --->   "%tmp_data_1_V = extractvalue { i16, i16, i16, i16, i16, i16, i16, i16, i16, i16, i16, i16, i16, i16, i16, i16 } %empty_540, 1" [firmware/nnet_utils/nnet_conv2d_stream.h:92->firmware/nnet_utils/nnet_conv2d_stream.h:108]   --->   Operation 29 'extractvalue' 'tmp_data_1_V' <Predicate = (!icmp_ln84)> <Delay = 0.00>
ST_2 : Operation 30 [1/1] (0.00ns)   --->   "%tmp_data_2_V = extractvalue { i16, i16, i16, i16, i16, i16, i16, i16, i16, i16, i16, i16, i16, i16, i16, i16 } %empty_540, 2" [firmware/nnet_utils/nnet_conv2d_stream.h:92->firmware/nnet_utils/nnet_conv2d_stream.h:108]   --->   Operation 30 'extractvalue' 'tmp_data_2_V' <Predicate = (!icmp_ln84)> <Delay = 0.00>
ST_2 : Operation 31 [1/1] (0.00ns)   --->   "%tmp_data_3_V = extractvalue { i16, i16, i16, i16, i16, i16, i16, i16, i16, i16, i16, i16, i16, i16, i16, i16 } %empty_540, 3" [firmware/nnet_utils/nnet_conv2d_stream.h:92->firmware/nnet_utils/nnet_conv2d_stream.h:108]   --->   Operation 31 'extractvalue' 'tmp_data_3_V' <Predicate = (!icmp_ln84)> <Delay = 0.00>
ST_2 : Operation 32 [1/1] (0.00ns)   --->   "%tmp_data_4_V = extractvalue { i16, i16, i16, i16, i16, i16, i16, i16, i16, i16, i16, i16, i16, i16, i16, i16 } %empty_540, 4" [firmware/nnet_utils/nnet_conv2d_stream.h:92->firmware/nnet_utils/nnet_conv2d_stream.h:108]   --->   Operation 32 'extractvalue' 'tmp_data_4_V' <Predicate = (!icmp_ln84)> <Delay = 0.00>
ST_2 : Operation 33 [1/1] (0.00ns)   --->   "%tmp_data_5_V = extractvalue { i16, i16, i16, i16, i16, i16, i16, i16, i16, i16, i16, i16, i16, i16, i16, i16 } %empty_540, 5" [firmware/nnet_utils/nnet_conv2d_stream.h:92->firmware/nnet_utils/nnet_conv2d_stream.h:108]   --->   Operation 33 'extractvalue' 'tmp_data_5_V' <Predicate = (!icmp_ln84)> <Delay = 0.00>
ST_2 : Operation 34 [1/1] (0.00ns)   --->   "%tmp_data_6_V = extractvalue { i16, i16, i16, i16, i16, i16, i16, i16, i16, i16, i16, i16, i16, i16, i16, i16 } %empty_540, 6" [firmware/nnet_utils/nnet_conv2d_stream.h:92->firmware/nnet_utils/nnet_conv2d_stream.h:108]   --->   Operation 34 'extractvalue' 'tmp_data_6_V' <Predicate = (!icmp_ln84)> <Delay = 0.00>
ST_2 : Operation 35 [1/1] (0.00ns)   --->   "%tmp_data_7_V = extractvalue { i16, i16, i16, i16, i16, i16, i16, i16, i16, i16, i16, i16, i16, i16, i16, i16 } %empty_540, 7" [firmware/nnet_utils/nnet_conv2d_stream.h:92->firmware/nnet_utils/nnet_conv2d_stream.h:108]   --->   Operation 35 'extractvalue' 'tmp_data_7_V' <Predicate = (!icmp_ln84)> <Delay = 0.00>
ST_2 : Operation 36 [1/1] (0.00ns)   --->   "%tmp_data_8_V = extractvalue { i16, i16, i16, i16, i16, i16, i16, i16, i16, i16, i16, i16, i16, i16, i16, i16 } %empty_540, 8" [firmware/nnet_utils/nnet_conv2d_stream.h:92->firmware/nnet_utils/nnet_conv2d_stream.h:108]   --->   Operation 36 'extractvalue' 'tmp_data_8_V' <Predicate = (!icmp_ln84)> <Delay = 0.00>
ST_2 : Operation 37 [1/1] (0.00ns)   --->   "%tmp_data_9_V = extractvalue { i16, i16, i16, i16, i16, i16, i16, i16, i16, i16, i16, i16, i16, i16, i16, i16 } %empty_540, 9" [firmware/nnet_utils/nnet_conv2d_stream.h:92->firmware/nnet_utils/nnet_conv2d_stream.h:108]   --->   Operation 37 'extractvalue' 'tmp_data_9_V' <Predicate = (!icmp_ln84)> <Delay = 0.00>
ST_2 : Operation 38 [1/1] (0.00ns)   --->   "%tmp_data_10_V = extractvalue { i16, i16, i16, i16, i16, i16, i16, i16, i16, i16, i16, i16, i16, i16, i16, i16 } %empty_540, 10" [firmware/nnet_utils/nnet_conv2d_stream.h:92->firmware/nnet_utils/nnet_conv2d_stream.h:108]   --->   Operation 38 'extractvalue' 'tmp_data_10_V' <Predicate = (!icmp_ln84)> <Delay = 0.00>
ST_2 : Operation 39 [1/1] (0.00ns)   --->   "%tmp_data_11_V = extractvalue { i16, i16, i16, i16, i16, i16, i16, i16, i16, i16, i16, i16, i16, i16, i16, i16 } %empty_540, 11" [firmware/nnet_utils/nnet_conv2d_stream.h:92->firmware/nnet_utils/nnet_conv2d_stream.h:108]   --->   Operation 39 'extractvalue' 'tmp_data_11_V' <Predicate = (!icmp_ln84)> <Delay = 0.00>
ST_2 : Operation 40 [1/1] (0.00ns)   --->   "%tmp_data_12_V = extractvalue { i16, i16, i16, i16, i16, i16, i16, i16, i16, i16, i16, i16, i16, i16, i16, i16 } %empty_540, 12" [firmware/nnet_utils/nnet_conv2d_stream.h:92->firmware/nnet_utils/nnet_conv2d_stream.h:108]   --->   Operation 40 'extractvalue' 'tmp_data_12_V' <Predicate = (!icmp_ln84)> <Delay = 0.00>
ST_2 : Operation 41 [1/1] (0.00ns)   --->   "%tmp_data_13_V = extractvalue { i16, i16, i16, i16, i16, i16, i16, i16, i16, i16, i16, i16, i16, i16, i16, i16 } %empty_540, 13" [firmware/nnet_utils/nnet_conv2d_stream.h:92->firmware/nnet_utils/nnet_conv2d_stream.h:108]   --->   Operation 41 'extractvalue' 'tmp_data_13_V' <Predicate = (!icmp_ln84)> <Delay = 0.00>
ST_2 : Operation 42 [1/1] (0.00ns)   --->   "%tmp_data_14_V = extractvalue { i16, i16, i16, i16, i16, i16, i16, i16, i16, i16, i16, i16, i16, i16, i16, i16 } %empty_540, 14" [firmware/nnet_utils/nnet_conv2d_stream.h:92->firmware/nnet_utils/nnet_conv2d_stream.h:108]   --->   Operation 42 'extractvalue' 'tmp_data_14_V' <Predicate = (!icmp_ln84)> <Delay = 0.00>
ST_2 : Operation 43 [1/1] (0.00ns)   --->   "%tmp_data_15_V = extractvalue { i16, i16, i16, i16, i16, i16, i16, i16, i16, i16, i16, i16, i16, i16, i16, i16 } %empty_540, 15" [firmware/nnet_utils/nnet_conv2d_stream.h:92->firmware/nnet_utils/nnet_conv2d_stream.h:108]   --->   Operation 43 'extractvalue' 'tmp_data_15_V' <Predicate = (!icmp_ln84)> <Delay = 0.00>
ST_2 : Operation 44 [1/1] (0.00ns)   --->   "ret void" [firmware/nnet_utils/nnet_conv2d_stream.h:114]   --->   Operation 44 'ret' <Predicate = (icmp_ln84)> <Delay = 0.00>

State 3 <SV = 2> <Delay = 3.24>
ST_3 : Operation 45 [2/2] (3.24ns)   --->   "call fastcc void @"compute_output_buffer_2d<array,array<ap_fixed<16,6,5,3,0>,1u>,config18>"(i16 %tmp_data_0_V, i16 %tmp_data_1_V, i16 %tmp_data_2_V, i16 %tmp_data_3_V, i16 %tmp_data_4_V, i16 %tmp_data_5_V, i16 %tmp_data_6_V, i16 %tmp_data_7_V, i16 %tmp_data_8_V, i16 %tmp_data_9_V, i16 %tmp_data_10_V, i16 %tmp_data_11_V, i16 %tmp_data_12_V, i16 %tmp_data_13_V, i16 %tmp_data_14_V, i16 %tmp_data_15_V, i16* %res_V_data_V)" [firmware/nnet_utils/nnet_conv2d_stream.h:92->firmware/nnet_utils/nnet_conv2d_stream.h:108]   --->   Operation 45 'call' <Predicate = true> <Delay = 3.24> <CoreType = "Generic">   --->   Core 0 '' <Latency = 0> <II = 1> <Delay = 1.00> <Generic> <Opcode : >

State 4 <SV = 3> <Delay = 0.00>
ST_4 : Operation 46 [1/1] (0.00ns)   --->   "call void (...)* @_ssdm_op_SpecLoopName([31 x i8]* @ReadInputHeight_ReadInputWidth_str)"   --->   Operation 46 'specloopname' <Predicate = true> <Delay = 0.00>
ST_4 : Operation 47 [1/1] (0.00ns)   --->   "%empty = call i32 (...)* @_ssdm_op_SpecLoopTripCount(i64 1156, i64 1156, i64 1156)"   --->   Operation 47 'speclooptripcount' 'empty' <Predicate = true> <Delay = 0.00>
ST_4 : Operation 48 [1/1] (0.00ns)   --->   "call void (...)* @_ssdm_op_SpecLoopName([15 x i8]* @p_str52) nounwind" [firmware/nnet_utils/nnet_conv2d_stream.h:86->firmware/nnet_utils/nnet_conv2d_stream.h:108]   --->   Operation 48 'specloopname' <Predicate = true> <Delay = 0.00>
ST_4 : Operation 49 [1/2] (0.00ns)   --->   "call fastcc void @"compute_output_buffer_2d<array,array<ap_fixed<16,6,5,3,0>,1u>,config18>"(i16 %tmp_data_0_V, i16 %tmp_data_1_V, i16 %tmp_data_2_V, i16 %tmp_data_3_V, i16 %tmp_data_4_V, i16 %tmp_data_5_V, i16 %tmp_data_6_V, i16 %tmp_data_7_V, i16 %tmp_data_8_V, i16 %tmp_data_9_V, i16 %tmp_data_10_V, i16 %tmp_data_11_V, i16 %tmp_data_12_V, i16 %tmp_data_13_V, i16 %tmp_data_14_V, i16 %tmp_data_15_V, i16* %res_V_data_V)" [firmware/nnet_utils/nnet_conv2d_stream.h:92->firmware/nnet_utils/nnet_conv2d_stream.h:108]   --->   Operation 49 'call' <Predicate = true> <Delay = 0.00> <CoreType = "Generic">   --->   Core 0 '' <Latency = 0> <II = 1> <Delay = 1.00> <Generic> <Opcode : >
ST_4 : Operation 50 [1/1] (0.00ns)   --->   "br label %0"   --->   Operation 50 'br' <Predicate = true> <Delay = 0.00>


============================================================
+ Verbose Summary: Timing violations
============================================================
Target clock period: 5ns, clock uncertainty: 0.625ns.

 <State 1>: 1.77ns
The critical path consists of the following:
	multiplexor before 'phi' operation ('indvar_flatten', firmware/nnet_utils/nnet_conv2d_stream.h:84->firmware/nnet_utils/nnet_conv2d_stream.h:108) with incoming values : ('add_ln84', firmware/nnet_utils/nnet_conv2d_stream.h:84->firmware/nnet_utils/nnet_conv2d_stream.h:108) [222]  (1.77 ns)

 <State 2>: 2.19ns
The critical path consists of the following:
	fifo read on port 'data_V_data_0_V' (firmware/nnet_utils/nnet_conv2d_stream.h:92->firmware/nnet_utils/nnet_conv2d_stream.h:108) [230]  (2.19 ns)

 <State 3>: 3.25ns
The critical path consists of the following:
	'call' operation ('call_ln92', firmware/nnet_utils/nnet_conv2d_stream.h:92->firmware/nnet_utils/nnet_conv2d_stream.h:108) to 'compute_output_buffer_2d<array,array<ap_fixed<16,6,5,3,0>,1u>,config18>' [247]  (3.25 ns)

 <State 4>: 0ns
The critical path consists of the following:


============================================================
+ Verbose Summary: Binding
============================================================
N/A
* FSMD analyzer results:
  - Output states:
 - Input state : 
  - Chain level:
	State 1
	State 2
	State 3
	State 4


============================================================
+ Verbose Summary: Datapath Resource usage 
============================================================
N/A
