Copyright 1986-2022 Xilinx, Inc. All Rights Reserved. Copyright 2022-2024 Advanced Micro Devices, Inc. All Rights Reserved.
---------------------------------------------------------------------------------------------------------------------------------------------
| Tool Version : Vivado v.2024.2 (lin64) Build 5239630 Fri Nov 08 22:34:34 MST 2024
| Date         : Wed Jun 18 13:46:33 2025
| Host         : administrateur-ThinkStation-P2-Tower running 64-bit Ubuntu 24.04.2 LTS
| Command      : upgrade_ip
| Device       : xc7z020clg400-1
---------------------------------------------------------------------------------------------------------------------------------------------

Upgrade Log for IP 'design_1_toyuv_0_0'

1. Summary
----------

SUCCESS in the upgrade of design_1_toyuv_0_0 (xilinx.com:hls:toyuv:1.0) from (Rev. 2114133244) to (Rev. 2114133282)






Copyright 1986-2022 Xilinx, Inc. All Rights Reserved. Copyright 2022-2024 Advanced Micro Devices, Inc. All Rights Reserved.
---------------------------------------------------------------------------------------------------------------------------------------------
| Tool Version : Vivado v.2024.2 (lin64) Build 5239630 Fri Nov 08 22:34:34 MST 2024
| Date         : Wed Jun 18 13:05:08 2025
| Host         : administrateur-ThinkStation-P2-Tower running 64-bit Ubuntu 24.04.2 LTS
| Command      : upgrade_ip
| Device       : xc7z020clg400-1
---------------------------------------------------------------------------------------------------------------------------------------------

Upgrade Log for IP 'design_1_toyuv_0_0'

1. Summary
----------

SUCCESS in the upgrade of design_1_toyuv_0_0 (xilinx.com:hls:toyuv:1.0) from (Rev. 2114132472) to (Rev. 2114133244)






Copyright 1986-2022 Xilinx, Inc. All Rights Reserved. Copyright 2022-2024 Advanced Micro Devices, Inc. All Rights Reserved.
---------------------------------------------------------------------------------------------------------------------------------------------
| Tool Version : Vivado v.2024.2 (lin64) Build 5239630 Fri Nov 08 22:34:34 MST 2024
| Date         : Wed Jun 18 00:13:28 2025
| Host         : administrateur-ThinkStation-P2-Tower running 64-bit Ubuntu 24.04.2 LTS
| Command      : upgrade_ip
| Device       : xc7z020clg400-1
---------------------------------------------------------------------------------------------------------------------------------------------

Upgrade Log for IP 'design_1_toyuv_0_0'

1. Summary
----------

SUCCESS in the upgrade of design_1_toyuv_0_0 (xilinx.com:hls:toyuv:1.0) from (Rev. 2114132454) to (Rev. 2114132472)






Copyright 1986-2022 Xilinx, Inc. All Rights Reserved. Copyright 2022-2024 Advanced Micro Devices, Inc. All Rights Reserved.
---------------------------------------------------------------------------------------------------------------------------------------------
| Tool Version : Vivado v.2024.2 (lin64) Build 5239630 Fri Nov 08 22:34:34 MST 2024
| Date         : Tue Jun 17 23:56:25 2025
| Host         : administrateur-ThinkStation-P2-Tower running 64-bit Ubuntu 24.04.2 LTS
| Command      : upgrade_ip
| Device       : xc7z020clg400-1
---------------------------------------------------------------------------------------------------------------------------------------------

Upgrade Log for IP 'design_1_toyuv_0_0'

1. Summary
----------

SUCCESS in the upgrade of design_1_toyuv_0_0 (xilinx.com:hls:toyuv:1.0) from (Rev. 2114132411) to (Rev. 2114132454)






Copyright 1986-2022 Xilinx, Inc. All Rights Reserved. Copyright 2022-2024 Advanced Micro Devices, Inc. All Rights Reserved.
---------------------------------------------------------------------------------------------------------------------------------------------
| Tool Version : Vivado v.2024.2 (lin64) Build 5239630 Fri Nov 08 22:34:34 MST 2024
| Date         : Tue Jun 17 23:18:31 2025
| Host         : administrateur-ThinkStation-P2-Tower running 64-bit Ubuntu 24.04.2 LTS
| Command      : upgrade_ip
| Device       : xc7z020clg400-1
---------------------------------------------------------------------------------------------------------------------------------------------

Upgrade Log for IP 'design_1_toyuv_0_0'

1. Summary
----------

SUCCESS in the upgrade of design_1_toyuv_0_0 (xilinx.com:hls:toyuv:1.0) from (Rev. 2114131817) to (Rev. 2114132411)






Copyright 1986-2022 Xilinx, Inc. All Rights Reserved. Copyright 2022-2024 Advanced Micro Devices, Inc. All Rights Reserved.
---------------------------------------------------------------------------------------------------------------------------------------------
| Tool Version : Vivado v.2024.2 (lin64) Build 5239630 Fri Nov 08 22:34:34 MST 2024
| Date         : Tue Jun 17 13:17:56 2025
| Host         : administrateur-ThinkStation-P2-Tower running 64-bit Ubuntu 24.04.2 LTS
| Command      : upgrade_ip
| Device       : xc7z020clg400-1
---------------------------------------------------------------------------------------------------------------------------------------------

Upgrade Log for IP 'design_1_toyuv_0_0'

1. Summary
----------

CAUTION (success, with warnings) in the upgrade of design_1_toyuv_0_0 (xilinx.com:hls:toyuv:1.0) from (Rev. 2114131814) to (Rev. 2114131817)

After upgrade, an IP may have parameter and port differences compared to the original customization. Please review the parameters within the IP customization GUI to ensure proper functionality. Also, please review the updated IP instantiation template to ensure proper connectivity, and update your design if required.

2. Interface Information
------------------------

Detected external interface differences while upgrading 'design_1_toyuv_0_0'.


-Upgrade has removed interface 's_axi_control_r'


3. Connection Warnings
----------------------

Detected external port differences while upgrading 'design_1_toyuv_0_0'. These changes may impact your design.


-Upgraded port 's_axi_control_ARADDR' width 6 differs from original width 5

-Upgraded port 's_axi_control_AWADDR' width 6 differs from original width 5

-Upgrade has removed port 's_axi_control_r_ARADDR'

-Upgrade has removed port 's_axi_control_r_ARREADY'

-Upgrade has removed port 's_axi_control_r_ARVALID'

-Upgrade has removed port 's_axi_control_r_AWADDR'

-Upgrade has removed port 's_axi_control_r_AWREADY'

-Upgrade has removed port 's_axi_control_r_AWVALID'

-Upgrade has removed port 's_axi_control_r_BREADY'

-Upgrade has removed port 's_axi_control_r_BRESP'

-Upgrade has removed port 's_axi_control_r_BVALID'

-Upgrade has removed port 's_axi_control_r_RDATA'

-Upgrade has removed port 's_axi_control_r_RREADY'

-Upgrade has removed port 's_axi_control_r_RRESP'

-Upgrade has removed port 's_axi_control_r_RVALID'

-Upgrade has removed port 's_axi_control_r_WDATA'

-Upgrade has removed port 's_axi_control_r_WREADY'

-Upgrade has removed port 's_axi_control_r_WSTRB'

-Upgrade has removed port 's_axi_control_r_WVALID'


4. Addressing Information
-------------------------

Detected addressing differences while upgrading 'design_1_toyuv_0_0'. These changes may impact your design.


-Upgrade has removed address block 's_axi_control_r/Reg'







Copyright 1986-2022 Xilinx, Inc. All Rights Reserved. Copyright 2022-2024 Advanced Micro Devices, Inc. All Rights Reserved.
---------------------------------------------------------------------------------------------------------------------------------------------
| Tool Version : Vivado v.2024.2 (lin64) Build 5239630 Fri Nov 08 22:34:34 MST 2024
| Date         : Tue Jun 17 13:15:31 2025
| Host         : administrateur-ThinkStation-P2-Tower running 64-bit Ubuntu 24.04.2 LTS
| Command      : upgrade_ip
| Device       : xc7z020clg400-1
---------------------------------------------------------------------------------------------------------------------------------------------

Upgrade Log for IP 'design_1_toyuv_0_0'

1. Summary
----------

CAUTION (success, with warnings) in the upgrade of design_1_toyuv_0_0 (xilinx.com:hls:toyuv:1.0) from (Rev. 2114131789) to (Rev. 2114131814)

After upgrade, an IP may have parameter and port differences compared to the original customization. Please review the parameters within the IP customization GUI to ensure proper functionality. Also, please review the updated IP instantiation template to ensure proper connectivity, and update your design if required.

2. Interface Information
------------------------

Detected external interface differences while upgrading 'design_1_toyuv_0_0'.


-Upgrade has added interface 's_axi_control_r' (xilinx.com:interface:aximm:1.0)


3. Connection Warnings
----------------------

Detected external port differences while upgrading 'design_1_toyuv_0_0'. These changes may impact your design.


-Upgrade has removed port 'height'

-Upgrade has removed port 'width'

-Upgrade has added port 's_axi_control_r_ARADDR'

-Upgrade has added port 's_axi_control_r_ARREADY'

-Upgrade has added port 's_axi_control_r_ARVALID'

-Upgrade has added port 's_axi_control_r_AWADDR'

-Upgrade has added port 's_axi_control_r_AWREADY'

-Upgrade has added port 's_axi_control_r_AWVALID'

-Upgrade has added port 's_axi_control_r_BREADY'

-Upgrade has added port 's_axi_control_r_BRESP'

-Upgrade has added port 's_axi_control_r_BVALID'

-Upgrade has added port 's_axi_control_r_RDATA'

-Upgrade has added port 's_axi_control_r_RREADY'

-Upgrade has added port 's_axi_control_r_RRESP'

-Upgrade has added port 's_axi_control_r_RVALID'

-Upgrade has added port 's_axi_control_r_WDATA'

-Upgrade has added port 's_axi_control_r_WREADY'

-Upgrade has added port 's_axi_control_r_WSTRB'

-Upgrade has added port 's_axi_control_r_WVALID'


4. Addressing Information
-------------------------

Detected addressing differences while upgrading 'design_1_toyuv_0_0'. These changes may impact your design.


-Upgrade has added address block 's_axi_control_r/Reg'


