================================================================
== Design Size Report
================================================================

* Total Instructions per Compilation Phase
+---------------+-----------------------------+--------------+----------------------------------------------------------------------------------------+
| Phase         | Step                        | Instructions | Description                                                                            |
+---------------+-----------------------------+--------------+----------------------------------------------------------------------------------------+
| Compile/Link  |                             | 175          | After all functions are compiled and linked into a single design                       |
|               |                             |              |                                                                                        |
| Unroll/Inline |                             |              | After user unroll and inline pragmas are applied                                       |
|               | (1) unroll                  | 136          | user unroll pragmas are applied                                                        |
|               | (2) simplification          | 117          | simplification of applied user unroll pragmas                                          |
|               | (3) inline                  | 118          | user inline pragmas are applied                                                        |
|               | (4) simplification          | 118          | simplification of applied user inline pragmas                                          |
|               |                             |              |                                                                                        |
| Array/Struct  |                             |              | After user array partition and struct aggregate/disaggregate pragmas are applied       |
|               | (1) array partition         | 117          | user array partition pragmas are applied                                               |
|               | (2) simplification          | 117          | simplification of applied user array partition & struct aggregate/disaggregate pragmas |
|               | (3) aggregate/disaggregate  | 117          | user struct aggregate/disaggregate pragmas are applied                                 |
|               | (4) array reshape           | 117          | apply array reshape pragmas                                                            |
|               | (5) access patterns         | 230          | array access pattern optmizations                                                      |
|               |                             |              |                                                                                        |
| Performance   |                             |              | After transformations are applied to meet performance pragma targets                   |
|               | (1) loop simplification     | 244          | loop and instruction simplification                                                    |
|               | (2) parallelization         | 230          | loops are unrolled or pipelined to meet performance targets                            |
|               | (3) array partition         | 131          | arrays are partitioned to meet performance targets                                     |
|               | (4) simplification          | 131          | simplification of design after performance transformations                             |
|               |                             |              |                                                                                        |
| HW Transforms |                             |              | After hardware transfomations                                                          |
|               | (1) lowering                |  83          | initial conversion to HW specific instructions                                         |
|               | (2) optimizations           |  71          | high level synthesis optimizations                                                     |
+---------------+-----------------------------+--------------+----------------------------------------------------------------------------------------+

* Instructions per Function for each Compilation Phase
+----------+-------------+--------------+---------------+--------------+-------------+---------------+
| Function | Location    | Compile/Link | Unroll/Inline | Array/Struct | Performance | HW Transforms |
+----------+-------------+--------------+---------------+--------------+-------------+---------------+
|   scale  | scale.cpp:9 | 175          | 118           | 230          | 131         | 71            |
+----------+-------------+--------------+---------------+--------------+-------------+---------------+

* Design Size Message Settings
+---------------------------------------------+--------+------------------------------------------------------------------+
| Message Setting                             | Value  | Description                                                      |
+---------------------------------------------+--------+------------------------------------------------------------------+
| config_compile -design_size_maximum_warning | 100000 | Show a warning when total design instructions exceeds this value |
+---------------------------------------------+--------+------------------------------------------------------------------+


