

================================================================
== Vivado HLS Report for 'dense_resource_rf_leq_nin_ap_fixed_ap_fixed_16_6_5_3_0_config18_mult_0_0'
================================================================
* Date:           Fri Jun 27 09:43:06 2025

* Version:        2020.1 (Build 2897737 on Wed May 27 20:21:37 MDT 2020)
* Project:        myproject_prj
* Solution:       solution1
* Product family: zynq
* Target device:  xc7z020-clg400-1


================================================================
== Performance Estimates
================================================================
+ Timing: 
    * Summary: 
    +--------+---------+----------+------------+
    |  Clock |  Target | Estimated| Uncertainty|
    +--------+---------+----------+------------+
    |ap_clk  | 5.00 ns | 3.890 ns |   0.62 ns  |
    +--------+---------+----------+------------+

+ Latency: 
    * Summary: 
    +---------+---------+----------+----------+-----+-----+---------------------------------------------+
    |  Latency (cycles) |  Latency (absolute) |  Interval |                   Pipeline                  |
    |   min   |   max   |    min   |    max   | min | max |                     Type                    |
    +---------+---------+----------+----------+-----+-----+---------------------------------------------+
    |       76|       77| 0.380 us | 0.385 us |   72|   72| loop rewind(delay=0 initiation interval(s)) |
    +---------+---------+----------+----------+-----+-----+---------------------------------------------+

    + Detail: 
        * Instance: 
        N/A

        * Loop: 
        +-------------+---------+---------+----------+-----------+-----------+------+----------+
        |             |  Latency (cycles) | Iteration|  Initiation Interval  | Trip |          |
        |  Loop Name  |   min   |   max   |  Latency |  achieved |   target  | Count| Pipelined|
        +-------------+---------+---------+----------+-----------+-----------+------+----------+
        |- ReuseLoop  |       76|       76|         6|          1|          1|    72|    yes   |
        +-------------+---------+---------+----------+-----------+-----------+------+----------+



================================================================
== Utilization Estimates
================================================================
* Summary: 
+-----------------+---------+-------+--------+-------+-----+
|       Name      | BRAM_18K| DSP48E|   FF   |  LUT  | URAM|
+-----------------+---------+-------+--------+-------+-----+
|DSP              |        -|      1|       -|      -|    -|
|Expression       |        -|      -|       0|     53|    -|
|FIFO             |        -|      -|       -|      -|    -|
|Instance         |        -|      -|       0|    337|    -|
|Memory           |        1|      -|       0|      0|    -|
|Multiplexer      |        -|      -|       -|     75|    -|
|Register         |        0|      -|     171|     32|    -|
+-----------------+---------+-------+--------+-------+-----+
|Total            |        1|      1|     171|    497|    0|
+-----------------+---------+-------+--------+-------+-----+
|Available        |      280|    220|  106400|  53200|    0|
+-----------------+---------+-------+--------+-------+-----+
|Utilization (%)  |    ~0   |   ~0  |   ~0   |   ~0  |    0|
+-----------------+---------+-------+--------+-------+-----+

+ Detail: 
    * Instance: 
    +------------------------------------+------------------------------+---------+-------+---+-----+-----+
    |              Instance              |            Module            | BRAM_18K| DSP48E| FF| LUT | URAM|
    +------------------------------------+------------------------------+---------+-------+---+-----+-----+
    |myproject_axi_mux_727_16_1_1_U1413  |myproject_axi_mux_727_16_1_1  |        0|      0|  0|  337|    0|
    +------------------------------------+------------------------------+---------+-------+---+-----+-----+
    |Total                               |                              |        0|      0|  0|  337|    0|
    +------------------------------------+------------------------------+---------+-------+---+-----+-----+

    * DSP48E: 
    +--------------------------------------------+--------------------------------------+-----------+
    |                  Instance                  |                Module                | Expression|
    +--------------------------------------------+--------------------------------------+-----------+
    |myproject_axi_mul_mul_16s_11s_26_3_1_U1414  |myproject_axi_mul_mul_16s_11s_26_3_1  |  i0 * i1  |
    +--------------------------------------------+--------------------------------------+-----------+

    * Memory: 
    +---------+--------------------------------------------------------------------------------+---------+---+----+-----+------+-----+------+-------------+
    |  Memory |                                     Module                                     | BRAM_18K| FF| LUT| URAM| Words| Bits| Banks| W*Bits*Banks|
    +---------+--------------------------------------------------------------------------------+---------+---+----+-----+------+-----+------+-------------+
    |w18_V_U  |dense_resource_rf_leq_nin_ap_fixed_ap_fixed_16_6_5_3_0_config18_mult_0_0_w18_V  |        1|  0|   0|    0|    72|   11|     1|          792|
    +---------+--------------------------------------------------------------------------------+---------+---+----+-----+------+-----+------+-------------+
    |Total    |                                                                                |        1|  0|   0|    0|    72|   11|     1|          792|
    +---------+--------------------------------------------------------------------------------+---------+---+----+-----+------+-----+------+-------------+

    * FIFO: 
    N/A

    * Expression: 
    +---------------------+----------+-------+---+----+------------+------------+
    |    Variable Name    | Operation| DSP48E| FF| LUT| Bitwidth P0| Bitwidth P1|
    +---------------------+----------+-------+---+----+------------+------------+
    |acc_0_V_fu_723_p2    |     +    |      0|  0|  23|          16|          16|
    |in_index_fu_258_p2   |     +    |      0|  0|  15|           7|           1|
    |ap_condition_177     |    and   |      0|  0|   2|           1|           1|
    |icmp_ln46_fu_264_p2  |   icmp   |      0|  0|  11|           7|           7|
    |ap_enable_pp0        |    xor   |      0|  0|   2|           1|           2|
    +---------------------+----------+-------+---+----+------------+------------+
    |Total                |          |      0|  0|  53|          32|          27|
    +---------------------+----------+-------+---+----+------------+------------+

    * Multiplexer: 
    +------------------------------------+----+-----------+-----+-----------+
    |                Name                | LUT| Input Size| Bits| Total Bits|
    +------------------------------------+----+-----------+-----+-----------+
    |ap_NS_fsm                           |  15|          3|    1|          3|
    |ap_enable_reg_pp0_iter1             |   9|          2|    1|          2|
    |ap_enable_reg_pp0_iter5             |   9|          2|    1|          2|
    |ap_phi_mux_in_index7_phi_fu_213_p6  |  15|          3|    7|         21|
    |ap_return                           |   9|          2|   16|         32|
    |in_index7_reg_209                   |   9|          2|    7|         14|
    |res_V_write_assign5_reg_239         |   9|          2|   16|         32|
    +------------------------------------+----+-----------+-----+-----------+
    |Total                               |  75|         16|   49|        106|
    +------------------------------------+----+-----------+-----+-----------+

    * Register: 
    +-----------------------------+----+----+-----+-----------+
    |             Name            | FF | LUT| Bits| Const Bits|
    +-----------------------------+----+----+-----+-----------+
    |ap_CS_fsm                    |   2|   0|    2|          0|
    |ap_enable_reg_pp0_iter1      |   1|   0|    1|          0|
    |ap_enable_reg_pp0_iter2      |   1|   0|    1|          0|
    |ap_enable_reg_pp0_iter3      |   1|   0|    1|          0|
    |ap_enable_reg_pp0_iter4      |   1|   0|    1|          0|
    |ap_enable_reg_pp0_iter5      |   1|   0|    1|          0|
    |ap_return_preg               |  16|   0|   16|          0|
    |icmp_ln46_reg_749            |   1|   0|    1|          0|
    |in_index7_reg_209            |   7|   0|    7|          0|
    |in_index_reg_744             |   7|   0|    7|          0|
    |r_V_reg_773                  |  26|   0|   26|          0|
    |res_V_write_assign5_reg_239  |  16|   0|   16|          0|
    |tmp_reg_753                  |  16|   0|   16|          0|
    |w18_V_load_reg_758           |  11|   0|   11|          0|
    |icmp_ln46_reg_749            |  64|  32|    1|          0|
    +-----------------------------+----+----+-----+-----------+
    |Total                        | 171|  32|  108|          0|
    +-----------------------------+----+----+-----+-----------+



================================================================
== Interface
================================================================
* Summary: 
+--------------------+-----+-----+------------+----------------------------------------------------------------------------+--------------+
|      RTL Ports     | Dir | Bits|  Protocol  |                                Source Object                               |    C Type    |
+--------------------+-----+-----+------------+----------------------------------------------------------------------------+--------------+
|ap_clk              |  in |    1| ap_ctrl_hs | dense_resource_rf_leq_nin<ap_fixed,ap_fixed<16,6,5,3,0>,config18_mult>.0.0 | return value |
|ap_rst              |  in |    1| ap_ctrl_hs | dense_resource_rf_leq_nin<ap_fixed,ap_fixed<16,6,5,3,0>,config18_mult>.0.0 | return value |
|ap_start            |  in |    1| ap_ctrl_hs | dense_resource_rf_leq_nin<ap_fixed,ap_fixed<16,6,5,3,0>,config18_mult>.0.0 | return value |
|ap_done             | out |    1| ap_ctrl_hs | dense_resource_rf_leq_nin<ap_fixed,ap_fixed<16,6,5,3,0>,config18_mult>.0.0 | return value |
|ap_idle             | out |    1| ap_ctrl_hs | dense_resource_rf_leq_nin<ap_fixed,ap_fixed<16,6,5,3,0>,config18_mult>.0.0 | return value |
|ap_ready            | out |    1| ap_ctrl_hs | dense_resource_rf_leq_nin<ap_fixed,ap_fixed<16,6,5,3,0>,config18_mult>.0.0 | return value |
|ap_return           | out |   16| ap_ctrl_hs | dense_resource_rf_leq_nin<ap_fixed,ap_fixed<16,6,5,3,0>,config18_mult>.0.0 | return value |
|kernel_data_V_5_0   |  in |   16|   ap_none  |                              kernel_data_V_5_0                             |    pointer   |
|kernel_data_V_5_1   |  in |   16|   ap_none  |                              kernel_data_V_5_1                             |    pointer   |
|kernel_data_V_5_2   |  in |   16|   ap_none  |                              kernel_data_V_5_2                             |    pointer   |
|kernel_data_V_5_3   |  in |   16|   ap_none  |                              kernel_data_V_5_3                             |    pointer   |
|kernel_data_V_5_4   |  in |   16|   ap_none  |                              kernel_data_V_5_4                             |    pointer   |
|kernel_data_V_5_5   |  in |   16|   ap_none  |                              kernel_data_V_5_5                             |    pointer   |
|kernel_data_V_5_6   |  in |   16|   ap_none  |                              kernel_data_V_5_6                             |    pointer   |
|kernel_data_V_5_7   |  in |   16|   ap_none  |                              kernel_data_V_5_7                             |    pointer   |
|kernel_data_V_5_8   |  in |   16|   ap_none  |                              kernel_data_V_5_8                             |    pointer   |
|kernel_data_V_5_9   |  in |   16|   ap_none  |                              kernel_data_V_5_9                             |    pointer   |
|kernel_data_V_5_10  |  in |   16|   ap_none  |                             kernel_data_V_5_10                             |    pointer   |
|kernel_data_V_5_11  |  in |   16|   ap_none  |                             kernel_data_V_5_11                             |    pointer   |
|kernel_data_V_5_12  |  in |   16|   ap_none  |                             kernel_data_V_5_12                             |    pointer   |
|kernel_data_V_5_13  |  in |   16|   ap_none  |                             kernel_data_V_5_13                             |    pointer   |
|kernel_data_V_5_14  |  in |   16|   ap_none  |                             kernel_data_V_5_14                             |    pointer   |
|kernel_data_V_5_15  |  in |   16|   ap_none  |                             kernel_data_V_5_15                             |    pointer   |
|kernel_data_V_5_16  |  in |   16|   ap_none  |                             kernel_data_V_5_16                             |    pointer   |
|kernel_data_V_5_17  |  in |   16|   ap_none  |                             kernel_data_V_5_17                             |    pointer   |
|kernel_data_V_5_18  |  in |   16|   ap_none  |                             kernel_data_V_5_18                             |    pointer   |
|kernel_data_V_5_19  |  in |   16|   ap_none  |                             kernel_data_V_5_19                             |    pointer   |
|kernel_data_V_5_20  |  in |   16|   ap_none  |                             kernel_data_V_5_20                             |    pointer   |
|kernel_data_V_5_21  |  in |   16|   ap_none  |                             kernel_data_V_5_21                             |    pointer   |
|kernel_data_V_5_22  |  in |   16|   ap_none  |                             kernel_data_V_5_22                             |    pointer   |
|kernel_data_V_5_23  |  in |   16|   ap_none  |                             kernel_data_V_5_23                             |    pointer   |
|kernel_data_V_5_24  |  in |   16|   ap_none  |                             kernel_data_V_5_24                             |    pointer   |
|kernel_data_V_5_25  |  in |   16|   ap_none  |                             kernel_data_V_5_25                             |    pointer   |
|kernel_data_V_5_26  |  in |   16|   ap_none  |                             kernel_data_V_5_26                             |    pointer   |
|kernel_data_V_5_27  |  in |   16|   ap_none  |                             kernel_data_V_5_27                             |    pointer   |
|kernel_data_V_5_28  |  in |   16|   ap_none  |                             kernel_data_V_5_28                             |    pointer   |
|kernel_data_V_5_29  |  in |   16|   ap_none  |                             kernel_data_V_5_29                             |    pointer   |
|kernel_data_V_5_30  |  in |   16|   ap_none  |                             kernel_data_V_5_30                             |    pointer   |
|kernel_data_V_5_31  |  in |   16|   ap_none  |                             kernel_data_V_5_31                             |    pointer   |
|kernel_data_V_5_32  |  in |   16|   ap_none  |                             kernel_data_V_5_32                             |    pointer   |
|kernel_data_V_5_33  |  in |   16|   ap_none  |                             kernel_data_V_5_33                             |    pointer   |
|kernel_data_V_5_34  |  in |   16|   ap_none  |                             kernel_data_V_5_34                             |    pointer   |
|kernel_data_V_5_35  |  in |   16|   ap_none  |                             kernel_data_V_5_35                             |    pointer   |
|kernel_data_V_5_36  |  in |   16|   ap_none  |                             kernel_data_V_5_36                             |    pointer   |
|kernel_data_V_5_37  |  in |   16|   ap_none  |                             kernel_data_V_5_37                             |    pointer   |
|kernel_data_V_5_38  |  in |   16|   ap_none  |                             kernel_data_V_5_38                             |    pointer   |
|kernel_data_V_5_39  |  in |   16|   ap_none  |                             kernel_data_V_5_39                             |    pointer   |
|kernel_data_V_5_40  |  in |   16|   ap_none  |                             kernel_data_V_5_40                             |    pointer   |
|kernel_data_V_5_41  |  in |   16|   ap_none  |                             kernel_data_V_5_41                             |    pointer   |
|kernel_data_V_5_42  |  in |   16|   ap_none  |                             kernel_data_V_5_42                             |    pointer   |
|kernel_data_V_5_43  |  in |   16|   ap_none  |                             kernel_data_V_5_43                             |    pointer   |
|kernel_data_V_5_44  |  in |   16|   ap_none  |                             kernel_data_V_5_44                             |    pointer   |
|kernel_data_V_5_45  |  in |   16|   ap_none  |                             kernel_data_V_5_45                             |    pointer   |
|kernel_data_V_5_46  |  in |   16|   ap_none  |                             kernel_data_V_5_46                             |    pointer   |
|kernel_data_V_5_47  |  in |   16|   ap_none  |                             kernel_data_V_5_47                             |    pointer   |
|kernel_data_V_5_48  |  in |   16|   ap_none  |                             kernel_data_V_5_48                             |    pointer   |
|kernel_data_V_5_49  |  in |   16|   ap_none  |                             kernel_data_V_5_49                             |    pointer   |
|kernel_data_V_5_50  |  in |   16|   ap_none  |                             kernel_data_V_5_50                             |    pointer   |
|kernel_data_V_5_51  |  in |   16|   ap_none  |                             kernel_data_V_5_51                             |    pointer   |
|kernel_data_V_5_52  |  in |   16|   ap_none  |                             kernel_data_V_5_52                             |    pointer   |
|kernel_data_V_5_53  |  in |   16|   ap_none  |                             kernel_data_V_5_53                             |    pointer   |
|kernel_data_V_5_54  |  in |   16|   ap_none  |                             kernel_data_V_5_54                             |    pointer   |
|kernel_data_V_5_55  |  in |   16|   ap_none  |                             kernel_data_V_5_55                             |    pointer   |
|kernel_data_V_5_56  |  in |   16|   ap_none  |                             kernel_data_V_5_56                             |    pointer   |
|kernel_data_V_5_57  |  in |   16|   ap_none  |                             kernel_data_V_5_57                             |    pointer   |
|kernel_data_V_5_58  |  in |   16|   ap_none  |                             kernel_data_V_5_58                             |    pointer   |
|kernel_data_V_5_59  |  in |   16|   ap_none  |                             kernel_data_V_5_59                             |    pointer   |
|kernel_data_V_5_60  |  in |   16|   ap_none  |                             kernel_data_V_5_60                             |    pointer   |
|kernel_data_V_5_61  |  in |   16|   ap_none  |                             kernel_data_V_5_61                             |    pointer   |
|kernel_data_V_5_62  |  in |   16|   ap_none  |                             kernel_data_V_5_62                             |    pointer   |
|kernel_data_V_5_63  |  in |   16|   ap_none  |                             kernel_data_V_5_63                             |    pointer   |
|kernel_data_V_5_64  |  in |   16|   ap_none  |                             kernel_data_V_5_64                             |    pointer   |
|kernel_data_V_5_65  |  in |   16|   ap_none  |                             kernel_data_V_5_65                             |    pointer   |
|kernel_data_V_5_66  |  in |   16|   ap_none  |                             kernel_data_V_5_66                             |    pointer   |
|kernel_data_V_5_67  |  in |   16|   ap_none  |                             kernel_data_V_5_67                             |    pointer   |
|kernel_data_V_5_68  |  in |   16|   ap_none  |                             kernel_data_V_5_68                             |    pointer   |
|kernel_data_V_5_69  |  in |   16|   ap_none  |                             kernel_data_V_5_69                             |    pointer   |
|kernel_data_V_5_70  |  in |   16|   ap_none  |                             kernel_data_V_5_70                             |    pointer   |
|kernel_data_V_5_71  |  in |   16|   ap_none  |                             kernel_data_V_5_71                             |    pointer   |
+--------------------+-----+-----+------------+----------------------------------------------------------------------------+--------------+

