

================================================================
== Vivado HLS Report for 'dense_resource_rf_leq_nin_ap_fixed_ap_fixed_config5_mult_0_0_0_0_0'
================================================================
* Date:           Sun May 25 15:18:50 2025

* Version:        2020.1 (Build 2897737 on Wed May 27 20:21:37 MDT 2020)
* Project:        myproject_prj
* Solution:       solution1
* Product family: zynq
* Target device:  xc7z020-clg400-1


================================================================
== Performance Estimates
================================================================
+ Timing: 
    * Summary: 
    +--------+---------+----------+------------+
    |  Clock |  Target | Estimated| Uncertainty|
    +--------+---------+----------+------------+
    |ap_clk  | 5.00 ns | 3.515 ns |   0.62 ns  |
    +--------+---------+----------+------------+

+ Latency: 
    * Summary: 
    +---------+---------+-----------+-----------+-----+-----+---------+
    |  Latency (cycles) |   Latency (absolute)  |  Interval | Pipeline|
    |   min   |   max   |    min    |    max    | min | max |   Type  |
    +---------+---------+-----------+-----------+-----+-----+---------+
    |        4|        4| 20.000 ns | 20.000 ns |    4|    4|   none  |
    +---------+---------+-----------+-----------+-----+-----+---------+

    + Detail: 
        * Instance: 
        N/A

        * Loop: 
        N/A



================================================================
== Utilization Estimates
================================================================
* Summary: 
+-----------------+---------+-------+--------+-------+-----+
|       Name      | BRAM_18K| DSP48E|   FF   |  LUT  | URAM|
+-----------------+---------+-------+--------+-------+-----+
|DSP              |        -|      -|       -|      -|    -|
|Expression       |        -|      -|       0|   1561|    -|
|FIFO             |        -|      -|       -|      -|    -|
|Instance         |        -|      -|       -|      -|    -|
|Memory           |        -|      -|       -|      -|    -|
|Multiplexer      |        -|      -|       -|     33|    -|
|Register         |        -|      -|     367|      -|    -|
+-----------------+---------+-------+--------+-------+-----+
|Total            |        0|      0|     367|   1594|    0|
+-----------------+---------+-------+--------+-------+-----+
|Available        |      280|    220|  106400|  53200|    0|
+-----------------+---------+-------+--------+-------+-----+
|Utilization (%)  |        0|      0|   ~0   |      2|    0|
+-----------------+---------+-------+--------+-------+-----+

+ Detail: 
    * Instance: 
    N/A

    * DSP48E: 
    N/A

    * Memory: 
    N/A

    * FIFO: 
    N/A

    * Expression: 
    +--------------------------+----------+-------+---+----+------------+------------+
    |       Variable Name      | Operation| DSP48E| FF| LUT| Bitwidth P0| Bitwidth P1|
    +--------------------------+----------+-------+---+----+------------+------------+
    |acc_1_V_fu_2200_p2        |     +    |      0|  0|   8|           4|           4|
    |acc_2_V_fu_2209_p2        |     +    |      0|  0|   8|           4|           4|
    |acc_3_V_fu_2218_p2        |     +    |      0|  0|   8|           4|           4|
    |add_ln703_10_fu_2088_p2   |     +    |      0|  0|   8|           4|           4|
    |add_ln703_11_fu_2187_p2   |     +    |      0|  0|   8|           4|           4|
    |add_ln703_12_fu_1652_p2   |     +    |      0|  0|   8|           4|           4|
    |add_ln703_13_fu_1656_p2   |     +    |      0|  0|   8|           4|           4|
    |add_ln703_14_fu_1662_p2   |     +    |      0|  0|   8|           4|           4|
    |add_ln703_15_fu_901_p2    |     +    |      0|  0|  12|           3|           3|
    |add_ln703_16_fu_1670_p2   |     +    |      0|  0|   8|           4|           4|
    |add_ln703_17_fu_2093_p2   |     +    |      0|  0|   8|           4|           4|
    |add_ln703_18_fu_907_p2    |     +    |      0|  0|  12|           3|           3|
    |add_ln703_19_fu_1679_p2   |     +    |      0|  0|   8|           4|           4|
    |add_ln703_1_fu_2075_p2    |     +    |      0|  0|   8|           4|           4|
    |add_ln703_20_fu_913_p2    |     +    |      0|  0|  12|           3|           3|
    |add_ln703_21_fu_922_p2    |     +    |      0|  0|  12|           3|           3|
    |add_ln703_22_fu_932_p2    |     +    |      0|  0|  13|           4|           4|
    |add_ln703_23_fu_1685_p2   |     +    |      0|  0|   8|           4|           4|
    |add_ln703_24_fu_2097_p2   |     +    |      0|  0|   8|           4|           4|
    |add_ln703_25_fu_2191_p2   |     +    |      0|  0|   8|           4|           4|
    |add_ln703_26_fu_1829_p2   |     +    |      0|  0|  13|           4|           4|
    |add_ln703_27_fu_2105_p2   |     +    |      0|  0|   8|           4|           4|
    |add_ln703_28_fu_1835_p2   |     +    |      0|  0|   8|           4|           4|
    |add_ln703_29_fu_1841_p2   |     +    |      0|  0|   8|           4|           4|
    |add_ln703_2_fu_1625_p2    |     +    |      0|  0|   8|           4|           4|
    |add_ln703_30_fu_2110_p2   |     +    |      0|  0|   8|           4|           4|
    |add_ln703_31_fu_1847_p2   |     +    |      0|  0|  13|           4|           4|
    |add_ln703_32_fu_2115_p2   |     +    |      0|  0|   8|           4|           4|
    |add_ln703_33_fu_1853_p2   |     +    |      0|  0|   8|           4|           4|
    |add_ln703_34_fu_1244_p2   |     +    |      0|  0|  13|           4|           4|
    |add_ln703_35_fu_1857_p2   |     +    |      0|  0|   8|           4|           4|
    |add_ln703_36_fu_2119_p2   |     +    |      0|  0|   8|           4|           4|
    |add_ln703_37_fu_2196_p2   |     +    |      0|  0|   8|           4|           4|
    |add_ln703_38_fu_1862_p2   |     +    |      0|  0|   8|           4|           4|
    |add_ln703_39_fu_1868_p2   |     +    |      0|  0|   8|           4|           4|
    |add_ln703_3_fu_1631_p2    |     +    |      0|  0|   8|           4|           4|
    |add_ln703_40_fu_1873_p2   |     +    |      0|  0|   8|           4|           4|
    |add_ln703_41_fu_1250_p2   |     +    |      0|  0|  13|           4|           4|
    |add_ln703_42_fu_1877_p2   |     +    |      0|  0|   8|           4|           4|
    |add_ln703_43_fu_2124_p2   |     +    |      0|  0|   8|           4|           4|
    |add_ln703_44_fu_1256_p2   |     +    |      0|  0|  12|           3|           3|
    |add_ln703_45_fu_1885_p2   |     +    |      0|  0|   8|           4|           4|
    |add_ln703_46_fu_1262_p2   |     +    |      0|  0|  12|           3|           3|
    |add_ln703_47_fu_1271_p2   |     +    |      0|  0|  12|           3|           3|
    |add_ln703_48_fu_1281_p2   |     +    |      0|  0|  13|           4|           4|
    |add_ln703_49_fu_1891_p2   |     +    |      0|  0|   8|           4|           4|
    |add_ln703_4_fu_2079_p2    |     +    |      0|  0|   8|           4|           4|
    |add_ln703_50_fu_2128_p2   |     +    |      0|  0|   8|           4|           4|
    |add_ln703_52_fu_1981_p2   |     +    |      0|  0|  13|           4|           4|
    |add_ln703_53_fu_2133_p2   |     +    |      0|  0|   8|           4|           4|
    |add_ln703_54_fu_1987_p2   |     +    |      0|  0|   8|           4|           4|
    |add_ln703_55_fu_1993_p2   |     +    |      0|  0|   8|           4|           4|
    |add_ln703_56_fu_2137_p2   |     +    |      0|  0|   8|           4|           4|
    |add_ln703_57_fu_1999_p2   |     +    |      0|  0|  13|           4|           4|
    |add_ln703_58_fu_2142_p2   |     +    |      0|  0|   8|           4|           4|
    |add_ln703_59_fu_2005_p2   |     +    |      0|  0|   8|           4|           4|
    |add_ln703_5_fu_1636_p2    |     +    |      0|  0|  13|           4|           4|
    |add_ln703_60_fu_2010_p2   |     +    |      0|  0|   8|           4|           4|
    |add_ln703_61_fu_2146_p2   |     +    |      0|  0|   8|           4|           4|
    |add_ln703_62_fu_2205_p2   |     +    |      0|  0|   8|           4|           4|
    |add_ln703_63_fu_1336_p2   |     +    |      0|  0|  13|           4|           4|
    |add_ln703_64_fu_2016_p2   |     +    |      0|  0|  13|           4|           4|
    |add_ln703_65_fu_2021_p2   |     +    |      0|  0|   8|           4|           4|
    |add_ln703_66_fu_2026_p2   |     +    |      0|  0|   8|           4|           4|
    |add_ln703_67_fu_2151_p2   |     +    |      0|  0|   8|           4|           4|
    |add_ln703_68_fu_1342_p2   |     +    |      0|  0|  13|           4|           4|
    |add_ln703_69_fu_2032_p2   |     +    |      0|  0|   8|           4|           4|
    |add_ln703_6_fu_2084_p2    |     +    |      0|  0|   8|           4|           4|
    |add_ln703_70_fu_1348_p2   |     +    |      0|  0|   8|           4|           4|
    |add_ln703_71_fu_410_p2    |     +    |      0|  0|  12|           3|           3|
    |add_ln703_72_fu_1357_p2   |     +    |      0|  0|   8|           4|           4|
    |add_ln703_73_fu_2037_p2   |     +    |      0|  0|   8|           4|           4|
    |add_ln703_74_fu_2155_p2   |     +    |      0|  0|   8|           4|           4|
    |add_ln703_76_fu_2160_p2   |     +    |      0|  0|   8|           4|           4|
    |add_ln703_77_fu_2042_p2   |     +    |      0|  0|   8|           4|           4|
    |add_ln703_78_fu_2047_p2   |     +    |      0|  0|   8|           4|           4|
    |add_ln703_79_fu_2164_p2   |     +    |      0|  0|   8|           4|           4|
    |add_ln703_7_fu_1642_p2    |     +    |      0|  0|   8|           4|           4|
    |add_ln703_80_fu_2169_p2   |     +    |      0|  0|   8|           4|           4|
    |add_ln703_81_fu_2052_p2   |     +    |      0|  0|  13|           4|           4|
    |add_ln703_82_fu_2173_p2   |     +    |      0|  0|   8|           4|           4|
    |add_ln703_83_fu_2214_p2   |     +    |      0|  0|   8|           4|           4|
    |add_ln703_84_fu_1495_p2   |     +    |      0|  0|  13|           4|           4|
    |add_ln703_85_fu_2056_p2   |     +    |      0|  0|   8|           4|           4|
    |add_ln703_86_fu_2061_p2   |     +    |      0|  0|   8|           4|           4|
    |add_ln703_87_fu_2178_p2   |     +    |      0|  0|   8|           4|           4|
    |add_ln703_88_fu_1501_p2   |     +    |      0|  0|  13|           4|           4|
    |add_ln703_89_fu_2066_p2   |     +    |      0|  0|   8|           4|           4|
    |add_ln703_8_fu_895_p2     |     +    |      0|  0|  13|           4|           4|
    |add_ln703_90_fu_1507_p2   |     +    |      0|  0|  12|           3|           3|
    |add_ln703_91_fu_1517_p2   |     +    |      0|  0|  13|           4|           4|
    |add_ln703_92_fu_2070_p2   |     +    |      0|  0|   8|           4|           4|
    |add_ln703_93_fu_2182_p2   |     +    |      0|  0|   8|           4|           4|
    |add_ln703_9_fu_1647_p2    |     +    |      0|  0|   8|           4|           4|
    |add_ln703_fu_1619_p2      |     +    |      0|  0|  13|           4|           4|
    |sub_ln1118_10_fu_708_p2   |     -    |      0|  0|  15|           1|           5|
    |sub_ln1118_11_fu_744_p2   |     -    |      0|  0|  15|           1|           6|
    |sub_ln1118_12_fu_782_p2   |     -    |      0|  0|  15|           1|           5|
    |sub_ln1118_13_fu_802_p2   |     -    |      0|  0|  15|           1|           5|
    |sub_ln1118_14_fu_834_p2   |     -    |      0|  0|  15|           1|           6|
    |sub_ln1118_15_fu_354_p2   |     -    |      0|  0|  15|           1|           5|
    |sub_ln1118_16_fu_879_p2   |     -    |      0|  0|  15|           1|           5|
    |sub_ln1118_17_fu_1690_p2  |     -    |      0|  0|  15|           1|           5|
    |sub_ln1118_18_fu_1710_p2  |     -    |      0|  0|  15|           1|           5|
    |sub_ln1118_19_fu_938_p2   |     -    |      0|  0|  15|           1|           5|
    |sub_ln1118_1_fu_1545_p2   |     -    |      0|  0|  15|           1|           6|
    |sub_ln1118_20_fu_954_p2   |     -    |      0|  0|  15|           1|           5|
    |sub_ln1118_21_fu_970_p2   |     -    |      0|  0|  15|           1|           5|
    |sub_ln1118_22_fu_1735_p2  |     -    |      0|  0|  15|           1|           5|
    |sub_ln1118_23_fu_1766_p2  |     -    |      0|  0|  15|           1|           6|
    |sub_ln1118_24_fu_1793_p2  |     -    |      0|  0|  15|           1|           6|
    |sub_ln1118_25_fu_998_p2   |     -    |      0|  0|  15|           1|           6|
    |sub_ln1118_26_fu_1026_p2  |     -    |      0|  0|  15|           1|           6|
    |sub_ln1118_27_fu_1042_p2  |     -    |      0|  0|  15|           1|           5|
    |sub_ln1118_28_fu_1076_p2  |     -    |      0|  0|  15|           1|           5|
    |sub_ln1118_29_fu_1108_p2  |     -    |      0|  0|  15|           1|           6|
    |sub_ln1118_2_fu_462_p2    |     -    |      0|  0|  15|           1|           5|
    |sub_ln1118_30_fu_1124_p2  |     -    |      0|  0|  15|           1|           5|
    |sub_ln1118_31_fu_1140_p2  |     -    |      0|  0|  15|           1|           5|
    |sub_ln1118_32_fu_1168_p2  |     -    |      0|  0|  15|           1|           6|
    |sub_ln1118_33_fu_370_p2   |     -    |      0|  0|  15|           1|           5|
    |sub_ln1118_34_fu_1187_p2  |     -    |      0|  0|  15|           1|           5|
    |sub_ln1118_35_fu_1207_p2  |     -    |      0|  0|  15|           1|           5|
    |sub_ln1118_36_fu_1287_p2  |     -    |      0|  0|  15|           1|           5|
    |sub_ln1118_37_fu_1911_p2  |     -    |      0|  0|  15|           1|           6|
    |sub_ln1118_38_fu_1934_p2  |     -    |      0|  0|  15|           6|           6|
    |sub_ln1118_39_fu_1962_p2  |     -    |      0|  0|  15|           1|           6|
    |sub_ln1118_3_fu_494_p2    |     -    |      0|  0|  15|           1|           6|
    |sub_ln1118_40_fu_1306_p2  |     -    |      0|  0|  15|           1|           5|
    |sub_ln1118_41_fu_1375_p2  |     -    |      0|  0|  15|           1|           6|
    |sub_ln1118_42_fu_1403_p2  |     -    |      0|  0|  15|           1|           6|
    |sub_ln1118_43_fu_1445_p2  |     -    |      0|  0|  15|           1|           6|
    |sub_ln1118_44_fu_1461_p2  |     -    |      0|  0|  15|           1|           5|
    |sub_ln1118_4_fu_532_p2    |     -    |      0|  0|  15|           1|           5|
    |sub_ln1118_5_fu_552_p2    |     -    |      0|  0|  15|           1|           5|
    |sub_ln1118_6_fu_572_p2    |     -    |      0|  0|  15|           1|           5|
    |sub_ln1118_7_fu_1590_p2   |     -    |      0|  0|  15|           1|           5|
    |sub_ln1118_8_fu_622_p2    |     -    |      0|  0|  15|           1|           6|
    |sub_ln1118_9_fu_642_p2    |     -    |      0|  0|  15|           1|           5|
    |sub_ln1118_fu_438_p2      |     -    |      0|  0|  15|           1|           5|
    +--------------------------+----------+-------+---+----+------------+------------+
    |Total                     |          |      0|  0|1561|         421|         613|
    +--------------------------+----------+-------+---+----+------------+------------+

    * Multiplexer: 
    +-----------+----+-----------+-----+-----------+
    |    Name   | LUT| Input Size| Bits| Total Bits|
    +-----------+----+-----------+-----+-----------+
    |ap_NS_fsm  |  33|          6|    1|          6|
    +-----------+----+-----------+-----+-----------+
    |Total      |  33|          6|    1|          6|
    +-----------+----+-----------+-----+-----------+

    * Register: 
    +-------------------------+---+----+-----+-----------+
    |           Name          | FF| LUT| Bits| Const Bits|
    +-------------------------+---+----+-----+-----------+
    |add_ln703_10_reg_2709    |  4|   0|    4|          0|
    |add_ln703_13_reg_2568    |  4|   0|    4|          0|
    |add_ln703_15_reg_2386    |  3|   0|    3|          0|
    |add_ln703_16_reg_2573    |  4|   0|    4|          0|
    |add_ln703_18_reg_2391    |  3|   0|    3|          0|
    |add_ln703_22_reg_2396    |  4|   0|    4|          0|
    |add_ln703_23_reg_2578    |  4|   0|    4|          0|
    |add_ln703_24_reg_2714    |  4|   0|    4|          0|
    |add_ln703_26_reg_2604    |  4|   0|    4|          0|
    |add_ln703_29_reg_2609    |  4|   0|    4|          0|
    |add_ln703_30_reg_2719    |  4|   0|    4|          0|
    |add_ln703_31_reg_2614    |  4|   0|    4|          0|
    |add_ln703_34_reg_2462    |  4|   0|    4|          0|
    |add_ln703_35_reg_2619    |  4|   0|    4|          0|
    |add_ln703_36_reg_2724    |  4|   0|    4|          0|
    |add_ln703_39_reg_2624    |  4|   0|    4|          0|
    |add_ln703_3_reg_2553     |  4|   0|    4|          0|
    |add_ln703_41_reg_2467    |  4|   0|    4|          0|
    |add_ln703_42_reg_2629    |  4|   0|    4|          0|
    |add_ln703_44_reg_2472    |  3|   0|    3|          0|
    |add_ln703_48_reg_2477    |  4|   0|    4|          0|
    |add_ln703_49_reg_2634    |  4|   0|    4|          0|
    |add_ln703_4_reg_2704     |  4|   0|    4|          0|
    |add_ln703_50_reg_2729    |  4|   0|    4|          0|
    |add_ln703_52_reg_2649    |  4|   0|    4|          0|
    |add_ln703_55_reg_2654    |  4|   0|    4|          0|
    |add_ln703_56_reg_2734    |  4|   0|    4|          0|
    |add_ln703_57_reg_2659    |  4|   0|    4|          0|
    |add_ln703_5_reg_2558     |  4|   0|    4|          0|
    |add_ln703_60_reg_2664    |  4|   0|    4|          0|
    |add_ln703_61_reg_2739    |  4|   0|    4|          0|
    |add_ln703_63_reg_2492    |  4|   0|    4|          0|
    |add_ln703_64_reg_2669    |  4|   0|    4|          0|
    |add_ln703_66_reg_2674    |  4|   0|    4|          0|
    |add_ln703_68_reg_2498    |  4|   0|    4|          0|
    |add_ln703_71_reg_2278    |  3|   0|    3|          0|
    |add_ln703_72_reg_2503    |  4|   0|    4|          0|
    |add_ln703_73_reg_2679    |  4|   0|    4|          0|
    |add_ln703_74_reg_2744    |  4|   0|    4|          0|
    |add_ln703_78_reg_2684    |  4|   0|    4|          0|
    |add_ln703_79_reg_2749    |  4|   0|    4|          0|
    |add_ln703_81_reg_2689    |  4|   0|    4|          0|
    |add_ln703_82_reg_2754    |  4|   0|    4|          0|
    |add_ln703_84_reg_2518    |  4|   0|    4|          0|
    |add_ln703_86_reg_2694    |  4|   0|    4|          0|
    |add_ln703_88_reg_2523    |  4|   0|    4|          0|
    |add_ln703_8_reg_2381     |  4|   0|    4|          0|
    |add_ln703_91_reg_2528    |  4|   0|    4|          0|
    |add_ln703_92_reg_2699    |  4|   0|    4|          0|
    |add_ln703_93_reg_2759    |  4|   0|    4|          0|
    |add_ln703_9_reg_2563     |  4|   0|    4|          0|
    |add_ln703_reg_2548       |  4|   0|    4|          0|
    |ap_CS_fsm                |  5|   0|    5|          0|
    |sext_ln1118_23_reg_2252  |  3|   0|    3|          0|
    |sext_ln708_16_reg_2349   |  4|   0|    4|          0|
    |sext_ln708_19_reg_2360   |  4|   0|    4|          0|
    |sext_ln708_21_reg_2371   |  4|   0|    4|          0|
    |sext_ln708_23_reg_2583   |  4|   0|    4|          0|
    |sext_ln708_25_reg_2593   |  4|   0|    4|          0|
    |sext_ln708_28_reg_2598   |  4|   0|    4|          0|
    |sext_ln708_29_reg_2426   |  4|   0|    4|          0|
    |sext_ln708_34_reg_2452   |  4|   0|    4|          0|
    |sext_ln708_35_reg_2457   |  4|   0|    4|          0|
    |sext_ln708_4_reg_2533    |  4|   0|    4|          0|
    |sext_ln708_7_reg_2538    |  4|   0|    4|          0|
    |sext_ln708_8_reg_2543    |  4|   0|    4|          0|
    |trunc_ln708_11_reg_2339  |  4|   0|    4|          0|
    |trunc_ln708_12_reg_2344  |  3|   0|    3|          0|
    |trunc_ln708_20_reg_2355  |  3|   0|    3|          0|
    |trunc_ln708_22_reg_2366  |  4|   0|    4|          0|
    |trunc_ln708_24_reg_2258  |  3|   0|    3|          0|
    |trunc_ln708_25_reg_2376  |  3|   0|    3|          0|
    |trunc_ln708_27_reg_2588  |  3|   0|    3|          0|
    |trunc_ln708_28_reg_2401  |  3|   0|    3|          0|
    |trunc_ln708_29_reg_2406  |  3|   0|    3|          0|
    |trunc_ln708_2_reg_2309   |  3|   0|    3|          0|
    |trunc_ln708_30_reg_2411  |  3|   0|    3|          0|
    |trunc_ln708_34_reg_2416  |  4|   0|    4|          0|
    |trunc_ln708_35_reg_2421  |  4|   0|    4|          0|
    |trunc_ln708_3_reg_2314   |  4|   0|    4|          0|
    |trunc_ln708_40_reg_2432  |  4|   0|    4|          0|
    |trunc_ln708_41_reg_2437  |  3|   0|    3|          0|
    |trunc_ln708_42_reg_2442  |  3|   0|    3|          0|
    |trunc_ln708_43_reg_2447  |  4|   0|    4|          0|
    |trunc_ln708_44_reg_2263  |  3|   0|    3|          0|
    |trunc_ln708_47_reg_2268  |  2|   0|    2|          0|
    |trunc_ln708_49_reg_2482  |  3|   0|    3|          0|
    |trunc_ln708_4_reg_2247   |  3|   0|    3|          0|
    |trunc_ln708_50_reg_2639  |  4|   0|    4|          0|
    |trunc_ln708_51_reg_2644  |  4|   0|    4|          0|
    |trunc_ln708_52_reg_2273  |  2|   0|    2|          0|
    |trunc_ln708_55_reg_2487  |  3|   0|    3|          0|
    |trunc_ln708_56_reg_2508  |  4|   0|    4|          0|
    |trunc_ln708_57_reg_2513  |  4|   0|    4|          0|
    |trunc_ln708_6_reg_2319   |  3|   0|    3|          0|
    |trunc_ln708_7_reg_2324   |  3|   0|    3|          0|
    |trunc_ln708_8_reg_2329   |  3|   0|    3|          0|
    |trunc_ln708_9_reg_2334   |  2|   0|    2|          0|
    |trunc_ln708_s_reg_2304   |  3|   0|    3|          0|
    +-------------------------+---+----+-----+-----------+
    |Total                    |367|   0|  367|          0|
    +-------------------------+---+----+-----+-----------+



================================================================
== Interface
================================================================
* Summary: 
+----------------+-----+-----+------------+---------------------------------------------------------------------+--------------+
|    RTL Ports   | Dir | Bits|  Protocol  |                            Source Object                            |    C Type    |
+----------------+-----+-----+------------+---------------------------------------------------------------------+--------------+
|ap_clk          |  in |    1| ap_ctrl_hs | dense_resource_rf_leq_nin<ap_fixed,ap_fixed,config5_mult>.0.0.0.0.0 | return value |
|ap_rst          |  in |    1| ap_ctrl_hs | dense_resource_rf_leq_nin<ap_fixed,ap_fixed,config5_mult>.0.0.0.0.0 | return value |
|ap_start        |  in |    1| ap_ctrl_hs | dense_resource_rf_leq_nin<ap_fixed,ap_fixed,config5_mult>.0.0.0.0.0 | return value |
|ap_done         | out |    1| ap_ctrl_hs | dense_resource_rf_leq_nin<ap_fixed,ap_fixed,config5_mult>.0.0.0.0.0 | return value |
|ap_idle         | out |    1| ap_ctrl_hs | dense_resource_rf_leq_nin<ap_fixed,ap_fixed,config5_mult>.0.0.0.0.0 | return value |
|ap_ready        | out |    1| ap_ctrl_hs | dense_resource_rf_leq_nin<ap_fixed,ap_fixed,config5_mult>.0.0.0.0.0 | return value |
|ap_return_0     | out |    4| ap_ctrl_hs | dense_resource_rf_leq_nin<ap_fixed,ap_fixed,config5_mult>.0.0.0.0.0 | return value |
|ap_return_1     | out |    4| ap_ctrl_hs | dense_resource_rf_leq_nin<ap_fixed,ap_fixed,config5_mult>.0.0.0.0.0 | return value |
|ap_return_2     | out |    4| ap_ctrl_hs | dense_resource_rf_leq_nin<ap_fixed,ap_fixed,config5_mult>.0.0.0.0.0 | return value |
|ap_return_3     | out |    4| ap_ctrl_hs | dense_resource_rf_leq_nin<ap_fixed,ap_fixed,config5_mult>.0.0.0.0.0 | return value |
|data_0_V_read   |  in |    4|   ap_none  |                            data_0_V_read                            |    scalar    |
|data_1_V_read   |  in |    4|   ap_none  |                            data_1_V_read                            |    scalar    |
|data_2_V_read   |  in |    4|   ap_none  |                            data_2_V_read                            |    scalar    |
|data_3_V_read   |  in |    4|   ap_none  |                            data_3_V_read                            |    scalar    |
|data_4_V_read   |  in |    4|   ap_none  |                            data_4_V_read                            |    scalar    |
|data_5_V_read   |  in |    4|   ap_none  |                            data_5_V_read                            |    scalar    |
|data_6_V_read   |  in |    4|   ap_none  |                            data_6_V_read                            |    scalar    |
|data_7_V_read   |  in |    4|   ap_none  |                            data_7_V_read                            |    scalar    |
|data_8_V_read   |  in |    4|   ap_none  |                            data_8_V_read                            |    scalar    |
|data_9_V_read   |  in |    4|   ap_none  |                            data_9_V_read                            |    scalar    |
|data_10_V_read  |  in |    4|   ap_none  |                            data_10_V_read                           |    scalar    |
|data_11_V_read  |  in |    4|   ap_none  |                            data_11_V_read                           |    scalar    |
|data_12_V_read  |  in |    4|   ap_none  |                            data_12_V_read                           |    scalar    |
|data_13_V_read  |  in |    4|   ap_none  |                            data_13_V_read                           |    scalar    |
|data_14_V_read  |  in |    4|   ap_none  |                            data_14_V_read                           |    scalar    |
|data_15_V_read  |  in |    4|   ap_none  |                            data_15_V_read                           |    scalar    |
|data_16_V_read  |  in |    4|   ap_none  |                            data_16_V_read                           |    scalar    |
|data_17_V_read  |  in |    4|   ap_none  |                            data_17_V_read                           |    scalar    |
|data_18_V_read  |  in |    4|   ap_none  |                            data_18_V_read                           |    scalar    |
|data_19_V_read  |  in |    4|   ap_none  |                            data_19_V_read                           |    scalar    |
|data_20_V_read  |  in |    4|   ap_none  |                            data_20_V_read                           |    scalar    |
|data_21_V_read  |  in |    4|   ap_none  |                            data_21_V_read                           |    scalar    |
|data_22_V_read  |  in |    4|   ap_none  |                            data_22_V_read                           |    scalar    |
|data_23_V_read  |  in |    4|   ap_none  |                            data_23_V_read                           |    scalar    |
|data_24_V_read  |  in |    4|   ap_none  |                            data_24_V_read                           |    scalar    |
|data_25_V_read  |  in |    4|   ap_none  |                            data_25_V_read                           |    scalar    |
|data_26_V_read  |  in |    4|   ap_none  |                            data_26_V_read                           |    scalar    |
|data_27_V_read  |  in |    4|   ap_none  |                            data_27_V_read                           |    scalar    |
|data_28_V_read  |  in |    4|   ap_none  |                            data_28_V_read                           |    scalar    |
|data_29_V_read  |  in |    4|   ap_none  |                            data_29_V_read                           |    scalar    |
|data_30_V_read  |  in |    4|   ap_none  |                            data_30_V_read                           |    scalar    |
|data_31_V_read  |  in |    4|   ap_none  |                            data_31_V_read                           |    scalar    |
|data_32_V_read  |  in |    4|   ap_none  |                            data_32_V_read                           |    scalar    |
|data_33_V_read  |  in |    4|   ap_none  |                            data_33_V_read                           |    scalar    |
|data_34_V_read  |  in |    4|   ap_none  |                            data_34_V_read                           |    scalar    |
|data_35_V_read  |  in |    4|   ap_none  |                            data_35_V_read                           |    scalar    |
+----------------+-----+-----+------------+---------------------------------------------------------------------+--------------+

