

================================================================
== Vivado HLS Report for 'shift_line_buffer_array_ap_fixed_4_2_5_3_0_4u_config22_s'
================================================================
* Date:           Sun May 25 15:19:26 2025

* Version:        2020.1 (Build 2897737 on Wed May 27 20:21:37 MDT 2020)
* Project:        myproject_prj
* Solution:       solution1
* Product family: zynq
* Target device:  xc7z020-clg400-1


================================================================
== Performance Estimates
================================================================
+ Timing: 
    * Summary: 
    +--------+---------+----------+------------+
    |  Clock |  Target | Estimated| Uncertainty|
    +--------+---------+----------+------------+
    |ap_clk  | 5.00 ns | 3.249 ns |   0.62 ns  |
    +--------+---------+----------+------------+

+ Latency: 
    * Summary: 
    +---------+---------+----------+----------+-----+-----+----------+
    |  Latency (cycles) |  Latency (absolute) |  Interval | Pipeline |
    |   min   |   max   |    min   |    max   | min | max |   Type   |
    +---------+---------+----------+----------+-----+-----+----------+
    |        0|        0|   0 ns   |   0 ns   |    1|    1| function |
    +---------+---------+----------+----------+-----+-----+----------+

    + Detail: 
        * Instance: 
        N/A

        * Loop: 
        N/A



================================================================
== Utilization Estimates
================================================================
* Summary: 
+-----------------+---------+-------+--------+-------+-----+
|       Name      | BRAM_18K| DSP48E|   FF   |  LUT  | URAM|
+-----------------+---------+-------+--------+-------+-----+
|DSP              |        -|      -|       -|      -|    -|
|Expression       |        -|      -|       -|      -|    -|
|FIFO             |        -|      -|       -|      -|    -|
|Instance         |        -|      -|       -|      -|    -|
|Memory           |        0|      -|     512|    608|    -|
|Multiplexer      |        -|      -|       -|      -|    -|
|Register         |        -|      -|       1|      -|    -|
+-----------------+---------+-------+--------+-------+-----+
|Total            |        0|      0|     513|    608|    0|
+-----------------+---------+-------+--------+-------+-----+
|Available        |      280|    220|  106400|  53200|    0|
+-----------------+---------+-------+--------+-------+-----+
|Utilization (%)  |        0|      0|   ~0   |      1|    0|
+-----------------+---------+-------+--------+-------+-----+

+ Detail: 
    * Instance: 
    N/A

    * DSP48E: 
    N/A

    * Memory: 
    +-----------------------------+----------------------------------------------------------------------------------+---------+----+----+-----+------+-----+------+-------------+
    |            Memory           |                                      Module                                      | BRAM_18K| FF | LUT| URAM| Words| Bits| Banks| W*Bits*Banks|
    +-----------------------------+----------------------------------------------------------------------------------+---------+----+----+-----+------+-----+------+-------------+
    |line_buffer_Array_V_4_0_0_U  |shift_line_buffer_array_ap_fixed_4_2_5_3_0_3u_config2_s_line_buffer_Array_V_2bkb  |        0|  64|  76|    0|    66|    4|     1|          264|
    |line_buffer_Array_V_4_1_0_U  |shift_line_buffer_array_ap_fixed_4_2_5_3_0_3u_config2_s_line_buffer_Array_V_2bkb  |        0|  64|  76|    0|    66|    4|     1|          264|
    |line_buffer_Array_V_4_0_1_U  |shift_line_buffer_array_ap_fixed_4_2_5_3_0_3u_config2_s_line_buffer_Array_V_2bkb  |        0|  64|  76|    0|    66|    4|     1|          264|
    |line_buffer_Array_V_4_1_1_U  |shift_line_buffer_array_ap_fixed_4_2_5_3_0_3u_config2_s_line_buffer_Array_V_2bkb  |        0|  64|  76|    0|    66|    4|     1|          264|
    |line_buffer_Array_V_4_0_2_U  |shift_line_buffer_array_ap_fixed_4_2_5_3_0_3u_config2_s_line_buffer_Array_V_2bkb  |        0|  64|  76|    0|    66|    4|     1|          264|
    |line_buffer_Array_V_4_1_2_U  |shift_line_buffer_array_ap_fixed_4_2_5_3_0_3u_config2_s_line_buffer_Array_V_2bkb  |        0|  64|  76|    0|    66|    4|     1|          264|
    |line_buffer_Array_V_4_0_3_U  |shift_line_buffer_array_ap_fixed_4_2_5_3_0_3u_config2_s_line_buffer_Array_V_2bkb  |        0|  64|  76|    0|    66|    4|     1|          264|
    |line_buffer_Array_V_4_1_3_U  |shift_line_buffer_array_ap_fixed_4_2_5_3_0_3u_config2_s_line_buffer_Array_V_2bkb  |        0|  64|  76|    0|    66|    4|     1|          264|
    +-----------------------------+----------------------------------------------------------------------------------+---------+----+----+-----+------+-----+------+-------------+
    |Total                        |                                                                                  |        0| 512| 608|    0|   528|   32|     8|         2112|
    +-----------------------------+----------------------------------------------------------------------------------+---------+----+----+-----+------+-----+------+-------------+

    * FIFO: 
    N/A

    * Expression: 
    N/A

    * Multiplexer: 
    N/A

    * Register: 
    +-----------+---+----+-----+-----------+
    |    Name   | FF| LUT| Bits| Const Bits|
    +-----------+---+----+-----+-----------+
    |ap_CS_fsm  |  1|   0|    1|          0|
    +-----------+---+----+-----+-----------+
    |Total      |  1|   0|    1|          0|
    +-----------+---+----+-----+-----------+



================================================================
== Interface
================================================================
* Summary: 
+-------------------------+-----+-----+------------+-----------------------------------------------------------------+--------------+
|        RTL Ports        | Dir | Bits|  Protocol  |                          Source Object                          |    C Type    |
+-------------------------+-----+-----+------------+-----------------------------------------------------------------+--------------+
|ap_clk                   |  in |    1| ap_ctrl_hs | shift_line_buffer<array<ap_fixed<4, 2, 5, 3, 0>, 4u>, config22> | return value |
|ap_rst                   |  in |    1| ap_ctrl_hs | shift_line_buffer<array<ap_fixed<4, 2, 5, 3, 0>, 4u>, config22> | return value |
|ap_start                 |  in |    1| ap_ctrl_hs | shift_line_buffer<array<ap_fixed<4, 2, 5, 3, 0>, 4u>, config22> | return value |
|ap_done                  | out |    1| ap_ctrl_hs | shift_line_buffer<array<ap_fixed<4, 2, 5, 3, 0>, 4u>, config22> | return value |
|ap_idle                  | out |    1| ap_ctrl_hs | shift_line_buffer<array<ap_fixed<4, 2, 5, 3, 0>, 4u>, config22> | return value |
|ap_ready                 | out |    1| ap_ctrl_hs | shift_line_buffer<array<ap_fixed<4, 2, 5, 3, 0>, 4u>, config22> | return value |
|ap_return_0              | out |    4| ap_ctrl_hs | shift_line_buffer<array<ap_fixed<4, 2, 5, 3, 0>, 4u>, config22> | return value |
|ap_return_1              | out |    4| ap_ctrl_hs | shift_line_buffer<array<ap_fixed<4, 2, 5, 3, 0>, 4u>, config22> | return value |
|ap_return_2              | out |    4| ap_ctrl_hs | shift_line_buffer<array<ap_fixed<4, 2, 5, 3, 0>, 4u>, config22> | return value |
|ap_return_3              | out |    4| ap_ctrl_hs | shift_line_buffer<array<ap_fixed<4, 2, 5, 3, 0>, 4u>, config22> | return value |
|ap_return_4              | out |    4| ap_ctrl_hs | shift_line_buffer<array<ap_fixed<4, 2, 5, 3, 0>, 4u>, config22> | return value |
|ap_return_5              | out |    4| ap_ctrl_hs | shift_line_buffer<array<ap_fixed<4, 2, 5, 3, 0>, 4u>, config22> | return value |
|ap_return_6              | out |    4| ap_ctrl_hs | shift_line_buffer<array<ap_fixed<4, 2, 5, 3, 0>, 4u>, config22> | return value |
|ap_return_7              | out |    4| ap_ctrl_hs | shift_line_buffer<array<ap_fixed<4, 2, 5, 3, 0>, 4u>, config22> | return value |
|ap_return_8              | out |    4| ap_ctrl_hs | shift_line_buffer<array<ap_fixed<4, 2, 5, 3, 0>, 4u>, config22> | return value |
|ap_return_9              | out |    4| ap_ctrl_hs | shift_line_buffer<array<ap_fixed<4, 2, 5, 3, 0>, 4u>, config22> | return value |
|ap_return_10             | out |    4| ap_ctrl_hs | shift_line_buffer<array<ap_fixed<4, 2, 5, 3, 0>, 4u>, config22> | return value |
|ap_return_11             | out |    4| ap_ctrl_hs | shift_line_buffer<array<ap_fixed<4, 2, 5, 3, 0>, 4u>, config22> | return value |
|ap_return_12             | out |    4| ap_ctrl_hs | shift_line_buffer<array<ap_fixed<4, 2, 5, 3, 0>, 4u>, config22> | return value |
|ap_return_13             | out |    4| ap_ctrl_hs | shift_line_buffer<array<ap_fixed<4, 2, 5, 3, 0>, 4u>, config22> | return value |
|ap_return_14             | out |    4| ap_ctrl_hs | shift_line_buffer<array<ap_fixed<4, 2, 5, 3, 0>, 4u>, config22> | return value |
|ap_return_15             | out |    4| ap_ctrl_hs | shift_line_buffer<array<ap_fixed<4, 2, 5, 3, 0>, 4u>, config22> | return value |
|ap_return_16             | out |    4| ap_ctrl_hs | shift_line_buffer<array<ap_fixed<4, 2, 5, 3, 0>, 4u>, config22> | return value |
|ap_return_17             | out |    4| ap_ctrl_hs | shift_line_buffer<array<ap_fixed<4, 2, 5, 3, 0>, 4u>, config22> | return value |
|ap_return_18             | out |    4| ap_ctrl_hs | shift_line_buffer<array<ap_fixed<4, 2, 5, 3, 0>, 4u>, config22> | return value |
|ap_return_19             | out |    4| ap_ctrl_hs | shift_line_buffer<array<ap_fixed<4, 2, 5, 3, 0>, 4u>, config22> | return value |
|ap_return_20             | out |    4| ap_ctrl_hs | shift_line_buffer<array<ap_fixed<4, 2, 5, 3, 0>, 4u>, config22> | return value |
|ap_return_21             | out |    4| ap_ctrl_hs | shift_line_buffer<array<ap_fixed<4, 2, 5, 3, 0>, 4u>, config22> | return value |
|ap_return_22             | out |    4| ap_ctrl_hs | shift_line_buffer<array<ap_fixed<4, 2, 5, 3, 0>, 4u>, config22> | return value |
|ap_return_23             | out |    4| ap_ctrl_hs | shift_line_buffer<array<ap_fixed<4, 2, 5, 3, 0>, 4u>, config22> | return value |
|ap_return_24             | out |    4| ap_ctrl_hs | shift_line_buffer<array<ap_fixed<4, 2, 5, 3, 0>, 4u>, config22> | return value |
|ap_return_25             | out |    4| ap_ctrl_hs | shift_line_buffer<array<ap_fixed<4, 2, 5, 3, 0>, 4u>, config22> | return value |
|ap_return_26             | out |    4| ap_ctrl_hs | shift_line_buffer<array<ap_fixed<4, 2, 5, 3, 0>, 4u>, config22> | return value |
|ap_return_27             | out |    4| ap_ctrl_hs | shift_line_buffer<array<ap_fixed<4, 2, 5, 3, 0>, 4u>, config22> | return value |
|ap_return_28             | out |    4| ap_ctrl_hs | shift_line_buffer<array<ap_fixed<4, 2, 5, 3, 0>, 4u>, config22> | return value |
|ap_return_29             | out |    4| ap_ctrl_hs | shift_line_buffer<array<ap_fixed<4, 2, 5, 3, 0>, 4u>, config22> | return value |
|ap_return_30             | out |    4| ap_ctrl_hs | shift_line_buffer<array<ap_fixed<4, 2, 5, 3, 0>, 4u>, config22> | return value |
|ap_return_31             | out |    4| ap_ctrl_hs | shift_line_buffer<array<ap_fixed<4, 2, 5, 3, 0>, 4u>, config22> | return value |
|ap_return_32             | out |    4| ap_ctrl_hs | shift_line_buffer<array<ap_fixed<4, 2, 5, 3, 0>, 4u>, config22> | return value |
|ap_return_33             | out |    4| ap_ctrl_hs | shift_line_buffer<array<ap_fixed<4, 2, 5, 3, 0>, 4u>, config22> | return value |
|ap_return_34             | out |    4| ap_ctrl_hs | shift_line_buffer<array<ap_fixed<4, 2, 5, 3, 0>, 4u>, config22> | return value |
|ap_return_35             | out |    4| ap_ctrl_hs | shift_line_buffer<array<ap_fixed<4, 2, 5, 3, 0>, 4u>, config22> | return value |
|in_elem_data_0_V_read    |  in |    4|   ap_none  |                      in_elem_data_0_V_read                      |    scalar    |
|in_elem_data_1_V_read    |  in |    4|   ap_none  |                      in_elem_data_1_V_read                      |    scalar    |
|in_elem_data_2_V_read    |  in |    4|   ap_none  |                      in_elem_data_2_V_read                      |    scalar    |
|in_elem_data_3_V_read    |  in |    4|   ap_none  |                      in_elem_data_3_V_read                      |    scalar    |
|kernel_window_4_V_read   |  in |    4|   ap_none  |                      kernel_window_4_V_read                     |    scalar    |
|kernel_window_5_V_read   |  in |    4|   ap_none  |                      kernel_window_5_V_read                     |    scalar    |
|kernel_window_6_V_read   |  in |    4|   ap_none  |                      kernel_window_6_V_read                     |    scalar    |
|kernel_window_7_V_read   |  in |    4|   ap_none  |                      kernel_window_7_V_read                     |    scalar    |
|kernel_window_8_V_read   |  in |    4|   ap_none  |                      kernel_window_8_V_read                     |    scalar    |
|kernel_window_9_V_read   |  in |    4|   ap_none  |                      kernel_window_9_V_read                     |    scalar    |
|kernel_window_10_V_read  |  in |    4|   ap_none  |                     kernel_window_10_V_read                     |    scalar    |
|kernel_window_11_V_read  |  in |    4|   ap_none  |                     kernel_window_11_V_read                     |    scalar    |
|kernel_window_16_V_read  |  in |    4|   ap_none  |                     kernel_window_16_V_read                     |    scalar    |
|kernel_window_17_V_read  |  in |    4|   ap_none  |                     kernel_window_17_V_read                     |    scalar    |
|kernel_window_18_V_read  |  in |    4|   ap_none  |                     kernel_window_18_V_read                     |    scalar    |
|kernel_window_19_V_read  |  in |    4|   ap_none  |                     kernel_window_19_V_read                     |    scalar    |
|kernel_window_20_V_read  |  in |    4|   ap_none  |                     kernel_window_20_V_read                     |    scalar    |
|kernel_window_21_V_read  |  in |    4|   ap_none  |                     kernel_window_21_V_read                     |    scalar    |
|kernel_window_22_V_read  |  in |    4|   ap_none  |                     kernel_window_22_V_read                     |    scalar    |
|kernel_window_23_V_read  |  in |    4|   ap_none  |                     kernel_window_23_V_read                     |    scalar    |
|kernel_window_28_V_read  |  in |    4|   ap_none  |                     kernel_window_28_V_read                     |    scalar    |
|kernel_window_29_V_read  |  in |    4|   ap_none  |                     kernel_window_29_V_read                     |    scalar    |
|kernel_window_30_V_read  |  in |    4|   ap_none  |                     kernel_window_30_V_read                     |    scalar    |
|kernel_window_31_V_read  |  in |    4|   ap_none  |                     kernel_window_31_V_read                     |    scalar    |
|kernel_window_32_V_read  |  in |    4|   ap_none  |                     kernel_window_32_V_read                     |    scalar    |
|kernel_window_33_V_read  |  in |    4|   ap_none  |                     kernel_window_33_V_read                     |    scalar    |
|kernel_window_34_V_read  |  in |    4|   ap_none  |                     kernel_window_34_V_read                     |    scalar    |
|kernel_window_35_V_read  |  in |    4|   ap_none  |                     kernel_window_35_V_read                     |    scalar    |
+-------------------------+-----+-----+------------+-----------------------------------------------------------------+--------------+

