

================================================================
== Vivado HLS Report for 'compute_output_buffer_2d_array_array_ap_fixed_16_6_5_3_0_4u_config14_s'
================================================================
* Date:           Fri Jun 27 09:43:03 2025

* Version:        2020.1 (Build 2897737 on Wed May 27 20:21:37 MDT 2020)
* Project:        myproject_prj
* Solution:       solution1
* Product family: zynq
* Target device:  xc7z020-clg400-1


================================================================
== Performance Estimates
================================================================
+ Timing: 
    * Summary: 
    +--------+---------+----------+------------+
    |  Clock |  Target | Estimated| Uncertainty|
    +--------+---------+----------+------------+
    |ap_clk  | 5.00 ns | 5.804 ns |   0.62 ns  |
    +--------+---------+----------+------------+

+ Latency: 
    * Summary: 
    +---------+---------+-----------+----------+-----+-----+---------+
    |  Latency (cycles) |  Latency (absolute)  |  Interval | Pipeline|
    |   min   |   max   |    min    |    max   | min | max |   Type  |
    +---------+---------+-----------+----------+-----+-----+---------+
    |        2|      585| 11.608 ns | 3.395 us |    2|  585|   none  |
    +---------+---------+-----------+----------+-----+-----+---------+

    + Detail: 
        * Instance: 
        +------------------------------------------------------------------------------------+-------------------------------------------------------------------------+---------+---------+----------+----------+-----+-----+---------------------------------------------+
        |                                                                                    |                                                                         |  Latency (cycles) |  Latency (absolute) |  Interval |                   Pipeline                  |
        |                                      Instance                                      |                                  Module                                 |   min   |   max   |    min   |    max   | min | max |                     Type                    |
        +------------------------------------------------------------------------------------+-------------------------------------------------------------------------+---------+---------+----------+----------+-----+-----+---------------------------------------------+
        |grp_dense_resource_rf_gt_nin_rem0_ap_fixed_ap_fixed_config14_mult_0_0_0_0_0_fu_557  |dense_resource_rf_gt_nin_rem0_ap_fixed_ap_fixed_config14_mult_0_0_0_0_0  |      581|      582| 3.372 us | 3.378 us |  576|  576| loop rewind(delay=0 initiation interval(s)) |
        |call_ret5_shift_line_buffer_array_ap_fixed_16_6_5_3_0_16u_config14_s_fu_853         |shift_line_buffer_array_ap_fixed_16_6_5_3_0_16u_config14_s               |        0|        0|   0 ns   |   0 ns   |    1|    1|                   function                  |
        +------------------------------------------------------------------------------------+-------------------------------------------------------------------------+---------+---------+----------+----------+-----+-----+---------------------------------------------+

        * Loop: 
        N/A



================================================================
== Utilization Estimates
================================================================
* Summary: 
+-----------------+---------+-------+--------+-------+-----+
|       Name      | BRAM_18K| DSP48E|   FF   |  LUT  | URAM|
+-----------------+---------+-------+--------+-------+-----+
|DSP              |        -|      -|       -|      -|    -|
|Expression       |        -|      -|       0|    344|    -|
|FIFO             |        -|      -|       -|      -|    -|
|Instance         |        2|      1|    2534|   2274|    -|
|Memory           |        -|      -|       -|      -|    -|
|Multiplexer      |        -|      -|       -|    108|    -|
|Register         |        -|      -|    2666|      -|    -|
+-----------------+---------+-------+--------+-------+-----+
|Total            |        2|      1|    5200|   2726|    0|
+-----------------+---------+-------+--------+-------+-----+
|Available        |      280|    220|  106400|  53200|    0|
+-----------------+---------+-------+--------+-------+-----+
|Utilization (%)  |    ~0   |   ~0  |       4|      5|    0|
+-----------------+---------+-------+--------+-------+-----+

+ Detail: 
    * Instance: 
    +------------------------------------------------------------------------------------+-------------------------------------------------------------------------+---------+-------+------+------+-----+
    |                                      Instance                                      |                                  Module                                 | BRAM_18K| DSP48E|  FF  |  LUT | URAM|
    +------------------------------------------------------------------------------------+-------------------------------------------------------------------------+---------+-------+------+------+-----+
    |grp_dense_resource_rf_gt_nin_rem0_ap_fixed_ap_fixed_config14_mult_0_0_0_0_0_fu_557  |dense_resource_rf_gt_nin_rem0_ap_fixed_ap_fixed_config14_mult_0_0_0_0_0  |        2|      1|   485|  1250|    0|
    |call_ret5_shift_line_buffer_array_ap_fixed_16_6_5_3_0_16u_config14_s_fu_853         |shift_line_buffer_array_ap_fixed_16_6_5_3_0_16u_config14_s               |        0|      0|  2049|  1024|    0|
    +------------------------------------------------------------------------------------+-------------------------------------------------------------------------+---------+-------+------+------+-----+
    |Total                                                                               |                                                                         |        2|      1|  2534|  2274|    0|
    +------------------------------------------------------------------------------------+-------------------------------------------------------------------------+---------+-------+------+------+-----+

    * DSP48E: 
    N/A

    * Memory: 
    N/A

    * FIFO: 
    N/A

    * Expression: 
    +---------------------------------+----------+-------+---+----+------------+------------+
    |          Variable Name          | Operation| DSP48E| FF| LUT| Bitwidth P0| Bitwidth P1|
    +---------------------------------+----------+-------+---+----+------------+------------+
    |add_ln311_fu_3112_p2             |     +    |      0|  0|  39|          32|           1|
    |add_ln313_fu_3123_p2             |     +    |      0|  0|  39|          32|           1|
    |add_ln316_fu_3072_p2             |     +    |      0|  0|  39|          32|           1|
    |add_ln318_fu_3083_p2             |     +    |      0|  0|  39|          32|           1|
    |and_ln284_7_fu_3035_p2           |    and   |      0|  0|   2|           1|           1|
    |and_ln284_8_fu_3041_p2           |    and   |      0|  0|   2|           1|           1|
    |and_ln284_fu_3029_p2             |    and   |      0|  0|   2|           1|           1|
    |ap_block_state3                  |    and   |      0|  0|   2|           1|           1|
    |ap_block_state3_on_subcall_done  |    and   |      0|  0|   2|           1|           1|
    |ap_condition_248                 |    and   |      0|  0|   2|           1|           1|
    |ap_condition_257                 |    and   |      0|  0|   2|           1|           1|
    |io_acc_block_signal_op430        |    and   |      0|  0|   2|           1|           1|
    |icmp_ln284_10_fu_2983_p2         |   icmp   |      0|  0|  18|          32|           2|
    |icmp_ln284_11_fu_3003_p2         |   icmp   |      0|  0|  18|          31|           1|
    |icmp_ln284_12_fu_3023_p2         |   icmp   |      0|  0|  18|          31|           1|
    |icmp_ln284_fu_2973_p2            |   icmp   |      0|  0|  18|          32|           2|
    |icmp_ln303_fu_3067_p2            |   icmp   |      0|  0|  18|          32|           5|
    |icmp_ln307_fu_3107_p2            |   icmp   |      0|  0|  18|          32|           5|
    |select_ln313_fu_3128_p3          |  select  |      0|  0|  32|           1|           2|
    |select_ln318_fu_3088_p3          |  select  |      0|  0|  32|           1|           2|
    +---------------------------------+----------+-------+---+----+------------+------------+
    |Total                            |          |      0|  0| 344|         328|          32|
    +---------------------------------+----------+-------+---+----+------------+------------+

    * Multiplexer: 
    +-------------------------------------+----+-----------+-----+-----------+
    |                 Name                | LUT| Input Size| Bits| Total Bits|
    +-------------------------------------+----+-----------+-----+-----------+
    |ap_NS_fsm                            |  27|          5|    1|          5|
    |ap_phi_mux_storemerge_phi_fu_550_p4  |   9|          2|   32|         64|
    |pX_2                                 |   9|          2|   32|         64|
    |pY_2                                 |   9|          2|   32|         64|
    |res_stream_V_data_0_V_blk_n          |   9|          2|    1|          2|
    |res_stream_V_data_1_V_blk_n          |   9|          2|    1|          2|
    |res_stream_V_data_2_V_blk_n          |   9|          2|    1|          2|
    |res_stream_V_data_3_V_blk_n          |   9|          2|    1|          2|
    |sX_2                                 |   9|          2|   32|         64|
    |storemerge_reg_546                   |   9|          2|   32|         64|
    +-------------------------------------+----+-----------+-----+-----------+
    |Total                                | 108|         23|  165|        333|
    +-------------------------------------+----+-----------+-----+-----------+

    * Register: 
    +-------------------------------------------------------------------------------------------------+----+----+-----+-----------+
    |                                               Name                                              | FF | LUT| Bits| Const Bits|
    +-------------------------------------------------------------------------------------------------+----+----+-----+-----------+
    |and_ln284_8_reg_3184                                                                             |   1|   0|    1|          0|
    |ap_CS_fsm                                                                                        |   4|   0|    4|          0|
    |grp_dense_resource_rf_gt_nin_rem0_ap_fixed_ap_fixed_config14_mult_0_0_0_0_0_fu_557_ap_start_reg  |   1|   0|    1|          0|
    |icmp_ln284_10_reg_3167                                                                           |   1|   0|    1|          0|
    |icmp_ln284_reg_3157                                                                              |   1|   0|    1|          0|
    |icmp_ln303_reg_3188                                                                              |   1|   0|    1|          0|
    |icmp_ln307_reg_3197                                                                              |   1|   0|    1|          0|
    |kernel_data_V_0                                                                                  |  16|   0|   16|          0|
    |kernel_data_V_10                                                                                 |  16|   0|   16|          0|
    |kernel_data_V_100                                                                                |  16|   0|   16|          0|
    |kernel_data_V_101                                                                                |  16|   0|   16|          0|
    |kernel_data_V_102                                                                                |  16|   0|   16|          0|
    |kernel_data_V_103                                                                                |  16|   0|   16|          0|
    |kernel_data_V_104                                                                                |  16|   0|   16|          0|
    |kernel_data_V_105                                                                                |  16|   0|   16|          0|
    |kernel_data_V_106                                                                                |  16|   0|   16|          0|
    |kernel_data_V_107                                                                                |  16|   0|   16|          0|
    |kernel_data_V_108                                                                                |  16|   0|   16|          0|
    |kernel_data_V_109                                                                                |  16|   0|   16|          0|
    |kernel_data_V_11                                                                                 |  16|   0|   16|          0|
    |kernel_data_V_110                                                                                |  16|   0|   16|          0|
    |kernel_data_V_111                                                                                |  16|   0|   16|          0|
    |kernel_data_V_112                                                                                |  16|   0|   16|          0|
    |kernel_data_V_113                                                                                |  16|   0|   16|          0|
    |kernel_data_V_114                                                                                |  16|   0|   16|          0|
    |kernel_data_V_115                                                                                |  16|   0|   16|          0|
    |kernel_data_V_116                                                                                |  16|   0|   16|          0|
    |kernel_data_V_117                                                                                |  16|   0|   16|          0|
    |kernel_data_V_118                                                                                |  16|   0|   16|          0|
    |kernel_data_V_119                                                                                |  16|   0|   16|          0|
    |kernel_data_V_12                                                                                 |  16|   0|   16|          0|
    |kernel_data_V_120                                                                                |  16|   0|   16|          0|
    |kernel_data_V_121                                                                                |  16|   0|   16|          0|
    |kernel_data_V_122                                                                                |  16|   0|   16|          0|
    |kernel_data_V_123                                                                                |  16|   0|   16|          0|
    |kernel_data_V_124                                                                                |  16|   0|   16|          0|
    |kernel_data_V_125                                                                                |  16|   0|   16|          0|
    |kernel_data_V_126                                                                                |  16|   0|   16|          0|
    |kernel_data_V_127                                                                                |  16|   0|   16|          0|
    |kernel_data_V_128                                                                                |  16|   0|   16|          0|
    |kernel_data_V_129                                                                                |  16|   0|   16|          0|
    |kernel_data_V_13                                                                                 |  16|   0|   16|          0|
    |kernel_data_V_130                                                                                |  16|   0|   16|          0|
    |kernel_data_V_131                                                                                |  16|   0|   16|          0|
    |kernel_data_V_132                                                                                |  16|   0|   16|          0|
    |kernel_data_V_133                                                                                |  16|   0|   16|          0|
    |kernel_data_V_134                                                                                |  16|   0|   16|          0|
    |kernel_data_V_135                                                                                |  16|   0|   16|          0|
    |kernel_data_V_136                                                                                |  16|   0|   16|          0|
    |kernel_data_V_137                                                                                |  16|   0|   16|          0|
    |kernel_data_V_138                                                                                |  16|   0|   16|          0|
    |kernel_data_V_139                                                                                |  16|   0|   16|          0|
    |kernel_data_V_14                                                                                 |  16|   0|   16|          0|
    |kernel_data_V_140                                                                                |  16|   0|   16|          0|
    |kernel_data_V_141                                                                                |  16|   0|   16|          0|
    |kernel_data_V_142                                                                                |  16|   0|   16|          0|
    |kernel_data_V_143                                                                                |  16|   0|   16|          0|
    |kernel_data_V_1479                                                                               |  16|   0|   16|          0|
    |kernel_data_V_15                                                                                 |  16|   0|   16|          0|
    |kernel_data_V_16                                                                                 |  16|   0|   16|          0|
    |kernel_data_V_17                                                                                 |  16|   0|   16|          0|
    |kernel_data_V_18                                                                                 |  16|   0|   16|          0|
    |kernel_data_V_19                                                                                 |  16|   0|   16|          0|
    |kernel_data_V_20                                                                                 |  16|   0|   16|          0|
    |kernel_data_V_21                                                                                 |  16|   0|   16|          0|
    |kernel_data_V_22                                                                                 |  16|   0|   16|          0|
    |kernel_data_V_23                                                                                 |  16|   0|   16|          0|
    |kernel_data_V_24                                                                                 |  16|   0|   16|          0|
    |kernel_data_V_2480                                                                               |  16|   0|   16|          0|
    |kernel_data_V_25                                                                                 |  16|   0|   16|          0|
    |kernel_data_V_26                                                                                 |  16|   0|   16|          0|
    |kernel_data_V_27                                                                                 |  16|   0|   16|          0|
    |kernel_data_V_28                                                                                 |  16|   0|   16|          0|
    |kernel_data_V_29                                                                                 |  16|   0|   16|          0|
    |kernel_data_V_30                                                                                 |  16|   0|   16|          0|
    |kernel_data_V_31                                                                                 |  16|   0|   16|          0|
    |kernel_data_V_32                                                                                 |  16|   0|   16|          0|
    |kernel_data_V_33                                                                                 |  16|   0|   16|          0|
    |kernel_data_V_34                                                                                 |  16|   0|   16|          0|
    |kernel_data_V_3481                                                                               |  16|   0|   16|          0|
    |kernel_data_V_35                                                                                 |  16|   0|   16|          0|
    |kernel_data_V_36                                                                                 |  16|   0|   16|          0|
    |kernel_data_V_37                                                                                 |  16|   0|   16|          0|
    |kernel_data_V_38                                                                                 |  16|   0|   16|          0|
    |kernel_data_V_39                                                                                 |  16|   0|   16|          0|
    |kernel_data_V_40                                                                                 |  16|   0|   16|          0|
    |kernel_data_V_41                                                                                 |  16|   0|   16|          0|
    |kernel_data_V_42                                                                                 |  16|   0|   16|          0|
    |kernel_data_V_43                                                                                 |  16|   0|   16|          0|
    |kernel_data_V_44                                                                                 |  16|   0|   16|          0|
    |kernel_data_V_4482                                                                               |  16|   0|   16|          0|
    |kernel_data_V_45                                                                                 |  16|   0|   16|          0|
    |kernel_data_V_46                                                                                 |  16|   0|   16|          0|
    |kernel_data_V_47                                                                                 |  16|   0|   16|          0|
    |kernel_data_V_48                                                                                 |  16|   0|   16|          0|
    |kernel_data_V_49                                                                                 |  16|   0|   16|          0|
    |kernel_data_V_50                                                                                 |  16|   0|   16|          0|
    |kernel_data_V_51                                                                                 |  16|   0|   16|          0|
    |kernel_data_V_52                                                                                 |  16|   0|   16|          0|
    |kernel_data_V_53                                                                                 |  16|   0|   16|          0|
    |kernel_data_V_54                                                                                 |  16|   0|   16|          0|
    |kernel_data_V_5483                                                                               |  16|   0|   16|          0|
    |kernel_data_V_55                                                                                 |  16|   0|   16|          0|
    |kernel_data_V_56                                                                                 |  16|   0|   16|          0|
    |kernel_data_V_57                                                                                 |  16|   0|   16|          0|
    |kernel_data_V_58                                                                                 |  16|   0|   16|          0|
    |kernel_data_V_59                                                                                 |  16|   0|   16|          0|
    |kernel_data_V_60                                                                                 |  16|   0|   16|          0|
    |kernel_data_V_61                                                                                 |  16|   0|   16|          0|
    |kernel_data_V_62                                                                                 |  16|   0|   16|          0|
    |kernel_data_V_63                                                                                 |  16|   0|   16|          0|
    |kernel_data_V_64                                                                                 |  16|   0|   16|          0|
    |kernel_data_V_6484                                                                               |  16|   0|   16|          0|
    |kernel_data_V_65                                                                                 |  16|   0|   16|          0|
    |kernel_data_V_66                                                                                 |  16|   0|   16|          0|
    |kernel_data_V_67                                                                                 |  16|   0|   16|          0|
    |kernel_data_V_68                                                                                 |  16|   0|   16|          0|
    |kernel_data_V_69                                                                                 |  16|   0|   16|          0|
    |kernel_data_V_70                                                                                 |  16|   0|   16|          0|
    |kernel_data_V_71                                                                                 |  16|   0|   16|          0|
    |kernel_data_V_72                                                                                 |  16|   0|   16|          0|
    |kernel_data_V_73                                                                                 |  16|   0|   16|          0|
    |kernel_data_V_74                                                                                 |  16|   0|   16|          0|
    |kernel_data_V_7485                                                                               |  16|   0|   16|          0|
    |kernel_data_V_75                                                                                 |  16|   0|   16|          0|
    |kernel_data_V_76                                                                                 |  16|   0|   16|          0|
    |kernel_data_V_77                                                                                 |  16|   0|   16|          0|
    |kernel_data_V_78                                                                                 |  16|   0|   16|          0|
    |kernel_data_V_79                                                                                 |  16|   0|   16|          0|
    |kernel_data_V_8                                                                                  |  16|   0|   16|          0|
    |kernel_data_V_80                                                                                 |  16|   0|   16|          0|
    |kernel_data_V_81                                                                                 |  16|   0|   16|          0|
    |kernel_data_V_82                                                                                 |  16|   0|   16|          0|
    |kernel_data_V_83                                                                                 |  16|   0|   16|          0|
    |kernel_data_V_84                                                                                 |  16|   0|   16|          0|
    |kernel_data_V_85                                                                                 |  16|   0|   16|          0|
    |kernel_data_V_86                                                                                 |  16|   0|   16|          0|
    |kernel_data_V_87                                                                                 |  16|   0|   16|          0|
    |kernel_data_V_88                                                                                 |  16|   0|   16|          0|
    |kernel_data_V_89                                                                                 |  16|   0|   16|          0|
    |kernel_data_V_9                                                                                  |  16|   0|   16|          0|
    |kernel_data_V_90                                                                                 |  16|   0|   16|          0|
    |kernel_data_V_91                                                                                 |  16|   0|   16|          0|
    |kernel_data_V_92                                                                                 |  16|   0|   16|          0|
    |kernel_data_V_93                                                                                 |  16|   0|   16|          0|
    |kernel_data_V_94                                                                                 |  16|   0|   16|          0|
    |kernel_data_V_95                                                                                 |  16|   0|   16|          0|
    |kernel_data_V_96                                                                                 |  16|   0|   16|          0|
    |kernel_data_V_97                                                                                 |  16|   0|   16|          0|
    |kernel_data_V_98                                                                                 |  16|   0|   16|          0|
    |kernel_data_V_99                                                                                 |  16|   0|   16|          0|
    |pX_2                                                                                             |  32|   0|   32|          0|
    |pX_2_load_reg_3178                                                                               |  32|   0|   32|          0|
    |pY_2                                                                                             |  32|   0|   32|          0|
    |pY_2_load_reg_3172                                                                               |  32|   0|   32|          0|
    |sX_2                                                                                             |  32|   0|   32|          0|
    |sX_2_load_reg_3152                                                                               |  32|   0|   32|          0|
    |sY_2                                                                                             |  32|   0|   32|          0|
    |sY_2_load_reg_3162                                                                               |  32|   0|   32|          0|
    |select_ln313_reg_3201                                                                            |  32|   0|   32|          0|
    |select_ln318_reg_3192                                                                            |  32|   0|   32|          0|
    |storemerge_reg_546                                                                               |  32|   0|   32|          0|
    +-------------------------------------------------------------------------------------------------+----+----+-----+-----------+
    |Total                                                                                            |2666|   0| 2666|          0|
    +-------------------------------------------------------------------------------------------------+----+----+-----+-----------+



================================================================
== Interface
================================================================
* Summary: 
+------------------------------+-----+-----+------------+-------------------------------------------------------------------------+--------------+
|           RTL Ports          | Dir | Bits|  Protocol  |                              Source Object                              |    C Type    |
+------------------------------+-----+-----+------------+-------------------------------------------------------------------------+--------------+
|ap_clk                        |  in |    1| ap_ctrl_hs | compute_output_buffer_2d<array,array<ap_fixed<16,6,5,3,0>,4u>,config14> | return value |
|ap_rst                        |  in |    1| ap_ctrl_hs | compute_output_buffer_2d<array,array<ap_fixed<16,6,5,3,0>,4u>,config14> | return value |
|ap_start                      |  in |    1| ap_ctrl_hs | compute_output_buffer_2d<array,array<ap_fixed<16,6,5,3,0>,4u>,config14> | return value |
|ap_done                       | out |    1| ap_ctrl_hs | compute_output_buffer_2d<array,array<ap_fixed<16,6,5,3,0>,4u>,config14> | return value |
|ap_idle                       | out |    1| ap_ctrl_hs | compute_output_buffer_2d<array,array<ap_fixed<16,6,5,3,0>,4u>,config14> | return value |
|ap_ready                      | out |    1| ap_ctrl_hs | compute_output_buffer_2d<array,array<ap_fixed<16,6,5,3,0>,4u>,config14> | return value |
|in_elem_data_0_V_read         |  in |   16|   ap_none  |                          in_elem_data_0_V_read                          |    scalar    |
|in_elem_data_1_V_read         |  in |   16|   ap_none  |                          in_elem_data_1_V_read                          |    scalar    |
|in_elem_data_2_V_read         |  in |   16|   ap_none  |                          in_elem_data_2_V_read                          |    scalar    |
|in_elem_data_3_V_read         |  in |   16|   ap_none  |                          in_elem_data_3_V_read                          |    scalar    |
|in_elem_data_4_V_read         |  in |   16|   ap_none  |                          in_elem_data_4_V_read                          |    scalar    |
|in_elem_data_5_V_read         |  in |   16|   ap_none  |                          in_elem_data_5_V_read                          |    scalar    |
|in_elem_data_6_V_read         |  in |   16|   ap_none  |                          in_elem_data_6_V_read                          |    scalar    |
|in_elem_data_7_V_read         |  in |   16|   ap_none  |                          in_elem_data_7_V_read                          |    scalar    |
|in_elem_data_8_V_read         |  in |   16|   ap_none  |                          in_elem_data_8_V_read                          |    scalar    |
|in_elem_data_9_V_read         |  in |   16|   ap_none  |                          in_elem_data_9_V_read                          |    scalar    |
|in_elem_data_10_V_read        |  in |   16|   ap_none  |                          in_elem_data_10_V_read                         |    scalar    |
|in_elem_data_11_V_read        |  in |   16|   ap_none  |                          in_elem_data_11_V_read                         |    scalar    |
|in_elem_data_12_V_read        |  in |   16|   ap_none  |                          in_elem_data_12_V_read                         |    scalar    |
|in_elem_data_13_V_read        |  in |   16|   ap_none  |                          in_elem_data_13_V_read                         |    scalar    |
|in_elem_data_14_V_read        |  in |   16|   ap_none  |                          in_elem_data_14_V_read                         |    scalar    |
|in_elem_data_15_V_read        |  in |   16|   ap_none  |                          in_elem_data_15_V_read                         |    scalar    |
|res_stream_V_data_0_V_din     | out |   16|   ap_fifo  |                          res_stream_V_data_0_V                          |    pointer   |
|res_stream_V_data_0_V_full_n  |  in |    1|   ap_fifo  |                          res_stream_V_data_0_V                          |    pointer   |
|res_stream_V_data_0_V_write   | out |    1|   ap_fifo  |                          res_stream_V_data_0_V                          |    pointer   |
|res_stream_V_data_1_V_din     | out |   16|   ap_fifo  |                          res_stream_V_data_1_V                          |    pointer   |
|res_stream_V_data_1_V_full_n  |  in |    1|   ap_fifo  |                          res_stream_V_data_1_V                          |    pointer   |
|res_stream_V_data_1_V_write   | out |    1|   ap_fifo  |                          res_stream_V_data_1_V                          |    pointer   |
|res_stream_V_data_2_V_din     | out |   16|   ap_fifo  |                          res_stream_V_data_2_V                          |    pointer   |
|res_stream_V_data_2_V_full_n  |  in |    1|   ap_fifo  |                          res_stream_V_data_2_V                          |    pointer   |
|res_stream_V_data_2_V_write   | out |    1|   ap_fifo  |                          res_stream_V_data_2_V                          |    pointer   |
|res_stream_V_data_3_V_din     | out |   16|   ap_fifo  |                          res_stream_V_data_3_V                          |    pointer   |
|res_stream_V_data_3_V_full_n  |  in |    1|   ap_fifo  |                          res_stream_V_data_3_V                          |    pointer   |
|res_stream_V_data_3_V_write   | out |    1|   ap_fifo  |                          res_stream_V_data_3_V                          |    pointer   |
+------------------------------+-----+-----+------------+-------------------------------------------------------------------------+--------------+

