

================================================================
== Vivado HLS Report for 'conv_2d_cl_array_ap_fixed_3u_array_ap_fixed_16_6_5_3_0_4u_config2_s'
================================================================
* Date:           Fri Jun 27 09:42:50 2025

* Version:        2020.1 (Build 2897737 on Wed May 27 20:21:37 MDT 2020)
* Project:        myproject_prj
* Solution:       solution1
* Product family: zynq
* Target device:  xc7z020-clg400-1


================================================================
== Performance Estimates
================================================================
+ Timing: 
    * Summary: 
    +--------+---------+----------+------------+
    |  Clock |  Target | Estimated| Uncertainty|
    +--------+---------+----------+------------+
    |ap_clk  | 5.00 ns | 5.804 ns |   0.62 ns  |
    +--------+---------+----------+------------+

+ Latency: 
    * Summary: 
    +---------+---------+-----------+----------+------+--------+---------+
    |  Latency (cycles) |  Latency (absolute)  |    Interval   | Pipeline|
    |   min   |   max   |    min    |    max   |  min |   max  |   Type  |
    +---------+---------+-----------+----------+------+--------+---------+
    |     5781|   137565| 33.553 us | 0.798 ms |  5781|  137565|   none  |
    +---------+---------+-----------+----------+------+--------+---------+

    + Detail: 
        * Instance: 
        +----------------------------------------------------------------------------------+-----------------------------------------------------------------------+---------+---------+-----------+----------+-----+-----+---------+
        |                                                                                  |                                                                       |  Latency (cycles) |  Latency (absolute)  |  Interval | Pipeline|
        |                                     Instance                                     |                                 Module                                |   min   |   max   |    min    |    max   | min | max |   Type  |
        +----------------------------------------------------------------------------------+-----------------------------------------------------------------------+---------+---------+-----------+----------+-----+-----+---------+
        |grp_compute_output_buffer_2d_array_array_ap_fixed_16_6_5_3_0_4u_config2_s_fu_145  |compute_output_buffer_2d_array_array_ap_fixed_16_6_5_3_0_4u_config2_s  |        2|      116| 11.608 ns | 0.673 us |    2|  116|   none  |
        +----------------------------------------------------------------------------------+-----------------------------------------------------------------------+---------+---------+-----------+----------+-----+-----+---------+

        * Loop: 
        +----------------------------------+---------+---------+----------+-----------+-----------+------+----------+
        |                                  |  Latency (cycles) | Iteration|  Initiation Interval  | Trip |          |
        |             Loop Name            |   min   |   max   |  Latency |  achieved |   target  | Count| Pipelined|
        +----------------------------------+---------+---------+----------+-----------+-----------+------+----------+
        |- ReadInputHeight_ReadInputWidth  |     5780|   137564|  5 ~ 119 |          -|          -|  1156|    no    |
        +----------------------------------+---------+---------+----------+-----------+-----------+------+----------+



================================================================
== Utilization Estimates
================================================================
* Summary: 
+-----------------+---------+-------+--------+-------+-----+
|       Name      | BRAM_18K| DSP48E|   FF   |  LUT  | URAM|
+-----------------+---------+-------+--------+-------+-----+
|DSP              |        -|      -|       -|      -|    -|
|Expression       |        -|      -|       0|     32|    -|
|FIFO             |        -|      -|       -|      -|    -|
|Instance         |        1|      1|    1674|   1783|    -|
|Memory           |        -|      -|       -|      -|    -|
|Multiplexer      |        -|      -|       -|    117|    -|
|Register         |        -|      -|      77|      -|    -|
+-----------------+---------+-------+--------+-------+-----+
|Total            |        1|      1|    1751|   1932|    0|
+-----------------+---------+-------+--------+-------+-----+
|Available        |      280|    220|  106400|  53200|    0|
+-----------------+---------+-------+--------+-------+-----+
|Utilization (%)  |    ~0   |   ~0  |       1|      3|    0|
+-----------------+---------+-------+--------+-------+-----+

+ Detail: 
    * Instance: 
    +----------------------------------------------------------------------------------+-----------------------------------------------------------------------+---------+-------+------+------+-----+
    |                                     Instance                                     |                                 Module                                | BRAM_18K| DSP48E|  FF  |  LUT | URAM|
    +----------------------------------------------------------------------------------+-----------------------------------------------------------------------+---------+-------+------+------+-----+
    |grp_compute_output_buffer_2d_array_array_ap_fixed_16_6_5_3_0_4u_config2_s_fu_145  |compute_output_buffer_2d_array_array_ap_fixed_16_6_5_3_0_4u_config2_s  |        1|      1|  1674|  1783|    0|
    +----------------------------------------------------------------------------------+-----------------------------------------------------------------------+---------+-------+------+------+-----+
    |Total                                                                             |                                                                       |        1|      1|  1674|  1783|    0|
    +----------------------------------------------------------------------------------+-----------------------------------------------------------------------+---------+-------+------+------+-----+

    * DSP48E: 
    N/A

    * Memory: 
    N/A

    * FIFO: 
    N/A

    * Expression: 
    +--------------------------+----------+-------+---+----+------------+------------+
    |       Variable Name      | Operation| DSP48E| FF| LUT| Bitwidth P0| Bitwidth P1|
    +--------------------------+----------+-------+---+----+------------+------------+
    |add_ln84_fu_244_p2        |     +    |      0|  0|  13|          11|           1|
    |ap_block_state2           |    and   |      0|  0|   2|           1|           1|
    |io_acc_block_signal_op17  |    and   |      0|  0|   2|           1|           1|
    |icmp_ln84_fu_238_p2       |   icmp   |      0|  0|  13|          11|          11|
    |ap_block_state1           |    or    |      0|  0|   2|           1|           1|
    +--------------------------+----------+-------+---+----+------------+------------+
    |Total                     |          |      0|  0|  32|          25|          15|
    +--------------------------+----------+-------+---+----+------------+------------+

    * Multiplexer: 
    +------------------------+----+-----------+-----+-----------+
    |          Name          | LUT| Input Size| Bits| Total Bits|
    +------------------------+----+-----------+-----+-----------+
    |ap_NS_fsm               |  27|          5|    1|          5|
    |ap_done                 |   9|          2|    1|          2|
    |data_V_data_0_V_blk_n   |   9|          2|    1|          2|
    |data_V_data_1_V_blk_n   |   9|          2|    1|          2|
    |data_V_data_2_V_blk_n   |   9|          2|    1|          2|
    |indvar_flatten_reg_134  |   9|          2|   11|         22|
    |real_start              |   9|          2|    1|          2|
    |res_V_data_0_V_write    |   9|          2|    1|          2|
    |res_V_data_1_V_write    |   9|          2|    1|          2|
    |res_V_data_2_V_write    |   9|          2|    1|          2|
    |res_V_data_3_V_write    |   9|          2|    1|          2|
    +------------------------+----+-----------+-----+-----------+
    |Total                   | 117|         25|   21|         45|
    +------------------------+----+-----------+-----+-----------+

    * Register: 
    +-----------------------------------------------------------------------------------------------+----+----+-----+-----------+
    |                                              Name                                             | FF | LUT| Bits| Const Bits|
    +-----------------------------------------------------------------------------------------------+----+----+-----+-----------+
    |add_ln84_reg_265                                                                               |  11|   0|   11|          0|
    |ap_CS_fsm                                                                                      |   4|   0|    4|          0|
    |ap_done_reg                                                                                    |   1|   0|    1|          0|
    |grp_compute_output_buffer_2d_array_array_ap_fixed_16_6_5_3_0_4u_config2_s_fu_145_ap_start_reg  |   1|   0|    1|          0|
    |indvar_flatten_reg_134                                                                         |  11|   0|   11|          0|
    |start_once_reg                                                                                 |   1|   0|    1|          0|
    |tmp_data_0_V_reg_270                                                                           |  16|   0|   16|          0|
    |tmp_data_1_V_reg_275                                                                           |  16|   0|   16|          0|
    |tmp_data_2_V_reg_280                                                                           |  16|   0|   16|          0|
    +-----------------------------------------------------------------------------------------------+----+----+-----+-----------+
    |Total                                                                                          |  77|   0|   77|          0|
    +-----------------------------------------------------------------------------------------------+----+----+-----+-----------+



================================================================
== Interface
================================================================
* Summary: 
+-------------------------+-----+-----+------------+-----------------------------------------------------------------------+--------------+
|        RTL Ports        | Dir | Bits|  Protocol  |                             Source Object                             |    C Type    |
+-------------------------+-----+-----+------------+-----------------------------------------------------------------------+--------------+
|ap_clk                   |  in |    1| ap_ctrl_hs | conv_2d_cl<array<ap_fixed,3u>,array<ap_fixed<16,6,5,3,0>,4u>,config2> | return value |
|ap_rst                   |  in |    1| ap_ctrl_hs | conv_2d_cl<array<ap_fixed,3u>,array<ap_fixed<16,6,5,3,0>,4u>,config2> | return value |
|ap_start                 |  in |    1| ap_ctrl_hs | conv_2d_cl<array<ap_fixed,3u>,array<ap_fixed<16,6,5,3,0>,4u>,config2> | return value |
|start_full_n             |  in |    1| ap_ctrl_hs | conv_2d_cl<array<ap_fixed,3u>,array<ap_fixed<16,6,5,3,0>,4u>,config2> | return value |
|ap_done                  | out |    1| ap_ctrl_hs | conv_2d_cl<array<ap_fixed,3u>,array<ap_fixed<16,6,5,3,0>,4u>,config2> | return value |
|ap_continue              |  in |    1| ap_ctrl_hs | conv_2d_cl<array<ap_fixed,3u>,array<ap_fixed<16,6,5,3,0>,4u>,config2> | return value |
|ap_idle                  | out |    1| ap_ctrl_hs | conv_2d_cl<array<ap_fixed,3u>,array<ap_fixed<16,6,5,3,0>,4u>,config2> | return value |
|ap_ready                 | out |    1| ap_ctrl_hs | conv_2d_cl<array<ap_fixed,3u>,array<ap_fixed<16,6,5,3,0>,4u>,config2> | return value |
|start_out                | out |    1| ap_ctrl_hs | conv_2d_cl<array<ap_fixed,3u>,array<ap_fixed<16,6,5,3,0>,4u>,config2> | return value |
|start_write              | out |    1| ap_ctrl_hs | conv_2d_cl<array<ap_fixed,3u>,array<ap_fixed<16,6,5,3,0>,4u>,config2> | return value |
|data_V_data_0_V_dout     |  in |   16|   ap_fifo  |                            data_V_data_0_V                            |    pointer   |
|data_V_data_0_V_empty_n  |  in |    1|   ap_fifo  |                            data_V_data_0_V                            |    pointer   |
|data_V_data_0_V_read     | out |    1|   ap_fifo  |                            data_V_data_0_V                            |    pointer   |
|data_V_data_1_V_dout     |  in |   16|   ap_fifo  |                            data_V_data_1_V                            |    pointer   |
|data_V_data_1_V_empty_n  |  in |    1|   ap_fifo  |                            data_V_data_1_V                            |    pointer   |
|data_V_data_1_V_read     | out |    1|   ap_fifo  |                            data_V_data_1_V                            |    pointer   |
|data_V_data_2_V_dout     |  in |   16|   ap_fifo  |                            data_V_data_2_V                            |    pointer   |
|data_V_data_2_V_empty_n  |  in |    1|   ap_fifo  |                            data_V_data_2_V                            |    pointer   |
|data_V_data_2_V_read     | out |    1|   ap_fifo  |                            data_V_data_2_V                            |    pointer   |
|res_V_data_0_V_din       | out |   16|   ap_fifo  |                             res_V_data_0_V                            |    pointer   |
|res_V_data_0_V_full_n    |  in |    1|   ap_fifo  |                             res_V_data_0_V                            |    pointer   |
|res_V_data_0_V_write     | out |    1|   ap_fifo  |                             res_V_data_0_V                            |    pointer   |
|res_V_data_1_V_din       | out |   16|   ap_fifo  |                             res_V_data_1_V                            |    pointer   |
|res_V_data_1_V_full_n    |  in |    1|   ap_fifo  |                             res_V_data_1_V                            |    pointer   |
|res_V_data_1_V_write     | out |    1|   ap_fifo  |                             res_V_data_1_V                            |    pointer   |
|res_V_data_2_V_din       | out |   16|   ap_fifo  |                             res_V_data_2_V                            |    pointer   |
|res_V_data_2_V_full_n    |  in |    1|   ap_fifo  |                             res_V_data_2_V                            |    pointer   |
|res_V_data_2_V_write     | out |    1|   ap_fifo  |                             res_V_data_2_V                            |    pointer   |
|res_V_data_3_V_din       | out |   16|   ap_fifo  |                             res_V_data_3_V                            |    pointer   |
|res_V_data_3_V_full_n    |  in |    1|   ap_fifo  |                             res_V_data_3_V                            |    pointer   |
|res_V_data_3_V_write     | out |    1|   ap_fifo  |                             res_V_data_3_V                            |    pointer   |
+-------------------------+-----+-----+------------+-----------------------------------------------------------------------+--------------+

