  **** HLS Build v2024.2 5238294
INFO: [HLS 200-2005] Using work_dir /home/jeanleo2/yuv_final/vitis/toyuv/toyuv 
INFO: [HLS 200-1611] Setting target device to 'xc7z020-clg400-1'
INFO: [HLS 200-1505] Using default flow_target 'vivado'
Resolution: For help on HLS 200-1505 see docs.xilinx.com/access/sources/dita/topic?Doc_Version=2024.2%20English&url=ug1448-hls-guidance&resourceid=200-1505.html
INFO: [HLS 200-1465] Applying ini 'syn.file=/home/jeanleo2/yuv_final/toyuv.cpp' from /home/jeanleo2/yuv_final/vitis/toyuv/hls_config.cfg(7)
INFO: [HLS 200-10] Adding design file '/home/jeanleo2/yuv_final/toyuv.cpp' to the project
INFO: [HLS 200-1465] Applying ini 'syn.top=toyuv' from /home/jeanleo2/yuv_final/vitis/toyuv/hls_config.cfg(8)
INFO: [HLS 200-1465] Applying ini 'flow_target=vivado' from /home/jeanleo2/yuv_final/vitis/toyuv/hls_config.cfg(4)
INFO: [HLS 200-1505] Using flow_target 'vivado'
Resolution: For help on HLS 200-1505 see docs.xilinx.com/access/sources/dita/topic?Doc_Version=2024.2%20English&url=ug1448-hls-guidance&resourceid=200-1505.html
INFO: [HLS 200-1465] Applying ini 'part=xc7z020clg400-1' from /home/jeanleo2/yuv_final/vitis/toyuv/hls_config.cfg(1)
INFO: [HLS 200-1465] Applying ini 'package.output.format=ip_catalog' from /home/jeanleo2/yuv_final/vitis/toyuv/hls_config.cfg(5)
INFO: [IMPL 213-8] Exporting RTL as a Vivado IP.
WARNING: /tools/Xilinx/Vivado/2024.2/tps/lnx64/jre11.0.16_1 does not exist.

****** Vivado v2024.2 (64-bit)
  **** SW Build 5239630 on Fri Nov 08 22:34:34 MST 2024
  **** IP Build 5239520 on Sun Nov 10 16:12:51 MST 2024
  **** SharedData Build 5239561 on Fri Nov 08 14:39:27 MST 2024
  **** Start of session at: Tue Jun 17 23:54:22 2025
    ** Copyright 1986-2022 Xilinx, Inc. All Rights Reserved.
    ** Copyright 2022-2024 Advanced Micro Devices, Inc. All Rights Reserved.

source run_ippack.tcl -notrace
INFO: calling package_hls_ip ip_types=vitis sysgen json_file=/home/jeanleo2/yuv_final/vitis/toyuv/toyuv/hls/hls_data.json outdir=/home/jeanleo2/yuv_final/vitis/toyuv/toyuv/hls/impl/ip srcdir=/home/jeanleo2/yuv_final/vitis/toyuv/toyuv/hls sort_interfaces_ports=false
INFO: Copied 1 ipmisc file(s) to /home/jeanleo2/yuv_final/vitis/toyuv/toyuv/hls/impl/ip/misc
INFO: Copied 13 verilog file(s) to /home/jeanleo2/yuv_final/vitis/toyuv/toyuv/hls/impl/ip/hdl/verilog
INFO: Copied 10 vhdl file(s) to /home/jeanleo2/yuv_final/vitis/toyuv/toyuv/hls/impl/ip/hdl/vhdl
INFO: Copied 10 swdriver file(s) to /home/jeanleo2/yuv_final/vitis/toyuv/toyuv/hls/impl/ip/drivers
Generating 4 subcores in /home/jeanleo2/yuv_final/vitis/toyuv/toyuv/hls/impl/ip/hdl/ip.tmp:
impl/misc/toyuv_dadd_64ns_64ns_64_7_full_dsp_1_ip.tcl
impl/misc/toyuv_dmul_64ns_64ns_64_7_max_dsp_1_ip.tcl
impl/misc/toyuv_dsub_64ns_64ns_64_7_full_dsp_1_ip.tcl
impl/misc/toyuv_sitodp_32ns_64_6_no_dsp_1_ip.tcl
INFO: Using COE_DIR=/home/jeanleo2/yuv_final/vitis/toyuv/toyuv/hls/impl/ip/hdl/verilog
INFO: Generating toyuv_dadd_64ns_64ns_64_7_full_dsp_1_ip via file impl/misc/toyuv_dadd_64ns_64ns_64_7_full_dsp_1_ip.tcl
INFO: [IP_Flow 19-234] Refreshing IP repositories
INFO: [IP_Flow 19-1704] No user IP repositories specified
INFO: [IP_Flow 19-2313] Loaded Vivado IP repository '/tools/Xilinx/Vivado/2024.2/data/ip'.
INFO: [IP_Flow 19-1686] Generating 'Synthesis' target for IP 'toyuv_dadd_64ns_64ns_64_7_full_dsp_1_ip'...
INFO: [IP_Flow 19-1686] Generating 'Simulation' target for IP 'toyuv_dadd_64ns_64ns_64_7_full_dsp_1_ip'...
INFO: Done generating toyuv_dadd_64ns_64ns_64_7_full_dsp_1_ip via file impl/misc/toyuv_dadd_64ns_64ns_64_7_full_dsp_1_ip.tcl
INFO: Generating toyuv_dmul_64ns_64ns_64_7_max_dsp_1_ip via file impl/misc/toyuv_dmul_64ns_64ns_64_7_max_dsp_1_ip.tcl
INFO: [IP_Flow 19-1686] Generating 'Synthesis' target for IP 'toyuv_dmul_64ns_64ns_64_7_max_dsp_1_ip'...
INFO: [IP_Flow 19-1686] Generating 'Simulation' target for IP 'toyuv_dmul_64ns_64ns_64_7_max_dsp_1_ip'...
INFO: Done generating toyuv_dmul_64ns_64ns_64_7_max_dsp_1_ip via file impl/misc/toyuv_dmul_64ns_64ns_64_7_max_dsp_1_ip.tcl
INFO: Generating toyuv_dsub_64ns_64ns_64_7_full_dsp_1_ip via file impl/misc/toyuv_dsub_64ns_64ns_64_7_full_dsp_1_ip.tcl
INFO: [IP_Flow 19-1686] Generating 'Synthesis' target for IP 'toyuv_dsub_64ns_64ns_64_7_full_dsp_1_ip'...
INFO: [IP_Flow 19-1686] Generating 'Simulation' target for IP 'toyuv_dsub_64ns_64ns_64_7_full_dsp_1_ip'...
INFO: Done generating toyuv_dsub_64ns_64ns_64_7_full_dsp_1_ip via file impl/misc/toyuv_dsub_64ns_64ns_64_7_full_dsp_1_ip.tcl
INFO: Generating toyuv_sitodp_32ns_64_6_no_dsp_1_ip via file impl/misc/toyuv_sitodp_32ns_64_6_no_dsp_1_ip.tcl
INFO: [IP_Flow 19-1686] Generating 'Synthesis' target for IP 'toyuv_sitodp_32ns_64_6_no_dsp_1_ip'...
INFO: [IP_Flow 19-1686] Generating 'Simulation' target for IP 'toyuv_sitodp_32ns_64_6_no_dsp_1_ip'...
INFO: Done generating toyuv_sitodp_32ns_64_6_no_dsp_1_ip via file impl/misc/toyuv_sitodp_32ns_64_6_no_dsp_1_ip.tcl
INFO: Import ports from HDL: /home/jeanleo2/yuv_final/vitis/toyuv/toyuv/hls/impl/ip/hdl/vhdl/toyuv.vhd (toyuv)
INFO: Add axi4lite interface s_axi_control
INFO: Add clock interface ap_clk
INFO: Add reset interface ap_rst_n
INFO: Add interrupt interface interrupt
INFO: [IP_Flow 19-234] Refreshing IP repositories
INFO: [IP_Flow 19-1704] No user IP repositories specified
INFO: [IP_Flow 19-2313] Loaded Vivado IP repository '/tools/Xilinx/Vivado/2024.2/data/ip'.
INFO: Add axi4stream interface ch_r
INFO: Add axi4stream interface ch_g
INFO: Add axi4stream interface ch_b
INFO: Add axi4stream interface ch_y
INFO: Add axi4stream interface ch_u
INFO: Add axi4stream interface ch_v
INFO: Calling post_process_vitis to specialize IP
INFO: Calling post_process_sysgen to specialize IP
Generating sysgen info xml from json file
INFO: Created IP /home/jeanleo2/yuv_final/vitis/toyuv/toyuv/hls/impl/ip/component.xml
INFO: Created IP archive /home/jeanleo2/yuv_final/vitis/toyuv/toyuv/hls/impl/ip/xilinx_com_hls_toyuv_1_0.zip
INFO: [Common 17-206] Exiting Vivado at Tue Jun 17 23:54:33 2025...
INFO: [HLS 200-802] Generated output file toyuv/toyuv.zip
INFO: [HLS 200-112] Total CPU user time: 14.87 seconds. Total CPU system time: 0.59 seconds. Total elapsed time: 24.46 seconds; peak allocated memory: 388.875 MB.
INFO: [vitis-run 60-791] Total elapsed time: 0h 0m 28s
