

================================================================
== Vivado HLS Report for 'dense_resource_rf_leq_nin_ap_fixed_ap_fixed_config2_mult_0_0_0_0_0_0_0_0_0'
================================================================
* Date:           Sun May 25 00:14:42 2025

* Version:        2020.1 (Build 2897737 on Wed May 27 20:21:37 MDT 2020)
* Project:        myproject_prj
* Solution:       solution1
* Product family: zynq
* Target device:  xc7z020-clg400-1


================================================================
== Performance Estimates
================================================================
+ Timing: 
    * Summary: 
    +--------+---------+----------+------------+
    |  Clock |  Target | Estimated| Uncertainty|
    +--------+---------+----------+------------+
    |ap_clk  | 5.00 ns | 3.385 ns |   0.62 ns  |
    +--------+---------+----------+------------+

+ Latency: 
    * Summary: 
    +---------+---------+-----------+-----------+-----+-----+---------+
    |  Latency (cycles) |   Latency (absolute)  |  Interval | Pipeline|
    |   min   |   max   |    min    |    max    | min | max |   Type  |
    +---------+---------+-----------+-----------+-----+-----+---------+
    |        3|        3| 15.000 ns | 15.000 ns |    3|    3|   none  |
    +---------+---------+-----------+-----------+-----+-----+---------+

    + Detail: 
        * Instance: 
        N/A

        * Loop: 
        N/A

============================================================
+ Verbose Summary: Synthesis Manager
============================================================
InlineROM: 1
ExposeGlobal: 0
============================================================
+ Verbose Summary: CDFG Model
============================================================
IsTopModel: 0
ResetActiveHigh: 1
IsCombinational: 0
IsDatapathOnly: 0
HasWiredReturn: 1
HasMFsm: 0
HasVarLatency: 1
IsPipeline: 0
IsRtlPipelined: 0
IsInstanceOverlapped: 0
IsDontTouch: 0
HasImplIP: 0
IsGatedGlobalClock: 0


============================================================
+ Verbose Summary: Schedule
============================================================
* Number of FSM states : 4
* Pipeline : 0
* Dataflow Pipeline: 0

* FSM state transitions: 
1 --> 2 
2 --> 3 
3 --> 4 
4 --> 

* FSM state operations: 

State 1 <SV = 0> <Delay = 3.38>
ST_1 : Operation 5 [1/1] (0.00ns)   --->   "%data_26_V_read_2 = call i4 @_ssdm_op_Read.ap_auto.i4(i4 %data_26_V_read)" [firmware/nnet_utils/nnet_dense_resource.h:13]   --->   Operation 5 'read' 'data_26_V_read_2' <Predicate = true> <Delay = 0.00>
ST_1 : Operation 6 [1/1] (0.00ns)   --->   "%data_25_V_read_1 = call i4 @_ssdm_op_Read.ap_auto.i4(i4 %data_25_V_read)" [firmware/nnet_utils/nnet_dense_resource.h:13]   --->   Operation 6 'read' 'data_25_V_read_1' <Predicate = true> <Delay = 0.00>
ST_1 : Operation 7 [1/1] (0.00ns)   --->   "%data_24_V_read_2 = call i4 @_ssdm_op_Read.ap_auto.i4(i4 %data_24_V_read)" [firmware/nnet_utils/nnet_dense_resource.h:13]   --->   Operation 7 'read' 'data_24_V_read_2' <Predicate = true> <Delay = 0.00>
ST_1 : Operation 8 [1/1] (0.00ns)   --->   "%data_23_V_read_2 = call i4 @_ssdm_op_Read.ap_auto.i4(i4 %data_23_V_read)" [firmware/nnet_utils/nnet_dense_resource.h:13]   --->   Operation 8 'read' 'data_23_V_read_2' <Predicate = true> <Delay = 0.00>
ST_1 : Operation 9 [1/1] (0.00ns)   --->   "%data_22_V_read_1 = call i4 @_ssdm_op_Read.ap_auto.i4(i4 %data_22_V_read)" [firmware/nnet_utils/nnet_dense_resource.h:13]   --->   Operation 9 'read' 'data_22_V_read_1' <Predicate = true> <Delay = 0.00>
ST_1 : Operation 10 [1/1] (0.00ns)   --->   "%data_21_V_read_1 = call i4 @_ssdm_op_Read.ap_auto.i4(i4 %data_21_V_read)" [firmware/nnet_utils/nnet_dense_resource.h:13]   --->   Operation 10 'read' 'data_21_V_read_1' <Predicate = true> <Delay = 0.00>
ST_1 : Operation 11 [1/1] (0.00ns)   --->   "%data_19_V_read_1 = call i4 @_ssdm_op_Read.ap_auto.i4(i4 %data_19_V_read)" [firmware/nnet_utils/nnet_dense_resource.h:13]   --->   Operation 11 'read' 'data_19_V_read_1' <Predicate = true> <Delay = 0.00>
ST_1 : Operation 12 [1/1] (0.00ns)   --->   "%data_17_V_read_1 = call i4 @_ssdm_op_Read.ap_auto.i4(i4 %data_17_V_read)" [firmware/nnet_utils/nnet_dense_resource.h:13]   --->   Operation 12 'read' 'data_17_V_read_1' <Predicate = true> <Delay = 0.00>
ST_1 : Operation 13 [1/1] (0.00ns)   --->   "%sext_ln1118_47 = sext i4 %data_17_V_read_1 to i5" [firmware/nnet_utils/nnet_mult.h:73->firmware/nnet_utils/nnet_dense_resource.h:59]   --->   Operation 13 'sext' 'sext_ln1118_47' <Predicate = true> <Delay = 0.00>
ST_1 : Operation 14 [1/1] (0.00ns)   --->   "%sext_ln1118_49 = sext i4 %data_19_V_read_1 to i5" [firmware/nnet_utils/nnet_mult.h:73->firmware/nnet_utils/nnet_dense_resource.h:59]   --->   Operation 14 'sext' 'sext_ln1118_49' <Predicate = true> <Delay = 0.00>
ST_1 : Operation 15 [1/1] (1.73ns)   --->   "%sub_ln1118_39 = sub i5 0, %sext_ln1118_49" [firmware/nnet_utils/nnet_mult.h:73->firmware/nnet_utils/nnet_dense_resource.h:59]   --->   Operation 15 'sub' 'sub_ln1118_39' <Predicate = true> <Delay = 1.73> <Core = "AddSub">   --->   Core 14 'AddSub' <Latency = 0> <II = 1> <Delay = 1.65> <FuncUnit> <Opcode : 'add' 'sub'> <InPorts = 2> <OutPorts = 1>
ST_1 : Operation 16 [1/1] (0.00ns)   --->   "%trunc_ln708_37 = call i3 @_ssdm_op_PartSelect.i3.i5.i32.i32(i5 %sub_ln1118_39, i32 2, i32 4)" [firmware/nnet_utils/nnet_dense_resource.h:59]   --->   Operation 16 'partselect' 'trunc_ln708_37' <Predicate = true> <Delay = 0.00>
ST_1 : Operation 17 [1/1] (0.00ns)   --->   "%sext_ln1118_51 = sext i4 %data_21_V_read_1 to i5" [firmware/nnet_utils/nnet_mult.h:73->firmware/nnet_utils/nnet_dense_resource.h:59]   --->   Operation 17 'sext' 'sext_ln1118_51' <Predicate = true> <Delay = 0.00>
ST_1 : Operation 18 [1/1] (1.73ns)   --->   "%sub_ln1118_40 = sub i5 0, %sext_ln1118_51" [firmware/nnet_utils/nnet_mult.h:73->firmware/nnet_utils/nnet_dense_resource.h:59]   --->   Operation 18 'sub' 'sub_ln1118_40' <Predicate = true> <Delay = 1.73> <Core = "AddSub">   --->   Core 14 'AddSub' <Latency = 0> <II = 1> <Delay = 1.65> <FuncUnit> <Opcode : 'add' 'sub'> <InPorts = 2> <OutPorts = 1>
ST_1 : Operation 19 [1/1] (0.00ns)   --->   "%trunc_ln708_38 = call i3 @_ssdm_op_PartSelect.i3.i5.i32.i32(i5 %sub_ln1118_40, i32 2, i32 4)" [firmware/nnet_utils/nnet_dense_resource.h:59]   --->   Operation 19 'partselect' 'trunc_ln708_38' <Predicate = true> <Delay = 0.00>
ST_1 : Operation 20 [1/1] (0.00ns)   --->   "%sext_ln1118_52 = sext i4 %data_22_V_read_1 to i5" [firmware/nnet_utils/nnet_mult.h:73->firmware/nnet_utils/nnet_dense_resource.h:59]   --->   Operation 20 'sext' 'sext_ln1118_52' <Predicate = true> <Delay = 0.00>
ST_1 : Operation 21 [1/1] (0.00ns)   --->   "%sext_ln1118_53 = sext i4 %data_23_V_read_2 to i5" [firmware/nnet_utils/nnet_mult.h:73->firmware/nnet_utils/nnet_dense_resource.h:59]   --->   Operation 21 'sext' 'sext_ln1118_53' <Predicate = true> <Delay = 0.00>
ST_1 : Operation 22 [1/1] (0.00ns)   --->   "%sext_ln1118_54 = sext i4 %data_24_V_read_2 to i5" [firmware/nnet_utils/nnet_mult.h:73->firmware/nnet_utils/nnet_dense_resource.h:59]   --->   Operation 22 'sext' 'sext_ln1118_54' <Predicate = true> <Delay = 0.00>
ST_1 : Operation 23 [1/1] (1.73ns)   --->   "%sub_ln1118_41 = sub i5 0, %sext_ln1118_54" [firmware/nnet_utils/nnet_mult.h:73->firmware/nnet_utils/nnet_dense_resource.h:59]   --->   Operation 23 'sub' 'sub_ln1118_41' <Predicate = true> <Delay = 1.73> <Core = "AddSub">   --->   Core 14 'AddSub' <Latency = 0> <II = 1> <Delay = 1.65> <FuncUnit> <Opcode : 'add' 'sub'> <InPorts = 2> <OutPorts = 1>
ST_1 : Operation 24 [1/1] (0.00ns)   --->   "%trunc_ln708_39 = call i3 @_ssdm_op_PartSelect.i3.i5.i32.i32(i5 %sub_ln1118_41, i32 2, i32 4)" [firmware/nnet_utils/nnet_dense_resource.h:59]   --->   Operation 24 'partselect' 'trunc_ln708_39' <Predicate = true> <Delay = 0.00>
ST_1 : Operation 25 [1/1] (0.00ns)   --->   "%sext_ln708_39 = sext i3 %trunc_ln708_39 to i4" [firmware/nnet_utils/nnet_dense_resource.h:59]   --->   Operation 25 'sext' 'sext_ln708_39' <Predicate = true> <Delay = 0.00>
ST_1 : Operation 26 [1/1] (0.00ns)   --->   "%sext_ln1118_55 = sext i4 %data_25_V_read_1 to i5" [firmware/nnet_utils/nnet_mult.h:73->firmware/nnet_utils/nnet_dense_resource.h:59]   --->   Operation 26 'sext' 'sext_ln1118_55' <Predicate = true> <Delay = 0.00>
ST_1 : Operation 27 [1/1] (1.73ns)   --->   "%sub_ln1118_42 = sub i5 0, %sext_ln1118_55" [firmware/nnet_utils/nnet_mult.h:73->firmware/nnet_utils/nnet_dense_resource.h:59]   --->   Operation 27 'sub' 'sub_ln1118_42' <Predicate = true> <Delay = 1.73> <Core = "AddSub">   --->   Core 14 'AddSub' <Latency = 0> <II = 1> <Delay = 1.65> <FuncUnit> <Opcode : 'add' 'sub'> <InPorts = 2> <OutPorts = 1>
ST_1 : Operation 28 [1/1] (0.00ns)   --->   "%trunc_ln708_40 = call i3 @_ssdm_op_PartSelect.i3.i5.i32.i32(i5 %sub_ln1118_42, i32 2, i32 4)" [firmware/nnet_utils/nnet_dense_resource.h:59]   --->   Operation 28 'partselect' 'trunc_ln708_40' <Predicate = true> <Delay = 0.00>
ST_1 : Operation 29 [1/1] (0.00ns)   --->   "%sext_ln708_40 = sext i3 %trunc_ln708_40 to i4" [firmware/nnet_utils/nnet_dense_resource.h:59]   --->   Operation 29 'sext' 'sext_ln708_40' <Predicate = true> <Delay = 0.00>
ST_1 : Operation 30 [1/1] (0.00ns)   --->   "%sext_ln1118_56 = sext i4 %data_26_V_read_2 to i5" [firmware/nnet_utils/nnet_mult.h:73->firmware/nnet_utils/nnet_dense_resource.h:59]   --->   Operation 30 'sext' 'sext_ln1118_56' <Predicate = true> <Delay = 0.00>
ST_1 : Operation 31 [1/1] (1.73ns)   --->   "%sub_ln1118_43 = sub i5 0, %sext_ln1118_56" [firmware/nnet_utils/nnet_mult.h:73->firmware/nnet_utils/nnet_dense_resource.h:59]   --->   Operation 31 'sub' 'sub_ln1118_43' <Predicate = true> <Delay = 1.73> <Core = "AddSub">   --->   Core 14 'AddSub' <Latency = 0> <II = 1> <Delay = 1.65> <FuncUnit> <Opcode : 'add' 'sub'> <InPorts = 2> <OutPorts = 1>
ST_1 : Operation 32 [1/1] (0.00ns)   --->   "%trunc_ln708_41 = call i3 @_ssdm_op_PartSelect.i3.i5.i32.i32(i5 %sub_ln1118_43, i32 2, i32 4)" [firmware/nnet_utils/nnet_dense_resource.h:59]   --->   Operation 32 'partselect' 'trunc_ln708_41' <Predicate = true> <Delay = 0.00>
ST_1 : Operation 33 [1/1] (0.00ns)   --->   "%sext_ln708_41 = sext i3 %trunc_ln708_41 to i4" [firmware/nnet_utils/nnet_dense_resource.h:59]   --->   Operation 33 'sext' 'sext_ln708_41' <Predicate = true> <Delay = 0.00>
ST_1 : Operation 34 [1/1] (1.65ns)   --->   "%add_ln703_38 = add i4 %sext_ln708_40, %sext_ln708_41" [firmware/nnet_utils/nnet_dense_resource.h:59]   --->   Operation 34 'add' 'add_ln703_38' <Predicate = true> <Delay = 1.65> <Core = "AddSub">   --->   Core 14 'AddSub' <Latency = 0> <II = 1> <Delay = 1.65> <FuncUnit> <Opcode : 'add' 'sub'> <InPorts = 2> <OutPorts = 1>
ST_1 : Operation 35 [1/1] (1.73ns)   --->   "%sub_ln1118_51 = sub i5 0, %sext_ln1118_52" [firmware/nnet_utils/nnet_mult.h:73->firmware/nnet_utils/nnet_dense_resource.h:59]   --->   Operation 35 'sub' 'sub_ln1118_51' <Predicate = true> <Delay = 1.73> <Core = "AddSub">   --->   Core 14 'AddSub' <Latency = 0> <II = 1> <Delay = 1.65> <FuncUnit> <Opcode : 'add' 'sub'> <InPorts = 2> <OutPorts = 1>
ST_1 : Operation 36 [1/1] (0.00ns)   --->   "%trunc_ln708_49 = call i3 @_ssdm_op_PartSelect.i3.i5.i32.i32(i5 %sub_ln1118_51, i32 2, i32 4)" [firmware/nnet_utils/nnet_dense_resource.h:59]   --->   Operation 36 'partselect' 'trunc_ln708_49' <Predicate = true> <Delay = 0.00>
ST_1 : Operation 37 [1/1] (1.73ns)   --->   "%sub_ln1118_52 = sub i5 0, %sext_ln1118_53" [firmware/nnet_utils/nnet_mult.h:73->firmware/nnet_utils/nnet_dense_resource.h:59]   --->   Operation 37 'sub' 'sub_ln1118_52' <Predicate = true> <Delay = 1.73> <Core = "AddSub">   --->   Core 14 'AddSub' <Latency = 0> <II = 1> <Delay = 1.65> <FuncUnit> <Opcode : 'add' 'sub'> <InPorts = 2> <OutPorts = 1>
ST_1 : Operation 38 [1/1] (0.00ns)   --->   "%trunc_ln708_50 = call i3 @_ssdm_op_PartSelect.i3.i5.i32.i32(i5 %sub_ln1118_52, i32 2, i32 4)" [firmware/nnet_utils/nnet_dense_resource.h:59]   --->   Operation 38 'partselect' 'trunc_ln708_50' <Predicate = true> <Delay = 0.00>
ST_1 : Operation 39 [1/1] (0.00ns)   --->   "%sext_ln708_50 = sext i3 %trunc_ln708_50 to i4" [firmware/nnet_utils/nnet_dense_resource.h:59]   --->   Operation 39 'sext' 'sext_ln708_50' <Predicate = true> <Delay = 0.00>
ST_1 : Operation 40 [1/1] (1.65ns)   --->   "%add_ln703_52 = add i4 %sext_ln708_39, %sext_ln708_41" [firmware/nnet_utils/nnet_dense_resource.h:59]   --->   Operation 40 'add' 'add_ln703_52' <Predicate = true> <Delay = 1.65> <Core = "AddSub">   --->   Core 14 'AddSub' <Latency = 0> <II = 1> <Delay = 1.65> <FuncUnit> <Opcode : 'add' 'sub'> <InPorts = 2> <OutPorts = 1>
ST_1 : Operation 41 [1/1] (1.73ns)   --->   "%sub_ln1118_55 = sub i5 0, %sext_ln1118_47" [firmware/nnet_utils/nnet_mult.h:73->firmware/nnet_utils/nnet_dense_resource.h:59]   --->   Operation 41 'sub' 'sub_ln1118_55' <Predicate = true> <Delay = 1.73> <Core = "AddSub">   --->   Core 14 'AddSub' <Latency = 0> <II = 1> <Delay = 1.65> <FuncUnit> <Opcode : 'add' 'sub'> <InPorts = 2> <OutPorts = 1>
ST_1 : Operation 42 [1/1] (0.00ns)   --->   "%trunc_ln708_53 = call i3 @_ssdm_op_PartSelect.i3.i5.i32.i32(i5 %sub_ln1118_55, i32 2, i32 4)" [firmware/nnet_utils/nnet_dense_resource.h:59]   --->   Operation 42 'partselect' 'trunc_ln708_53' <Predicate = true> <Delay = 0.00>
ST_1 : Operation 43 [1/1] (1.65ns)   --->   "%add_ln703_69 = add i4 %sext_ln708_50, %sext_ln708_40" [firmware/nnet_utils/nnet_dense_resource.h:59]   --->   Operation 43 'add' 'add_ln703_69' <Predicate = true> <Delay = 1.65> <Core = "AddSub">   --->   Core 14 'AddSub' <Latency = 0> <II = 1> <Delay = 1.65> <FuncUnit> <Opcode : 'add' 'sub'> <InPorts = 2> <OutPorts = 1>

State 2 <SV = 1> <Delay = 3.38>
ST_2 : Operation 44 [1/1] (0.00ns)   --->   "%data_20_V_read_1 = call i4 @_ssdm_op_Read.ap_auto.i4(i4 %data_20_V_read)" [firmware/nnet_utils/nnet_dense_resource.h:13]   --->   Operation 44 'read' 'data_20_V_read_1' <Predicate = true> <Delay = 0.00>
ST_2 : Operation 45 [1/1] (0.00ns)   --->   "%data_18_V_read_2 = call i4 @_ssdm_op_Read.ap_auto.i4(i4 %data_18_V_read)" [firmware/nnet_utils/nnet_dense_resource.h:13]   --->   Operation 45 'read' 'data_18_V_read_2' <Predicate = true> <Delay = 0.00>
ST_2 : Operation 46 [1/1] (0.00ns)   --->   "%data_16_V_read_1 = call i4 @_ssdm_op_Read.ap_auto.i4(i4 %data_16_V_read)" [firmware/nnet_utils/nnet_dense_resource.h:13]   --->   Operation 46 'read' 'data_16_V_read_1' <Predicate = true> <Delay = 0.00>
ST_2 : Operation 47 [1/1] (0.00ns)   --->   "%data_15_V_read_1 = call i4 @_ssdm_op_Read.ap_auto.i4(i4 %data_15_V_read)" [firmware/nnet_utils/nnet_dense_resource.h:13]   --->   Operation 47 'read' 'data_15_V_read_1' <Predicate = true> <Delay = 0.00>
ST_2 : Operation 48 [1/1] (0.00ns)   --->   "%data_14_V_read_2 = call i4 @_ssdm_op_Read.ap_auto.i4(i4 %data_14_V_read)" [firmware/nnet_utils/nnet_dense_resource.h:13]   --->   Operation 48 'read' 'data_14_V_read_2' <Predicate = true> <Delay = 0.00>
ST_2 : Operation 49 [1/1] (0.00ns)   --->   "%data_13_V_read_1 = call i4 @_ssdm_op_Read.ap_auto.i4(i4 %data_13_V_read)" [firmware/nnet_utils/nnet_dense_resource.h:13]   --->   Operation 49 'read' 'data_13_V_read_1' <Predicate = true> <Delay = 0.00>
ST_2 : Operation 50 [1/1] (0.00ns)   --->   "%data_12_V_read_2 = call i4 @_ssdm_op_Read.ap_auto.i4(i4 %data_12_V_read)" [firmware/nnet_utils/nnet_dense_resource.h:13]   --->   Operation 50 'read' 'data_12_V_read_2' <Predicate = true> <Delay = 0.00>
ST_2 : Operation 51 [1/1] (0.00ns)   --->   "%data_11_V_read_2 = call i4 @_ssdm_op_Read.ap_auto.i4(i4 %data_11_V_read)" [firmware/nnet_utils/nnet_dense_resource.h:13]   --->   Operation 51 'read' 'data_11_V_read_2' <Predicate = true> <Delay = 0.00>
ST_2 : Operation 52 [1/1] (0.00ns)   --->   "%data_10_V_read11 = call i4 @_ssdm_op_Read.ap_auto.i4(i4 %data_10_V_read)" [firmware/nnet_utils/nnet_dense_resource.h:13]   --->   Operation 52 'read' 'data_10_V_read11' <Predicate = true> <Delay = 0.00>
ST_2 : Operation 53 [1/1] (0.00ns)   --->   "%data_9_V_read_1 = call i4 @_ssdm_op_Read.ap_auto.i4(i4 %data_9_V_read)" [firmware/nnet_utils/nnet_dense_resource.h:13]   --->   Operation 53 'read' 'data_9_V_read_1' <Predicate = true> <Delay = 0.00>
ST_2 : Operation 54 [1/1] (0.00ns)   --->   "%data_8_V_read_2 = call i4 @_ssdm_op_Read.ap_auto.i4(i4 %data_8_V_read)" [firmware/nnet_utils/nnet_dense_resource.h:13]   --->   Operation 54 'read' 'data_8_V_read_2' <Predicate = true> <Delay = 0.00>
ST_2 : Operation 55 [1/1] (0.00ns)   --->   "%data_7_V_read_1 = call i4 @_ssdm_op_Read.ap_auto.i4(i4 %data_7_V_read)" [firmware/nnet_utils/nnet_dense_resource.h:13]   --->   Operation 55 'read' 'data_7_V_read_1' <Predicate = true> <Delay = 0.00>
ST_2 : Operation 56 [1/1] (0.00ns)   --->   "%data_6_V_read_2 = call i4 @_ssdm_op_Read.ap_auto.i4(i4 %data_6_V_read)" [firmware/nnet_utils/nnet_dense_resource.h:13]   --->   Operation 56 'read' 'data_6_V_read_2' <Predicate = true> <Delay = 0.00>
ST_2 : Operation 57 [1/1] (0.00ns)   --->   "%data_5_V_read_2 = call i4 @_ssdm_op_Read.ap_auto.i4(i4 %data_5_V_read)" [firmware/nnet_utils/nnet_dense_resource.h:13]   --->   Operation 57 'read' 'data_5_V_read_2' <Predicate = true> <Delay = 0.00>
ST_2 : Operation 58 [1/1] (0.00ns)   --->   "%data_4_V_read_1 = call i4 @_ssdm_op_Read.ap_auto.i4(i4 %data_4_V_read)" [firmware/nnet_utils/nnet_dense_resource.h:13]   --->   Operation 58 'read' 'data_4_V_read_1' <Predicate = true> <Delay = 0.00>
ST_2 : Operation 59 [1/1] (0.00ns)   --->   "%data_3_V_read_1 = call i4 @_ssdm_op_Read.ap_auto.i4(i4 %data_3_V_read)" [firmware/nnet_utils/nnet_dense_resource.h:13]   --->   Operation 59 'read' 'data_3_V_read_1' <Predicate = true> <Delay = 0.00>
ST_2 : Operation 60 [1/1] (0.00ns)   --->   "%data_2_V_read_1 = call i4 @_ssdm_op_Read.ap_auto.i4(i4 %data_2_V_read)" [firmware/nnet_utils/nnet_dense_resource.h:13]   --->   Operation 60 'read' 'data_2_V_read_1' <Predicate = true> <Delay = 0.00>
ST_2 : Operation 61 [1/1] (0.00ns)   --->   "%data_1_V_read_1 = call i4 @_ssdm_op_Read.ap_auto.i4(i4 %data_1_V_read)" [firmware/nnet_utils/nnet_dense_resource.h:13]   --->   Operation 61 'read' 'data_1_V_read_1' <Predicate = true> <Delay = 0.00>
ST_2 : Operation 62 [1/1] (0.00ns)   --->   "%data_0_V_read_1 = call i4 @_ssdm_op_Read.ap_auto.i4(i4 %data_0_V_read)" [firmware/nnet_utils/nnet_dense_resource.h:13]   --->   Operation 62 'read' 'data_0_V_read_1' <Predicate = true> <Delay = 0.00>
ST_2 : Operation 63 [1/1] (0.00ns)   --->   "%sext_ln1118 = sext i4 %data_0_V_read_1 to i5" [firmware/nnet_utils/nnet_mult.h:73->firmware/nnet_utils/nnet_dense_resource.h:59]   --->   Operation 63 'sext' 'sext_ln1118' <Predicate = true> <Delay = 0.00>
ST_2 : Operation 64 [1/1] (0.00ns)   --->   "%sext_ln1118_31 = sext i4 %data_1_V_read_1 to i5" [firmware/nnet_utils/nnet_mult.h:73->firmware/nnet_utils/nnet_dense_resource.h:59]   --->   Operation 64 'sext' 'sext_ln1118_31' <Predicate = true> <Delay = 0.00>
ST_2 : Operation 65 [1/1] (0.00ns)   --->   "%sext_ln1118_32 = sext i4 %data_2_V_read_1 to i5" [firmware/nnet_utils/nnet_mult.h:73->firmware/nnet_utils/nnet_dense_resource.h:59]   --->   Operation 65 'sext' 'sext_ln1118_32' <Predicate = true> <Delay = 0.00>
ST_2 : Operation 66 [1/1] (1.73ns)   --->   "%sub_ln1118 = sub i5 0, %sext_ln1118_32" [firmware/nnet_utils/nnet_mult.h:73->firmware/nnet_utils/nnet_dense_resource.h:59]   --->   Operation 66 'sub' 'sub_ln1118' <Predicate = true> <Delay = 1.73> <Core = "AddSub">   --->   Core 14 'AddSub' <Latency = 0> <II = 1> <Delay = 1.65> <FuncUnit> <Opcode : 'add' 'sub'> <InPorts = 2> <OutPorts = 1>
ST_2 : Operation 67 [1/1] (0.00ns)   --->   "%trunc_ln = call i3 @_ssdm_op_PartSelect.i3.i5.i32.i32(i5 %sub_ln1118, i32 2, i32 4)" [firmware/nnet_utils/nnet_dense_resource.h:59]   --->   Operation 67 'partselect' 'trunc_ln' <Predicate = true> <Delay = 0.00>
ST_2 : Operation 68 [1/1] (0.00ns)   --->   "%sext_ln1118_33 = sext i4 %data_3_V_read_1 to i5" [firmware/nnet_utils/nnet_mult.h:73->firmware/nnet_utils/nnet_dense_resource.h:59]   --->   Operation 68 'sext' 'sext_ln1118_33' <Predicate = true> <Delay = 0.00>
ST_2 : Operation 69 [1/1] (0.00ns)   --->   "%sext_ln1118_34 = sext i4 %data_4_V_read_1 to i5" [firmware/nnet_utils/nnet_mult.h:73->firmware/nnet_utils/nnet_dense_resource.h:59]   --->   Operation 69 'sext' 'sext_ln1118_34' <Predicate = true> <Delay = 0.00>
ST_2 : Operation 70 [1/1] (0.00ns)   --->   "%sext_ln1118_35 = sext i4 %data_5_V_read_2 to i5" [firmware/nnet_utils/nnet_mult.h:73->firmware/nnet_utils/nnet_dense_resource.h:59]   --->   Operation 70 'sext' 'sext_ln1118_35' <Predicate = true> <Delay = 0.00>
ST_2 : Operation 71 [1/1] (0.00ns)   --->   "%sext_ln1118_36 = sext i4 %data_6_V_read_2 to i5" [firmware/nnet_utils/nnet_mult.h:73->firmware/nnet_utils/nnet_dense_resource.h:59]   --->   Operation 71 'sext' 'sext_ln1118_36' <Predicate = true> <Delay = 0.00>
ST_2 : Operation 72 [1/1] (0.00ns)   --->   "%sext_ln1118_37 = sext i4 %data_7_V_read_1 to i5" [firmware/nnet_utils/nnet_mult.h:73->firmware/nnet_utils/nnet_dense_resource.h:59]   --->   Operation 72 'sext' 'sext_ln1118_37' <Predicate = true> <Delay = 0.00>
ST_2 : Operation 73 [1/1] (1.73ns)   --->   "%sub_ln1118_31 = sub i5 0, %sext_ln1118_37" [firmware/nnet_utils/nnet_mult.h:73->firmware/nnet_utils/nnet_dense_resource.h:59]   --->   Operation 73 'sub' 'sub_ln1118_31' <Predicate = true> <Delay = 1.73> <Core = "AddSub">   --->   Core 14 'AddSub' <Latency = 0> <II = 1> <Delay = 1.65> <FuncUnit> <Opcode : 'add' 'sub'> <InPorts = 2> <OutPorts = 1>
ST_2 : Operation 74 [1/1] (0.00ns)   --->   "%trunc_ln708_s = call i3 @_ssdm_op_PartSelect.i3.i5.i32.i32(i5 %sub_ln1118_31, i32 2, i32 4)" [firmware/nnet_utils/nnet_dense_resource.h:59]   --->   Operation 74 'partselect' 'trunc_ln708_s' <Predicate = true> <Delay = 0.00>
ST_2 : Operation 75 [1/1] (0.00ns)   --->   "%sext_ln1118_38 = sext i4 %data_8_V_read_2 to i5" [firmware/nnet_utils/nnet_mult.h:73->firmware/nnet_utils/nnet_dense_resource.h:59]   --->   Operation 75 'sext' 'sext_ln1118_38' <Predicate = true> <Delay = 0.00>
ST_2 : Operation 76 [1/1] (0.00ns)   --->   "%sext_ln1118_39 = sext i4 %data_9_V_read_1 to i5" [firmware/nnet_utils/nnet_mult.h:73->firmware/nnet_utils/nnet_dense_resource.h:59]   --->   Operation 76 'sext' 'sext_ln1118_39' <Predicate = true> <Delay = 0.00>
ST_2 : Operation 77 [1/1] (1.73ns)   --->   "%sub_ln1118_32 = sub i5 0, %sext_ln1118_39" [firmware/nnet_utils/nnet_mult.h:73->firmware/nnet_utils/nnet_dense_resource.h:59]   --->   Operation 77 'sub' 'sub_ln1118_32' <Predicate = true> <Delay = 1.73> <Core = "AddSub">   --->   Core 14 'AddSub' <Latency = 0> <II = 1> <Delay = 1.65> <FuncUnit> <Opcode : 'add' 'sub'> <InPorts = 2> <OutPorts = 1>
ST_2 : Operation 78 [1/1] (0.00ns)   --->   "%trunc_ln708_30 = call i3 @_ssdm_op_PartSelect.i3.i5.i32.i32(i5 %sub_ln1118_32, i32 2, i32 4)" [firmware/nnet_utils/nnet_dense_resource.h:59]   --->   Operation 78 'partselect' 'trunc_ln708_30' <Predicate = true> <Delay = 0.00>
ST_2 : Operation 79 [1/1] (0.00ns)   --->   "%sext_ln1118_40 = sext i4 %data_10_V_read11 to i5" [firmware/nnet_utils/nnet_mult.h:73->firmware/nnet_utils/nnet_dense_resource.h:59]   --->   Operation 79 'sext' 'sext_ln1118_40' <Predicate = true> <Delay = 0.00>
ST_2 : Operation 80 [1/1] (1.73ns)   --->   "%sub_ln1118_33 = sub i5 0, %sext_ln1118_40" [firmware/nnet_utils/nnet_mult.h:73->firmware/nnet_utils/nnet_dense_resource.h:59]   --->   Operation 80 'sub' 'sub_ln1118_33' <Predicate = true> <Delay = 1.73> <Core = "AddSub">   --->   Core 14 'AddSub' <Latency = 0> <II = 1> <Delay = 1.65> <FuncUnit> <Opcode : 'add' 'sub'> <InPorts = 2> <OutPorts = 1>
ST_2 : Operation 81 [1/1] (0.00ns)   --->   "%trunc_ln708_31 = call i3 @_ssdm_op_PartSelect.i3.i5.i32.i32(i5 %sub_ln1118_33, i32 2, i32 4)" [firmware/nnet_utils/nnet_dense_resource.h:59]   --->   Operation 81 'partselect' 'trunc_ln708_31' <Predicate = true> <Delay = 0.00>
ST_2 : Operation 82 [1/1] (0.00ns)   --->   "%sext_ln1118_41 = sext i4 %data_11_V_read_2 to i5" [firmware/nnet_utils/nnet_mult.h:73->firmware/nnet_utils/nnet_dense_resource.h:59]   --->   Operation 82 'sext' 'sext_ln1118_41' <Predicate = true> <Delay = 0.00>
ST_2 : Operation 83 [1/1] (1.73ns)   --->   "%sub_ln1118_34 = sub i5 0, %sext_ln1118_41" [firmware/nnet_utils/nnet_mult.h:73->firmware/nnet_utils/nnet_dense_resource.h:59]   --->   Operation 83 'sub' 'sub_ln1118_34' <Predicate = true> <Delay = 1.73> <Core = "AddSub">   --->   Core 14 'AddSub' <Latency = 0> <II = 1> <Delay = 1.65> <FuncUnit> <Opcode : 'add' 'sub'> <InPorts = 2> <OutPorts = 1>
ST_2 : Operation 84 [1/1] (0.00ns)   --->   "%trunc_ln708_32 = call i3 @_ssdm_op_PartSelect.i3.i5.i32.i32(i5 %sub_ln1118_34, i32 2, i32 4)" [firmware/nnet_utils/nnet_dense_resource.h:59]   --->   Operation 84 'partselect' 'trunc_ln708_32' <Predicate = true> <Delay = 0.00>
ST_2 : Operation 85 [1/1] (0.00ns)   --->   "%sext_ln708_32 = sext i3 %trunc_ln708_32 to i4" [firmware/nnet_utils/nnet_dense_resource.h:59]   --->   Operation 85 'sext' 'sext_ln708_32' <Predicate = true> <Delay = 0.00>
ST_2 : Operation 86 [1/1] (0.00ns)   --->   "%sext_ln1118_42 = sext i4 %data_12_V_read_2 to i5" [firmware/nnet_utils/nnet_mult.h:73->firmware/nnet_utils/nnet_dense_resource.h:59]   --->   Operation 86 'sext' 'sext_ln1118_42' <Predicate = true> <Delay = 0.00>
ST_2 : Operation 87 [1/1] (1.73ns)   --->   "%sub_ln1118_35 = sub i5 0, %sext_ln1118_42" [firmware/nnet_utils/nnet_mult.h:73->firmware/nnet_utils/nnet_dense_resource.h:59]   --->   Operation 87 'sub' 'sub_ln1118_35' <Predicate = true> <Delay = 1.73> <Core = "AddSub">   --->   Core 14 'AddSub' <Latency = 0> <II = 1> <Delay = 1.65> <FuncUnit> <Opcode : 'add' 'sub'> <InPorts = 2> <OutPorts = 1>
ST_2 : Operation 88 [1/1] (0.00ns)   --->   "%trunc_ln708_33 = call i3 @_ssdm_op_PartSelect.i3.i5.i32.i32(i5 %sub_ln1118_35, i32 2, i32 4)" [firmware/nnet_utils/nnet_dense_resource.h:59]   --->   Operation 88 'partselect' 'trunc_ln708_33' <Predicate = true> <Delay = 0.00>
ST_2 : Operation 89 [1/1] (0.00ns)   --->   "%sext_ln708_33 = sext i3 %trunc_ln708_33 to i4" [firmware/nnet_utils/nnet_dense_resource.h:59]   --->   Operation 89 'sext' 'sext_ln708_33' <Predicate = true> <Delay = 0.00>
ST_2 : Operation 90 [1/1] (0.00ns)   --->   "%sext_ln1118_43 = sext i4 %data_13_V_read_1 to i5" [firmware/nnet_utils/nnet_mult.h:73->firmware/nnet_utils/nnet_dense_resource.h:59]   --->   Operation 90 'sext' 'sext_ln1118_43' <Predicate = true> <Delay = 0.00>
ST_2 : Operation 91 [1/1] (0.00ns)   --->   "%sext_ln1118_44 = sext i4 %data_14_V_read_2 to i5" [firmware/nnet_utils/nnet_mult.h:73->firmware/nnet_utils/nnet_dense_resource.h:59]   --->   Operation 91 'sext' 'sext_ln1118_44' <Predicate = true> <Delay = 0.00>
ST_2 : Operation 92 [1/1] (1.73ns)   --->   "%sub_ln1118_36 = sub i5 0, %sext_ln1118_44" [firmware/nnet_utils/nnet_mult.h:73->firmware/nnet_utils/nnet_dense_resource.h:59]   --->   Operation 92 'sub' 'sub_ln1118_36' <Predicate = true> <Delay = 1.73> <Core = "AddSub">   --->   Core 14 'AddSub' <Latency = 0> <II = 1> <Delay = 1.65> <FuncUnit> <Opcode : 'add' 'sub'> <InPorts = 2> <OutPorts = 1>
ST_2 : Operation 93 [1/1] (0.00ns)   --->   "%trunc_ln708_34 = call i3 @_ssdm_op_PartSelect.i3.i5.i32.i32(i5 %sub_ln1118_36, i32 2, i32 4)" [firmware/nnet_utils/nnet_dense_resource.h:59]   --->   Operation 93 'partselect' 'trunc_ln708_34' <Predicate = true> <Delay = 0.00>
ST_2 : Operation 94 [1/1] (0.00ns)   --->   "%sext_ln708_34 = sext i3 %trunc_ln708_34 to i4" [firmware/nnet_utils/nnet_dense_resource.h:59]   --->   Operation 94 'sext' 'sext_ln708_34' <Predicate = true> <Delay = 0.00>
ST_2 : Operation 95 [1/1] (0.00ns)   --->   "%sext_ln1118_45 = sext i4 %data_15_V_read_1 to i5" [firmware/nnet_utils/nnet_mult.h:73->firmware/nnet_utils/nnet_dense_resource.h:59]   --->   Operation 95 'sext' 'sext_ln1118_45' <Predicate = true> <Delay = 0.00>
ST_2 : Operation 96 [1/1] (1.73ns)   --->   "%sub_ln1118_37 = sub i5 0, %sext_ln1118_45" [firmware/nnet_utils/nnet_mult.h:73->firmware/nnet_utils/nnet_dense_resource.h:59]   --->   Operation 96 'sub' 'sub_ln1118_37' <Predicate = true> <Delay = 1.73> <Core = "AddSub">   --->   Core 14 'AddSub' <Latency = 0> <II = 1> <Delay = 1.65> <FuncUnit> <Opcode : 'add' 'sub'> <InPorts = 2> <OutPorts = 1>
ST_2 : Operation 97 [1/1] (0.00ns)   --->   "%trunc_ln708_35 = call i3 @_ssdm_op_PartSelect.i3.i5.i32.i32(i5 %sub_ln1118_37, i32 2, i32 4)" [firmware/nnet_utils/nnet_dense_resource.h:59]   --->   Operation 97 'partselect' 'trunc_ln708_35' <Predicate = true> <Delay = 0.00>
ST_2 : Operation 98 [1/1] (0.00ns)   --->   "%sext_ln708_35 = sext i3 %trunc_ln708_35 to i4" [firmware/nnet_utils/nnet_dense_resource.h:59]   --->   Operation 98 'sext' 'sext_ln708_35' <Predicate = true> <Delay = 0.00>
ST_2 : Operation 99 [1/1] (0.00ns)   --->   "%sext_ln1118_46 = sext i4 %data_16_V_read_1 to i5" [firmware/nnet_utils/nnet_mult.h:73->firmware/nnet_utils/nnet_dense_resource.h:59]   --->   Operation 99 'sext' 'sext_ln1118_46' <Predicate = true> <Delay = 0.00>
ST_2 : Operation 100 [1/1] (0.00ns)   --->   "%sext_ln1118_48 = sext i4 %data_18_V_read_2 to i5" [firmware/nnet_utils/nnet_mult.h:73->firmware/nnet_utils/nnet_dense_resource.h:59]   --->   Operation 100 'sext' 'sext_ln1118_48' <Predicate = true> <Delay = 0.00>
ST_2 : Operation 101 [1/1] (1.73ns)   --->   "%sub_ln1118_38 = sub i5 0, %sext_ln1118_48" [firmware/nnet_utils/nnet_mult.h:73->firmware/nnet_utils/nnet_dense_resource.h:59]   --->   Operation 101 'sub' 'sub_ln1118_38' <Predicate = true> <Delay = 1.73> <Core = "AddSub">   --->   Core 14 'AddSub' <Latency = 0> <II = 1> <Delay = 1.65> <FuncUnit> <Opcode : 'add' 'sub'> <InPorts = 2> <OutPorts = 1>
ST_2 : Operation 102 [1/1] (0.00ns)   --->   "%trunc_ln708_36 = call i3 @_ssdm_op_PartSelect.i3.i5.i32.i32(i5 %sub_ln1118_38, i32 2, i32 4)" [firmware/nnet_utils/nnet_dense_resource.h:59]   --->   Operation 102 'partselect' 'trunc_ln708_36' <Predicate = true> <Delay = 0.00>
ST_2 : Operation 103 [1/1] (0.00ns)   --->   "%sext_ln708_36 = sext i3 %trunc_ln708_36 to i4" [firmware/nnet_utils/nnet_dense_resource.h:59]   --->   Operation 103 'sext' 'sext_ln708_36' <Predicate = true> <Delay = 0.00>
ST_2 : Operation 104 [1/1] (0.00ns)   --->   "%sext_ln708_37 = sext i3 %trunc_ln708_37 to i4" [firmware/nnet_utils/nnet_dense_resource.h:59]   --->   Operation 104 'sext' 'sext_ln708_37' <Predicate = true> <Delay = 0.00>
ST_2 : Operation 105 [1/1] (0.00ns)   --->   "%sext_ln1118_50 = sext i4 %data_20_V_read_1 to i5" [firmware/nnet_utils/nnet_mult.h:73->firmware/nnet_utils/nnet_dense_resource.h:59]   --->   Operation 105 'sext' 'sext_ln1118_50' <Predicate = true> <Delay = 0.00>
ST_2 : Operation 106 [1/1] (0.00ns)   --->   "%sext_ln708_38 = sext i3 %trunc_ln708_38 to i4" [firmware/nnet_utils/nnet_dense_resource.h:59]   --->   Operation 106 'sext' 'sext_ln708_38' <Predicate = true> <Delay = 0.00>
ST_2 : Operation 107 [1/1] (1.65ns)   --->   "%add_ln703_32 = add i4 %sext_ln708_33, %sext_ln708_34" [firmware/nnet_utils/nnet_dense_resource.h:59]   --->   Operation 107 'add' 'add_ln703_32' <Predicate = true> <Delay = 1.65> <Core = "AddSub">   --->   Core 14 'AddSub' <Latency = 0> <II = 1> <Delay = 1.65> <FuncUnit> <Opcode : 'add' 'sub'> <InPorts = 2> <OutPorts = 1>
ST_2 : Operation 108 [1/1] (1.65ns)   --->   "%add_ln703_35 = add i4 %sext_ln708_36, %sext_ln708_37" [firmware/nnet_utils/nnet_dense_resource.h:59]   --->   Operation 108 'add' 'add_ln703_35' <Predicate = true> <Delay = 1.65> <Core = "AddSub">   --->   Core 14 'AddSub' <Latency = 0> <II = 1> <Delay = 1.65> <FuncUnit> <Opcode : 'add' 'sub'> <InPorts = 2> <OutPorts = 1>
ST_2 : Operation 109 [1/1] (0.00ns) (grouped into TernaryAdder)   --->   "%add_ln703_37 = add i4 %sext_ln708_38, %sext_ln708_39" [firmware/nnet_utils/nnet_dense_resource.h:59]   --->   Operation 109 'add' 'add_ln703_37' <Predicate = true> <Delay = 0.00> <Core = "TAddSub">   --->   Core 83 'TAddSub' <Latency = 0> <II = 1> <Delay = 1.65> <IPBlock> <Opcode : 'add' 'sub'> <InPorts = 3> <OutPorts = 1> <Sync> <CReg>
ST_2 : Operation 110 [1/1] (3.31ns) (root node of TernaryAdder)   --->   "%add_ln703_39 = add i4 %add_ln703_38, %add_ln703_37" [firmware/nnet_utils/nnet_dense_resource.h:59]   --->   Operation 110 'add' 'add_ln703_39' <Predicate = true> <Delay = 3.31> <Core = "TAddSub">   --->   Core 83 'TAddSub' <Latency = 0> <II = 1> <Delay = 1.65> <IPBlock> <Opcode : 'add' 'sub'> <InPorts = 3> <OutPorts = 1> <Sync> <CReg>
ST_2 : Operation 111 [1/1] (1.73ns)   --->   "%sub_ln1118_44 = sub i5 0, %sext_ln1118" [firmware/nnet_utils/nnet_mult.h:73->firmware/nnet_utils/nnet_dense_resource.h:59]   --->   Operation 111 'sub' 'sub_ln1118_44' <Predicate = true> <Delay = 1.73> <Core = "AddSub">   --->   Core 14 'AddSub' <Latency = 0> <II = 1> <Delay = 1.65> <FuncUnit> <Opcode : 'add' 'sub'> <InPorts = 2> <OutPorts = 1>
ST_2 : Operation 112 [1/1] (0.00ns)   --->   "%trunc_ln708_42 = call i3 @_ssdm_op_PartSelect.i3.i5.i32.i32(i5 %sub_ln1118_44, i32 2, i32 4)" [firmware/nnet_utils/nnet_dense_resource.h:59]   --->   Operation 112 'partselect' 'trunc_ln708_42' <Predicate = true> <Delay = 0.00>
ST_2 : Operation 113 [1/1] (0.00ns)   --->   "%sext_ln708_42 = sext i3 %trunc_ln708_42 to i4" [firmware/nnet_utils/nnet_dense_resource.h:59]   --->   Operation 113 'sext' 'sext_ln708_42' <Predicate = true> <Delay = 0.00>
ST_2 : Operation 114 [1/1] (1.73ns)   --->   "%sub_ln1118_45 = sub i5 0, %sext_ln1118_33" [firmware/nnet_utils/nnet_mult.h:73->firmware/nnet_utils/nnet_dense_resource.h:59]   --->   Operation 114 'sub' 'sub_ln1118_45' <Predicate = true> <Delay = 1.73> <Core = "AddSub">   --->   Core 14 'AddSub' <Latency = 0> <II = 1> <Delay = 1.65> <FuncUnit> <Opcode : 'add' 'sub'> <InPorts = 2> <OutPorts = 1>
ST_2 : Operation 115 [1/1] (0.00ns)   --->   "%trunc_ln708_43 = call i3 @_ssdm_op_PartSelect.i3.i5.i32.i32(i5 %sub_ln1118_45, i32 2, i32 4)" [firmware/nnet_utils/nnet_dense_resource.h:59]   --->   Operation 115 'partselect' 'trunc_ln708_43' <Predicate = true> <Delay = 0.00>
ST_2 : Operation 116 [1/1] (1.73ns)   --->   "%sub_ln1118_46 = sub i5 0, %sext_ln1118_35" [firmware/nnet_utils/nnet_mult.h:73->firmware/nnet_utils/nnet_dense_resource.h:59]   --->   Operation 116 'sub' 'sub_ln1118_46' <Predicate = true> <Delay = 1.73> <Core = "AddSub">   --->   Core 14 'AddSub' <Latency = 0> <II = 1> <Delay = 1.65> <FuncUnit> <Opcode : 'add' 'sub'> <InPorts = 2> <OutPorts = 1>
ST_2 : Operation 117 [1/1] (0.00ns)   --->   "%trunc_ln708_44 = call i3 @_ssdm_op_PartSelect.i3.i5.i32.i32(i5 %sub_ln1118_46, i32 2, i32 4)" [firmware/nnet_utils/nnet_dense_resource.h:59]   --->   Operation 117 'partselect' 'trunc_ln708_44' <Predicate = true> <Delay = 0.00>
ST_2 : Operation 118 [1/1] (1.73ns)   --->   "%sub_ln1118_47 = sub i5 0, %sext_ln1118_36" [firmware/nnet_utils/nnet_mult.h:73->firmware/nnet_utils/nnet_dense_resource.h:59]   --->   Operation 118 'sub' 'sub_ln1118_47' <Predicate = true> <Delay = 1.73> <Core = "AddSub">   --->   Core 14 'AddSub' <Latency = 0> <II = 1> <Delay = 1.65> <FuncUnit> <Opcode : 'add' 'sub'> <InPorts = 2> <OutPorts = 1>
ST_2 : Operation 119 [1/1] (0.00ns)   --->   "%trunc_ln708_45 = call i3 @_ssdm_op_PartSelect.i3.i5.i32.i32(i5 %sub_ln1118_47, i32 2, i32 4)" [firmware/nnet_utils/nnet_dense_resource.h:59]   --->   Operation 119 'partselect' 'trunc_ln708_45' <Predicate = true> <Delay = 0.00>
ST_2 : Operation 120 [1/1] (1.73ns)   --->   "%sub_ln1118_48 = sub i5 0, %sext_ln1118_43" [firmware/nnet_utils/nnet_mult.h:73->firmware/nnet_utils/nnet_dense_resource.h:59]   --->   Operation 120 'sub' 'sub_ln1118_48' <Predicate = true> <Delay = 1.73> <Core = "AddSub">   --->   Core 14 'AddSub' <Latency = 0> <II = 1> <Delay = 1.65> <FuncUnit> <Opcode : 'add' 'sub'> <InPorts = 2> <OutPorts = 1>
ST_2 : Operation 121 [1/1] (0.00ns)   --->   "%trunc_ln708_46 = call i3 @_ssdm_op_PartSelect.i3.i5.i32.i32(i5 %sub_ln1118_48, i32 2, i32 4)" [firmware/nnet_utils/nnet_dense_resource.h:59]   --->   Operation 121 'partselect' 'trunc_ln708_46' <Predicate = true> <Delay = 0.00>
ST_2 : Operation 122 [1/1] (0.00ns)   --->   "%sext_ln708_46 = sext i3 %trunc_ln708_46 to i4" [firmware/nnet_utils/nnet_dense_resource.h:59]   --->   Operation 122 'sext' 'sext_ln708_46' <Predicate = true> <Delay = 0.00>
ST_2 : Operation 123 [1/1] (1.73ns)   --->   "%sub_ln1118_49 = sub i5 0, %sext_ln1118_46" [firmware/nnet_utils/nnet_mult.h:73->firmware/nnet_utils/nnet_dense_resource.h:59]   --->   Operation 123 'sub' 'sub_ln1118_49' <Predicate = true> <Delay = 1.73> <Core = "AddSub">   --->   Core 14 'AddSub' <Latency = 0> <II = 1> <Delay = 1.65> <FuncUnit> <Opcode : 'add' 'sub'> <InPorts = 2> <OutPorts = 1>
ST_2 : Operation 124 [1/1] (0.00ns)   --->   "%trunc_ln708_47 = call i3 @_ssdm_op_PartSelect.i3.i5.i32.i32(i5 %sub_ln1118_49, i32 2, i32 4)" [firmware/nnet_utils/nnet_dense_resource.h:59]   --->   Operation 124 'partselect' 'trunc_ln708_47' <Predicate = true> <Delay = 0.00>
ST_2 : Operation 125 [1/1] (0.00ns)   --->   "%sext_ln708_47 = sext i3 %trunc_ln708_47 to i4" [firmware/nnet_utils/nnet_dense_resource.h:59]   --->   Operation 125 'sext' 'sext_ln708_47' <Predicate = true> <Delay = 0.00>
ST_2 : Operation 126 [1/1] (1.73ns)   --->   "%sub_ln1118_50 = sub i5 0, %sext_ln1118_50" [firmware/nnet_utils/nnet_mult.h:73->firmware/nnet_utils/nnet_dense_resource.h:59]   --->   Operation 126 'sub' 'sub_ln1118_50' <Predicate = true> <Delay = 1.73> <Core = "AddSub">   --->   Core 14 'AddSub' <Latency = 0> <II = 1> <Delay = 1.65> <FuncUnit> <Opcode : 'add' 'sub'> <InPorts = 2> <OutPorts = 1>
ST_2 : Operation 127 [1/1] (0.00ns)   --->   "%trunc_ln708_48 = call i3 @_ssdm_op_PartSelect.i3.i5.i32.i32(i5 %sub_ln1118_50, i32 2, i32 4)" [firmware/nnet_utils/nnet_dense_resource.h:59]   --->   Operation 127 'partselect' 'trunc_ln708_48' <Predicate = true> <Delay = 0.00>
ST_2 : Operation 128 [1/1] (0.00ns)   --->   "%sext_ln708_48 = sext i3 %trunc_ln708_48 to i4" [firmware/nnet_utils/nnet_dense_resource.h:59]   --->   Operation 128 'sext' 'sext_ln708_48' <Predicate = true> <Delay = 0.00>
ST_2 : Operation 129 [1/1] (0.00ns)   --->   "%sext_ln708_49 = sext i3 %trunc_ln708_49 to i4" [firmware/nnet_utils/nnet_dense_resource.h:59]   --->   Operation 129 'sext' 'sext_ln708_49' <Predicate = true> <Delay = 0.00>
ST_2 : Operation 130 [1/1] (1.65ns)   --->   "%add_ln703_45 = add i4 %sext_ln708_32, %sext_ln708_46" [firmware/nnet_utils/nnet_dense_resource.h:59]   --->   Operation 130 'add' 'add_ln703_45' <Predicate = true> <Delay = 1.65> <Core = "AddSub">   --->   Core 14 'AddSub' <Latency = 0> <II = 1> <Delay = 1.65> <FuncUnit> <Opcode : 'add' 'sub'> <InPorts = 2> <OutPorts = 1>
ST_2 : Operation 131 [1/1] (1.65ns)   --->   "%add_ln703_48 = add i4 %sext_ln708_47, %sext_ln708_36" [firmware/nnet_utils/nnet_dense_resource.h:59]   --->   Operation 131 'add' 'add_ln703_48' <Predicate = true> <Delay = 1.65> <Core = "AddSub">   --->   Core 14 'AddSub' <Latency = 0> <II = 1> <Delay = 1.65> <FuncUnit> <Opcode : 'add' 'sub'> <InPorts = 2> <OutPorts = 1>
ST_2 : Operation 132 [1/1] (1.65ns)   --->   "%add_ln703_49 = add i4 %sext_ln708_48, %sext_ln708_38" [firmware/nnet_utils/nnet_dense_resource.h:59]   --->   Operation 132 'add' 'add_ln703_49' <Predicate = true> <Delay = 1.65> <Core = "AddSub">   --->   Core 14 'AddSub' <Latency = 0> <II = 1> <Delay = 1.65> <FuncUnit> <Opcode : 'add' 'sub'> <InPorts = 2> <OutPorts = 1>
ST_2 : Operation 133 [1/1] (0.00ns) (grouped into TernaryAdder)   --->   "%add_ln703_51 = add i4 %sext_ln708_49, %sext_ln708_50" [firmware/nnet_utils/nnet_dense_resource.h:59]   --->   Operation 133 'add' 'add_ln703_51' <Predicate = true> <Delay = 0.00> <Core = "TAddSub">   --->   Core 83 'TAddSub' <Latency = 0> <II = 1> <Delay = 1.65> <IPBlock> <Opcode : 'add' 'sub'> <InPorts = 3> <OutPorts = 1> <Sync> <CReg>
ST_2 : Operation 134 [1/1] (3.31ns) (root node of TernaryAdder)   --->   "%add_ln703_53 = add i4 %add_ln703_52, %add_ln703_51" [firmware/nnet_utils/nnet_dense_resource.h:59]   --->   Operation 134 'add' 'add_ln703_53' <Predicate = true> <Delay = 3.31> <Core = "TAddSub">   --->   Core 83 'TAddSub' <Latency = 0> <II = 1> <Delay = 1.65> <IPBlock> <Opcode : 'add' 'sub'> <InPorts = 3> <OutPorts = 1> <Sync> <CReg>
ST_2 : Operation 135 [1/1] (1.73ns)   --->   "%sub_ln1118_53 = sub i5 0, %sext_ln1118_34" [firmware/nnet_utils/nnet_mult.h:73->firmware/nnet_utils/nnet_dense_resource.h:59]   --->   Operation 135 'sub' 'sub_ln1118_53' <Predicate = true> <Delay = 1.73> <Core = "AddSub">   --->   Core 14 'AddSub' <Latency = 0> <II = 1> <Delay = 1.65> <FuncUnit> <Opcode : 'add' 'sub'> <InPorts = 2> <OutPorts = 1>
ST_2 : Operation 136 [1/1] (0.00ns)   --->   "%trunc_ln708_51 = call i3 @_ssdm_op_PartSelect.i3.i5.i32.i32(i5 %sub_ln1118_53, i32 2, i32 4)" [firmware/nnet_utils/nnet_dense_resource.h:59]   --->   Operation 136 'partselect' 'trunc_ln708_51' <Predicate = true> <Delay = 0.00>
ST_2 : Operation 137 [1/1] (1.73ns)   --->   "%sub_ln1118_54 = sub i5 0, %sext_ln1118_38" [firmware/nnet_utils/nnet_mult.h:73->firmware/nnet_utils/nnet_dense_resource.h:59]   --->   Operation 137 'sub' 'sub_ln1118_54' <Predicate = true> <Delay = 1.73> <Core = "AddSub">   --->   Core 14 'AddSub' <Latency = 0> <II = 1> <Delay = 1.65> <FuncUnit> <Opcode : 'add' 'sub'> <InPorts = 2> <OutPorts = 1>
ST_2 : Operation 138 [1/1] (0.00ns)   --->   "%trunc_ln708_52 = call i3 @_ssdm_op_PartSelect.i3.i5.i32.i32(i5 %sub_ln1118_54, i32 2, i32 4)" [firmware/nnet_utils/nnet_dense_resource.h:59]   --->   Operation 138 'partselect' 'trunc_ln708_52' <Predicate = true> <Delay = 0.00>
ST_2 : Operation 139 [1/1] (0.00ns)   --->   "%sext_ln708_53 = sext i3 %trunc_ln708_53 to i4" [firmware/nnet_utils/nnet_dense_resource.h:59]   --->   Operation 139 'sext' 'sext_ln708_53' <Predicate = true> <Delay = 0.00>
ST_2 : Operation 140 [1/1] (1.73ns)   --->   "%add_ln703_61 = add i4 %add_ln703_52, %sext_ln708_38" [firmware/nnet_utils/nnet_dense_resource.h:59]   --->   Operation 140 'add' 'add_ln703_61' <Predicate = true> <Delay = 1.73> <Core = "AddSub">   --->   Core 14 'AddSub' <Latency = 0> <II = 1> <Delay = 1.65> <FuncUnit> <Opcode : 'add' 'sub'> <InPorts = 2> <OutPorts = 1>
ST_2 : Operation 141 [1/1] (1.73ns)   --->   "%sub_ln1118_56 = sub i5 0, %sext_ln1118_31" [firmware/nnet_utils/nnet_mult.h:73->firmware/nnet_utils/nnet_dense_resource.h:59]   --->   Operation 141 'sub' 'sub_ln1118_56' <Predicate = true> <Delay = 1.73> <Core = "AddSub">   --->   Core 14 'AddSub' <Latency = 0> <II = 1> <Delay = 1.65> <FuncUnit> <Opcode : 'add' 'sub'> <InPorts = 2> <OutPorts = 1>
ST_2 : Operation 142 [1/1] (0.00ns)   --->   "%trunc_ln708_54 = call i3 @_ssdm_op_PartSelect.i3.i5.i32.i32(i5 %sub_ln1118_56, i32 2, i32 4)" [firmware/nnet_utils/nnet_dense_resource.h:59]   --->   Operation 142 'partselect' 'trunc_ln708_54' <Predicate = true> <Delay = 0.00>
ST_2 : Operation 143 [1/1] (0.00ns)   --->   "%sext_ln708_54 = sext i3 %trunc_ln708_54 to i4" [firmware/nnet_utils/nnet_dense_resource.h:59]   --->   Operation 143 'sext' 'sext_ln708_54' <Predicate = true> <Delay = 0.00>
ST_2 : Operation 144 [1/1] (1.65ns)   --->   "%add_ln703_64 = add i4 %sext_ln708_54, %sext_ln708_42" [firmware/nnet_utils/nnet_dense_resource.h:59]   --->   Operation 144 'add' 'add_ln703_64' <Predicate = true> <Delay = 1.65> <Core = "AddSub">   --->   Core 14 'AddSub' <Latency = 0> <II = 1> <Delay = 1.65> <FuncUnit> <Opcode : 'add' 'sub'> <InPorts = 2> <OutPorts = 1>
ST_2 : Operation 145 [1/1] (1.65ns)   --->   "%add_ln703_74 = add i4 %sext_ln708_33, %sext_ln708_35" [firmware/nnet_utils/nnet_dense_resource.h:59]   --->   Operation 145 'add' 'add_ln703_74' <Predicate = true> <Delay = 1.65> <Core = "AddSub">   --->   Core 14 'AddSub' <Latency = 0> <II = 1> <Delay = 1.65> <FuncUnit> <Opcode : 'add' 'sub'> <InPorts = 2> <OutPorts = 1>
ST_2 : Operation 146 [1/1] (1.65ns)   --->   "%add_ln703_77 = add i4 %sext_ln708_37, %sext_ln708_48" [firmware/nnet_utils/nnet_dense_resource.h:59]   --->   Operation 146 'add' 'add_ln703_77' <Predicate = true> <Delay = 1.65> <Core = "AddSub">   --->   Core 14 'AddSub' <Latency = 0> <II = 1> <Delay = 1.65> <FuncUnit> <Opcode : 'add' 'sub'> <InPorts = 2> <OutPorts = 1>
ST_2 : Operation 147 [1/1] (0.00ns) (grouped into TernaryAdder)   --->   "%add_ln703_79 = add i4 %sext_ln708_49, %sext_ln708_39" [firmware/nnet_utils/nnet_dense_resource.h:59]   --->   Operation 147 'add' 'add_ln703_79' <Predicate = true> <Delay = 0.00> <Core = "TAddSub">   --->   Core 83 'TAddSub' <Latency = 0> <II = 1> <Delay = 1.65> <IPBlock> <Opcode : 'add' 'sub'> <InPorts = 3> <OutPorts = 1> <Sync> <CReg>
ST_2 : Operation 148 [1/1] (3.31ns) (root node of TernaryAdder)   --->   "%add_ln703_80 = add i4 %add_ln703_79, %sext_ln708_38" [firmware/nnet_utils/nnet_dense_resource.h:59]   --->   Operation 148 'add' 'add_ln703_80' <Predicate = true> <Delay = 3.31> <Core = "TAddSub">   --->   Core 83 'TAddSub' <Latency = 0> <II = 1> <Delay = 1.65> <IPBlock> <Opcode : 'add' 'sub'> <InPorts = 3> <OutPorts = 1> <Sync> <CReg>
ST_2 : Operation 149 [1/1] (0.00ns) (grouped into TernaryAdder)   --->   "%add_ln703_89 = add i4 %sext_ln708_53, %sext_ln708_38" [firmware/nnet_utils/nnet_dense_resource.h:59]   --->   Operation 149 'add' 'add_ln703_89' <Predicate = true> <Delay = 0.00> <Core = "TAddSub">   --->   Core 83 'TAddSub' <Latency = 0> <II = 1> <Delay = 1.65> <IPBlock> <Opcode : 'add' 'sub'> <InPorts = 3> <OutPorts = 1> <Sync> <CReg>
ST_2 : Operation 150 [1/1] (3.31ns) (root node of TernaryAdder)   --->   "%add_ln703_90 = add i4 %add_ln703_69, %add_ln703_89" [firmware/nnet_utils/nnet_dense_resource.h:59]   --->   Operation 150 'add' 'add_ln703_90' <Predicate = true> <Delay = 3.31> <Core = "TAddSub">   --->   Core 83 'TAddSub' <Latency = 0> <II = 1> <Delay = 1.65> <IPBlock> <Opcode : 'add' 'sub'> <InPorts = 3> <OutPorts = 1> <Sync> <CReg>
ST_2 : Operation 151 [1/1] (0.00ns) (grouped into TernaryAdder)   --->   "%add_ln703_99 = add i4 %sext_ln708_50, %sext_ln708_41" [firmware/nnet_utils/nnet_dense_resource.h:59]   --->   Operation 151 'add' 'add_ln703_99' <Predicate = true> <Delay = 0.00> <Core = "TAddSub">   --->   Core 83 'TAddSub' <Latency = 0> <II = 1> <Delay = 1.65> <IPBlock> <Opcode : 'add' 'sub'> <InPorts = 3> <OutPorts = 1> <Sync> <CReg>
ST_2 : Operation 152 [1/1] (3.31ns) (root node of TernaryAdder)   --->   "%add_ln703_100 = add i4 %add_ln703_99, %sext_ln708_49" [firmware/nnet_utils/nnet_dense_resource.h:59]   --->   Operation 152 'add' 'add_ln703_100' <Predicate = true> <Delay = 3.31> <Core = "TAddSub">   --->   Core 83 'TAddSub' <Latency = 0> <II = 1> <Delay = 1.65> <IPBlock> <Opcode : 'add' 'sub'> <InPorts = 3> <OutPorts = 1> <Sync> <CReg>
ST_2 : Operation 153 [1/1] (0.00ns) (grouped into TernaryAdder)   --->   "%add_ln703_109 = add i4 %sext_ln708_37, %sext_ln708_49" [firmware/nnet_utils/nnet_dense_resource.h:59]   --->   Operation 153 'add' 'add_ln703_109' <Predicate = true> <Delay = 0.00> <Core = "TAddSub">   --->   Core 83 'TAddSub' <Latency = 0> <II = 1> <Delay = 1.65> <IPBlock> <Opcode : 'add' 'sub'> <InPorts = 3> <OutPorts = 1> <Sync> <CReg>
ST_2 : Operation 154 [1/1] (3.31ns) (root node of TernaryAdder)   --->   "%add_ln703_110 = add i4 %add_ln703_38, %add_ln703_109" [firmware/nnet_utils/nnet_dense_resource.h:59]   --->   Operation 154 'add' 'add_ln703_110' <Predicate = true> <Delay = 3.31> <Core = "TAddSub">   --->   Core 83 'TAddSub' <Latency = 0> <II = 1> <Delay = 1.65> <IPBlock> <Opcode : 'add' 'sub'> <InPorts = 3> <OutPorts = 1> <Sync> <CReg>

State 3 <SV = 2> <Delay = 3.38>
ST_3 : Operation 155 [1/1] (0.00ns)   --->   "%sext_ln708 = sext i3 %trunc_ln to i4" [firmware/nnet_utils/nnet_dense_resource.h:59]   --->   Operation 155 'sext' 'sext_ln708' <Predicate = true> <Delay = 0.00>
ST_3 : Operation 156 [1/1] (0.00ns)   --->   "%sext_ln708_29 = sext i3 %trunc_ln708_s to i4" [firmware/nnet_utils/nnet_dense_resource.h:59]   --->   Operation 156 'sext' 'sext_ln708_29' <Predicate = true> <Delay = 0.00>
ST_3 : Operation 157 [1/1] (0.00ns)   --->   "%sext_ln708_30 = sext i3 %trunc_ln708_30 to i4" [firmware/nnet_utils/nnet_dense_resource.h:59]   --->   Operation 157 'sext' 'sext_ln708_30' <Predicate = true> <Delay = 0.00>
ST_3 : Operation 158 [1/1] (0.00ns)   --->   "%sext_ln708_31 = sext i3 %trunc_ln708_31 to i4" [firmware/nnet_utils/nnet_dense_resource.h:59]   --->   Operation 158 'sext' 'sext_ln708_31' <Predicate = true> <Delay = 0.00>
ST_3 : Operation 159 [1/1] (0.00ns) (grouped into TernaryAdder)   --->   "%add_ln703 = add i4 %sext_ln708, %sext_ln708_30" [firmware/nnet_utils/nnet_dense_resource.h:59]   --->   Operation 159 'add' 'add_ln703' <Predicate = true> <Delay = 0.00> <Core = "TAddSub">   --->   Core 83 'TAddSub' <Latency = 0> <II = 1> <Delay = 1.65> <IPBlock> <Opcode : 'add' 'sub'> <InPorts = 3> <OutPorts = 1> <Sync> <CReg>
ST_3 : Operation 160 [1/1] (3.31ns) (root node of TernaryAdder)   --->   "%add_ln703_30 = add i4 %add_ln703, %sext_ln708_29" [firmware/nnet_utils/nnet_dense_resource.h:59]   --->   Operation 160 'add' 'add_ln703_30' <Predicate = true> <Delay = 3.31> <Core = "TAddSub">   --->   Core 83 'TAddSub' <Latency = 0> <II = 1> <Delay = 1.65> <IPBlock> <Opcode : 'add' 'sub'> <InPorts = 3> <OutPorts = 1> <Sync> <CReg>
ST_3 : Operation 161 [1/1] (0.00ns) (grouped into TernaryAdder)   --->   "%add_ln703_31 = add i4 %sext_ln708_31, %sext_ln708_32" [firmware/nnet_utils/nnet_dense_resource.h:59]   --->   Operation 161 'add' 'add_ln703_31' <Predicate = true> <Delay = 0.00> <Core = "TAddSub">   --->   Core 83 'TAddSub' <Latency = 0> <II = 1> <Delay = 1.65> <IPBlock> <Opcode : 'add' 'sub'> <InPorts = 3> <OutPorts = 1> <Sync> <CReg>
ST_3 : Operation 162 [1/1] (3.31ns) (root node of TernaryAdder)   --->   "%add_ln703_33 = add i4 %add_ln703_32, %add_ln703_31" [firmware/nnet_utils/nnet_dense_resource.h:59]   --->   Operation 162 'add' 'add_ln703_33' <Predicate = true> <Delay = 3.31> <Core = "TAddSub">   --->   Core 83 'TAddSub' <Latency = 0> <II = 1> <Delay = 1.65> <IPBlock> <Opcode : 'add' 'sub'> <InPorts = 3> <OutPorts = 1> <Sync> <CReg>
ST_3 : Operation 163 [1/1] (0.00ns) (grouped into TernaryAdder)   --->   "%add_ln703_36 = add i4 %add_ln703_35, %sext_ln708_35" [firmware/nnet_utils/nnet_dense_resource.h:59]   --->   Operation 163 'add' 'add_ln703_36' <Predicate = true> <Delay = 0.00> <Core = "TAddSub">   --->   Core 83 'TAddSub' <Latency = 0> <II = 1> <Delay = 1.65> <IPBlock> <Opcode : 'add' 'sub'> <InPorts = 3> <OutPorts = 1> <Sync> <CReg>
ST_3 : Operation 164 [1/1] (3.31ns) (root node of TernaryAdder)   --->   "%add_ln703_40 = add i4 %add_ln703_39, %add_ln703_36" [firmware/nnet_utils/nnet_dense_resource.h:59]   --->   Operation 164 'add' 'add_ln703_40' <Predicate = true> <Delay = 3.31> <Core = "TAddSub">   --->   Core 83 'TAddSub' <Latency = 0> <II = 1> <Delay = 1.65> <IPBlock> <Opcode : 'add' 'sub'> <InPorts = 3> <OutPorts = 1> <Sync> <CReg>
ST_3 : Operation 165 [1/1] (0.00ns)   --->   "%sext_ln708_43 = sext i3 %trunc_ln708_43 to i4" [firmware/nnet_utils/nnet_dense_resource.h:59]   --->   Operation 165 'sext' 'sext_ln708_43' <Predicate = true> <Delay = 0.00>
ST_3 : Operation 166 [1/1] (0.00ns)   --->   "%sext_ln708_44 = sext i3 %trunc_ln708_44 to i4" [firmware/nnet_utils/nnet_dense_resource.h:59]   --->   Operation 166 'sext' 'sext_ln708_44' <Predicate = true> <Delay = 0.00>
ST_3 : Operation 167 [1/1] (0.00ns)   --->   "%sext_ln708_45 = sext i3 %trunc_ln708_45 to i4" [firmware/nnet_utils/nnet_dense_resource.h:59]   --->   Operation 167 'sext' 'sext_ln708_45' <Predicate = true> <Delay = 0.00>
ST_3 : Operation 168 [1/1] (0.00ns) (grouped into TernaryAdder)   --->   "%add_ln703_42 = add i4 %sext_ln708_42, %sext_ln708_44" [firmware/nnet_utils/nnet_dense_resource.h:59]   --->   Operation 168 'add' 'add_ln703_42' <Predicate = true> <Delay = 0.00> <Core = "TAddSub">   --->   Core 83 'TAddSub' <Latency = 0> <II = 1> <Delay = 1.65> <IPBlock> <Opcode : 'add' 'sub'> <InPorts = 3> <OutPorts = 1> <Sync> <CReg>
ST_3 : Operation 169 [1/1] (3.31ns) (root node of TernaryAdder)   --->   "%add_ln703_43 = add i4 %add_ln703_42, %sext_ln708_43" [firmware/nnet_utils/nnet_dense_resource.h:59]   --->   Operation 169 'add' 'add_ln703_43' <Predicate = true> <Delay = 3.31> <Core = "TAddSub">   --->   Core 83 'TAddSub' <Latency = 0> <II = 1> <Delay = 1.65> <IPBlock> <Opcode : 'add' 'sub'> <InPorts = 3> <OutPorts = 1> <Sync> <CReg>
ST_3 : Operation 170 [1/1] (0.00ns) (grouped into TernaryAdder)   --->   "%add_ln703_44 = add i4 %sext_ln708_45, %sext_ln708_29" [firmware/nnet_utils/nnet_dense_resource.h:59]   --->   Operation 170 'add' 'add_ln703_44' <Predicate = true> <Delay = 0.00> <Core = "TAddSub">   --->   Core 83 'TAddSub' <Latency = 0> <II = 1> <Delay = 1.65> <IPBlock> <Opcode : 'add' 'sub'> <InPorts = 3> <OutPorts = 1> <Sync> <CReg>
ST_3 : Operation 171 [1/1] (3.31ns) (root node of TernaryAdder)   --->   "%add_ln703_46 = add i4 %add_ln703_45, %add_ln703_44" [firmware/nnet_utils/nnet_dense_resource.h:59]   --->   Operation 171 'add' 'add_ln703_46' <Predicate = true> <Delay = 3.31> <Core = "TAddSub">   --->   Core 83 'TAddSub' <Latency = 0> <II = 1> <Delay = 1.65> <IPBlock> <Opcode : 'add' 'sub'> <InPorts = 3> <OutPorts = 1> <Sync> <CReg>
ST_3 : Operation 172 [1/1] (0.00ns) (grouped into TernaryAdder)   --->   "%add_ln703_50 = add i4 %add_ln703_49, %add_ln703_48" [firmware/nnet_utils/nnet_dense_resource.h:59]   --->   Operation 172 'add' 'add_ln703_50' <Predicate = true> <Delay = 0.00> <Core = "TAddSub">   --->   Core 83 'TAddSub' <Latency = 0> <II = 1> <Delay = 1.65> <IPBlock> <Opcode : 'add' 'sub'> <InPorts = 3> <OutPorts = 1> <Sync> <CReg>
ST_3 : Operation 173 [1/1] (3.31ns) (root node of TernaryAdder)   --->   "%add_ln703_54 = add i4 %add_ln703_53, %add_ln703_50" [firmware/nnet_utils/nnet_dense_resource.h:59]   --->   Operation 173 'add' 'add_ln703_54' <Predicate = true> <Delay = 3.31> <Core = "TAddSub">   --->   Core 83 'TAddSub' <Latency = 0> <II = 1> <Delay = 1.65> <IPBlock> <Opcode : 'add' 'sub'> <InPorts = 3> <OutPorts = 1> <Sync> <CReg>
ST_3 : Operation 174 [1/1] (0.00ns)   --->   "%sext_ln708_51 = sext i3 %trunc_ln708_51 to i4" [firmware/nnet_utils/nnet_dense_resource.h:59]   --->   Operation 174 'sext' 'sext_ln708_51' <Predicate = true> <Delay = 0.00>
ST_3 : Operation 175 [1/1] (1.65ns)   --->   "%add_ln703_56 = add i4 %sext_ln708_44, %sext_ln708_51" [firmware/nnet_utils/nnet_dense_resource.h:59]   --->   Operation 175 'add' 'add_ln703_56' <Predicate = true> <Delay = 1.65> <Core = "AddSub">   --->   Core 14 'AddSub' <Latency = 0> <II = 1> <Delay = 1.65> <FuncUnit> <Opcode : 'add' 'sub'> <InPorts = 2> <OutPorts = 1>
ST_3 : Operation 176 [1/1] (0.00ns)   --->   "%sext_ln708_52 = sext i3 %trunc_ln708_52 to i4" [firmware/nnet_utils/nnet_dense_resource.h:59]   --->   Operation 176 'sext' 'sext_ln708_52' <Predicate = true> <Delay = 0.00>
ST_3 : Operation 177 [1/1] (1.73ns)   --->   "%add_ln703_57 = add i4 %sext_ln708_52, %add_ln703_56" [firmware/nnet_utils/nnet_dense_resource.h:59]   --->   Operation 177 'add' 'add_ln703_57' <Predicate = true> <Delay = 1.73> <Core = "AddSub">   --->   Core 14 'AddSub' <Latency = 0> <II = 1> <Delay = 1.65> <FuncUnit> <Opcode : 'add' 'sub'> <InPorts = 2> <OutPorts = 1>
ST_3 : Operation 178 [1/1] (1.73ns)   --->   "%add_ln703_58 = add i4 %add_ln703_32, %sext_ln708_30" [firmware/nnet_utils/nnet_dense_resource.h:59]   --->   Operation 178 'add' 'add_ln703_58' <Predicate = true> <Delay = 1.73> <Core = "AddSub">   --->   Core 14 'AddSub' <Latency = 0> <II = 1> <Delay = 1.65> <FuncUnit> <Opcode : 'add' 'sub'> <InPorts = 2> <OutPorts = 1>
ST_3 : Operation 179 [1/1] (0.00ns) (grouped into TernaryAdder)   --->   "%add_ln703_60 = add i4 %sext_ln708_53, %sext_ln708_37" [firmware/nnet_utils/nnet_dense_resource.h:59]   --->   Operation 179 'add' 'add_ln703_60' <Predicate = true> <Delay = 0.00> <Core = "TAddSub">   --->   Core 83 'TAddSub' <Latency = 0> <II = 1> <Delay = 1.65> <IPBlock> <Opcode : 'add' 'sub'> <InPorts = 3> <OutPorts = 1> <Sync> <CReg>
ST_3 : Operation 180 [1/1] (3.31ns) (root node of TernaryAdder)   --->   "%add_ln703_62 = add i4 %add_ln703_61, %add_ln703_60" [firmware/nnet_utils/nnet_dense_resource.h:59]   --->   Operation 180 'add' 'add_ln703_62' <Predicate = true> <Delay = 3.31> <Core = "TAddSub">   --->   Core 83 'TAddSub' <Latency = 0> <II = 1> <Delay = 1.65> <IPBlock> <Opcode : 'add' 'sub'> <InPorts = 3> <OutPorts = 1> <Sync> <CReg>
ST_3 : Operation 181 [1/1] (1.73ns)   --->   "%add_ln703_65 = add i4 %sext_ln708_51, %add_ln703_64" [firmware/nnet_utils/nnet_dense_resource.h:59]   --->   Operation 181 'add' 'add_ln703_65' <Predicate = true> <Delay = 1.73> <Core = "AddSub">   --->   Core 14 'AddSub' <Latency = 0> <II = 1> <Delay = 1.65> <FuncUnit> <Opcode : 'add' 'sub'> <InPorts = 2> <OutPorts = 1>
ST_3 : Operation 182 [1/1] (0.00ns) (grouped into TernaryAdder)   --->   "%add_ln703_66 = add i4 %sext_ln708_46, %sext_ln708_35" [firmware/nnet_utils/nnet_dense_resource.h:59]   --->   Operation 182 'add' 'add_ln703_66' <Predicate = true> <Delay = 0.00> <Core = "TAddSub">   --->   Core 83 'TAddSub' <Latency = 0> <II = 1> <Delay = 1.65> <IPBlock> <Opcode : 'add' 'sub'> <InPorts = 3> <OutPorts = 1> <Sync> <CReg>
ST_3 : Operation 183 [1/1] (3.31ns) (root node of TernaryAdder)   --->   "%add_ln703_67 = add i4 %add_ln703_66, %sext_ln708_29" [firmware/nnet_utils/nnet_dense_resource.h:59]   --->   Operation 183 'add' 'add_ln703_67' <Predicate = true> <Delay = 3.31> <Core = "TAddSub">   --->   Core 83 'TAddSub' <Latency = 0> <II = 1> <Delay = 1.65> <IPBlock> <Opcode : 'add' 'sub'> <InPorts = 3> <OutPorts = 1> <Sync> <CReg>
ST_3 : Operation 184 [1/1] (0.00ns) (grouped into TernaryAdder)   --->   "%add_ln703_70 = add i4 %add_ln703_69, %sext_ln708_48" [firmware/nnet_utils/nnet_dense_resource.h:59]   --->   Operation 184 'add' 'add_ln703_70' <Predicate = true> <Delay = 0.00> <Core = "TAddSub">   --->   Core 83 'TAddSub' <Latency = 0> <II = 1> <Delay = 1.65> <IPBlock> <Opcode : 'add' 'sub'> <InPorts = 3> <OutPorts = 1> <Sync> <CReg>
ST_3 : Operation 185 [1/1] (3.31ns) (root node of TernaryAdder)   --->   "%add_ln703_71 = add i4 %add_ln703_70, %add_ln703_48" [firmware/nnet_utils/nnet_dense_resource.h:59]   --->   Operation 185 'add' 'add_ln703_71' <Predicate = true> <Delay = 3.31> <Core = "TAddSub">   --->   Core 83 'TAddSub' <Latency = 0> <II = 1> <Delay = 1.65> <IPBlock> <Opcode : 'add' 'sub'> <InPorts = 3> <OutPorts = 1> <Sync> <CReg>
ST_3 : Operation 186 [1/1] (1.73ns)   --->   "%add_ln703_73 = add i4 %sext_ln708_45, %add_ln703_56" [firmware/nnet_utils/nnet_dense_resource.h:59]   --->   Operation 186 'add' 'add_ln703_73' <Predicate = true> <Delay = 1.73> <Core = "AddSub">   --->   Core 14 'AddSub' <Latency = 0> <II = 1> <Delay = 1.65> <FuncUnit> <Opcode : 'add' 'sub'> <InPorts = 2> <OutPorts = 1>
ST_3 : Operation 187 [1/1] (1.73ns)   --->   "%add_ln703_75 = add i4 %add_ln703_74, %sext_ln708_29" [firmware/nnet_utils/nnet_dense_resource.h:59]   --->   Operation 187 'add' 'add_ln703_75' <Predicate = true> <Delay = 1.73> <Core = "AddSub">   --->   Core 14 'AddSub' <Latency = 0> <II = 1> <Delay = 1.65> <FuncUnit> <Opcode : 'add' 'sub'> <InPorts = 2> <OutPorts = 1>
ST_3 : Operation 188 [1/1] (0.00ns) (grouped into TernaryAdder)   --->   "%add_ln703_78 = add i4 %add_ln703_77, %sext_ln708_47" [firmware/nnet_utils/nnet_dense_resource.h:59]   --->   Operation 188 'add' 'add_ln703_78' <Predicate = true> <Delay = 0.00> <Core = "TAddSub">   --->   Core 83 'TAddSub' <Latency = 0> <II = 1> <Delay = 1.65> <IPBlock> <Opcode : 'add' 'sub'> <InPorts = 3> <OutPorts = 1> <Sync> <CReg>
ST_3 : Operation 189 [1/1] (3.31ns) (root node of TernaryAdder)   --->   "%add_ln703_81 = add i4 %add_ln703_80, %add_ln703_78" [firmware/nnet_utils/nnet_dense_resource.h:59]   --->   Operation 189 'add' 'add_ln703_81' <Predicate = true> <Delay = 3.31> <Core = "TAddSub">   --->   Core 83 'TAddSub' <Latency = 0> <II = 1> <Delay = 1.65> <IPBlock> <Opcode : 'add' 'sub'> <InPorts = 3> <OutPorts = 1> <Sync> <CReg>
ST_3 : Operation 190 [1/1] (0.00ns) (grouped into TernaryAdder)   --->   "%add_ln703_83 = add i4 %add_ln703_64, %sext_ln708_44" [firmware/nnet_utils/nnet_dense_resource.h:59]   --->   Operation 190 'add' 'add_ln703_83' <Predicate = true> <Delay = 0.00> <Core = "TAddSub">   --->   Core 83 'TAddSub' <Latency = 0> <II = 1> <Delay = 1.65> <IPBlock> <Opcode : 'add' 'sub'> <InPorts = 3> <OutPorts = 1> <Sync> <CReg>
ST_3 : Operation 191 [1/1] (3.31ns) (root node of TernaryAdder)   --->   "%add_ln703_84 = add i4 %add_ln703_83, %sext_ln708" [firmware/nnet_utils/nnet_dense_resource.h:59]   --->   Operation 191 'add' 'add_ln703_84' <Predicate = true> <Delay = 3.31> <Core = "TAddSub">   --->   Core 83 'TAddSub' <Latency = 0> <II = 1> <Delay = 1.65> <IPBlock> <Opcode : 'add' 'sub'> <InPorts = 3> <OutPorts = 1> <Sync> <CReg>
ST_3 : Operation 192 [1/1] (0.00ns) (grouped into TernaryAdder)   --->   "%add_ln703_85 = add i4 %sext_ln708_52, %sext_ln708_31" [firmware/nnet_utils/nnet_dense_resource.h:59]   --->   Operation 192 'add' 'add_ln703_85' <Predicate = true> <Delay = 0.00> <Core = "TAddSub">   --->   Core 83 'TAddSub' <Latency = 0> <II = 1> <Delay = 1.65> <IPBlock> <Opcode : 'add' 'sub'> <InPorts = 3> <OutPorts = 1> <Sync> <CReg>
ST_3 : Operation 193 [1/1] (3.31ns) (root node of TernaryAdder)   --->   "%add_ln703_86 = add i4 %add_ln703_85, %sext_ln708_45" [firmware/nnet_utils/nnet_dense_resource.h:59]   --->   Operation 193 'add' 'add_ln703_86' <Predicate = true> <Delay = 3.31> <Core = "TAddSub">   --->   Core 83 'TAddSub' <Latency = 0> <II = 1> <Delay = 1.65> <IPBlock> <Opcode : 'add' 'sub'> <InPorts = 3> <OutPorts = 1> <Sync> <CReg>
ST_3 : Operation 194 [1/1] (0.00ns) (grouped into TernaryAdder)   --->   "%add_ln703_88 = add i4 %add_ln703_74, %sext_ln708_32" [firmware/nnet_utils/nnet_dense_resource.h:59]   --->   Operation 194 'add' 'add_ln703_88' <Predicate = true> <Delay = 0.00> <Core = "TAddSub">   --->   Core 83 'TAddSub' <Latency = 0> <II = 1> <Delay = 1.65> <IPBlock> <Opcode : 'add' 'sub'> <InPorts = 3> <OutPorts = 1> <Sync> <CReg>
ST_3 : Operation 195 [1/1] (3.31ns) (root node of TernaryAdder)   --->   "%add_ln703_91 = add i4 %add_ln703_90, %add_ln703_88" [firmware/nnet_utils/nnet_dense_resource.h:59]   --->   Operation 195 'add' 'add_ln703_91' <Predicate = true> <Delay = 3.31> <Core = "TAddSub">   --->   Core 83 'TAddSub' <Latency = 0> <II = 1> <Delay = 1.65> <IPBlock> <Opcode : 'add' 'sub'> <InPorts = 3> <OutPorts = 1> <Sync> <CReg>
ST_3 : Operation 196 [1/1] (0.00ns) (grouped into TernaryAdder)   --->   "%add_ln703_93 = add i4 %sext_ln708_44, %sext_ln708_30" [firmware/nnet_utils/nnet_dense_resource.h:59]   --->   Operation 196 'add' 'add_ln703_93' <Predicate = true> <Delay = 0.00> <Core = "TAddSub">   --->   Core 83 'TAddSub' <Latency = 0> <II = 1> <Delay = 1.65> <IPBlock> <Opcode : 'add' 'sub'> <InPorts = 3> <OutPorts = 1> <Sync> <CReg>
ST_3 : Operation 197 [1/1] (3.31ns) (root node of TernaryAdder)   --->   "%add_ln703_94 = add i4 %add_ln703_93, %sext_ln708_52" [firmware/nnet_utils/nnet_dense_resource.h:59]   --->   Operation 197 'add' 'add_ln703_94' <Predicate = true> <Delay = 3.31> <Core = "TAddSub">   --->   Core 83 'TAddSub' <Latency = 0> <II = 1> <Delay = 1.65> <IPBlock> <Opcode : 'add' 'sub'> <InPorts = 3> <OutPorts = 1> <Sync> <CReg>
ST_3 : Operation 198 [1/1] (0.00ns) (grouped into TernaryAdder)   --->   "%add_ln703_95 = add i4 %sext_ln708_33, %sext_ln708_53" [firmware/nnet_utils/nnet_dense_resource.h:59]   --->   Operation 198 'add' 'add_ln703_95' <Predicate = true> <Delay = 0.00> <Core = "TAddSub">   --->   Core 83 'TAddSub' <Latency = 0> <II = 1> <Delay = 1.65> <IPBlock> <Opcode : 'add' 'sub'> <InPorts = 3> <OutPorts = 1> <Sync> <CReg>
ST_3 : Operation 199 [1/1] (3.31ns) (root node of TernaryAdder)   --->   "%add_ln703_96 = add i4 %add_ln703_95, %sext_ln708_32" [firmware/nnet_utils/nnet_dense_resource.h:59]   --->   Operation 199 'add' 'add_ln703_96' <Predicate = true> <Delay = 3.31> <Core = "TAddSub">   --->   Core 83 'TAddSub' <Latency = 0> <II = 1> <Delay = 1.65> <IPBlock> <Opcode : 'add' 'sub'> <InPorts = 3> <OutPorts = 1> <Sync> <CReg>
ST_3 : Operation 200 [1/1] (0.00ns) (grouped into TernaryAdder)   --->   "%add_ln703_98 = add i4 %add_ln703_49, %sext_ln708_36" [firmware/nnet_utils/nnet_dense_resource.h:59]   --->   Operation 200 'add' 'add_ln703_98' <Predicate = true> <Delay = 0.00> <Core = "TAddSub">   --->   Core 83 'TAddSub' <Latency = 0> <II = 1> <Delay = 1.65> <IPBlock> <Opcode : 'add' 'sub'> <InPorts = 3> <OutPorts = 1> <Sync> <CReg>
ST_3 : Operation 201 [1/1] (3.31ns) (root node of TernaryAdder)   --->   "%add_ln703_101 = add i4 %add_ln703_100, %add_ln703_98" [firmware/nnet_utils/nnet_dense_resource.h:59]   --->   Operation 201 'add' 'add_ln703_101' <Predicate = true> <Delay = 3.31> <Core = "TAddSub">   --->   Core 83 'TAddSub' <Latency = 0> <II = 1> <Delay = 1.65> <IPBlock> <Opcode : 'add' 'sub'> <InPorts = 3> <OutPorts = 1> <Sync> <CReg>
ST_3 : Operation 202 [1/1] (0.00ns) (grouped into TernaryAdder)   --->   "%add_ln703_103 = add i4 %sext_ln708_54, %sext_ln708_29" [firmware/nnet_utils/nnet_dense_resource.h:59]   --->   Operation 202 'add' 'add_ln703_103' <Predicate = true> <Delay = 0.00> <Core = "TAddSub">   --->   Core 83 'TAddSub' <Latency = 0> <II = 1> <Delay = 1.65> <IPBlock> <Opcode : 'add' 'sub'> <InPorts = 3> <OutPorts = 1> <Sync> <CReg>
ST_3 : Operation 203 [1/1] (3.31ns) (root node of TernaryAdder)   --->   "%add_ln703_104 = add i4 %add_ln703_103, %sext_ln708_43" [firmware/nnet_utils/nnet_dense_resource.h:59]   --->   Operation 203 'add' 'add_ln703_104' <Predicate = true> <Delay = 3.31> <Core = "TAddSub">   --->   Core 83 'TAddSub' <Latency = 0> <II = 1> <Delay = 1.65> <IPBlock> <Opcode : 'add' 'sub'> <InPorts = 3> <OutPorts = 1> <Sync> <CReg>
ST_3 : Operation 204 [1/1] (0.00ns) (grouped into TernaryAdder)   --->   "%add_ln703_105 = add i4 %sext_ln708_31, %sext_ln708_33" [firmware/nnet_utils/nnet_dense_resource.h:59]   --->   Operation 204 'add' 'add_ln703_105' <Predicate = true> <Delay = 0.00> <Core = "TAddSub">   --->   Core 83 'TAddSub' <Latency = 0> <II = 1> <Delay = 1.65> <IPBlock> <Opcode : 'add' 'sub'> <InPorts = 3> <OutPorts = 1> <Sync> <CReg>
ST_3 : Operation 205 [1/1] (3.31ns) (root node of TernaryAdder)   --->   "%add_ln703_106 = add i4 %add_ln703_105, %sext_ln708_30" [firmware/nnet_utils/nnet_dense_resource.h:59]   --->   Operation 205 'add' 'add_ln703_106' <Predicate = true> <Delay = 3.31> <Core = "TAddSub">   --->   Core 83 'TAddSub' <Latency = 0> <II = 1> <Delay = 1.65> <IPBlock> <Opcode : 'add' 'sub'> <InPorts = 3> <OutPorts = 1> <Sync> <CReg>
ST_3 : Operation 206 [1/1] (0.00ns) (grouped into TernaryAdder)   --->   "%add_ln703_108 = add i4 %add_ln703_48, %sext_ln708_35" [firmware/nnet_utils/nnet_dense_resource.h:59]   --->   Operation 206 'add' 'add_ln703_108' <Predicate = true> <Delay = 0.00> <Core = "TAddSub">   --->   Core 83 'TAddSub' <Latency = 0> <II = 1> <Delay = 1.65> <IPBlock> <Opcode : 'add' 'sub'> <InPorts = 3> <OutPorts = 1> <Sync> <CReg>
ST_3 : Operation 207 [1/1] (3.31ns) (root node of TernaryAdder)   --->   "%add_ln703_111 = add i4 %add_ln703_110, %add_ln703_108" [firmware/nnet_utils/nnet_dense_resource.h:59]   --->   Operation 207 'add' 'add_ln703_111' <Predicate = true> <Delay = 3.31> <Core = "TAddSub">   --->   Core 83 'TAddSub' <Latency = 0> <II = 1> <Delay = 1.65> <IPBlock> <Opcode : 'add' 'sub'> <InPorts = 3> <OutPorts = 1> <Sync> <CReg>

State 4 <SV = 3> <Delay = 3.31>
ST_4 : Operation 208 [1/1] (0.00ns) (grouped into TernaryAdder)   --->   "%add_ln703_34 = add i4 %add_ln703_33, %add_ln703_30" [firmware/nnet_utils/nnet_dense_resource.h:59]   --->   Operation 208 'add' 'add_ln703_34' <Predicate = true> <Delay = 0.00> <Core = "TAddSub">   --->   Core 83 'TAddSub' <Latency = 0> <II = 1> <Delay = 1.65> <IPBlock> <Opcode : 'add' 'sub'> <InPorts = 3> <OutPorts = 1> <Sync> <CReg>
ST_4 : Operation 209 [1/1] (3.31ns) (root node of TernaryAdder)   --->   "%acc_0_V = add i4 %add_ln703_40, %add_ln703_34" [firmware/nnet_utils/nnet_dense_resource.h:59]   --->   Operation 209 'add' 'acc_0_V' <Predicate = true> <Delay = 3.31> <Core = "TAddSub">   --->   Core 83 'TAddSub' <Latency = 0> <II = 1> <Delay = 1.65> <IPBlock> <Opcode : 'add' 'sub'> <InPorts = 3> <OutPorts = 1> <Sync> <CReg>
ST_4 : Operation 210 [1/1] (0.00ns) (grouped into TernaryAdder)   --->   "%add_ln703_47 = add i4 %add_ln703_46, %add_ln703_43" [firmware/nnet_utils/nnet_dense_resource.h:59]   --->   Operation 210 'add' 'add_ln703_47' <Predicate = true> <Delay = 0.00> <Core = "TAddSub">   --->   Core 83 'TAddSub' <Latency = 0> <II = 1> <Delay = 1.65> <IPBlock> <Opcode : 'add' 'sub'> <InPorts = 3> <OutPorts = 1> <Sync> <CReg>
ST_4 : Operation 211 [1/1] (3.31ns) (root node of TernaryAdder)   --->   "%acc_1_V = add i4 %add_ln703_54, %add_ln703_47" [firmware/nnet_utils/nnet_dense_resource.h:59]   --->   Operation 211 'add' 'acc_1_V' <Predicate = true> <Delay = 3.31> <Core = "TAddSub">   --->   Core 83 'TAddSub' <Latency = 0> <II = 1> <Delay = 1.65> <IPBlock> <Opcode : 'add' 'sub'> <InPorts = 3> <OutPorts = 1> <Sync> <CReg>
ST_4 : Operation 212 [1/1] (0.00ns) (grouped into TernaryAdder)   --->   "%add_ln703_59 = add i4 %add_ln703_58, %add_ln703_57" [firmware/nnet_utils/nnet_dense_resource.h:59]   --->   Operation 212 'add' 'add_ln703_59' <Predicate = true> <Delay = 0.00> <Core = "TAddSub">   --->   Core 83 'TAddSub' <Latency = 0> <II = 1> <Delay = 1.65> <IPBlock> <Opcode : 'add' 'sub'> <InPorts = 3> <OutPorts = 1> <Sync> <CReg>
ST_4 : Operation 213 [1/1] (3.31ns) (root node of TernaryAdder)   --->   "%acc_2_V = add i4 %add_ln703_62, %add_ln703_59" [firmware/nnet_utils/nnet_dense_resource.h:59]   --->   Operation 213 'add' 'acc_2_V' <Predicate = true> <Delay = 3.31> <Core = "TAddSub">   --->   Core 83 'TAddSub' <Latency = 0> <II = 1> <Delay = 1.65> <IPBlock> <Opcode : 'add' 'sub'> <InPorts = 3> <OutPorts = 1> <Sync> <CReg>
ST_4 : Operation 214 [1/1] (0.00ns) (grouped into TernaryAdder)   --->   "%add_ln703_68 = add i4 %add_ln703_67, %add_ln703_65" [firmware/nnet_utils/nnet_dense_resource.h:59]   --->   Operation 214 'add' 'add_ln703_68' <Predicate = true> <Delay = 0.00> <Core = "TAddSub">   --->   Core 83 'TAddSub' <Latency = 0> <II = 1> <Delay = 1.65> <IPBlock> <Opcode : 'add' 'sub'> <InPorts = 3> <OutPorts = 1> <Sync> <CReg>
ST_4 : Operation 215 [1/1] (3.31ns) (root node of TernaryAdder)   --->   "%acc_3_V = add i4 %add_ln703_71, %add_ln703_68" [firmware/nnet_utils/nnet_dense_resource.h:59]   --->   Operation 215 'add' 'acc_3_V' <Predicate = true> <Delay = 3.31> <Core = "TAddSub">   --->   Core 83 'TAddSub' <Latency = 0> <II = 1> <Delay = 1.65> <IPBlock> <Opcode : 'add' 'sub'> <InPorts = 3> <OutPorts = 1> <Sync> <CReg>
ST_4 : Operation 216 [1/1] (0.00ns) (grouped into TernaryAdder)   --->   "%add_ln703_76 = add i4 %add_ln703_75, %add_ln703_73" [firmware/nnet_utils/nnet_dense_resource.h:59]   --->   Operation 216 'add' 'add_ln703_76' <Predicate = true> <Delay = 0.00> <Core = "TAddSub">   --->   Core 83 'TAddSub' <Latency = 0> <II = 1> <Delay = 1.65> <IPBlock> <Opcode : 'add' 'sub'> <InPorts = 3> <OutPorts = 1> <Sync> <CReg>
ST_4 : Operation 217 [1/1] (3.31ns) (root node of TernaryAdder)   --->   "%acc_4_V = add i4 %add_ln703_81, %add_ln703_76" [firmware/nnet_utils/nnet_dense_resource.h:59]   --->   Operation 217 'add' 'acc_4_V' <Predicate = true> <Delay = 3.31> <Core = "TAddSub">   --->   Core 83 'TAddSub' <Latency = 0> <II = 1> <Delay = 1.65> <IPBlock> <Opcode : 'add' 'sub'> <InPorts = 3> <OutPorts = 1> <Sync> <CReg>
ST_4 : Operation 218 [1/1] (0.00ns) (grouped into TernaryAdder)   --->   "%add_ln703_87 = add i4 %add_ln703_86, %add_ln703_84" [firmware/nnet_utils/nnet_dense_resource.h:59]   --->   Operation 218 'add' 'add_ln703_87' <Predicate = true> <Delay = 0.00> <Core = "TAddSub">   --->   Core 83 'TAddSub' <Latency = 0> <II = 1> <Delay = 1.65> <IPBlock> <Opcode : 'add' 'sub'> <InPorts = 3> <OutPorts = 1> <Sync> <CReg>
ST_4 : Operation 219 [1/1] (3.31ns) (root node of TernaryAdder)   --->   "%acc_5_V = add i4 %add_ln703_91, %add_ln703_87" [firmware/nnet_utils/nnet_dense_resource.h:59]   --->   Operation 219 'add' 'acc_5_V' <Predicate = true> <Delay = 3.31> <Core = "TAddSub">   --->   Core 83 'TAddSub' <Latency = 0> <II = 1> <Delay = 1.65> <IPBlock> <Opcode : 'add' 'sub'> <InPorts = 3> <OutPorts = 1> <Sync> <CReg>
ST_4 : Operation 220 [1/1] (0.00ns) (grouped into TernaryAdder)   --->   "%add_ln703_97 = add i4 %add_ln703_96, %add_ln703_94" [firmware/nnet_utils/nnet_dense_resource.h:59]   --->   Operation 220 'add' 'add_ln703_97' <Predicate = true> <Delay = 0.00> <Core = "TAddSub">   --->   Core 83 'TAddSub' <Latency = 0> <II = 1> <Delay = 1.65> <IPBlock> <Opcode : 'add' 'sub'> <InPorts = 3> <OutPorts = 1> <Sync> <CReg>
ST_4 : Operation 221 [1/1] (3.31ns) (root node of TernaryAdder)   --->   "%acc_6_V = add i4 %add_ln703_101, %add_ln703_97" [firmware/nnet_utils/nnet_dense_resource.h:59]   --->   Operation 221 'add' 'acc_6_V' <Predicate = true> <Delay = 3.31> <Core = "TAddSub">   --->   Core 83 'TAddSub' <Latency = 0> <II = 1> <Delay = 1.65> <IPBlock> <Opcode : 'add' 'sub'> <InPorts = 3> <OutPorts = 1> <Sync> <CReg>
ST_4 : Operation 222 [1/1] (0.00ns) (grouped into TernaryAdder)   --->   "%add_ln703_107 = add i4 %add_ln703_106, %add_ln703_104" [firmware/nnet_utils/nnet_dense_resource.h:59]   --->   Operation 222 'add' 'add_ln703_107' <Predicate = true> <Delay = 0.00> <Core = "TAddSub">   --->   Core 83 'TAddSub' <Latency = 0> <II = 1> <Delay = 1.65> <IPBlock> <Opcode : 'add' 'sub'> <InPorts = 3> <OutPorts = 1> <Sync> <CReg>
ST_4 : Operation 223 [1/1] (3.31ns) (root node of TernaryAdder)   --->   "%acc_7_V = add i4 %add_ln703_111, %add_ln703_107" [firmware/nnet_utils/nnet_dense_resource.h:59]   --->   Operation 223 'add' 'acc_7_V' <Predicate = true> <Delay = 3.31> <Core = "TAddSub">   --->   Core 83 'TAddSub' <Latency = 0> <II = 1> <Delay = 1.65> <IPBlock> <Opcode : 'add' 'sub'> <InPorts = 3> <OutPorts = 1> <Sync> <CReg>
ST_4 : Operation 224 [1/1] (0.00ns)   --->   "%mrv = insertvalue { i4, i4, i4, i4, i4, i4, i4, i4 } undef, i4 %acc_0_V, 0" [firmware/nnet_utils/nnet_dense_resource.h:84]   --->   Operation 224 'insertvalue' 'mrv' <Predicate = true> <Delay = 0.00>
ST_4 : Operation 225 [1/1] (0.00ns)   --->   "%mrv_1 = insertvalue { i4, i4, i4, i4, i4, i4, i4, i4 } %mrv, i4 %acc_1_V, 1" [firmware/nnet_utils/nnet_dense_resource.h:84]   --->   Operation 225 'insertvalue' 'mrv_1' <Predicate = true> <Delay = 0.00>
ST_4 : Operation 226 [1/1] (0.00ns)   --->   "%mrv_2 = insertvalue { i4, i4, i4, i4, i4, i4, i4, i4 } %mrv_1, i4 %acc_2_V, 2" [firmware/nnet_utils/nnet_dense_resource.h:84]   --->   Operation 226 'insertvalue' 'mrv_2' <Predicate = true> <Delay = 0.00>
ST_4 : Operation 227 [1/1] (0.00ns)   --->   "%mrv_3 = insertvalue { i4, i4, i4, i4, i4, i4, i4, i4 } %mrv_2, i4 %acc_3_V, 3" [firmware/nnet_utils/nnet_dense_resource.h:84]   --->   Operation 227 'insertvalue' 'mrv_3' <Predicate = true> <Delay = 0.00>
ST_4 : Operation 228 [1/1] (0.00ns)   --->   "%mrv_4 = insertvalue { i4, i4, i4, i4, i4, i4, i4, i4 } %mrv_3, i4 %acc_4_V, 4" [firmware/nnet_utils/nnet_dense_resource.h:84]   --->   Operation 228 'insertvalue' 'mrv_4' <Predicate = true> <Delay = 0.00>
ST_4 : Operation 229 [1/1] (0.00ns)   --->   "%mrv_5 = insertvalue { i4, i4, i4, i4, i4, i4, i4, i4 } %mrv_4, i4 %acc_5_V, 5" [firmware/nnet_utils/nnet_dense_resource.h:84]   --->   Operation 229 'insertvalue' 'mrv_5' <Predicate = true> <Delay = 0.00>
ST_4 : Operation 230 [1/1] (0.00ns)   --->   "%mrv_6 = insertvalue { i4, i4, i4, i4, i4, i4, i4, i4 } %mrv_5, i4 %acc_6_V, 6" [firmware/nnet_utils/nnet_dense_resource.h:84]   --->   Operation 230 'insertvalue' 'mrv_6' <Predicate = true> <Delay = 0.00>
ST_4 : Operation 231 [1/1] (0.00ns)   --->   "%mrv_7 = insertvalue { i4, i4, i4, i4, i4, i4, i4, i4 } %mrv_6, i4 %acc_7_V, 7" [firmware/nnet_utils/nnet_dense_resource.h:84]   --->   Operation 231 'insertvalue' 'mrv_7' <Predicate = true> <Delay = 0.00>
ST_4 : Operation 232 [1/1] (0.00ns)   --->   "ret { i4, i4, i4, i4, i4, i4, i4, i4 } %mrv_7" [firmware/nnet_utils/nnet_dense_resource.h:84]   --->   Operation 232 'ret' <Predicate = true> <Delay = 0.00>


============================================================
+ Verbose Summary: Timing violations
============================================================
Target clock period: 5ns, clock uncertainty: 0.625ns.

 <State 1>: 3.38ns
The critical path consists of the following:
	wire read on port 'data_26_V_read' (firmware/nnet_utils/nnet_dense_resource.h:13) [28]  (0 ns)
	'sub' operation ('sub_ln1118_43', firmware/nnet_utils/nnet_mult.h:73->firmware/nnet_utils/nnet_dense_resource.h:59) [121]  (1.74 ns)
	'add' operation ('add_ln703_38', firmware/nnet_utils/nnet_dense_resource.h:59) [133]  (1.65 ns)

 <State 2>: 3.38ns
The critical path consists of the following:
	wire read on port 'data_20_V_read' (firmware/nnet_utils/nnet_dense_resource.h:13) [34]  (0 ns)
	'sub' operation ('sub_ln1118_50', firmware/nnet_utils/nnet_mult.h:73->firmware/nnet_utils/nnet_dense_resource.h:59) [155]  (1.74 ns)
	'add' operation ('add_ln703_49', firmware/nnet_utils/nnet_dense_resource.h:59) [171]  (1.65 ns)

 <State 3>: 3.38ns
The critical path consists of the following:
	'add' operation ('add_ln703_56', firmware/nnet_utils/nnet_dense_resource.h:59) [181]  (1.65 ns)
	'add' operation ('add_ln703_57', firmware/nnet_utils/nnet_dense_resource.h:59) [188]  (1.74 ns)

 <State 4>: 3.32ns
The critical path consists of the following:
	'add' operation ('add_ln703_34', firmware/nnet_utils/nnet_dense_resource.h:59) [129]  (0 ns)
	'add' operation ('acc[0].V', firmware/nnet_utils/nnet_dense_resource.h:59) [136]  (3.32 ns)


============================================================
+ Verbose Summary: Binding
============================================================
N/A
* FSMD analyzer results:
  - Output states:
 - Input state : 
  - Chain level:
	State 1
	State 2
	State 3
	State 4


============================================================
+ Verbose Summary: Datapath Resource usage 
============================================================
N/A
