

================================================================
== Vivado HLS Report for 'zeropad2d_cl_array_array_ap_fixed_4_2_5_3_0_16u_config30_s'
================================================================
* Date:           Sun May 25 15:19:07 2025

* Version:        2020.1 (Build 2897737 on Wed May 27 20:21:37 MDT 2020)
* Project:        myproject_prj
* Solution:       solution1
* Product family: zynq
* Target device:  xc7z020-clg400-1


================================================================
== Performance Estimates
================================================================
+ Timing: 
    * Summary: 
    +--------+---------+----------+------------+
    |  Clock |  Target | Estimated| Uncertainty|
    +--------+---------+----------+------------+
    |ap_clk  | 5.00 ns | 4.375 ns |   0.62 ns  |
    +--------+---------+----------+------------+

+ Latency: 
    * Summary: 
    +---------+---------+----------+----------+------+------+---------+
    |  Latency (cycles) |  Latency (absolute) |   Interval  | Pipeline|
    |   min   |   max   |    min   |    max   |  min |  max |   Type  |
    +---------+---------+----------+----------+------+------+---------+
    |     1159|     1159| 5.795 us | 5.795 us |  1159|  1159|   none  |
    +---------+---------+----------+----------+------+------+---------+

    + Detail: 
        * Instance: 
        N/A

        * Loop: 
        +------------------+---------+---------+----------+-----------+-----------+------+----------+
        |                  |  Latency (cycles) | Iteration|  Initiation Interval  | Trip |          |
        |     Loop Name    |   min   |   max   |  Latency |  achieved |   target  | Count| Pipelined|
        +------------------+---------+---------+----------+-----------+-----------+------+----------+
        |- PadTopWidth     |       34|       34|         1|          -|          -|    34|    no    |
        |- PadMain         |     1088|     1088|        34|          -|          -|    32|    no    |
        | + CopyMain       |       32|       32|         1|          -|          -|    32|    no    |
        |- PadBottomWidth  |       34|       34|         1|          -|          -|    34|    no    |
        +------------------+---------+---------+----------+-----------+-----------+------+----------+



================================================================
== Utilization Estimates
================================================================
* Summary: 
+-----------------+---------+-------+--------+-------+-----+
|       Name      | BRAM_18K| DSP48E|   FF   |  LUT  | URAM|
+-----------------+---------+-------+--------+-------+-----+
|DSP              |        -|      -|       -|      -|    -|
|Expression       |        -|      -|       0|    118|    -|
|FIFO             |        -|      -|       -|      -|    -|
|Instance         |        -|      -|       -|      -|    -|
|Memory           |        -|      -|       -|      -|    -|
|Multiplexer      |        -|      -|       -|    615|    -|
|Register         |        -|      -|      37|      -|    -|
+-----------------+---------+-------+--------+-------+-----+
|Total            |        0|      0|      37|    733|    0|
+-----------------+---------+-------+--------+-------+-----+
|Available        |      280|    220|  106400|  53200|    0|
+-----------------+---------+-------+--------+-------+-----+
|Utilization (%)  |        0|      0|   ~0   |      1|    0|
+-----------------+---------+-------+--------+-------+-----+

+ Detail: 
    * Instance: 
    N/A

    * DSP48E: 
    N/A

    * Memory: 
    N/A

    * FIFO: 
    N/A

    * Expression: 
    +--------------------------+----------+-------+---+----+------------+------------+
    |       Variable Name      | Operation| DSP48E| FF| LUT| Bitwidth P0| Bitwidth P1|
    +--------------------------+----------+-------+---+----+------------+------------+
    |i_fu_284_p2               |     +    |      0|  0|  15|           6|           1|
    |j_11_fu_388_p2            |     +    |      0|  0|  15|           6|           1|
    |j_12_fu_296_p2            |     +    |      0|  0|  15|           6|           1|
    |j_fu_272_p2               |     +    |      0|  0|  15|           6|           1|
    |ap_block_state2           |    and   |      0|  0|   2|           1|           1|
    |ap_block_state3           |    and   |      0|  0|   2|           1|           1|
    |ap_block_state5           |    and   |      0|  0|   2|           1|           1|
    |io_acc_block_signal_op47  |    and   |      0|  0|   2|           1|           1|
    |io_acc_block_signal_op70  |    and   |      0|  0|   2|           1|           1|
    |icmp_ln53_fu_266_p2       |   icmp   |      0|  0|  11|           6|           6|
    |icmp_ln59_fu_278_p2       |   icmp   |      0|  0|  11|           6|           7|
    |icmp_ln65_fu_290_p2       |   icmp   |      0|  0|  11|           6|           7|
    |icmp_ln77_fu_382_p2       |   icmp   |      0|  0|  11|           6|           6|
    |ap_block_state1           |    or    |      0|  0|   2|           1|           1|
    |ap_block_state4           |    or    |      0|  0|   2|           1|           1|
    +--------------------------+----------+-------+---+----+------------+------------+
    |Total                     |          |      0|  0| 118|          55|          37|
    +--------------------------+----------+-------+---+----+------------+------------+

    * Multiplexer: 
    +------------------------+----+-----------+-----+-----------+
    |          Name          | LUT| Input Size| Bits| Total Bits|
    +------------------------+----+-----------+-----+-----------+
    |ap_NS_fsm               |  33|          6|    1|          6|
    |ap_done                 |   9|          2|    1|          2|
    |data_V_data_0_V_blk_n   |   9|          2|    1|          2|
    |data_V_data_10_V_blk_n  |   9|          2|    1|          2|
    |data_V_data_11_V_blk_n  |   9|          2|    1|          2|
    |data_V_data_12_V_blk_n  |   9|          2|    1|          2|
    |data_V_data_13_V_blk_n  |   9|          2|    1|          2|
    |data_V_data_14_V_blk_n  |   9|          2|    1|          2|
    |data_V_data_15_V_blk_n  |   9|          2|    1|          2|
    |data_V_data_1_V_blk_n   |   9|          2|    1|          2|
    |data_V_data_2_V_blk_n   |   9|          2|    1|          2|
    |data_V_data_3_V_blk_n   |   9|          2|    1|          2|
    |data_V_data_4_V_blk_n   |   9|          2|    1|          2|
    |data_V_data_5_V_blk_n   |   9|          2|    1|          2|
    |data_V_data_6_V_blk_n   |   9|          2|    1|          2|
    |data_V_data_7_V_blk_n   |   9|          2|    1|          2|
    |data_V_data_8_V_blk_n   |   9|          2|    1|          2|
    |data_V_data_9_V_blk_n   |   9|          2|    1|          2|
    |i1_0_reg_233            |   9|          2|    6|         12|
    |j3_0_reg_244            |   9|          2|    6|         12|
    |j6_0_reg_255            |   9|          2|    6|         12|
    |j_0_reg_222             |   9|          2|    6|         12|
    |real_start              |   9|          2|    1|          2|
    |res_V_data_0_V_blk_n    |   9|          2|    1|          2|
    |res_V_data_0_V_din      |  15|          3|    4|         12|
    |res_V_data_10_V_blk_n   |   9|          2|    1|          2|
    |res_V_data_10_V_din     |  15|          3|    4|         12|
    |res_V_data_11_V_blk_n   |   9|          2|    1|          2|
    |res_V_data_11_V_din     |  15|          3|    4|         12|
    |res_V_data_12_V_blk_n   |   9|          2|    1|          2|
    |res_V_data_12_V_din     |  15|          3|    4|         12|
    |res_V_data_13_V_blk_n   |   9|          2|    1|          2|
    |res_V_data_13_V_din     |  15|          3|    4|         12|
    |res_V_data_14_V_blk_n   |   9|          2|    1|          2|
    |res_V_data_14_V_din     |  15|          3|    4|         12|
    |res_V_data_15_V_blk_n   |   9|          2|    1|          2|
    |res_V_data_15_V_din     |  15|          3|    4|         12|
    |res_V_data_1_V_blk_n    |   9|          2|    1|          2|
    |res_V_data_1_V_din      |  15|          3|    4|         12|
    |res_V_data_2_V_blk_n    |   9|          2|    1|          2|
    |res_V_data_2_V_din      |  15|          3|    4|         12|
    |res_V_data_3_V_blk_n    |   9|          2|    1|          2|
    |res_V_data_3_V_din      |  15|          3|    4|         12|
    |res_V_data_4_V_blk_n    |   9|          2|    1|          2|
    |res_V_data_4_V_din      |  15|          3|    4|         12|
    |res_V_data_5_V_blk_n    |   9|          2|    1|          2|
    |res_V_data_5_V_din      |  15|          3|    4|         12|
    |res_V_data_6_V_blk_n    |   9|          2|    1|          2|
    |res_V_data_6_V_din      |  15|          3|    4|         12|
    |res_V_data_7_V_blk_n    |   9|          2|    1|          2|
    |res_V_data_7_V_din      |  15|          3|    4|         12|
    |res_V_data_8_V_blk_n    |   9|          2|    1|          2|
    |res_V_data_8_V_din      |  15|          3|    4|         12|
    |res_V_data_9_V_blk_n    |   9|          2|    1|          2|
    |res_V_data_9_V_din      |  15|          3|    4|         12|
    +------------------------+----+-----------+-----+-----------+
    |Total                   | 615|        130|  123|        314|
    +------------------------+----+-----------+-----+-----------+

    * Register: 
    +----------------+---+----+-----+-----------+
    |      Name      | FF| LUT| Bits| Const Bits|
    +----------------+---+----+-----+-----------+
    |ap_CS_fsm       |  5|   0|    5|          0|
    |ap_done_reg     |  1|   0|    1|          0|
    |i1_0_reg_233    |  6|   0|    6|          0|
    |i_reg_405       |  6|   0|    6|          0|
    |j3_0_reg_244    |  6|   0|    6|          0|
    |j6_0_reg_255    |  6|   0|    6|          0|
    |j_0_reg_222     |  6|   0|    6|          0|
    |start_once_reg  |  1|   0|    1|          0|
    +----------------+---+----+-----+-----------+
    |Total           | 37|   0|   37|          0|
    +----------------+---+----+-----+-----------+



================================================================
== Interface
================================================================
* Summary: 
+--------------------------+-----+-----+------------+-------------------------------------------------------------+--------------+
|         RTL Ports        | Dir | Bits|  Protocol  |                        Source Object                        |    C Type    |
+--------------------------+-----+-----+------------+-------------------------------------------------------------+--------------+
|ap_clk                    |  in |    1| ap_ctrl_hs | zeropad2d_cl<array,array<ap_fixed<4,2,5,3,0>,16u>,config30> | return value |
|ap_rst                    |  in |    1| ap_ctrl_hs | zeropad2d_cl<array,array<ap_fixed<4,2,5,3,0>,16u>,config30> | return value |
|ap_start                  |  in |    1| ap_ctrl_hs | zeropad2d_cl<array,array<ap_fixed<4,2,5,3,0>,16u>,config30> | return value |
|start_full_n              |  in |    1| ap_ctrl_hs | zeropad2d_cl<array,array<ap_fixed<4,2,5,3,0>,16u>,config30> | return value |
|ap_done                   | out |    1| ap_ctrl_hs | zeropad2d_cl<array,array<ap_fixed<4,2,5,3,0>,16u>,config30> | return value |
|ap_continue               |  in |    1| ap_ctrl_hs | zeropad2d_cl<array,array<ap_fixed<4,2,5,3,0>,16u>,config30> | return value |
|ap_idle                   | out |    1| ap_ctrl_hs | zeropad2d_cl<array,array<ap_fixed<4,2,5,3,0>,16u>,config30> | return value |
|ap_ready                  | out |    1| ap_ctrl_hs | zeropad2d_cl<array,array<ap_fixed<4,2,5,3,0>,16u>,config30> | return value |
|start_out                 | out |    1| ap_ctrl_hs | zeropad2d_cl<array,array<ap_fixed<4,2,5,3,0>,16u>,config30> | return value |
|start_write               | out |    1| ap_ctrl_hs | zeropad2d_cl<array,array<ap_fixed<4,2,5,3,0>,16u>,config30> | return value |
|data_V_data_0_V_dout      |  in |    4|   ap_fifo  |                       data_V_data_0_V                       |    pointer   |
|data_V_data_0_V_empty_n   |  in |    1|   ap_fifo  |                       data_V_data_0_V                       |    pointer   |
|data_V_data_0_V_read      | out |    1|   ap_fifo  |                       data_V_data_0_V                       |    pointer   |
|data_V_data_1_V_dout      |  in |    4|   ap_fifo  |                       data_V_data_1_V                       |    pointer   |
|data_V_data_1_V_empty_n   |  in |    1|   ap_fifo  |                       data_V_data_1_V                       |    pointer   |
|data_V_data_1_V_read      | out |    1|   ap_fifo  |                       data_V_data_1_V                       |    pointer   |
|data_V_data_2_V_dout      |  in |    4|   ap_fifo  |                       data_V_data_2_V                       |    pointer   |
|data_V_data_2_V_empty_n   |  in |    1|   ap_fifo  |                       data_V_data_2_V                       |    pointer   |
|data_V_data_2_V_read      | out |    1|   ap_fifo  |                       data_V_data_2_V                       |    pointer   |
|data_V_data_3_V_dout      |  in |    4|   ap_fifo  |                       data_V_data_3_V                       |    pointer   |
|data_V_data_3_V_empty_n   |  in |    1|   ap_fifo  |                       data_V_data_3_V                       |    pointer   |
|data_V_data_3_V_read      | out |    1|   ap_fifo  |                       data_V_data_3_V                       |    pointer   |
|data_V_data_4_V_dout      |  in |    4|   ap_fifo  |                       data_V_data_4_V                       |    pointer   |
|data_V_data_4_V_empty_n   |  in |    1|   ap_fifo  |                       data_V_data_4_V                       |    pointer   |
|data_V_data_4_V_read      | out |    1|   ap_fifo  |                       data_V_data_4_V                       |    pointer   |
|data_V_data_5_V_dout      |  in |    4|   ap_fifo  |                       data_V_data_5_V                       |    pointer   |
|data_V_data_5_V_empty_n   |  in |    1|   ap_fifo  |                       data_V_data_5_V                       |    pointer   |
|data_V_data_5_V_read      | out |    1|   ap_fifo  |                       data_V_data_5_V                       |    pointer   |
|data_V_data_6_V_dout      |  in |    4|   ap_fifo  |                       data_V_data_6_V                       |    pointer   |
|data_V_data_6_V_empty_n   |  in |    1|   ap_fifo  |                       data_V_data_6_V                       |    pointer   |
|data_V_data_6_V_read      | out |    1|   ap_fifo  |                       data_V_data_6_V                       |    pointer   |
|data_V_data_7_V_dout      |  in |    4|   ap_fifo  |                       data_V_data_7_V                       |    pointer   |
|data_V_data_7_V_empty_n   |  in |    1|   ap_fifo  |                       data_V_data_7_V                       |    pointer   |
|data_V_data_7_V_read      | out |    1|   ap_fifo  |                       data_V_data_7_V                       |    pointer   |
|data_V_data_8_V_dout      |  in |    4|   ap_fifo  |                       data_V_data_8_V                       |    pointer   |
|data_V_data_8_V_empty_n   |  in |    1|   ap_fifo  |                       data_V_data_8_V                       |    pointer   |
|data_V_data_8_V_read      | out |    1|   ap_fifo  |                       data_V_data_8_V                       |    pointer   |
|data_V_data_9_V_dout      |  in |    4|   ap_fifo  |                       data_V_data_9_V                       |    pointer   |
|data_V_data_9_V_empty_n   |  in |    1|   ap_fifo  |                       data_V_data_9_V                       |    pointer   |
|data_V_data_9_V_read      | out |    1|   ap_fifo  |                       data_V_data_9_V                       |    pointer   |
|data_V_data_10_V_dout     |  in |    4|   ap_fifo  |                       data_V_data_10_V                      |    pointer   |
|data_V_data_10_V_empty_n  |  in |    1|   ap_fifo  |                       data_V_data_10_V                      |    pointer   |
|data_V_data_10_V_read     | out |    1|   ap_fifo  |                       data_V_data_10_V                      |    pointer   |
|data_V_data_11_V_dout     |  in |    4|   ap_fifo  |                       data_V_data_11_V                      |    pointer   |
|data_V_data_11_V_empty_n  |  in |    1|   ap_fifo  |                       data_V_data_11_V                      |    pointer   |
|data_V_data_11_V_read     | out |    1|   ap_fifo  |                       data_V_data_11_V                      |    pointer   |
|data_V_data_12_V_dout     |  in |    4|   ap_fifo  |                       data_V_data_12_V                      |    pointer   |
|data_V_data_12_V_empty_n  |  in |    1|   ap_fifo  |                       data_V_data_12_V                      |    pointer   |
|data_V_data_12_V_read     | out |    1|   ap_fifo  |                       data_V_data_12_V                      |    pointer   |
|data_V_data_13_V_dout     |  in |    4|   ap_fifo  |                       data_V_data_13_V                      |    pointer   |
|data_V_data_13_V_empty_n  |  in |    1|   ap_fifo  |                       data_V_data_13_V                      |    pointer   |
|data_V_data_13_V_read     | out |    1|   ap_fifo  |                       data_V_data_13_V                      |    pointer   |
|data_V_data_14_V_dout     |  in |    4|   ap_fifo  |                       data_V_data_14_V                      |    pointer   |
|data_V_data_14_V_empty_n  |  in |    1|   ap_fifo  |                       data_V_data_14_V                      |    pointer   |
|data_V_data_14_V_read     | out |    1|   ap_fifo  |                       data_V_data_14_V                      |    pointer   |
|data_V_data_15_V_dout     |  in |    4|   ap_fifo  |                       data_V_data_15_V                      |    pointer   |
|data_V_data_15_V_empty_n  |  in |    1|   ap_fifo  |                       data_V_data_15_V                      |    pointer   |
|data_V_data_15_V_read     | out |    1|   ap_fifo  |                       data_V_data_15_V                      |    pointer   |
|res_V_data_0_V_din        | out |    4|   ap_fifo  |                        res_V_data_0_V                       |    pointer   |
|res_V_data_0_V_full_n     |  in |    1|   ap_fifo  |                        res_V_data_0_V                       |    pointer   |
|res_V_data_0_V_write      | out |    1|   ap_fifo  |                        res_V_data_0_V                       |    pointer   |
|res_V_data_1_V_din        | out |    4|   ap_fifo  |                        res_V_data_1_V                       |    pointer   |
|res_V_data_1_V_full_n     |  in |    1|   ap_fifo  |                        res_V_data_1_V                       |    pointer   |
|res_V_data_1_V_write      | out |    1|   ap_fifo  |                        res_V_data_1_V                       |    pointer   |
|res_V_data_2_V_din        | out |    4|   ap_fifo  |                        res_V_data_2_V                       |    pointer   |
|res_V_data_2_V_full_n     |  in |    1|   ap_fifo  |                        res_V_data_2_V                       |    pointer   |
|res_V_data_2_V_write      | out |    1|   ap_fifo  |                        res_V_data_2_V                       |    pointer   |
|res_V_data_3_V_din        | out |    4|   ap_fifo  |                        res_V_data_3_V                       |    pointer   |
|res_V_data_3_V_full_n     |  in |    1|   ap_fifo  |                        res_V_data_3_V                       |    pointer   |
|res_V_data_3_V_write      | out |    1|   ap_fifo  |                        res_V_data_3_V                       |    pointer   |
|res_V_data_4_V_din        | out |    4|   ap_fifo  |                        res_V_data_4_V                       |    pointer   |
|res_V_data_4_V_full_n     |  in |    1|   ap_fifo  |                        res_V_data_4_V                       |    pointer   |
|res_V_data_4_V_write      | out |    1|   ap_fifo  |                        res_V_data_4_V                       |    pointer   |
|res_V_data_5_V_din        | out |    4|   ap_fifo  |                        res_V_data_5_V                       |    pointer   |
|res_V_data_5_V_full_n     |  in |    1|   ap_fifo  |                        res_V_data_5_V                       |    pointer   |
|res_V_data_5_V_write      | out |    1|   ap_fifo  |                        res_V_data_5_V                       |    pointer   |
|res_V_data_6_V_din        | out |    4|   ap_fifo  |                        res_V_data_6_V                       |    pointer   |
|res_V_data_6_V_full_n     |  in |    1|   ap_fifo  |                        res_V_data_6_V                       |    pointer   |
|res_V_data_6_V_write      | out |    1|   ap_fifo  |                        res_V_data_6_V                       |    pointer   |
|res_V_data_7_V_din        | out |    4|   ap_fifo  |                        res_V_data_7_V                       |    pointer   |
|res_V_data_7_V_full_n     |  in |    1|   ap_fifo  |                        res_V_data_7_V                       |    pointer   |
|res_V_data_7_V_write      | out |    1|   ap_fifo  |                        res_V_data_7_V                       |    pointer   |
|res_V_data_8_V_din        | out |    4|   ap_fifo  |                        res_V_data_8_V                       |    pointer   |
|res_V_data_8_V_full_n     |  in |    1|   ap_fifo  |                        res_V_data_8_V                       |    pointer   |
|res_V_data_8_V_write      | out |    1|   ap_fifo  |                        res_V_data_8_V                       |    pointer   |
|res_V_data_9_V_din        | out |    4|   ap_fifo  |                        res_V_data_9_V                       |    pointer   |
|res_V_data_9_V_full_n     |  in |    1|   ap_fifo  |                        res_V_data_9_V                       |    pointer   |
|res_V_data_9_V_write      | out |    1|   ap_fifo  |                        res_V_data_9_V                       |    pointer   |
|res_V_data_10_V_din       | out |    4|   ap_fifo  |                       res_V_data_10_V                       |    pointer   |
|res_V_data_10_V_full_n    |  in |    1|   ap_fifo  |                       res_V_data_10_V                       |    pointer   |
|res_V_data_10_V_write     | out |    1|   ap_fifo  |                       res_V_data_10_V                       |    pointer   |
|res_V_data_11_V_din       | out |    4|   ap_fifo  |                       res_V_data_11_V                       |    pointer   |
|res_V_data_11_V_full_n    |  in |    1|   ap_fifo  |                       res_V_data_11_V                       |    pointer   |
|res_V_data_11_V_write     | out |    1|   ap_fifo  |                       res_V_data_11_V                       |    pointer   |
|res_V_data_12_V_din       | out |    4|   ap_fifo  |                       res_V_data_12_V                       |    pointer   |
|res_V_data_12_V_full_n    |  in |    1|   ap_fifo  |                       res_V_data_12_V                       |    pointer   |
|res_V_data_12_V_write     | out |    1|   ap_fifo  |                       res_V_data_12_V                       |    pointer   |
|res_V_data_13_V_din       | out |    4|   ap_fifo  |                       res_V_data_13_V                       |    pointer   |
|res_V_data_13_V_full_n    |  in |    1|   ap_fifo  |                       res_V_data_13_V                       |    pointer   |
|res_V_data_13_V_write     | out |    1|   ap_fifo  |                       res_V_data_13_V                       |    pointer   |
|res_V_data_14_V_din       | out |    4|   ap_fifo  |                       res_V_data_14_V                       |    pointer   |
|res_V_data_14_V_full_n    |  in |    1|   ap_fifo  |                       res_V_data_14_V                       |    pointer   |
|res_V_data_14_V_write     | out |    1|   ap_fifo  |                       res_V_data_14_V                       |    pointer   |
|res_V_data_15_V_din       | out |    4|   ap_fifo  |                       res_V_data_15_V                       |    pointer   |
|res_V_data_15_V_full_n    |  in |    1|   ap_fifo  |                       res_V_data_15_V                       |    pointer   |
|res_V_data_15_V_write     | out |    1|   ap_fifo  |                       res_V_data_15_V                       |    pointer   |
+--------------------------+-----+-----+------------+-------------------------------------------------------------+--------------+

