/home/jeanleo2/yuv_tp/vitis/torgb/torgb/hls/.autopilot/db/torgb.pp.0.cpp:2258:5: warning: Added loop label VITIS_LOOP_676_1:   [xilinx-label-all-loops]
    for (unsigned i = low; i != high+1; ++i) {
    ^~~
    VITIS_LOOP_676_1: 
/home/jeanleo2/yuv_tp/vitis/torgb/torgb/hls/.autopilot/db/torgb.pp.0.cpp:2258:5: note: FIX-IT applied suggested code changes
/home/jeanleo2/yuv_tp/vitis/torgb/torgb/hls/.autopilot/db/torgb.pp.0.cpp:2272:5: warning: Added loop label VITIS_LOOP_690_1:   [xilinx-label-all-loops]
    for (unsigned i = low; i != high+1; ++i) {
    ^~~
    VITIS_LOOP_690_1: 
/home/jeanleo2/yuv_tp/vitis/torgb/torgb/hls/.autopilot/db/torgb.pp.0.cpp:2272:5: note: FIX-IT applied suggested code changes
/home/jeanleo2/yuv_tp/vitis/torgb/torgb/hls/.autopilot/db/torgb.pp.0.cpp:2286:5: warning: Added loop label VITIS_LOOP_704_1:   [xilinx-label-all-loops]
    for (unsigned i = low; i != high+1; ++i) {
    ^~~
    VITIS_LOOP_704_1: 
/home/jeanleo2/yuv_tp/vitis/torgb/torgb/hls/.autopilot/db/torgb.pp.0.cpp:2286:5: note: FIX-IT applied suggested code changes
/home/jeanleo2/yuv_tp/vitis/torgb/torgb/hls/.autopilot/db/torgb.pp.0.cpp:3920:7: warning: Added loop label VITIS_LOOP_1248_1:   [xilinx-label-all-loops]
      for (i = 0; i < __N - 1; ++i) {
      ^~~
      VITIS_LOOP_1248_1: 
/home/jeanleo2/yuv_tp/vitis/torgb/torgb/hls/.autopilot/db/torgb.pp.0.cpp:3920:7: note: FIX-IT applied suggested code changes
/home/jeanleo2/yuv_tp/vitis/torgb/torgb/hls/.autopilot/db/torgb.pp.0.cpp:9026:5: warning: Added loop label VITIS_LOOP_24_1:   [xilinx-label-all-loops]
    for (int i = 0; i < total; i++) {
    ^~~
    VITIS_LOOP_24_1: 
/home/jeanleo2/yuv_tp/vitis/torgb/torgb/hls/.autopilot/db/torgb.pp.0.cpp:9026:5: note: FIX-IT applied suggested code changes
