

================================================================
== Vivado HLS Report for 'clone_stream_array_ap_fixed_8u_array_ap_fixed_8_4_5_3_0_8u_32768_s'
================================================================
* Date:           Thu Jun 26 23:04:05 2025

* Version:        2020.1 (Build 2897737 on Wed May 27 20:21:37 MDT 2020)
* Project:        myproject_prj
* Solution:       solution1
* Product family: zynq
* Target device:  xc7z020-clg400-1


================================================================
== Performance Estimates
================================================================
+ Timing: 
    * Summary: 
    +--------+---------+----------+------------+
    |  Clock |  Target | Estimated| Uncertainty|
    +--------+---------+----------+------------+
    |ap_clk  | 5.00 ns | 4.375 ns |   0.62 ns  |
    +--------+---------+----------+------------+

+ Latency: 
    * Summary: 
    +---------+---------+-----------+-----------+------+------+---------+
    |  Latency (cycles) |   Latency (absolute)  |   Interval  | Pipeline|
    |   min   |   max   |    min    |    max    |  min |  max |   Type  |
    +---------+---------+-----------+-----------+------+------+---------+
    |     4098|     4098| 20.490 us | 20.490 us |  4098|  4098|   none  |
    +---------+---------+-----------+-----------+------+------+---------+

    + Detail: 
        * Instance: 
        N/A

        * Loop: 
        +-------------+---------+---------+----------+-----------+-----------+------+----------+
        |             |  Latency (cycles) | Iteration|  Initiation Interval  | Trip |          |
        |  Loop Name  |   min   |   max   |  Latency |  achieved |   target  | Count| Pipelined|
        +-------------+---------+---------+----------+-----------+-----------+------+----------+
        |- CloneLoop  |     4096|     4096|         2|          1|          1|  4096|    yes   |
        +-------------+---------+---------+----------+-----------+-----------+------+----------+

============================================================
+ Verbose Summary: Synthesis Manager
============================================================
InlineROM: 1
ExposeGlobal: 0
============================================================
+ Verbose Summary: CDFG Model
============================================================
IsTopModel: 0
ResetActiveHigh: 1
IsCombinational: 2
IsDatapathOnly: 0
HasWiredReturn: 1
HasMFsm: 0
HasVarLatency: 1
IsPipeline: 0
IsRtlPipelined: 0
IsInstanceOverlapped: 0
IsDontTouch: 0
HasImplIP: 0
IsGatedGlobalClock: 0

+ Individual pipeline summary: 
  * Pipeline-0: initiation interval (II) = 1, depth = 2


============================================================
+ Verbose Summary: Schedule
============================================================
* Number of FSM states : 4
* Pipeline : 1
  Pipeline-0 : II = 1, D = 2, States = { 2 3 }
* Dataflow Pipeline: 0

* FSM state transitions: 
1 --> 2 
2 --> 4 3 
3 --> 2 
4 --> 

* FSM state operations: 

State 1 <SV = 0> <Delay = 1.76>
ST_1 : Operation 5 [1/1] (0.00ns)   --->   "call void (...)* @_ssdm_op_SpecInterface(i8* %res2_V_data_7_V, [8 x i8]* @ap_fifo_str, i32 0, i32 0, [1 x i8]* @p_str, i32 0, i32 0, [1 x i8]* @p_str, [1 x i8]* @p_str, [1 x i8]* @p_str, i32 2, i32 2, i32 16, i32 16, [1 x i8]* @p_str, [1 x i8]* @p_str)"   --->   Operation 5 'specinterface' <Predicate = true> <Delay = 0.00>
ST_1 : Operation 6 [1/1] (0.00ns)   --->   "call void (...)* @_ssdm_op_SpecInterface(i8* %res2_V_data_6_V, [8 x i8]* @ap_fifo_str, i32 0, i32 0, [1 x i8]* @p_str, i32 0, i32 0, [1 x i8]* @p_str, [1 x i8]* @p_str, [1 x i8]* @p_str, i32 2, i32 2, i32 16, i32 16, [1 x i8]* @p_str, [1 x i8]* @p_str)"   --->   Operation 6 'specinterface' <Predicate = true> <Delay = 0.00>
ST_1 : Operation 7 [1/1] (0.00ns)   --->   "call void (...)* @_ssdm_op_SpecInterface(i8* %res2_V_data_5_V, [8 x i8]* @ap_fifo_str, i32 0, i32 0, [1 x i8]* @p_str, i32 0, i32 0, [1 x i8]* @p_str, [1 x i8]* @p_str, [1 x i8]* @p_str, i32 2, i32 2, i32 16, i32 16, [1 x i8]* @p_str, [1 x i8]* @p_str)"   --->   Operation 7 'specinterface' <Predicate = true> <Delay = 0.00>
ST_1 : Operation 8 [1/1] (0.00ns)   --->   "call void (...)* @_ssdm_op_SpecInterface(i8* %res2_V_data_4_V, [8 x i8]* @ap_fifo_str, i32 0, i32 0, [1 x i8]* @p_str, i32 0, i32 0, [1 x i8]* @p_str, [1 x i8]* @p_str, [1 x i8]* @p_str, i32 2, i32 2, i32 16, i32 16, [1 x i8]* @p_str, [1 x i8]* @p_str)"   --->   Operation 8 'specinterface' <Predicate = true> <Delay = 0.00>
ST_1 : Operation 9 [1/1] (0.00ns)   --->   "call void (...)* @_ssdm_op_SpecInterface(i8* %res2_V_data_3_V, [8 x i8]* @ap_fifo_str, i32 0, i32 0, [1 x i8]* @p_str, i32 0, i32 0, [1 x i8]* @p_str, [1 x i8]* @p_str, [1 x i8]* @p_str, i32 2, i32 2, i32 16, i32 16, [1 x i8]* @p_str, [1 x i8]* @p_str)"   --->   Operation 9 'specinterface' <Predicate = true> <Delay = 0.00>
ST_1 : Operation 10 [1/1] (0.00ns)   --->   "call void (...)* @_ssdm_op_SpecInterface(i8* %res2_V_data_2_V, [8 x i8]* @ap_fifo_str, i32 0, i32 0, [1 x i8]* @p_str, i32 0, i32 0, [1 x i8]* @p_str, [1 x i8]* @p_str, [1 x i8]* @p_str, i32 2, i32 2, i32 16, i32 16, [1 x i8]* @p_str, [1 x i8]* @p_str)"   --->   Operation 10 'specinterface' <Predicate = true> <Delay = 0.00>
ST_1 : Operation 11 [1/1] (0.00ns)   --->   "call void (...)* @_ssdm_op_SpecInterface(i8* %res2_V_data_1_V, [8 x i8]* @ap_fifo_str, i32 0, i32 0, [1 x i8]* @p_str, i32 0, i32 0, [1 x i8]* @p_str, [1 x i8]* @p_str, [1 x i8]* @p_str, i32 2, i32 2, i32 16, i32 16, [1 x i8]* @p_str, [1 x i8]* @p_str)"   --->   Operation 11 'specinterface' <Predicate = true> <Delay = 0.00>
ST_1 : Operation 12 [1/1] (0.00ns)   --->   "call void (...)* @_ssdm_op_SpecInterface(i8* %res2_V_data_0_V, [8 x i8]* @ap_fifo_str, i32 0, i32 0, [1 x i8]* @p_str, i32 0, i32 0, [1 x i8]* @p_str, [1 x i8]* @p_str, [1 x i8]* @p_str, i32 2, i32 2, i32 16, i32 16, [1 x i8]* @p_str, [1 x i8]* @p_str)"   --->   Operation 12 'specinterface' <Predicate = true> <Delay = 0.00>
ST_1 : Operation 13 [1/1] (0.00ns)   --->   "call void (...)* @_ssdm_op_SpecInterface(i8* %res1_V_data_7_V, [8 x i8]* @ap_fifo_str, i32 0, i32 0, [1 x i8]* @p_str, i32 0, i32 0, [1 x i8]* @p_str, [1 x i8]* @p_str, [1 x i8]* @p_str, i32 2, i32 2, i32 16, i32 16, [1 x i8]* @p_str, [1 x i8]* @p_str)"   --->   Operation 13 'specinterface' <Predicate = true> <Delay = 0.00>
ST_1 : Operation 14 [1/1] (0.00ns)   --->   "call void (...)* @_ssdm_op_SpecInterface(i8* %res1_V_data_6_V, [8 x i8]* @ap_fifo_str, i32 0, i32 0, [1 x i8]* @p_str, i32 0, i32 0, [1 x i8]* @p_str, [1 x i8]* @p_str, [1 x i8]* @p_str, i32 2, i32 2, i32 16, i32 16, [1 x i8]* @p_str, [1 x i8]* @p_str)"   --->   Operation 14 'specinterface' <Predicate = true> <Delay = 0.00>
ST_1 : Operation 15 [1/1] (0.00ns)   --->   "call void (...)* @_ssdm_op_SpecInterface(i8* %res1_V_data_5_V, [8 x i8]* @ap_fifo_str, i32 0, i32 0, [1 x i8]* @p_str, i32 0, i32 0, [1 x i8]* @p_str, [1 x i8]* @p_str, [1 x i8]* @p_str, i32 2, i32 2, i32 16, i32 16, [1 x i8]* @p_str, [1 x i8]* @p_str)"   --->   Operation 15 'specinterface' <Predicate = true> <Delay = 0.00>
ST_1 : Operation 16 [1/1] (0.00ns)   --->   "call void (...)* @_ssdm_op_SpecInterface(i8* %res1_V_data_4_V, [8 x i8]* @ap_fifo_str, i32 0, i32 0, [1 x i8]* @p_str, i32 0, i32 0, [1 x i8]* @p_str, [1 x i8]* @p_str, [1 x i8]* @p_str, i32 2, i32 2, i32 16, i32 16, [1 x i8]* @p_str, [1 x i8]* @p_str)"   --->   Operation 16 'specinterface' <Predicate = true> <Delay = 0.00>
ST_1 : Operation 17 [1/1] (0.00ns)   --->   "call void (...)* @_ssdm_op_SpecInterface(i8* %res1_V_data_3_V, [8 x i8]* @ap_fifo_str, i32 0, i32 0, [1 x i8]* @p_str, i32 0, i32 0, [1 x i8]* @p_str, [1 x i8]* @p_str, [1 x i8]* @p_str, i32 2, i32 2, i32 16, i32 16, [1 x i8]* @p_str, [1 x i8]* @p_str)"   --->   Operation 17 'specinterface' <Predicate = true> <Delay = 0.00>
ST_1 : Operation 18 [1/1] (0.00ns)   --->   "call void (...)* @_ssdm_op_SpecInterface(i8* %res1_V_data_2_V, [8 x i8]* @ap_fifo_str, i32 0, i32 0, [1 x i8]* @p_str, i32 0, i32 0, [1 x i8]* @p_str, [1 x i8]* @p_str, [1 x i8]* @p_str, i32 2, i32 2, i32 16, i32 16, [1 x i8]* @p_str, [1 x i8]* @p_str)"   --->   Operation 18 'specinterface' <Predicate = true> <Delay = 0.00>
ST_1 : Operation 19 [1/1] (0.00ns)   --->   "call void (...)* @_ssdm_op_SpecInterface(i8* %res1_V_data_1_V, [8 x i8]* @ap_fifo_str, i32 0, i32 0, [1 x i8]* @p_str, i32 0, i32 0, [1 x i8]* @p_str, [1 x i8]* @p_str, [1 x i8]* @p_str, i32 2, i32 2, i32 16, i32 16, [1 x i8]* @p_str, [1 x i8]* @p_str)"   --->   Operation 19 'specinterface' <Predicate = true> <Delay = 0.00>
ST_1 : Operation 20 [1/1] (0.00ns)   --->   "call void (...)* @_ssdm_op_SpecInterface(i8* %res1_V_data_0_V, [8 x i8]* @ap_fifo_str, i32 0, i32 0, [1 x i8]* @p_str, i32 0, i32 0, [1 x i8]* @p_str, [1 x i8]* @p_str, [1 x i8]* @p_str, i32 2, i32 2, i32 16, i32 16, [1 x i8]* @p_str, [1 x i8]* @p_str)"   --->   Operation 20 'specinterface' <Predicate = true> <Delay = 0.00>
ST_1 : Operation 21 [1/1] (0.00ns)   --->   "call void (...)* @_ssdm_op_SpecInterface(i8* %data_V_data_7_V, [8 x i8]* @ap_fifo_str, i32 0, i32 0, [1 x i8]* @p_str, i32 0, i32 0, [1 x i8]* @p_str, [1 x i8]* @p_str, [1 x i8]* @p_str, i32 2, i32 2, i32 16, i32 16, [1 x i8]* @p_str, [1 x i8]* @p_str)"   --->   Operation 21 'specinterface' <Predicate = true> <Delay = 0.00>
ST_1 : Operation 22 [1/1] (0.00ns)   --->   "call void (...)* @_ssdm_op_SpecInterface(i8* %data_V_data_6_V, [8 x i8]* @ap_fifo_str, i32 0, i32 0, [1 x i8]* @p_str, i32 0, i32 0, [1 x i8]* @p_str, [1 x i8]* @p_str, [1 x i8]* @p_str, i32 2, i32 2, i32 16, i32 16, [1 x i8]* @p_str, [1 x i8]* @p_str)"   --->   Operation 22 'specinterface' <Predicate = true> <Delay = 0.00>
ST_1 : Operation 23 [1/1] (0.00ns)   --->   "call void (...)* @_ssdm_op_SpecInterface(i8* %data_V_data_5_V, [8 x i8]* @ap_fifo_str, i32 0, i32 0, [1 x i8]* @p_str, i32 0, i32 0, [1 x i8]* @p_str, [1 x i8]* @p_str, [1 x i8]* @p_str, i32 2, i32 2, i32 16, i32 16, [1 x i8]* @p_str, [1 x i8]* @p_str)"   --->   Operation 23 'specinterface' <Predicate = true> <Delay = 0.00>
ST_1 : Operation 24 [1/1] (0.00ns)   --->   "call void (...)* @_ssdm_op_SpecInterface(i8* %data_V_data_4_V, [8 x i8]* @ap_fifo_str, i32 0, i32 0, [1 x i8]* @p_str, i32 0, i32 0, [1 x i8]* @p_str, [1 x i8]* @p_str, [1 x i8]* @p_str, i32 2, i32 2, i32 16, i32 16, [1 x i8]* @p_str, [1 x i8]* @p_str)"   --->   Operation 24 'specinterface' <Predicate = true> <Delay = 0.00>
ST_1 : Operation 25 [1/1] (0.00ns)   --->   "call void (...)* @_ssdm_op_SpecInterface(i8* %data_V_data_3_V, [8 x i8]* @ap_fifo_str, i32 0, i32 0, [1 x i8]* @p_str, i32 0, i32 0, [1 x i8]* @p_str, [1 x i8]* @p_str, [1 x i8]* @p_str, i32 2, i32 2, i32 16, i32 16, [1 x i8]* @p_str, [1 x i8]* @p_str)"   --->   Operation 25 'specinterface' <Predicate = true> <Delay = 0.00>
ST_1 : Operation 26 [1/1] (0.00ns)   --->   "call void (...)* @_ssdm_op_SpecInterface(i8* %data_V_data_2_V, [8 x i8]* @ap_fifo_str, i32 0, i32 0, [1 x i8]* @p_str, i32 0, i32 0, [1 x i8]* @p_str, [1 x i8]* @p_str, [1 x i8]* @p_str, i32 2, i32 2, i32 16, i32 16, [1 x i8]* @p_str, [1 x i8]* @p_str)"   --->   Operation 26 'specinterface' <Predicate = true> <Delay = 0.00>
ST_1 : Operation 27 [1/1] (0.00ns)   --->   "call void (...)* @_ssdm_op_SpecInterface(i8* %data_V_data_1_V, [8 x i8]* @ap_fifo_str, i32 0, i32 0, [1 x i8]* @p_str, i32 0, i32 0, [1 x i8]* @p_str, [1 x i8]* @p_str, [1 x i8]* @p_str, i32 2, i32 2, i32 16, i32 16, [1 x i8]* @p_str, [1 x i8]* @p_str)"   --->   Operation 27 'specinterface' <Predicate = true> <Delay = 0.00>
ST_1 : Operation 28 [1/1] (0.00ns)   --->   "call void (...)* @_ssdm_op_SpecInterface(i8* %data_V_data_0_V, [8 x i8]* @ap_fifo_str, i32 0, i32 0, [1 x i8]* @p_str, i32 0, i32 0, [1 x i8]* @p_str, [1 x i8]* @p_str, [1 x i8]* @p_str, i32 2, i32 2, i32 16, i32 16, [1 x i8]* @p_str, [1 x i8]* @p_str)"   --->   Operation 28 'specinterface' <Predicate = true> <Delay = 0.00>
ST_1 : Operation 29 [1/1] (1.76ns)   --->   "br label %1" [firmware/nnet_utils/nnet_stream.h:22]   --->   Operation 29 'br' <Predicate = true> <Delay = 1.76>

State 2 <SV = 1> <Delay = 2.09>
ST_2 : Operation 30 [1/1] (0.00ns)   --->   "%i_0 = phi i13 [ 0, %0 ], [ %i, %CloneLoop ]"   --->   Operation 30 'phi' 'i_0' <Predicate = true> <Delay = 0.00>
ST_2 : Operation 31 [1/1] (2.09ns)   --->   "%icmp_ln22 = icmp eq i13 %i_0, -4096" [firmware/nnet_utils/nnet_stream.h:22]   --->   Operation 31 'icmp' 'icmp_ln22' <Predicate = true> <Delay = 2.09> <Core = "Cmp">   --->   Core 25 'Cmp' <Latency = 0> <II = 1> <Delay = 2.09> <FuncUnit> <Opcode : 'icmp'> <InPorts = 2> <OutPorts = 1>
ST_2 : Operation 32 [1/1] (0.00ns)   --->   "%empty = call i32 (...)* @_ssdm_op_SpecLoopTripCount(i64 4096, i64 4096, i64 4096)"   --->   Operation 32 'speclooptripcount' 'empty' <Predicate = true> <Delay = 0.00>
ST_2 : Operation 33 [1/1] (1.67ns)   --->   "%i = add i13 %i_0, 1" [firmware/nnet_utils/nnet_stream.h:22]   --->   Operation 33 'add' 'i' <Predicate = true> <Delay = 1.67> <Core = "AddSub">   --->   Core 14 'AddSub' <Latency = 0> <II = 1> <Delay = 1.67> <FuncUnit> <Opcode : 'add' 'sub'> <InPorts = 2> <OutPorts = 1>
ST_2 : Operation 34 [1/1] (0.00ns)   --->   "br i1 %icmp_ln22, label %2, label %CloneLoop" [firmware/nnet_utils/nnet_stream.h:22]   --->   Operation 34 'br' <Predicate = true> <Delay = 0.00>

State 3 <SV = 2> <Delay = 4.37>
ST_3 : Operation 35 [1/1] (0.00ns)   --->   "call void (...)* @_ssdm_op_SpecLoopName([10 x i8]* @p_str84) nounwind" [firmware/nnet_utils/nnet_stream.h:22]   --->   Operation 35 'specloopname' <Predicate = (!icmp_ln22)> <Delay = 0.00>
ST_3 : Operation 36 [1/1] (0.00ns)   --->   "%tmp = call i32 (...)* @_ssdm_op_SpecRegionBegin([10 x i8]* @p_str84)" [firmware/nnet_utils/nnet_stream.h:22]   --->   Operation 36 'specregionbegin' 'tmp' <Predicate = (!icmp_ln22)> <Delay = 0.00>
ST_3 : Operation 37 [1/1] (0.00ns)   --->   "call void (...)* @_ssdm_op_SpecPipeline(i32 -1, i32 1, i32 1, i32 0, [1 x i8]* @p_str14) nounwind" [firmware/nnet_utils/nnet_stream.h:23]   --->   Operation 37 'specpipeline' <Predicate = (!icmp_ln22)> <Delay = 0.00>
ST_3 : Operation 38 [1/1] (2.18ns)   --->   "%empty_267 = call { i8, i8, i8, i8, i8, i8, i8, i8 } @_ssdm_op_Read.ap_fifo.volatile.i8P.i8P.i8P.i8P.i8P.i8P.i8P.i8P(i8* %data_V_data_0_V, i8* %data_V_data_1_V, i8* %data_V_data_2_V, i8* %data_V_data_3_V, i8* %data_V_data_4_V, i8* %data_V_data_5_V, i8* %data_V_data_6_V, i8* %data_V_data_7_V)" [firmware/nnet_utils/nnet_stream.h:25]   --->   Operation 38 'read' 'empty_267' <Predicate = (!icmp_ln22)> <Delay = 2.18> <Core = "FIFO">   --->   Core 32 'FIFO' <Latency = 0> <II = 1> <Delay = 3.63> <Storage> <Opcode : 'read' 'write' 'nbread' 'nbwrite'> <Ports = 0> <Width = 8> <Depth = 3> <FIFO>
ST_3 : Operation 39 [1/1] (0.00ns)   --->   "%tmp_data_0_V = extractvalue { i8, i8, i8, i8, i8, i8, i8, i8 } %empty_267, 0" [firmware/nnet_utils/nnet_stream.h:25]   --->   Operation 39 'extractvalue' 'tmp_data_0_V' <Predicate = (!icmp_ln22)> <Delay = 0.00>
ST_3 : Operation 40 [1/1] (0.00ns)   --->   "%tmp_data_1_V = extractvalue { i8, i8, i8, i8, i8, i8, i8, i8 } %empty_267, 1" [firmware/nnet_utils/nnet_stream.h:25]   --->   Operation 40 'extractvalue' 'tmp_data_1_V' <Predicate = (!icmp_ln22)> <Delay = 0.00>
ST_3 : Operation 41 [1/1] (0.00ns)   --->   "%tmp_data_2_V = extractvalue { i8, i8, i8, i8, i8, i8, i8, i8 } %empty_267, 2" [firmware/nnet_utils/nnet_stream.h:25]   --->   Operation 41 'extractvalue' 'tmp_data_2_V' <Predicate = (!icmp_ln22)> <Delay = 0.00>
ST_3 : Operation 42 [1/1] (0.00ns)   --->   "%tmp_data_3_V = extractvalue { i8, i8, i8, i8, i8, i8, i8, i8 } %empty_267, 3" [firmware/nnet_utils/nnet_stream.h:25]   --->   Operation 42 'extractvalue' 'tmp_data_3_V' <Predicate = (!icmp_ln22)> <Delay = 0.00>
ST_3 : Operation 43 [1/1] (0.00ns)   --->   "%tmp_data_4_V = extractvalue { i8, i8, i8, i8, i8, i8, i8, i8 } %empty_267, 4" [firmware/nnet_utils/nnet_stream.h:25]   --->   Operation 43 'extractvalue' 'tmp_data_4_V' <Predicate = (!icmp_ln22)> <Delay = 0.00>
ST_3 : Operation 44 [1/1] (0.00ns)   --->   "%tmp_data_5_V = extractvalue { i8, i8, i8, i8, i8, i8, i8, i8 } %empty_267, 5" [firmware/nnet_utils/nnet_stream.h:25]   --->   Operation 44 'extractvalue' 'tmp_data_5_V' <Predicate = (!icmp_ln22)> <Delay = 0.00>
ST_3 : Operation 45 [1/1] (0.00ns)   --->   "%tmp_data_6_V = extractvalue { i8, i8, i8, i8, i8, i8, i8, i8 } %empty_267, 6" [firmware/nnet_utils/nnet_stream.h:25]   --->   Operation 45 'extractvalue' 'tmp_data_6_V' <Predicate = (!icmp_ln22)> <Delay = 0.00>
ST_3 : Operation 46 [1/1] (0.00ns)   --->   "%tmp_data_7_V = extractvalue { i8, i8, i8, i8, i8, i8, i8, i8 } %empty_267, 7" [firmware/nnet_utils/nnet_stream.h:25]   --->   Operation 46 'extractvalue' 'tmp_data_7_V' <Predicate = (!icmp_ln22)> <Delay = 0.00>
ST_3 : Operation 47 [1/1] (2.18ns)   --->   "call void @_ssdm_op_Write.ap_fifo.volatile.i8P.i8P.i8P.i8P.i8P.i8P.i8P.i8P(i8* %res1_V_data_0_V, i8* %res1_V_data_1_V, i8* %res1_V_data_2_V, i8* %res1_V_data_3_V, i8* %res1_V_data_4_V, i8* %res1_V_data_5_V, i8* %res1_V_data_6_V, i8* %res1_V_data_7_V, i8 %tmp_data_0_V, i8 %tmp_data_1_V, i8 %tmp_data_2_V, i8 %tmp_data_3_V, i8 %tmp_data_4_V, i8 %tmp_data_5_V, i8 %tmp_data_6_V, i8 %tmp_data_7_V)" [firmware/nnet_utils/nnet_stream.h:38]   --->   Operation 47 'write' <Predicate = (!icmp_ln22)> <Delay = 2.18> <Core = "FIFO">   --->   Core 32 'FIFO' <Latency = 0> <II = 1> <Delay = 3.63> <Storage> <Opcode : 'read' 'write' 'nbread' 'nbwrite'> <Ports = 0> <Width = 8> <Depth = 3> <FIFO>
ST_3 : Operation 48 [1/1] (2.18ns)   --->   "call void @_ssdm_op_Write.ap_fifo.volatile.i8P.i8P.i8P.i8P.i8P.i8P.i8P.i8P(i8* %res2_V_data_0_V, i8* %res2_V_data_1_V, i8* %res2_V_data_2_V, i8* %res2_V_data_3_V, i8* %res2_V_data_4_V, i8* %res2_V_data_5_V, i8* %res2_V_data_6_V, i8* %res2_V_data_7_V, i8 %tmp_data_0_V, i8 %tmp_data_1_V, i8 %tmp_data_2_V, i8 %tmp_data_3_V, i8 %tmp_data_4_V, i8 %tmp_data_5_V, i8 %tmp_data_6_V, i8 %tmp_data_7_V)" [firmware/nnet_utils/nnet_stream.h:39]   --->   Operation 48 'write' <Predicate = (!icmp_ln22)> <Delay = 2.18> <Core = "FIFO">   --->   Core 32 'FIFO' <Latency = 0> <II = 1> <Delay = 3.63> <Storage> <Opcode : 'read' 'write' 'nbread' 'nbwrite'> <Ports = 0> <Width = 8> <Depth = 3> <FIFO>
ST_3 : Operation 49 [1/1] (0.00ns)   --->   "%empty_268 = call i32 (...)* @_ssdm_op_SpecRegionEnd([10 x i8]* @p_str84, i32 %tmp)" [firmware/nnet_utils/nnet_stream.h:40]   --->   Operation 49 'specregionend' 'empty_268' <Predicate = (!icmp_ln22)> <Delay = 0.00>
ST_3 : Operation 50 [1/1] (0.00ns)   --->   "br label %1" [firmware/nnet_utils/nnet_stream.h:22]   --->   Operation 50 'br' <Predicate = (!icmp_ln22)> <Delay = 0.00>

State 4 <SV = 2> <Delay = 0.00>
ST_4 : Operation 51 [1/1] (0.00ns)   --->   "ret void" [firmware/nnet_utils/nnet_stream.h:41]   --->   Operation 51 'ret' <Predicate = true> <Delay = 0.00>


============================================================
+ Verbose Summary: Timing violations
============================================================
Target clock period: 5ns, clock uncertainty: 0.625ns.

 <State 1>: 1.77ns
The critical path consists of the following:
	multiplexor before 'phi' operation ('i') with incoming values : ('i', firmware/nnet_utils/nnet_stream.h:22) [51]  (1.77 ns)

 <State 2>: 2.1ns
The critical path consists of the following:
	'phi' operation ('i') with incoming values : ('i', firmware/nnet_utils/nnet_stream.h:22) [51]  (0 ns)
	'icmp' operation ('icmp_ln22', firmware/nnet_utils/nnet_stream.h:22) [52]  (2.1 ns)

 <State 3>: 4.38ns
The critical path consists of the following:
	fifo read on port 'data_V_data_0_V' (firmware/nnet_utils/nnet_stream.h:25) [60]  (2.19 ns)
	fifo write on port 'res1_V_data_0_V' (firmware/nnet_utils/nnet_stream.h:38) [69]  (2.19 ns)

 <State 4>: 0ns
The critical path consists of the following:


============================================================
+ Verbose Summary: Binding
============================================================
N/A
* FSMD analyzer results:
  - Output states:
 - Input state : 
  - Chain level:
	State 1
	State 2
	State 3
	State 4


============================================================
+ Verbose Summary: Datapath Resource usage 
============================================================
N/A
