

================================================================
== Vivado HLS Report for 'dense_resource_rf_leq_nin_ap_fixed_ap_fixed_8_4_5_3_0_config13_mult_0_0'
================================================================
* Date:           Fri Jun 27 00:00:35 2025

* Version:        2020.1 (Build 2897737 on Wed May 27 20:21:37 MDT 2020)
* Project:        myproject_prj
* Solution:       solution1
* Product family: zynq
* Target device:  xc7z020-clg400-1


================================================================
== Performance Estimates
================================================================
+ Timing: 
    * Summary: 
    +--------+---------+----------+------------+
    |  Clock |  Target | Estimated| Uncertainty|
    +--------+---------+----------+------------+
    |ap_clk  | 5.00 ns | 4.170 ns |   0.62 ns  |
    +--------+---------+----------+------------+

+ Latency: 
    * Summary: 
    +---------+---------+----------+----------+-----+-----+---------------------------------------------+
    |  Latency (cycles) |  Latency (absolute) |  Interval |                   Pipeline                  |
    |   min   |   max   |    min   |    max   | min | max |                     Type                    |
    +---------+---------+----------+----------+-----+-----+---------------------------------------------+
    |       38|       39| 0.190 us | 0.195 us |   36|   36| loop rewind(delay=0 initiation interval(s)) |
    +---------+---------+----------+----------+-----+-----+---------------------------------------------+

    + Detail: 
        * Instance: 
        N/A

        * Loop: 
        +-------------+---------+---------+----------+-----------+-----------+------+----------+
        |             |  Latency (cycles) | Iteration|  Initiation Interval  | Trip |          |
        |  Loop Name  |   min   |   max   |  Latency |  achieved |   target  | Count| Pipelined|
        +-------------+---------+---------+----------+-----------+-----------+------+----------+
        |- ReuseLoop  |       38|       38|         4|          1|          1|    36|    yes   |
        +-------------+---------+---------+----------+-----------+-----------+------+----------+

============================================================
+ Verbose Summary: Synthesis Manager
============================================================
InlineROM: 1
ExposeGlobal: 0
============================================================
+ Verbose Summary: CDFG Model
============================================================
IsTopModel: 0
ResetActiveHigh: 1
IsCombinational: 0
IsDatapathOnly: 0
HasWiredReturn: 1
HasMFsm: 0
HasVarLatency: 1
IsPipeline: 0
IsRtlPipelined: 0
IsInstanceOverlapped: 0
IsDontTouch: 0
HasImplIP: 0
IsGatedGlobalClock: 0

+ Individual pipeline summary: 
  * Pipeline-0: initiation interval (II) = 1, depth = 4


============================================================
+ Verbose Summary: Schedule
============================================================
* Number of FSM states : 5
* Pipeline : 1
  Pipeline-0 : II = 1, D = 4, States = { 2 3 4 5 }
* Dataflow Pipeline: 0

* FSM state transitions: 
1 --> 2 
2 --> 3 
3 --> 4 
4 --> 5 
5 --> 2 

* FSM state operations: 

State 1 <SV = 0> <Delay = 1.76>
ST_1 : Operation 6 [1/1] (0.00ns)   --->   "%tmp_i = call i32 (...)* @_ssdm_op_SpecRegionBegin([13 x i8]* @p_str44)" [firmware/nnet_utils/nnet_dense_resource.h:32]   --->   Operation 6 'specregionbegin' 'tmp_i' <Predicate = true> <Delay = 0.00>
ST_1 : Operation 7 [1/1] (1.76ns)   --->   "br label %rewind_header" [firmware/nnet_utils/nnet_dense_resource.h:46]   --->   Operation 7 'br' <Predicate = true> <Delay = 1.76>

State 2 <SV = 1> <Delay = 3.25>
ST_2 : Operation 8 [1/1] (0.00ns)   --->   "%in_index7 = phi i6 [ 0, %hls_label_35_begin ], [ %in_index, %ReuseLoop ], [ 0, %"dense_resource_rf_leq_nin<ap_fixed<8, 4, 5, 3, 0>, ap_fixed<8, 4, 5, 3, 0>, config13_mult>.0.0.exit" ]"   --->   Operation 8 'phi' 'in_index7' <Predicate = true> <Delay = 0.00>
ST_2 : Operation 9 [1/1] (0.00ns)   --->   "%zext_ln59 = zext i6 %in_index7 to i64" [firmware/nnet_utils/nnet_dense_resource.h:59]   --->   Operation 9 'zext' 'zext_ln59' <Predicate = true> <Delay = 0.00>
ST_2 : Operation 10 [1/1] (0.00ns)   --->   "%kernel_data_V_1_0_load = load i8* @kernel_data_V_1_0, align 1" [firmware/nnet_utils/nnet_dense_resource.h:59]   --->   Operation 10 'load' 'kernel_data_V_1_0_load' <Predicate = true> <Delay = 0.00>
ST_2 : Operation 11 [1/1] (0.00ns)   --->   "%kernel_data_V_1_1_load = load i8* @kernel_data_V_1_1, align 1" [firmware/nnet_utils/nnet_dense_resource.h:59]   --->   Operation 11 'load' 'kernel_data_V_1_1_load' <Predicate = true> <Delay = 0.00>
ST_2 : Operation 12 [1/1] (0.00ns)   --->   "%kernel_data_V_1_2_load = load i8* @kernel_data_V_1_2, align 1" [firmware/nnet_utils/nnet_dense_resource.h:59]   --->   Operation 12 'load' 'kernel_data_V_1_2_load' <Predicate = true> <Delay = 0.00>
ST_2 : Operation 13 [1/1] (0.00ns)   --->   "%kernel_data_V_1_3_load = load i8* @kernel_data_V_1_3, align 1" [firmware/nnet_utils/nnet_dense_resource.h:59]   --->   Operation 13 'load' 'kernel_data_V_1_3_load' <Predicate = true> <Delay = 0.00>
ST_2 : Operation 14 [1/1] (0.00ns)   --->   "%kernel_data_V_1_4_load = load i8* @kernel_data_V_1_4, align 1" [firmware/nnet_utils/nnet_dense_resource.h:59]   --->   Operation 14 'load' 'kernel_data_V_1_4_load' <Predicate = true> <Delay = 0.00>
ST_2 : Operation 15 [1/1] (0.00ns)   --->   "%kernel_data_V_1_5_load = load i8* @kernel_data_V_1_5, align 1" [firmware/nnet_utils/nnet_dense_resource.h:59]   --->   Operation 15 'load' 'kernel_data_V_1_5_load' <Predicate = true> <Delay = 0.00>
ST_2 : Operation 16 [1/1] (0.00ns)   --->   "%kernel_data_V_1_6_load = load i8* @kernel_data_V_1_6, align 1" [firmware/nnet_utils/nnet_dense_resource.h:59]   --->   Operation 16 'load' 'kernel_data_V_1_6_load' <Predicate = true> <Delay = 0.00>
ST_2 : Operation 17 [1/1] (0.00ns)   --->   "%kernel_data_V_1_7_load = load i8* @kernel_data_V_1_7, align 1" [firmware/nnet_utils/nnet_dense_resource.h:59]   --->   Operation 17 'load' 'kernel_data_V_1_7_load' <Predicate = true> <Delay = 0.00>
ST_2 : Operation 18 [1/1] (0.00ns)   --->   "%kernel_data_V_1_8_load = load i8* @kernel_data_V_1_8, align 1" [firmware/nnet_utils/nnet_dense_resource.h:59]   --->   Operation 18 'load' 'kernel_data_V_1_8_load' <Predicate = true> <Delay = 0.00>
ST_2 : Operation 19 [1/1] (0.00ns)   --->   "%kernel_data_V_1_9_load = load i8* @kernel_data_V_1_9, align 1" [firmware/nnet_utils/nnet_dense_resource.h:59]   --->   Operation 19 'load' 'kernel_data_V_1_9_load' <Predicate = true> <Delay = 0.00>
ST_2 : Operation 20 [1/1] (0.00ns)   --->   "%kernel_data_V_1_10_load = load i8* @kernel_data_V_1_10, align 1" [firmware/nnet_utils/nnet_dense_resource.h:59]   --->   Operation 20 'load' 'kernel_data_V_1_10_load' <Predicate = true> <Delay = 0.00>
ST_2 : Operation 21 [1/1] (0.00ns)   --->   "%kernel_data_V_1_11_load = load i8* @kernel_data_V_1_11, align 1" [firmware/nnet_utils/nnet_dense_resource.h:59]   --->   Operation 21 'load' 'kernel_data_V_1_11_load' <Predicate = true> <Delay = 0.00>
ST_2 : Operation 22 [1/1] (0.00ns)   --->   "%kernel_data_V_1_12_load = load i8* @kernel_data_V_1_12, align 1" [firmware/nnet_utils/nnet_dense_resource.h:59]   --->   Operation 22 'load' 'kernel_data_V_1_12_load' <Predicate = true> <Delay = 0.00>
ST_2 : Operation 23 [1/1] (0.00ns)   --->   "%kernel_data_V_1_13_load = load i8* @kernel_data_V_1_13, align 1" [firmware/nnet_utils/nnet_dense_resource.h:59]   --->   Operation 23 'load' 'kernel_data_V_1_13_load' <Predicate = true> <Delay = 0.00>
ST_2 : Operation 24 [1/1] (0.00ns)   --->   "%kernel_data_V_1_14_load = load i8* @kernel_data_V_1_14, align 1" [firmware/nnet_utils/nnet_dense_resource.h:59]   --->   Operation 24 'load' 'kernel_data_V_1_14_load' <Predicate = true> <Delay = 0.00>
ST_2 : Operation 25 [1/1] (0.00ns)   --->   "%kernel_data_V_1_15_load = load i8* @kernel_data_V_1_15, align 1" [firmware/nnet_utils/nnet_dense_resource.h:59]   --->   Operation 25 'load' 'kernel_data_V_1_15_load' <Predicate = true> <Delay = 0.00>
ST_2 : Operation 26 [1/1] (0.00ns)   --->   "%kernel_data_V_1_16_load = load i8* @kernel_data_V_1_16, align 1" [firmware/nnet_utils/nnet_dense_resource.h:59]   --->   Operation 26 'load' 'kernel_data_V_1_16_load' <Predicate = true> <Delay = 0.00>
ST_2 : Operation 27 [1/1] (0.00ns)   --->   "%kernel_data_V_1_17_load = load i8* @kernel_data_V_1_17, align 1" [firmware/nnet_utils/nnet_dense_resource.h:59]   --->   Operation 27 'load' 'kernel_data_V_1_17_load' <Predicate = true> <Delay = 0.00>
ST_2 : Operation 28 [1/1] (0.00ns)   --->   "%kernel_data_V_1_18_load = load i8* @kernel_data_V_1_18, align 1" [firmware/nnet_utils/nnet_dense_resource.h:59]   --->   Operation 28 'load' 'kernel_data_V_1_18_load' <Predicate = true> <Delay = 0.00>
ST_2 : Operation 29 [1/1] (0.00ns)   --->   "%kernel_data_V_1_19_load = load i8* @kernel_data_V_1_19, align 1" [firmware/nnet_utils/nnet_dense_resource.h:59]   --->   Operation 29 'load' 'kernel_data_V_1_19_load' <Predicate = true> <Delay = 0.00>
ST_2 : Operation 30 [1/1] (0.00ns)   --->   "%kernel_data_V_1_20_load = load i8* @kernel_data_V_1_20, align 1" [firmware/nnet_utils/nnet_dense_resource.h:59]   --->   Operation 30 'load' 'kernel_data_V_1_20_load' <Predicate = true> <Delay = 0.00>
ST_2 : Operation 31 [1/1] (0.00ns)   --->   "%kernel_data_V_1_21_load = load i8* @kernel_data_V_1_21, align 1" [firmware/nnet_utils/nnet_dense_resource.h:59]   --->   Operation 31 'load' 'kernel_data_V_1_21_load' <Predicate = true> <Delay = 0.00>
ST_2 : Operation 32 [1/1] (0.00ns)   --->   "%kernel_data_V_1_22_load = load i8* @kernel_data_V_1_22, align 1" [firmware/nnet_utils/nnet_dense_resource.h:59]   --->   Operation 32 'load' 'kernel_data_V_1_22_load' <Predicate = true> <Delay = 0.00>
ST_2 : Operation 33 [1/1] (0.00ns)   --->   "%kernel_data_V_1_23_load = load i8* @kernel_data_V_1_23, align 1" [firmware/nnet_utils/nnet_dense_resource.h:59]   --->   Operation 33 'load' 'kernel_data_V_1_23_load' <Predicate = true> <Delay = 0.00>
ST_2 : Operation 34 [1/1] (0.00ns)   --->   "%kernel_data_V_1_24_load = load i8* @kernel_data_V_1_24, align 1" [firmware/nnet_utils/nnet_dense_resource.h:59]   --->   Operation 34 'load' 'kernel_data_V_1_24_load' <Predicate = true> <Delay = 0.00>
ST_2 : Operation 35 [1/1] (0.00ns)   --->   "%kernel_data_V_1_25_load = load i8* @kernel_data_V_1_25, align 1" [firmware/nnet_utils/nnet_dense_resource.h:59]   --->   Operation 35 'load' 'kernel_data_V_1_25_load' <Predicate = true> <Delay = 0.00>
ST_2 : Operation 36 [1/1] (0.00ns)   --->   "%kernel_data_V_1_26_load = load i8* @kernel_data_V_1_26, align 1" [firmware/nnet_utils/nnet_dense_resource.h:59]   --->   Operation 36 'load' 'kernel_data_V_1_26_load' <Predicate = true> <Delay = 0.00>
ST_2 : Operation 37 [1/1] (0.00ns)   --->   "%kernel_data_V_1_27_load = load i8* @kernel_data_V_1_27, align 1" [firmware/nnet_utils/nnet_dense_resource.h:59]   --->   Operation 37 'load' 'kernel_data_V_1_27_load' <Predicate = true> <Delay = 0.00>
ST_2 : Operation 38 [1/1] (0.00ns)   --->   "%kernel_data_V_1_28_load = load i8* @kernel_data_V_1_28, align 1" [firmware/nnet_utils/nnet_dense_resource.h:59]   --->   Operation 38 'load' 'kernel_data_V_1_28_load' <Predicate = true> <Delay = 0.00>
ST_2 : Operation 39 [1/1] (0.00ns)   --->   "%kernel_data_V_1_29_load = load i8* @kernel_data_V_1_29, align 1" [firmware/nnet_utils/nnet_dense_resource.h:59]   --->   Operation 39 'load' 'kernel_data_V_1_29_load' <Predicate = true> <Delay = 0.00>
ST_2 : Operation 40 [1/1] (0.00ns)   --->   "%kernel_data_V_1_30_load = load i8* @kernel_data_V_1_30, align 1" [firmware/nnet_utils/nnet_dense_resource.h:59]   --->   Operation 40 'load' 'kernel_data_V_1_30_load' <Predicate = true> <Delay = 0.00>
ST_2 : Operation 41 [1/1] (0.00ns)   --->   "%kernel_data_V_1_31_load = load i8* @kernel_data_V_1_31, align 1" [firmware/nnet_utils/nnet_dense_resource.h:59]   --->   Operation 41 'load' 'kernel_data_V_1_31_load' <Predicate = true> <Delay = 0.00>
ST_2 : Operation 42 [1/1] (0.00ns)   --->   "%kernel_data_V_1_32_load = load i8* @kernel_data_V_1_32, align 1" [firmware/nnet_utils/nnet_dense_resource.h:59]   --->   Operation 42 'load' 'kernel_data_V_1_32_load' <Predicate = true> <Delay = 0.00>
ST_2 : Operation 43 [1/1] (0.00ns)   --->   "%kernel_data_V_1_33_load = load i8* @kernel_data_V_1_33, align 1" [firmware/nnet_utils/nnet_dense_resource.h:59]   --->   Operation 43 'load' 'kernel_data_V_1_33_load' <Predicate = true> <Delay = 0.00>
ST_2 : Operation 44 [1/1] (0.00ns)   --->   "%kernel_data_V_1_34_load = load i8* @kernel_data_V_1_34, align 1" [firmware/nnet_utils/nnet_dense_resource.h:59]   --->   Operation 44 'load' 'kernel_data_V_1_34_load' <Predicate = true> <Delay = 0.00>
ST_2 : Operation 45 [1/1] (0.00ns)   --->   "%kernel_data_V_1_35_load = load i8* @kernel_data_V_1_35, align 1" [firmware/nnet_utils/nnet_dense_resource.h:59]   --->   Operation 45 'load' 'kernel_data_V_1_35_load' <Predicate = true> <Delay = 0.00>
ST_2 : Operation 46 [1/1] (3.20ns)   --->   "%tmp = call i8 @_ssdm_op_Mux.ap_auto.36i8.i6(i8 %kernel_data_V_1_0_load, i8 %kernel_data_V_1_1_load, i8 %kernel_data_V_1_2_load, i8 %kernel_data_V_1_3_load, i8 %kernel_data_V_1_4_load, i8 %kernel_data_V_1_5_load, i8 %kernel_data_V_1_6_load, i8 %kernel_data_V_1_7_load, i8 %kernel_data_V_1_8_load, i8 %kernel_data_V_1_9_load, i8 %kernel_data_V_1_10_load, i8 %kernel_data_V_1_11_load, i8 %kernel_data_V_1_12_load, i8 %kernel_data_V_1_13_load, i8 %kernel_data_V_1_14_load, i8 %kernel_data_V_1_15_load, i8 %kernel_data_V_1_16_load, i8 %kernel_data_V_1_17_load, i8 %kernel_data_V_1_18_load, i8 %kernel_data_V_1_19_load, i8 %kernel_data_V_1_20_load, i8 %kernel_data_V_1_21_load, i8 %kernel_data_V_1_22_load, i8 %kernel_data_V_1_23_load, i8 %kernel_data_V_1_24_load, i8 %kernel_data_V_1_25_load, i8 %kernel_data_V_1_26_load, i8 %kernel_data_V_1_27_load, i8 %kernel_data_V_1_28_load, i8 %kernel_data_V_1_29_load, i8 %kernel_data_V_1_30_load, i8 %kernel_data_V_1_31_load, i8 %kernel_data_V_1_32_load, i8 %kernel_data_V_1_33_load, i8 %kernel_data_V_1_34_load, i8 %kernel_data_V_1_35_load, i6 %in_index7)" [firmware/nnet_utils/nnet_dense_resource.h:59]   --->   Operation 46 'mux' 'tmp' <Predicate = true> <Delay = 3.20> <Core = "MuxnS">   --->   Core 31 'MuxnS' <Latency = 0> <II = 1> <Delay = 3.20> <FuncUnit> <Opcode : 'mux'> <InPorts = 2> <OutPorts = 1>
ST_2 : Operation 47 [1/1] (0.00ns)   --->   "%w13_V_addr = getelementptr [36 x i3]* @w13_V, i64 0, i64 %zext_ln59" [firmware/nnet_utils/nnet_dense_resource.h:59]   --->   Operation 47 'getelementptr' 'w13_V_addr' <Predicate = true> <Delay = 0.00>
ST_2 : Operation 48 [2/2] (3.25ns)   --->   "%w13_V_load = load i3* %w13_V_addr, align 1" [firmware/nnet_utils/nnet_dense_resource.h:59]   --->   Operation 48 'load' 'w13_V_load' <Predicate = true> <Delay = 3.25> <Core = "ROM_nP_BRAM">   --->   Core 55 'ROM_nP_BRAM' <Latency = 1> <II = 1> <Delay = 3.25> <Storage> <Opcode : 'load'> <Ports = 0> <Width = 3> <Depth = 36> <ROM>
ST_2 : Operation 49 [1/1] (1.82ns)   --->   "%in_index = add i6 %in_index7, 1" [firmware/nnet_utils/nnet_dense_resource.h:46]   --->   Operation 49 'add' 'in_index' <Predicate = true> <Delay = 1.82> <Core = "AddSub">   --->   Core 14 'AddSub' <Latency = 0> <II = 1> <Delay = 1.82> <FuncUnit> <Opcode : 'add' 'sub'> <InPorts = 2> <OutPorts = 1>
ST_2 : Operation 50 [1/1] (1.42ns)   --->   "%icmp_ln46 = icmp eq i6 %in_index7, -29" [firmware/nnet_utils/nnet_dense_resource.h:46]   --->   Operation 50 'icmp' 'icmp_ln46' <Predicate = true> <Delay = 1.42> <Core = "Cmp">   --->   Core 25 'Cmp' <Latency = 0> <II = 1> <Delay = 1.42> <FuncUnit> <Opcode : 'icmp'> <InPorts = 2> <OutPorts = 1>
ST_2 : Operation 51 [1/1] (0.00ns)   --->   "br label %rewind_header" [firmware/nnet_utils/nnet_dense_resource.h:32]   --->   Operation 51 'br' <Predicate = (icmp_ln46)> <Delay = 0.00>

State 3 <SV = 2> <Delay = 3.25>
ST_3 : Operation 52 [1/2] (3.25ns)   --->   "%w13_V_load = load i3* %w13_V_addr, align 1" [firmware/nnet_utils/nnet_dense_resource.h:59]   --->   Operation 52 'load' 'w13_V_load' <Predicate = true> <Delay = 3.25> <Core = "ROM_nP_BRAM">   --->   Core 55 'ROM_nP_BRAM' <Latency = 1> <II = 1> <Delay = 3.25> <Storage> <Opcode : 'load'> <Ports = 0> <Width = 3> <Depth = 36> <ROM>

State 4 <SV = 3> <Delay = 4.17>
ST_4 : Operation 53 [1/1] (0.00ns)   --->   "%sext_ln1116 = sext i8 %tmp to i11" [firmware/nnet_utils/nnet_mult.h:73->firmware/nnet_utils/nnet_dense_resource.h:59]   --->   Operation 53 'sext' 'sext_ln1116' <Predicate = true> <Delay = 0.00>
ST_4 : Operation 54 [1/1] (0.00ns)   --->   "%sext_ln1118 = sext i3 %w13_V_load to i11" [firmware/nnet_utils/nnet_mult.h:73->firmware/nnet_utils/nnet_dense_resource.h:59]   --->   Operation 54 'sext' 'sext_ln1118' <Predicate = true> <Delay = 0.00>
ST_4 : Operation 55 [1/1] (4.17ns)   --->   "%r_V = mul i11 %sext_ln1116, %sext_ln1118" [firmware/nnet_utils/nnet_mult.h:73->firmware/nnet_utils/nnet_dense_resource.h:59]   --->   Operation 55 'mul' 'r_V' <Predicate = true> <Delay = 4.17> <Core = "Mul">   --->   Core 16 'Mul' <Latency = 0> <II = 1> <Delay = 4.17> <FuncUnit> <Opcode : 'mul'> <InPorts = 2> <OutPorts = 1>
ST_4 : Operation 56 [1/1] (0.00ns)   --->   "%trunc_ln = call i8 @_ssdm_op_PartSelect.i8.i11.i32.i32(i11 %r_V, i32 3, i32 10)" [firmware/nnet_utils/nnet_dense_resource.h:59]   --->   Operation 56 'partselect' 'trunc_ln' <Predicate = true> <Delay = 0.00>

State 5 <SV = 4> <Delay = 1.91>
ST_5 : Operation 57 [1/1] (0.00ns)   --->   "%do_init = phi i1 [ true, %hls_label_35_begin ], [ false, %ReuseLoop ], [ true, %"dense_resource_rf_leq_nin<ap_fixed<8, 4, 5, 3, 0>, ap_fixed<8, 4, 5, 3, 0>, config13_mult>.0.0.exit" ]"   --->   Operation 57 'phi' 'do_init' <Predicate = true> <Delay = 0.00>
ST_5 : Operation 58 [1/1] (0.00ns)   --->   "%res_V_write_assign5 = phi i8 [ 0, %hls_label_35_begin ], [ %acc_0_V, %ReuseLoop ], [ 0, %"dense_resource_rf_leq_nin<ap_fixed<8, 4, 5, 3, 0>, ap_fixed<8, 4, 5, 3, 0>, config13_mult>.0.0.exit" ]"   --->   Operation 58 'phi' 'res_V_write_assign5' <Predicate = true> <Delay = 0.00>
ST_5 : Operation 59 [1/1] (0.00ns)   --->   "br i1 %do_init, label %hls_label_35_end, label %ReuseLoop"   --->   Operation 59 'br' <Predicate = true> <Delay = 0.00>
ST_5 : Operation 60 [1/1] (0.00ns)   --->   "call void (...)* @_ssdm_op_SpecMemCore([36 x i3]* @w13_V, [1 x i8]* @p_str17, [12 x i8]* @p_str45, [1 x i8]* @p_str17, i32 -1, [1 x i8]* @p_str17, [1 x i8]* @p_str17, [1 x i8]* @p_str17, [1 x i8]* @p_str17, [1 x i8]* @p_str17)" [firmware/nnet_utils/nnet_dense_resource.h:33]   --->   Operation 60 'specmemcore' <Predicate = (do_init)> <Delay = 0.00>
ST_5 : Operation 61 [1/1] (0.00ns)   --->   "%empty_198 = call i32 (...)* @_ssdm_op_SpecRegionEnd([13 x i8]* @p_str44, i32 %tmp_i)" [firmware/nnet_utils/nnet_dense_resource.h:34]   --->   Operation 61 'specregionend' 'empty_198' <Predicate = (do_init)> <Delay = 0.00>
ST_5 : Operation 62 [1/1] (0.00ns)   --->   "br label %ReuseLoop" [firmware/nnet_utils/nnet_dense_resource.h:46]   --->   Operation 62 'br' <Predicate = (do_init)> <Delay = 0.00>
ST_5 : Operation 63 [1/1] (0.00ns)   --->   "call void (...)* @_ssdm_op_SpecLoopName([10 x i8]* @p_str47) nounwind" [firmware/nnet_utils/nnet_dense_resource.h:46]   --->   Operation 63 'specloopname' <Predicate = true> <Delay = 0.00>
ST_5 : Operation 64 [1/1] (0.00ns)   --->   "%tmp_77_i = call i32 (...)* @_ssdm_op_SpecRegionBegin([10 x i8]* @p_str47)" [firmware/nnet_utils/nnet_dense_resource.h:46]   --->   Operation 64 'specregionbegin' 'tmp_77_i' <Predicate = true> <Delay = 0.00>
ST_5 : Operation 65 [1/1] (0.00ns)   --->   "call void (...)* @_ssdm_op_SpecPipeline(i32 1, i32 1, i32 1, i32 0, [1 x i8]* @p_str17) nounwind" [firmware/nnet_utils/nnet_dense_resource.h:47]   --->   Operation 65 'specpipeline' <Predicate = true> <Delay = 0.00>
ST_5 : Operation 66 [1/1] (1.91ns)   --->   "%acc_0_V = add i8 %trunc_ln, %res_V_write_assign5" [firmware/nnet_utils/nnet_dense_resource.h:59]   --->   Operation 66 'add' 'acc_0_V' <Predicate = true> <Delay = 1.91> <Core = "AddSub">   --->   Core 14 'AddSub' <Latency = 0> <II = 1> <Delay = 1.82> <FuncUnit> <Opcode : 'add' 'sub'> <InPorts = 2> <OutPorts = 1>
ST_5 : Operation 67 [1/1] (0.00ns)   --->   "%empty = call i32 (...)* @_ssdm_op_SpecRegionEnd([10 x i8]* @p_str47, i32 %tmp_77_i)" [firmware/nnet_utils/nnet_dense_resource.h:76]   --->   Operation 67 'specregionend' 'empty' <Predicate = true> <Delay = 0.00>
ST_5 : Operation 68 [1/1] (0.00ns)   --->   "%empty_197 = call i32 (...)* @_ssdm_op_SpecLoopTripCount(i64 36, i64 36, i64 36)"   --->   Operation 68 'speclooptripcount' 'empty_197' <Predicate = true> <Delay = 0.00>
ST_5 : Operation 69 [1/1] (0.00ns)   --->   "br i1 %icmp_ln46, label %"dense_resource_rf_leq_nin<ap_fixed<8, 4, 5, 3, 0>, ap_fixed<8, 4, 5, 3, 0>, config13_mult>.0.0.exit", label %rewind_header" [firmware/nnet_utils/nnet_dense_resource.h:46]   --->   Operation 69 'br' <Predicate = true> <Delay = 0.00>
ST_5 : Operation 70 [1/1] (0.00ns)   --->   "call void (...)* @_ssdm_op_Return(i8 %acc_0_V)" [firmware/nnet_utils/nnet_dense_resource.h:32]   --->   Operation 70 'return' <Predicate = (icmp_ln46)> <Delay = 0.00>


============================================================
+ Verbose Summary: Timing violations
============================================================
Target clock period: 5ns, clock uncertainty: 0.625ns.

 <State 1>: 1.77ns
The critical path consists of the following:
	multiplexor before 'phi' operation ('do_init') [43]  (1.77 ns)

 <State 2>: 3.25ns
The critical path consists of the following:
	'phi' operation ('ir') with incoming values : ('ir', firmware/nnet_utils/nnet_dense_resource.h:46) [44]  (0 ns)
	'getelementptr' operation ('w13_V_addr', firmware/nnet_utils/nnet_dense_resource.h:59) [93]  (0 ns)
	'load' operation ('w13_V_load', firmware/nnet_utils/nnet_dense_resource.h:59) on array 'w13_V' [94]  (3.25 ns)

 <State 3>: 3.25ns
The critical path consists of the following:
	'load' operation ('w13_V_load', firmware/nnet_utils/nnet_dense_resource.h:59) on array 'w13_V' [94]  (3.25 ns)

 <State 4>: 4.17ns
The critical path consists of the following:
	'mul' operation ('r.V', firmware/nnet_utils/nnet_mult.h:73->firmware/nnet_utils/nnet_dense_resource.h:59) [97]  (4.17 ns)

 <State 5>: 1.92ns
The critical path consists of the following:
	'phi' operation ('acc[0].V') with incoming values : ('acc[0].V', firmware/nnet_utils/nnet_dense_resource.h:59) [45]  (0 ns)
	'add' operation ('acc[0].V', firmware/nnet_utils/nnet_dense_resource.h:59) [99]  (1.92 ns)
	'return' operation ('return_ln32', firmware/nnet_utils/nnet_dense_resource.h:32) [106]  (0 ns)


============================================================
+ Verbose Summary: Binding
============================================================
N/A
* FSMD analyzer results:
  - Output states:
 - Input state : 
  - Chain level:
	State 1
	State 2
	State 3
	State 4
	State 5


============================================================
+ Verbose Summary: Datapath Resource usage 
============================================================
N/A
