

================================================================
== Vivado HLS Report for 'dense_resource_rf_gt_nin_rem0_ap_fixed_ap_fixed_config11_mult_0_0_0_0_0'
================================================================
* Date:           Fri Jun 27 00:00:35 2025

* Version:        2020.1 (Build 2897737 on Wed May 27 20:21:37 MDT 2020)
* Project:        myproject_prj
* Solution:       solution1
* Product family: zynq
* Target device:  xc7z020-clg400-1


================================================================
== Performance Estimates
================================================================
+ Timing: 
    * Summary: 
    +--------+---------+----------+------------+
    |  Clock |  Target | Estimated| Uncertainty|
    +--------+---------+----------+------------+
    |ap_clk  | 5.00 ns | 5.723 ns |   0.62 ns  |
    +--------+---------+----------+------------+

+ Latency: 
    * Summary: 
    +---------+---------+----------+----------+-----+-----+---------------------------------------------+
    |  Latency (cycles) |  Latency (absolute) |  Interval |                   Pipeline                  |
    |   min   |   max   |    min   |    max   | min | max |                     Type                    |
    +---------+---------+----------+----------+-----+-----+---------------------------------------------+
    |      291|      292| 1.665 us | 1.671 us |  288|  288| loop rewind(delay=0 initiation interval(s)) |
    +---------+---------+----------+----------+-----+-----+---------------------------------------------+

    + Detail: 
        * Instance: 
        N/A

        * Loop: 
        +-------------+---------+---------+----------+-----------+-----------+------+----------+
        |             |  Latency (cycles) | Iteration|  Initiation Interval  | Trip |          |
        |  Loop Name  |   min   |   max   |  Latency |  achieved |   target  | Count| Pipelined|
        +-------------+---------+---------+----------+-----------+-----------+------+----------+
        |- ReuseLoop  |      291|      291|         5|          1|          1|   288|    yes   |
        +-------------+---------+---------+----------+-----------+-----------+------+----------+

============================================================
+ Verbose Summary: Synthesis Manager
============================================================
InlineROM: 1
ExposeGlobal: 0
============================================================
+ Verbose Summary: CDFG Model
============================================================
IsTopModel: 0
ResetActiveHigh: 1
IsCombinational: 0
IsDatapathOnly: 0
HasWiredReturn: 1
HasMFsm: 0
HasVarLatency: 1
IsPipeline: 0
IsRtlPipelined: 0
IsInstanceOverlapped: 0
IsDontTouch: 0
HasImplIP: 0
IsGatedGlobalClock: 0

+ Individual pipeline summary: 
  * Pipeline-0: initiation interval (II) = 1, depth = 5


============================================================
+ Verbose Summary: Schedule
============================================================
* Number of FSM states : 6
* Pipeline : 1
  Pipeline-0 : II = 1, D = 5, States = { 2 3 4 5 6 }
* Dataflow Pipeline: 0

* FSM state transitions: 
1 --> 2 
2 --> 3 
3 --> 4 
4 --> 5 
5 --> 6 
6 --> 2 

* FSM state operations: 

State 1 <SV = 0> <Delay = 1.76>
ST_1 : Operation 7 [1/1] (0.00ns)   --->   "%tmp_i = call i32 (...)* @_ssdm_op_SpecRegionBegin([13 x i8]* @p_str70)" [firmware/nnet_utils/nnet_dense_resource.h:106]   --->   Operation 7 'specregionbegin' 'tmp_i' <Predicate = true> <Delay = 0.00>
ST_1 : Operation 8 [1/1] (1.76ns)   --->   "br label %rewind_header" [firmware/nnet_utils/nnet_dense_resource.h:135]   --->   Operation 8 'br' <Predicate = true> <Delay = 1.76>

State 2 <SV = 1> <Delay = 5.02>
ST_2 : Operation 9 [1/1] (0.00ns)   --->   "%w_index30 = phi i9 [ 0, %hls_label_28_begin ], [ %w_index, %ReuseLoop_end ], [ 0, %"dense_resource_rf_gt_nin_rem0<ap_fixed<8, 4, 5, 3, 0>, ap_fixed<8, 4, 5, 3, 0>, config11_mult>.0.0.0.0.0.exit" ]"   --->   Operation 9 'phi' 'w_index30' <Predicate = true> <Delay = 0.00>
ST_2 : Operation 10 [1/1] (0.00ns)   --->   "%in_index_0_i29 = phi i32 [ 0, %hls_label_28_begin ], [ %select_ln154, %ReuseLoop_end ], [ 0, %"dense_resource_rf_gt_nin_rem0<ap_fixed<8, 4, 5, 3, 0>, ap_fixed<8, 4, 5, 3, 0>, config11_mult>.0.0.0.0.0.exit" ]" [firmware/nnet_utils/nnet_dense_resource.h:154]   --->   Operation 10 'phi' 'in_index_0_i29' <Predicate = true> <Delay = 0.00>
ST_2 : Operation 11 [1/1] (0.00ns)   --->   "%zext_ln139 = zext i9 %w_index30 to i64" [firmware/nnet_utils/nnet_dense_resource.h:139]   --->   Operation 11 'zext' 'zext_ln139' <Predicate = true> <Delay = 0.00>
ST_2 : Operation 12 [1/1] (0.00ns)   --->   "%outidx_addr = getelementptr [288 x i2]* @outidx, i64 0, i64 %zext_ln139" [firmware/nnet_utils/nnet_dense_resource.h:139]   --->   Operation 12 'getelementptr' 'outidx_addr' <Predicate = true> <Delay = 0.00>
ST_2 : Operation 13 [2/2] (3.25ns)   --->   "%out_index = load i2* %outidx_addr, align 1" [firmware/nnet_utils/nnet_dense_resource.h:139]   --->   Operation 13 'load' 'out_index' <Predicate = true> <Delay = 3.25> <Core = "ROM_nP">   --->   Core 52 'ROM_nP' <Latency = 1> <II = 1> <Delay = 3.25> <Storage> <Opcode : 'load'> <Ports = 0> <Width = 2> <Depth = 288> <ROM>
ST_2 : Operation 14 [1/1] (0.00ns)   --->   "%w11_V_addr = getelementptr [288 x i3]* @w11_V, i64 0, i64 %zext_ln139" [firmware/nnet_utils/nnet_dense_resource.h:145]   --->   Operation 14 'getelementptr' 'w11_V_addr' <Predicate = true> <Delay = 0.00>
ST_2 : Operation 15 [2/2] (3.25ns)   --->   "%w11_V_load = load i3* %w11_V_addr, align 1" [firmware/nnet_utils/nnet_dense_resource.h:145]   --->   Operation 15 'load' 'w11_V_load' <Predicate = true> <Delay = 3.25> <Core = "ROM_nP_BRAM">   --->   Core 55 'ROM_nP_BRAM' <Latency = 1> <II = 1> <Delay = 3.25> <Storage> <Opcode : 'load'> <Ports = 0> <Width = 3> <Depth = 288> <ROM>
ST_2 : Operation 16 [1/1] (1.82ns)   --->   "%w_index = add i9 1, %w_index30" [firmware/nnet_utils/nnet_dense_resource.h:135]   --->   Operation 16 'add' 'w_index' <Predicate = true> <Delay = 1.82> <Core = "AddSub">   --->   Core 14 'AddSub' <Latency = 0> <II = 1> <Delay = 2.55> <FuncUnit> <Opcode : 'add' 'sub'> <InPorts = 2> <OutPorts = 1>
ST_2 : Operation 17 [1/1] (2.55ns)   --->   "%in_index = add nsw i32 %in_index_0_i29, 1" [firmware/nnet_utils/nnet_dense_resource.h:153]   --->   Operation 17 'add' 'in_index' <Predicate = true> <Delay = 2.55> <Core = "AddSub">   --->   Core 14 'AddSub' <Latency = 0> <II = 1> <Delay = 2.55> <FuncUnit> <Opcode : 'add' 'sub'> <InPorts = 2> <OutPorts = 1>
ST_2 : Operation 18 [1/1] (2.47ns)   --->   "%icmp_ln154 = icmp sgt i32 %in_index, 71" [firmware/nnet_utils/nnet_dense_resource.h:154]   --->   Operation 18 'icmp' 'icmp_ln154' <Predicate = true> <Delay = 2.47> <Core = "Cmp">   --->   Core 25 'Cmp' <Latency = 0> <II = 1> <Delay = 1.66> <FuncUnit> <Opcode : 'icmp'> <InPorts = 2> <OutPorts = 1>
ST_2 : Operation 19 [1/1] (1.66ns)   --->   "%icmp_ln135 = icmp eq i9 %w_index30, -225" [firmware/nnet_utils/nnet_dense_resource.h:135]   --->   Operation 19 'icmp' 'icmp_ln135' <Predicate = true> <Delay = 1.66> <Core = "Cmp">   --->   Core 25 'Cmp' <Latency = 0> <II = 1> <Delay = 1.66> <FuncUnit> <Opcode : 'icmp'> <InPorts = 2> <OutPorts = 1>
ST_2 : Operation 20 [1/1] (0.00ns)   --->   "br label %rewind_header"   --->   Operation 20 'br' <Predicate = (icmp_ln135)> <Delay = 0.00>

State 3 <SV = 2> <Delay = 5.72>
ST_3 : Operation 21 [1/2] (3.25ns)   --->   "%out_index = load i2* %outidx_addr, align 1" [firmware/nnet_utils/nnet_dense_resource.h:139]   --->   Operation 21 'load' 'out_index' <Predicate = true> <Delay = 3.25> <Core = "ROM_nP">   --->   Core 52 'ROM_nP' <Latency = 1> <II = 1> <Delay = 3.25> <Storage> <Opcode : 'load'> <Ports = 0> <Width = 2> <Depth = 288> <ROM>
ST_3 : Operation 22 [1/1] (0.00ns)   --->   "%trunc_ln145 = trunc i32 %in_index_0_i29 to i7" [firmware/nnet_utils/nnet_dense_resource.h:145]   --->   Operation 22 'trunc' 'trunc_ln145' <Predicate = true> <Delay = 0.00>
ST_3 : Operation 23 [1/1] (0.00ns)   --->   "%kernel_data_V_3_0_load = load i8* @kernel_data_V_3_0, align 1" [firmware/nnet_utils/nnet_dense_resource.h:145]   --->   Operation 23 'load' 'kernel_data_V_3_0_load' <Predicate = true> <Delay = 0.00>
ST_3 : Operation 24 [1/1] (0.00ns)   --->   "%kernel_data_V_3_1_load = load i8* @kernel_data_V_3_1, align 1" [firmware/nnet_utils/nnet_dense_resource.h:145]   --->   Operation 24 'load' 'kernel_data_V_3_1_load' <Predicate = true> <Delay = 0.00>
ST_3 : Operation 25 [1/1] (0.00ns)   --->   "%kernel_data_V_3_2_load = load i8* @kernel_data_V_3_2, align 1" [firmware/nnet_utils/nnet_dense_resource.h:145]   --->   Operation 25 'load' 'kernel_data_V_3_2_load' <Predicate = true> <Delay = 0.00>
ST_3 : Operation 26 [1/1] (0.00ns)   --->   "%kernel_data_V_3_3_load = load i8* @kernel_data_V_3_3, align 1" [firmware/nnet_utils/nnet_dense_resource.h:145]   --->   Operation 26 'load' 'kernel_data_V_3_3_load' <Predicate = true> <Delay = 0.00>
ST_3 : Operation 27 [1/1] (0.00ns)   --->   "%kernel_data_V_3_4_load = load i8* @kernel_data_V_3_4, align 1" [firmware/nnet_utils/nnet_dense_resource.h:145]   --->   Operation 27 'load' 'kernel_data_V_3_4_load' <Predicate = true> <Delay = 0.00>
ST_3 : Operation 28 [1/1] (0.00ns)   --->   "%kernel_data_V_3_5_load = load i8* @kernel_data_V_3_5, align 1" [firmware/nnet_utils/nnet_dense_resource.h:145]   --->   Operation 28 'load' 'kernel_data_V_3_5_load' <Predicate = true> <Delay = 0.00>
ST_3 : Operation 29 [1/1] (0.00ns)   --->   "%kernel_data_V_3_6_load = load i8* @kernel_data_V_3_6, align 1" [firmware/nnet_utils/nnet_dense_resource.h:145]   --->   Operation 29 'load' 'kernel_data_V_3_6_load' <Predicate = true> <Delay = 0.00>
ST_3 : Operation 30 [1/1] (0.00ns)   --->   "%kernel_data_V_3_7_load = load i8* @kernel_data_V_3_7, align 1" [firmware/nnet_utils/nnet_dense_resource.h:145]   --->   Operation 30 'load' 'kernel_data_V_3_7_load' <Predicate = true> <Delay = 0.00>
ST_3 : Operation 31 [1/1] (0.00ns)   --->   "%kernel_data_V_3_8_load = load i8* @kernel_data_V_3_8, align 1" [firmware/nnet_utils/nnet_dense_resource.h:145]   --->   Operation 31 'load' 'kernel_data_V_3_8_load' <Predicate = true> <Delay = 0.00>
ST_3 : Operation 32 [1/1] (0.00ns)   --->   "%kernel_data_V_3_9_load = load i8* @kernel_data_V_3_9, align 1" [firmware/nnet_utils/nnet_dense_resource.h:145]   --->   Operation 32 'load' 'kernel_data_V_3_9_load' <Predicate = true> <Delay = 0.00>
ST_3 : Operation 33 [1/1] (0.00ns)   --->   "%kernel_data_V_3_10_load = load i8* @kernel_data_V_3_10, align 1" [firmware/nnet_utils/nnet_dense_resource.h:145]   --->   Operation 33 'load' 'kernel_data_V_3_10_load' <Predicate = true> <Delay = 0.00>
ST_3 : Operation 34 [1/1] (0.00ns)   --->   "%kernel_data_V_3_11_load = load i8* @kernel_data_V_3_11, align 1" [firmware/nnet_utils/nnet_dense_resource.h:145]   --->   Operation 34 'load' 'kernel_data_V_3_11_load' <Predicate = true> <Delay = 0.00>
ST_3 : Operation 35 [1/1] (0.00ns)   --->   "%kernel_data_V_3_12_load = load i8* @kernel_data_V_3_12, align 1" [firmware/nnet_utils/nnet_dense_resource.h:145]   --->   Operation 35 'load' 'kernel_data_V_3_12_load' <Predicate = true> <Delay = 0.00>
ST_3 : Operation 36 [1/1] (0.00ns)   --->   "%kernel_data_V_3_13_load = load i8* @kernel_data_V_3_13, align 1" [firmware/nnet_utils/nnet_dense_resource.h:145]   --->   Operation 36 'load' 'kernel_data_V_3_13_load' <Predicate = true> <Delay = 0.00>
ST_3 : Operation 37 [1/1] (0.00ns)   --->   "%kernel_data_V_3_14_load = load i8* @kernel_data_V_3_14, align 1" [firmware/nnet_utils/nnet_dense_resource.h:145]   --->   Operation 37 'load' 'kernel_data_V_3_14_load' <Predicate = true> <Delay = 0.00>
ST_3 : Operation 38 [1/1] (0.00ns)   --->   "%kernel_data_V_3_15_load = load i8* @kernel_data_V_3_15, align 1" [firmware/nnet_utils/nnet_dense_resource.h:145]   --->   Operation 38 'load' 'kernel_data_V_3_15_load' <Predicate = true> <Delay = 0.00>
ST_3 : Operation 39 [1/1] (0.00ns)   --->   "%kernel_data_V_3_16_load = load i8* @kernel_data_V_3_16, align 1" [firmware/nnet_utils/nnet_dense_resource.h:145]   --->   Operation 39 'load' 'kernel_data_V_3_16_load' <Predicate = true> <Delay = 0.00>
ST_3 : Operation 40 [1/1] (0.00ns)   --->   "%kernel_data_V_3_17_load = load i8* @kernel_data_V_3_17, align 1" [firmware/nnet_utils/nnet_dense_resource.h:145]   --->   Operation 40 'load' 'kernel_data_V_3_17_load' <Predicate = true> <Delay = 0.00>
ST_3 : Operation 41 [1/1] (0.00ns)   --->   "%kernel_data_V_3_18_load = load i8* @kernel_data_V_3_18, align 1" [firmware/nnet_utils/nnet_dense_resource.h:145]   --->   Operation 41 'load' 'kernel_data_V_3_18_load' <Predicate = true> <Delay = 0.00>
ST_3 : Operation 42 [1/1] (0.00ns)   --->   "%kernel_data_V_3_19_load = load i8* @kernel_data_V_3_19, align 1" [firmware/nnet_utils/nnet_dense_resource.h:145]   --->   Operation 42 'load' 'kernel_data_V_3_19_load' <Predicate = true> <Delay = 0.00>
ST_3 : Operation 43 [1/1] (0.00ns)   --->   "%kernel_data_V_3_20_load = load i8* @kernel_data_V_3_20, align 1" [firmware/nnet_utils/nnet_dense_resource.h:145]   --->   Operation 43 'load' 'kernel_data_V_3_20_load' <Predicate = true> <Delay = 0.00>
ST_3 : Operation 44 [1/1] (0.00ns)   --->   "%kernel_data_V_3_21_load = load i8* @kernel_data_V_3_21, align 1" [firmware/nnet_utils/nnet_dense_resource.h:145]   --->   Operation 44 'load' 'kernel_data_V_3_21_load' <Predicate = true> <Delay = 0.00>
ST_3 : Operation 45 [1/1] (0.00ns)   --->   "%kernel_data_V_3_22_load = load i8* @kernel_data_V_3_22, align 1" [firmware/nnet_utils/nnet_dense_resource.h:145]   --->   Operation 45 'load' 'kernel_data_V_3_22_load' <Predicate = true> <Delay = 0.00>
ST_3 : Operation 46 [1/1] (0.00ns)   --->   "%kernel_data_V_3_23_load = load i8* @kernel_data_V_3_23, align 1" [firmware/nnet_utils/nnet_dense_resource.h:145]   --->   Operation 46 'load' 'kernel_data_V_3_23_load' <Predicate = true> <Delay = 0.00>
ST_3 : Operation 47 [1/1] (0.00ns)   --->   "%kernel_data_V_3_24_load = load i8* @kernel_data_V_3_24, align 1" [firmware/nnet_utils/nnet_dense_resource.h:145]   --->   Operation 47 'load' 'kernel_data_V_3_24_load' <Predicate = true> <Delay = 0.00>
ST_3 : Operation 48 [1/1] (0.00ns)   --->   "%kernel_data_V_3_25_load = load i8* @kernel_data_V_3_25, align 1" [firmware/nnet_utils/nnet_dense_resource.h:145]   --->   Operation 48 'load' 'kernel_data_V_3_25_load' <Predicate = true> <Delay = 0.00>
ST_3 : Operation 49 [1/1] (0.00ns)   --->   "%kernel_data_V_3_26_load = load i8* @kernel_data_V_3_26, align 1" [firmware/nnet_utils/nnet_dense_resource.h:145]   --->   Operation 49 'load' 'kernel_data_V_3_26_load' <Predicate = true> <Delay = 0.00>
ST_3 : Operation 50 [1/1] (0.00ns)   --->   "%kernel_data_V_3_27_load = load i8* @kernel_data_V_3_27, align 1" [firmware/nnet_utils/nnet_dense_resource.h:145]   --->   Operation 50 'load' 'kernel_data_V_3_27_load' <Predicate = true> <Delay = 0.00>
ST_3 : Operation 51 [1/1] (0.00ns)   --->   "%kernel_data_V_3_28_load = load i8* @kernel_data_V_3_28, align 1" [firmware/nnet_utils/nnet_dense_resource.h:145]   --->   Operation 51 'load' 'kernel_data_V_3_28_load' <Predicate = true> <Delay = 0.00>
ST_3 : Operation 52 [1/1] (0.00ns)   --->   "%kernel_data_V_3_29_load = load i8* @kernel_data_V_3_29, align 1" [firmware/nnet_utils/nnet_dense_resource.h:145]   --->   Operation 52 'load' 'kernel_data_V_3_29_load' <Predicate = true> <Delay = 0.00>
ST_3 : Operation 53 [1/1] (0.00ns)   --->   "%kernel_data_V_3_30_load = load i8* @kernel_data_V_3_30, align 1" [firmware/nnet_utils/nnet_dense_resource.h:145]   --->   Operation 53 'load' 'kernel_data_V_3_30_load' <Predicate = true> <Delay = 0.00>
ST_3 : Operation 54 [1/1] (0.00ns)   --->   "%kernel_data_V_3_31_load = load i8* @kernel_data_V_3_31, align 1" [firmware/nnet_utils/nnet_dense_resource.h:145]   --->   Operation 54 'load' 'kernel_data_V_3_31_load' <Predicate = true> <Delay = 0.00>
ST_3 : Operation 55 [1/1] (0.00ns)   --->   "%kernel_data_V_3_32_load = load i8* @kernel_data_V_3_32, align 1" [firmware/nnet_utils/nnet_dense_resource.h:145]   --->   Operation 55 'load' 'kernel_data_V_3_32_load' <Predicate = true> <Delay = 0.00>
ST_3 : Operation 56 [1/1] (0.00ns)   --->   "%kernel_data_V_3_33_load = load i8* @kernel_data_V_3_33, align 1" [firmware/nnet_utils/nnet_dense_resource.h:145]   --->   Operation 56 'load' 'kernel_data_V_3_33_load' <Predicate = true> <Delay = 0.00>
ST_3 : Operation 57 [1/1] (0.00ns)   --->   "%kernel_data_V_3_34_load = load i8* @kernel_data_V_3_34, align 1" [firmware/nnet_utils/nnet_dense_resource.h:145]   --->   Operation 57 'load' 'kernel_data_V_3_34_load' <Predicate = true> <Delay = 0.00>
ST_3 : Operation 58 [1/1] (0.00ns)   --->   "%kernel_data_V_3_35_load = load i8* @kernel_data_V_3_35, align 1" [firmware/nnet_utils/nnet_dense_resource.h:145]   --->   Operation 58 'load' 'kernel_data_V_3_35_load' <Predicate = true> <Delay = 0.00>
ST_3 : Operation 59 [1/1] (0.00ns)   --->   "%kernel_data_V_3_36_load = load i8* @kernel_data_V_3_36, align 1" [firmware/nnet_utils/nnet_dense_resource.h:145]   --->   Operation 59 'load' 'kernel_data_V_3_36_load' <Predicate = true> <Delay = 0.00>
ST_3 : Operation 60 [1/1] (0.00ns)   --->   "%kernel_data_V_3_37_load = load i8* @kernel_data_V_3_37, align 1" [firmware/nnet_utils/nnet_dense_resource.h:145]   --->   Operation 60 'load' 'kernel_data_V_3_37_load' <Predicate = true> <Delay = 0.00>
ST_3 : Operation 61 [1/1] (0.00ns)   --->   "%kernel_data_V_3_38_load = load i8* @kernel_data_V_3_38, align 1" [firmware/nnet_utils/nnet_dense_resource.h:145]   --->   Operation 61 'load' 'kernel_data_V_3_38_load' <Predicate = true> <Delay = 0.00>
ST_3 : Operation 62 [1/1] (0.00ns)   --->   "%kernel_data_V_3_39_load = load i8* @kernel_data_V_3_39, align 1" [firmware/nnet_utils/nnet_dense_resource.h:145]   --->   Operation 62 'load' 'kernel_data_V_3_39_load' <Predicate = true> <Delay = 0.00>
ST_3 : Operation 63 [1/1] (0.00ns)   --->   "%kernel_data_V_3_40_load = load i8* @kernel_data_V_3_40, align 1" [firmware/nnet_utils/nnet_dense_resource.h:145]   --->   Operation 63 'load' 'kernel_data_V_3_40_load' <Predicate = true> <Delay = 0.00>
ST_3 : Operation 64 [1/1] (0.00ns)   --->   "%kernel_data_V_3_41_load = load i8* @kernel_data_V_3_41, align 1" [firmware/nnet_utils/nnet_dense_resource.h:145]   --->   Operation 64 'load' 'kernel_data_V_3_41_load' <Predicate = true> <Delay = 0.00>
ST_3 : Operation 65 [1/1] (0.00ns)   --->   "%kernel_data_V_3_42_load = load i8* @kernel_data_V_3_42, align 1" [firmware/nnet_utils/nnet_dense_resource.h:145]   --->   Operation 65 'load' 'kernel_data_V_3_42_load' <Predicate = true> <Delay = 0.00>
ST_3 : Operation 66 [1/1] (0.00ns)   --->   "%kernel_data_V_3_43_load = load i8* @kernel_data_V_3_43, align 1" [firmware/nnet_utils/nnet_dense_resource.h:145]   --->   Operation 66 'load' 'kernel_data_V_3_43_load' <Predicate = true> <Delay = 0.00>
ST_3 : Operation 67 [1/1] (0.00ns)   --->   "%kernel_data_V_3_44_load = load i8* @kernel_data_V_3_44, align 1" [firmware/nnet_utils/nnet_dense_resource.h:145]   --->   Operation 67 'load' 'kernel_data_V_3_44_load' <Predicate = true> <Delay = 0.00>
ST_3 : Operation 68 [1/1] (0.00ns)   --->   "%kernel_data_V_3_45_load = load i8* @kernel_data_V_3_45, align 1" [firmware/nnet_utils/nnet_dense_resource.h:145]   --->   Operation 68 'load' 'kernel_data_V_3_45_load' <Predicate = true> <Delay = 0.00>
ST_3 : Operation 69 [1/1] (0.00ns)   --->   "%kernel_data_V_3_46_load = load i8* @kernel_data_V_3_46, align 1" [firmware/nnet_utils/nnet_dense_resource.h:145]   --->   Operation 69 'load' 'kernel_data_V_3_46_load' <Predicate = true> <Delay = 0.00>
ST_3 : Operation 70 [1/1] (0.00ns)   --->   "%kernel_data_V_3_47_load = load i8* @kernel_data_V_3_47, align 1" [firmware/nnet_utils/nnet_dense_resource.h:145]   --->   Operation 70 'load' 'kernel_data_V_3_47_load' <Predicate = true> <Delay = 0.00>
ST_3 : Operation 71 [1/1] (0.00ns)   --->   "%kernel_data_V_3_48_load = load i8* @kernel_data_V_3_48, align 1" [firmware/nnet_utils/nnet_dense_resource.h:145]   --->   Operation 71 'load' 'kernel_data_V_3_48_load' <Predicate = true> <Delay = 0.00>
ST_3 : Operation 72 [1/1] (0.00ns)   --->   "%kernel_data_V_3_49_load = load i8* @kernel_data_V_3_49, align 1" [firmware/nnet_utils/nnet_dense_resource.h:145]   --->   Operation 72 'load' 'kernel_data_V_3_49_load' <Predicate = true> <Delay = 0.00>
ST_3 : Operation 73 [1/1] (0.00ns)   --->   "%kernel_data_V_3_50_load = load i8* @kernel_data_V_3_50, align 1" [firmware/nnet_utils/nnet_dense_resource.h:145]   --->   Operation 73 'load' 'kernel_data_V_3_50_load' <Predicate = true> <Delay = 0.00>
ST_3 : Operation 74 [1/1] (0.00ns)   --->   "%kernel_data_V_3_51_load = load i8* @kernel_data_V_3_51, align 1" [firmware/nnet_utils/nnet_dense_resource.h:145]   --->   Operation 74 'load' 'kernel_data_V_3_51_load' <Predicate = true> <Delay = 0.00>
ST_3 : Operation 75 [1/1] (0.00ns)   --->   "%kernel_data_V_3_52_load = load i8* @kernel_data_V_3_52, align 1" [firmware/nnet_utils/nnet_dense_resource.h:145]   --->   Operation 75 'load' 'kernel_data_V_3_52_load' <Predicate = true> <Delay = 0.00>
ST_3 : Operation 76 [1/1] (0.00ns)   --->   "%kernel_data_V_3_53_load = load i8* @kernel_data_V_3_53, align 1" [firmware/nnet_utils/nnet_dense_resource.h:145]   --->   Operation 76 'load' 'kernel_data_V_3_53_load' <Predicate = true> <Delay = 0.00>
ST_3 : Operation 77 [1/1] (0.00ns)   --->   "%kernel_data_V_3_54_load = load i8* @kernel_data_V_3_54, align 1" [firmware/nnet_utils/nnet_dense_resource.h:145]   --->   Operation 77 'load' 'kernel_data_V_3_54_load' <Predicate = true> <Delay = 0.00>
ST_3 : Operation 78 [1/1] (0.00ns)   --->   "%kernel_data_V_3_55_load = load i8* @kernel_data_V_3_55, align 1" [firmware/nnet_utils/nnet_dense_resource.h:145]   --->   Operation 78 'load' 'kernel_data_V_3_55_load' <Predicate = true> <Delay = 0.00>
ST_3 : Operation 79 [1/1] (0.00ns)   --->   "%kernel_data_V_3_56_load = load i8* @kernel_data_V_3_56, align 1" [firmware/nnet_utils/nnet_dense_resource.h:145]   --->   Operation 79 'load' 'kernel_data_V_3_56_load' <Predicate = true> <Delay = 0.00>
ST_3 : Operation 80 [1/1] (0.00ns)   --->   "%kernel_data_V_3_57_load = load i8* @kernel_data_V_3_57, align 1" [firmware/nnet_utils/nnet_dense_resource.h:145]   --->   Operation 80 'load' 'kernel_data_V_3_57_load' <Predicate = true> <Delay = 0.00>
ST_3 : Operation 81 [1/1] (0.00ns)   --->   "%kernel_data_V_3_58_load = load i8* @kernel_data_V_3_58, align 1" [firmware/nnet_utils/nnet_dense_resource.h:145]   --->   Operation 81 'load' 'kernel_data_V_3_58_load' <Predicate = true> <Delay = 0.00>
ST_3 : Operation 82 [1/1] (0.00ns)   --->   "%kernel_data_V_3_59_load = load i8* @kernel_data_V_3_59, align 1" [firmware/nnet_utils/nnet_dense_resource.h:145]   --->   Operation 82 'load' 'kernel_data_V_3_59_load' <Predicate = true> <Delay = 0.00>
ST_3 : Operation 83 [1/1] (0.00ns)   --->   "%kernel_data_V_3_60_load = load i8* @kernel_data_V_3_60, align 1" [firmware/nnet_utils/nnet_dense_resource.h:145]   --->   Operation 83 'load' 'kernel_data_V_3_60_load' <Predicate = true> <Delay = 0.00>
ST_3 : Operation 84 [1/1] (0.00ns)   --->   "%kernel_data_V_3_61_load = load i8* @kernel_data_V_3_61, align 1" [firmware/nnet_utils/nnet_dense_resource.h:145]   --->   Operation 84 'load' 'kernel_data_V_3_61_load' <Predicate = true> <Delay = 0.00>
ST_3 : Operation 85 [1/1] (0.00ns)   --->   "%kernel_data_V_3_62_load = load i8* @kernel_data_V_3_62, align 1" [firmware/nnet_utils/nnet_dense_resource.h:145]   --->   Operation 85 'load' 'kernel_data_V_3_62_load' <Predicate = true> <Delay = 0.00>
ST_3 : Operation 86 [1/1] (0.00ns)   --->   "%kernel_data_V_3_63_load = load i8* @kernel_data_V_3_63, align 1" [firmware/nnet_utils/nnet_dense_resource.h:145]   --->   Operation 86 'load' 'kernel_data_V_3_63_load' <Predicate = true> <Delay = 0.00>
ST_3 : Operation 87 [1/1] (0.00ns)   --->   "%kernel_data_V_3_64_load = load i8* @kernel_data_V_3_64, align 1" [firmware/nnet_utils/nnet_dense_resource.h:145]   --->   Operation 87 'load' 'kernel_data_V_3_64_load' <Predicate = true> <Delay = 0.00>
ST_3 : Operation 88 [1/1] (0.00ns)   --->   "%kernel_data_V_3_65_load = load i8* @kernel_data_V_3_65, align 1" [firmware/nnet_utils/nnet_dense_resource.h:145]   --->   Operation 88 'load' 'kernel_data_V_3_65_load' <Predicate = true> <Delay = 0.00>
ST_3 : Operation 89 [1/1] (0.00ns)   --->   "%kernel_data_V_3_66_load = load i8* @kernel_data_V_3_66, align 1" [firmware/nnet_utils/nnet_dense_resource.h:145]   --->   Operation 89 'load' 'kernel_data_V_3_66_load' <Predicate = true> <Delay = 0.00>
ST_3 : Operation 90 [1/1] (0.00ns)   --->   "%kernel_data_V_3_67_load = load i8* @kernel_data_V_3_67, align 1" [firmware/nnet_utils/nnet_dense_resource.h:145]   --->   Operation 90 'load' 'kernel_data_V_3_67_load' <Predicate = true> <Delay = 0.00>
ST_3 : Operation 91 [1/1] (0.00ns)   --->   "%kernel_data_V_3_68_load = load i8* @kernel_data_V_3_68, align 1" [firmware/nnet_utils/nnet_dense_resource.h:145]   --->   Operation 91 'load' 'kernel_data_V_3_68_load' <Predicate = true> <Delay = 0.00>
ST_3 : Operation 92 [1/1] (0.00ns)   --->   "%kernel_data_V_3_69_load = load i8* @kernel_data_V_3_69, align 1" [firmware/nnet_utils/nnet_dense_resource.h:145]   --->   Operation 92 'load' 'kernel_data_V_3_69_load' <Predicate = true> <Delay = 0.00>
ST_3 : Operation 93 [1/1] (0.00ns)   --->   "%kernel_data_V_3_70_load = load i8* @kernel_data_V_3_70, align 1" [firmware/nnet_utils/nnet_dense_resource.h:145]   --->   Operation 93 'load' 'kernel_data_V_3_70_load' <Predicate = true> <Delay = 0.00>
ST_3 : Operation 94 [1/1] (0.00ns)   --->   "%kernel_data_V_3_71_load = load i8* @kernel_data_V_3_71, align 1" [firmware/nnet_utils/nnet_dense_resource.h:145]   --->   Operation 94 'load' 'kernel_data_V_3_71_load' <Predicate = true> <Delay = 0.00>
ST_3 : Operation 95 [1/1] (3.42ns)   --->   "%tmp = call i8 @_ssdm_op_Mux.ap_auto.72i8.i7(i8 %kernel_data_V_3_0_load, i8 %kernel_data_V_3_1_load, i8 %kernel_data_V_3_2_load, i8 %kernel_data_V_3_3_load, i8 %kernel_data_V_3_4_load, i8 %kernel_data_V_3_5_load, i8 %kernel_data_V_3_6_load, i8 %kernel_data_V_3_7_load, i8 %kernel_data_V_3_8_load, i8 %kernel_data_V_3_9_load, i8 %kernel_data_V_3_10_load, i8 %kernel_data_V_3_11_load, i8 %kernel_data_V_3_12_load, i8 %kernel_data_V_3_13_load, i8 %kernel_data_V_3_14_load, i8 %kernel_data_V_3_15_load, i8 %kernel_data_V_3_16_load, i8 %kernel_data_V_3_17_load, i8 %kernel_data_V_3_18_load, i8 %kernel_data_V_3_19_load, i8 %kernel_data_V_3_20_load, i8 %kernel_data_V_3_21_load, i8 %kernel_data_V_3_22_load, i8 %kernel_data_V_3_23_load, i8 %kernel_data_V_3_24_load, i8 %kernel_data_V_3_25_load, i8 %kernel_data_V_3_26_load, i8 %kernel_data_V_3_27_load, i8 %kernel_data_V_3_28_load, i8 %kernel_data_V_3_29_load, i8 %kernel_data_V_3_30_load, i8 %kernel_data_V_3_31_load, i8 %kernel_data_V_3_32_load, i8 %kernel_data_V_3_33_load, i8 %kernel_data_V_3_34_load, i8 %kernel_data_V_3_35_load, i8 %kernel_data_V_3_36_load, i8 %kernel_data_V_3_37_load, i8 %kernel_data_V_3_38_load, i8 %kernel_data_V_3_39_load, i8 %kernel_data_V_3_40_load, i8 %kernel_data_V_3_41_load, i8 %kernel_data_V_3_42_load, i8 %kernel_data_V_3_43_load, i8 %kernel_data_V_3_44_load, i8 %kernel_data_V_3_45_load, i8 %kernel_data_V_3_46_load, i8 %kernel_data_V_3_47_load, i8 %kernel_data_V_3_48_load, i8 %kernel_data_V_3_49_load, i8 %kernel_data_V_3_50_load, i8 %kernel_data_V_3_51_load, i8 %kernel_data_V_3_52_load, i8 %kernel_data_V_3_53_load, i8 %kernel_data_V_3_54_load, i8 %kernel_data_V_3_55_load, i8 %kernel_data_V_3_56_load, i8 %kernel_data_V_3_57_load, i8 %kernel_data_V_3_58_load, i8 %kernel_data_V_3_59_load, i8 %kernel_data_V_3_60_load, i8 %kernel_data_V_3_61_load, i8 %kernel_data_V_3_62_load, i8 %kernel_data_V_3_63_load, i8 %kernel_data_V_3_64_load, i8 %kernel_data_V_3_65_load, i8 %kernel_data_V_3_66_load, i8 %kernel_data_V_3_67_load, i8 %kernel_data_V_3_68_load, i8 %kernel_data_V_3_69_load, i8 %kernel_data_V_3_70_load, i8 %kernel_data_V_3_71_load, i7 %trunc_ln145)" [firmware/nnet_utils/nnet_dense_resource.h:145]   --->   Operation 95 'mux' 'tmp' <Predicate = true> <Delay = 3.42> <Core = "MuxnS">   --->   Core 31 'MuxnS' <Latency = 0> <II = 1> <Delay = 1.95> <FuncUnit> <Opcode : 'mux'> <InPorts = 2> <OutPorts = 1>
ST_3 : Operation 96 [1/2] (3.25ns)   --->   "%w11_V_load = load i3* %w11_V_addr, align 1" [firmware/nnet_utils/nnet_dense_resource.h:145]   --->   Operation 96 'load' 'w11_V_load' <Predicate = true> <Delay = 3.25> <Core = "ROM_nP_BRAM">   --->   Core 55 'ROM_nP_BRAM' <Latency = 1> <II = 1> <Delay = 3.25> <Storage> <Opcode : 'load'> <Ports = 0> <Width = 3> <Depth = 288> <ROM>
ST_3 : Operation 97 [1/1] (0.69ns)   --->   "%select_ln154 = select i1 %icmp_ln154, i32 0, i32 %in_index" [firmware/nnet_utils/nnet_dense_resource.h:154]   --->   Operation 97 'select' 'select_ln154' <Predicate = true> <Delay = 0.69> <Core = "Sel">   --->   Core 26 'Sel' <Latency = 0> <II = 1> <Delay = 0.69> <FuncUnit> <Opcode : 'select'> <InPorts = 3> <OutPorts = 1>

State 4 <SV = 3> <Delay = 4.17>
ST_4 : Operation 98 [1/1] (0.00ns)   --->   "%sext_ln1116 = sext i8 %tmp to i11" [firmware/nnet_utils/nnet_mult.h:73->firmware/nnet_utils/nnet_dense_resource.h:145]   --->   Operation 98 'sext' 'sext_ln1116' <Predicate = true> <Delay = 0.00>
ST_4 : Operation 99 [1/1] (0.00ns)   --->   "%sext_ln1118 = sext i3 %w11_V_load to i11" [firmware/nnet_utils/nnet_mult.h:73->firmware/nnet_utils/nnet_dense_resource.h:145]   --->   Operation 99 'sext' 'sext_ln1118' <Predicate = true> <Delay = 0.00>
ST_4 : Operation 100 [1/1] (4.17ns)   --->   "%r_V = mul i11 %sext_ln1118, %sext_ln1116" [firmware/nnet_utils/nnet_mult.h:73->firmware/nnet_utils/nnet_dense_resource.h:145]   --->   Operation 100 'mul' 'r_V' <Predicate = true> <Delay = 4.17> <Core = "Mul">   --->   Core 16 'Mul' <Latency = 0> <II = 1> <Delay = 4.17> <FuncUnit> <Opcode : 'mul'> <InPorts = 2> <OutPorts = 1>
ST_4 : Operation 101 [1/1] (0.00ns)   --->   "%trunc_ln3 = call i8 @_ssdm_op_PartSelect.i8.i11.i32.i32(i11 %r_V, i32 3, i32 10)" [firmware/nnet_utils/nnet_dense_resource.h:145]   --->   Operation 101 'partselect' 'trunc_ln3' <Predicate = true> <Delay = 0.00>

State 5 <SV = 4> <Delay = 3.87>
ST_5 : Operation 102 [1/1] (0.00ns)   --->   "%acc_0_V_020 = phi i8 [ 0, %hls_label_28_begin ], [ %acc_0_V_1, %ReuseLoop_end ], [ 0, %"dense_resource_rf_gt_nin_rem0<ap_fixed<8, 4, 5, 3, 0>, ap_fixed<8, 4, 5, 3, 0>, config11_mult>.0.0.0.0.0.exit" ]" [firmware/nnet_utils/nnet_dense_resource.h:145]   --->   Operation 102 'phi' 'acc_0_V_020' <Predicate = true> <Delay = 0.00>
ST_5 : Operation 103 [1/1] (0.00ns)   --->   "%acc_1_V_019 = phi i8 [ 0, %hls_label_28_begin ], [ %acc_1_V_1, %ReuseLoop_end ], [ 0, %"dense_resource_rf_gt_nin_rem0<ap_fixed<8, 4, 5, 3, 0>, ap_fixed<8, 4, 5, 3, 0>, config11_mult>.0.0.0.0.0.exit" ]" [firmware/nnet_utils/nnet_dense_resource.h:145]   --->   Operation 103 'phi' 'acc_1_V_019' <Predicate = true> <Delay = 0.00>
ST_5 : Operation 104 [1/1] (0.00ns)   --->   "%acc_2_V_018 = phi i8 [ 0, %hls_label_28_begin ], [ %acc_2_V_1, %ReuseLoop_end ], [ 0, %"dense_resource_rf_gt_nin_rem0<ap_fixed<8, 4, 5, 3, 0>, ap_fixed<8, 4, 5, 3, 0>, config11_mult>.0.0.0.0.0.exit" ]" [firmware/nnet_utils/nnet_dense_resource.h:145]   --->   Operation 104 'phi' 'acc_2_V_018' <Predicate = true> <Delay = 0.00>
ST_5 : Operation 105 [1/1] (0.00ns)   --->   "%acc_3_V_017 = phi i8 [ 0, %hls_label_28_begin ], [ %acc_3_V_1, %ReuseLoop_end ], [ 0, %"dense_resource_rf_gt_nin_rem0<ap_fixed<8, 4, 5, 3, 0>, ap_fixed<8, 4, 5, 3, 0>, config11_mult>.0.0.0.0.0.exit" ]" [firmware/nnet_utils/nnet_dense_resource.h:145]   --->   Operation 105 'phi' 'acc_3_V_017' <Predicate = true> <Delay = 0.00>
ST_5 : Operation 106 [1/1] (1.95ns)   --->   "%tmp_7 = call i8 @_ssdm_op_Mux.ap_auto.4i8.i2(i8 %acc_0_V_020, i8 %acc_1_V_019, i8 %acc_2_V_018, i8 %acc_3_V_017, i2 %out_index)" [firmware/nnet_utils/nnet_dense_resource.h:145]   --->   Operation 106 'mux' 'tmp_7' <Predicate = true> <Delay = 1.95> <Core = "MuxnS">   --->   Core 31 'MuxnS' <Latency = 0> <II = 1> <Delay = 1.95> <FuncUnit> <Opcode : 'mux'> <InPorts = 2> <OutPorts = 1>
ST_5 : Operation 107 [1/1] (1.91ns)   --->   "%acc_0_V = add i8 %tmp_7, %trunc_ln3" [firmware/nnet_utils/nnet_dense_resource.h:145]   --->   Operation 107 'add' 'acc_0_V' <Predicate = true> <Delay = 1.91> <Core = "AddSub">   --->   Core 14 'AddSub' <Latency = 0> <II = 1> <Delay = 2.55> <FuncUnit> <Opcode : 'add' 'sub'> <InPorts = 2> <OutPorts = 1>

State 6 <SV = 5> <Delay = 5.64>
ST_6 : Operation 108 [1/1] (0.00ns)   --->   "%do_init = phi i1 [ true, %hls_label_28_begin ], [ false, %ReuseLoop_end ], [ true, %"dense_resource_rf_gt_nin_rem0<ap_fixed<8, 4, 5, 3, 0>, ap_fixed<8, 4, 5, 3, 0>, config11_mult>.0.0.0.0.0.exit" ]"   --->   Operation 108 'phi' 'do_init' <Predicate = true> <Delay = 0.00>
ST_6 : Operation 109 [1/1] (0.00ns)   --->   "%res_0_V_write_assign28 = phi i8 [ 0, %hls_label_28_begin ], [ %p_0_01_i, %ReuseLoop_end ], [ 0, %"dense_resource_rf_gt_nin_rem0<ap_fixed<8, 4, 5, 3, 0>, ap_fixed<8, 4, 5, 3, 0>, config11_mult>.0.0.0.0.0.exit" ]" [firmware/nnet_utils/nnet_dense_resource.h:145]   --->   Operation 109 'phi' 'res_0_V_write_assign28' <Predicate = true> <Delay = 0.00>
ST_6 : Operation 110 [1/1] (0.00ns)   --->   "%res_1_V_write_assign26 = phi i8 [ 0, %hls_label_28_begin ], [ %p_0_13_i, %ReuseLoop_end ], [ 0, %"dense_resource_rf_gt_nin_rem0<ap_fixed<8, 4, 5, 3, 0>, ap_fixed<8, 4, 5, 3, 0>, config11_mult>.0.0.0.0.0.exit" ]" [firmware/nnet_utils/nnet_dense_resource.h:145]   --->   Operation 110 'phi' 'res_1_V_write_assign26' <Predicate = true> <Delay = 0.00>
ST_6 : Operation 111 [1/1] (0.00ns)   --->   "%res_2_V_write_assign24 = phi i8 [ 0, %hls_label_28_begin ], [ %p_0_25_i, %ReuseLoop_end ], [ 0, %"dense_resource_rf_gt_nin_rem0<ap_fixed<8, 4, 5, 3, 0>, ap_fixed<8, 4, 5, 3, 0>, config11_mult>.0.0.0.0.0.exit" ]" [firmware/nnet_utils/nnet_dense_resource.h:145]   --->   Operation 111 'phi' 'res_2_V_write_assign24' <Predicate = true> <Delay = 0.00>
ST_6 : Operation 112 [1/1] (0.00ns)   --->   "%res_3_V_write_assign22 = phi i8 [ 0, %hls_label_28_begin ], [ %p_0_37_i, %ReuseLoop_end ], [ 0, %"dense_resource_rf_gt_nin_rem0<ap_fixed<8, 4, 5, 3, 0>, ap_fixed<8, 4, 5, 3, 0>, config11_mult>.0.0.0.0.0.exit" ]" [firmware/nnet_utils/nnet_dense_resource.h:145]   --->   Operation 112 'phi' 'res_3_V_write_assign22' <Predicate = true> <Delay = 0.00>
ST_6 : Operation 113 [1/1] (0.00ns)   --->   "br i1 %do_init, label %hls_label_28_end, label %ReuseLoop_begin"   --->   Operation 113 'br' <Predicate = true> <Delay = 0.00>
ST_6 : Operation 114 [1/1] (0.00ns)   --->   "call void (...)* @_ssdm_op_SpecMemCore([288 x i3]* @w11_V, [1 x i8]* @p_str17, [12 x i8]* @p_str45, [1 x i8]* @p_str17, i32 -1, [1 x i8]* @p_str17, [1 x i8]* @p_str17, [1 x i8]* @p_str17, [1 x i8]* @p_str17, [1 x i8]* @p_str17)" [firmware/nnet_utils/nnet_dense_resource.h:107]   --->   Operation 114 'specmemcore' <Predicate = (do_init)> <Delay = 0.00>
ST_6 : Operation 115 [1/1] (0.00ns)   --->   "%empty_204 = call i32 (...)* @_ssdm_op_SpecRegionEnd([13 x i8]* @p_str70, i32 %tmp_i)" [firmware/nnet_utils/nnet_dense_resource.h:108]   --->   Operation 115 'specregionend' 'empty_204' <Predicate = (do_init)> <Delay = 0.00>
ST_6 : Operation 116 [1/1] (0.00ns)   --->   "br label %ReuseLoop_begin" [firmware/nnet_utils/nnet_dense_resource.h:135]   --->   Operation 116 'br' <Predicate = (do_init)> <Delay = 0.00>
ST_6 : Operation 117 [1/1] (0.00ns)   --->   "call void (...)* @_ssdm_op_SpecLoopName([10 x i8]* @p_str47) nounwind" [firmware/nnet_utils/nnet_dense_resource.h:135]   --->   Operation 117 'specloopname' <Predicate = true> <Delay = 0.00>
ST_6 : Operation 118 [1/1] (0.00ns)   --->   "%tmp_88_i = call i32 (...)* @_ssdm_op_SpecRegionBegin([10 x i8]* @p_str47)" [firmware/nnet_utils/nnet_dense_resource.h:135]   --->   Operation 118 'specregionbegin' 'tmp_88_i' <Predicate = true> <Delay = 0.00>
ST_6 : Operation 119 [1/1] (0.00ns)   --->   "call void (...)* @_ssdm_op_SpecPipeline(i32 1, i32 1, i32 1, i32 0, [1 x i8]* @p_str17) nounwind" [firmware/nnet_utils/nnet_dense_resource.h:136]   --->   Operation 119 'specpipeline' <Predicate = true> <Delay = 0.00>
ST_6 : Operation 120 [1/1] (1.76ns)   --->   "switch i2 %out_index, label %branch3.i [
    i2 0, label %ReuseLoop_end
    i2 1, label %branch1.i
    i2 -2, label %branch2.i
  ]" [firmware/nnet_utils/nnet_dense_resource.h:145]   --->   Operation 120 'switch' <Predicate = true> <Delay = 1.76>
ST_6 : Operation 121 [1/1] (1.76ns)   --->   "br label %ReuseLoop_end" [firmware/nnet_utils/nnet_dense_resource.h:145]   --->   Operation 121 'br' <Predicate = (out_index == 2)> <Delay = 1.76>
ST_6 : Operation 122 [1/1] (1.76ns)   --->   "br label %ReuseLoop_end" [firmware/nnet_utils/nnet_dense_resource.h:145]   --->   Operation 122 'br' <Predicate = (out_index == 1)> <Delay = 1.76>
ST_6 : Operation 123 [1/1] (1.76ns)   --->   "br label %ReuseLoop_end" [firmware/nnet_utils/nnet_dense_resource.h:145]   --->   Operation 123 'br' <Predicate = (out_index == 3)> <Delay = 1.76>
ST_6 : Operation 124 [1/1] (0.00ns)   --->   "%acc_3_V_1 = phi i8 [ %acc_0_V, %branch3.i ], [ %acc_3_V_017, %branch2.i ], [ %acc_3_V_017, %branch1.i ], [ %acc_3_V_017, %ReuseLoop_begin ]"   --->   Operation 124 'phi' 'acc_3_V_1' <Predicate = true> <Delay = 0.00>
ST_6 : Operation 125 [1/1] (0.00ns)   --->   "%acc_2_V_1 = phi i8 [ %acc_2_V_018, %branch3.i ], [ %acc_0_V, %branch2.i ], [ %acc_2_V_018, %branch1.i ], [ %acc_2_V_018, %ReuseLoop_begin ]"   --->   Operation 125 'phi' 'acc_2_V_1' <Predicate = true> <Delay = 0.00>
ST_6 : Operation 126 [1/1] (0.00ns)   --->   "%acc_1_V_1 = phi i8 [ %acc_1_V_019, %branch3.i ], [ %acc_1_V_019, %branch2.i ], [ %acc_0_V, %branch1.i ], [ %acc_1_V_019, %ReuseLoop_begin ]"   --->   Operation 126 'phi' 'acc_1_V_1' <Predicate = true> <Delay = 0.00>
ST_6 : Operation 127 [1/1] (0.00ns)   --->   "%acc_0_V_1 = phi i8 [ %acc_0_V_020, %branch3.i ], [ %acc_0_V_020, %branch2.i ], [ %acc_0_V_020, %branch1.i ], [ %acc_0_V, %ReuseLoop_begin ]"   --->   Operation 127 'phi' 'acc_0_V_1' <Predicate = true> <Delay = 0.00>
ST_6 : Operation 128 [1/1] (0.00ns)   --->   "%p_0_37_i = phi i8 [ %acc_0_V, %branch3.i ], [ %res_3_V_write_assign22, %branch2.i ], [ %res_3_V_write_assign22, %branch1.i ], [ %res_3_V_write_assign22, %ReuseLoop_begin ]"   --->   Operation 128 'phi' 'p_0_37_i' <Predicate = true> <Delay = 0.00>
ST_6 : Operation 129 [1/1] (0.00ns)   --->   "%p_0_25_i = phi i8 [ %res_2_V_write_assign24, %branch3.i ], [ %acc_0_V, %branch2.i ], [ %res_2_V_write_assign24, %branch1.i ], [ %res_2_V_write_assign24, %ReuseLoop_begin ]"   --->   Operation 129 'phi' 'p_0_25_i' <Predicate = true> <Delay = 0.00>
ST_6 : Operation 130 [1/1] (0.00ns)   --->   "%p_0_13_i = phi i8 [ %res_1_V_write_assign26, %branch3.i ], [ %res_1_V_write_assign26, %branch2.i ], [ %acc_0_V, %branch1.i ], [ %res_1_V_write_assign26, %ReuseLoop_begin ]"   --->   Operation 130 'phi' 'p_0_13_i' <Predicate = true> <Delay = 0.00>
ST_6 : Operation 131 [1/1] (0.00ns)   --->   "%p_0_01_i = phi i8 [ %res_0_V_write_assign28, %branch3.i ], [ %res_0_V_write_assign28, %branch2.i ], [ %res_0_V_write_assign28, %branch1.i ], [ %acc_0_V, %ReuseLoop_begin ]"   --->   Operation 131 'phi' 'p_0_01_i' <Predicate = true> <Delay = 0.00>
ST_6 : Operation 132 [1/1] (0.00ns)   --->   "%empty = call i32 (...)* @_ssdm_op_SpecRegionEnd([10 x i8]* @p_str47, i32 %tmp_88_i)" [firmware/nnet_utils/nnet_dense_resource.h:158]   --->   Operation 132 'specregionend' 'empty' <Predicate = true> <Delay = 0.00>
ST_6 : Operation 133 [1/1] (0.00ns)   --->   "%empty_203 = call i32 (...)* @_ssdm_op_SpecLoopTripCount(i64 288, i64 288, i64 288)"   --->   Operation 133 'speclooptripcount' 'empty_203' <Predicate = true> <Delay = 0.00>
ST_6 : Operation 134 [1/1] (0.00ns)   --->   "br i1 %icmp_ln135, label %"dense_resource_rf_gt_nin_rem0<ap_fixed<8, 4, 5, 3, 0>, ap_fixed<8, 4, 5, 3, 0>, config11_mult>.0.0.0.0.0.exit", label %rewind_header" [firmware/nnet_utils/nnet_dense_resource.h:135]   --->   Operation 134 'br' <Predicate = true> <Delay = 0.00>
ST_6 : Operation 135 [1/1] (0.00ns)   --->   "%mrv_i = insertvalue { i8, i8, i8, i8 } undef, i8 %p_0_01_i, 0" [firmware/nnet_utils/nnet_dense_resource.h:166]   --->   Operation 135 'insertvalue' 'mrv_i' <Predicate = (icmp_ln135)> <Delay = 0.00>
ST_6 : Operation 136 [1/1] (0.00ns)   --->   "%mrv_1_i = insertvalue { i8, i8, i8, i8 } %mrv_i, i8 %p_0_13_i, 1" [firmware/nnet_utils/nnet_dense_resource.h:166]   --->   Operation 136 'insertvalue' 'mrv_1_i' <Predicate = (icmp_ln135)> <Delay = 0.00>
ST_6 : Operation 137 [1/1] (0.00ns)   --->   "%mrv_2_i = insertvalue { i8, i8, i8, i8 } %mrv_1_i, i8 %p_0_25_i, 2" [firmware/nnet_utils/nnet_dense_resource.h:166]   --->   Operation 137 'insertvalue' 'mrv_2_i' <Predicate = (icmp_ln135)> <Delay = 0.00>
ST_6 : Operation 138 [1/1] (0.00ns)   --->   "%mrv_3_i = insertvalue { i8, i8, i8, i8 } %mrv_2_i, i8 %p_0_37_i, 3" [firmware/nnet_utils/nnet_dense_resource.h:166]   --->   Operation 138 'insertvalue' 'mrv_3_i' <Predicate = (icmp_ln135)> <Delay = 0.00>
ST_6 : Operation 139 [1/1] (0.00ns)   --->   "call void (...)* @_ssdm_op_Return({ i8, i8, i8, i8 } %mrv_3_i)" [firmware/nnet_utils/nnet_dense_resource.h:166]   --->   Operation 139 'return' <Predicate = (icmp_ln135)> <Delay = 0.00>


============================================================
+ Verbose Summary: Timing violations
============================================================
Target clock period: 5ns, clock uncertainty: 0.625ns.

 <State 1>: 1.77ns
The critical path consists of the following:
	multiplexor before 'phi' operation ('do_init') [81]  (1.77 ns)

 <State 2>: 5.03ns
The critical path consists of the following:
	'phi' operation ('in_index_0_i29', firmware/nnet_utils/nnet_dense_resource.h:154) with incoming values : ('select_ln154', firmware/nnet_utils/nnet_dense_resource.h:154) [83]  (0 ns)
	'add' operation ('in_index', firmware/nnet_utils/nnet_dense_resource.h:153) [203]  (2.55 ns)
	'icmp' operation ('icmp_ln154', firmware/nnet_utils/nnet_dense_resource.h:154) [204]  (2.47 ns)

 <State 3>: 5.72ns
The critical path consists of the following:
	'select' operation ('select_ln154', firmware/nnet_utils/nnet_dense_resource.h:154) [205]  (0.698 ns)
	'phi' operation ('in_index_0_i29', firmware/nnet_utils/nnet_dense_resource.h:154) with incoming values : ('select_ln154', firmware/nnet_utils/nnet_dense_resource.h:154) [83]  (0 ns)
	'add' operation ('in_index', firmware/nnet_utils/nnet_dense_resource.h:153) [203]  (2.55 ns)
	'icmp' operation ('icmp_ln154', firmware/nnet_utils/nnet_dense_resource.h:154) [204]  (2.47 ns)

 <State 4>: 4.17ns
The critical path consists of the following:
	'mul' operation ('r.V', firmware/nnet_utils/nnet_mult.h:73->firmware/nnet_utils/nnet_dense_resource.h:145) [182]  (4.17 ns)

 <State 5>: 3.87ns
The critical path consists of the following:
	'phi' operation ('acc_0_V_020', firmware/nnet_utils/nnet_dense_resource.h:145) with incoming values : ('acc[0].V', firmware/nnet_utils/nnet_dense_resource.h:145) [88]  (0 ns)
	'mux' operation ('tmp_7', firmware/nnet_utils/nnet_dense_resource.h:145) [184]  (1.96 ns)
	'add' operation ('acc[0].V', firmware/nnet_utils/nnet_dense_resource.h:145) [185]  (1.92 ns)

 <State 6>: 5.64ns
The critical path consists of the following:
	multiplexor before 'phi' operation ('acc[3].V') with incoming values : ('acc[0].V', firmware/nnet_utils/nnet_dense_resource.h:145) [195]  (1.77 ns)
	'phi' operation ('acc[3].V') with incoming values : ('acc[0].V', firmware/nnet_utils/nnet_dense_resource.h:145) [195]  (0 ns)
	'phi' operation ('acc_3_V_017', firmware/nnet_utils/nnet_dense_resource.h:145) with incoming values : ('acc[0].V', firmware/nnet_utils/nnet_dense_resource.h:145) [91]  (0 ns)
	'mux' operation ('tmp_7', firmware/nnet_utils/nnet_dense_resource.h:145) [184]  (1.96 ns)
	'add' operation ('acc[0].V', firmware/nnet_utils/nnet_dense_resource.h:145) [185]  (1.92 ns)


============================================================
+ Verbose Summary: Binding
============================================================
N/A
* FSMD analyzer results:
  - Output states:
 - Input state : 
  - Chain level:
	State 1
	State 2
	State 3
	State 4
	State 5
	State 6


============================================================
+ Verbose Summary: Datapath Resource usage 
============================================================
N/A
