

================================================================
== Vivado HLS Report for 'relu_array_ap_fixed_16u_array_ap_fixed_8_4_5_3_0_16u_relu_config6_s'
================================================================
* Date:           Thu Jun 26 23:04:07 2025

* Version:        2020.1 (Build 2897737 on Wed May 27 20:21:37 MDT 2020)
* Project:        myproject_prj
* Solution:       solution1
* Product family: zynq
* Target device:  xc7z020-clg400-1


================================================================
== Performance Estimates
================================================================
+ Timing: 
    * Summary: 
    +--------+---------+----------+------------+
    |  Clock |  Target | Estimated| Uncertainty|
    +--------+---------+----------+------------+
    |ap_clk  | 5.00 ns | 3.739 ns |   0.62 ns  |
    +--------+---------+----------+------------+

+ Latency: 
    * Summary: 
    +---------+---------+----------+----------+------+------+---------+
    |  Latency (cycles) |  Latency (absolute) |   Interval  | Pipeline|
    |   min   |   max   |    min   |    max   |  min |  max |   Type  |
    +---------+---------+----------+----------+------+------+---------+
    |     1027|     1027| 5.135 us | 5.135 us |  1027|  1027|   none  |
    +---------+---------+----------+----------+------+------+---------+

    + Detail: 
        * Instance: 
        N/A

        * Loop: 
        +---------------+---------+---------+----------+-----------+-----------+------+----------+
        |               |  Latency (cycles) | Iteration|  Initiation Interval  | Trip |          |
        |   Loop Name   |   min   |   max   |  Latency |  achieved |   target  | Count| Pipelined|
        +---------------+---------+---------+----------+-----------+-----------+------+----------+
        |- ReLUActLoop  |     1025|     1025|         3|          1|          1|  1024|    yes   |
        +---------------+---------+---------+----------+-----------+-----------+------+----------+

============================================================
+ Verbose Summary: Synthesis Manager
============================================================
InlineROM: 1
ExposeGlobal: 0
============================================================
+ Verbose Summary: CDFG Model
============================================================
IsTopModel: 0
ResetActiveHigh: 1
IsCombinational: 2
IsDatapathOnly: 0
HasWiredReturn: 1
HasMFsm: 0
HasVarLatency: 1
IsPipeline: 0
IsRtlPipelined: 0
IsInstanceOverlapped: 0
IsDontTouch: 0
HasImplIP: 0
IsGatedGlobalClock: 0

+ Individual pipeline summary: 
  * Pipeline-0: initiation interval (II) = 1, depth = 3


============================================================
+ Verbose Summary: Schedule
============================================================
* Number of FSM states : 5
* Pipeline : 1
  Pipeline-0 : II = 1, D = 3, States = { 2 3 4 }
* Dataflow Pipeline: 0

* FSM state transitions: 
1 --> 2 
2 --> 5 3 
3 --> 4 
4 --> 2 
5 --> 

* FSM state operations: 

State 1 <SV = 0> <Delay = 1.76>
ST_1 : Operation 6 [1/1] (0.00ns)   --->   "call void (...)* @_ssdm_op_SpecInterface(i8* %res_V_data_15_V, [8 x i8]* @ap_fifo_str, i32 0, i32 0, [1 x i8]* @p_str, i32 0, i32 0, [1 x i8]* @p_str, [1 x i8]* @p_str, [1 x i8]* @p_str, i32 2, i32 2, i32 16, i32 16, [1 x i8]* @p_str, [1 x i8]* @p_str)"   --->   Operation 6 'specinterface' <Predicate = true> <Delay = 0.00>
ST_1 : Operation 7 [1/1] (0.00ns)   --->   "call void (...)* @_ssdm_op_SpecInterface(i8* %res_V_data_14_V, [8 x i8]* @ap_fifo_str, i32 0, i32 0, [1 x i8]* @p_str, i32 0, i32 0, [1 x i8]* @p_str, [1 x i8]* @p_str, [1 x i8]* @p_str, i32 2, i32 2, i32 16, i32 16, [1 x i8]* @p_str, [1 x i8]* @p_str)"   --->   Operation 7 'specinterface' <Predicate = true> <Delay = 0.00>
ST_1 : Operation 8 [1/1] (0.00ns)   --->   "call void (...)* @_ssdm_op_SpecInterface(i8* %res_V_data_13_V, [8 x i8]* @ap_fifo_str, i32 0, i32 0, [1 x i8]* @p_str, i32 0, i32 0, [1 x i8]* @p_str, [1 x i8]* @p_str, [1 x i8]* @p_str, i32 2, i32 2, i32 16, i32 16, [1 x i8]* @p_str, [1 x i8]* @p_str)"   --->   Operation 8 'specinterface' <Predicate = true> <Delay = 0.00>
ST_1 : Operation 9 [1/1] (0.00ns)   --->   "call void (...)* @_ssdm_op_SpecInterface(i8* %res_V_data_12_V, [8 x i8]* @ap_fifo_str, i32 0, i32 0, [1 x i8]* @p_str, i32 0, i32 0, [1 x i8]* @p_str, [1 x i8]* @p_str, [1 x i8]* @p_str, i32 2, i32 2, i32 16, i32 16, [1 x i8]* @p_str, [1 x i8]* @p_str)"   --->   Operation 9 'specinterface' <Predicate = true> <Delay = 0.00>
ST_1 : Operation 10 [1/1] (0.00ns)   --->   "call void (...)* @_ssdm_op_SpecInterface(i8* %res_V_data_11_V, [8 x i8]* @ap_fifo_str, i32 0, i32 0, [1 x i8]* @p_str, i32 0, i32 0, [1 x i8]* @p_str, [1 x i8]* @p_str, [1 x i8]* @p_str, i32 2, i32 2, i32 16, i32 16, [1 x i8]* @p_str, [1 x i8]* @p_str)"   --->   Operation 10 'specinterface' <Predicate = true> <Delay = 0.00>
ST_1 : Operation 11 [1/1] (0.00ns)   --->   "call void (...)* @_ssdm_op_SpecInterface(i8* %res_V_data_10_V, [8 x i8]* @ap_fifo_str, i32 0, i32 0, [1 x i8]* @p_str, i32 0, i32 0, [1 x i8]* @p_str, [1 x i8]* @p_str, [1 x i8]* @p_str, i32 2, i32 2, i32 16, i32 16, [1 x i8]* @p_str, [1 x i8]* @p_str)"   --->   Operation 11 'specinterface' <Predicate = true> <Delay = 0.00>
ST_1 : Operation 12 [1/1] (0.00ns)   --->   "call void (...)* @_ssdm_op_SpecInterface(i8* %res_V_data_9_V, [8 x i8]* @ap_fifo_str, i32 0, i32 0, [1 x i8]* @p_str, i32 0, i32 0, [1 x i8]* @p_str, [1 x i8]* @p_str, [1 x i8]* @p_str, i32 2, i32 2, i32 16, i32 16, [1 x i8]* @p_str, [1 x i8]* @p_str)"   --->   Operation 12 'specinterface' <Predicate = true> <Delay = 0.00>
ST_1 : Operation 13 [1/1] (0.00ns)   --->   "call void (...)* @_ssdm_op_SpecInterface(i8* %res_V_data_8_V, [8 x i8]* @ap_fifo_str, i32 0, i32 0, [1 x i8]* @p_str, i32 0, i32 0, [1 x i8]* @p_str, [1 x i8]* @p_str, [1 x i8]* @p_str, i32 2, i32 2, i32 16, i32 16, [1 x i8]* @p_str, [1 x i8]* @p_str)"   --->   Operation 13 'specinterface' <Predicate = true> <Delay = 0.00>
ST_1 : Operation 14 [1/1] (0.00ns)   --->   "call void (...)* @_ssdm_op_SpecInterface(i8* %res_V_data_7_V, [8 x i8]* @ap_fifo_str, i32 0, i32 0, [1 x i8]* @p_str, i32 0, i32 0, [1 x i8]* @p_str, [1 x i8]* @p_str, [1 x i8]* @p_str, i32 2, i32 2, i32 16, i32 16, [1 x i8]* @p_str, [1 x i8]* @p_str)"   --->   Operation 14 'specinterface' <Predicate = true> <Delay = 0.00>
ST_1 : Operation 15 [1/1] (0.00ns)   --->   "call void (...)* @_ssdm_op_SpecInterface(i8* %res_V_data_6_V, [8 x i8]* @ap_fifo_str, i32 0, i32 0, [1 x i8]* @p_str, i32 0, i32 0, [1 x i8]* @p_str, [1 x i8]* @p_str, [1 x i8]* @p_str, i32 2, i32 2, i32 16, i32 16, [1 x i8]* @p_str, [1 x i8]* @p_str)"   --->   Operation 15 'specinterface' <Predicate = true> <Delay = 0.00>
ST_1 : Operation 16 [1/1] (0.00ns)   --->   "call void (...)* @_ssdm_op_SpecInterface(i8* %res_V_data_5_V, [8 x i8]* @ap_fifo_str, i32 0, i32 0, [1 x i8]* @p_str, i32 0, i32 0, [1 x i8]* @p_str, [1 x i8]* @p_str, [1 x i8]* @p_str, i32 2, i32 2, i32 16, i32 16, [1 x i8]* @p_str, [1 x i8]* @p_str)"   --->   Operation 16 'specinterface' <Predicate = true> <Delay = 0.00>
ST_1 : Operation 17 [1/1] (0.00ns)   --->   "call void (...)* @_ssdm_op_SpecInterface(i8* %res_V_data_4_V, [8 x i8]* @ap_fifo_str, i32 0, i32 0, [1 x i8]* @p_str, i32 0, i32 0, [1 x i8]* @p_str, [1 x i8]* @p_str, [1 x i8]* @p_str, i32 2, i32 2, i32 16, i32 16, [1 x i8]* @p_str, [1 x i8]* @p_str)"   --->   Operation 17 'specinterface' <Predicate = true> <Delay = 0.00>
ST_1 : Operation 18 [1/1] (0.00ns)   --->   "call void (...)* @_ssdm_op_SpecInterface(i8* %res_V_data_3_V, [8 x i8]* @ap_fifo_str, i32 0, i32 0, [1 x i8]* @p_str, i32 0, i32 0, [1 x i8]* @p_str, [1 x i8]* @p_str, [1 x i8]* @p_str, i32 2, i32 2, i32 16, i32 16, [1 x i8]* @p_str, [1 x i8]* @p_str)"   --->   Operation 18 'specinterface' <Predicate = true> <Delay = 0.00>
ST_1 : Operation 19 [1/1] (0.00ns)   --->   "call void (...)* @_ssdm_op_SpecInterface(i8* %res_V_data_2_V, [8 x i8]* @ap_fifo_str, i32 0, i32 0, [1 x i8]* @p_str, i32 0, i32 0, [1 x i8]* @p_str, [1 x i8]* @p_str, [1 x i8]* @p_str, i32 2, i32 2, i32 16, i32 16, [1 x i8]* @p_str, [1 x i8]* @p_str)"   --->   Operation 19 'specinterface' <Predicate = true> <Delay = 0.00>
ST_1 : Operation 20 [1/1] (0.00ns)   --->   "call void (...)* @_ssdm_op_SpecInterface(i8* %res_V_data_1_V, [8 x i8]* @ap_fifo_str, i32 0, i32 0, [1 x i8]* @p_str, i32 0, i32 0, [1 x i8]* @p_str, [1 x i8]* @p_str, [1 x i8]* @p_str, i32 2, i32 2, i32 16, i32 16, [1 x i8]* @p_str, [1 x i8]* @p_str)"   --->   Operation 20 'specinterface' <Predicate = true> <Delay = 0.00>
ST_1 : Operation 21 [1/1] (0.00ns)   --->   "call void (...)* @_ssdm_op_SpecInterface(i8* %res_V_data_0_V, [8 x i8]* @ap_fifo_str, i32 0, i32 0, [1 x i8]* @p_str, i32 0, i32 0, [1 x i8]* @p_str, [1 x i8]* @p_str, [1 x i8]* @p_str, i32 2, i32 2, i32 16, i32 16, [1 x i8]* @p_str, [1 x i8]* @p_str)"   --->   Operation 21 'specinterface' <Predicate = true> <Delay = 0.00>
ST_1 : Operation 22 [1/1] (0.00ns)   --->   "call void (...)* @_ssdm_op_SpecInterface(i8* %data_V_data_15_V, [8 x i8]* @ap_fifo_str, i32 0, i32 0, [1 x i8]* @p_str, i32 0, i32 0, [1 x i8]* @p_str, [1 x i8]* @p_str, [1 x i8]* @p_str, i32 2, i32 2, i32 16, i32 16, [1 x i8]* @p_str, [1 x i8]* @p_str)"   --->   Operation 22 'specinterface' <Predicate = true> <Delay = 0.00>
ST_1 : Operation 23 [1/1] (0.00ns)   --->   "call void (...)* @_ssdm_op_SpecInterface(i8* %data_V_data_14_V, [8 x i8]* @ap_fifo_str, i32 0, i32 0, [1 x i8]* @p_str, i32 0, i32 0, [1 x i8]* @p_str, [1 x i8]* @p_str, [1 x i8]* @p_str, i32 2, i32 2, i32 16, i32 16, [1 x i8]* @p_str, [1 x i8]* @p_str)"   --->   Operation 23 'specinterface' <Predicate = true> <Delay = 0.00>
ST_1 : Operation 24 [1/1] (0.00ns)   --->   "call void (...)* @_ssdm_op_SpecInterface(i8* %data_V_data_13_V, [8 x i8]* @ap_fifo_str, i32 0, i32 0, [1 x i8]* @p_str, i32 0, i32 0, [1 x i8]* @p_str, [1 x i8]* @p_str, [1 x i8]* @p_str, i32 2, i32 2, i32 16, i32 16, [1 x i8]* @p_str, [1 x i8]* @p_str)"   --->   Operation 24 'specinterface' <Predicate = true> <Delay = 0.00>
ST_1 : Operation 25 [1/1] (0.00ns)   --->   "call void (...)* @_ssdm_op_SpecInterface(i8* %data_V_data_12_V, [8 x i8]* @ap_fifo_str, i32 0, i32 0, [1 x i8]* @p_str, i32 0, i32 0, [1 x i8]* @p_str, [1 x i8]* @p_str, [1 x i8]* @p_str, i32 2, i32 2, i32 16, i32 16, [1 x i8]* @p_str, [1 x i8]* @p_str)"   --->   Operation 25 'specinterface' <Predicate = true> <Delay = 0.00>
ST_1 : Operation 26 [1/1] (0.00ns)   --->   "call void (...)* @_ssdm_op_SpecInterface(i8* %data_V_data_11_V, [8 x i8]* @ap_fifo_str, i32 0, i32 0, [1 x i8]* @p_str, i32 0, i32 0, [1 x i8]* @p_str, [1 x i8]* @p_str, [1 x i8]* @p_str, i32 2, i32 2, i32 16, i32 16, [1 x i8]* @p_str, [1 x i8]* @p_str)"   --->   Operation 26 'specinterface' <Predicate = true> <Delay = 0.00>
ST_1 : Operation 27 [1/1] (0.00ns)   --->   "call void (...)* @_ssdm_op_SpecInterface(i8* %data_V_data_10_V, [8 x i8]* @ap_fifo_str, i32 0, i32 0, [1 x i8]* @p_str, i32 0, i32 0, [1 x i8]* @p_str, [1 x i8]* @p_str, [1 x i8]* @p_str, i32 2, i32 2, i32 16, i32 16, [1 x i8]* @p_str, [1 x i8]* @p_str)"   --->   Operation 27 'specinterface' <Predicate = true> <Delay = 0.00>
ST_1 : Operation 28 [1/1] (0.00ns)   --->   "call void (...)* @_ssdm_op_SpecInterface(i8* %data_V_data_9_V, [8 x i8]* @ap_fifo_str, i32 0, i32 0, [1 x i8]* @p_str, i32 0, i32 0, [1 x i8]* @p_str, [1 x i8]* @p_str, [1 x i8]* @p_str, i32 2, i32 2, i32 16, i32 16, [1 x i8]* @p_str, [1 x i8]* @p_str)"   --->   Operation 28 'specinterface' <Predicate = true> <Delay = 0.00>
ST_1 : Operation 29 [1/1] (0.00ns)   --->   "call void (...)* @_ssdm_op_SpecInterface(i8* %data_V_data_8_V, [8 x i8]* @ap_fifo_str, i32 0, i32 0, [1 x i8]* @p_str, i32 0, i32 0, [1 x i8]* @p_str, [1 x i8]* @p_str, [1 x i8]* @p_str, i32 2, i32 2, i32 16, i32 16, [1 x i8]* @p_str, [1 x i8]* @p_str)"   --->   Operation 29 'specinterface' <Predicate = true> <Delay = 0.00>
ST_1 : Operation 30 [1/1] (0.00ns)   --->   "call void (...)* @_ssdm_op_SpecInterface(i8* %data_V_data_7_V, [8 x i8]* @ap_fifo_str, i32 0, i32 0, [1 x i8]* @p_str, i32 0, i32 0, [1 x i8]* @p_str, [1 x i8]* @p_str, [1 x i8]* @p_str, i32 2, i32 2, i32 16, i32 16, [1 x i8]* @p_str, [1 x i8]* @p_str)"   --->   Operation 30 'specinterface' <Predicate = true> <Delay = 0.00>
ST_1 : Operation 31 [1/1] (0.00ns)   --->   "call void (...)* @_ssdm_op_SpecInterface(i8* %data_V_data_6_V, [8 x i8]* @ap_fifo_str, i32 0, i32 0, [1 x i8]* @p_str, i32 0, i32 0, [1 x i8]* @p_str, [1 x i8]* @p_str, [1 x i8]* @p_str, i32 2, i32 2, i32 16, i32 16, [1 x i8]* @p_str, [1 x i8]* @p_str)"   --->   Operation 31 'specinterface' <Predicate = true> <Delay = 0.00>
ST_1 : Operation 32 [1/1] (0.00ns)   --->   "call void (...)* @_ssdm_op_SpecInterface(i8* %data_V_data_5_V, [8 x i8]* @ap_fifo_str, i32 0, i32 0, [1 x i8]* @p_str, i32 0, i32 0, [1 x i8]* @p_str, [1 x i8]* @p_str, [1 x i8]* @p_str, i32 2, i32 2, i32 16, i32 16, [1 x i8]* @p_str, [1 x i8]* @p_str)"   --->   Operation 32 'specinterface' <Predicate = true> <Delay = 0.00>
ST_1 : Operation 33 [1/1] (0.00ns)   --->   "call void (...)* @_ssdm_op_SpecInterface(i8* %data_V_data_4_V, [8 x i8]* @ap_fifo_str, i32 0, i32 0, [1 x i8]* @p_str, i32 0, i32 0, [1 x i8]* @p_str, [1 x i8]* @p_str, [1 x i8]* @p_str, i32 2, i32 2, i32 16, i32 16, [1 x i8]* @p_str, [1 x i8]* @p_str)"   --->   Operation 33 'specinterface' <Predicate = true> <Delay = 0.00>
ST_1 : Operation 34 [1/1] (0.00ns)   --->   "call void (...)* @_ssdm_op_SpecInterface(i8* %data_V_data_3_V, [8 x i8]* @ap_fifo_str, i32 0, i32 0, [1 x i8]* @p_str, i32 0, i32 0, [1 x i8]* @p_str, [1 x i8]* @p_str, [1 x i8]* @p_str, i32 2, i32 2, i32 16, i32 16, [1 x i8]* @p_str, [1 x i8]* @p_str)"   --->   Operation 34 'specinterface' <Predicate = true> <Delay = 0.00>
ST_1 : Operation 35 [1/1] (0.00ns)   --->   "call void (...)* @_ssdm_op_SpecInterface(i8* %data_V_data_2_V, [8 x i8]* @ap_fifo_str, i32 0, i32 0, [1 x i8]* @p_str, i32 0, i32 0, [1 x i8]* @p_str, [1 x i8]* @p_str, [1 x i8]* @p_str, i32 2, i32 2, i32 16, i32 16, [1 x i8]* @p_str, [1 x i8]* @p_str)"   --->   Operation 35 'specinterface' <Predicate = true> <Delay = 0.00>
ST_1 : Operation 36 [1/1] (0.00ns)   --->   "call void (...)* @_ssdm_op_SpecInterface(i8* %data_V_data_1_V, [8 x i8]* @ap_fifo_str, i32 0, i32 0, [1 x i8]* @p_str, i32 0, i32 0, [1 x i8]* @p_str, [1 x i8]* @p_str, [1 x i8]* @p_str, i32 2, i32 2, i32 16, i32 16, [1 x i8]* @p_str, [1 x i8]* @p_str)"   --->   Operation 36 'specinterface' <Predicate = true> <Delay = 0.00>
ST_1 : Operation 37 [1/1] (0.00ns)   --->   "call void (...)* @_ssdm_op_SpecInterface(i8* %data_V_data_0_V, [8 x i8]* @ap_fifo_str, i32 0, i32 0, [1 x i8]* @p_str, i32 0, i32 0, [1 x i8]* @p_str, [1 x i8]* @p_str, [1 x i8]* @p_str, i32 2, i32 2, i32 16, i32 16, [1 x i8]* @p_str, [1 x i8]* @p_str)"   --->   Operation 37 'specinterface' <Predicate = true> <Delay = 0.00>
ST_1 : Operation 38 [1/1] (1.76ns)   --->   "br label %1" [firmware/nnet_utils/nnet_activation_stream.h:41]   --->   Operation 38 'br' <Predicate = true> <Delay = 1.76>

State 2 <SV = 1> <Delay = 1.88>
ST_2 : Operation 39 [1/1] (0.00ns)   --->   "%i_0 = phi i11 [ 0, %0 ], [ %i, %ReLUActLoop ]"   --->   Operation 39 'phi' 'i_0' <Predicate = true> <Delay = 0.00>
ST_2 : Operation 40 [1/1] (1.88ns)   --->   "%icmp_ln41 = icmp eq i11 %i_0, -1024" [firmware/nnet_utils/nnet_activation_stream.h:41]   --->   Operation 40 'icmp' 'icmp_ln41' <Predicate = true> <Delay = 1.88> <Core = "Cmp">   --->   Core 25 'Cmp' <Latency = 0> <II = 1> <Delay = 1.55> <FuncUnit> <Opcode : 'icmp'> <InPorts = 2> <OutPorts = 1>
ST_2 : Operation 41 [1/1] (0.00ns)   --->   "%empty = call i32 (...)* @_ssdm_op_SpecLoopTripCount(i64 1024, i64 1024, i64 1024)"   --->   Operation 41 'speclooptripcount' 'empty' <Predicate = true> <Delay = 0.00>
ST_2 : Operation 42 [1/1] (1.63ns)   --->   "%i = add i11 %i_0, 1" [firmware/nnet_utils/nnet_activation_stream.h:41]   --->   Operation 42 'add' 'i' <Predicate = true> <Delay = 1.63> <Core = "AddSub">   --->   Core 14 'AddSub' <Latency = 0> <II = 1> <Delay = 1.63> <FuncUnit> <Opcode : 'add' 'sub'> <InPorts = 2> <OutPorts = 1>
ST_2 : Operation 43 [1/1] (0.00ns)   --->   "br i1 %icmp_ln41, label %2, label %ReLUActLoop" [firmware/nnet_utils/nnet_activation_stream.h:41]   --->   Operation 43 'br' <Predicate = true> <Delay = 0.00>

State 3 <SV = 2> <Delay = 3.73>
ST_3 : Operation 44 [1/1] (2.18ns)   --->   "%empty_89 = call { i8, i8, i8, i8, i8, i8, i8, i8, i8, i8, i8, i8, i8, i8, i8, i8 } @_ssdm_op_Read.ap_fifo.volatile.i8P.i8P.i8P.i8P.i8P.i8P.i8P.i8P.i8P.i8P.i8P.i8P.i8P.i8P.i8P.i8P(i8* %data_V_data_0_V, i8* %data_V_data_1_V, i8* %data_V_data_2_V, i8* %data_V_data_3_V, i8* %data_V_data_4_V, i8* %data_V_data_5_V, i8* %data_V_data_6_V, i8* %data_V_data_7_V, i8* %data_V_data_8_V, i8* %data_V_data_9_V, i8* %data_V_data_10_V, i8* %data_V_data_11_V, i8* %data_V_data_12_V, i8* %data_V_data_13_V, i8* %data_V_data_14_V, i8* %data_V_data_15_V)" [firmware/nnet_utils/nnet_activation_stream.h:44]   --->   Operation 44 'read' 'empty_89' <Predicate = (!icmp_ln41)> <Delay = 2.18> <Core = "FIFO">   --->   Core 32 'FIFO' <Latency = 0> <II = 1> <Delay = 3.63> <Storage> <Opcode : 'read' 'write' 'nbread' 'nbwrite'> <Ports = 0> <Width = 8> <Depth = 3> <FIFO>
ST_3 : Operation 45 [1/1] (0.00ns)   --->   "%tmp_data_V_0 = extractvalue { i8, i8, i8, i8, i8, i8, i8, i8, i8, i8, i8, i8, i8, i8, i8, i8 } %empty_89, 0" [firmware/nnet_utils/nnet_activation_stream.h:44]   --->   Operation 45 'extractvalue' 'tmp_data_V_0' <Predicate = (!icmp_ln41)> <Delay = 0.00>
ST_3 : Operation 46 [1/1] (0.00ns)   --->   "%tmp_data_V_1 = extractvalue { i8, i8, i8, i8, i8, i8, i8, i8, i8, i8, i8, i8, i8, i8, i8, i8 } %empty_89, 1" [firmware/nnet_utils/nnet_activation_stream.h:44]   --->   Operation 46 'extractvalue' 'tmp_data_V_1' <Predicate = (!icmp_ln41)> <Delay = 0.00>
ST_3 : Operation 47 [1/1] (0.00ns)   --->   "%tmp_data_V_2 = extractvalue { i8, i8, i8, i8, i8, i8, i8, i8, i8, i8, i8, i8, i8, i8, i8, i8 } %empty_89, 2" [firmware/nnet_utils/nnet_activation_stream.h:44]   --->   Operation 47 'extractvalue' 'tmp_data_V_2' <Predicate = (!icmp_ln41)> <Delay = 0.00>
ST_3 : Operation 48 [1/1] (0.00ns)   --->   "%tmp_data_V_3 = extractvalue { i8, i8, i8, i8, i8, i8, i8, i8, i8, i8, i8, i8, i8, i8, i8, i8 } %empty_89, 3" [firmware/nnet_utils/nnet_activation_stream.h:44]   --->   Operation 48 'extractvalue' 'tmp_data_V_3' <Predicate = (!icmp_ln41)> <Delay = 0.00>
ST_3 : Operation 49 [1/1] (0.00ns)   --->   "%tmp_data_V_4 = extractvalue { i8, i8, i8, i8, i8, i8, i8, i8, i8, i8, i8, i8, i8, i8, i8, i8 } %empty_89, 4" [firmware/nnet_utils/nnet_activation_stream.h:44]   --->   Operation 49 'extractvalue' 'tmp_data_V_4' <Predicate = (!icmp_ln41)> <Delay = 0.00>
ST_3 : Operation 50 [1/1] (0.00ns)   --->   "%tmp_data_V_5 = extractvalue { i8, i8, i8, i8, i8, i8, i8, i8, i8, i8, i8, i8, i8, i8, i8, i8 } %empty_89, 5" [firmware/nnet_utils/nnet_activation_stream.h:44]   --->   Operation 50 'extractvalue' 'tmp_data_V_5' <Predicate = (!icmp_ln41)> <Delay = 0.00>
ST_3 : Operation 51 [1/1] (0.00ns)   --->   "%tmp_data_V_6 = extractvalue { i8, i8, i8, i8, i8, i8, i8, i8, i8, i8, i8, i8, i8, i8, i8, i8 } %empty_89, 6" [firmware/nnet_utils/nnet_activation_stream.h:44]   --->   Operation 51 'extractvalue' 'tmp_data_V_6' <Predicate = (!icmp_ln41)> <Delay = 0.00>
ST_3 : Operation 52 [1/1] (0.00ns)   --->   "%tmp_data_V_7 = extractvalue { i8, i8, i8, i8, i8, i8, i8, i8, i8, i8, i8, i8, i8, i8, i8, i8 } %empty_89, 7" [firmware/nnet_utils/nnet_activation_stream.h:44]   --->   Operation 52 'extractvalue' 'tmp_data_V_7' <Predicate = (!icmp_ln41)> <Delay = 0.00>
ST_3 : Operation 53 [1/1] (0.00ns)   --->   "%tmp_data_V_8 = extractvalue { i8, i8, i8, i8, i8, i8, i8, i8, i8, i8, i8, i8, i8, i8, i8, i8 } %empty_89, 8" [firmware/nnet_utils/nnet_activation_stream.h:44]   --->   Operation 53 'extractvalue' 'tmp_data_V_8' <Predicate = (!icmp_ln41)> <Delay = 0.00>
ST_3 : Operation 54 [1/1] (0.00ns)   --->   "%tmp_data_V_9 = extractvalue { i8, i8, i8, i8, i8, i8, i8, i8, i8, i8, i8, i8, i8, i8, i8, i8 } %empty_89, 9" [firmware/nnet_utils/nnet_activation_stream.h:44]   --->   Operation 54 'extractvalue' 'tmp_data_V_9' <Predicate = (!icmp_ln41)> <Delay = 0.00>
ST_3 : Operation 55 [1/1] (0.00ns)   --->   "%tmp_data_V_10 = extractvalue { i8, i8, i8, i8, i8, i8, i8, i8, i8, i8, i8, i8, i8, i8, i8, i8 } %empty_89, 10" [firmware/nnet_utils/nnet_activation_stream.h:44]   --->   Operation 55 'extractvalue' 'tmp_data_V_10' <Predicate = (!icmp_ln41)> <Delay = 0.00>
ST_3 : Operation 56 [1/1] (0.00ns)   --->   "%tmp_data_V_11 = extractvalue { i8, i8, i8, i8, i8, i8, i8, i8, i8, i8, i8, i8, i8, i8, i8, i8 } %empty_89, 11" [firmware/nnet_utils/nnet_activation_stream.h:44]   --->   Operation 56 'extractvalue' 'tmp_data_V_11' <Predicate = (!icmp_ln41)> <Delay = 0.00>
ST_3 : Operation 57 [1/1] (0.00ns)   --->   "%tmp_data_V_12 = extractvalue { i8, i8, i8, i8, i8, i8, i8, i8, i8, i8, i8, i8, i8, i8, i8, i8 } %empty_89, 12" [firmware/nnet_utils/nnet_activation_stream.h:44]   --->   Operation 57 'extractvalue' 'tmp_data_V_12' <Predicate = (!icmp_ln41)> <Delay = 0.00>
ST_3 : Operation 58 [1/1] (0.00ns)   --->   "%tmp_data_V_13 = extractvalue { i8, i8, i8, i8, i8, i8, i8, i8, i8, i8, i8, i8, i8, i8, i8, i8 } %empty_89, 13" [firmware/nnet_utils/nnet_activation_stream.h:44]   --->   Operation 58 'extractvalue' 'tmp_data_V_13' <Predicate = (!icmp_ln41)> <Delay = 0.00>
ST_3 : Operation 59 [1/1] (0.00ns)   --->   "%tmp_data_V_14 = extractvalue { i8, i8, i8, i8, i8, i8, i8, i8, i8, i8, i8, i8, i8, i8, i8, i8 } %empty_89, 14" [firmware/nnet_utils/nnet_activation_stream.h:44]   --->   Operation 59 'extractvalue' 'tmp_data_V_14' <Predicate = (!icmp_ln41)> <Delay = 0.00>
ST_3 : Operation 60 [1/1] (0.00ns)   --->   "%tmp_data_V_15 = extractvalue { i8, i8, i8, i8, i8, i8, i8, i8, i8, i8, i8, i8, i8, i8, i8, i8 } %empty_89, 15" [firmware/nnet_utils/nnet_activation_stream.h:44]   --->   Operation 60 'extractvalue' 'tmp_data_V_15' <Predicate = (!icmp_ln41)> <Delay = 0.00>
ST_3 : Operation 61 [1/1] (1.55ns)   --->   "%icmp_ln1494 = icmp sgt i8 %tmp_data_V_0, 0" [firmware/nnet_utils/nnet_activation_stream.h:51]   --->   Operation 61 'icmp' 'icmp_ln1494' <Predicate = (!icmp_ln41)> <Delay = 1.55> <Core = "Cmp">   --->   Core 25 'Cmp' <Latency = 0> <II = 1> <Delay = 1.55> <FuncUnit> <Opcode : 'icmp'> <InPorts = 2> <OutPorts = 1>
ST_3 : Operation 62 [1/1] (1.55ns)   --->   "%icmp_ln1494_1 = icmp sgt i8 %tmp_data_V_1, 0" [firmware/nnet_utils/nnet_activation_stream.h:51]   --->   Operation 62 'icmp' 'icmp_ln1494_1' <Predicate = (!icmp_ln41)> <Delay = 1.55> <Core = "Cmp">   --->   Core 25 'Cmp' <Latency = 0> <II = 1> <Delay = 1.55> <FuncUnit> <Opcode : 'icmp'> <InPorts = 2> <OutPorts = 1>
ST_3 : Operation 63 [1/1] (1.55ns)   --->   "%icmp_ln1494_2 = icmp sgt i8 %tmp_data_V_2, 0" [firmware/nnet_utils/nnet_activation_stream.h:51]   --->   Operation 63 'icmp' 'icmp_ln1494_2' <Predicate = (!icmp_ln41)> <Delay = 1.55> <Core = "Cmp">   --->   Core 25 'Cmp' <Latency = 0> <II = 1> <Delay = 1.55> <FuncUnit> <Opcode : 'icmp'> <InPorts = 2> <OutPorts = 1>
ST_3 : Operation 64 [1/1] (1.55ns)   --->   "%icmp_ln1494_3 = icmp sgt i8 %tmp_data_V_3, 0" [firmware/nnet_utils/nnet_activation_stream.h:51]   --->   Operation 64 'icmp' 'icmp_ln1494_3' <Predicate = (!icmp_ln41)> <Delay = 1.55> <Core = "Cmp">   --->   Core 25 'Cmp' <Latency = 0> <II = 1> <Delay = 1.55> <FuncUnit> <Opcode : 'icmp'> <InPorts = 2> <OutPorts = 1>
ST_3 : Operation 65 [1/1] (1.55ns)   --->   "%icmp_ln1494_4 = icmp sgt i8 %tmp_data_V_4, 0" [firmware/nnet_utils/nnet_activation_stream.h:51]   --->   Operation 65 'icmp' 'icmp_ln1494_4' <Predicate = (!icmp_ln41)> <Delay = 1.55> <Core = "Cmp">   --->   Core 25 'Cmp' <Latency = 0> <II = 1> <Delay = 1.55> <FuncUnit> <Opcode : 'icmp'> <InPorts = 2> <OutPorts = 1>
ST_3 : Operation 66 [1/1] (1.55ns)   --->   "%icmp_ln1494_5 = icmp sgt i8 %tmp_data_V_5, 0" [firmware/nnet_utils/nnet_activation_stream.h:51]   --->   Operation 66 'icmp' 'icmp_ln1494_5' <Predicate = (!icmp_ln41)> <Delay = 1.55> <Core = "Cmp">   --->   Core 25 'Cmp' <Latency = 0> <II = 1> <Delay = 1.55> <FuncUnit> <Opcode : 'icmp'> <InPorts = 2> <OutPorts = 1>
ST_3 : Operation 67 [1/1] (1.55ns)   --->   "%icmp_ln1494_6 = icmp sgt i8 %tmp_data_V_6, 0" [firmware/nnet_utils/nnet_activation_stream.h:51]   --->   Operation 67 'icmp' 'icmp_ln1494_6' <Predicate = (!icmp_ln41)> <Delay = 1.55> <Core = "Cmp">   --->   Core 25 'Cmp' <Latency = 0> <II = 1> <Delay = 1.55> <FuncUnit> <Opcode : 'icmp'> <InPorts = 2> <OutPorts = 1>
ST_3 : Operation 68 [1/1] (1.55ns)   --->   "%icmp_ln1494_7 = icmp sgt i8 %tmp_data_V_7, 0" [firmware/nnet_utils/nnet_activation_stream.h:51]   --->   Operation 68 'icmp' 'icmp_ln1494_7' <Predicate = (!icmp_ln41)> <Delay = 1.55> <Core = "Cmp">   --->   Core 25 'Cmp' <Latency = 0> <II = 1> <Delay = 1.55> <FuncUnit> <Opcode : 'icmp'> <InPorts = 2> <OutPorts = 1>
ST_3 : Operation 69 [1/1] (1.55ns)   --->   "%icmp_ln1494_8 = icmp sgt i8 %tmp_data_V_8, 0" [firmware/nnet_utils/nnet_activation_stream.h:51]   --->   Operation 69 'icmp' 'icmp_ln1494_8' <Predicate = (!icmp_ln41)> <Delay = 1.55> <Core = "Cmp">   --->   Core 25 'Cmp' <Latency = 0> <II = 1> <Delay = 1.55> <FuncUnit> <Opcode : 'icmp'> <InPorts = 2> <OutPorts = 1>
ST_3 : Operation 70 [1/1] (1.55ns)   --->   "%icmp_ln1494_9 = icmp sgt i8 %tmp_data_V_9, 0" [firmware/nnet_utils/nnet_activation_stream.h:51]   --->   Operation 70 'icmp' 'icmp_ln1494_9' <Predicate = (!icmp_ln41)> <Delay = 1.55> <Core = "Cmp">   --->   Core 25 'Cmp' <Latency = 0> <II = 1> <Delay = 1.55> <FuncUnit> <Opcode : 'icmp'> <InPorts = 2> <OutPorts = 1>
ST_3 : Operation 71 [1/1] (1.55ns)   --->   "%icmp_ln1494_10 = icmp sgt i8 %tmp_data_V_10, 0" [firmware/nnet_utils/nnet_activation_stream.h:51]   --->   Operation 71 'icmp' 'icmp_ln1494_10' <Predicate = (!icmp_ln41)> <Delay = 1.55> <Core = "Cmp">   --->   Core 25 'Cmp' <Latency = 0> <II = 1> <Delay = 1.55> <FuncUnit> <Opcode : 'icmp'> <InPorts = 2> <OutPorts = 1>
ST_3 : Operation 72 [1/1] (1.55ns)   --->   "%icmp_ln1494_11 = icmp sgt i8 %tmp_data_V_11, 0" [firmware/nnet_utils/nnet_activation_stream.h:51]   --->   Operation 72 'icmp' 'icmp_ln1494_11' <Predicate = (!icmp_ln41)> <Delay = 1.55> <Core = "Cmp">   --->   Core 25 'Cmp' <Latency = 0> <II = 1> <Delay = 1.55> <FuncUnit> <Opcode : 'icmp'> <InPorts = 2> <OutPorts = 1>
ST_3 : Operation 73 [1/1] (1.55ns)   --->   "%icmp_ln1494_12 = icmp sgt i8 %tmp_data_V_12, 0" [firmware/nnet_utils/nnet_activation_stream.h:51]   --->   Operation 73 'icmp' 'icmp_ln1494_12' <Predicate = (!icmp_ln41)> <Delay = 1.55> <Core = "Cmp">   --->   Core 25 'Cmp' <Latency = 0> <II = 1> <Delay = 1.55> <FuncUnit> <Opcode : 'icmp'> <InPorts = 2> <OutPorts = 1>
ST_3 : Operation 74 [1/1] (1.55ns)   --->   "%icmp_ln1494_13 = icmp sgt i8 %tmp_data_V_13, 0" [firmware/nnet_utils/nnet_activation_stream.h:51]   --->   Operation 74 'icmp' 'icmp_ln1494_13' <Predicate = (!icmp_ln41)> <Delay = 1.55> <Core = "Cmp">   --->   Core 25 'Cmp' <Latency = 0> <II = 1> <Delay = 1.55> <FuncUnit> <Opcode : 'icmp'> <InPorts = 2> <OutPorts = 1>
ST_3 : Operation 75 [1/1] (1.55ns)   --->   "%icmp_ln1494_14 = icmp sgt i8 %tmp_data_V_14, 0" [firmware/nnet_utils/nnet_activation_stream.h:51]   --->   Operation 75 'icmp' 'icmp_ln1494_14' <Predicate = (!icmp_ln41)> <Delay = 1.55> <Core = "Cmp">   --->   Core 25 'Cmp' <Latency = 0> <II = 1> <Delay = 1.55> <FuncUnit> <Opcode : 'icmp'> <InPorts = 2> <OutPorts = 1>
ST_3 : Operation 76 [1/1] (1.55ns)   --->   "%icmp_ln1494_15 = icmp sgt i8 %tmp_data_V_15, 0" [firmware/nnet_utils/nnet_activation_stream.h:51]   --->   Operation 76 'icmp' 'icmp_ln1494_15' <Predicate = (!icmp_ln41)> <Delay = 1.55> <Core = "Cmp">   --->   Core 25 'Cmp' <Latency = 0> <II = 1> <Delay = 1.55> <FuncUnit> <Opcode : 'icmp'> <InPorts = 2> <OutPorts = 1>

State 4 <SV = 3> <Delay = 3.43>
ST_4 : Operation 77 [1/1] (0.00ns)   --->   "call void (...)* @_ssdm_op_SpecLoopName([12 x i8]* @p_str73) nounwind" [firmware/nnet_utils/nnet_activation_stream.h:41]   --->   Operation 77 'specloopname' <Predicate = (!icmp_ln41)> <Delay = 0.00>
ST_4 : Operation 78 [1/1] (0.00ns)   --->   "%tmp = call i32 (...)* @_ssdm_op_SpecRegionBegin([12 x i8]* @p_str73)" [firmware/nnet_utils/nnet_activation_stream.h:41]   --->   Operation 78 'specregionbegin' 'tmp' <Predicate = (!icmp_ln41)> <Delay = 0.00>
ST_4 : Operation 79 [1/1] (0.00ns)   --->   "call void (...)* @_ssdm_op_SpecPipeline(i32 -1, i32 1, i32 1, i32 0, [1 x i8]* @p_str14) nounwind" [firmware/nnet_utils/nnet_activation_stream.h:42]   --->   Operation 79 'specpipeline' <Predicate = (!icmp_ln41)> <Delay = 0.00>
ST_4 : Operation 80 [1/1] (1.24ns)   --->   "%tmp_data_0_V = select i1 %icmp_ln1494, i8 %tmp_data_V_0, i8 0" [firmware/nnet_utils/nnet_activation_stream.h:51]   --->   Operation 80 'select' 'tmp_data_0_V' <Predicate = (!icmp_ln41)> <Delay = 1.24> <Core = "Sel">   --->   Core 26 'Sel' <Latency = 0> <II = 1> <Delay = 1.24> <FuncUnit> <Opcode : 'select'> <InPorts = 3> <OutPorts = 1>
ST_4 : Operation 81 [1/1] (1.24ns)   --->   "%tmp_data_1_V = select i1 %icmp_ln1494_1, i8 %tmp_data_V_1, i8 0" [firmware/nnet_utils/nnet_activation_stream.h:51]   --->   Operation 81 'select' 'tmp_data_1_V' <Predicate = (!icmp_ln41)> <Delay = 1.24> <Core = "Sel">   --->   Core 26 'Sel' <Latency = 0> <II = 1> <Delay = 1.24> <FuncUnit> <Opcode : 'select'> <InPorts = 3> <OutPorts = 1>
ST_4 : Operation 82 [1/1] (1.24ns)   --->   "%tmp_data_2_V = select i1 %icmp_ln1494_2, i8 %tmp_data_V_2, i8 0" [firmware/nnet_utils/nnet_activation_stream.h:51]   --->   Operation 82 'select' 'tmp_data_2_V' <Predicate = (!icmp_ln41)> <Delay = 1.24> <Core = "Sel">   --->   Core 26 'Sel' <Latency = 0> <II = 1> <Delay = 1.24> <FuncUnit> <Opcode : 'select'> <InPorts = 3> <OutPorts = 1>
ST_4 : Operation 83 [1/1] (1.24ns)   --->   "%tmp_data_3_V = select i1 %icmp_ln1494_3, i8 %tmp_data_V_3, i8 0" [firmware/nnet_utils/nnet_activation_stream.h:51]   --->   Operation 83 'select' 'tmp_data_3_V' <Predicate = (!icmp_ln41)> <Delay = 1.24> <Core = "Sel">   --->   Core 26 'Sel' <Latency = 0> <II = 1> <Delay = 1.24> <FuncUnit> <Opcode : 'select'> <InPorts = 3> <OutPorts = 1>
ST_4 : Operation 84 [1/1] (1.24ns)   --->   "%tmp_data_4_V = select i1 %icmp_ln1494_4, i8 %tmp_data_V_4, i8 0" [firmware/nnet_utils/nnet_activation_stream.h:51]   --->   Operation 84 'select' 'tmp_data_4_V' <Predicate = (!icmp_ln41)> <Delay = 1.24> <Core = "Sel">   --->   Core 26 'Sel' <Latency = 0> <II = 1> <Delay = 1.24> <FuncUnit> <Opcode : 'select'> <InPorts = 3> <OutPorts = 1>
ST_4 : Operation 85 [1/1] (1.24ns)   --->   "%tmp_data_5_V = select i1 %icmp_ln1494_5, i8 %tmp_data_V_5, i8 0" [firmware/nnet_utils/nnet_activation_stream.h:51]   --->   Operation 85 'select' 'tmp_data_5_V' <Predicate = (!icmp_ln41)> <Delay = 1.24> <Core = "Sel">   --->   Core 26 'Sel' <Latency = 0> <II = 1> <Delay = 1.24> <FuncUnit> <Opcode : 'select'> <InPorts = 3> <OutPorts = 1>
ST_4 : Operation 86 [1/1] (1.24ns)   --->   "%tmp_data_6_V = select i1 %icmp_ln1494_6, i8 %tmp_data_V_6, i8 0" [firmware/nnet_utils/nnet_activation_stream.h:51]   --->   Operation 86 'select' 'tmp_data_6_V' <Predicate = (!icmp_ln41)> <Delay = 1.24> <Core = "Sel">   --->   Core 26 'Sel' <Latency = 0> <II = 1> <Delay = 1.24> <FuncUnit> <Opcode : 'select'> <InPorts = 3> <OutPorts = 1>
ST_4 : Operation 87 [1/1] (1.24ns)   --->   "%tmp_data_7_V = select i1 %icmp_ln1494_7, i8 %tmp_data_V_7, i8 0" [firmware/nnet_utils/nnet_activation_stream.h:51]   --->   Operation 87 'select' 'tmp_data_7_V' <Predicate = (!icmp_ln41)> <Delay = 1.24> <Core = "Sel">   --->   Core 26 'Sel' <Latency = 0> <II = 1> <Delay = 1.24> <FuncUnit> <Opcode : 'select'> <InPorts = 3> <OutPorts = 1>
ST_4 : Operation 88 [1/1] (1.24ns)   --->   "%tmp_data_8_V = select i1 %icmp_ln1494_8, i8 %tmp_data_V_8, i8 0" [firmware/nnet_utils/nnet_activation_stream.h:51]   --->   Operation 88 'select' 'tmp_data_8_V' <Predicate = (!icmp_ln41)> <Delay = 1.24> <Core = "Sel">   --->   Core 26 'Sel' <Latency = 0> <II = 1> <Delay = 1.24> <FuncUnit> <Opcode : 'select'> <InPorts = 3> <OutPorts = 1>
ST_4 : Operation 89 [1/1] (1.24ns)   --->   "%tmp_data_9_V = select i1 %icmp_ln1494_9, i8 %tmp_data_V_9, i8 0" [firmware/nnet_utils/nnet_activation_stream.h:51]   --->   Operation 89 'select' 'tmp_data_9_V' <Predicate = (!icmp_ln41)> <Delay = 1.24> <Core = "Sel">   --->   Core 26 'Sel' <Latency = 0> <II = 1> <Delay = 1.24> <FuncUnit> <Opcode : 'select'> <InPorts = 3> <OutPorts = 1>
ST_4 : Operation 90 [1/1] (1.24ns)   --->   "%tmp_data_10_V = select i1 %icmp_ln1494_10, i8 %tmp_data_V_10, i8 0" [firmware/nnet_utils/nnet_activation_stream.h:51]   --->   Operation 90 'select' 'tmp_data_10_V' <Predicate = (!icmp_ln41)> <Delay = 1.24> <Core = "Sel">   --->   Core 26 'Sel' <Latency = 0> <II = 1> <Delay = 1.24> <FuncUnit> <Opcode : 'select'> <InPorts = 3> <OutPorts = 1>
ST_4 : Operation 91 [1/1] (1.24ns)   --->   "%tmp_data_11_V = select i1 %icmp_ln1494_11, i8 %tmp_data_V_11, i8 0" [firmware/nnet_utils/nnet_activation_stream.h:51]   --->   Operation 91 'select' 'tmp_data_11_V' <Predicate = (!icmp_ln41)> <Delay = 1.24> <Core = "Sel">   --->   Core 26 'Sel' <Latency = 0> <II = 1> <Delay = 1.24> <FuncUnit> <Opcode : 'select'> <InPorts = 3> <OutPorts = 1>
ST_4 : Operation 92 [1/1] (1.24ns)   --->   "%tmp_data_12_V = select i1 %icmp_ln1494_12, i8 %tmp_data_V_12, i8 0" [firmware/nnet_utils/nnet_activation_stream.h:51]   --->   Operation 92 'select' 'tmp_data_12_V' <Predicate = (!icmp_ln41)> <Delay = 1.24> <Core = "Sel">   --->   Core 26 'Sel' <Latency = 0> <II = 1> <Delay = 1.24> <FuncUnit> <Opcode : 'select'> <InPorts = 3> <OutPorts = 1>
ST_4 : Operation 93 [1/1] (1.24ns)   --->   "%tmp_data_13_V = select i1 %icmp_ln1494_13, i8 %tmp_data_V_13, i8 0" [firmware/nnet_utils/nnet_activation_stream.h:51]   --->   Operation 93 'select' 'tmp_data_13_V' <Predicate = (!icmp_ln41)> <Delay = 1.24> <Core = "Sel">   --->   Core 26 'Sel' <Latency = 0> <II = 1> <Delay = 1.24> <FuncUnit> <Opcode : 'select'> <InPorts = 3> <OutPorts = 1>
ST_4 : Operation 94 [1/1] (1.24ns)   --->   "%tmp_data_14_V = select i1 %icmp_ln1494_14, i8 %tmp_data_V_14, i8 0" [firmware/nnet_utils/nnet_activation_stream.h:51]   --->   Operation 94 'select' 'tmp_data_14_V' <Predicate = (!icmp_ln41)> <Delay = 1.24> <Core = "Sel">   --->   Core 26 'Sel' <Latency = 0> <II = 1> <Delay = 1.24> <FuncUnit> <Opcode : 'select'> <InPorts = 3> <OutPorts = 1>
ST_4 : Operation 95 [1/1] (1.24ns)   --->   "%tmp_data_15_V = select i1 %icmp_ln1494_15, i8 %tmp_data_V_15, i8 0" [firmware/nnet_utils/nnet_activation_stream.h:51]   --->   Operation 95 'select' 'tmp_data_15_V' <Predicate = (!icmp_ln41)> <Delay = 1.24> <Core = "Sel">   --->   Core 26 'Sel' <Latency = 0> <II = 1> <Delay = 1.24> <FuncUnit> <Opcode : 'select'> <InPorts = 3> <OutPorts = 1>
ST_4 : Operation 96 [1/1] (2.18ns)   --->   "call void @_ssdm_op_Write.ap_fifo.volatile.i8P.i8P.i8P.i8P.i8P.i8P.i8P.i8P.i8P.i8P.i8P.i8P.i8P.i8P.i8P.i8P(i8* %res_V_data_0_V, i8* %res_V_data_1_V, i8* %res_V_data_2_V, i8* %res_V_data_3_V, i8* %res_V_data_4_V, i8* %res_V_data_5_V, i8* %res_V_data_6_V, i8* %res_V_data_7_V, i8* %res_V_data_8_V, i8* %res_V_data_9_V, i8* %res_V_data_10_V, i8* %res_V_data_11_V, i8* %res_V_data_12_V, i8* %res_V_data_13_V, i8* %res_V_data_14_V, i8* %res_V_data_15_V, i8 %tmp_data_0_V, i8 %tmp_data_1_V, i8 %tmp_data_2_V, i8 %tmp_data_3_V, i8 %tmp_data_4_V, i8 %tmp_data_5_V, i8 %tmp_data_6_V, i8 %tmp_data_7_V, i8 %tmp_data_8_V, i8 %tmp_data_9_V, i8 %tmp_data_10_V, i8 %tmp_data_11_V, i8 %tmp_data_12_V, i8 %tmp_data_13_V, i8 %tmp_data_14_V, i8 %tmp_data_15_V)" [firmware/nnet_utils/nnet_activation_stream.h:57]   --->   Operation 96 'write' <Predicate = (!icmp_ln41)> <Delay = 2.18> <Core = "FIFO">   --->   Core 32 'FIFO' <Latency = 0> <II = 1> <Delay = 3.63> <Storage> <Opcode : 'read' 'write' 'nbread' 'nbwrite'> <Ports = 0> <Width = 8> <Depth = 3> <FIFO>
ST_4 : Operation 97 [1/1] (0.00ns)   --->   "%empty_90 = call i32 (...)* @_ssdm_op_SpecRegionEnd([12 x i8]* @p_str73, i32 %tmp)" [firmware/nnet_utils/nnet_activation_stream.h:58]   --->   Operation 97 'specregionend' 'empty_90' <Predicate = (!icmp_ln41)> <Delay = 0.00>
ST_4 : Operation 98 [1/1] (0.00ns)   --->   "br label %1" [firmware/nnet_utils/nnet_activation_stream.h:41]   --->   Operation 98 'br' <Predicate = (!icmp_ln41)> <Delay = 0.00>

State 5 <SV = 2> <Delay = 0.00>
ST_5 : Operation 99 [1/1] (0.00ns)   --->   "ret void" [firmware/nnet_utils/nnet_activation_stream.h:59]   --->   Operation 99 'ret' <Predicate = true> <Delay = 0.00>


============================================================
+ Verbose Summary: Timing violations
============================================================
Target clock period: 5ns, clock uncertainty: 0.625ns.

 <State 1>: 1.77ns
The critical path consists of the following:
	multiplexor before 'phi' operation ('i') with incoming values : ('i', firmware/nnet_utils/nnet_activation_stream.h:41) [67]  (1.77 ns)

 <State 2>: 1.88ns
The critical path consists of the following:
	'phi' operation ('i') with incoming values : ('i', firmware/nnet_utils/nnet_activation_stream.h:41) [67]  (0 ns)
	'icmp' operation ('icmp_ln41', firmware/nnet_utils/nnet_activation_stream.h:41) [68]  (1.88 ns)

 <State 3>: 3.74ns
The critical path consists of the following:
	fifo read on port 'data_V_data_0_V' (firmware/nnet_utils/nnet_activation_stream.h:44) [76]  (2.19 ns)
	'icmp' operation ('icmp_ln1494', firmware/nnet_utils/nnet_activation_stream.h:51) [93]  (1.55 ns)

 <State 4>: 3.44ns
The critical path consists of the following:
	'select' operation ('tmp.data[0].V', firmware/nnet_utils/nnet_activation_stream.h:51) [94]  (1.25 ns)
	fifo write on port 'res_V_data_0_V' (firmware/nnet_utils/nnet_activation_stream.h:57) [125]  (2.19 ns)

 <State 5>: 0ns
The critical path consists of the following:


============================================================
+ Verbose Summary: Binding
============================================================
N/A
* FSMD analyzer results:
  - Output states:
 - Input state : 
  - Chain level:
	State 1
	State 2
	State 3
	State 4
	State 5


============================================================
+ Verbose Summary: Datapath Resource usage 
============================================================
N/A
