

================================================================
== Vivado HLS Report for 'resize_nearest_array_ap_fixed_16_6_5_3_0_3u_config12_s'
================================================================
* Date:           Fri Jun 27 00:21:57 2025

* Version:        2020.1 (Build 2897737 on Wed May 27 20:21:37 MDT 2020)
* Project:        myproject_prj
* Solution:       solution1
* Product family: zynq
* Target device:  xc7z020-clg400-1


================================================================
== Performance Estimates
================================================================
+ Timing: 
    * Summary: 
    +--------+---------+----------+------------+
    |  Clock |  Target | Estimated| Uncertainty|
    +--------+---------+----------+------------+
    |ap_clk  | 5.00 ns | 4.375 ns |   0.62 ns  |
    +--------+---------+----------+------------+

+ Latency: 
    * Summary: 
    +---------+---------+----------+----------+-----+-----+---------+
    |  Latency (cycles) |  Latency (absolute) |  Interval | Pipeline|
    |   min   |   max   |    min   |    max   | min | max |   Type  |
    +---------+---------+----------+----------+-----+-----+---------+
    |      258|      258| 1.290 us | 1.290 us |  258|  258|   none  |
    +---------+---------+----------+----------+-----+-----+---------+

    + Detail: 
        * Instance: 
        N/A

        * Loop: 
        +---------------+---------+---------+----------+-----------+-----------+------+----------+
        |               |  Latency (cycles) | Iteration|  Initiation Interval  | Trip |          |
        |   Loop Name   |   min   |   max   |  Latency |  achieved |   target  | Count| Pipelined|
        +---------------+---------+---------+----------+-----------+-----------+------+----------+
        |- ImageHeight  |      256|      256|        33|         32|          1|     8|    yes   |
        +---------------+---------+---------+----------+-----------+-----------+------+----------+

============================================================
+ Verbose Summary: Synthesis Manager
============================================================
InlineROM: 1
ExposeGlobal: 0
============================================================
+ Verbose Summary: CDFG Model
============================================================
IsTopModel: 0
ResetActiveHigh: 1
IsCombinational: 2
IsDatapathOnly: 0
HasWiredReturn: 1
HasMFsm: 0
HasVarLatency: 1
IsPipeline: 0
IsRtlPipelined: 0
IsInstanceOverlapped: 0
IsDontTouch: 0
HasImplIP: 0
IsGatedGlobalClock: 0

+ Individual pipeline summary: 
  * Pipeline-0: initiation interval (II) = 32, depth = 33


============================================================
+ Verbose Summary: Schedule
============================================================
* Number of FSM states : 35
* Pipeline : 1
  Pipeline-0 : II = 32, D = 33, States = { 2 3 4 5 6 7 8 9 10 11 12 13 14 15 16 17 18 19 20 21 22 23 24 25 26 27 28 29 30 31 32 33 34 }
* Dataflow Pipeline: 0

* FSM state transitions: 
1 --> 2 
2 --> 35 3 
3 --> 4 
4 --> 5 
5 --> 6 
6 --> 7 
7 --> 8 
8 --> 9 
9 --> 10 
10 --> 11 
11 --> 12 
12 --> 13 
13 --> 14 
14 --> 15 
15 --> 16 
16 --> 17 
17 --> 18 
18 --> 19 
19 --> 20 
20 --> 21 
21 --> 22 
22 --> 23 
23 --> 24 
24 --> 25 
25 --> 26 
26 --> 27 
27 --> 28 
28 --> 29 
29 --> 30 
30 --> 31 
31 --> 32 
32 --> 33 
33 --> 34 
34 --> 2 
35 --> 

* FSM state operations: 

State 1 <SV = 0> <Delay = 1.76>
ST_1 : Operation 36 [1/1] (0.00ns)   --->   "call void (...)* @_ssdm_op_SpecInterface(i16* %resized_V_data_2_V, [8 x i8]* @ap_fifo_str, i32 0, i32 0, [1 x i8]* @p_str, i32 0, i32 0, [1 x i8]* @p_str, [1 x i8]* @p_str, [1 x i8]* @p_str, i32 2, i32 2, i32 16, i32 16, [1 x i8]* @p_str, [1 x i8]* @p_str)"   --->   Operation 36 'specinterface' <Predicate = true> <Delay = 0.00>
ST_1 : Operation 37 [1/1] (0.00ns)   --->   "call void (...)* @_ssdm_op_SpecInterface(i16* %resized_V_data_1_V, [8 x i8]* @ap_fifo_str, i32 0, i32 0, [1 x i8]* @p_str, i32 0, i32 0, [1 x i8]* @p_str, [1 x i8]* @p_str, [1 x i8]* @p_str, i32 2, i32 2, i32 16, i32 16, [1 x i8]* @p_str, [1 x i8]* @p_str)"   --->   Operation 37 'specinterface' <Predicate = true> <Delay = 0.00>
ST_1 : Operation 38 [1/1] (0.00ns)   --->   "call void (...)* @_ssdm_op_SpecInterface(i16* %resized_V_data_0_V, [8 x i8]* @ap_fifo_str, i32 0, i32 0, [1 x i8]* @p_str, i32 0, i32 0, [1 x i8]* @p_str, [1 x i8]* @p_str, [1 x i8]* @p_str, i32 2, i32 2, i32 16, i32 16, [1 x i8]* @p_str, [1 x i8]* @p_str)"   --->   Operation 38 'specinterface' <Predicate = true> <Delay = 0.00>
ST_1 : Operation 39 [1/1] (0.00ns)   --->   "call void (...)* @_ssdm_op_SpecInterface(i16* %image_V_data_2_V, [8 x i8]* @ap_fifo_str, i32 0, i32 0, [1 x i8]* @p_str, i32 0, i32 0, [1 x i8]* @p_str, [1 x i8]* @p_str, [1 x i8]* @p_str, i32 2, i32 2, i32 16, i32 16, [1 x i8]* @p_str, [1 x i8]* @p_str)"   --->   Operation 39 'specinterface' <Predicate = true> <Delay = 0.00>
ST_1 : Operation 40 [1/1] (0.00ns)   --->   "call void (...)* @_ssdm_op_SpecInterface(i16* %image_V_data_1_V, [8 x i8]* @ap_fifo_str, i32 0, i32 0, [1 x i8]* @p_str, i32 0, i32 0, [1 x i8]* @p_str, [1 x i8]* @p_str, [1 x i8]* @p_str, i32 2, i32 2, i32 16, i32 16, [1 x i8]* @p_str, [1 x i8]* @p_str)"   --->   Operation 40 'specinterface' <Predicate = true> <Delay = 0.00>
ST_1 : Operation 41 [1/1] (0.00ns)   --->   "call void (...)* @_ssdm_op_SpecInterface(i16* %image_V_data_0_V, [8 x i8]* @ap_fifo_str, i32 0, i32 0, [1 x i8]* @p_str, i32 0, i32 0, [1 x i8]* @p_str, [1 x i8]* @p_str, [1 x i8]* @p_str, i32 2, i32 2, i32 16, i32 16, [1 x i8]* @p_str, [1 x i8]* @p_str)"   --->   Operation 41 'specinterface' <Predicate = true> <Delay = 0.00>
ST_1 : Operation 42 [1/1] (1.76ns)   --->   "br label %1" [firmware/nnet_utils/nnet_image_stream.h:16]   --->   Operation 42 'br' <Predicate = true> <Delay = 1.76>

State 2 <SV = 1> <Delay = 1.73>
ST_2 : Operation 43 [1/1] (0.00ns)   --->   "%h_0 = phi i4 [ 0, %0 ], [ %h, %ImageHeight ]"   --->   Operation 43 'phi' 'h_0' <Predicate = true> <Delay = 0.00>
ST_2 : Operation 44 [1/1] (1.30ns)   --->   "%icmp_ln16 = icmp eq i4 %h_0, -8" [firmware/nnet_utils/nnet_image_stream.h:16]   --->   Operation 44 'icmp' 'icmp_ln16' <Predicate = true> <Delay = 1.30> <Core = "Cmp">   --->   Core 25 'Cmp' <Latency = 0> <II = 1> <Delay = 1.30> <FuncUnit> <Opcode : 'icmp'> <InPorts = 2> <OutPorts = 1>
ST_2 : Operation 45 [1/1] (0.00ns)   --->   "%empty = call i32 (...)* @_ssdm_op_SpecLoopTripCount(i64 8, i64 8, i64 8)"   --->   Operation 45 'speclooptripcount' 'empty' <Predicate = true> <Delay = 0.00>
ST_2 : Operation 46 [1/1] (1.73ns)   --->   "%h = add i4 %h_0, 1" [firmware/nnet_utils/nnet_image_stream.h:16]   --->   Operation 46 'add' 'h' <Predicate = true> <Delay = 1.73> <Core = "AddSub">   --->   Core 14 'AddSub' <Latency = 0> <II = 1> <Delay = 1.73> <FuncUnit> <Opcode : 'add' 'sub'> <InPorts = 2> <OutPorts = 1>
ST_2 : Operation 47 [1/1] (0.00ns)   --->   "br i1 %icmp_ln16, label %2, label %ImageHeight" [firmware/nnet_utils/nnet_image_stream.h:16]   --->   Operation 47 'br' <Predicate = true> <Delay = 0.00>

State 3 <SV = 2> <Delay = 4.37>
ST_3 : Operation 48 [1/1] (2.18ns)   --->   "%empty_83 = call { i16, i16, i16 } @_ssdm_op_Read.ap_fifo.volatile.i16P.i16P.i16P(i16* %image_V_data_0_V, i16* %image_V_data_1_V, i16* %image_V_data_2_V)" [firmware/nnet_utils/nnet_image_stream.h:25]   --->   Operation 48 'read' 'empty_83' <Predicate = (!icmp_ln16)> <Delay = 2.18> <Core = "FIFO">   --->   Core 32 'FIFO' <Latency = 0> <II = 1> <Delay = 3.63> <Storage> <Opcode : 'read' 'write' 'nbread' 'nbwrite'> <Ports = 0> <Width = 16> <Depth = 3> <FIFO>
ST_3 : Operation 49 [1/1] (0.00ns)   --->   "%tmp_data_0_V = extractvalue { i16, i16, i16 } %empty_83, 0" [firmware/nnet_utils/nnet_image_stream.h:25]   --->   Operation 49 'extractvalue' 'tmp_data_0_V' <Predicate = (!icmp_ln16)> <Delay = 0.00>
ST_3 : Operation 50 [1/1] (0.00ns)   --->   "%tmp_data_1_V = extractvalue { i16, i16, i16 } %empty_83, 1" [firmware/nnet_utils/nnet_image_stream.h:25]   --->   Operation 50 'extractvalue' 'tmp_data_1_V' <Predicate = (!icmp_ln16)> <Delay = 0.00>
ST_3 : Operation 51 [1/1] (0.00ns)   --->   "%tmp_data_2_V = extractvalue { i16, i16, i16 } %empty_83, 2" [firmware/nnet_utils/nnet_image_stream.h:25]   --->   Operation 51 'extractvalue' 'tmp_data_2_V' <Predicate = (!icmp_ln16)> <Delay = 0.00>
ST_3 : Operation 52 [1/1] (2.18ns)   --->   "call void @_ssdm_op_Write.ap_fifo.volatile.i16P.i16P.i16P(i16* %resized_V_data_0_V, i16* %resized_V_data_1_V, i16* %resized_V_data_2_V, i16 %tmp_data_0_V, i16 %tmp_data_1_V, i16 %tmp_data_2_V)" [firmware/nnet_utils/nnet_image_stream.h:57]   --->   Operation 52 'write' <Predicate = (!icmp_ln16)> <Delay = 2.18> <Core = "FIFO">   --->   Core 32 'FIFO' <Latency = 0> <II = 1> <Delay = 3.63> <Storage> <Opcode : 'read' 'write' 'nbread' 'nbwrite'> <Ports = 0> <Width = 16> <Depth = 3> <FIFO>

State 4 <SV = 3> <Delay = 2.18>
ST_4 : Operation 53 [1/1] (2.18ns)   --->   "call void @_ssdm_op_Write.ap_fifo.volatile.i16P.i16P.i16P(i16* %resized_V_data_0_V, i16* %resized_V_data_1_V, i16* %resized_V_data_2_V, i16 %tmp_data_0_V, i16 %tmp_data_1_V, i16 %tmp_data_2_V)" [firmware/nnet_utils/nnet_image_stream.h:57]   --->   Operation 53 'write' <Predicate = (!icmp_ln16)> <Delay = 2.18> <Core = "FIFO">   --->   Core 32 'FIFO' <Latency = 0> <II = 1> <Delay = 3.63> <Storage> <Opcode : 'read' 'write' 'nbread' 'nbwrite'> <Ports = 0> <Width = 16> <Depth = 3> <FIFO>

State 5 <SV = 4> <Delay = 4.37>
ST_5 : Operation 54 [1/1] (2.18ns)   --->   "%empty_84 = call { i16, i16, i16 } @_ssdm_op_Read.ap_fifo.volatile.i16P.i16P.i16P(i16* %image_V_data_0_V, i16* %image_V_data_1_V, i16* %image_V_data_2_V)" [firmware/nnet_utils/nnet_image_stream.h:25]   --->   Operation 54 'read' 'empty_84' <Predicate = (!icmp_ln16)> <Delay = 2.18> <Core = "FIFO">   --->   Core 32 'FIFO' <Latency = 0> <II = 1> <Delay = 3.63> <Storage> <Opcode : 'read' 'write' 'nbread' 'nbwrite'> <Ports = 0> <Width = 16> <Depth = 3> <FIFO>
ST_5 : Operation 55 [1/1] (0.00ns)   --->   "%tmp_data_0_V_17 = extractvalue { i16, i16, i16 } %empty_84, 0" [firmware/nnet_utils/nnet_image_stream.h:25]   --->   Operation 55 'extractvalue' 'tmp_data_0_V_17' <Predicate = (!icmp_ln16)> <Delay = 0.00>
ST_5 : Operation 56 [1/1] (0.00ns)   --->   "%tmp_data_1_V_16 = extractvalue { i16, i16, i16 } %empty_84, 1" [firmware/nnet_utils/nnet_image_stream.h:25]   --->   Operation 56 'extractvalue' 'tmp_data_1_V_16' <Predicate = (!icmp_ln16)> <Delay = 0.00>
ST_5 : Operation 57 [1/1] (0.00ns)   --->   "%tmp_data_2_V_16 = extractvalue { i16, i16, i16 } %empty_84, 2" [firmware/nnet_utils/nnet_image_stream.h:25]   --->   Operation 57 'extractvalue' 'tmp_data_2_V_16' <Predicate = (!icmp_ln16)> <Delay = 0.00>
ST_5 : Operation 58 [1/1] (2.18ns)   --->   "call void @_ssdm_op_Write.ap_fifo.volatile.i16P.i16P.i16P(i16* %resized_V_data_0_V, i16* %resized_V_data_1_V, i16* %resized_V_data_2_V, i16 %tmp_data_0_V_17, i16 %tmp_data_1_V_16, i16 %tmp_data_2_V_16)" [firmware/nnet_utils/nnet_image_stream.h:57]   --->   Operation 58 'write' <Predicate = (!icmp_ln16)> <Delay = 2.18> <Core = "FIFO">   --->   Core 32 'FIFO' <Latency = 0> <II = 1> <Delay = 3.63> <Storage> <Opcode : 'read' 'write' 'nbread' 'nbwrite'> <Ports = 0> <Width = 16> <Depth = 3> <FIFO>

State 6 <SV = 5> <Delay = 2.18>
ST_6 : Operation 59 [1/1] (2.18ns)   --->   "call void @_ssdm_op_Write.ap_fifo.volatile.i16P.i16P.i16P(i16* %resized_V_data_0_V, i16* %resized_V_data_1_V, i16* %resized_V_data_2_V, i16 %tmp_data_0_V_17, i16 %tmp_data_1_V_16, i16 %tmp_data_2_V_16)" [firmware/nnet_utils/nnet_image_stream.h:57]   --->   Operation 59 'write' <Predicate = (!icmp_ln16)> <Delay = 2.18> <Core = "FIFO">   --->   Core 32 'FIFO' <Latency = 0> <II = 1> <Delay = 3.63> <Storage> <Opcode : 'read' 'write' 'nbread' 'nbwrite'> <Ports = 0> <Width = 16> <Depth = 3> <FIFO>

State 7 <SV = 6> <Delay = 4.37>
ST_7 : Operation 60 [1/1] (2.18ns)   --->   "%empty_85 = call { i16, i16, i16 } @_ssdm_op_Read.ap_fifo.volatile.i16P.i16P.i16P(i16* %image_V_data_0_V, i16* %image_V_data_1_V, i16* %image_V_data_2_V)" [firmware/nnet_utils/nnet_image_stream.h:25]   --->   Operation 60 'read' 'empty_85' <Predicate = (!icmp_ln16)> <Delay = 2.18> <Core = "FIFO">   --->   Core 32 'FIFO' <Latency = 0> <II = 1> <Delay = 3.63> <Storage> <Opcode : 'read' 'write' 'nbread' 'nbwrite'> <Ports = 0> <Width = 16> <Depth = 3> <FIFO>
ST_7 : Operation 61 [1/1] (0.00ns)   --->   "%tmp_data_0_V_18 = extractvalue { i16, i16, i16 } %empty_85, 0" [firmware/nnet_utils/nnet_image_stream.h:25]   --->   Operation 61 'extractvalue' 'tmp_data_0_V_18' <Predicate = (!icmp_ln16)> <Delay = 0.00>
ST_7 : Operation 62 [1/1] (0.00ns)   --->   "%tmp_data_1_V_17 = extractvalue { i16, i16, i16 } %empty_85, 1" [firmware/nnet_utils/nnet_image_stream.h:25]   --->   Operation 62 'extractvalue' 'tmp_data_1_V_17' <Predicate = (!icmp_ln16)> <Delay = 0.00>
ST_7 : Operation 63 [1/1] (0.00ns)   --->   "%tmp_data_2_V_17 = extractvalue { i16, i16, i16 } %empty_85, 2" [firmware/nnet_utils/nnet_image_stream.h:25]   --->   Operation 63 'extractvalue' 'tmp_data_2_V_17' <Predicate = (!icmp_ln16)> <Delay = 0.00>
ST_7 : Operation 64 [1/1] (2.18ns)   --->   "call void @_ssdm_op_Write.ap_fifo.volatile.i16P.i16P.i16P(i16* %resized_V_data_0_V, i16* %resized_V_data_1_V, i16* %resized_V_data_2_V, i16 %tmp_data_0_V_18, i16 %tmp_data_1_V_17, i16 %tmp_data_2_V_17)" [firmware/nnet_utils/nnet_image_stream.h:57]   --->   Operation 64 'write' <Predicate = (!icmp_ln16)> <Delay = 2.18> <Core = "FIFO">   --->   Core 32 'FIFO' <Latency = 0> <II = 1> <Delay = 3.63> <Storage> <Opcode : 'read' 'write' 'nbread' 'nbwrite'> <Ports = 0> <Width = 16> <Depth = 3> <FIFO>

State 8 <SV = 7> <Delay = 2.18>
ST_8 : Operation 65 [1/1] (2.18ns)   --->   "call void @_ssdm_op_Write.ap_fifo.volatile.i16P.i16P.i16P(i16* %resized_V_data_0_V, i16* %resized_V_data_1_V, i16* %resized_V_data_2_V, i16 %tmp_data_0_V_18, i16 %tmp_data_1_V_17, i16 %tmp_data_2_V_17)" [firmware/nnet_utils/nnet_image_stream.h:57]   --->   Operation 65 'write' <Predicate = (!icmp_ln16)> <Delay = 2.18> <Core = "FIFO">   --->   Core 32 'FIFO' <Latency = 0> <II = 1> <Delay = 3.63> <Storage> <Opcode : 'read' 'write' 'nbread' 'nbwrite'> <Ports = 0> <Width = 16> <Depth = 3> <FIFO>

State 9 <SV = 8> <Delay = 4.37>
ST_9 : Operation 66 [1/1] (2.18ns)   --->   "%empty_86 = call { i16, i16, i16 } @_ssdm_op_Read.ap_fifo.volatile.i16P.i16P.i16P(i16* %image_V_data_0_V, i16* %image_V_data_1_V, i16* %image_V_data_2_V)" [firmware/nnet_utils/nnet_image_stream.h:25]   --->   Operation 66 'read' 'empty_86' <Predicate = (!icmp_ln16)> <Delay = 2.18> <Core = "FIFO">   --->   Core 32 'FIFO' <Latency = 0> <II = 1> <Delay = 3.63> <Storage> <Opcode : 'read' 'write' 'nbread' 'nbwrite'> <Ports = 0> <Width = 16> <Depth = 3> <FIFO>
ST_9 : Operation 67 [1/1] (0.00ns)   --->   "%tmp_data_0_V_19 = extractvalue { i16, i16, i16 } %empty_86, 0" [firmware/nnet_utils/nnet_image_stream.h:25]   --->   Operation 67 'extractvalue' 'tmp_data_0_V_19' <Predicate = (!icmp_ln16)> <Delay = 0.00>
ST_9 : Operation 68 [1/1] (0.00ns)   --->   "%tmp_data_1_V_18 = extractvalue { i16, i16, i16 } %empty_86, 1" [firmware/nnet_utils/nnet_image_stream.h:25]   --->   Operation 68 'extractvalue' 'tmp_data_1_V_18' <Predicate = (!icmp_ln16)> <Delay = 0.00>
ST_9 : Operation 69 [1/1] (0.00ns)   --->   "%tmp_data_2_V_18 = extractvalue { i16, i16, i16 } %empty_86, 2" [firmware/nnet_utils/nnet_image_stream.h:25]   --->   Operation 69 'extractvalue' 'tmp_data_2_V_18' <Predicate = (!icmp_ln16)> <Delay = 0.00>
ST_9 : Operation 70 [1/1] (2.18ns)   --->   "call void @_ssdm_op_Write.ap_fifo.volatile.i16P.i16P.i16P(i16* %resized_V_data_0_V, i16* %resized_V_data_1_V, i16* %resized_V_data_2_V, i16 %tmp_data_0_V_19, i16 %tmp_data_1_V_18, i16 %tmp_data_2_V_18)" [firmware/nnet_utils/nnet_image_stream.h:57]   --->   Operation 70 'write' <Predicate = (!icmp_ln16)> <Delay = 2.18> <Core = "FIFO">   --->   Core 32 'FIFO' <Latency = 0> <II = 1> <Delay = 3.63> <Storage> <Opcode : 'read' 'write' 'nbread' 'nbwrite'> <Ports = 0> <Width = 16> <Depth = 3> <FIFO>

State 10 <SV = 9> <Delay = 2.18>
ST_10 : Operation 71 [1/1] (2.18ns)   --->   "call void @_ssdm_op_Write.ap_fifo.volatile.i16P.i16P.i16P(i16* %resized_V_data_0_V, i16* %resized_V_data_1_V, i16* %resized_V_data_2_V, i16 %tmp_data_0_V_19, i16 %tmp_data_1_V_18, i16 %tmp_data_2_V_18)" [firmware/nnet_utils/nnet_image_stream.h:57]   --->   Operation 71 'write' <Predicate = (!icmp_ln16)> <Delay = 2.18> <Core = "FIFO">   --->   Core 32 'FIFO' <Latency = 0> <II = 1> <Delay = 3.63> <Storage> <Opcode : 'read' 'write' 'nbread' 'nbwrite'> <Ports = 0> <Width = 16> <Depth = 3> <FIFO>

State 11 <SV = 10> <Delay = 4.37>
ST_11 : Operation 72 [1/1] (2.18ns)   --->   "%empty_87 = call { i16, i16, i16 } @_ssdm_op_Read.ap_fifo.volatile.i16P.i16P.i16P(i16* %image_V_data_0_V, i16* %image_V_data_1_V, i16* %image_V_data_2_V)" [firmware/nnet_utils/nnet_image_stream.h:25]   --->   Operation 72 'read' 'empty_87' <Predicate = (!icmp_ln16)> <Delay = 2.18> <Core = "FIFO">   --->   Core 32 'FIFO' <Latency = 0> <II = 1> <Delay = 3.63> <Storage> <Opcode : 'read' 'write' 'nbread' 'nbwrite'> <Ports = 0> <Width = 16> <Depth = 3> <FIFO>
ST_11 : Operation 73 [1/1] (0.00ns)   --->   "%tmp_data_0_V_20 = extractvalue { i16, i16, i16 } %empty_87, 0" [firmware/nnet_utils/nnet_image_stream.h:25]   --->   Operation 73 'extractvalue' 'tmp_data_0_V_20' <Predicate = (!icmp_ln16)> <Delay = 0.00>
ST_11 : Operation 74 [1/1] (0.00ns)   --->   "%tmp_data_1_V_19 = extractvalue { i16, i16, i16 } %empty_87, 1" [firmware/nnet_utils/nnet_image_stream.h:25]   --->   Operation 74 'extractvalue' 'tmp_data_1_V_19' <Predicate = (!icmp_ln16)> <Delay = 0.00>
ST_11 : Operation 75 [1/1] (0.00ns)   --->   "%tmp_data_2_V_19 = extractvalue { i16, i16, i16 } %empty_87, 2" [firmware/nnet_utils/nnet_image_stream.h:25]   --->   Operation 75 'extractvalue' 'tmp_data_2_V_19' <Predicate = (!icmp_ln16)> <Delay = 0.00>
ST_11 : Operation 76 [1/1] (2.18ns)   --->   "call void @_ssdm_op_Write.ap_fifo.volatile.i16P.i16P.i16P(i16* %resized_V_data_0_V, i16* %resized_V_data_1_V, i16* %resized_V_data_2_V, i16 %tmp_data_0_V_20, i16 %tmp_data_1_V_19, i16 %tmp_data_2_V_19)" [firmware/nnet_utils/nnet_image_stream.h:57]   --->   Operation 76 'write' <Predicate = (!icmp_ln16)> <Delay = 2.18> <Core = "FIFO">   --->   Core 32 'FIFO' <Latency = 0> <II = 1> <Delay = 3.63> <Storage> <Opcode : 'read' 'write' 'nbread' 'nbwrite'> <Ports = 0> <Width = 16> <Depth = 3> <FIFO>

State 12 <SV = 11> <Delay = 2.18>
ST_12 : Operation 77 [1/1] (2.18ns)   --->   "%empty_88 = call { i16, i16, i16 } @_ssdm_op_Read.ap_fifo.volatile.i16P.i16P.i16P(i16* %image_V_data_0_V, i16* %image_V_data_1_V, i16* %image_V_data_2_V)" [firmware/nnet_utils/nnet_image_stream.h:25]   --->   Operation 77 'read' 'empty_88' <Predicate = (!icmp_ln16)> <Delay = 2.18> <Core = "FIFO">   --->   Core 32 'FIFO' <Latency = 0> <II = 1> <Delay = 3.63> <Storage> <Opcode : 'read' 'write' 'nbread' 'nbwrite'> <Ports = 0> <Width = 16> <Depth = 3> <FIFO>
ST_12 : Operation 78 [1/1] (0.00ns)   --->   "%tmp_data_0_V_21 = extractvalue { i16, i16, i16 } %empty_88, 0" [firmware/nnet_utils/nnet_image_stream.h:25]   --->   Operation 78 'extractvalue' 'tmp_data_0_V_21' <Predicate = (!icmp_ln16)> <Delay = 0.00>
ST_12 : Operation 79 [1/1] (0.00ns)   --->   "%tmp_data_1_V_20 = extractvalue { i16, i16, i16 } %empty_88, 1" [firmware/nnet_utils/nnet_image_stream.h:25]   --->   Operation 79 'extractvalue' 'tmp_data_1_V_20' <Predicate = (!icmp_ln16)> <Delay = 0.00>
ST_12 : Operation 80 [1/1] (0.00ns)   --->   "%tmp_data_2_V_20 = extractvalue { i16, i16, i16 } %empty_88, 2" [firmware/nnet_utils/nnet_image_stream.h:25]   --->   Operation 80 'extractvalue' 'tmp_data_2_V_20' <Predicate = (!icmp_ln16)> <Delay = 0.00>
ST_12 : Operation 81 [1/1] (2.18ns)   --->   "call void @_ssdm_op_Write.ap_fifo.volatile.i16P.i16P.i16P(i16* %resized_V_data_0_V, i16* %resized_V_data_1_V, i16* %resized_V_data_2_V, i16 %tmp_data_0_V_20, i16 %tmp_data_1_V_19, i16 %tmp_data_2_V_19)" [firmware/nnet_utils/nnet_image_stream.h:57]   --->   Operation 81 'write' <Predicate = (!icmp_ln16)> <Delay = 2.18> <Core = "FIFO">   --->   Core 32 'FIFO' <Latency = 0> <II = 1> <Delay = 3.63> <Storage> <Opcode : 'read' 'write' 'nbread' 'nbwrite'> <Ports = 0> <Width = 16> <Depth = 3> <FIFO>

State 13 <SV = 12> <Delay = 2.18>
ST_13 : Operation 82 [1/1] (2.18ns)   --->   "%empty_89 = call { i16, i16, i16 } @_ssdm_op_Read.ap_fifo.volatile.i16P.i16P.i16P(i16* %image_V_data_0_V, i16* %image_V_data_1_V, i16* %image_V_data_2_V)" [firmware/nnet_utils/nnet_image_stream.h:25]   --->   Operation 82 'read' 'empty_89' <Predicate = (!icmp_ln16)> <Delay = 2.18> <Core = "FIFO">   --->   Core 32 'FIFO' <Latency = 0> <II = 1> <Delay = 3.63> <Storage> <Opcode : 'read' 'write' 'nbread' 'nbwrite'> <Ports = 0> <Width = 16> <Depth = 3> <FIFO>
ST_13 : Operation 83 [1/1] (0.00ns)   --->   "%tmp_data_0_V_22 = extractvalue { i16, i16, i16 } %empty_89, 0" [firmware/nnet_utils/nnet_image_stream.h:25]   --->   Operation 83 'extractvalue' 'tmp_data_0_V_22' <Predicate = (!icmp_ln16)> <Delay = 0.00>
ST_13 : Operation 84 [1/1] (0.00ns)   --->   "%tmp_data_1_V_21 = extractvalue { i16, i16, i16 } %empty_89, 1" [firmware/nnet_utils/nnet_image_stream.h:25]   --->   Operation 84 'extractvalue' 'tmp_data_1_V_21' <Predicate = (!icmp_ln16)> <Delay = 0.00>
ST_13 : Operation 85 [1/1] (0.00ns)   --->   "%tmp_data_2_V_21 = extractvalue { i16, i16, i16 } %empty_89, 2" [firmware/nnet_utils/nnet_image_stream.h:25]   --->   Operation 85 'extractvalue' 'tmp_data_2_V_21' <Predicate = (!icmp_ln16)> <Delay = 0.00>
ST_13 : Operation 86 [1/1] (2.18ns)   --->   "call void @_ssdm_op_Write.ap_fifo.volatile.i16P.i16P.i16P(i16* %resized_V_data_0_V, i16* %resized_V_data_1_V, i16* %resized_V_data_2_V, i16 %tmp_data_0_V_21, i16 %tmp_data_1_V_20, i16 %tmp_data_2_V_20)" [firmware/nnet_utils/nnet_image_stream.h:57]   --->   Operation 86 'write' <Predicate = (!icmp_ln16)> <Delay = 2.18> <Core = "FIFO">   --->   Core 32 'FIFO' <Latency = 0> <II = 1> <Delay = 3.63> <Storage> <Opcode : 'read' 'write' 'nbread' 'nbwrite'> <Ports = 0> <Width = 16> <Depth = 3> <FIFO>

State 14 <SV = 13> <Delay = 2.18>
ST_14 : Operation 87 [1/1] (2.18ns)   --->   "%empty_90 = call { i16, i16, i16 } @_ssdm_op_Read.ap_fifo.volatile.i16P.i16P.i16P(i16* %image_V_data_0_V, i16* %image_V_data_1_V, i16* %image_V_data_2_V)" [firmware/nnet_utils/nnet_image_stream.h:25]   --->   Operation 87 'read' 'empty_90' <Predicate = (!icmp_ln16)> <Delay = 2.18> <Core = "FIFO">   --->   Core 32 'FIFO' <Latency = 0> <II = 1> <Delay = 3.63> <Storage> <Opcode : 'read' 'write' 'nbread' 'nbwrite'> <Ports = 0> <Width = 16> <Depth = 3> <FIFO>
ST_14 : Operation 88 [1/1] (0.00ns)   --->   "%tmp_data_0_V_23 = extractvalue { i16, i16, i16 } %empty_90, 0" [firmware/nnet_utils/nnet_image_stream.h:25]   --->   Operation 88 'extractvalue' 'tmp_data_0_V_23' <Predicate = (!icmp_ln16)> <Delay = 0.00>
ST_14 : Operation 89 [1/1] (0.00ns)   --->   "%tmp_data_1_V_22 = extractvalue { i16, i16, i16 } %empty_90, 1" [firmware/nnet_utils/nnet_image_stream.h:25]   --->   Operation 89 'extractvalue' 'tmp_data_1_V_22' <Predicate = (!icmp_ln16)> <Delay = 0.00>
ST_14 : Operation 90 [1/1] (0.00ns)   --->   "%tmp_data_2_V_22 = extractvalue { i16, i16, i16 } %empty_90, 2" [firmware/nnet_utils/nnet_image_stream.h:25]   --->   Operation 90 'extractvalue' 'tmp_data_2_V_22' <Predicate = (!icmp_ln16)> <Delay = 0.00>
ST_14 : Operation 91 [1/1] (2.18ns)   --->   "call void @_ssdm_op_Write.ap_fifo.volatile.i16P.i16P.i16P(i16* %resized_V_data_0_V, i16* %resized_V_data_1_V, i16* %resized_V_data_2_V, i16 %tmp_data_0_V_21, i16 %tmp_data_1_V_20, i16 %tmp_data_2_V_20)" [firmware/nnet_utils/nnet_image_stream.h:57]   --->   Operation 91 'write' <Predicate = (!icmp_ln16)> <Delay = 2.18> <Core = "FIFO">   --->   Core 32 'FIFO' <Latency = 0> <II = 1> <Delay = 3.63> <Storage> <Opcode : 'read' 'write' 'nbread' 'nbwrite'> <Ports = 0> <Width = 16> <Depth = 3> <FIFO>

State 15 <SV = 14> <Delay = 2.18>
ST_15 : Operation 92 [1/1] (2.18ns)   --->   "call void @_ssdm_op_Write.ap_fifo.volatile.i16P.i16P.i16P(i16* %resized_V_data_0_V, i16* %resized_V_data_1_V, i16* %resized_V_data_2_V, i16 %tmp_data_0_V_22, i16 %tmp_data_1_V_21, i16 %tmp_data_2_V_21)" [firmware/nnet_utils/nnet_image_stream.h:57]   --->   Operation 92 'write' <Predicate = (!icmp_ln16)> <Delay = 2.18> <Core = "FIFO">   --->   Core 32 'FIFO' <Latency = 0> <II = 1> <Delay = 3.63> <Storage> <Opcode : 'read' 'write' 'nbread' 'nbwrite'> <Ports = 0> <Width = 16> <Depth = 3> <FIFO>

State 16 <SV = 15> <Delay = 2.18>
ST_16 : Operation 93 [1/1] (2.18ns)   --->   "call void @_ssdm_op_Write.ap_fifo.volatile.i16P.i16P.i16P(i16* %resized_V_data_0_V, i16* %resized_V_data_1_V, i16* %resized_V_data_2_V, i16 %tmp_data_0_V_22, i16 %tmp_data_1_V_21, i16 %tmp_data_2_V_21)" [firmware/nnet_utils/nnet_image_stream.h:57]   --->   Operation 93 'write' <Predicate = (!icmp_ln16)> <Delay = 2.18> <Core = "FIFO">   --->   Core 32 'FIFO' <Latency = 0> <II = 1> <Delay = 3.63> <Storage> <Opcode : 'read' 'write' 'nbread' 'nbwrite'> <Ports = 0> <Width = 16> <Depth = 3> <FIFO>

State 17 <SV = 16> <Delay = 2.18>
ST_17 : Operation 94 [1/1] (2.18ns)   --->   "call void @_ssdm_op_Write.ap_fifo.volatile.i16P.i16P.i16P(i16* %resized_V_data_0_V, i16* %resized_V_data_1_V, i16* %resized_V_data_2_V, i16 %tmp_data_0_V_23, i16 %tmp_data_1_V_22, i16 %tmp_data_2_V_22)" [firmware/nnet_utils/nnet_image_stream.h:57]   --->   Operation 94 'write' <Predicate = (!icmp_ln16)> <Delay = 2.18> <Core = "FIFO">   --->   Core 32 'FIFO' <Latency = 0> <II = 1> <Delay = 3.63> <Storage> <Opcode : 'read' 'write' 'nbread' 'nbwrite'> <Ports = 0> <Width = 16> <Depth = 3> <FIFO>

State 18 <SV = 17> <Delay = 2.18>
ST_18 : Operation 95 [1/1] (2.18ns)   --->   "call void @_ssdm_op_Write.ap_fifo.volatile.i16P.i16P.i16P(i16* %resized_V_data_0_V, i16* %resized_V_data_1_V, i16* %resized_V_data_2_V, i16 %tmp_data_0_V_23, i16 %tmp_data_1_V_22, i16 %tmp_data_2_V_22)" [firmware/nnet_utils/nnet_image_stream.h:57]   --->   Operation 95 'write' <Predicate = (!icmp_ln16)> <Delay = 2.18> <Core = "FIFO">   --->   Core 32 'FIFO' <Latency = 0> <II = 1> <Delay = 3.63> <Storage> <Opcode : 'read' 'write' 'nbread' 'nbwrite'> <Ports = 0> <Width = 16> <Depth = 3> <FIFO>

State 19 <SV = 18> <Delay = 2.18>
ST_19 : Operation 96 [1/1] (2.18ns)   --->   "call void @_ssdm_op_Write.ap_fifo.volatile.i16P.i16P.i16P(i16* %resized_V_data_0_V, i16* %resized_V_data_1_V, i16* %resized_V_data_2_V, i16 %tmp_data_0_V, i16 %tmp_data_1_V, i16 %tmp_data_2_V)" [firmware/nnet_utils/nnet_image_stream.h:57]   --->   Operation 96 'write' <Predicate = (!icmp_ln16)> <Delay = 2.18> <Core = "FIFO">   --->   Core 32 'FIFO' <Latency = 0> <II = 1> <Delay = 3.63> <Storage> <Opcode : 'read' 'write' 'nbread' 'nbwrite'> <Ports = 0> <Width = 16> <Depth = 3> <FIFO>

State 20 <SV = 19> <Delay = 2.18>
ST_20 : Operation 97 [1/1] (2.18ns)   --->   "call void @_ssdm_op_Write.ap_fifo.volatile.i16P.i16P.i16P(i16* %resized_V_data_0_V, i16* %resized_V_data_1_V, i16* %resized_V_data_2_V, i16 %tmp_data_0_V, i16 %tmp_data_1_V, i16 %tmp_data_2_V)" [firmware/nnet_utils/nnet_image_stream.h:57]   --->   Operation 97 'write' <Predicate = (!icmp_ln16)> <Delay = 2.18> <Core = "FIFO">   --->   Core 32 'FIFO' <Latency = 0> <II = 1> <Delay = 3.63> <Storage> <Opcode : 'read' 'write' 'nbread' 'nbwrite'> <Ports = 0> <Width = 16> <Depth = 3> <FIFO>

State 21 <SV = 20> <Delay = 2.18>
ST_21 : Operation 98 [1/1] (2.18ns)   --->   "call void @_ssdm_op_Write.ap_fifo.volatile.i16P.i16P.i16P(i16* %resized_V_data_0_V, i16* %resized_V_data_1_V, i16* %resized_V_data_2_V, i16 %tmp_data_0_V_17, i16 %tmp_data_1_V_16, i16 %tmp_data_2_V_16)" [firmware/nnet_utils/nnet_image_stream.h:57]   --->   Operation 98 'write' <Predicate = (!icmp_ln16)> <Delay = 2.18> <Core = "FIFO">   --->   Core 32 'FIFO' <Latency = 0> <II = 1> <Delay = 3.63> <Storage> <Opcode : 'read' 'write' 'nbread' 'nbwrite'> <Ports = 0> <Width = 16> <Depth = 3> <FIFO>

State 22 <SV = 21> <Delay = 2.18>
ST_22 : Operation 99 [1/1] (2.18ns)   --->   "call void @_ssdm_op_Write.ap_fifo.volatile.i16P.i16P.i16P(i16* %resized_V_data_0_V, i16* %resized_V_data_1_V, i16* %resized_V_data_2_V, i16 %tmp_data_0_V_17, i16 %tmp_data_1_V_16, i16 %tmp_data_2_V_16)" [firmware/nnet_utils/nnet_image_stream.h:57]   --->   Operation 99 'write' <Predicate = (!icmp_ln16)> <Delay = 2.18> <Core = "FIFO">   --->   Core 32 'FIFO' <Latency = 0> <II = 1> <Delay = 3.63> <Storage> <Opcode : 'read' 'write' 'nbread' 'nbwrite'> <Ports = 0> <Width = 16> <Depth = 3> <FIFO>

State 23 <SV = 22> <Delay = 2.18>
ST_23 : Operation 100 [1/1] (2.18ns)   --->   "call void @_ssdm_op_Write.ap_fifo.volatile.i16P.i16P.i16P(i16* %resized_V_data_0_V, i16* %resized_V_data_1_V, i16* %resized_V_data_2_V, i16 %tmp_data_0_V_18, i16 %tmp_data_1_V_17, i16 %tmp_data_2_V_17)" [firmware/nnet_utils/nnet_image_stream.h:57]   --->   Operation 100 'write' <Predicate = (!icmp_ln16)> <Delay = 2.18> <Core = "FIFO">   --->   Core 32 'FIFO' <Latency = 0> <II = 1> <Delay = 3.63> <Storage> <Opcode : 'read' 'write' 'nbread' 'nbwrite'> <Ports = 0> <Width = 16> <Depth = 3> <FIFO>

State 24 <SV = 23> <Delay = 2.18>
ST_24 : Operation 101 [1/1] (2.18ns)   --->   "call void @_ssdm_op_Write.ap_fifo.volatile.i16P.i16P.i16P(i16* %resized_V_data_0_V, i16* %resized_V_data_1_V, i16* %resized_V_data_2_V, i16 %tmp_data_0_V_18, i16 %tmp_data_1_V_17, i16 %tmp_data_2_V_17)" [firmware/nnet_utils/nnet_image_stream.h:57]   --->   Operation 101 'write' <Predicate = (!icmp_ln16)> <Delay = 2.18> <Core = "FIFO">   --->   Core 32 'FIFO' <Latency = 0> <II = 1> <Delay = 3.63> <Storage> <Opcode : 'read' 'write' 'nbread' 'nbwrite'> <Ports = 0> <Width = 16> <Depth = 3> <FIFO>

State 25 <SV = 24> <Delay = 2.18>
ST_25 : Operation 102 [1/1] (2.18ns)   --->   "call void @_ssdm_op_Write.ap_fifo.volatile.i16P.i16P.i16P(i16* %resized_V_data_0_V, i16* %resized_V_data_1_V, i16* %resized_V_data_2_V, i16 %tmp_data_0_V_19, i16 %tmp_data_1_V_18, i16 %tmp_data_2_V_18)" [firmware/nnet_utils/nnet_image_stream.h:57]   --->   Operation 102 'write' <Predicate = (!icmp_ln16)> <Delay = 2.18> <Core = "FIFO">   --->   Core 32 'FIFO' <Latency = 0> <II = 1> <Delay = 3.63> <Storage> <Opcode : 'read' 'write' 'nbread' 'nbwrite'> <Ports = 0> <Width = 16> <Depth = 3> <FIFO>

State 26 <SV = 25> <Delay = 2.18>
ST_26 : Operation 103 [1/1] (2.18ns)   --->   "call void @_ssdm_op_Write.ap_fifo.volatile.i16P.i16P.i16P(i16* %resized_V_data_0_V, i16* %resized_V_data_1_V, i16* %resized_V_data_2_V, i16 %tmp_data_0_V_19, i16 %tmp_data_1_V_18, i16 %tmp_data_2_V_18)" [firmware/nnet_utils/nnet_image_stream.h:57]   --->   Operation 103 'write' <Predicate = (!icmp_ln16)> <Delay = 2.18> <Core = "FIFO">   --->   Core 32 'FIFO' <Latency = 0> <II = 1> <Delay = 3.63> <Storage> <Opcode : 'read' 'write' 'nbread' 'nbwrite'> <Ports = 0> <Width = 16> <Depth = 3> <FIFO>

State 27 <SV = 26> <Delay = 2.18>
ST_27 : Operation 104 [1/1] (2.18ns)   --->   "call void @_ssdm_op_Write.ap_fifo.volatile.i16P.i16P.i16P(i16* %resized_V_data_0_V, i16* %resized_V_data_1_V, i16* %resized_V_data_2_V, i16 %tmp_data_0_V_20, i16 %tmp_data_1_V_19, i16 %tmp_data_2_V_19)" [firmware/nnet_utils/nnet_image_stream.h:57]   --->   Operation 104 'write' <Predicate = (!icmp_ln16)> <Delay = 2.18> <Core = "FIFO">   --->   Core 32 'FIFO' <Latency = 0> <II = 1> <Delay = 3.63> <Storage> <Opcode : 'read' 'write' 'nbread' 'nbwrite'> <Ports = 0> <Width = 16> <Depth = 3> <FIFO>

State 28 <SV = 27> <Delay = 2.18>
ST_28 : Operation 105 [1/1] (2.18ns)   --->   "call void @_ssdm_op_Write.ap_fifo.volatile.i16P.i16P.i16P(i16* %resized_V_data_0_V, i16* %resized_V_data_1_V, i16* %resized_V_data_2_V, i16 %tmp_data_0_V_20, i16 %tmp_data_1_V_19, i16 %tmp_data_2_V_19)" [firmware/nnet_utils/nnet_image_stream.h:57]   --->   Operation 105 'write' <Predicate = (!icmp_ln16)> <Delay = 2.18> <Core = "FIFO">   --->   Core 32 'FIFO' <Latency = 0> <II = 1> <Delay = 3.63> <Storage> <Opcode : 'read' 'write' 'nbread' 'nbwrite'> <Ports = 0> <Width = 16> <Depth = 3> <FIFO>

State 29 <SV = 28> <Delay = 2.18>
ST_29 : Operation 106 [1/1] (2.18ns)   --->   "call void @_ssdm_op_Write.ap_fifo.volatile.i16P.i16P.i16P(i16* %resized_V_data_0_V, i16* %resized_V_data_1_V, i16* %resized_V_data_2_V, i16 %tmp_data_0_V_21, i16 %tmp_data_1_V_20, i16 %tmp_data_2_V_20)" [firmware/nnet_utils/nnet_image_stream.h:57]   --->   Operation 106 'write' <Predicate = (!icmp_ln16)> <Delay = 2.18> <Core = "FIFO">   --->   Core 32 'FIFO' <Latency = 0> <II = 1> <Delay = 3.63> <Storage> <Opcode : 'read' 'write' 'nbread' 'nbwrite'> <Ports = 0> <Width = 16> <Depth = 3> <FIFO>

State 30 <SV = 29> <Delay = 2.18>
ST_30 : Operation 107 [1/1] (2.18ns)   --->   "call void @_ssdm_op_Write.ap_fifo.volatile.i16P.i16P.i16P(i16* %resized_V_data_0_V, i16* %resized_V_data_1_V, i16* %resized_V_data_2_V, i16 %tmp_data_0_V_21, i16 %tmp_data_1_V_20, i16 %tmp_data_2_V_20)" [firmware/nnet_utils/nnet_image_stream.h:57]   --->   Operation 107 'write' <Predicate = (!icmp_ln16)> <Delay = 2.18> <Core = "FIFO">   --->   Core 32 'FIFO' <Latency = 0> <II = 1> <Delay = 3.63> <Storage> <Opcode : 'read' 'write' 'nbread' 'nbwrite'> <Ports = 0> <Width = 16> <Depth = 3> <FIFO>

State 31 <SV = 30> <Delay = 2.18>
ST_31 : Operation 108 [1/1] (2.18ns)   --->   "call void @_ssdm_op_Write.ap_fifo.volatile.i16P.i16P.i16P(i16* %resized_V_data_0_V, i16* %resized_V_data_1_V, i16* %resized_V_data_2_V, i16 %tmp_data_0_V_22, i16 %tmp_data_1_V_21, i16 %tmp_data_2_V_21)" [firmware/nnet_utils/nnet_image_stream.h:57]   --->   Operation 108 'write' <Predicate = (!icmp_ln16)> <Delay = 2.18> <Core = "FIFO">   --->   Core 32 'FIFO' <Latency = 0> <II = 1> <Delay = 3.63> <Storage> <Opcode : 'read' 'write' 'nbread' 'nbwrite'> <Ports = 0> <Width = 16> <Depth = 3> <FIFO>

State 32 <SV = 31> <Delay = 2.18>
ST_32 : Operation 109 [1/1] (2.18ns)   --->   "call void @_ssdm_op_Write.ap_fifo.volatile.i16P.i16P.i16P(i16* %resized_V_data_0_V, i16* %resized_V_data_1_V, i16* %resized_V_data_2_V, i16 %tmp_data_0_V_22, i16 %tmp_data_1_V_21, i16 %tmp_data_2_V_21)" [firmware/nnet_utils/nnet_image_stream.h:57]   --->   Operation 109 'write' <Predicate = (!icmp_ln16)> <Delay = 2.18> <Core = "FIFO">   --->   Core 32 'FIFO' <Latency = 0> <II = 1> <Delay = 3.63> <Storage> <Opcode : 'read' 'write' 'nbread' 'nbwrite'> <Ports = 0> <Width = 16> <Depth = 3> <FIFO>

State 33 <SV = 32> <Delay = 2.18>
ST_33 : Operation 110 [1/1] (2.18ns)   --->   "call void @_ssdm_op_Write.ap_fifo.volatile.i16P.i16P.i16P(i16* %resized_V_data_0_V, i16* %resized_V_data_1_V, i16* %resized_V_data_2_V, i16 %tmp_data_0_V_23, i16 %tmp_data_1_V_22, i16 %tmp_data_2_V_22)" [firmware/nnet_utils/nnet_image_stream.h:57]   --->   Operation 110 'write' <Predicate = (!icmp_ln16)> <Delay = 2.18> <Core = "FIFO">   --->   Core 32 'FIFO' <Latency = 0> <II = 1> <Delay = 3.63> <Storage> <Opcode : 'read' 'write' 'nbread' 'nbwrite'> <Ports = 0> <Width = 16> <Depth = 3> <FIFO>

State 34 <SV = 33> <Delay = 2.18>
ST_34 : Operation 111 [1/1] (0.00ns)   --->   "call void (...)* @_ssdm_op_SpecLoopName([12 x i8]* @p_str83) nounwind" [firmware/nnet_utils/nnet_image_stream.h:16]   --->   Operation 111 'specloopname' <Predicate = (!icmp_ln16)> <Delay = 0.00>
ST_34 : Operation 112 [1/1] (0.00ns)   --->   "%tmp = call i32 (...)* @_ssdm_op_SpecRegionBegin([12 x i8]* @p_str83)" [firmware/nnet_utils/nnet_image_stream.h:16]   --->   Operation 112 'specregionbegin' 'tmp' <Predicate = (!icmp_ln16)> <Delay = 0.00>
ST_34 : Operation 113 [1/1] (0.00ns)   --->   "call void (...)* @_ssdm_op_SpecPipeline(i32 -1, i32 1, i32 1, i32 0, [1 x i8]* @p_str20) nounwind" [firmware/nnet_utils/nnet_image_stream.h:17]   --->   Operation 113 'specpipeline' <Predicate = (!icmp_ln16)> <Delay = 0.00>
ST_34 : Operation 114 [1/1] (2.18ns)   --->   "call void @_ssdm_op_Write.ap_fifo.volatile.i16P.i16P.i16P(i16* %resized_V_data_0_V, i16* %resized_V_data_1_V, i16* %resized_V_data_2_V, i16 %tmp_data_0_V_23, i16 %tmp_data_1_V_22, i16 %tmp_data_2_V_22)" [firmware/nnet_utils/nnet_image_stream.h:57]   --->   Operation 114 'write' <Predicate = (!icmp_ln16)> <Delay = 2.18> <Core = "FIFO">   --->   Core 32 'FIFO' <Latency = 0> <II = 1> <Delay = 3.63> <Storage> <Opcode : 'read' 'write' 'nbread' 'nbwrite'> <Ports = 0> <Width = 16> <Depth = 3> <FIFO>
ST_34 : Operation 115 [1/1] (0.00ns)   --->   "%empty_91 = call i32 (...)* @_ssdm_op_SpecRegionEnd([12 x i8]* @p_str83, i32 %tmp)" [firmware/nnet_utils/nnet_image_stream.h:61]   --->   Operation 115 'specregionend' 'empty_91' <Predicate = (!icmp_ln16)> <Delay = 0.00>
ST_34 : Operation 116 [1/1] (0.00ns)   --->   "br label %1" [firmware/nnet_utils/nnet_image_stream.h:16]   --->   Operation 116 'br' <Predicate = (!icmp_ln16)> <Delay = 0.00>

State 35 <SV = 2> <Delay = 0.00>
ST_35 : Operation 117 [1/1] (0.00ns)   --->   "ret void" [firmware/nnet_utils/nnet_image_stream.h:62]   --->   Operation 117 'ret' <Predicate = true> <Delay = 0.00>


============================================================
+ Verbose Summary: Binding
============================================================
STG Binding: 
---------------- STG Properties BEGIN ----------------
- Is combinational: 0
- Is one-state seq: 0
- Is datapath-only: 0
- Is pipelined: 0
- Is top level: 0
Port [ Return ] is wired: 1; IO mode=ap_ctrl_hs:ce=0
Port [ image_V_data_0_V]:  wired=1; compound=1; hidden=0; nouse=0; global=0; static=0; extern=0; dir=0; type=3; pingpong=0; private_global=0; IO mode=ap_fifo:ce=0
Port [ image_V_data_1_V]:  wired=1; compound=1; hidden=0; nouse=0; global=0; static=0; extern=0; dir=0; type=3; pingpong=0; private_global=0; IO mode=ap_fifo:ce=0
Port [ image_V_data_2_V]:  wired=1; compound=1; hidden=0; nouse=0; global=0; static=0; extern=0; dir=0; type=3; pingpong=0; private_global=0; IO mode=ap_fifo:ce=0
Port [ resized_V_data_0_V]:  wired=1; compound=1; hidden=0; nouse=0; global=0; static=0; extern=0; dir=1; type=3; pingpong=0; private_global=0; IO mode=ap_fifo:ce=0
Port [ resized_V_data_1_V]:  wired=1; compound=1; hidden=0; nouse=0; global=0; static=0; extern=0; dir=1; type=3; pingpong=0; private_global=0; IO mode=ap_fifo:ce=0
Port [ resized_V_data_2_V]:  wired=1; compound=1; hidden=0; nouse=0; global=0; static=0; extern=0; dir=1; type=3; pingpong=0; private_global=0; IO mode=ap_fifo:ce=0
---------------- STG Properties END ------------------

---------------- Datapath Model BEGIN ----------------

<LifeTime>
<method=bitvector/>
specinterface_ln0 (specinterface    ) [ 000000000000000000000000000000000000]
specinterface_ln0 (specinterface    ) [ 000000000000000000000000000000000000]
specinterface_ln0 (specinterface    ) [ 000000000000000000000000000000000000]
specinterface_ln0 (specinterface    ) [ 000000000000000000000000000000000000]
specinterface_ln0 (specinterface    ) [ 000000000000000000000000000000000000]
specinterface_ln0 (specinterface    ) [ 000000000000000000000000000000000000]
br_ln16           (br               ) [ 011111111111111111111111111111111110]
h_0               (phi              ) [ 001000000000000000000000000000000000]
icmp_ln16         (icmp             ) [ 001111111111111111111111111111111110]
empty             (speclooptripcount) [ 000000000000000000000000000000000000]
h                 (add              ) [ 011111111111111111111111111111111110]
br_ln16           (br               ) [ 000000000000000000000000000000000000]
empty_83          (read             ) [ 000000000000000000000000000000000000]
tmp_data_0_V      (extractvalue     ) [ 000011111111111111111000000000000000]
tmp_data_1_V      (extractvalue     ) [ 000011111111111111111000000000000000]
tmp_data_2_V      (extractvalue     ) [ 000011111111111111111000000000000000]
write_ln57        (write            ) [ 000000000000000000000000000000000000]
write_ln57        (write            ) [ 000000000000000000000000000000000000]
empty_84          (read             ) [ 000000000000000000000000000000000000]
tmp_data_0_V_17   (extractvalue     ) [ 000000111111111111111110000000000000]
tmp_data_1_V_16   (extractvalue     ) [ 000000111111111111111110000000000000]
tmp_data_2_V_16   (extractvalue     ) [ 000000111111111111111110000000000000]
write_ln57        (write            ) [ 000000000000000000000000000000000000]
write_ln57        (write            ) [ 000000000000000000000000000000000000]
empty_85          (read             ) [ 000000000000000000000000000000000000]
tmp_data_0_V_18   (extractvalue     ) [ 000000001111111111111111100000000000]
tmp_data_1_V_17   (extractvalue     ) [ 000000001111111111111111100000000000]
tmp_data_2_V_17   (extractvalue     ) [ 000000001111111111111111100000000000]
write_ln57        (write            ) [ 000000000000000000000000000000000000]
write_ln57        (write            ) [ 000000000000000000000000000000000000]
empty_86          (read             ) [ 000000000000000000000000000000000000]
tmp_data_0_V_19   (extractvalue     ) [ 000000000011111111111111111000000000]
tmp_data_1_V_18   (extractvalue     ) [ 000000000011111111111111111000000000]
tmp_data_2_V_18   (extractvalue     ) [ 000000000011111111111111111000000000]
write_ln57        (write            ) [ 000000000000000000000000000000000000]
write_ln57        (write            ) [ 000000000000000000000000000000000000]
empty_87          (read             ) [ 000000000000000000000000000000000000]
tmp_data_0_V_20   (extractvalue     ) [ 000000000000111111111111111110000000]
tmp_data_1_V_19   (extractvalue     ) [ 000000000000111111111111111110000000]
tmp_data_2_V_19   (extractvalue     ) [ 000000000000111111111111111110000000]
write_ln57        (write            ) [ 000000000000000000000000000000000000]
empty_88          (read             ) [ 000000000000000000000000000000000000]
tmp_data_0_V_21   (extractvalue     ) [ 000000000000011111111111111111100000]
tmp_data_1_V_20   (extractvalue     ) [ 000000000000011111111111111111100000]
tmp_data_2_V_20   (extractvalue     ) [ 000000000000011111111111111111100000]
write_ln57        (write            ) [ 000000000000000000000000000000000000]
empty_89          (read             ) [ 000000000000000000000000000000000000]
tmp_data_0_V_22   (extractvalue     ) [ 000000000000001111111111111111111000]
tmp_data_1_V_21   (extractvalue     ) [ 000000000000001111111111111111111000]
tmp_data_2_V_21   (extractvalue     ) [ 000000000000001111111111111111111000]
write_ln57        (write            ) [ 000000000000000000000000000000000000]
empty_90          (read             ) [ 000000000000000000000000000000000000]
tmp_data_0_V_23   (extractvalue     ) [ 001000000000000111111111111111111110]
tmp_data_1_V_22   (extractvalue     ) [ 001000000000000111111111111111111110]
tmp_data_2_V_22   (extractvalue     ) [ 001000000000000111111111111111111110]
write_ln57        (write            ) [ 000000000000000000000000000000000000]
write_ln57        (write            ) [ 000000000000000000000000000000000000]
write_ln57        (write            ) [ 000000000000000000000000000000000000]
write_ln57        (write            ) [ 000000000000000000000000000000000000]
write_ln57        (write            ) [ 000000000000000000000000000000000000]
write_ln57        (write            ) [ 000000000000000000000000000000000000]
write_ln57        (write            ) [ 000000000000000000000000000000000000]
write_ln57        (write            ) [ 000000000000000000000000000000000000]
write_ln57        (write            ) [ 000000000000000000000000000000000000]
write_ln57        (write            ) [ 000000000000000000000000000000000000]
write_ln57        (write            ) [ 000000000000000000000000000000000000]
write_ln57        (write            ) [ 000000000000000000000000000000000000]
write_ln57        (write            ) [ 000000000000000000000000000000000000]
write_ln57        (write            ) [ 000000000000000000000000000000000000]
write_ln57        (write            ) [ 000000000000000000000000000000000000]
write_ln57        (write            ) [ 000000000000000000000000000000000000]
write_ln57        (write            ) [ 000000000000000000000000000000000000]
write_ln57        (write            ) [ 000000000000000000000000000000000000]
write_ln57        (write            ) [ 000000000000000000000000000000000000]
write_ln57        (write            ) [ 000000000000000000000000000000000000]
specloopname_ln16 (specloopname     ) [ 000000000000000000000000000000000000]
tmp               (specregionbegin  ) [ 000000000000000000000000000000000000]
specpipeline_ln17 (specpipeline     ) [ 000000000000000000000000000000000000]
write_ln57        (write            ) [ 000000000000000000000000000000000000]
empty_91          (specregionend    ) [ 000000000000000000000000000000000000]
br_ln16           (br               ) [ 011111111111111111111111111111111110]
ret_ln62          (ret              ) [ 000000000000000000000000000000000000]
</LifeTime>

<model>

<comp_list>
<comp id="0" class="1000" name="image_V_data_0_V">
<pin_list>
<pin id="1" dir="1" index="0" bw="1" slack="0"/>
</pin_list>
<bind>
<StgValue><ssdm name="image_V_data_0_V"/></StgValue>
</bind>
</comp>

<comp id="2" class="1000" name="image_V_data_1_V">
<pin_list>
<pin id="3" dir="1" index="0" bw="1" slack="0"/>
</pin_list>
<bind>
<StgValue><ssdm name="image_V_data_1_V"/></StgValue>
</bind>
</comp>

<comp id="4" class="1000" name="image_V_data_2_V">
<pin_list>
<pin id="5" dir="1" index="0" bw="1" slack="0"/>
</pin_list>
<bind>
<StgValue><ssdm name="image_V_data_2_V"/></StgValue>
</bind>
</comp>

<comp id="6" class="1000" name="resized_V_data_0_V">
<pin_list>
<pin id="7" dir="1" index="0" bw="1" slack="0"/>
</pin_list>
<bind>
<StgValue><ssdm name="resized_V_data_0_V"/></StgValue>
</bind>
</comp>

<comp id="8" class="1000" name="resized_V_data_1_V">
<pin_list>
<pin id="9" dir="1" index="0" bw="1" slack="0"/>
</pin_list>
<bind>
<StgValue><ssdm name="resized_V_data_1_V"/></StgValue>
</bind>
</comp>

<comp id="10" class="1000" name="resized_V_data_2_V">
<pin_list>
<pin id="11" dir="1" index="0" bw="1" slack="0"/>
</pin_list>
<bind>
<StgValue><ssdm name="resized_V_data_2_V"/></StgValue>
</bind>
</comp>

<comp id="12" class="1001" name="const_12">
<pin_list>
<pin id="13" dir="1" index="0" bw="1" slack="2147483647"/>
</pin_list>
<bind>
<StgValue><ssdm name="_ssdm_op_SpecInterface"/></StgValue>
</bind>
</comp>

<comp id="14" class="1001" name="const_14">
<pin_list>
<pin id="15" dir="1" index="0" bw="1" slack="2147483647"/>
</pin_list>
<bind>
<StgValue><ssdm name="ap_fifo_str"/></StgValue>
</bind>
</comp>

<comp id="16" class="1001" name="const_16">
<pin_list>
<pin id="17" dir="1" index="0" bw="1" slack="2147483647"/>
</pin_list>
<bind>
<StgValue><ssdm name=""/></StgValue>
</bind>
</comp>

<comp id="18" class="1001" name="const_18">
<pin_list>
<pin id="19" dir="1" index="0" bw="1" slack="2147483647"/>
</pin_list>
<bind>
<StgValue><ssdm name="p_str"/></StgValue>
</bind>
</comp>

<comp id="20" class="1001" name="const_20">
<pin_list>
<pin id="21" dir="1" index="0" bw="1" slack="2147483647"/>
</pin_list>
<bind>
<StgValue><ssdm name=""/></StgValue>
</bind>
</comp>

<comp id="22" class="1001" name="const_22">
<pin_list>
<pin id="23" dir="1" index="0" bw="1" slack="2147483647"/>
</pin_list>
<bind>
<StgValue><ssdm name=""/></StgValue>
</bind>
</comp>

<comp id="24" class="1001" name="const_24">
<pin_list>
<pin id="25" dir="1" index="0" bw="1" slack="1"/>
</pin_list>
<bind>
<StgValue><ssdm name=""/></StgValue>
</bind>
</comp>

<comp id="26" class="1001" name="const_26">
<pin_list>
<pin id="27" dir="1" index="0" bw="1" slack="0"/>
</pin_list>
<bind>
<StgValue><ssdm name=""/></StgValue>
</bind>
</comp>

<comp id="28" class="1001" name="const_28">
<pin_list>
<pin id="29" dir="1" index="0" bw="1" slack="2147483647"/>
</pin_list>
<bind>
<StgValue><ssdm name="_ssdm_op_SpecLoopTripCount"/></StgValue>
</bind>
</comp>

<comp id="30" class="1001" name="const_30">
<pin_list>
<pin id="31" dir="1" index="0" bw="1" slack="2147483647"/>
</pin_list>
<bind>
<StgValue><ssdm name=""/></StgValue>
</bind>
</comp>

<comp id="32" class="1001" name="const_32">
<pin_list>
<pin id="33" dir="1" index="0" bw="1" slack="0"/>
</pin_list>
<bind>
<StgValue><ssdm name=""/></StgValue>
</bind>
</comp>

<comp id="34" class="1001" name="const_34">
<pin_list>
<pin id="35" dir="1" index="0" bw="1" slack="0"/>
</pin_list>
<bind>
<StgValue><ssdm name="_ssdm_op_Read.ap_fifo.volatile.i16P.i16P.i16P"/></StgValue>
</bind>
</comp>

<comp id="36" class="1001" name="const_36">
<pin_list>
<pin id="37" dir="1" index="0" bw="1" slack="0"/>
</pin_list>
<bind>
<StgValue><ssdm name="_ssdm_op_Write.ap_fifo.volatile.i16P.i16P.i16P"/></StgValue>
</bind>
</comp>

<comp id="38" class="1001" name="const_38">
<pin_list>
<pin id="39" dir="1" index="0" bw="1" slack="2147483647"/>
</pin_list>
<bind>
<StgValue><ssdm name="_ssdm_op_SpecLoopName"/></StgValue>
</bind>
</comp>

<comp id="40" class="1001" name="const_40">
<pin_list>
<pin id="41" dir="1" index="0" bw="1" slack="2147483647"/>
</pin_list>
<bind>
<StgValue><ssdm name="p_str83"/></StgValue>
</bind>
</comp>

<comp id="42" class="1001" name="const_42">
<pin_list>
<pin id="43" dir="1" index="0" bw="1" slack="2147483647"/>
</pin_list>
<bind>
<StgValue><ssdm name="_ssdm_op_SpecRegionBegin"/></StgValue>
</bind>
</comp>

<comp id="44" class="1001" name="const_44">
<pin_list>
<pin id="45" dir="1" index="0" bw="1" slack="2147483647"/>
</pin_list>
<bind>
<StgValue><ssdm name="_ssdm_op_SpecPipeline"/></StgValue>
</bind>
</comp>

<comp id="46" class="1001" name="const_46">
<pin_list>
<pin id="47" dir="1" index="0" bw="1" slack="2147483647"/>
</pin_list>
<bind>
<StgValue><ssdm name=""/></StgValue>
</bind>
</comp>

<comp id="48" class="1001" name="const_48">
<pin_list>
<pin id="49" dir="1" index="0" bw="1" slack="2147483647"/>
</pin_list>
<bind>
<StgValue><ssdm name=""/></StgValue>
</bind>
</comp>

<comp id="50" class="1001" name="const_50">
<pin_list>
<pin id="51" dir="1" index="0" bw="1" slack="2147483647"/>
</pin_list>
<bind>
<StgValue><ssdm name="p_str20"/></StgValue>
</bind>
</comp>

<comp id="52" class="1001" name="const_52">
<pin_list>
<pin id="53" dir="1" index="0" bw="1" slack="2147483647"/>
</pin_list>
<bind>
<StgValue><ssdm name="_ssdm_op_SpecRegionEnd"/></StgValue>
</bind>
</comp>

<comp id="54" class="1004" name="grp_read_fu_54">
<pin_list>
<pin id="55" dir="0" index="0" bw="48" slack="0"/>
<pin id="56" dir="0" index="1" bw="16" slack="0"/>
<pin id="57" dir="0" index="2" bw="16" slack="0"/>
<pin id="58" dir="0" index="3" bw="16" slack="0"/>
<pin id="59" dir="1" index="4" bw="48" slack="0"/>
</pin_list>
<bind>
<opcode="read(1150) " fcode="read"/>
<opset="empty_83/3 empty_84/5 empty_85/7 empty_86/9 empty_87/11 empty_88/12 empty_89/13 empty_90/14 "/>
</bind>
</comp>

<comp id="64" class="1004" name="grp_write_fu_64">
<pin_list>
<pin id="65" dir="0" index="0" bw="0" slack="0"/>
<pin id="66" dir="0" index="1" bw="16" slack="0"/>
<pin id="67" dir="0" index="2" bw="16" slack="0"/>
<pin id="68" dir="0" index="3" bw="16" slack="0"/>
<pin id="69" dir="0" index="4" bw="16" slack="0"/>
<pin id="70" dir="0" index="5" bw="16" slack="0"/>
<pin id="71" dir="0" index="6" bw="16" slack="0"/>
<pin id="72" dir="1" index="7" bw="0" slack="2147483647"/>
</pin_list>
<bind>
<opcode="write(1151) " fcode="write"/>
<opset="write_ln57/3 write_ln57/4 write_ln57/5 write_ln57/6 write_ln57/7 write_ln57/8 write_ln57/9 write_ln57/10 write_ln57/11 write_ln57/12 write_ln57/13 write_ln57/14 write_ln57/15 write_ln57/16 write_ln57/17 write_ln57/18 write_ln57/19 write_ln57/20 write_ln57/21 write_ln57/22 write_ln57/23 write_ln57/24 write_ln57/25 write_ln57/26 write_ln57/27 write_ln57/28 write_ln57/29 write_ln57/30 write_ln57/31 write_ln57/32 write_ln57/33 write_ln57/34 "/>
</bind>
</comp>

<comp id="77" class="1005" name="h_0_reg_77">
<pin_list>
<pin id="78" dir="0" index="0" bw="4" slack="1"/>
<pin id="79" dir="1" index="1" bw="4" slack="1"/>
</pin_list>
<bind>
<opset="h_0 (phireg) "/>
</bind>
</comp>

<comp id="81" class="1004" name="h_0_phi_fu_81">
<pin_list>
<pin id="82" dir="0" index="0" bw="1" slack="1"/>
<pin id="83" dir="0" index="1" bw="0" slack="2147483647"/>
<pin id="84" dir="0" index="2" bw="4" slack="0"/>
<pin id="85" dir="0" index="3" bw="0" slack="2147483647"/>
<pin id="86" dir="1" index="4" bw="4" slack="0"/>
</pin_list>
<bind>
<opcode="phi(47) " fcode="phi"/>
<opset="h_0/2 "/>
</bind>
</comp>

<comp id="88" class="1004" name="grp_fu_88">
<pin_list>
<pin id="89" dir="0" index="0" bw="48" slack="0"/>
<pin id="90" dir="1" index="1" bw="16" slack="0"/>
</pin_list>
<bind>
<opcode="extractvalue(56) " fcode="extractvalue"/>
<opset="tmp_data_0_V/3 tmp_data_0_V_17/5 tmp_data_0_V_18/7 tmp_data_0_V_19/9 tmp_data_0_V_20/11 tmp_data_0_V_21/12 tmp_data_0_V_22/13 tmp_data_0_V_23/14 "/>
</bind>
</comp>

<comp id="93" class="1004" name="grp_fu_93">
<pin_list>
<pin id="94" dir="0" index="0" bw="48" slack="0"/>
<pin id="95" dir="1" index="1" bw="16" slack="0"/>
</pin_list>
<bind>
<opcode="extractvalue(56) " fcode="extractvalue"/>
<opset="tmp_data_1_V/3 tmp_data_1_V_16/5 tmp_data_1_V_17/7 tmp_data_1_V_18/9 tmp_data_1_V_19/11 tmp_data_1_V_20/12 tmp_data_1_V_21/13 tmp_data_1_V_22/14 "/>
</bind>
</comp>

<comp id="98" class="1004" name="grp_fu_98">
<pin_list>
<pin id="99" dir="0" index="0" bw="48" slack="0"/>
<pin id="100" dir="1" index="1" bw="16" slack="0"/>
</pin_list>
<bind>
<opcode="extractvalue(56) " fcode="extractvalue"/>
<opset="tmp_data_2_V/3 tmp_data_2_V_16/5 tmp_data_2_V_17/7 tmp_data_2_V_18/9 tmp_data_2_V_19/11 tmp_data_2_V_20/12 tmp_data_2_V_21/13 tmp_data_2_V_22/14 "/>
</bind>
</comp>

<comp id="103" class="1004" name="icmp_ln16_fu_103">
<pin_list>
<pin id="104" dir="0" index="0" bw="4" slack="0"/>
<pin id="105" dir="0" index="1" bw="4" slack="0"/>
<pin id="106" dir="1" index="2" bw="1" slack="1"/>
</pin_list>
<bind>
<opcode="icmp(45) " fcode="icmp"/>
<opset="icmp_ln16/2 "/>
</bind>
</comp>

<comp id="109" class="1004" name="h_fu_109">
<pin_list>
<pin id="110" dir="0" index="0" bw="4" slack="0"/>
<pin id="111" dir="0" index="1" bw="1" slack="0"/>
<pin id="112" dir="1" index="2" bw="4" slack="0"/>
</pin_list>
<bind>
<opcode="add(8) " fcode="add"/>
<opset="h/2 "/>
</bind>
</comp>

<comp id="115" class="1005" name="icmp_ln16_reg_115">
<pin_list>
<pin id="116" dir="0" index="0" bw="1" slack="1"/>
<pin id="117" dir="1" index="1" bw="1" slack="2147483647"/>
</pin_list>
<bind>
<opset="icmp_ln16 "/>
</bind>
</comp>

<comp id="119" class="1005" name="h_reg_119">
<pin_list>
<pin id="120" dir="0" index="0" bw="4" slack="0"/>
<pin id="121" dir="1" index="1" bw="4" slack="0"/>
</pin_list>
<bind>
<opset="h "/>
</bind>
</comp>

<comp id="124" class="1005" name="tmp_data_0_V_reg_124">
<pin_list>
<pin id="125" dir="0" index="0" bw="16" slack="1"/>
<pin id="126" dir="1" index="1" bw="16" slack="1"/>
</pin_list>
<bind>
<opset="tmp_data_0_V "/>
</bind>
</comp>

<comp id="129" class="1005" name="tmp_data_1_V_reg_129">
<pin_list>
<pin id="130" dir="0" index="0" bw="16" slack="1"/>
<pin id="131" dir="1" index="1" bw="16" slack="1"/>
</pin_list>
<bind>
<opset="tmp_data_1_V "/>
</bind>
</comp>

<comp id="134" class="1005" name="tmp_data_2_V_reg_134">
<pin_list>
<pin id="135" dir="0" index="0" bw="16" slack="1"/>
<pin id="136" dir="1" index="1" bw="16" slack="1"/>
</pin_list>
<bind>
<opset="tmp_data_2_V "/>
</bind>
</comp>

<comp id="139" class="1005" name="tmp_data_0_V_17_reg_139">
<pin_list>
<pin id="140" dir="0" index="0" bw="16" slack="1"/>
<pin id="141" dir="1" index="1" bw="16" slack="1"/>
</pin_list>
<bind>
<opset="tmp_data_0_V_17 "/>
</bind>
</comp>

<comp id="144" class="1005" name="tmp_data_1_V_16_reg_144">
<pin_list>
<pin id="145" dir="0" index="0" bw="16" slack="1"/>
<pin id="146" dir="1" index="1" bw="16" slack="1"/>
</pin_list>
<bind>
<opset="tmp_data_1_V_16 "/>
</bind>
</comp>

<comp id="149" class="1005" name="tmp_data_2_V_16_reg_149">
<pin_list>
<pin id="150" dir="0" index="0" bw="16" slack="1"/>
<pin id="151" dir="1" index="1" bw="16" slack="1"/>
</pin_list>
<bind>
<opset="tmp_data_2_V_16 "/>
</bind>
</comp>

<comp id="154" class="1005" name="tmp_data_0_V_18_reg_154">
<pin_list>
<pin id="155" dir="0" index="0" bw="16" slack="1"/>
<pin id="156" dir="1" index="1" bw="16" slack="1"/>
</pin_list>
<bind>
<opset="tmp_data_0_V_18 "/>
</bind>
</comp>

<comp id="159" class="1005" name="tmp_data_1_V_17_reg_159">
<pin_list>
<pin id="160" dir="0" index="0" bw="16" slack="1"/>
<pin id="161" dir="1" index="1" bw="16" slack="1"/>
</pin_list>
<bind>
<opset="tmp_data_1_V_17 "/>
</bind>
</comp>

<comp id="164" class="1005" name="tmp_data_2_V_17_reg_164">
<pin_list>
<pin id="165" dir="0" index="0" bw="16" slack="1"/>
<pin id="166" dir="1" index="1" bw="16" slack="1"/>
</pin_list>
<bind>
<opset="tmp_data_2_V_17 "/>
</bind>
</comp>

<comp id="169" class="1005" name="tmp_data_0_V_19_reg_169">
<pin_list>
<pin id="170" dir="0" index="0" bw="16" slack="1"/>
<pin id="171" dir="1" index="1" bw="16" slack="1"/>
</pin_list>
<bind>
<opset="tmp_data_0_V_19 "/>
</bind>
</comp>

<comp id="174" class="1005" name="tmp_data_1_V_18_reg_174">
<pin_list>
<pin id="175" dir="0" index="0" bw="16" slack="1"/>
<pin id="176" dir="1" index="1" bw="16" slack="1"/>
</pin_list>
<bind>
<opset="tmp_data_1_V_18 "/>
</bind>
</comp>

<comp id="179" class="1005" name="tmp_data_2_V_18_reg_179">
<pin_list>
<pin id="180" dir="0" index="0" bw="16" slack="1"/>
<pin id="181" dir="1" index="1" bw="16" slack="1"/>
</pin_list>
<bind>
<opset="tmp_data_2_V_18 "/>
</bind>
</comp>

<comp id="184" class="1005" name="tmp_data_0_V_20_reg_184">
<pin_list>
<pin id="185" dir="0" index="0" bw="16" slack="1"/>
<pin id="186" dir="1" index="1" bw="16" slack="1"/>
</pin_list>
<bind>
<opset="tmp_data_0_V_20 "/>
</bind>
</comp>

<comp id="189" class="1005" name="tmp_data_1_V_19_reg_189">
<pin_list>
<pin id="190" dir="0" index="0" bw="16" slack="1"/>
<pin id="191" dir="1" index="1" bw="16" slack="1"/>
</pin_list>
<bind>
<opset="tmp_data_1_V_19 "/>
</bind>
</comp>

<comp id="194" class="1005" name="tmp_data_2_V_19_reg_194">
<pin_list>
<pin id="195" dir="0" index="0" bw="16" slack="1"/>
<pin id="196" dir="1" index="1" bw="16" slack="1"/>
</pin_list>
<bind>
<opset="tmp_data_2_V_19 "/>
</bind>
</comp>

<comp id="199" class="1005" name="tmp_data_0_V_21_reg_199">
<pin_list>
<pin id="200" dir="0" index="0" bw="16" slack="1"/>
<pin id="201" dir="1" index="1" bw="16" slack="1"/>
</pin_list>
<bind>
<opset="tmp_data_0_V_21 "/>
</bind>
</comp>

<comp id="204" class="1005" name="tmp_data_1_V_20_reg_204">
<pin_list>
<pin id="205" dir="0" index="0" bw="16" slack="1"/>
<pin id="206" dir="1" index="1" bw="16" slack="1"/>
</pin_list>
<bind>
<opset="tmp_data_1_V_20 "/>
</bind>
</comp>

<comp id="209" class="1005" name="tmp_data_2_V_20_reg_209">
<pin_list>
<pin id="210" dir="0" index="0" bw="16" slack="1"/>
<pin id="211" dir="1" index="1" bw="16" slack="1"/>
</pin_list>
<bind>
<opset="tmp_data_2_V_20 "/>
</bind>
</comp>

<comp id="214" class="1005" name="tmp_data_0_V_22_reg_214">
<pin_list>
<pin id="215" dir="0" index="0" bw="16" slack="2"/>
<pin id="216" dir="1" index="1" bw="16" slack="2"/>
</pin_list>
<bind>
<opset="tmp_data_0_V_22 "/>
</bind>
</comp>

<comp id="219" class="1005" name="tmp_data_1_V_21_reg_219">
<pin_list>
<pin id="220" dir="0" index="0" bw="16" slack="2"/>
<pin id="221" dir="1" index="1" bw="16" slack="2"/>
</pin_list>
<bind>
<opset="tmp_data_1_V_21 "/>
</bind>
</comp>

<comp id="224" class="1005" name="tmp_data_2_V_21_reg_224">
<pin_list>
<pin id="225" dir="0" index="0" bw="16" slack="2"/>
<pin id="226" dir="1" index="1" bw="16" slack="2"/>
</pin_list>
<bind>
<opset="tmp_data_2_V_21 "/>
</bind>
</comp>

<comp id="229" class="1005" name="tmp_data_0_V_23_reg_229">
<pin_list>
<pin id="230" dir="0" index="0" bw="16" slack="3"/>
<pin id="231" dir="1" index="1" bw="16" slack="3"/>
</pin_list>
<bind>
<opset="tmp_data_0_V_23 "/>
</bind>
</comp>

<comp id="234" class="1005" name="tmp_data_1_V_22_reg_234">
<pin_list>
<pin id="235" dir="0" index="0" bw="16" slack="3"/>
<pin id="236" dir="1" index="1" bw="16" slack="3"/>
</pin_list>
<bind>
<opset="tmp_data_1_V_22 "/>
</bind>
</comp>

<comp id="239" class="1005" name="tmp_data_2_V_22_reg_239">
<pin_list>
<pin id="240" dir="0" index="0" bw="16" slack="3"/>
<pin id="241" dir="1" index="1" bw="16" slack="3"/>
</pin_list>
<bind>
<opset="tmp_data_2_V_22 "/>
</bind>
</comp>

</comp_list>

<net_list>
<net id="60"><net_src comp="34" pin="0"/><net_sink comp="54" pin=0"/></net>

<net id="61"><net_src comp="0" pin="0"/><net_sink comp="54" pin=1"/></net>

<net id="62"><net_src comp="2" pin="0"/><net_sink comp="54" pin=2"/></net>

<net id="63"><net_src comp="4" pin="0"/><net_sink comp="54" pin=3"/></net>

<net id="73"><net_src comp="36" pin="0"/><net_sink comp="64" pin=0"/></net>

<net id="74"><net_src comp="6" pin="0"/><net_sink comp="64" pin=1"/></net>

<net id="75"><net_src comp="8" pin="0"/><net_sink comp="64" pin=2"/></net>

<net id="76"><net_src comp="10" pin="0"/><net_sink comp="64" pin=3"/></net>

<net id="80"><net_src comp="24" pin="0"/><net_sink comp="77" pin=0"/></net>

<net id="87"><net_src comp="77" pin="1"/><net_sink comp="81" pin=0"/></net>

<net id="91"><net_src comp="54" pin="4"/><net_sink comp="88" pin=0"/></net>

<net id="92"><net_src comp="88" pin="1"/><net_sink comp="64" pin=4"/></net>

<net id="96"><net_src comp="54" pin="4"/><net_sink comp="93" pin=0"/></net>

<net id="97"><net_src comp="93" pin="1"/><net_sink comp="64" pin=5"/></net>

<net id="101"><net_src comp="54" pin="4"/><net_sink comp="98" pin=0"/></net>

<net id="102"><net_src comp="98" pin="1"/><net_sink comp="64" pin=6"/></net>

<net id="107"><net_src comp="81" pin="4"/><net_sink comp="103" pin=0"/></net>

<net id="108"><net_src comp="26" pin="0"/><net_sink comp="103" pin=1"/></net>

<net id="113"><net_src comp="81" pin="4"/><net_sink comp="109" pin=0"/></net>

<net id="114"><net_src comp="32" pin="0"/><net_sink comp="109" pin=1"/></net>

<net id="118"><net_src comp="103" pin="2"/><net_sink comp="115" pin=0"/></net>

<net id="122"><net_src comp="109" pin="2"/><net_sink comp="119" pin=0"/></net>

<net id="123"><net_src comp="119" pin="1"/><net_sink comp="81" pin=2"/></net>

<net id="127"><net_src comp="88" pin="1"/><net_sink comp="124" pin=0"/></net>

<net id="128"><net_src comp="124" pin="1"/><net_sink comp="64" pin=4"/></net>

<net id="132"><net_src comp="93" pin="1"/><net_sink comp="129" pin=0"/></net>

<net id="133"><net_src comp="129" pin="1"/><net_sink comp="64" pin=5"/></net>

<net id="137"><net_src comp="98" pin="1"/><net_sink comp="134" pin=0"/></net>

<net id="138"><net_src comp="134" pin="1"/><net_sink comp="64" pin=6"/></net>

<net id="142"><net_src comp="88" pin="1"/><net_sink comp="139" pin=0"/></net>

<net id="143"><net_src comp="139" pin="1"/><net_sink comp="64" pin=4"/></net>

<net id="147"><net_src comp="93" pin="1"/><net_sink comp="144" pin=0"/></net>

<net id="148"><net_src comp="144" pin="1"/><net_sink comp="64" pin=5"/></net>

<net id="152"><net_src comp="98" pin="1"/><net_sink comp="149" pin=0"/></net>

<net id="153"><net_src comp="149" pin="1"/><net_sink comp="64" pin=6"/></net>

<net id="157"><net_src comp="88" pin="1"/><net_sink comp="154" pin=0"/></net>

<net id="158"><net_src comp="154" pin="1"/><net_sink comp="64" pin=4"/></net>

<net id="162"><net_src comp="93" pin="1"/><net_sink comp="159" pin=0"/></net>

<net id="163"><net_src comp="159" pin="1"/><net_sink comp="64" pin=5"/></net>

<net id="167"><net_src comp="98" pin="1"/><net_sink comp="164" pin=0"/></net>

<net id="168"><net_src comp="164" pin="1"/><net_sink comp="64" pin=6"/></net>

<net id="172"><net_src comp="88" pin="1"/><net_sink comp="169" pin=0"/></net>

<net id="173"><net_src comp="169" pin="1"/><net_sink comp="64" pin=4"/></net>

<net id="177"><net_src comp="93" pin="1"/><net_sink comp="174" pin=0"/></net>

<net id="178"><net_src comp="174" pin="1"/><net_sink comp="64" pin=5"/></net>

<net id="182"><net_src comp="98" pin="1"/><net_sink comp="179" pin=0"/></net>

<net id="183"><net_src comp="179" pin="1"/><net_sink comp="64" pin=6"/></net>

<net id="187"><net_src comp="88" pin="1"/><net_sink comp="184" pin=0"/></net>

<net id="188"><net_src comp="184" pin="1"/><net_sink comp="64" pin=4"/></net>

<net id="192"><net_src comp="93" pin="1"/><net_sink comp="189" pin=0"/></net>

<net id="193"><net_src comp="189" pin="1"/><net_sink comp="64" pin=5"/></net>

<net id="197"><net_src comp="98" pin="1"/><net_sink comp="194" pin=0"/></net>

<net id="198"><net_src comp="194" pin="1"/><net_sink comp="64" pin=6"/></net>

<net id="202"><net_src comp="88" pin="1"/><net_sink comp="199" pin=0"/></net>

<net id="203"><net_src comp="199" pin="1"/><net_sink comp="64" pin=4"/></net>

<net id="207"><net_src comp="93" pin="1"/><net_sink comp="204" pin=0"/></net>

<net id="208"><net_src comp="204" pin="1"/><net_sink comp="64" pin=5"/></net>

<net id="212"><net_src comp="98" pin="1"/><net_sink comp="209" pin=0"/></net>

<net id="213"><net_src comp="209" pin="1"/><net_sink comp="64" pin=6"/></net>

<net id="217"><net_src comp="88" pin="1"/><net_sink comp="214" pin=0"/></net>

<net id="218"><net_src comp="214" pin="1"/><net_sink comp="64" pin=4"/></net>

<net id="222"><net_src comp="93" pin="1"/><net_sink comp="219" pin=0"/></net>

<net id="223"><net_src comp="219" pin="1"/><net_sink comp="64" pin=5"/></net>

<net id="227"><net_src comp="98" pin="1"/><net_sink comp="224" pin=0"/></net>

<net id="228"><net_src comp="224" pin="1"/><net_sink comp="64" pin=6"/></net>

<net id="232"><net_src comp="88" pin="1"/><net_sink comp="229" pin=0"/></net>

<net id="233"><net_src comp="229" pin="1"/><net_sink comp="64" pin=4"/></net>

<net id="237"><net_src comp="93" pin="1"/><net_sink comp="234" pin=0"/></net>

<net id="238"><net_src comp="234" pin="1"/><net_sink comp="64" pin=5"/></net>

<net id="242"><net_src comp="98" pin="1"/><net_sink comp="239" pin=0"/></net>

<net id="243"><net_src comp="239" pin="1"/><net_sink comp="64" pin=6"/></net>

</net_list>

</model> 
---------------- Datapath Model END ------------------

* FSMD analyzer results:
  - Output states:
	Port: resized_V_data_0_V | {3 4 5 6 7 8 9 10 11 12 13 14 15 16 17 18 19 20 21 22 23 24 25 26 27 28 29 30 31 32 33 34 }
	Port: resized_V_data_1_V | {3 4 5 6 7 8 9 10 11 12 13 14 15 16 17 18 19 20 21 22 23 24 25 26 27 28 29 30 31 32 33 34 }
	Port: resized_V_data_2_V | {3 4 5 6 7 8 9 10 11 12 13 14 15 16 17 18 19 20 21 22 23 24 25 26 27 28 29 30 31 32 33 34 }
 - Input state : 
	Port: resize_nearest<array<ap_fixed<16, 6, 5, 3, 0>, 3u>, config12> : image_V_data_0_V | {3 5 7 9 11 12 13 14 }
	Port: resize_nearest<array<ap_fixed<16, 6, 5, 3, 0>, 3u>, config12> : image_V_data_1_V | {3 5 7 9 11 12 13 14 }
	Port: resize_nearest<array<ap_fixed<16, 6, 5, 3, 0>, 3u>, config12> : image_V_data_2_V | {3 5 7 9 11 12 13 14 }
  - Chain level:
	State 1
	State 2
		icmp_ln16 : 1
		h : 1
		br_ln16 : 2
	State 3
		write_ln57 : 1
	State 4
	State 5
		write_ln57 : 1
	State 6
	State 7
		write_ln57 : 1
	State 8
	State 9
		write_ln57 : 1
	State 10
	State 11
		write_ln57 : 1
	State 12
	State 13
	State 14
	State 15
	State 16
	State 17
	State 18
	State 19
	State 20
	State 21
	State 22
	State 23
	State 24
	State 25
	State 26
	State 27
	State 28
	State 29
	State 30
	State 31
	State 32
	State 33
	State 34
		empty_91 : 1
	State 35


============================================================
+ Verbose Summary: Datapath Resource usage 
============================================================

* Functional unit list:
|----------|------------------|---------|---------|
| Operation|  Functional Unit |    FF   |   LUT   |
|----------|------------------|---------|---------|
|    add   |     h_fu_109     |    0    |    13   |
|----------|------------------|---------|---------|
|   icmp   | icmp_ln16_fu_103 |    0    |    9    |
|----------|------------------|---------|---------|
|   read   |  grp_read_fu_54  |    0    |    0    |
|----------|------------------|---------|---------|
|   write  |  grp_write_fu_64 |    0    |    0    |
|----------|------------------|---------|---------|
|          |     grp_fu_88    |    0    |    0    |
|extractvalue|     grp_fu_93    |    0    |    0    |
|          |     grp_fu_98    |    0    |    0    |
|----------|------------------|---------|---------|
|   Total  |                  |    0    |    22   |
|----------|------------------|---------|---------|

Memories:
N/A

* Register list:
+-----------------------+--------+
|                       |   FF   |
+-----------------------+--------+
|       h_0_reg_77      |    4   |
|       h_reg_119       |    4   |
|   icmp_ln16_reg_115   |    1   |
|tmp_data_0_V_17_reg_139|   16   |
|tmp_data_0_V_18_reg_154|   16   |
|tmp_data_0_V_19_reg_169|   16   |
|tmp_data_0_V_20_reg_184|   16   |
|tmp_data_0_V_21_reg_199|   16   |
|tmp_data_0_V_22_reg_214|   16   |
|tmp_data_0_V_23_reg_229|   16   |
|  tmp_data_0_V_reg_124 |   16   |
|tmp_data_1_V_16_reg_144|   16   |
|tmp_data_1_V_17_reg_159|   16   |
|tmp_data_1_V_18_reg_174|   16   |
|tmp_data_1_V_19_reg_189|   16   |
|tmp_data_1_V_20_reg_204|   16   |
|tmp_data_1_V_21_reg_219|   16   |
|tmp_data_1_V_22_reg_234|   16   |
|  tmp_data_1_V_reg_129 |   16   |
|tmp_data_2_V_16_reg_149|   16   |
|tmp_data_2_V_17_reg_164|   16   |
|tmp_data_2_V_18_reg_179|   16   |
|tmp_data_2_V_19_reg_194|   16   |
|tmp_data_2_V_20_reg_209|   16   |
|tmp_data_2_V_21_reg_224|   16   |
|tmp_data_2_V_22_reg_239|   16   |
|  tmp_data_2_V_reg_134 |   16   |
+-----------------------+--------+
|         Total         |   393  |
+-----------------------+--------+

* Multiplexer (MUX) list: 
|-----------------|------|------|------|--------||---------||---------|
|       Comp      |  Pin | Size |  BW  | S x BW ||  Delay  ||   LUT   |
|-----------------|------|------|------|--------||---------||---------|
| grp_write_fu_64 |  p4  |   9  |  16  |   144  ||    44   |
| grp_write_fu_64 |  p5  |   9  |  16  |   144  ||    44   |
| grp_write_fu_64 |  p6  |   9  |  16  |   144  ||    44   |
|-----------------|------|------|------|--------||---------||---------|
|      Total      |      |      |      |   432  ||  6.0783 ||   132   |
|-----------------|------|------|------|--------||---------||---------|



* Summary:
+-----------+--------+--------+--------+
|           |  Delay |   FF   |   LUT  |
+-----------+--------+--------+--------+
|  Function |    -   |    0   |   22   |
|   Memory  |    -   |    -   |    -   |
|Multiplexer|    6   |    -   |   132  |
|  Register |    -   |   393  |    -   |
+-----------+--------+--------+--------+
|   Total   |    6   |   393  |   154  |
+-----------+--------+--------+--------+
