

================================================================
== Vivado HLS Report for 'shift_line_buffer_array_ap_fixed_8_4_5_3_0_10u_config7_s'
================================================================
* Date:           Thu Jun 26 23:55:47 2025

* Version:        2020.1 (Build 2897737 on Wed May 27 20:21:37 MDT 2020)
* Project:        myproject_prj
* Solution:       solution1
* Product family: zynq
* Target device:  xc7z020-clg400-1


================================================================
== Performance Estimates
================================================================
+ Timing: 
    * Summary: 
    +--------+---------+----------+------------+
    |  Clock |  Target | Estimated| Uncertainty|
    +--------+---------+----------+------------+
    |ap_clk  | 5.00 ns | 3.240 ns |   0.62 ns  |
    +--------+---------+----------+------------+

+ Latency: 
    * Summary: 
    +---------+---------+----------+----------+-----+-----+----------+
    |  Latency (cycles) |  Latency (absolute) |  Interval | Pipeline |
    |   min   |   max   |    min   |    max   | min | max |   Type   |
    +---------+---------+----------+----------+-----+-----+----------+
    |        0|        0|   0 ns   |   0 ns   |    1|    1| function |
    +---------+---------+----------+----------+-----+-----+----------+

    + Detail: 
        * Instance: 
        N/A

        * Loop: 
        N/A

============================================================
+ Verbose Summary: Synthesis Manager
============================================================
InlineROM: 1
ExposeGlobal: 0
============================================================
+ Verbose Summary: CDFG Model
============================================================
IsTopModel: 0
ResetActiveHigh: 1
IsCombinational: 0
IsDatapathOnly: 0
HasWiredReturn: 1
HasMFsm: 2
HasVarLatency: 0
IsPipeline: 1
IsRtlPipelined: 0
IsInstanceOverlapped: 0
IsDontTouch: 0
HasImplIP: 0
IsGatedGlobalClock: 0

+ Individual pipeline summary: 
  * Pipeline-0: initiation interval (II) = 1, depth = 1


============================================================
+ Verbose Summary: Schedule
============================================================
* Number of FSM states : 1
* Pipeline : 1
  Pipeline-0 : II = 1, D = 1, States = { 1 }
* Dataflow Pipeline: 0

* FSM state transitions: 
1 --> 

* FSM state operations: 

State 1 <SV = 0> <Delay = 3.23>
ST_1 : Operation 2 [1/1] (0.00ns)   --->   "%kernel_window_89_V_read_1 = call i8 @_ssdm_op_Read.ap_auto.i8(i8 %kernel_window_89_V_read)" [firmware/nnet_utils/nnet_conv_stream.h:216]   --->   Operation 2 'read' 'kernel_window_89_V_read_1' <Predicate = true> <Delay = 0.00>
ST_1 : Operation 3 [1/1] (0.00ns)   --->   "%kernel_window_88_V_read_1 = call i8 @_ssdm_op_Read.ap_auto.i8(i8 %kernel_window_88_V_read)" [firmware/nnet_utils/nnet_conv_stream.h:216]   --->   Operation 3 'read' 'kernel_window_88_V_read_1' <Predicate = true> <Delay = 0.00>
ST_1 : Operation 4 [1/1] (0.00ns)   --->   "%kernel_window_87_V_read_1 = call i8 @_ssdm_op_Read.ap_auto.i8(i8 %kernel_window_87_V_read)" [firmware/nnet_utils/nnet_conv_stream.h:216]   --->   Operation 4 'read' 'kernel_window_87_V_read_1' <Predicate = true> <Delay = 0.00>
ST_1 : Operation 5 [1/1] (0.00ns)   --->   "%kernel_window_86_V_read_1 = call i8 @_ssdm_op_Read.ap_auto.i8(i8 %kernel_window_86_V_read)" [firmware/nnet_utils/nnet_conv_stream.h:216]   --->   Operation 5 'read' 'kernel_window_86_V_read_1' <Predicate = true> <Delay = 0.00>
ST_1 : Operation 6 [1/1] (0.00ns)   --->   "%kernel_window_85_V_read_1 = call i8 @_ssdm_op_Read.ap_auto.i8(i8 %kernel_window_85_V_read)" [firmware/nnet_utils/nnet_conv_stream.h:216]   --->   Operation 6 'read' 'kernel_window_85_V_read_1' <Predicate = true> <Delay = 0.00>
ST_1 : Operation 7 [1/1] (0.00ns)   --->   "%kernel_window_84_V_read_1 = call i8 @_ssdm_op_Read.ap_auto.i8(i8 %kernel_window_84_V_read)" [firmware/nnet_utils/nnet_conv_stream.h:216]   --->   Operation 7 'read' 'kernel_window_84_V_read_1' <Predicate = true> <Delay = 0.00>
ST_1 : Operation 8 [1/1] (0.00ns)   --->   "%kernel_window_83_V_read_1 = call i8 @_ssdm_op_Read.ap_auto.i8(i8 %kernel_window_83_V_read)" [firmware/nnet_utils/nnet_conv_stream.h:216]   --->   Operation 8 'read' 'kernel_window_83_V_read_1' <Predicate = true> <Delay = 0.00>
ST_1 : Operation 9 [1/1] (0.00ns)   --->   "%kernel_window_82_V_read_1 = call i8 @_ssdm_op_Read.ap_auto.i8(i8 %kernel_window_82_V_read)" [firmware/nnet_utils/nnet_conv_stream.h:216]   --->   Operation 9 'read' 'kernel_window_82_V_read_1' <Predicate = true> <Delay = 0.00>
ST_1 : Operation 10 [1/1] (0.00ns)   --->   "%kernel_window_81_V_read_1 = call i8 @_ssdm_op_Read.ap_auto.i8(i8 %kernel_window_81_V_read)" [firmware/nnet_utils/nnet_conv_stream.h:216]   --->   Operation 10 'read' 'kernel_window_81_V_read_1' <Predicate = true> <Delay = 0.00>
ST_1 : Operation 11 [1/1] (0.00ns)   --->   "%kernel_window_80_V_read_1 = call i8 @_ssdm_op_Read.ap_auto.i8(i8 %kernel_window_80_V_read)" [firmware/nnet_utils/nnet_conv_stream.h:216]   --->   Operation 11 'read' 'kernel_window_80_V_read_1' <Predicate = true> <Delay = 0.00>
ST_1 : Operation 12 [1/1] (0.00ns)   --->   "%kernel_window_79_V_read_1 = call i8 @_ssdm_op_Read.ap_auto.i8(i8 %kernel_window_79_V_read)" [firmware/nnet_utils/nnet_conv_stream.h:216]   --->   Operation 12 'read' 'kernel_window_79_V_read_1' <Predicate = true> <Delay = 0.00>
ST_1 : Operation 13 [1/1] (0.00ns)   --->   "%kernel_window_78_V_read_1 = call i8 @_ssdm_op_Read.ap_auto.i8(i8 %kernel_window_78_V_read)" [firmware/nnet_utils/nnet_conv_stream.h:216]   --->   Operation 13 'read' 'kernel_window_78_V_read_1' <Predicate = true> <Delay = 0.00>
ST_1 : Operation 14 [1/1] (0.00ns)   --->   "%kernel_window_77_V_read_1 = call i8 @_ssdm_op_Read.ap_auto.i8(i8 %kernel_window_77_V_read)" [firmware/nnet_utils/nnet_conv_stream.h:216]   --->   Operation 14 'read' 'kernel_window_77_V_read_1' <Predicate = true> <Delay = 0.00>
ST_1 : Operation 15 [1/1] (0.00ns)   --->   "%kernel_window_76_V_read_1 = call i8 @_ssdm_op_Read.ap_auto.i8(i8 %kernel_window_76_V_read)" [firmware/nnet_utils/nnet_conv_stream.h:216]   --->   Operation 15 'read' 'kernel_window_76_V_read_1' <Predicate = true> <Delay = 0.00>
ST_1 : Operation 16 [1/1] (0.00ns)   --->   "%kernel_window_75_V_read_1 = call i8 @_ssdm_op_Read.ap_auto.i8(i8 %kernel_window_75_V_read)" [firmware/nnet_utils/nnet_conv_stream.h:216]   --->   Operation 16 'read' 'kernel_window_75_V_read_1' <Predicate = true> <Delay = 0.00>
ST_1 : Operation 17 [1/1] (0.00ns)   --->   "%kernel_window_74_V_read_1 = call i8 @_ssdm_op_Read.ap_auto.i8(i8 %kernel_window_74_V_read)" [firmware/nnet_utils/nnet_conv_stream.h:216]   --->   Operation 17 'read' 'kernel_window_74_V_read_1' <Predicate = true> <Delay = 0.00>
ST_1 : Operation 18 [1/1] (0.00ns)   --->   "%kernel_window_73_V_read_1 = call i8 @_ssdm_op_Read.ap_auto.i8(i8 %kernel_window_73_V_read)" [firmware/nnet_utils/nnet_conv_stream.h:216]   --->   Operation 18 'read' 'kernel_window_73_V_read_1' <Predicate = true> <Delay = 0.00>
ST_1 : Operation 19 [1/1] (0.00ns)   --->   "%kernel_window_72_V_read_1 = call i8 @_ssdm_op_Read.ap_auto.i8(i8 %kernel_window_72_V_read)" [firmware/nnet_utils/nnet_conv_stream.h:216]   --->   Operation 19 'read' 'kernel_window_72_V_read_1' <Predicate = true> <Delay = 0.00>
ST_1 : Operation 20 [1/1] (0.00ns)   --->   "%kernel_window_71_V_read_1 = call i8 @_ssdm_op_Read.ap_auto.i8(i8 %kernel_window_71_V_read)" [firmware/nnet_utils/nnet_conv_stream.h:216]   --->   Operation 20 'read' 'kernel_window_71_V_read_1' <Predicate = true> <Delay = 0.00>
ST_1 : Operation 21 [1/1] (0.00ns)   --->   "%kernel_window_70_V_read_1 = call i8 @_ssdm_op_Read.ap_auto.i8(i8 %kernel_window_70_V_read)" [firmware/nnet_utils/nnet_conv_stream.h:216]   --->   Operation 21 'read' 'kernel_window_70_V_read_1' <Predicate = true> <Delay = 0.00>
ST_1 : Operation 22 [1/1] (0.00ns)   --->   "%kernel_window_59_V_read_1 = call i8 @_ssdm_op_Read.ap_auto.i8(i8 %kernel_window_59_V_read)" [firmware/nnet_utils/nnet_conv_stream.h:216]   --->   Operation 22 'read' 'kernel_window_59_V_read_1' <Predicate = true> <Delay = 0.00>
ST_1 : Operation 23 [1/1] (0.00ns)   --->   "%kernel_window_58_V_read_1 = call i8 @_ssdm_op_Read.ap_auto.i8(i8 %kernel_window_58_V_read)" [firmware/nnet_utils/nnet_conv_stream.h:216]   --->   Operation 23 'read' 'kernel_window_58_V_read_1' <Predicate = true> <Delay = 0.00>
ST_1 : Operation 24 [1/1] (0.00ns)   --->   "%kernel_window_57_V_read_1 = call i8 @_ssdm_op_Read.ap_auto.i8(i8 %kernel_window_57_V_read)" [firmware/nnet_utils/nnet_conv_stream.h:216]   --->   Operation 24 'read' 'kernel_window_57_V_read_1' <Predicate = true> <Delay = 0.00>
ST_1 : Operation 25 [1/1] (0.00ns)   --->   "%kernel_window_56_V_read_1 = call i8 @_ssdm_op_Read.ap_auto.i8(i8 %kernel_window_56_V_read)" [firmware/nnet_utils/nnet_conv_stream.h:216]   --->   Operation 25 'read' 'kernel_window_56_V_read_1' <Predicate = true> <Delay = 0.00>
ST_1 : Operation 26 [1/1] (0.00ns)   --->   "%kernel_window_55_V_read_1 = call i8 @_ssdm_op_Read.ap_auto.i8(i8 %kernel_window_55_V_read)" [firmware/nnet_utils/nnet_conv_stream.h:216]   --->   Operation 26 'read' 'kernel_window_55_V_read_1' <Predicate = true> <Delay = 0.00>
ST_1 : Operation 27 [1/1] (0.00ns)   --->   "%kernel_window_54_V_read_1 = call i8 @_ssdm_op_Read.ap_auto.i8(i8 %kernel_window_54_V_read)" [firmware/nnet_utils/nnet_conv_stream.h:216]   --->   Operation 27 'read' 'kernel_window_54_V_read_1' <Predicate = true> <Delay = 0.00>
ST_1 : Operation 28 [1/1] (0.00ns)   --->   "%kernel_window_53_V_read_1 = call i8 @_ssdm_op_Read.ap_auto.i8(i8 %kernel_window_53_V_read)" [firmware/nnet_utils/nnet_conv_stream.h:216]   --->   Operation 28 'read' 'kernel_window_53_V_read_1' <Predicate = true> <Delay = 0.00>
ST_1 : Operation 29 [1/1] (0.00ns)   --->   "%kernel_window_52_V_read_1 = call i8 @_ssdm_op_Read.ap_auto.i8(i8 %kernel_window_52_V_read)" [firmware/nnet_utils/nnet_conv_stream.h:216]   --->   Operation 29 'read' 'kernel_window_52_V_read_1' <Predicate = true> <Delay = 0.00>
ST_1 : Operation 30 [1/1] (0.00ns)   --->   "%kernel_window_51_V_read_1 = call i8 @_ssdm_op_Read.ap_auto.i8(i8 %kernel_window_51_V_read)" [firmware/nnet_utils/nnet_conv_stream.h:216]   --->   Operation 30 'read' 'kernel_window_51_V_read_1' <Predicate = true> <Delay = 0.00>
ST_1 : Operation 31 [1/1] (0.00ns)   --->   "%kernel_window_50_V_read_1 = call i8 @_ssdm_op_Read.ap_auto.i8(i8 %kernel_window_50_V_read)" [firmware/nnet_utils/nnet_conv_stream.h:216]   --->   Operation 31 'read' 'kernel_window_50_V_read_1' <Predicate = true> <Delay = 0.00>
ST_1 : Operation 32 [1/1] (0.00ns)   --->   "%kernel_window_49_V_read_1 = call i8 @_ssdm_op_Read.ap_auto.i8(i8 %kernel_window_49_V_read)" [firmware/nnet_utils/nnet_conv_stream.h:216]   --->   Operation 32 'read' 'kernel_window_49_V_read_1' <Predicate = true> <Delay = 0.00>
ST_1 : Operation 33 [1/1] (0.00ns)   --->   "%kernel_window_48_V_read_1 = call i8 @_ssdm_op_Read.ap_auto.i8(i8 %kernel_window_48_V_read)" [firmware/nnet_utils/nnet_conv_stream.h:216]   --->   Operation 33 'read' 'kernel_window_48_V_read_1' <Predicate = true> <Delay = 0.00>
ST_1 : Operation 34 [1/1] (0.00ns)   --->   "%kernel_window_47_V_read_1 = call i8 @_ssdm_op_Read.ap_auto.i8(i8 %kernel_window_47_V_read)" [firmware/nnet_utils/nnet_conv_stream.h:216]   --->   Operation 34 'read' 'kernel_window_47_V_read_1' <Predicate = true> <Delay = 0.00>
ST_1 : Operation 35 [1/1] (0.00ns)   --->   "%kernel_window_46_V_read_1 = call i8 @_ssdm_op_Read.ap_auto.i8(i8 %kernel_window_46_V_read)" [firmware/nnet_utils/nnet_conv_stream.h:216]   --->   Operation 35 'read' 'kernel_window_46_V_read_1' <Predicate = true> <Delay = 0.00>
ST_1 : Operation 36 [1/1] (0.00ns)   --->   "%kernel_window_45_V_read_1 = call i8 @_ssdm_op_Read.ap_auto.i8(i8 %kernel_window_45_V_read)" [firmware/nnet_utils/nnet_conv_stream.h:216]   --->   Operation 36 'read' 'kernel_window_45_V_read_1' <Predicate = true> <Delay = 0.00>
ST_1 : Operation 37 [1/1] (0.00ns)   --->   "%kernel_window_44_V_read_2 = call i8 @_ssdm_op_Read.ap_auto.i8(i8 %kernel_window_44_V_read)" [firmware/nnet_utils/nnet_conv_stream.h:216]   --->   Operation 37 'read' 'kernel_window_44_V_read_2' <Predicate = true> <Delay = 0.00>
ST_1 : Operation 38 [1/1] (0.00ns)   --->   "%kernel_window_43_V_read_2 = call i8 @_ssdm_op_Read.ap_auto.i8(i8 %kernel_window_43_V_read)" [firmware/nnet_utils/nnet_conv_stream.h:216]   --->   Operation 38 'read' 'kernel_window_43_V_read_2' <Predicate = true> <Delay = 0.00>
ST_1 : Operation 39 [1/1] (0.00ns)   --->   "%kernel_window_42_V_read_2 = call i8 @_ssdm_op_Read.ap_auto.i8(i8 %kernel_window_42_V_read)" [firmware/nnet_utils/nnet_conv_stream.h:216]   --->   Operation 39 'read' 'kernel_window_42_V_read_2' <Predicate = true> <Delay = 0.00>
ST_1 : Operation 40 [1/1] (0.00ns)   --->   "%kernel_window_41_V_read_2 = call i8 @_ssdm_op_Read.ap_auto.i8(i8 %kernel_window_41_V_read)" [firmware/nnet_utils/nnet_conv_stream.h:216]   --->   Operation 40 'read' 'kernel_window_41_V_read_2' <Predicate = true> <Delay = 0.00>
ST_1 : Operation 41 [1/1] (0.00ns)   --->   "%kernel_window_40_V_read301 = call i8 @_ssdm_op_Read.ap_auto.i8(i8 %kernel_window_40_V_read)" [firmware/nnet_utils/nnet_conv_stream.h:216]   --->   Operation 41 'read' 'kernel_window_40_V_read301' <Predicate = true> <Delay = 0.00>
ST_1 : Operation 42 [1/1] (0.00ns)   --->   "%kernel_window_29_V_read_2 = call i8 @_ssdm_op_Read.ap_auto.i8(i8 %kernel_window_29_V_read)" [firmware/nnet_utils/nnet_conv_stream.h:216]   --->   Operation 42 'read' 'kernel_window_29_V_read_2' <Predicate = true> <Delay = 0.00>
ST_1 : Operation 43 [1/1] (0.00ns)   --->   "%kernel_window_28_V_read_2 = call i8 @_ssdm_op_Read.ap_auto.i8(i8 %kernel_window_28_V_read)" [firmware/nnet_utils/nnet_conv_stream.h:216]   --->   Operation 43 'read' 'kernel_window_28_V_read_2' <Predicate = true> <Delay = 0.00>
ST_1 : Operation 44 [1/1] (0.00ns)   --->   "%kernel_window_27_V_read_2 = call i8 @_ssdm_op_Read.ap_auto.i8(i8 %kernel_window_27_V_read)" [firmware/nnet_utils/nnet_conv_stream.h:216]   --->   Operation 44 'read' 'kernel_window_27_V_read_2' <Predicate = true> <Delay = 0.00>
ST_1 : Operation 45 [1/1] (0.00ns)   --->   "%kernel_window_26_V_read_3 = call i8 @_ssdm_op_Read.ap_auto.i8(i8 %kernel_window_26_V_read)" [firmware/nnet_utils/nnet_conv_stream.h:216]   --->   Operation 45 'read' 'kernel_window_26_V_read_3' <Predicate = true> <Delay = 0.00>
ST_1 : Operation 46 [1/1] (0.00ns)   --->   "%kernel_window_25_V_read_3 = call i8 @_ssdm_op_Read.ap_auto.i8(i8 %kernel_window_25_V_read)" [firmware/nnet_utils/nnet_conv_stream.h:216]   --->   Operation 46 'read' 'kernel_window_25_V_read_3' <Predicate = true> <Delay = 0.00>
ST_1 : Operation 47 [1/1] (0.00ns)   --->   "%kernel_window_24_V_read_3 = call i8 @_ssdm_op_Read.ap_auto.i8(i8 %kernel_window_24_V_read)" [firmware/nnet_utils/nnet_conv_stream.h:216]   --->   Operation 47 'read' 'kernel_window_24_V_read_3' <Predicate = true> <Delay = 0.00>
ST_1 : Operation 48 [1/1] (0.00ns)   --->   "%kernel_window_23_V_read_3 = call i8 @_ssdm_op_Read.ap_auto.i8(i8 %kernel_window_23_V_read)" [firmware/nnet_utils/nnet_conv_stream.h:216]   --->   Operation 48 'read' 'kernel_window_23_V_read_3' <Predicate = true> <Delay = 0.00>
ST_1 : Operation 49 [1/1] (0.00ns)   --->   "%kernel_window_22_V_read_2 = call i8 @_ssdm_op_Read.ap_auto.i8(i8 %kernel_window_22_V_read)" [firmware/nnet_utils/nnet_conv_stream.h:216]   --->   Operation 49 'read' 'kernel_window_22_V_read_2' <Predicate = true> <Delay = 0.00>
ST_1 : Operation 50 [1/1] (0.00ns)   --->   "%kernel_window_21_V_read_3 = call i8 @_ssdm_op_Read.ap_auto.i8(i8 %kernel_window_21_V_read)" [firmware/nnet_utils/nnet_conv_stream.h:216]   --->   Operation 50 'read' 'kernel_window_21_V_read_3' <Predicate = true> <Delay = 0.00>
ST_1 : Operation 51 [1/1] (0.00ns)   --->   "%kernel_window_20_V_read_2 = call i8 @_ssdm_op_Read.ap_auto.i8(i8 %kernel_window_20_V_read)" [firmware/nnet_utils/nnet_conv_stream.h:216]   --->   Operation 51 'read' 'kernel_window_20_V_read_2' <Predicate = true> <Delay = 0.00>
ST_1 : Operation 52 [1/1] (0.00ns)   --->   "%kernel_window_19_V_read_1 = call i8 @_ssdm_op_Read.ap_auto.i8(i8 %kernel_window_19_V_read)" [firmware/nnet_utils/nnet_conv_stream.h:216]   --->   Operation 52 'read' 'kernel_window_19_V_read_1' <Predicate = true> <Delay = 0.00>
ST_1 : Operation 53 [1/1] (0.00ns)   --->   "%kernel_window_18_V_read_1 = call i8 @_ssdm_op_Read.ap_auto.i8(i8 %kernel_window_18_V_read)" [firmware/nnet_utils/nnet_conv_stream.h:216]   --->   Operation 53 'read' 'kernel_window_18_V_read_1' <Predicate = true> <Delay = 0.00>
ST_1 : Operation 54 [1/1] (0.00ns)   --->   "%kernel_window_17_V_read_2 = call i8 @_ssdm_op_Read.ap_auto.i8(i8 %kernel_window_17_V_read)" [firmware/nnet_utils/nnet_conv_stream.h:216]   --->   Operation 54 'read' 'kernel_window_17_V_read_2' <Predicate = true> <Delay = 0.00>
ST_1 : Operation 55 [1/1] (0.00ns)   --->   "%kernel_window_16_V_read_2 = call i8 @_ssdm_op_Read.ap_auto.i8(i8 %kernel_window_16_V_read)" [firmware/nnet_utils/nnet_conv_stream.h:216]   --->   Operation 55 'read' 'kernel_window_16_V_read_2' <Predicate = true> <Delay = 0.00>
ST_1 : Operation 56 [1/1] (0.00ns)   --->   "%kernel_window_15_V_read_2 = call i8 @_ssdm_op_Read.ap_auto.i8(i8 %kernel_window_15_V_read)" [firmware/nnet_utils/nnet_conv_stream.h:216]   --->   Operation 56 'read' 'kernel_window_15_V_read_2' <Predicate = true> <Delay = 0.00>
ST_1 : Operation 57 [1/1] (0.00ns)   --->   "%kernel_window_14_V_read_3 = call i8 @_ssdm_op_Read.ap_auto.i8(i8 %kernel_window_14_V_read)" [firmware/nnet_utils/nnet_conv_stream.h:216]   --->   Operation 57 'read' 'kernel_window_14_V_read_3' <Predicate = true> <Delay = 0.00>
ST_1 : Operation 58 [1/1] (0.00ns)   --->   "%kernel_window_13_V_read_3 = call i8 @_ssdm_op_Read.ap_auto.i8(i8 %kernel_window_13_V_read)" [firmware/nnet_utils/nnet_conv_stream.h:216]   --->   Operation 58 'read' 'kernel_window_13_V_read_3' <Predicate = true> <Delay = 0.00>
ST_1 : Operation 59 [1/1] (0.00ns)   --->   "%kernel_window_12_V_read_3 = call i8 @_ssdm_op_Read.ap_auto.i8(i8 %kernel_window_12_V_read)" [firmware/nnet_utils/nnet_conv_stream.h:216]   --->   Operation 59 'read' 'kernel_window_12_V_read_3' <Predicate = true> <Delay = 0.00>
ST_1 : Operation 60 [1/1] (0.00ns)   --->   "%kernel_window_11_V_read_2 = call i8 @_ssdm_op_Read.ap_auto.i8(i8 %kernel_window_11_V_read)" [firmware/nnet_utils/nnet_conv_stream.h:216]   --->   Operation 60 'read' 'kernel_window_11_V_read_2' <Predicate = true> <Delay = 0.00>
ST_1 : Operation 61 [1/1] (0.00ns)   --->   "%kernel_window_10_V_read_2 = call i8 @_ssdm_op_Read.ap_auto.i8(i8 %kernel_window_10_V_read)" [firmware/nnet_utils/nnet_conv_stream.h:216]   --->   Operation 61 'read' 'kernel_window_10_V_read_2' <Predicate = true> <Delay = 0.00>
ST_1 : Operation 62 [1/1] (0.00ns)   --->   "%in_elem_data_9_V_read_1 = call i8 @_ssdm_op_Read.ap_auto.i8(i8 %in_elem_data_9_V_read)" [firmware/nnet_utils/nnet_conv_stream.h:216]   --->   Operation 62 'read' 'in_elem_data_9_V_read_1' <Predicate = true> <Delay = 0.00>
ST_1 : Operation 63 [1/1] (0.00ns)   --->   "%in_elem_data_8_V_read_1 = call i8 @_ssdm_op_Read.ap_auto.i8(i8 %in_elem_data_8_V_read)" [firmware/nnet_utils/nnet_conv_stream.h:216]   --->   Operation 63 'read' 'in_elem_data_8_V_read_1' <Predicate = true> <Delay = 0.00>
ST_1 : Operation 64 [1/1] (0.00ns)   --->   "%in_elem_data_7_V_read_1 = call i8 @_ssdm_op_Read.ap_auto.i8(i8 %in_elem_data_7_V_read)" [firmware/nnet_utils/nnet_conv_stream.h:216]   --->   Operation 64 'read' 'in_elem_data_7_V_read_1' <Predicate = true> <Delay = 0.00>
ST_1 : Operation 65 [1/1] (0.00ns)   --->   "%in_elem_data_6_V_read_1 = call i8 @_ssdm_op_Read.ap_auto.i8(i8 %in_elem_data_6_V_read)" [firmware/nnet_utils/nnet_conv_stream.h:216]   --->   Operation 65 'read' 'in_elem_data_6_V_read_1' <Predicate = true> <Delay = 0.00>
ST_1 : Operation 66 [1/1] (0.00ns)   --->   "%in_elem_data_5_V_read_1 = call i8 @_ssdm_op_Read.ap_auto.i8(i8 %in_elem_data_5_V_read)" [firmware/nnet_utils/nnet_conv_stream.h:216]   --->   Operation 66 'read' 'in_elem_data_5_V_read_1' <Predicate = true> <Delay = 0.00>
ST_1 : Operation 67 [1/1] (0.00ns)   --->   "%in_elem_data_4_V_read_2 = call i8 @_ssdm_op_Read.ap_auto.i8(i8 %in_elem_data_4_V_read)" [firmware/nnet_utils/nnet_conv_stream.h:216]   --->   Operation 67 'read' 'in_elem_data_4_V_read_2' <Predicate = true> <Delay = 0.00>
ST_1 : Operation 68 [1/1] (0.00ns)   --->   "%in_elem_data_3_V_read_2 = call i8 @_ssdm_op_Read.ap_auto.i8(i8 %in_elem_data_3_V_read)" [firmware/nnet_utils/nnet_conv_stream.h:216]   --->   Operation 68 'read' 'in_elem_data_3_V_read_2' <Predicate = true> <Delay = 0.00>
ST_1 : Operation 69 [1/1] (0.00ns)   --->   "%in_elem_data_2_V_read_3 = call i8 @_ssdm_op_Read.ap_auto.i8(i8 %in_elem_data_2_V_read)" [firmware/nnet_utils/nnet_conv_stream.h:216]   --->   Operation 69 'read' 'in_elem_data_2_V_read_3' <Predicate = true> <Delay = 0.00>
ST_1 : Operation 70 [1/1] (0.00ns)   --->   "%in_elem_data_1_V_read_3 = call i8 @_ssdm_op_Read.ap_auto.i8(i8 %in_elem_data_1_V_read)" [firmware/nnet_utils/nnet_conv_stream.h:216]   --->   Operation 70 'read' 'in_elem_data_1_V_read_3' <Predicate = true> <Delay = 0.00>
ST_1 : Operation 71 [1/1] (0.00ns)   --->   "%in_elem_data_0_V_read_3 = call i8 @_ssdm_op_Read.ap_auto.i8(i8 %in_elem_data_0_V_read)" [firmware/nnet_utils/nnet_conv_stream.h:216]   --->   Operation 71 'read' 'in_elem_data_0_V_read_3' <Predicate = true> <Delay = 0.00>
ST_1 : Operation 72 [1/1] (0.00ns)   --->   "call void (...)* @_ssdm_op_SpecPipeline(i32 -1, i32 1, i32 1, i32 0, [1 x i8]* @p_str14) nounwind" [firmware/nnet_utils/nnet_conv_stream.h:221]   --->   Operation 72 'specpipeline' <Predicate = true> <Delay = 0.00>
ST_1 : Operation 73 [1/1] (1.61ns)   --->   "%DataOut_V_53 = call i8 @"_ssdm_op_MemShiftRead.[50 x i8]P"(i8* getelementptr inbounds ([50 x i8]* @line_buffer_Array_V_1_0_0, i64 0, i64 49), i8 %in_elem_data_0_V_read_3, i1 true)" [firmware/nnet_utils/nnet_conv_stream.h:241]   --->   Operation 73 'memshiftread' 'DataOut_V_53' <Predicate = true> <Delay = 1.61> <Core = "ShiftReg">   --->   Core 33 'ShiftReg' <Latency = 0> <II = 1> <Delay = 1.61> <Storage> <Opcode : 'memshiftread' 'load'> <Ports = 1> <Width = 8> <Depth = 50> <ShiftMem>
ST_1 : Operation 74 [1/1] (1.61ns)   --->   "%DataOut_V_54 = call i8 @"_ssdm_op_MemShiftRead.[50 x i8]P"(i8* getelementptr inbounds ([50 x i8]* @line_buffer_Array_V_1_1_0, i64 0, i64 49), i8 %DataOut_V_53, i1 true)" [firmware/nnet_utils/nnet_conv_stream.h:241]   --->   Operation 74 'memshiftread' 'DataOut_V_54' <Predicate = true> <Delay = 1.61> <Core = "ShiftReg">   --->   Core 33 'ShiftReg' <Latency = 0> <II = 1> <Delay = 1.61> <Storage> <Opcode : 'memshiftread' 'load'> <Ports = 1> <Width = 8> <Depth = 50> <ShiftMem>
ST_1 : Operation 75 [1/1] (1.61ns)   --->   "%DataOut_V_55 = call i8 @"_ssdm_op_MemShiftRead.[50 x i8]P"(i8* getelementptr inbounds ([50 x i8]* @line_buffer_Array_V_1_0_1, i64 0, i64 49), i8 %in_elem_data_1_V_read_3, i1 true)" [firmware/nnet_utils/nnet_conv_stream.h:241]   --->   Operation 75 'memshiftread' 'DataOut_V_55' <Predicate = true> <Delay = 1.61> <Core = "ShiftReg">   --->   Core 33 'ShiftReg' <Latency = 0> <II = 1> <Delay = 1.61> <Storage> <Opcode : 'memshiftread' 'load'> <Ports = 1> <Width = 8> <Depth = 50> <ShiftMem>
ST_1 : Operation 76 [1/1] (1.61ns)   --->   "%DataOut_V_56 = call i8 @"_ssdm_op_MemShiftRead.[50 x i8]P"(i8* getelementptr inbounds ([50 x i8]* @line_buffer_Array_V_1_1_1, i64 0, i64 49), i8 %DataOut_V_55, i1 true)" [firmware/nnet_utils/nnet_conv_stream.h:241]   --->   Operation 76 'memshiftread' 'DataOut_V_56' <Predicate = true> <Delay = 1.61> <Core = "ShiftReg">   --->   Core 33 'ShiftReg' <Latency = 0> <II = 1> <Delay = 1.61> <Storage> <Opcode : 'memshiftread' 'load'> <Ports = 1> <Width = 8> <Depth = 50> <ShiftMem>
ST_1 : Operation 77 [1/1] (1.61ns)   --->   "%DataOut_V_57 = call i8 @"_ssdm_op_MemShiftRead.[50 x i8]P"(i8* getelementptr inbounds ([50 x i8]* @line_buffer_Array_V_1_0_2, i64 0, i64 49), i8 %in_elem_data_2_V_read_3, i1 true)" [firmware/nnet_utils/nnet_conv_stream.h:241]   --->   Operation 77 'memshiftread' 'DataOut_V_57' <Predicate = true> <Delay = 1.61> <Core = "ShiftReg">   --->   Core 33 'ShiftReg' <Latency = 0> <II = 1> <Delay = 1.61> <Storage> <Opcode : 'memshiftread' 'load'> <Ports = 1> <Width = 8> <Depth = 50> <ShiftMem>
ST_1 : Operation 78 [1/1] (1.61ns)   --->   "%DataOut_V_58 = call i8 @"_ssdm_op_MemShiftRead.[50 x i8]P"(i8* getelementptr inbounds ([50 x i8]* @line_buffer_Array_V_1_1_2, i64 0, i64 49), i8 %DataOut_V_57, i1 true)" [firmware/nnet_utils/nnet_conv_stream.h:241]   --->   Operation 78 'memshiftread' 'DataOut_V_58' <Predicate = true> <Delay = 1.61> <Core = "ShiftReg">   --->   Core 33 'ShiftReg' <Latency = 0> <II = 1> <Delay = 1.61> <Storage> <Opcode : 'memshiftread' 'load'> <Ports = 1> <Width = 8> <Depth = 50> <ShiftMem>
ST_1 : Operation 79 [1/1] (1.61ns)   --->   "%DataOut_V_59 = call i8 @"_ssdm_op_MemShiftRead.[50 x i8]P"(i8* getelementptr inbounds ([50 x i8]* @line_buffer_Array_V_1_0_3, i64 0, i64 49), i8 %in_elem_data_3_V_read_2, i1 true)" [firmware/nnet_utils/nnet_conv_stream.h:241]   --->   Operation 79 'memshiftread' 'DataOut_V_59' <Predicate = true> <Delay = 1.61> <Core = "ShiftReg">   --->   Core 33 'ShiftReg' <Latency = 0> <II = 1> <Delay = 1.61> <Storage> <Opcode : 'memshiftread' 'load'> <Ports = 1> <Width = 8> <Depth = 50> <ShiftMem>
ST_1 : Operation 80 [1/1] (1.61ns)   --->   "%DataOut_V_60 = call i8 @"_ssdm_op_MemShiftRead.[50 x i8]P"(i8* getelementptr inbounds ([50 x i8]* @line_buffer_Array_V_1_1_3, i64 0, i64 49), i8 %DataOut_V_59, i1 true)" [firmware/nnet_utils/nnet_conv_stream.h:241]   --->   Operation 80 'memshiftread' 'DataOut_V_60' <Predicate = true> <Delay = 1.61> <Core = "ShiftReg">   --->   Core 33 'ShiftReg' <Latency = 0> <II = 1> <Delay = 1.61> <Storage> <Opcode : 'memshiftread' 'load'> <Ports = 1> <Width = 8> <Depth = 50> <ShiftMem>
ST_1 : Operation 81 [1/1] (1.61ns)   --->   "%DataOut_V_61 = call i8 @"_ssdm_op_MemShiftRead.[50 x i8]P"(i8* getelementptr inbounds ([50 x i8]* @line_buffer_Array_V_1_0_4, i64 0, i64 49), i8 %in_elem_data_4_V_read_2, i1 true)" [firmware/nnet_utils/nnet_conv_stream.h:241]   --->   Operation 81 'memshiftread' 'DataOut_V_61' <Predicate = true> <Delay = 1.61> <Core = "ShiftReg">   --->   Core 33 'ShiftReg' <Latency = 0> <II = 1> <Delay = 1.61> <Storage> <Opcode : 'memshiftread' 'load'> <Ports = 1> <Width = 8> <Depth = 50> <ShiftMem>
ST_1 : Operation 82 [1/1] (1.61ns)   --->   "%DataOut_V_62 = call i8 @"_ssdm_op_MemShiftRead.[50 x i8]P"(i8* getelementptr inbounds ([50 x i8]* @line_buffer_Array_V_1_1_4, i64 0, i64 49), i8 %DataOut_V_61, i1 true)" [firmware/nnet_utils/nnet_conv_stream.h:241]   --->   Operation 82 'memshiftread' 'DataOut_V_62' <Predicate = true> <Delay = 1.61> <Core = "ShiftReg">   --->   Core 33 'ShiftReg' <Latency = 0> <II = 1> <Delay = 1.61> <Storage> <Opcode : 'memshiftread' 'load'> <Ports = 1> <Width = 8> <Depth = 50> <ShiftMem>
ST_1 : Operation 83 [1/1] (1.61ns)   --->   "%DataOut_V_63 = call i8 @"_ssdm_op_MemShiftRead.[50 x i8]P"(i8* getelementptr inbounds ([50 x i8]* @line_buffer_Array_V_1_0_5, i64 0, i64 49), i8 %in_elem_data_5_V_read_1, i1 true)" [firmware/nnet_utils/nnet_conv_stream.h:241]   --->   Operation 83 'memshiftread' 'DataOut_V_63' <Predicate = true> <Delay = 1.61> <Core = "ShiftReg">   --->   Core 33 'ShiftReg' <Latency = 0> <II = 1> <Delay = 1.61> <Storage> <Opcode : 'memshiftread' 'load'> <Ports = 1> <Width = 8> <Depth = 50> <ShiftMem>
ST_1 : Operation 84 [1/1] (1.61ns)   --->   "%DataOut_V_64 = call i8 @"_ssdm_op_MemShiftRead.[50 x i8]P"(i8* getelementptr inbounds ([50 x i8]* @line_buffer_Array_V_1_1_5, i64 0, i64 49), i8 %DataOut_V_63, i1 true)" [firmware/nnet_utils/nnet_conv_stream.h:241]   --->   Operation 84 'memshiftread' 'DataOut_V_64' <Predicate = true> <Delay = 1.61> <Core = "ShiftReg">   --->   Core 33 'ShiftReg' <Latency = 0> <II = 1> <Delay = 1.61> <Storage> <Opcode : 'memshiftread' 'load'> <Ports = 1> <Width = 8> <Depth = 50> <ShiftMem>
ST_1 : Operation 85 [1/1] (1.61ns)   --->   "%DataOut_V_65 = call i8 @"_ssdm_op_MemShiftRead.[50 x i8]P"(i8* getelementptr inbounds ([50 x i8]* @line_buffer_Array_V_1_0_6, i64 0, i64 49), i8 %in_elem_data_6_V_read_1, i1 true)" [firmware/nnet_utils/nnet_conv_stream.h:241]   --->   Operation 85 'memshiftread' 'DataOut_V_65' <Predicate = true> <Delay = 1.61> <Core = "ShiftReg">   --->   Core 33 'ShiftReg' <Latency = 0> <II = 1> <Delay = 1.61> <Storage> <Opcode : 'memshiftread' 'load'> <Ports = 1> <Width = 8> <Depth = 50> <ShiftMem>
ST_1 : Operation 86 [1/1] (1.61ns)   --->   "%DataOut_V_66 = call i8 @"_ssdm_op_MemShiftRead.[50 x i8]P"(i8* getelementptr inbounds ([50 x i8]* @line_buffer_Array_V_1_1_6, i64 0, i64 49), i8 %DataOut_V_65, i1 true)" [firmware/nnet_utils/nnet_conv_stream.h:241]   --->   Operation 86 'memshiftread' 'DataOut_V_66' <Predicate = true> <Delay = 1.61> <Core = "ShiftReg">   --->   Core 33 'ShiftReg' <Latency = 0> <II = 1> <Delay = 1.61> <Storage> <Opcode : 'memshiftread' 'load'> <Ports = 1> <Width = 8> <Depth = 50> <ShiftMem>
ST_1 : Operation 87 [1/1] (1.61ns)   --->   "%DataOut_V_67 = call i8 @"_ssdm_op_MemShiftRead.[50 x i8]P"(i8* getelementptr inbounds ([50 x i8]* @line_buffer_Array_V_1_0_7, i64 0, i64 49), i8 %in_elem_data_7_V_read_1, i1 true)" [firmware/nnet_utils/nnet_conv_stream.h:241]   --->   Operation 87 'memshiftread' 'DataOut_V_67' <Predicate = true> <Delay = 1.61> <Core = "ShiftReg">   --->   Core 33 'ShiftReg' <Latency = 0> <II = 1> <Delay = 1.61> <Storage> <Opcode : 'memshiftread' 'load'> <Ports = 1> <Width = 8> <Depth = 50> <ShiftMem>
ST_1 : Operation 88 [1/1] (1.61ns)   --->   "%DataOut_V_68 = call i8 @"_ssdm_op_MemShiftRead.[50 x i8]P"(i8* getelementptr inbounds ([50 x i8]* @line_buffer_Array_V_1_1_7, i64 0, i64 49), i8 %DataOut_V_67, i1 true)" [firmware/nnet_utils/nnet_conv_stream.h:241]   --->   Operation 88 'memshiftread' 'DataOut_V_68' <Predicate = true> <Delay = 1.61> <Core = "ShiftReg">   --->   Core 33 'ShiftReg' <Latency = 0> <II = 1> <Delay = 1.61> <Storage> <Opcode : 'memshiftread' 'load'> <Ports = 1> <Width = 8> <Depth = 50> <ShiftMem>
ST_1 : Operation 89 [1/1] (1.61ns)   --->   "%DataOut_V_69 = call i8 @"_ssdm_op_MemShiftRead.[50 x i8]P"(i8* getelementptr inbounds ([50 x i8]* @line_buffer_Array_V_1_0_8, i64 0, i64 49), i8 %in_elem_data_8_V_read_1, i1 true)" [firmware/nnet_utils/nnet_conv_stream.h:241]   --->   Operation 89 'memshiftread' 'DataOut_V_69' <Predicate = true> <Delay = 1.61> <Core = "ShiftReg">   --->   Core 33 'ShiftReg' <Latency = 0> <II = 1> <Delay = 1.61> <Storage> <Opcode : 'memshiftread' 'load'> <Ports = 1> <Width = 8> <Depth = 50> <ShiftMem>
ST_1 : Operation 90 [1/1] (1.61ns)   --->   "%DataOut_V_70 = call i8 @"_ssdm_op_MemShiftRead.[50 x i8]P"(i8* getelementptr inbounds ([50 x i8]* @line_buffer_Array_V_1_1_8, i64 0, i64 49), i8 %DataOut_V_69, i1 true)" [firmware/nnet_utils/nnet_conv_stream.h:241]   --->   Operation 90 'memshiftread' 'DataOut_V_70' <Predicate = true> <Delay = 1.61> <Core = "ShiftReg">   --->   Core 33 'ShiftReg' <Latency = 0> <II = 1> <Delay = 1.61> <Storage> <Opcode : 'memshiftread' 'load'> <Ports = 1> <Width = 8> <Depth = 50> <ShiftMem>
ST_1 : Operation 91 [1/1] (1.61ns)   --->   "%DataOut_V_71 = call i8 @"_ssdm_op_MemShiftRead.[50 x i8]P"(i8* getelementptr inbounds ([50 x i8]* @line_buffer_Array_V_1_0_9, i64 0, i64 49), i8 %in_elem_data_9_V_read_1, i1 true)" [firmware/nnet_utils/nnet_conv_stream.h:241]   --->   Operation 91 'memshiftread' 'DataOut_V_71' <Predicate = true> <Delay = 1.61> <Core = "ShiftReg">   --->   Core 33 'ShiftReg' <Latency = 0> <II = 1> <Delay = 1.61> <Storage> <Opcode : 'memshiftread' 'load'> <Ports = 1> <Width = 8> <Depth = 50> <ShiftMem>
ST_1 : Operation 92 [1/1] (1.61ns)   --->   "%DataOut_V = call i8 @"_ssdm_op_MemShiftRead.[50 x i8]P"(i8* getelementptr inbounds ([50 x i8]* @line_buffer_Array_V_1_1_9, i64 0, i64 49), i8 %DataOut_V_71, i1 true)" [firmware/nnet_utils/nnet_conv_stream.h:241]   --->   Operation 92 'memshiftread' 'DataOut_V' <Predicate = true> <Delay = 1.61> <Core = "ShiftReg">   --->   Core 33 'ShiftReg' <Latency = 0> <II = 1> <Delay = 1.61> <Storage> <Opcode : 'memshiftread' 'load'> <Ports = 1> <Width = 8> <Depth = 50> <ShiftMem>
ST_1 : Operation 93 [1/1] (0.00ns)   --->   "%mrv_s = insertvalue { i8, i8, i8, i8, i8, i8, i8, i8, i8, i8, i8, i8, i8, i8, i8, i8, i8, i8, i8, i8, i8, i8, i8, i8, i8, i8, i8, i8, i8, i8, i8, i8, i8, i8, i8, i8, i8, i8, i8, i8, i8, i8, i8, i8, i8, i8, i8, i8, i8, i8, i8, i8, i8, i8, i8, i8, i8, i8, i8, i8, i8, i8, i8, i8, i8, i8, i8, i8, i8, i8, i8, i8, i8, i8, i8, i8, i8, i8, i8, i8, i8, i8, i8, i8, i8, i8, i8, i8, i8, i8 } undef, i8 %kernel_window_10_V_read_2, 0" [firmware/nnet_utils/nnet_conv_stream.h:248]   --->   Operation 93 'insertvalue' 'mrv_s' <Predicate = true> <Delay = 0.00>
ST_1 : Operation 94 [1/1] (0.00ns)   --->   "%mrv_90 = insertvalue { i8, i8, i8, i8, i8, i8, i8, i8, i8, i8, i8, i8, i8, i8, i8, i8, i8, i8, i8, i8, i8, i8, i8, i8, i8, i8, i8, i8, i8, i8, i8, i8, i8, i8, i8, i8, i8, i8, i8, i8, i8, i8, i8, i8, i8, i8, i8, i8, i8, i8, i8, i8, i8, i8, i8, i8, i8, i8, i8, i8, i8, i8, i8, i8, i8, i8, i8, i8, i8, i8, i8, i8, i8, i8, i8, i8, i8, i8, i8, i8, i8, i8, i8, i8, i8, i8, i8, i8, i8, i8 } %mrv_s, i8 %kernel_window_11_V_read_2, 1" [firmware/nnet_utils/nnet_conv_stream.h:248]   --->   Operation 94 'insertvalue' 'mrv_90' <Predicate = true> <Delay = 0.00>
ST_1 : Operation 95 [1/1] (0.00ns)   --->   "%mrv_91 = insertvalue { i8, i8, i8, i8, i8, i8, i8, i8, i8, i8, i8, i8, i8, i8, i8, i8, i8, i8, i8, i8, i8, i8, i8, i8, i8, i8, i8, i8, i8, i8, i8, i8, i8, i8, i8, i8, i8, i8, i8, i8, i8, i8, i8, i8, i8, i8, i8, i8, i8, i8, i8, i8, i8, i8, i8, i8, i8, i8, i8, i8, i8, i8, i8, i8, i8, i8, i8, i8, i8, i8, i8, i8, i8, i8, i8, i8, i8, i8, i8, i8, i8, i8, i8, i8, i8, i8, i8, i8, i8, i8 } %mrv_90, i8 %kernel_window_12_V_read_3, 2" [firmware/nnet_utils/nnet_conv_stream.h:248]   --->   Operation 95 'insertvalue' 'mrv_91' <Predicate = true> <Delay = 0.00>
ST_1 : Operation 96 [1/1] (0.00ns)   --->   "%mrv_92 = insertvalue { i8, i8, i8, i8, i8, i8, i8, i8, i8, i8, i8, i8, i8, i8, i8, i8, i8, i8, i8, i8, i8, i8, i8, i8, i8, i8, i8, i8, i8, i8, i8, i8, i8, i8, i8, i8, i8, i8, i8, i8, i8, i8, i8, i8, i8, i8, i8, i8, i8, i8, i8, i8, i8, i8, i8, i8, i8, i8, i8, i8, i8, i8, i8, i8, i8, i8, i8, i8, i8, i8, i8, i8, i8, i8, i8, i8, i8, i8, i8, i8, i8, i8, i8, i8, i8, i8, i8, i8, i8, i8 } %mrv_91, i8 %kernel_window_13_V_read_3, 3" [firmware/nnet_utils/nnet_conv_stream.h:248]   --->   Operation 96 'insertvalue' 'mrv_92' <Predicate = true> <Delay = 0.00>
ST_1 : Operation 97 [1/1] (0.00ns)   --->   "%mrv_93 = insertvalue { i8, i8, i8, i8, i8, i8, i8, i8, i8, i8, i8, i8, i8, i8, i8, i8, i8, i8, i8, i8, i8, i8, i8, i8, i8, i8, i8, i8, i8, i8, i8, i8, i8, i8, i8, i8, i8, i8, i8, i8, i8, i8, i8, i8, i8, i8, i8, i8, i8, i8, i8, i8, i8, i8, i8, i8, i8, i8, i8, i8, i8, i8, i8, i8, i8, i8, i8, i8, i8, i8, i8, i8, i8, i8, i8, i8, i8, i8, i8, i8, i8, i8, i8, i8, i8, i8, i8, i8, i8, i8 } %mrv_92, i8 %kernel_window_14_V_read_3, 4" [firmware/nnet_utils/nnet_conv_stream.h:248]   --->   Operation 97 'insertvalue' 'mrv_93' <Predicate = true> <Delay = 0.00>
ST_1 : Operation 98 [1/1] (0.00ns)   --->   "%mrv_94 = insertvalue { i8, i8, i8, i8, i8, i8, i8, i8, i8, i8, i8, i8, i8, i8, i8, i8, i8, i8, i8, i8, i8, i8, i8, i8, i8, i8, i8, i8, i8, i8, i8, i8, i8, i8, i8, i8, i8, i8, i8, i8, i8, i8, i8, i8, i8, i8, i8, i8, i8, i8, i8, i8, i8, i8, i8, i8, i8, i8, i8, i8, i8, i8, i8, i8, i8, i8, i8, i8, i8, i8, i8, i8, i8, i8, i8, i8, i8, i8, i8, i8, i8, i8, i8, i8, i8, i8, i8, i8, i8, i8 } %mrv_93, i8 %kernel_window_15_V_read_2, 5" [firmware/nnet_utils/nnet_conv_stream.h:248]   --->   Operation 98 'insertvalue' 'mrv_94' <Predicate = true> <Delay = 0.00>
ST_1 : Operation 99 [1/1] (0.00ns)   --->   "%mrv_95 = insertvalue { i8, i8, i8, i8, i8, i8, i8, i8, i8, i8, i8, i8, i8, i8, i8, i8, i8, i8, i8, i8, i8, i8, i8, i8, i8, i8, i8, i8, i8, i8, i8, i8, i8, i8, i8, i8, i8, i8, i8, i8, i8, i8, i8, i8, i8, i8, i8, i8, i8, i8, i8, i8, i8, i8, i8, i8, i8, i8, i8, i8, i8, i8, i8, i8, i8, i8, i8, i8, i8, i8, i8, i8, i8, i8, i8, i8, i8, i8, i8, i8, i8, i8, i8, i8, i8, i8, i8, i8, i8, i8 } %mrv_94, i8 %kernel_window_16_V_read_2, 6" [firmware/nnet_utils/nnet_conv_stream.h:248]   --->   Operation 99 'insertvalue' 'mrv_95' <Predicate = true> <Delay = 0.00>
ST_1 : Operation 100 [1/1] (0.00ns)   --->   "%mrv_96 = insertvalue { i8, i8, i8, i8, i8, i8, i8, i8, i8, i8, i8, i8, i8, i8, i8, i8, i8, i8, i8, i8, i8, i8, i8, i8, i8, i8, i8, i8, i8, i8, i8, i8, i8, i8, i8, i8, i8, i8, i8, i8, i8, i8, i8, i8, i8, i8, i8, i8, i8, i8, i8, i8, i8, i8, i8, i8, i8, i8, i8, i8, i8, i8, i8, i8, i8, i8, i8, i8, i8, i8, i8, i8, i8, i8, i8, i8, i8, i8, i8, i8, i8, i8, i8, i8, i8, i8, i8, i8, i8, i8 } %mrv_95, i8 %kernel_window_17_V_read_2, 7" [firmware/nnet_utils/nnet_conv_stream.h:248]   --->   Operation 100 'insertvalue' 'mrv_96' <Predicate = true> <Delay = 0.00>
ST_1 : Operation 101 [1/1] (0.00ns)   --->   "%mrv_97 = insertvalue { i8, i8, i8, i8, i8, i8, i8, i8, i8, i8, i8, i8, i8, i8, i8, i8, i8, i8, i8, i8, i8, i8, i8, i8, i8, i8, i8, i8, i8, i8, i8, i8, i8, i8, i8, i8, i8, i8, i8, i8, i8, i8, i8, i8, i8, i8, i8, i8, i8, i8, i8, i8, i8, i8, i8, i8, i8, i8, i8, i8, i8, i8, i8, i8, i8, i8, i8, i8, i8, i8, i8, i8, i8, i8, i8, i8, i8, i8, i8, i8, i8, i8, i8, i8, i8, i8, i8, i8, i8, i8 } %mrv_96, i8 %kernel_window_18_V_read_1, 8" [firmware/nnet_utils/nnet_conv_stream.h:248]   --->   Operation 101 'insertvalue' 'mrv_97' <Predicate = true> <Delay = 0.00>
ST_1 : Operation 102 [1/1] (0.00ns)   --->   "%mrv_98 = insertvalue { i8, i8, i8, i8, i8, i8, i8, i8, i8, i8, i8, i8, i8, i8, i8, i8, i8, i8, i8, i8, i8, i8, i8, i8, i8, i8, i8, i8, i8, i8, i8, i8, i8, i8, i8, i8, i8, i8, i8, i8, i8, i8, i8, i8, i8, i8, i8, i8, i8, i8, i8, i8, i8, i8, i8, i8, i8, i8, i8, i8, i8, i8, i8, i8, i8, i8, i8, i8, i8, i8, i8, i8, i8, i8, i8, i8, i8, i8, i8, i8, i8, i8, i8, i8, i8, i8, i8, i8, i8, i8 } %mrv_97, i8 %kernel_window_19_V_read_1, 9" [firmware/nnet_utils/nnet_conv_stream.h:248]   --->   Operation 102 'insertvalue' 'mrv_98' <Predicate = true> <Delay = 0.00>
ST_1 : Operation 103 [1/1] (0.00ns)   --->   "%mrv_99 = insertvalue { i8, i8, i8, i8, i8, i8, i8, i8, i8, i8, i8, i8, i8, i8, i8, i8, i8, i8, i8, i8, i8, i8, i8, i8, i8, i8, i8, i8, i8, i8, i8, i8, i8, i8, i8, i8, i8, i8, i8, i8, i8, i8, i8, i8, i8, i8, i8, i8, i8, i8, i8, i8, i8, i8, i8, i8, i8, i8, i8, i8, i8, i8, i8, i8, i8, i8, i8, i8, i8, i8, i8, i8, i8, i8, i8, i8, i8, i8, i8, i8, i8, i8, i8, i8, i8, i8, i8, i8, i8, i8 } %mrv_98, i8 %kernel_window_40_V_read301, 10" [firmware/nnet_utils/nnet_conv_stream.h:248]   --->   Operation 103 'insertvalue' 'mrv_99' <Predicate = true> <Delay = 0.00>
ST_1 : Operation 104 [1/1] (0.00ns)   --->   "%mrv_100 = insertvalue { i8, i8, i8, i8, i8, i8, i8, i8, i8, i8, i8, i8, i8, i8, i8, i8, i8, i8, i8, i8, i8, i8, i8, i8, i8, i8, i8, i8, i8, i8, i8, i8, i8, i8, i8, i8, i8, i8, i8, i8, i8, i8, i8, i8, i8, i8, i8, i8, i8, i8, i8, i8, i8, i8, i8, i8, i8, i8, i8, i8, i8, i8, i8, i8, i8, i8, i8, i8, i8, i8, i8, i8, i8, i8, i8, i8, i8, i8, i8, i8, i8, i8, i8, i8, i8, i8, i8, i8, i8, i8 } %mrv_99, i8 %kernel_window_41_V_read_2, 11" [firmware/nnet_utils/nnet_conv_stream.h:248]   --->   Operation 104 'insertvalue' 'mrv_100' <Predicate = true> <Delay = 0.00>
ST_1 : Operation 105 [1/1] (0.00ns)   --->   "%mrv_101 = insertvalue { i8, i8, i8, i8, i8, i8, i8, i8, i8, i8, i8, i8, i8, i8, i8, i8, i8, i8, i8, i8, i8, i8, i8, i8, i8, i8, i8, i8, i8, i8, i8, i8, i8, i8, i8, i8, i8, i8, i8, i8, i8, i8, i8, i8, i8, i8, i8, i8, i8, i8, i8, i8, i8, i8, i8, i8, i8, i8, i8, i8, i8, i8, i8, i8, i8, i8, i8, i8, i8, i8, i8, i8, i8, i8, i8, i8, i8, i8, i8, i8, i8, i8, i8, i8, i8, i8, i8, i8, i8, i8 } %mrv_100, i8 %kernel_window_42_V_read_2, 12" [firmware/nnet_utils/nnet_conv_stream.h:248]   --->   Operation 105 'insertvalue' 'mrv_101' <Predicate = true> <Delay = 0.00>
ST_1 : Operation 106 [1/1] (0.00ns)   --->   "%mrv_102 = insertvalue { i8, i8, i8, i8, i8, i8, i8, i8, i8, i8, i8, i8, i8, i8, i8, i8, i8, i8, i8, i8, i8, i8, i8, i8, i8, i8, i8, i8, i8, i8, i8, i8, i8, i8, i8, i8, i8, i8, i8, i8, i8, i8, i8, i8, i8, i8, i8, i8, i8, i8, i8, i8, i8, i8, i8, i8, i8, i8, i8, i8, i8, i8, i8, i8, i8, i8, i8, i8, i8, i8, i8, i8, i8, i8, i8, i8, i8, i8, i8, i8, i8, i8, i8, i8, i8, i8, i8, i8, i8, i8 } %mrv_101, i8 %kernel_window_43_V_read_2, 13" [firmware/nnet_utils/nnet_conv_stream.h:248]   --->   Operation 106 'insertvalue' 'mrv_102' <Predicate = true> <Delay = 0.00>
ST_1 : Operation 107 [1/1] (0.00ns)   --->   "%mrv_103 = insertvalue { i8, i8, i8, i8, i8, i8, i8, i8, i8, i8, i8, i8, i8, i8, i8, i8, i8, i8, i8, i8, i8, i8, i8, i8, i8, i8, i8, i8, i8, i8, i8, i8, i8, i8, i8, i8, i8, i8, i8, i8, i8, i8, i8, i8, i8, i8, i8, i8, i8, i8, i8, i8, i8, i8, i8, i8, i8, i8, i8, i8, i8, i8, i8, i8, i8, i8, i8, i8, i8, i8, i8, i8, i8, i8, i8, i8, i8, i8, i8, i8, i8, i8, i8, i8, i8, i8, i8, i8, i8, i8 } %mrv_102, i8 %kernel_window_44_V_read_2, 14" [firmware/nnet_utils/nnet_conv_stream.h:248]   --->   Operation 107 'insertvalue' 'mrv_103' <Predicate = true> <Delay = 0.00>
ST_1 : Operation 108 [1/1] (0.00ns)   --->   "%mrv_104 = insertvalue { i8, i8, i8, i8, i8, i8, i8, i8, i8, i8, i8, i8, i8, i8, i8, i8, i8, i8, i8, i8, i8, i8, i8, i8, i8, i8, i8, i8, i8, i8, i8, i8, i8, i8, i8, i8, i8, i8, i8, i8, i8, i8, i8, i8, i8, i8, i8, i8, i8, i8, i8, i8, i8, i8, i8, i8, i8, i8, i8, i8, i8, i8, i8, i8, i8, i8, i8, i8, i8, i8, i8, i8, i8, i8, i8, i8, i8, i8, i8, i8, i8, i8, i8, i8, i8, i8, i8, i8, i8, i8 } %mrv_103, i8 %kernel_window_45_V_read_1, 15" [firmware/nnet_utils/nnet_conv_stream.h:248]   --->   Operation 108 'insertvalue' 'mrv_104' <Predicate = true> <Delay = 0.00>
ST_1 : Operation 109 [1/1] (0.00ns)   --->   "%mrv_105 = insertvalue { i8, i8, i8, i8, i8, i8, i8, i8, i8, i8, i8, i8, i8, i8, i8, i8, i8, i8, i8, i8, i8, i8, i8, i8, i8, i8, i8, i8, i8, i8, i8, i8, i8, i8, i8, i8, i8, i8, i8, i8, i8, i8, i8, i8, i8, i8, i8, i8, i8, i8, i8, i8, i8, i8, i8, i8, i8, i8, i8, i8, i8, i8, i8, i8, i8, i8, i8, i8, i8, i8, i8, i8, i8, i8, i8, i8, i8, i8, i8, i8, i8, i8, i8, i8, i8, i8, i8, i8, i8, i8 } %mrv_104, i8 %kernel_window_46_V_read_1, 16" [firmware/nnet_utils/nnet_conv_stream.h:248]   --->   Operation 109 'insertvalue' 'mrv_105' <Predicate = true> <Delay = 0.00>
ST_1 : Operation 110 [1/1] (0.00ns)   --->   "%mrv_106 = insertvalue { i8, i8, i8, i8, i8, i8, i8, i8, i8, i8, i8, i8, i8, i8, i8, i8, i8, i8, i8, i8, i8, i8, i8, i8, i8, i8, i8, i8, i8, i8, i8, i8, i8, i8, i8, i8, i8, i8, i8, i8, i8, i8, i8, i8, i8, i8, i8, i8, i8, i8, i8, i8, i8, i8, i8, i8, i8, i8, i8, i8, i8, i8, i8, i8, i8, i8, i8, i8, i8, i8, i8, i8, i8, i8, i8, i8, i8, i8, i8, i8, i8, i8, i8, i8, i8, i8, i8, i8, i8, i8 } %mrv_105, i8 %kernel_window_47_V_read_1, 17" [firmware/nnet_utils/nnet_conv_stream.h:248]   --->   Operation 110 'insertvalue' 'mrv_106' <Predicate = true> <Delay = 0.00>
ST_1 : Operation 111 [1/1] (0.00ns)   --->   "%mrv_107 = insertvalue { i8, i8, i8, i8, i8, i8, i8, i8, i8, i8, i8, i8, i8, i8, i8, i8, i8, i8, i8, i8, i8, i8, i8, i8, i8, i8, i8, i8, i8, i8, i8, i8, i8, i8, i8, i8, i8, i8, i8, i8, i8, i8, i8, i8, i8, i8, i8, i8, i8, i8, i8, i8, i8, i8, i8, i8, i8, i8, i8, i8, i8, i8, i8, i8, i8, i8, i8, i8, i8, i8, i8, i8, i8, i8, i8, i8, i8, i8, i8, i8, i8, i8, i8, i8, i8, i8, i8, i8, i8, i8 } %mrv_106, i8 %kernel_window_48_V_read_1, 18" [firmware/nnet_utils/nnet_conv_stream.h:248]   --->   Operation 111 'insertvalue' 'mrv_107' <Predicate = true> <Delay = 0.00>
ST_1 : Operation 112 [1/1] (0.00ns)   --->   "%mrv_108 = insertvalue { i8, i8, i8, i8, i8, i8, i8, i8, i8, i8, i8, i8, i8, i8, i8, i8, i8, i8, i8, i8, i8, i8, i8, i8, i8, i8, i8, i8, i8, i8, i8, i8, i8, i8, i8, i8, i8, i8, i8, i8, i8, i8, i8, i8, i8, i8, i8, i8, i8, i8, i8, i8, i8, i8, i8, i8, i8, i8, i8, i8, i8, i8, i8, i8, i8, i8, i8, i8, i8, i8, i8, i8, i8, i8, i8, i8, i8, i8, i8, i8, i8, i8, i8, i8, i8, i8, i8, i8, i8, i8 } %mrv_107, i8 %kernel_window_49_V_read_1, 19" [firmware/nnet_utils/nnet_conv_stream.h:248]   --->   Operation 112 'insertvalue' 'mrv_108' <Predicate = true> <Delay = 0.00>
ST_1 : Operation 113 [1/1] (0.00ns)   --->   "%mrv_109 = insertvalue { i8, i8, i8, i8, i8, i8, i8, i8, i8, i8, i8, i8, i8, i8, i8, i8, i8, i8, i8, i8, i8, i8, i8, i8, i8, i8, i8, i8, i8, i8, i8, i8, i8, i8, i8, i8, i8, i8, i8, i8, i8, i8, i8, i8, i8, i8, i8, i8, i8, i8, i8, i8, i8, i8, i8, i8, i8, i8, i8, i8, i8, i8, i8, i8, i8, i8, i8, i8, i8, i8, i8, i8, i8, i8, i8, i8, i8, i8, i8, i8, i8, i8, i8, i8, i8, i8, i8, i8, i8, i8 } %mrv_108, i8 %kernel_window_70_V_read_1, 20" [firmware/nnet_utils/nnet_conv_stream.h:248]   --->   Operation 113 'insertvalue' 'mrv_109' <Predicate = true> <Delay = 0.00>
ST_1 : Operation 114 [1/1] (0.00ns)   --->   "%mrv_110 = insertvalue { i8, i8, i8, i8, i8, i8, i8, i8, i8, i8, i8, i8, i8, i8, i8, i8, i8, i8, i8, i8, i8, i8, i8, i8, i8, i8, i8, i8, i8, i8, i8, i8, i8, i8, i8, i8, i8, i8, i8, i8, i8, i8, i8, i8, i8, i8, i8, i8, i8, i8, i8, i8, i8, i8, i8, i8, i8, i8, i8, i8, i8, i8, i8, i8, i8, i8, i8, i8, i8, i8, i8, i8, i8, i8, i8, i8, i8, i8, i8, i8, i8, i8, i8, i8, i8, i8, i8, i8, i8, i8 } %mrv_109, i8 %kernel_window_71_V_read_1, 21" [firmware/nnet_utils/nnet_conv_stream.h:248]   --->   Operation 114 'insertvalue' 'mrv_110' <Predicate = true> <Delay = 0.00>
ST_1 : Operation 115 [1/1] (0.00ns)   --->   "%mrv_111 = insertvalue { i8, i8, i8, i8, i8, i8, i8, i8, i8, i8, i8, i8, i8, i8, i8, i8, i8, i8, i8, i8, i8, i8, i8, i8, i8, i8, i8, i8, i8, i8, i8, i8, i8, i8, i8, i8, i8, i8, i8, i8, i8, i8, i8, i8, i8, i8, i8, i8, i8, i8, i8, i8, i8, i8, i8, i8, i8, i8, i8, i8, i8, i8, i8, i8, i8, i8, i8, i8, i8, i8, i8, i8, i8, i8, i8, i8, i8, i8, i8, i8, i8, i8, i8, i8, i8, i8, i8, i8, i8, i8 } %mrv_110, i8 %kernel_window_72_V_read_1, 22" [firmware/nnet_utils/nnet_conv_stream.h:248]   --->   Operation 115 'insertvalue' 'mrv_111' <Predicate = true> <Delay = 0.00>
ST_1 : Operation 116 [1/1] (0.00ns)   --->   "%mrv_112 = insertvalue { i8, i8, i8, i8, i8, i8, i8, i8, i8, i8, i8, i8, i8, i8, i8, i8, i8, i8, i8, i8, i8, i8, i8, i8, i8, i8, i8, i8, i8, i8, i8, i8, i8, i8, i8, i8, i8, i8, i8, i8, i8, i8, i8, i8, i8, i8, i8, i8, i8, i8, i8, i8, i8, i8, i8, i8, i8, i8, i8, i8, i8, i8, i8, i8, i8, i8, i8, i8, i8, i8, i8, i8, i8, i8, i8, i8, i8, i8, i8, i8, i8, i8, i8, i8, i8, i8, i8, i8, i8, i8 } %mrv_111, i8 %kernel_window_73_V_read_1, 23" [firmware/nnet_utils/nnet_conv_stream.h:248]   --->   Operation 116 'insertvalue' 'mrv_112' <Predicate = true> <Delay = 0.00>
ST_1 : Operation 117 [1/1] (0.00ns)   --->   "%mrv_113 = insertvalue { i8, i8, i8, i8, i8, i8, i8, i8, i8, i8, i8, i8, i8, i8, i8, i8, i8, i8, i8, i8, i8, i8, i8, i8, i8, i8, i8, i8, i8, i8, i8, i8, i8, i8, i8, i8, i8, i8, i8, i8, i8, i8, i8, i8, i8, i8, i8, i8, i8, i8, i8, i8, i8, i8, i8, i8, i8, i8, i8, i8, i8, i8, i8, i8, i8, i8, i8, i8, i8, i8, i8, i8, i8, i8, i8, i8, i8, i8, i8, i8, i8, i8, i8, i8, i8, i8, i8, i8, i8, i8 } %mrv_112, i8 %kernel_window_74_V_read_1, 24" [firmware/nnet_utils/nnet_conv_stream.h:248]   --->   Operation 117 'insertvalue' 'mrv_113' <Predicate = true> <Delay = 0.00>
ST_1 : Operation 118 [1/1] (0.00ns)   --->   "%mrv_114 = insertvalue { i8, i8, i8, i8, i8, i8, i8, i8, i8, i8, i8, i8, i8, i8, i8, i8, i8, i8, i8, i8, i8, i8, i8, i8, i8, i8, i8, i8, i8, i8, i8, i8, i8, i8, i8, i8, i8, i8, i8, i8, i8, i8, i8, i8, i8, i8, i8, i8, i8, i8, i8, i8, i8, i8, i8, i8, i8, i8, i8, i8, i8, i8, i8, i8, i8, i8, i8, i8, i8, i8, i8, i8, i8, i8, i8, i8, i8, i8, i8, i8, i8, i8, i8, i8, i8, i8, i8, i8, i8, i8 } %mrv_113, i8 %kernel_window_75_V_read_1, 25" [firmware/nnet_utils/nnet_conv_stream.h:248]   --->   Operation 118 'insertvalue' 'mrv_114' <Predicate = true> <Delay = 0.00>
ST_1 : Operation 119 [1/1] (0.00ns)   --->   "%mrv_115 = insertvalue { i8, i8, i8, i8, i8, i8, i8, i8, i8, i8, i8, i8, i8, i8, i8, i8, i8, i8, i8, i8, i8, i8, i8, i8, i8, i8, i8, i8, i8, i8, i8, i8, i8, i8, i8, i8, i8, i8, i8, i8, i8, i8, i8, i8, i8, i8, i8, i8, i8, i8, i8, i8, i8, i8, i8, i8, i8, i8, i8, i8, i8, i8, i8, i8, i8, i8, i8, i8, i8, i8, i8, i8, i8, i8, i8, i8, i8, i8, i8, i8, i8, i8, i8, i8, i8, i8, i8, i8, i8, i8 } %mrv_114, i8 %kernel_window_76_V_read_1, 26" [firmware/nnet_utils/nnet_conv_stream.h:248]   --->   Operation 119 'insertvalue' 'mrv_115' <Predicate = true> <Delay = 0.00>
ST_1 : Operation 120 [1/1] (0.00ns)   --->   "%mrv_116 = insertvalue { i8, i8, i8, i8, i8, i8, i8, i8, i8, i8, i8, i8, i8, i8, i8, i8, i8, i8, i8, i8, i8, i8, i8, i8, i8, i8, i8, i8, i8, i8, i8, i8, i8, i8, i8, i8, i8, i8, i8, i8, i8, i8, i8, i8, i8, i8, i8, i8, i8, i8, i8, i8, i8, i8, i8, i8, i8, i8, i8, i8, i8, i8, i8, i8, i8, i8, i8, i8, i8, i8, i8, i8, i8, i8, i8, i8, i8, i8, i8, i8, i8, i8, i8, i8, i8, i8, i8, i8, i8, i8 } %mrv_115, i8 %kernel_window_77_V_read_1, 27" [firmware/nnet_utils/nnet_conv_stream.h:248]   --->   Operation 120 'insertvalue' 'mrv_116' <Predicate = true> <Delay = 0.00>
ST_1 : Operation 121 [1/1] (0.00ns)   --->   "%mrv_117 = insertvalue { i8, i8, i8, i8, i8, i8, i8, i8, i8, i8, i8, i8, i8, i8, i8, i8, i8, i8, i8, i8, i8, i8, i8, i8, i8, i8, i8, i8, i8, i8, i8, i8, i8, i8, i8, i8, i8, i8, i8, i8, i8, i8, i8, i8, i8, i8, i8, i8, i8, i8, i8, i8, i8, i8, i8, i8, i8, i8, i8, i8, i8, i8, i8, i8, i8, i8, i8, i8, i8, i8, i8, i8, i8, i8, i8, i8, i8, i8, i8, i8, i8, i8, i8, i8, i8, i8, i8, i8, i8, i8 } %mrv_116, i8 %kernel_window_78_V_read_1, 28" [firmware/nnet_utils/nnet_conv_stream.h:248]   --->   Operation 121 'insertvalue' 'mrv_117' <Predicate = true> <Delay = 0.00>
ST_1 : Operation 122 [1/1] (0.00ns)   --->   "%mrv_118 = insertvalue { i8, i8, i8, i8, i8, i8, i8, i8, i8, i8, i8, i8, i8, i8, i8, i8, i8, i8, i8, i8, i8, i8, i8, i8, i8, i8, i8, i8, i8, i8, i8, i8, i8, i8, i8, i8, i8, i8, i8, i8, i8, i8, i8, i8, i8, i8, i8, i8, i8, i8, i8, i8, i8, i8, i8, i8, i8, i8, i8, i8, i8, i8, i8, i8, i8, i8, i8, i8, i8, i8, i8, i8, i8, i8, i8, i8, i8, i8, i8, i8, i8, i8, i8, i8, i8, i8, i8, i8, i8, i8 } %mrv_117, i8 %kernel_window_79_V_read_1, 29" [firmware/nnet_utils/nnet_conv_stream.h:248]   --->   Operation 122 'insertvalue' 'mrv_118' <Predicate = true> <Delay = 0.00>
ST_1 : Operation 123 [1/1] (0.00ns)   --->   "%mrv_30 = insertvalue { i8, i8, i8, i8, i8, i8, i8, i8, i8, i8, i8, i8, i8, i8, i8, i8, i8, i8, i8, i8, i8, i8, i8, i8, i8, i8, i8, i8, i8, i8, i8, i8, i8, i8, i8, i8, i8, i8, i8, i8, i8, i8, i8, i8, i8, i8, i8, i8, i8, i8, i8, i8, i8, i8, i8, i8, i8, i8, i8, i8, i8, i8, i8, i8, i8, i8, i8, i8, i8, i8, i8, i8, i8, i8, i8, i8, i8, i8, i8, i8, i8, i8, i8, i8, i8, i8, i8, i8, i8, i8 } %mrv_118, i8 %kernel_window_20_V_read_2, 30" [firmware/nnet_utils/nnet_conv_stream.h:248]   --->   Operation 123 'insertvalue' 'mrv_30' <Predicate = true> <Delay = 0.00>
ST_1 : Operation 124 [1/1] (0.00ns)   --->   "%mrv_31 = insertvalue { i8, i8, i8, i8, i8, i8, i8, i8, i8, i8, i8, i8, i8, i8, i8, i8, i8, i8, i8, i8, i8, i8, i8, i8, i8, i8, i8, i8, i8, i8, i8, i8, i8, i8, i8, i8, i8, i8, i8, i8, i8, i8, i8, i8, i8, i8, i8, i8, i8, i8, i8, i8, i8, i8, i8, i8, i8, i8, i8, i8, i8, i8, i8, i8, i8, i8, i8, i8, i8, i8, i8, i8, i8, i8, i8, i8, i8, i8, i8, i8, i8, i8, i8, i8, i8, i8, i8, i8, i8, i8 } %mrv_30, i8 %kernel_window_21_V_read_3, 31" [firmware/nnet_utils/nnet_conv_stream.h:248]   --->   Operation 124 'insertvalue' 'mrv_31' <Predicate = true> <Delay = 0.00>
ST_1 : Operation 125 [1/1] (0.00ns)   --->   "%mrv_32 = insertvalue { i8, i8, i8, i8, i8, i8, i8, i8, i8, i8, i8, i8, i8, i8, i8, i8, i8, i8, i8, i8, i8, i8, i8, i8, i8, i8, i8, i8, i8, i8, i8, i8, i8, i8, i8, i8, i8, i8, i8, i8, i8, i8, i8, i8, i8, i8, i8, i8, i8, i8, i8, i8, i8, i8, i8, i8, i8, i8, i8, i8, i8, i8, i8, i8, i8, i8, i8, i8, i8, i8, i8, i8, i8, i8, i8, i8, i8, i8, i8, i8, i8, i8, i8, i8, i8, i8, i8, i8, i8, i8 } %mrv_31, i8 %kernel_window_22_V_read_2, 32" [firmware/nnet_utils/nnet_conv_stream.h:248]   --->   Operation 125 'insertvalue' 'mrv_32' <Predicate = true> <Delay = 0.00>
ST_1 : Operation 126 [1/1] (0.00ns)   --->   "%mrv_33 = insertvalue { i8, i8, i8, i8, i8, i8, i8, i8, i8, i8, i8, i8, i8, i8, i8, i8, i8, i8, i8, i8, i8, i8, i8, i8, i8, i8, i8, i8, i8, i8, i8, i8, i8, i8, i8, i8, i8, i8, i8, i8, i8, i8, i8, i8, i8, i8, i8, i8, i8, i8, i8, i8, i8, i8, i8, i8, i8, i8, i8, i8, i8, i8, i8, i8, i8, i8, i8, i8, i8, i8, i8, i8, i8, i8, i8, i8, i8, i8, i8, i8, i8, i8, i8, i8, i8, i8, i8, i8, i8, i8 } %mrv_32, i8 %kernel_window_23_V_read_3, 33" [firmware/nnet_utils/nnet_conv_stream.h:248]   --->   Operation 126 'insertvalue' 'mrv_33' <Predicate = true> <Delay = 0.00>
ST_1 : Operation 127 [1/1] (0.00ns)   --->   "%mrv_34 = insertvalue { i8, i8, i8, i8, i8, i8, i8, i8, i8, i8, i8, i8, i8, i8, i8, i8, i8, i8, i8, i8, i8, i8, i8, i8, i8, i8, i8, i8, i8, i8, i8, i8, i8, i8, i8, i8, i8, i8, i8, i8, i8, i8, i8, i8, i8, i8, i8, i8, i8, i8, i8, i8, i8, i8, i8, i8, i8, i8, i8, i8, i8, i8, i8, i8, i8, i8, i8, i8, i8, i8, i8, i8, i8, i8, i8, i8, i8, i8, i8, i8, i8, i8, i8, i8, i8, i8, i8, i8, i8, i8 } %mrv_33, i8 %kernel_window_24_V_read_3, 34" [firmware/nnet_utils/nnet_conv_stream.h:248]   --->   Operation 127 'insertvalue' 'mrv_34' <Predicate = true> <Delay = 0.00>
ST_1 : Operation 128 [1/1] (0.00ns)   --->   "%mrv_35 = insertvalue { i8, i8, i8, i8, i8, i8, i8, i8, i8, i8, i8, i8, i8, i8, i8, i8, i8, i8, i8, i8, i8, i8, i8, i8, i8, i8, i8, i8, i8, i8, i8, i8, i8, i8, i8, i8, i8, i8, i8, i8, i8, i8, i8, i8, i8, i8, i8, i8, i8, i8, i8, i8, i8, i8, i8, i8, i8, i8, i8, i8, i8, i8, i8, i8, i8, i8, i8, i8, i8, i8, i8, i8, i8, i8, i8, i8, i8, i8, i8, i8, i8, i8, i8, i8, i8, i8, i8, i8, i8, i8 } %mrv_34, i8 %kernel_window_25_V_read_3, 35" [firmware/nnet_utils/nnet_conv_stream.h:248]   --->   Operation 128 'insertvalue' 'mrv_35' <Predicate = true> <Delay = 0.00>
ST_1 : Operation 129 [1/1] (0.00ns)   --->   "%mrv_36 = insertvalue { i8, i8, i8, i8, i8, i8, i8, i8, i8, i8, i8, i8, i8, i8, i8, i8, i8, i8, i8, i8, i8, i8, i8, i8, i8, i8, i8, i8, i8, i8, i8, i8, i8, i8, i8, i8, i8, i8, i8, i8, i8, i8, i8, i8, i8, i8, i8, i8, i8, i8, i8, i8, i8, i8, i8, i8, i8, i8, i8, i8, i8, i8, i8, i8, i8, i8, i8, i8, i8, i8, i8, i8, i8, i8, i8, i8, i8, i8, i8, i8, i8, i8, i8, i8, i8, i8, i8, i8, i8, i8 } %mrv_35, i8 %kernel_window_26_V_read_3, 36" [firmware/nnet_utils/nnet_conv_stream.h:248]   --->   Operation 129 'insertvalue' 'mrv_36' <Predicate = true> <Delay = 0.00>
ST_1 : Operation 130 [1/1] (0.00ns)   --->   "%mrv_37 = insertvalue { i8, i8, i8, i8, i8, i8, i8, i8, i8, i8, i8, i8, i8, i8, i8, i8, i8, i8, i8, i8, i8, i8, i8, i8, i8, i8, i8, i8, i8, i8, i8, i8, i8, i8, i8, i8, i8, i8, i8, i8, i8, i8, i8, i8, i8, i8, i8, i8, i8, i8, i8, i8, i8, i8, i8, i8, i8, i8, i8, i8, i8, i8, i8, i8, i8, i8, i8, i8, i8, i8, i8, i8, i8, i8, i8, i8, i8, i8, i8, i8, i8, i8, i8, i8, i8, i8, i8, i8, i8, i8 } %mrv_36, i8 %kernel_window_27_V_read_2, 37" [firmware/nnet_utils/nnet_conv_stream.h:248]   --->   Operation 130 'insertvalue' 'mrv_37' <Predicate = true> <Delay = 0.00>
ST_1 : Operation 131 [1/1] (0.00ns)   --->   "%mrv_38 = insertvalue { i8, i8, i8, i8, i8, i8, i8, i8, i8, i8, i8, i8, i8, i8, i8, i8, i8, i8, i8, i8, i8, i8, i8, i8, i8, i8, i8, i8, i8, i8, i8, i8, i8, i8, i8, i8, i8, i8, i8, i8, i8, i8, i8, i8, i8, i8, i8, i8, i8, i8, i8, i8, i8, i8, i8, i8, i8, i8, i8, i8, i8, i8, i8, i8, i8, i8, i8, i8, i8, i8, i8, i8, i8, i8, i8, i8, i8, i8, i8, i8, i8, i8, i8, i8, i8, i8, i8, i8, i8, i8 } %mrv_37, i8 %kernel_window_28_V_read_2, 38" [firmware/nnet_utils/nnet_conv_stream.h:248]   --->   Operation 131 'insertvalue' 'mrv_38' <Predicate = true> <Delay = 0.00>
ST_1 : Operation 132 [1/1] (0.00ns)   --->   "%mrv_39 = insertvalue { i8, i8, i8, i8, i8, i8, i8, i8, i8, i8, i8, i8, i8, i8, i8, i8, i8, i8, i8, i8, i8, i8, i8, i8, i8, i8, i8, i8, i8, i8, i8, i8, i8, i8, i8, i8, i8, i8, i8, i8, i8, i8, i8, i8, i8, i8, i8, i8, i8, i8, i8, i8, i8, i8, i8, i8, i8, i8, i8, i8, i8, i8, i8, i8, i8, i8, i8, i8, i8, i8, i8, i8, i8, i8, i8, i8, i8, i8, i8, i8, i8, i8, i8, i8, i8, i8, i8, i8, i8, i8 } %mrv_38, i8 %kernel_window_29_V_read_2, 39" [firmware/nnet_utils/nnet_conv_stream.h:248]   --->   Operation 132 'insertvalue' 'mrv_39' <Predicate = true> <Delay = 0.00>
ST_1 : Operation 133 [1/1] (0.00ns)   --->   "%mrv_40 = insertvalue { i8, i8, i8, i8, i8, i8, i8, i8, i8, i8, i8, i8, i8, i8, i8, i8, i8, i8, i8, i8, i8, i8, i8, i8, i8, i8, i8, i8, i8, i8, i8, i8, i8, i8, i8, i8, i8, i8, i8, i8, i8, i8, i8, i8, i8, i8, i8, i8, i8, i8, i8, i8, i8, i8, i8, i8, i8, i8, i8, i8, i8, i8, i8, i8, i8, i8, i8, i8, i8, i8, i8, i8, i8, i8, i8, i8, i8, i8, i8, i8, i8, i8, i8, i8, i8, i8, i8, i8, i8, i8 } %mrv_39, i8 %DataOut_V_54, 40" [firmware/nnet_utils/nnet_conv_stream.h:248]   --->   Operation 133 'insertvalue' 'mrv_40' <Predicate = true> <Delay = 0.00>
ST_1 : Operation 134 [1/1] (0.00ns)   --->   "%mrv_41 = insertvalue { i8, i8, i8, i8, i8, i8, i8, i8, i8, i8, i8, i8, i8, i8, i8, i8, i8, i8, i8, i8, i8, i8, i8, i8, i8, i8, i8, i8, i8, i8, i8, i8, i8, i8, i8, i8, i8, i8, i8, i8, i8, i8, i8, i8, i8, i8, i8, i8, i8, i8, i8, i8, i8, i8, i8, i8, i8, i8, i8, i8, i8, i8, i8, i8, i8, i8, i8, i8, i8, i8, i8, i8, i8, i8, i8, i8, i8, i8, i8, i8, i8, i8, i8, i8, i8, i8, i8, i8, i8, i8 } %mrv_40, i8 %DataOut_V_56, 41" [firmware/nnet_utils/nnet_conv_stream.h:248]   --->   Operation 134 'insertvalue' 'mrv_41' <Predicate = true> <Delay = 0.00>
ST_1 : Operation 135 [1/1] (0.00ns)   --->   "%mrv_42 = insertvalue { i8, i8, i8, i8, i8, i8, i8, i8, i8, i8, i8, i8, i8, i8, i8, i8, i8, i8, i8, i8, i8, i8, i8, i8, i8, i8, i8, i8, i8, i8, i8, i8, i8, i8, i8, i8, i8, i8, i8, i8, i8, i8, i8, i8, i8, i8, i8, i8, i8, i8, i8, i8, i8, i8, i8, i8, i8, i8, i8, i8, i8, i8, i8, i8, i8, i8, i8, i8, i8, i8, i8, i8, i8, i8, i8, i8, i8, i8, i8, i8, i8, i8, i8, i8, i8, i8, i8, i8, i8, i8 } %mrv_41, i8 %DataOut_V_58, 42" [firmware/nnet_utils/nnet_conv_stream.h:248]   --->   Operation 135 'insertvalue' 'mrv_42' <Predicate = true> <Delay = 0.00>
ST_1 : Operation 136 [1/1] (0.00ns)   --->   "%mrv_43 = insertvalue { i8, i8, i8, i8, i8, i8, i8, i8, i8, i8, i8, i8, i8, i8, i8, i8, i8, i8, i8, i8, i8, i8, i8, i8, i8, i8, i8, i8, i8, i8, i8, i8, i8, i8, i8, i8, i8, i8, i8, i8, i8, i8, i8, i8, i8, i8, i8, i8, i8, i8, i8, i8, i8, i8, i8, i8, i8, i8, i8, i8, i8, i8, i8, i8, i8, i8, i8, i8, i8, i8, i8, i8, i8, i8, i8, i8, i8, i8, i8, i8, i8, i8, i8, i8, i8, i8, i8, i8, i8, i8 } %mrv_42, i8 %DataOut_V_60, 43" [firmware/nnet_utils/nnet_conv_stream.h:248]   --->   Operation 136 'insertvalue' 'mrv_43' <Predicate = true> <Delay = 0.00>
ST_1 : Operation 137 [1/1] (0.00ns)   --->   "%mrv_44 = insertvalue { i8, i8, i8, i8, i8, i8, i8, i8, i8, i8, i8, i8, i8, i8, i8, i8, i8, i8, i8, i8, i8, i8, i8, i8, i8, i8, i8, i8, i8, i8, i8, i8, i8, i8, i8, i8, i8, i8, i8, i8, i8, i8, i8, i8, i8, i8, i8, i8, i8, i8, i8, i8, i8, i8, i8, i8, i8, i8, i8, i8, i8, i8, i8, i8, i8, i8, i8, i8, i8, i8, i8, i8, i8, i8, i8, i8, i8, i8, i8, i8, i8, i8, i8, i8, i8, i8, i8, i8, i8, i8 } %mrv_43, i8 %DataOut_V_62, 44" [firmware/nnet_utils/nnet_conv_stream.h:248]   --->   Operation 137 'insertvalue' 'mrv_44' <Predicate = true> <Delay = 0.00>
ST_1 : Operation 138 [1/1] (0.00ns)   --->   "%mrv_45 = insertvalue { i8, i8, i8, i8, i8, i8, i8, i8, i8, i8, i8, i8, i8, i8, i8, i8, i8, i8, i8, i8, i8, i8, i8, i8, i8, i8, i8, i8, i8, i8, i8, i8, i8, i8, i8, i8, i8, i8, i8, i8, i8, i8, i8, i8, i8, i8, i8, i8, i8, i8, i8, i8, i8, i8, i8, i8, i8, i8, i8, i8, i8, i8, i8, i8, i8, i8, i8, i8, i8, i8, i8, i8, i8, i8, i8, i8, i8, i8, i8, i8, i8, i8, i8, i8, i8, i8, i8, i8, i8, i8 } %mrv_44, i8 %DataOut_V_64, 45" [firmware/nnet_utils/nnet_conv_stream.h:248]   --->   Operation 138 'insertvalue' 'mrv_45' <Predicate = true> <Delay = 0.00>
ST_1 : Operation 139 [1/1] (0.00ns)   --->   "%mrv_46 = insertvalue { i8, i8, i8, i8, i8, i8, i8, i8, i8, i8, i8, i8, i8, i8, i8, i8, i8, i8, i8, i8, i8, i8, i8, i8, i8, i8, i8, i8, i8, i8, i8, i8, i8, i8, i8, i8, i8, i8, i8, i8, i8, i8, i8, i8, i8, i8, i8, i8, i8, i8, i8, i8, i8, i8, i8, i8, i8, i8, i8, i8, i8, i8, i8, i8, i8, i8, i8, i8, i8, i8, i8, i8, i8, i8, i8, i8, i8, i8, i8, i8, i8, i8, i8, i8, i8, i8, i8, i8, i8, i8 } %mrv_45, i8 %DataOut_V_66, 46" [firmware/nnet_utils/nnet_conv_stream.h:248]   --->   Operation 139 'insertvalue' 'mrv_46' <Predicate = true> <Delay = 0.00>
ST_1 : Operation 140 [1/1] (0.00ns)   --->   "%mrv_47 = insertvalue { i8, i8, i8, i8, i8, i8, i8, i8, i8, i8, i8, i8, i8, i8, i8, i8, i8, i8, i8, i8, i8, i8, i8, i8, i8, i8, i8, i8, i8, i8, i8, i8, i8, i8, i8, i8, i8, i8, i8, i8, i8, i8, i8, i8, i8, i8, i8, i8, i8, i8, i8, i8, i8, i8, i8, i8, i8, i8, i8, i8, i8, i8, i8, i8, i8, i8, i8, i8, i8, i8, i8, i8, i8, i8, i8, i8, i8, i8, i8, i8, i8, i8, i8, i8, i8, i8, i8, i8, i8, i8 } %mrv_46, i8 %DataOut_V_68, 47" [firmware/nnet_utils/nnet_conv_stream.h:248]   --->   Operation 140 'insertvalue' 'mrv_47' <Predicate = true> <Delay = 0.00>
ST_1 : Operation 141 [1/1] (0.00ns)   --->   "%mrv_48 = insertvalue { i8, i8, i8, i8, i8, i8, i8, i8, i8, i8, i8, i8, i8, i8, i8, i8, i8, i8, i8, i8, i8, i8, i8, i8, i8, i8, i8, i8, i8, i8, i8, i8, i8, i8, i8, i8, i8, i8, i8, i8, i8, i8, i8, i8, i8, i8, i8, i8, i8, i8, i8, i8, i8, i8, i8, i8, i8, i8, i8, i8, i8, i8, i8, i8, i8, i8, i8, i8, i8, i8, i8, i8, i8, i8, i8, i8, i8, i8, i8, i8, i8, i8, i8, i8, i8, i8, i8, i8, i8, i8 } %mrv_47, i8 %DataOut_V_70, 48" [firmware/nnet_utils/nnet_conv_stream.h:248]   --->   Operation 141 'insertvalue' 'mrv_48' <Predicate = true> <Delay = 0.00>
ST_1 : Operation 142 [1/1] (0.00ns)   --->   "%mrv_49 = insertvalue { i8, i8, i8, i8, i8, i8, i8, i8, i8, i8, i8, i8, i8, i8, i8, i8, i8, i8, i8, i8, i8, i8, i8, i8, i8, i8, i8, i8, i8, i8, i8, i8, i8, i8, i8, i8, i8, i8, i8, i8, i8, i8, i8, i8, i8, i8, i8, i8, i8, i8, i8, i8, i8, i8, i8, i8, i8, i8, i8, i8, i8, i8, i8, i8, i8, i8, i8, i8, i8, i8, i8, i8, i8, i8, i8, i8, i8, i8, i8, i8, i8, i8, i8, i8, i8, i8, i8, i8, i8, i8 } %mrv_48, i8 %DataOut_V, 49" [firmware/nnet_utils/nnet_conv_stream.h:248]   --->   Operation 142 'insertvalue' 'mrv_49' <Predicate = true> <Delay = 0.00>
ST_1 : Operation 143 [1/1] (0.00ns)   --->   "%mrv_50 = insertvalue { i8, i8, i8, i8, i8, i8, i8, i8, i8, i8, i8, i8, i8, i8, i8, i8, i8, i8, i8, i8, i8, i8, i8, i8, i8, i8, i8, i8, i8, i8, i8, i8, i8, i8, i8, i8, i8, i8, i8, i8, i8, i8, i8, i8, i8, i8, i8, i8, i8, i8, i8, i8, i8, i8, i8, i8, i8, i8, i8, i8, i8, i8, i8, i8, i8, i8, i8, i8, i8, i8, i8, i8, i8, i8, i8, i8, i8, i8, i8, i8, i8, i8, i8, i8, i8, i8, i8, i8, i8, i8 } %mrv_49, i8 %kernel_window_50_V_read_1, 50" [firmware/nnet_utils/nnet_conv_stream.h:248]   --->   Operation 143 'insertvalue' 'mrv_50' <Predicate = true> <Delay = 0.00>
ST_1 : Operation 144 [1/1] (0.00ns)   --->   "%mrv_51 = insertvalue { i8, i8, i8, i8, i8, i8, i8, i8, i8, i8, i8, i8, i8, i8, i8, i8, i8, i8, i8, i8, i8, i8, i8, i8, i8, i8, i8, i8, i8, i8, i8, i8, i8, i8, i8, i8, i8, i8, i8, i8, i8, i8, i8, i8, i8, i8, i8, i8, i8, i8, i8, i8, i8, i8, i8, i8, i8, i8, i8, i8, i8, i8, i8, i8, i8, i8, i8, i8, i8, i8, i8, i8, i8, i8, i8, i8, i8, i8, i8, i8, i8, i8, i8, i8, i8, i8, i8, i8, i8, i8 } %mrv_50, i8 %kernel_window_51_V_read_1, 51" [firmware/nnet_utils/nnet_conv_stream.h:248]   --->   Operation 144 'insertvalue' 'mrv_51' <Predicate = true> <Delay = 0.00>
ST_1 : Operation 145 [1/1] (0.00ns)   --->   "%mrv_52 = insertvalue { i8, i8, i8, i8, i8, i8, i8, i8, i8, i8, i8, i8, i8, i8, i8, i8, i8, i8, i8, i8, i8, i8, i8, i8, i8, i8, i8, i8, i8, i8, i8, i8, i8, i8, i8, i8, i8, i8, i8, i8, i8, i8, i8, i8, i8, i8, i8, i8, i8, i8, i8, i8, i8, i8, i8, i8, i8, i8, i8, i8, i8, i8, i8, i8, i8, i8, i8, i8, i8, i8, i8, i8, i8, i8, i8, i8, i8, i8, i8, i8, i8, i8, i8, i8, i8, i8, i8, i8, i8, i8 } %mrv_51, i8 %kernel_window_52_V_read_1, 52" [firmware/nnet_utils/nnet_conv_stream.h:248]   --->   Operation 145 'insertvalue' 'mrv_52' <Predicate = true> <Delay = 0.00>
ST_1 : Operation 146 [1/1] (0.00ns)   --->   "%mrv_53 = insertvalue { i8, i8, i8, i8, i8, i8, i8, i8, i8, i8, i8, i8, i8, i8, i8, i8, i8, i8, i8, i8, i8, i8, i8, i8, i8, i8, i8, i8, i8, i8, i8, i8, i8, i8, i8, i8, i8, i8, i8, i8, i8, i8, i8, i8, i8, i8, i8, i8, i8, i8, i8, i8, i8, i8, i8, i8, i8, i8, i8, i8, i8, i8, i8, i8, i8, i8, i8, i8, i8, i8, i8, i8, i8, i8, i8, i8, i8, i8, i8, i8, i8, i8, i8, i8, i8, i8, i8, i8, i8, i8 } %mrv_52, i8 %kernel_window_53_V_read_1, 53" [firmware/nnet_utils/nnet_conv_stream.h:248]   --->   Operation 146 'insertvalue' 'mrv_53' <Predicate = true> <Delay = 0.00>
ST_1 : Operation 147 [1/1] (0.00ns)   --->   "%mrv_54 = insertvalue { i8, i8, i8, i8, i8, i8, i8, i8, i8, i8, i8, i8, i8, i8, i8, i8, i8, i8, i8, i8, i8, i8, i8, i8, i8, i8, i8, i8, i8, i8, i8, i8, i8, i8, i8, i8, i8, i8, i8, i8, i8, i8, i8, i8, i8, i8, i8, i8, i8, i8, i8, i8, i8, i8, i8, i8, i8, i8, i8, i8, i8, i8, i8, i8, i8, i8, i8, i8, i8, i8, i8, i8, i8, i8, i8, i8, i8, i8, i8, i8, i8, i8, i8, i8, i8, i8, i8, i8, i8, i8 } %mrv_53, i8 %kernel_window_54_V_read_1, 54" [firmware/nnet_utils/nnet_conv_stream.h:248]   --->   Operation 147 'insertvalue' 'mrv_54' <Predicate = true> <Delay = 0.00>
ST_1 : Operation 148 [1/1] (0.00ns)   --->   "%mrv_55 = insertvalue { i8, i8, i8, i8, i8, i8, i8, i8, i8, i8, i8, i8, i8, i8, i8, i8, i8, i8, i8, i8, i8, i8, i8, i8, i8, i8, i8, i8, i8, i8, i8, i8, i8, i8, i8, i8, i8, i8, i8, i8, i8, i8, i8, i8, i8, i8, i8, i8, i8, i8, i8, i8, i8, i8, i8, i8, i8, i8, i8, i8, i8, i8, i8, i8, i8, i8, i8, i8, i8, i8, i8, i8, i8, i8, i8, i8, i8, i8, i8, i8, i8, i8, i8, i8, i8, i8, i8, i8, i8, i8 } %mrv_54, i8 %kernel_window_55_V_read_1, 55" [firmware/nnet_utils/nnet_conv_stream.h:248]   --->   Operation 148 'insertvalue' 'mrv_55' <Predicate = true> <Delay = 0.00>
ST_1 : Operation 149 [1/1] (0.00ns)   --->   "%mrv_56 = insertvalue { i8, i8, i8, i8, i8, i8, i8, i8, i8, i8, i8, i8, i8, i8, i8, i8, i8, i8, i8, i8, i8, i8, i8, i8, i8, i8, i8, i8, i8, i8, i8, i8, i8, i8, i8, i8, i8, i8, i8, i8, i8, i8, i8, i8, i8, i8, i8, i8, i8, i8, i8, i8, i8, i8, i8, i8, i8, i8, i8, i8, i8, i8, i8, i8, i8, i8, i8, i8, i8, i8, i8, i8, i8, i8, i8, i8, i8, i8, i8, i8, i8, i8, i8, i8, i8, i8, i8, i8, i8, i8 } %mrv_55, i8 %kernel_window_56_V_read_1, 56" [firmware/nnet_utils/nnet_conv_stream.h:248]   --->   Operation 149 'insertvalue' 'mrv_56' <Predicate = true> <Delay = 0.00>
ST_1 : Operation 150 [1/1] (0.00ns)   --->   "%mrv_57 = insertvalue { i8, i8, i8, i8, i8, i8, i8, i8, i8, i8, i8, i8, i8, i8, i8, i8, i8, i8, i8, i8, i8, i8, i8, i8, i8, i8, i8, i8, i8, i8, i8, i8, i8, i8, i8, i8, i8, i8, i8, i8, i8, i8, i8, i8, i8, i8, i8, i8, i8, i8, i8, i8, i8, i8, i8, i8, i8, i8, i8, i8, i8, i8, i8, i8, i8, i8, i8, i8, i8, i8, i8, i8, i8, i8, i8, i8, i8, i8, i8, i8, i8, i8, i8, i8, i8, i8, i8, i8, i8, i8 } %mrv_56, i8 %kernel_window_57_V_read_1, 57" [firmware/nnet_utils/nnet_conv_stream.h:248]   --->   Operation 150 'insertvalue' 'mrv_57' <Predicate = true> <Delay = 0.00>
ST_1 : Operation 151 [1/1] (0.00ns)   --->   "%mrv_58 = insertvalue { i8, i8, i8, i8, i8, i8, i8, i8, i8, i8, i8, i8, i8, i8, i8, i8, i8, i8, i8, i8, i8, i8, i8, i8, i8, i8, i8, i8, i8, i8, i8, i8, i8, i8, i8, i8, i8, i8, i8, i8, i8, i8, i8, i8, i8, i8, i8, i8, i8, i8, i8, i8, i8, i8, i8, i8, i8, i8, i8, i8, i8, i8, i8, i8, i8, i8, i8, i8, i8, i8, i8, i8, i8, i8, i8, i8, i8, i8, i8, i8, i8, i8, i8, i8, i8, i8, i8, i8, i8, i8 } %mrv_57, i8 %kernel_window_58_V_read_1, 58" [firmware/nnet_utils/nnet_conv_stream.h:248]   --->   Operation 151 'insertvalue' 'mrv_58' <Predicate = true> <Delay = 0.00>
ST_1 : Operation 152 [1/1] (0.00ns)   --->   "%mrv_59 = insertvalue { i8, i8, i8, i8, i8, i8, i8, i8, i8, i8, i8, i8, i8, i8, i8, i8, i8, i8, i8, i8, i8, i8, i8, i8, i8, i8, i8, i8, i8, i8, i8, i8, i8, i8, i8, i8, i8, i8, i8, i8, i8, i8, i8, i8, i8, i8, i8, i8, i8, i8, i8, i8, i8, i8, i8, i8, i8, i8, i8, i8, i8, i8, i8, i8, i8, i8, i8, i8, i8, i8, i8, i8, i8, i8, i8, i8, i8, i8, i8, i8, i8, i8, i8, i8, i8, i8, i8, i8, i8, i8 } %mrv_58, i8 %kernel_window_59_V_read_1, 59" [firmware/nnet_utils/nnet_conv_stream.h:248]   --->   Operation 152 'insertvalue' 'mrv_59' <Predicate = true> <Delay = 0.00>
ST_1 : Operation 153 [1/1] (0.00ns)   --->   "%mrv_60 = insertvalue { i8, i8, i8, i8, i8, i8, i8, i8, i8, i8, i8, i8, i8, i8, i8, i8, i8, i8, i8, i8, i8, i8, i8, i8, i8, i8, i8, i8, i8, i8, i8, i8, i8, i8, i8, i8, i8, i8, i8, i8, i8, i8, i8, i8, i8, i8, i8, i8, i8, i8, i8, i8, i8, i8, i8, i8, i8, i8, i8, i8, i8, i8, i8, i8, i8, i8, i8, i8, i8, i8, i8, i8, i8, i8, i8, i8, i8, i8, i8, i8, i8, i8, i8, i8, i8, i8, i8, i8, i8, i8 } %mrv_59, i8 %DataOut_V_53, 60" [firmware/nnet_utils/nnet_conv_stream.h:248]   --->   Operation 153 'insertvalue' 'mrv_60' <Predicate = true> <Delay = 0.00>
ST_1 : Operation 154 [1/1] (0.00ns)   --->   "%mrv_61 = insertvalue { i8, i8, i8, i8, i8, i8, i8, i8, i8, i8, i8, i8, i8, i8, i8, i8, i8, i8, i8, i8, i8, i8, i8, i8, i8, i8, i8, i8, i8, i8, i8, i8, i8, i8, i8, i8, i8, i8, i8, i8, i8, i8, i8, i8, i8, i8, i8, i8, i8, i8, i8, i8, i8, i8, i8, i8, i8, i8, i8, i8, i8, i8, i8, i8, i8, i8, i8, i8, i8, i8, i8, i8, i8, i8, i8, i8, i8, i8, i8, i8, i8, i8, i8, i8, i8, i8, i8, i8, i8, i8 } %mrv_60, i8 %DataOut_V_55, 61" [firmware/nnet_utils/nnet_conv_stream.h:248]   --->   Operation 154 'insertvalue' 'mrv_61' <Predicate = true> <Delay = 0.00>
ST_1 : Operation 155 [1/1] (0.00ns)   --->   "%mrv_62 = insertvalue { i8, i8, i8, i8, i8, i8, i8, i8, i8, i8, i8, i8, i8, i8, i8, i8, i8, i8, i8, i8, i8, i8, i8, i8, i8, i8, i8, i8, i8, i8, i8, i8, i8, i8, i8, i8, i8, i8, i8, i8, i8, i8, i8, i8, i8, i8, i8, i8, i8, i8, i8, i8, i8, i8, i8, i8, i8, i8, i8, i8, i8, i8, i8, i8, i8, i8, i8, i8, i8, i8, i8, i8, i8, i8, i8, i8, i8, i8, i8, i8, i8, i8, i8, i8, i8, i8, i8, i8, i8, i8 } %mrv_61, i8 %DataOut_V_57, 62" [firmware/nnet_utils/nnet_conv_stream.h:248]   --->   Operation 155 'insertvalue' 'mrv_62' <Predicate = true> <Delay = 0.00>
ST_1 : Operation 156 [1/1] (0.00ns)   --->   "%mrv_63 = insertvalue { i8, i8, i8, i8, i8, i8, i8, i8, i8, i8, i8, i8, i8, i8, i8, i8, i8, i8, i8, i8, i8, i8, i8, i8, i8, i8, i8, i8, i8, i8, i8, i8, i8, i8, i8, i8, i8, i8, i8, i8, i8, i8, i8, i8, i8, i8, i8, i8, i8, i8, i8, i8, i8, i8, i8, i8, i8, i8, i8, i8, i8, i8, i8, i8, i8, i8, i8, i8, i8, i8, i8, i8, i8, i8, i8, i8, i8, i8, i8, i8, i8, i8, i8, i8, i8, i8, i8, i8, i8, i8 } %mrv_62, i8 %DataOut_V_59, 63" [firmware/nnet_utils/nnet_conv_stream.h:248]   --->   Operation 156 'insertvalue' 'mrv_63' <Predicate = true> <Delay = 0.00>
ST_1 : Operation 157 [1/1] (0.00ns)   --->   "%mrv_64 = insertvalue { i8, i8, i8, i8, i8, i8, i8, i8, i8, i8, i8, i8, i8, i8, i8, i8, i8, i8, i8, i8, i8, i8, i8, i8, i8, i8, i8, i8, i8, i8, i8, i8, i8, i8, i8, i8, i8, i8, i8, i8, i8, i8, i8, i8, i8, i8, i8, i8, i8, i8, i8, i8, i8, i8, i8, i8, i8, i8, i8, i8, i8, i8, i8, i8, i8, i8, i8, i8, i8, i8, i8, i8, i8, i8, i8, i8, i8, i8, i8, i8, i8, i8, i8, i8, i8, i8, i8, i8, i8, i8 } %mrv_63, i8 %DataOut_V_61, 64" [firmware/nnet_utils/nnet_conv_stream.h:248]   --->   Operation 157 'insertvalue' 'mrv_64' <Predicate = true> <Delay = 0.00>
ST_1 : Operation 158 [1/1] (0.00ns)   --->   "%mrv_65 = insertvalue { i8, i8, i8, i8, i8, i8, i8, i8, i8, i8, i8, i8, i8, i8, i8, i8, i8, i8, i8, i8, i8, i8, i8, i8, i8, i8, i8, i8, i8, i8, i8, i8, i8, i8, i8, i8, i8, i8, i8, i8, i8, i8, i8, i8, i8, i8, i8, i8, i8, i8, i8, i8, i8, i8, i8, i8, i8, i8, i8, i8, i8, i8, i8, i8, i8, i8, i8, i8, i8, i8, i8, i8, i8, i8, i8, i8, i8, i8, i8, i8, i8, i8, i8, i8, i8, i8, i8, i8, i8, i8 } %mrv_64, i8 %DataOut_V_63, 65" [firmware/nnet_utils/nnet_conv_stream.h:248]   --->   Operation 158 'insertvalue' 'mrv_65' <Predicate = true> <Delay = 0.00>
ST_1 : Operation 159 [1/1] (0.00ns)   --->   "%mrv_66 = insertvalue { i8, i8, i8, i8, i8, i8, i8, i8, i8, i8, i8, i8, i8, i8, i8, i8, i8, i8, i8, i8, i8, i8, i8, i8, i8, i8, i8, i8, i8, i8, i8, i8, i8, i8, i8, i8, i8, i8, i8, i8, i8, i8, i8, i8, i8, i8, i8, i8, i8, i8, i8, i8, i8, i8, i8, i8, i8, i8, i8, i8, i8, i8, i8, i8, i8, i8, i8, i8, i8, i8, i8, i8, i8, i8, i8, i8, i8, i8, i8, i8, i8, i8, i8, i8, i8, i8, i8, i8, i8, i8 } %mrv_65, i8 %DataOut_V_65, 66" [firmware/nnet_utils/nnet_conv_stream.h:248]   --->   Operation 159 'insertvalue' 'mrv_66' <Predicate = true> <Delay = 0.00>
ST_1 : Operation 160 [1/1] (0.00ns)   --->   "%mrv_67 = insertvalue { i8, i8, i8, i8, i8, i8, i8, i8, i8, i8, i8, i8, i8, i8, i8, i8, i8, i8, i8, i8, i8, i8, i8, i8, i8, i8, i8, i8, i8, i8, i8, i8, i8, i8, i8, i8, i8, i8, i8, i8, i8, i8, i8, i8, i8, i8, i8, i8, i8, i8, i8, i8, i8, i8, i8, i8, i8, i8, i8, i8, i8, i8, i8, i8, i8, i8, i8, i8, i8, i8, i8, i8, i8, i8, i8, i8, i8, i8, i8, i8, i8, i8, i8, i8, i8, i8, i8, i8, i8, i8 } %mrv_66, i8 %DataOut_V_67, 67" [firmware/nnet_utils/nnet_conv_stream.h:248]   --->   Operation 160 'insertvalue' 'mrv_67' <Predicate = true> <Delay = 0.00>
ST_1 : Operation 161 [1/1] (0.00ns)   --->   "%mrv_68 = insertvalue { i8, i8, i8, i8, i8, i8, i8, i8, i8, i8, i8, i8, i8, i8, i8, i8, i8, i8, i8, i8, i8, i8, i8, i8, i8, i8, i8, i8, i8, i8, i8, i8, i8, i8, i8, i8, i8, i8, i8, i8, i8, i8, i8, i8, i8, i8, i8, i8, i8, i8, i8, i8, i8, i8, i8, i8, i8, i8, i8, i8, i8, i8, i8, i8, i8, i8, i8, i8, i8, i8, i8, i8, i8, i8, i8, i8, i8, i8, i8, i8, i8, i8, i8, i8, i8, i8, i8, i8, i8, i8 } %mrv_67, i8 %DataOut_V_69, 68" [firmware/nnet_utils/nnet_conv_stream.h:248]   --->   Operation 161 'insertvalue' 'mrv_68' <Predicate = true> <Delay = 0.00>
ST_1 : Operation 162 [1/1] (0.00ns)   --->   "%mrv_69 = insertvalue { i8, i8, i8, i8, i8, i8, i8, i8, i8, i8, i8, i8, i8, i8, i8, i8, i8, i8, i8, i8, i8, i8, i8, i8, i8, i8, i8, i8, i8, i8, i8, i8, i8, i8, i8, i8, i8, i8, i8, i8, i8, i8, i8, i8, i8, i8, i8, i8, i8, i8, i8, i8, i8, i8, i8, i8, i8, i8, i8, i8, i8, i8, i8, i8, i8, i8, i8, i8, i8, i8, i8, i8, i8, i8, i8, i8, i8, i8, i8, i8, i8, i8, i8, i8, i8, i8, i8, i8, i8, i8 } %mrv_68, i8 %DataOut_V_71, 69" [firmware/nnet_utils/nnet_conv_stream.h:248]   --->   Operation 162 'insertvalue' 'mrv_69' <Predicate = true> <Delay = 0.00>
ST_1 : Operation 163 [1/1] (0.00ns)   --->   "%mrv_70 = insertvalue { i8, i8, i8, i8, i8, i8, i8, i8, i8, i8, i8, i8, i8, i8, i8, i8, i8, i8, i8, i8, i8, i8, i8, i8, i8, i8, i8, i8, i8, i8, i8, i8, i8, i8, i8, i8, i8, i8, i8, i8, i8, i8, i8, i8, i8, i8, i8, i8, i8, i8, i8, i8, i8, i8, i8, i8, i8, i8, i8, i8, i8, i8, i8, i8, i8, i8, i8, i8, i8, i8, i8, i8, i8, i8, i8, i8, i8, i8, i8, i8, i8, i8, i8, i8, i8, i8, i8, i8, i8, i8 } %mrv_69, i8 %kernel_window_80_V_read_1, 70" [firmware/nnet_utils/nnet_conv_stream.h:248]   --->   Operation 163 'insertvalue' 'mrv_70' <Predicate = true> <Delay = 0.00>
ST_1 : Operation 164 [1/1] (0.00ns)   --->   "%mrv_71 = insertvalue { i8, i8, i8, i8, i8, i8, i8, i8, i8, i8, i8, i8, i8, i8, i8, i8, i8, i8, i8, i8, i8, i8, i8, i8, i8, i8, i8, i8, i8, i8, i8, i8, i8, i8, i8, i8, i8, i8, i8, i8, i8, i8, i8, i8, i8, i8, i8, i8, i8, i8, i8, i8, i8, i8, i8, i8, i8, i8, i8, i8, i8, i8, i8, i8, i8, i8, i8, i8, i8, i8, i8, i8, i8, i8, i8, i8, i8, i8, i8, i8, i8, i8, i8, i8, i8, i8, i8, i8, i8, i8 } %mrv_70, i8 %kernel_window_81_V_read_1, 71" [firmware/nnet_utils/nnet_conv_stream.h:248]   --->   Operation 164 'insertvalue' 'mrv_71' <Predicate = true> <Delay = 0.00>
ST_1 : Operation 165 [1/1] (0.00ns)   --->   "%mrv_72 = insertvalue { i8, i8, i8, i8, i8, i8, i8, i8, i8, i8, i8, i8, i8, i8, i8, i8, i8, i8, i8, i8, i8, i8, i8, i8, i8, i8, i8, i8, i8, i8, i8, i8, i8, i8, i8, i8, i8, i8, i8, i8, i8, i8, i8, i8, i8, i8, i8, i8, i8, i8, i8, i8, i8, i8, i8, i8, i8, i8, i8, i8, i8, i8, i8, i8, i8, i8, i8, i8, i8, i8, i8, i8, i8, i8, i8, i8, i8, i8, i8, i8, i8, i8, i8, i8, i8, i8, i8, i8, i8, i8 } %mrv_71, i8 %kernel_window_82_V_read_1, 72" [firmware/nnet_utils/nnet_conv_stream.h:248]   --->   Operation 165 'insertvalue' 'mrv_72' <Predicate = true> <Delay = 0.00>
ST_1 : Operation 166 [1/1] (0.00ns)   --->   "%mrv_73 = insertvalue { i8, i8, i8, i8, i8, i8, i8, i8, i8, i8, i8, i8, i8, i8, i8, i8, i8, i8, i8, i8, i8, i8, i8, i8, i8, i8, i8, i8, i8, i8, i8, i8, i8, i8, i8, i8, i8, i8, i8, i8, i8, i8, i8, i8, i8, i8, i8, i8, i8, i8, i8, i8, i8, i8, i8, i8, i8, i8, i8, i8, i8, i8, i8, i8, i8, i8, i8, i8, i8, i8, i8, i8, i8, i8, i8, i8, i8, i8, i8, i8, i8, i8, i8, i8, i8, i8, i8, i8, i8, i8 } %mrv_72, i8 %kernel_window_83_V_read_1, 73" [firmware/nnet_utils/nnet_conv_stream.h:248]   --->   Operation 166 'insertvalue' 'mrv_73' <Predicate = true> <Delay = 0.00>
ST_1 : Operation 167 [1/1] (0.00ns)   --->   "%mrv_74 = insertvalue { i8, i8, i8, i8, i8, i8, i8, i8, i8, i8, i8, i8, i8, i8, i8, i8, i8, i8, i8, i8, i8, i8, i8, i8, i8, i8, i8, i8, i8, i8, i8, i8, i8, i8, i8, i8, i8, i8, i8, i8, i8, i8, i8, i8, i8, i8, i8, i8, i8, i8, i8, i8, i8, i8, i8, i8, i8, i8, i8, i8, i8, i8, i8, i8, i8, i8, i8, i8, i8, i8, i8, i8, i8, i8, i8, i8, i8, i8, i8, i8, i8, i8, i8, i8, i8, i8, i8, i8, i8, i8 } %mrv_73, i8 %kernel_window_84_V_read_1, 74" [firmware/nnet_utils/nnet_conv_stream.h:248]   --->   Operation 167 'insertvalue' 'mrv_74' <Predicate = true> <Delay = 0.00>
ST_1 : Operation 168 [1/1] (0.00ns)   --->   "%mrv_75 = insertvalue { i8, i8, i8, i8, i8, i8, i8, i8, i8, i8, i8, i8, i8, i8, i8, i8, i8, i8, i8, i8, i8, i8, i8, i8, i8, i8, i8, i8, i8, i8, i8, i8, i8, i8, i8, i8, i8, i8, i8, i8, i8, i8, i8, i8, i8, i8, i8, i8, i8, i8, i8, i8, i8, i8, i8, i8, i8, i8, i8, i8, i8, i8, i8, i8, i8, i8, i8, i8, i8, i8, i8, i8, i8, i8, i8, i8, i8, i8, i8, i8, i8, i8, i8, i8, i8, i8, i8, i8, i8, i8 } %mrv_74, i8 %kernel_window_85_V_read_1, 75" [firmware/nnet_utils/nnet_conv_stream.h:248]   --->   Operation 168 'insertvalue' 'mrv_75' <Predicate = true> <Delay = 0.00>
ST_1 : Operation 169 [1/1] (0.00ns)   --->   "%mrv_76 = insertvalue { i8, i8, i8, i8, i8, i8, i8, i8, i8, i8, i8, i8, i8, i8, i8, i8, i8, i8, i8, i8, i8, i8, i8, i8, i8, i8, i8, i8, i8, i8, i8, i8, i8, i8, i8, i8, i8, i8, i8, i8, i8, i8, i8, i8, i8, i8, i8, i8, i8, i8, i8, i8, i8, i8, i8, i8, i8, i8, i8, i8, i8, i8, i8, i8, i8, i8, i8, i8, i8, i8, i8, i8, i8, i8, i8, i8, i8, i8, i8, i8, i8, i8, i8, i8, i8, i8, i8, i8, i8, i8 } %mrv_75, i8 %kernel_window_86_V_read_1, 76" [firmware/nnet_utils/nnet_conv_stream.h:248]   --->   Operation 169 'insertvalue' 'mrv_76' <Predicate = true> <Delay = 0.00>
ST_1 : Operation 170 [1/1] (0.00ns)   --->   "%mrv_77 = insertvalue { i8, i8, i8, i8, i8, i8, i8, i8, i8, i8, i8, i8, i8, i8, i8, i8, i8, i8, i8, i8, i8, i8, i8, i8, i8, i8, i8, i8, i8, i8, i8, i8, i8, i8, i8, i8, i8, i8, i8, i8, i8, i8, i8, i8, i8, i8, i8, i8, i8, i8, i8, i8, i8, i8, i8, i8, i8, i8, i8, i8, i8, i8, i8, i8, i8, i8, i8, i8, i8, i8, i8, i8, i8, i8, i8, i8, i8, i8, i8, i8, i8, i8, i8, i8, i8, i8, i8, i8, i8, i8 } %mrv_76, i8 %kernel_window_87_V_read_1, 77" [firmware/nnet_utils/nnet_conv_stream.h:248]   --->   Operation 170 'insertvalue' 'mrv_77' <Predicate = true> <Delay = 0.00>
ST_1 : Operation 171 [1/1] (0.00ns)   --->   "%mrv_78 = insertvalue { i8, i8, i8, i8, i8, i8, i8, i8, i8, i8, i8, i8, i8, i8, i8, i8, i8, i8, i8, i8, i8, i8, i8, i8, i8, i8, i8, i8, i8, i8, i8, i8, i8, i8, i8, i8, i8, i8, i8, i8, i8, i8, i8, i8, i8, i8, i8, i8, i8, i8, i8, i8, i8, i8, i8, i8, i8, i8, i8, i8, i8, i8, i8, i8, i8, i8, i8, i8, i8, i8, i8, i8, i8, i8, i8, i8, i8, i8, i8, i8, i8, i8, i8, i8, i8, i8, i8, i8, i8, i8 } %mrv_77, i8 %kernel_window_88_V_read_1, 78" [firmware/nnet_utils/nnet_conv_stream.h:248]   --->   Operation 171 'insertvalue' 'mrv_78' <Predicate = true> <Delay = 0.00>
ST_1 : Operation 172 [1/1] (0.00ns)   --->   "%mrv_79 = insertvalue { i8, i8, i8, i8, i8, i8, i8, i8, i8, i8, i8, i8, i8, i8, i8, i8, i8, i8, i8, i8, i8, i8, i8, i8, i8, i8, i8, i8, i8, i8, i8, i8, i8, i8, i8, i8, i8, i8, i8, i8, i8, i8, i8, i8, i8, i8, i8, i8, i8, i8, i8, i8, i8, i8, i8, i8, i8, i8, i8, i8, i8, i8, i8, i8, i8, i8, i8, i8, i8, i8, i8, i8, i8, i8, i8, i8, i8, i8, i8, i8, i8, i8, i8, i8, i8, i8, i8, i8, i8, i8 } %mrv_78, i8 %kernel_window_89_V_read_1, 79" [firmware/nnet_utils/nnet_conv_stream.h:248]   --->   Operation 172 'insertvalue' 'mrv_79' <Predicate = true> <Delay = 0.00>
ST_1 : Operation 173 [1/1] (0.00ns)   --->   "%mrv_80 = insertvalue { i8, i8, i8, i8, i8, i8, i8, i8, i8, i8, i8, i8, i8, i8, i8, i8, i8, i8, i8, i8, i8, i8, i8, i8, i8, i8, i8, i8, i8, i8, i8, i8, i8, i8, i8, i8, i8, i8, i8, i8, i8, i8, i8, i8, i8, i8, i8, i8, i8, i8, i8, i8, i8, i8, i8, i8, i8, i8, i8, i8, i8, i8, i8, i8, i8, i8, i8, i8, i8, i8, i8, i8, i8, i8, i8, i8, i8, i8, i8, i8, i8, i8, i8, i8, i8, i8, i8, i8, i8, i8 } %mrv_79, i8 %in_elem_data_0_V_read_3, 80" [firmware/nnet_utils/nnet_conv_stream.h:248]   --->   Operation 173 'insertvalue' 'mrv_80' <Predicate = true> <Delay = 0.00>
ST_1 : Operation 174 [1/1] (0.00ns)   --->   "%mrv_81 = insertvalue { i8, i8, i8, i8, i8, i8, i8, i8, i8, i8, i8, i8, i8, i8, i8, i8, i8, i8, i8, i8, i8, i8, i8, i8, i8, i8, i8, i8, i8, i8, i8, i8, i8, i8, i8, i8, i8, i8, i8, i8, i8, i8, i8, i8, i8, i8, i8, i8, i8, i8, i8, i8, i8, i8, i8, i8, i8, i8, i8, i8, i8, i8, i8, i8, i8, i8, i8, i8, i8, i8, i8, i8, i8, i8, i8, i8, i8, i8, i8, i8, i8, i8, i8, i8, i8, i8, i8, i8, i8, i8 } %mrv_80, i8 %in_elem_data_1_V_read_3, 81" [firmware/nnet_utils/nnet_conv_stream.h:248]   --->   Operation 174 'insertvalue' 'mrv_81' <Predicate = true> <Delay = 0.00>
ST_1 : Operation 175 [1/1] (0.00ns)   --->   "%mrv_82 = insertvalue { i8, i8, i8, i8, i8, i8, i8, i8, i8, i8, i8, i8, i8, i8, i8, i8, i8, i8, i8, i8, i8, i8, i8, i8, i8, i8, i8, i8, i8, i8, i8, i8, i8, i8, i8, i8, i8, i8, i8, i8, i8, i8, i8, i8, i8, i8, i8, i8, i8, i8, i8, i8, i8, i8, i8, i8, i8, i8, i8, i8, i8, i8, i8, i8, i8, i8, i8, i8, i8, i8, i8, i8, i8, i8, i8, i8, i8, i8, i8, i8, i8, i8, i8, i8, i8, i8, i8, i8, i8, i8 } %mrv_81, i8 %in_elem_data_2_V_read_3, 82" [firmware/nnet_utils/nnet_conv_stream.h:248]   --->   Operation 175 'insertvalue' 'mrv_82' <Predicate = true> <Delay = 0.00>
ST_1 : Operation 176 [1/1] (0.00ns)   --->   "%mrv_83 = insertvalue { i8, i8, i8, i8, i8, i8, i8, i8, i8, i8, i8, i8, i8, i8, i8, i8, i8, i8, i8, i8, i8, i8, i8, i8, i8, i8, i8, i8, i8, i8, i8, i8, i8, i8, i8, i8, i8, i8, i8, i8, i8, i8, i8, i8, i8, i8, i8, i8, i8, i8, i8, i8, i8, i8, i8, i8, i8, i8, i8, i8, i8, i8, i8, i8, i8, i8, i8, i8, i8, i8, i8, i8, i8, i8, i8, i8, i8, i8, i8, i8, i8, i8, i8, i8, i8, i8, i8, i8, i8, i8 } %mrv_82, i8 %in_elem_data_3_V_read_2, 83" [firmware/nnet_utils/nnet_conv_stream.h:248]   --->   Operation 176 'insertvalue' 'mrv_83' <Predicate = true> <Delay = 0.00>
ST_1 : Operation 177 [1/1] (0.00ns)   --->   "%mrv_84 = insertvalue { i8, i8, i8, i8, i8, i8, i8, i8, i8, i8, i8, i8, i8, i8, i8, i8, i8, i8, i8, i8, i8, i8, i8, i8, i8, i8, i8, i8, i8, i8, i8, i8, i8, i8, i8, i8, i8, i8, i8, i8, i8, i8, i8, i8, i8, i8, i8, i8, i8, i8, i8, i8, i8, i8, i8, i8, i8, i8, i8, i8, i8, i8, i8, i8, i8, i8, i8, i8, i8, i8, i8, i8, i8, i8, i8, i8, i8, i8, i8, i8, i8, i8, i8, i8, i8, i8, i8, i8, i8, i8 } %mrv_83, i8 %in_elem_data_4_V_read_2, 84" [firmware/nnet_utils/nnet_conv_stream.h:248]   --->   Operation 177 'insertvalue' 'mrv_84' <Predicate = true> <Delay = 0.00>
ST_1 : Operation 178 [1/1] (0.00ns)   --->   "%mrv_85 = insertvalue { i8, i8, i8, i8, i8, i8, i8, i8, i8, i8, i8, i8, i8, i8, i8, i8, i8, i8, i8, i8, i8, i8, i8, i8, i8, i8, i8, i8, i8, i8, i8, i8, i8, i8, i8, i8, i8, i8, i8, i8, i8, i8, i8, i8, i8, i8, i8, i8, i8, i8, i8, i8, i8, i8, i8, i8, i8, i8, i8, i8, i8, i8, i8, i8, i8, i8, i8, i8, i8, i8, i8, i8, i8, i8, i8, i8, i8, i8, i8, i8, i8, i8, i8, i8, i8, i8, i8, i8, i8, i8 } %mrv_84, i8 %in_elem_data_5_V_read_1, 85" [firmware/nnet_utils/nnet_conv_stream.h:248]   --->   Operation 178 'insertvalue' 'mrv_85' <Predicate = true> <Delay = 0.00>
ST_1 : Operation 179 [1/1] (0.00ns)   --->   "%mrv_86 = insertvalue { i8, i8, i8, i8, i8, i8, i8, i8, i8, i8, i8, i8, i8, i8, i8, i8, i8, i8, i8, i8, i8, i8, i8, i8, i8, i8, i8, i8, i8, i8, i8, i8, i8, i8, i8, i8, i8, i8, i8, i8, i8, i8, i8, i8, i8, i8, i8, i8, i8, i8, i8, i8, i8, i8, i8, i8, i8, i8, i8, i8, i8, i8, i8, i8, i8, i8, i8, i8, i8, i8, i8, i8, i8, i8, i8, i8, i8, i8, i8, i8, i8, i8, i8, i8, i8, i8, i8, i8, i8, i8 } %mrv_85, i8 %in_elem_data_6_V_read_1, 86" [firmware/nnet_utils/nnet_conv_stream.h:248]   --->   Operation 179 'insertvalue' 'mrv_86' <Predicate = true> <Delay = 0.00>
ST_1 : Operation 180 [1/1] (0.00ns)   --->   "%mrv_87 = insertvalue { i8, i8, i8, i8, i8, i8, i8, i8, i8, i8, i8, i8, i8, i8, i8, i8, i8, i8, i8, i8, i8, i8, i8, i8, i8, i8, i8, i8, i8, i8, i8, i8, i8, i8, i8, i8, i8, i8, i8, i8, i8, i8, i8, i8, i8, i8, i8, i8, i8, i8, i8, i8, i8, i8, i8, i8, i8, i8, i8, i8, i8, i8, i8, i8, i8, i8, i8, i8, i8, i8, i8, i8, i8, i8, i8, i8, i8, i8, i8, i8, i8, i8, i8, i8, i8, i8, i8, i8, i8, i8 } %mrv_86, i8 %in_elem_data_7_V_read_1, 87" [firmware/nnet_utils/nnet_conv_stream.h:248]   --->   Operation 180 'insertvalue' 'mrv_87' <Predicate = true> <Delay = 0.00>
ST_1 : Operation 181 [1/1] (0.00ns)   --->   "%mrv_88 = insertvalue { i8, i8, i8, i8, i8, i8, i8, i8, i8, i8, i8, i8, i8, i8, i8, i8, i8, i8, i8, i8, i8, i8, i8, i8, i8, i8, i8, i8, i8, i8, i8, i8, i8, i8, i8, i8, i8, i8, i8, i8, i8, i8, i8, i8, i8, i8, i8, i8, i8, i8, i8, i8, i8, i8, i8, i8, i8, i8, i8, i8, i8, i8, i8, i8, i8, i8, i8, i8, i8, i8, i8, i8, i8, i8, i8, i8, i8, i8, i8, i8, i8, i8, i8, i8, i8, i8, i8, i8, i8, i8 } %mrv_87, i8 %in_elem_data_8_V_read_1, 88" [firmware/nnet_utils/nnet_conv_stream.h:248]   --->   Operation 181 'insertvalue' 'mrv_88' <Predicate = true> <Delay = 0.00>
ST_1 : Operation 182 [1/1] (0.00ns)   --->   "%mrv_89 = insertvalue { i8, i8, i8, i8, i8, i8, i8, i8, i8, i8, i8, i8, i8, i8, i8, i8, i8, i8, i8, i8, i8, i8, i8, i8, i8, i8, i8, i8, i8, i8, i8, i8, i8, i8, i8, i8, i8, i8, i8, i8, i8, i8, i8, i8, i8, i8, i8, i8, i8, i8, i8, i8, i8, i8, i8, i8, i8, i8, i8, i8, i8, i8, i8, i8, i8, i8, i8, i8, i8, i8, i8, i8, i8, i8, i8, i8, i8, i8, i8, i8, i8, i8, i8, i8, i8, i8, i8, i8, i8, i8 } %mrv_88, i8 %in_elem_data_9_V_read_1, 89" [firmware/nnet_utils/nnet_conv_stream.h:248]   --->   Operation 182 'insertvalue' 'mrv_89' <Predicate = true> <Delay = 0.00>
ST_1 : Operation 183 [1/1] (0.00ns)   --->   "ret { i8, i8, i8, i8, i8, i8, i8, i8, i8, i8, i8, i8, i8, i8, i8, i8, i8, i8, i8, i8, i8, i8, i8, i8, i8, i8, i8, i8, i8, i8, i8, i8, i8, i8, i8, i8, i8, i8, i8, i8, i8, i8, i8, i8, i8, i8, i8, i8, i8, i8, i8, i8, i8, i8, i8, i8, i8, i8, i8, i8, i8, i8, i8, i8, i8, i8, i8, i8, i8, i8, i8, i8, i8, i8, i8, i8, i8, i8, i8, i8, i8, i8, i8, i8, i8, i8, i8, i8, i8, i8 } %mrv_89" [firmware/nnet_utils/nnet_conv_stream.h:248]   --->   Operation 183 'ret' <Predicate = true> <Delay = 0.00>


============================================================
+ Verbose Summary: Timing violations
============================================================
Target clock period: 5ns, clock uncertainty: 0.625ns.

 <State 1>: 3.24ns
The critical path consists of the following:
	wire read on port 'in_elem_data_9_V_read' (firmware/nnet_utils/nnet_conv_stream.h:216) [131]  (0 ns)
	'memshiftread' operation ('DataOut.V', firmware/nnet_utils/nnet_conv_stream.h:241) [160]  (1.62 ns)
	'memshiftread' operation ('DataOut.V', firmware/nnet_utils/nnet_conv_stream.h:241) [161]  (1.62 ns)


============================================================
+ Verbose Summary: Binding
============================================================
N/A
* FSMD analyzer results:
  - Output states:
 - Input state : 
  - Chain level:
	State 1


============================================================
+ Verbose Summary: Datapath Resource usage 
============================================================
N/A
