

================================================================
== Vivado HLS Report for 'compute_output_buffer_2d_array_array_ap_fixed_4_2_5_3_0_16u_config12_s'
================================================================
* Date:           Sun May 25 15:19:03 2025

* Version:        2020.1 (Build 2897737 on Wed May 27 20:21:37 MDT 2020)
* Project:        myproject_prj
* Solution:       solution1
* Product family: zynq
* Target device:  xc7z020-clg400-1


================================================================
== Performance Estimates
================================================================
+ Timing: 
    * Summary: 
    +--------+---------+----------+------------+
    |  Clock |  Target | Estimated| Uncertainty|
    +--------+---------+----------+------------+
    |ap_clk  | 5.00 ns | 4.321 ns |   0.62 ns  |
    +--------+---------+----------+------------+

+ Latency: 
    * Summary: 
    +---------+---------+-----------+-----------+-----+-----+---------+
    |  Latency (cycles) |   Latency (absolute)  |  Interval | Pipeline|
    |   min   |   max   |    min    |    max    | min | max |   Type  |
    +---------+---------+-----------+-----------+-----+-----+---------+
    |        2|       10| 10.000 ns | 50.000 ns |    2|   10|   none  |
    +---------+---------+-----------+-----------+-----+-----+---------+

    + Detail: 
        * Instance: 
        +---------------------------------------------------------------------------+---------------------------------------------------------------+---------+---------+-----------+-----------+-----+-----+----------+
        |                                                                           |                                                               |  Latency (cycles) |   Latency (absolute)  |  Interval | Pipeline |
        |                                  Instance                                 |                             Module                            |   min   |   max   |    min    |    max    | min | max |   Type   |
        +---------------------------------------------------------------------------+---------------------------------------------------------------+---------+---------+-----------+-----------+-----+-----+----------+
        |grp_dense_resource_rf_leq_nin_0_0_0_0_0_0_0_0_0_0_0_0_0_0_0_0_0_1_fu_517   |dense_resource_rf_leq_nin_0_0_0_0_0_0_0_0_0_0_0_0_0_0_0_0_0_1  |        6|        6| 30.000 ns | 30.000 ns |    6|    6|   none   |
        |call_ret_shift_line_buffer_array_ap_fixed_4_2_5_3_0_16u_config12_s_fu_665  |shift_line_buffer_array_ap_fixed_4_2_5_3_0_16u_config12_s      |        0|        0|    0 ns   |    0 ns   |    1|    1| function |
        +---------------------------------------------------------------------------+---------------------------------------------------------------+---------+---------+-----------+-----------+-----+-----+----------+

        * Loop: 
        N/A



================================================================
== Utilization Estimates
================================================================
* Summary: 
+-----------------+---------+-------+--------+-------+-----+
|       Name      | BRAM_18K| DSP48E|   FF   |  LUT  | URAM|
+-----------------+---------+-------+--------+-------+-----+
|DSP              |        -|      -|       -|      -|    -|
|Expression       |        -|      -|       0|    342|    -|
|FIFO             |        -|      -|       -|      -|    -|
|Instance         |        0|      -|    5279|  13741|    -|
|Memory           |        -|      -|       -|      -|    -|
|Multiplexer      |        -|      -|       -|    222|    -|
|Register         |        -|      -|    1387|      -|    -|
+-----------------+---------+-------+--------+-------+-----+
|Total            |        0|      0|    6666|  14305|    0|
+-----------------+---------+-------+--------+-------+-----+
|Available        |      280|    220|  106400|  53200|    0|
+-----------------+---------+-------+--------+-------+-----+
|Utilization (%)  |        0|      0|       6|     26|    0|
+-----------------+---------+-------+--------+-------+-----+

+ Detail: 
    * Instance: 
    +---------------------------------------------------------------------------+---------------------------------------------------------------+---------+-------+------+-------+-----+
    |                                  Instance                                 |                             Module                            | BRAM_18K| DSP48E|  FF  |  LUT  | URAM|
    +---------------------------------------------------------------------------+---------------------------------------------------------------+---------+-------+------+-------+-----+
    |grp_dense_resource_rf_leq_nin_0_0_0_0_0_0_0_0_0_0_0_0_0_0_0_0_0_1_fu_517   |dense_resource_rf_leq_nin_0_0_0_0_0_0_0_0_0_0_0_0_0_0_0_0_0_1  |        0|      0|  3230|  12205|    0|
    |call_ret_shift_line_buffer_array_ap_fixed_4_2_5_3_0_16u_config12_s_fu_665  |shift_line_buffer_array_ap_fixed_4_2_5_3_0_16u_config12_s      |        0|      0|  2049|   1536|    0|
    +---------------------------------------------------------------------------+---------------------------------------------------------------+---------+-------+------+-------+-----+
    |Total                                                                      |                                                               |        0|      0|  5279|  13741|    0|
    +---------------------------------------------------------------------------+---------------------------------------------------------------+---------+-------+------+-------+-----+

    * DSP48E: 
    N/A

    * Memory: 
    N/A

    * FIFO: 
    N/A

    * Expression: 
    +---------------------------+----------+-------+---+----+------------+------------+
    |       Variable Name       | Operation| DSP48E| FF| LUT| Bitwidth P0| Bitwidth P1|
    +---------------------------+----------+-------+---+----+------------+------------+
    |add_ln311_fu_2680_p2       |     +    |      0|  0|  39|          32|           1|
    |add_ln313_fu_2691_p2       |     +    |      0|  0|  39|          32|           1|
    |add_ln316_fu_2640_p2       |     +    |      0|  0|  39|          32|           1|
    |add_ln318_fu_2651_p2       |     +    |      0|  0|  39|          32|           1|
    |and_ln284_10_fu_2565_p2    |    and   |      0|  0|   2|           1|           1|
    |and_ln284_9_fu_2559_p2     |    and   |      0|  0|   2|           1|           1|
    |and_ln284_fu_2553_p2       |    and   |      0|  0|   2|           1|           1|
    |ap_block_state4            |    and   |      0|  0|   2|           1|           1|
    |ap_condition_584           |    and   |      0|  0|   2|           1|           1|
    |ap_condition_593           |    and   |      0|  0|   2|           1|           1|
    |io_acc_block_signal_op407  |    and   |      0|  0|   2|           1|           1|
    |icmp_ln284_13_fu_2507_p2   |   icmp   |      0|  0|  18|          32|           2|
    |icmp_ln284_16_fu_2527_p2   |   icmp   |      0|  0|  18|          31|           1|
    |icmp_ln284_17_fu_2547_p2   |   icmp   |      0|  0|  18|          31|           1|
    |icmp_ln284_fu_2497_p2      |   icmp   |      0|  0|  18|          32|           2|
    |icmp_ln303_fu_2635_p2      |   icmp   |      0|  0|  18|          32|           6|
    |icmp_ln307_fu_2675_p2      |   icmp   |      0|  0|  18|          32|           6|
    |select_ln313_fu_2696_p3    |  select  |      0|  0|  32|           1|           2|
    |select_ln318_fu_2656_p3    |  select  |      0|  0|  32|           1|           2|
    +---------------------------+----------+-------+---+----+------------+------------+
    |Total                      |          |      0|  0| 342|         327|          33|
    +---------------------------+----------+-------+---+----+------------+------------+

    * Multiplexer: 
    +-------------------------------------+----+-----------+-----+-----------+
    |                 Name                | LUT| Input Size| Bits| Total Bits|
    +-------------------------------------+----+-----------+-----+-----------+
    |ap_NS_fsm                            |  33|          6|    1|          6|
    |ap_phi_mux_storemerge_phi_fu_510_p4  |   9|          2|   32|         64|
    |pX_2                                 |   9|          2|   32|         64|
    |pY_2                                 |   9|          2|   32|         64|
    |res_stream_V_data_0_V_blk_n          |   9|          2|    1|          2|
    |res_stream_V_data_10_V_blk_n         |   9|          2|    1|          2|
    |res_stream_V_data_11_V_blk_n         |   9|          2|    1|          2|
    |res_stream_V_data_12_V_blk_n         |   9|          2|    1|          2|
    |res_stream_V_data_13_V_blk_n         |   9|          2|    1|          2|
    |res_stream_V_data_14_V_blk_n         |   9|          2|    1|          2|
    |res_stream_V_data_15_V_blk_n         |   9|          2|    1|          2|
    |res_stream_V_data_1_V_blk_n          |   9|          2|    1|          2|
    |res_stream_V_data_2_V_blk_n          |   9|          2|    1|          2|
    |res_stream_V_data_3_V_blk_n          |   9|          2|    1|          2|
    |res_stream_V_data_4_V_blk_n          |   9|          2|    1|          2|
    |res_stream_V_data_5_V_blk_n          |   9|          2|    1|          2|
    |res_stream_V_data_6_V_blk_n          |   9|          2|    1|          2|
    |res_stream_V_data_7_V_blk_n          |   9|          2|    1|          2|
    |res_stream_V_data_8_V_blk_n          |   9|          2|    1|          2|
    |res_stream_V_data_9_V_blk_n          |   9|          2|    1|          2|
    |sX_2                                 |   9|          2|   32|         64|
    |storemerge_reg_506                   |   9|          2|   32|         64|
    +-------------------------------------+----+-----------+-----+-----------+
    |Total                                | 222|         48|  177|        358|
    +-------------------------------------+----+-----------+-----+-----------+

    * Register: 
    +---------------------------------------------------------------------------------------+----+----+-----+-----------+
    |                                          Name                                         | FF | LUT| Bits| Const Bits|
    +---------------------------------------------------------------------------------------+----+----+-----+-----------+
    |and_ln284_10_reg_3472                                                                  |   1|   0|    1|          0|
    |ap_CS_fsm                                                                              |   5|   0|    5|          0|
    |grp_dense_resource_rf_leq_nin_0_0_0_0_0_0_0_0_0_0_0_0_0_0_0_0_0_1_fu_517_ap_start_reg  |   1|   0|    1|          0|
    |icmp_ln284_13_reg_3455                                                                 |   1|   0|    1|          0|
    |icmp_ln284_reg_3445                                                                    |   1|   0|    1|          0|
    |icmp_ln303_reg_3556                                                                    |   1|   0|    1|          0|
    |icmp_ln307_reg_3565                                                                    |   1|   0|    1|          0|
    |kernel_data_V_0_ret_reg_2955                                                           |   4|   0|    4|          0|
    |kernel_data_V_100_ret_reg_2775                                                         |   4|   0|    4|          0|
    |kernel_data_V_101_ret_reg_2770                                                         |   4|   0|    4|          0|
    |kernel_data_V_102_ret_reg_2765                                                         |   4|   0|    4|          0|
    |kernel_data_V_103_ret_reg_2760                                                         |   4|   0|    4|          0|
    |kernel_data_V_104_ret_reg_2755                                                         |   4|   0|    4|          0|
    |kernel_data_V_105_ret_reg_2750                                                         |   4|   0|    4|          0|
    |kernel_data_V_106_ret_reg_2745                                                         |   4|   0|    4|          0|
    |kernel_data_V_107_ret_reg_2740                                                         |   4|   0|    4|          0|
    |kernel_data_V_108_ret_reg_2735                                                         |   4|   0|    4|          0|
    |kernel_data_V_109_ret_reg_2730                                                         |   4|   0|    4|          0|
    |kernel_data_V_10_ret_reg_2905                                                          |   4|   0|    4|          0|
    |kernel_data_V_110_ret_reg_2725                                                         |   4|   0|    4|          0|
    |kernel_data_V_111_ret_reg_2720                                                         |   4|   0|    4|          0|
    |kernel_data_V_112                                                                      |   4|   0|    4|          0|
    |kernel_data_V_112_ret_reg_3280                                                         |   4|   0|    4|          0|
    |kernel_data_V_113                                                                      |   4|   0|    4|          0|
    |kernel_data_V_113_ret_reg_3285                                                         |   4|   0|    4|          0|
    |kernel_data_V_114                                                                      |   4|   0|    4|          0|
    |kernel_data_V_114_ret_reg_3290                                                         |   4|   0|    4|          0|
    |kernel_data_V_115                                                                      |   4|   0|    4|          0|
    |kernel_data_V_115_ret_reg_3295                                                         |   4|   0|    4|          0|
    |kernel_data_V_116                                                                      |   4|   0|    4|          0|
    |kernel_data_V_116_ret_reg_3300                                                         |   4|   0|    4|          0|
    |kernel_data_V_117                                                                      |   4|   0|    4|          0|
    |kernel_data_V_117_ret_reg_3305                                                         |   4|   0|    4|          0|
    |kernel_data_V_118                                                                      |   4|   0|    4|          0|
    |kernel_data_V_118_ret_reg_3310                                                         |   4|   0|    4|          0|
    |kernel_data_V_119                                                                      |   4|   0|    4|          0|
    |kernel_data_V_119_ret_reg_3315                                                         |   4|   0|    4|          0|
    |kernel_data_V_11_ret_reg_2900                                                          |   4|   0|    4|          0|
    |kernel_data_V_120                                                                      |   4|   0|    4|          0|
    |kernel_data_V_120_ret_reg_3320                                                         |   4|   0|    4|          0|
    |kernel_data_V_121                                                                      |   4|   0|    4|          0|
    |kernel_data_V_121_ret_reg_3325                                                         |   4|   0|    4|          0|
    |kernel_data_V_122                                                                      |   4|   0|    4|          0|
    |kernel_data_V_122_ret_reg_3330                                                         |   4|   0|    4|          0|
    |kernel_data_V_123                                                                      |   4|   0|    4|          0|
    |kernel_data_V_123_ret_reg_3335                                                         |   4|   0|    4|          0|
    |kernel_data_V_124                                                                      |   4|   0|    4|          0|
    |kernel_data_V_124_ret_reg_3340                                                         |   4|   0|    4|          0|
    |kernel_data_V_125                                                                      |   4|   0|    4|          0|
    |kernel_data_V_125_ret_reg_3345                                                         |   4|   0|    4|          0|
    |kernel_data_V_126                                                                      |   4|   0|    4|          0|
    |kernel_data_V_126_ret_reg_3350                                                         |   4|   0|    4|          0|
    |kernel_data_V_127                                                                      |   4|   0|    4|          0|
    |kernel_data_V_127_ret_reg_3355                                                         |   4|   0|    4|          0|
    |kernel_data_V_128                                                                      |   4|   0|    4|          0|
    |kernel_data_V_128_ret_reg_3360                                                         |   4|   0|    4|          0|
    |kernel_data_V_129                                                                      |   4|   0|    4|          0|
    |kernel_data_V_129_ret_reg_3365                                                         |   4|   0|    4|          0|
    |kernel_data_V_12_ret_reg_2895                                                          |   4|   0|    4|          0|
    |kernel_data_V_130                                                                      |   4|   0|    4|          0|
    |kernel_data_V_130_ret_reg_3370                                                         |   4|   0|    4|          0|
    |kernel_data_V_131                                                                      |   4|   0|    4|          0|
    |kernel_data_V_131_ret_reg_3375                                                         |   4|   0|    4|          0|
    |kernel_data_V_132                                                                      |   4|   0|    4|          0|
    |kernel_data_V_132_ret_reg_3380                                                         |   4|   0|    4|          0|
    |kernel_data_V_133                                                                      |   4|   0|    4|          0|
    |kernel_data_V_133_ret_reg_3385                                                         |   4|   0|    4|          0|
    |kernel_data_V_134                                                                      |   4|   0|    4|          0|
    |kernel_data_V_134_ret_reg_3390                                                         |   4|   0|    4|          0|
    |kernel_data_V_135                                                                      |   4|   0|    4|          0|
    |kernel_data_V_135_ret_reg_3395                                                         |   4|   0|    4|          0|
    |kernel_data_V_136                                                                      |   4|   0|    4|          0|
    |kernel_data_V_136_ret_reg_3400                                                         |   4|   0|    4|          0|
    |kernel_data_V_137                                                                      |   4|   0|    4|          0|
    |kernel_data_V_137_ret_reg_3405                                                         |   4|   0|    4|          0|
    |kernel_data_V_138                                                                      |   4|   0|    4|          0|
    |kernel_data_V_138_ret_reg_3410                                                         |   4|   0|    4|          0|
    |kernel_data_V_139                                                                      |   4|   0|    4|          0|
    |kernel_data_V_139_ret_reg_3415                                                         |   4|   0|    4|          0|
    |kernel_data_V_13_ret_reg_2890                                                          |   4|   0|    4|          0|
    |kernel_data_V_140                                                                      |   4|   0|    4|          0|
    |kernel_data_V_140_ret_reg_3420                                                         |   4|   0|    4|          0|
    |kernel_data_V_141                                                                      |   4|   0|    4|          0|
    |kernel_data_V_141_ret_reg_3425                                                         |   4|   0|    4|          0|
    |kernel_data_V_142                                                                      |   4|   0|    4|          0|
    |kernel_data_V_142_ret_reg_3430                                                         |   4|   0|    4|          0|
    |kernel_data_V_143                                                                      |   4|   0|    4|          0|
    |kernel_data_V_143_ret_reg_3435                                                         |   4|   0|    4|          0|
    |kernel_data_V_14_ret_reg_2885                                                          |   4|   0|    4|          0|
    |kernel_data_V_1560_ret_reg_2950                                                        |   4|   0|    4|          0|
    |kernel_data_V_15_ret_reg_2880                                                          |   4|   0|    4|          0|
    |kernel_data_V_16                                                                       |   4|   0|    4|          0|
    |kernel_data_V_16_ret_reg_2960                                                          |   4|   0|    4|          0|
    |kernel_data_V_17                                                                       |   4|   0|    4|          0|
    |kernel_data_V_17_ret_reg_2965                                                          |   4|   0|    4|          0|
    |kernel_data_V_18                                                                       |   4|   0|    4|          0|
    |kernel_data_V_18_ret_reg_2970                                                          |   4|   0|    4|          0|
    |kernel_data_V_19                                                                       |   4|   0|    4|          0|
    |kernel_data_V_19_ret_reg_2975                                                          |   4|   0|    4|          0|
    |kernel_data_V_20                                                                       |   4|   0|    4|          0|
    |kernel_data_V_20_ret_reg_2980                                                          |   4|   0|    4|          0|
    |kernel_data_V_21                                                                       |   4|   0|    4|          0|
    |kernel_data_V_21_ret_reg_2985                                                          |   4|   0|    4|          0|
    |kernel_data_V_22                                                                       |   4|   0|    4|          0|
    |kernel_data_V_22_ret_reg_2990                                                          |   4|   0|    4|          0|
    |kernel_data_V_23                                                                       |   4|   0|    4|          0|
    |kernel_data_V_23_ret_reg_2995                                                          |   4|   0|    4|          0|
    |kernel_data_V_24                                                                       |   4|   0|    4|          0|
    |kernel_data_V_24_ret_reg_3000                                                          |   4|   0|    4|          0|
    |kernel_data_V_25                                                                       |   4|   0|    4|          0|
    |kernel_data_V_2561_ret_reg_2945                                                        |   4|   0|    4|          0|
    |kernel_data_V_25_ret_reg_3005                                                          |   4|   0|    4|          0|
    |kernel_data_V_26                                                                       |   4|   0|    4|          0|
    |kernel_data_V_26_ret_reg_3010                                                          |   4|   0|    4|          0|
    |kernel_data_V_27                                                                       |   4|   0|    4|          0|
    |kernel_data_V_27_ret_reg_3015                                                          |   4|   0|    4|          0|
    |kernel_data_V_28                                                                       |   4|   0|    4|          0|
    |kernel_data_V_28_ret_reg_3020                                                          |   4|   0|    4|          0|
    |kernel_data_V_29                                                                       |   4|   0|    4|          0|
    |kernel_data_V_29_ret_reg_3025                                                          |   4|   0|    4|          0|
    |kernel_data_V_30                                                                       |   4|   0|    4|          0|
    |kernel_data_V_30_ret_reg_3030                                                          |   4|   0|    4|          0|
    |kernel_data_V_31                                                                       |   4|   0|    4|          0|
    |kernel_data_V_31_ret_reg_3035                                                          |   4|   0|    4|          0|
    |kernel_data_V_32                                                                       |   4|   0|    4|          0|
    |kernel_data_V_32_ret_reg_3040                                                          |   4|   0|    4|          0|
    |kernel_data_V_33                                                                       |   4|   0|    4|          0|
    |kernel_data_V_33_ret_reg_3045                                                          |   4|   0|    4|          0|
    |kernel_data_V_34                                                                       |   4|   0|    4|          0|
    |kernel_data_V_34_ret_reg_3050                                                          |   4|   0|    4|          0|
    |kernel_data_V_35                                                                       |   4|   0|    4|          0|
    |kernel_data_V_3562_ret_reg_2940                                                        |   4|   0|    4|          0|
    |kernel_data_V_35_ret_reg_3055                                                          |   4|   0|    4|          0|
    |kernel_data_V_36                                                                       |   4|   0|    4|          0|
    |kernel_data_V_36_ret_reg_3060                                                          |   4|   0|    4|          0|
    |kernel_data_V_37                                                                       |   4|   0|    4|          0|
    |kernel_data_V_37_ret_reg_3065                                                          |   4|   0|    4|          0|
    |kernel_data_V_38                                                                       |   4|   0|    4|          0|
    |kernel_data_V_38_ret_reg_3070                                                          |   4|   0|    4|          0|
    |kernel_data_V_39                                                                       |   4|   0|    4|          0|
    |kernel_data_V_39_ret_reg_3075                                                          |   4|   0|    4|          0|
    |kernel_data_V_40                                                                       |   4|   0|    4|          0|
    |kernel_data_V_40_ret_reg_3080                                                          |   4|   0|    4|          0|
    |kernel_data_V_41                                                                       |   4|   0|    4|          0|
    |kernel_data_V_41_ret_reg_3085                                                          |   4|   0|    4|          0|
    |kernel_data_V_42                                                                       |   4|   0|    4|          0|
    |kernel_data_V_42_ret_reg_3090                                                          |   4|   0|    4|          0|
    |kernel_data_V_43                                                                       |   4|   0|    4|          0|
    |kernel_data_V_43_ret_reg_3095                                                          |   4|   0|    4|          0|
    |kernel_data_V_44                                                                       |   4|   0|    4|          0|
    |kernel_data_V_44_ret_reg_3100                                                          |   4|   0|    4|          0|
    |kernel_data_V_45                                                                       |   4|   0|    4|          0|
    |kernel_data_V_4563_ret_reg_2935                                                        |   4|   0|    4|          0|
    |kernel_data_V_45_ret_reg_3105                                                          |   4|   0|    4|          0|
    |kernel_data_V_46                                                                       |   4|   0|    4|          0|
    |kernel_data_V_46_ret_reg_3110                                                          |   4|   0|    4|          0|
    |kernel_data_V_47                                                                       |   4|   0|    4|          0|
    |kernel_data_V_47_ret_reg_3115                                                          |   4|   0|    4|          0|
    |kernel_data_V_48_ret_reg_2875                                                          |   4|   0|    4|          0|
    |kernel_data_V_49_ret_reg_2870                                                          |   4|   0|    4|          0|
    |kernel_data_V_50_ret_reg_2865                                                          |   4|   0|    4|          0|
    |kernel_data_V_51_ret_reg_2860                                                          |   4|   0|    4|          0|
    |kernel_data_V_52_ret_reg_2855                                                          |   4|   0|    4|          0|
    |kernel_data_V_53_ret_reg_2850                                                          |   4|   0|    4|          0|
    |kernel_data_V_54_ret_reg_2845                                                          |   4|   0|    4|          0|
    |kernel_data_V_5564_ret_reg_2930                                                        |   4|   0|    4|          0|
    |kernel_data_V_55_ret_reg_2840                                                          |   4|   0|    4|          0|
    |kernel_data_V_56_ret_reg_2835                                                          |   4|   0|    4|          0|
    |kernel_data_V_57_ret_reg_2830                                                          |   4|   0|    4|          0|
    |kernel_data_V_58_ret_reg_2825                                                          |   4|   0|    4|          0|
    |kernel_data_V_59_ret_reg_2820                                                          |   4|   0|    4|          0|
    |kernel_data_V_60_ret_reg_2815                                                          |   4|   0|    4|          0|
    |kernel_data_V_61_ret_reg_2810                                                          |   4|   0|    4|          0|
    |kernel_data_V_62_ret_reg_2805                                                          |   4|   0|    4|          0|
    |kernel_data_V_63_ret_reg_2800                                                          |   4|   0|    4|          0|
    |kernel_data_V_64                                                                       |   4|   0|    4|          0|
    |kernel_data_V_64_ret_reg_3120                                                          |   4|   0|    4|          0|
    |kernel_data_V_65                                                                       |   4|   0|    4|          0|
    |kernel_data_V_6565_ret_reg_2925                                                        |   4|   0|    4|          0|
    |kernel_data_V_65_ret_reg_3125                                                          |   4|   0|    4|          0|
    |kernel_data_V_66                                                                       |   4|   0|    4|          0|
    |kernel_data_V_66_ret_reg_3130                                                          |   4|   0|    4|          0|
    |kernel_data_V_67                                                                       |   4|   0|    4|          0|
    |kernel_data_V_67_ret_reg_3135                                                          |   4|   0|    4|          0|
    |kernel_data_V_68                                                                       |   4|   0|    4|          0|
    |kernel_data_V_68_ret_reg_3140                                                          |   4|   0|    4|          0|
    |kernel_data_V_69                                                                       |   4|   0|    4|          0|
    |kernel_data_V_69_ret_reg_3145                                                          |   4|   0|    4|          0|
    |kernel_data_V_70                                                                       |   4|   0|    4|          0|
    |kernel_data_V_70_ret_reg_3150                                                          |   4|   0|    4|          0|
    |kernel_data_V_71                                                                       |   4|   0|    4|          0|
    |kernel_data_V_71_ret_reg_3155                                                          |   4|   0|    4|          0|
    |kernel_data_V_72                                                                       |   4|   0|    4|          0|
    |kernel_data_V_72_ret_reg_3160                                                          |   4|   0|    4|          0|
    |kernel_data_V_73                                                                       |   4|   0|    4|          0|
    |kernel_data_V_73_ret_reg_3165                                                          |   4|   0|    4|          0|
    |kernel_data_V_74                                                                       |   4|   0|    4|          0|
    |kernel_data_V_74_ret_reg_3170                                                          |   4|   0|    4|          0|
    |kernel_data_V_75                                                                       |   4|   0|    4|          0|
    |kernel_data_V_7566_ret_reg_2920                                                        |   4|   0|    4|          0|
    |kernel_data_V_75_ret_reg_3175                                                          |   4|   0|    4|          0|
    |kernel_data_V_76                                                                       |   4|   0|    4|          0|
    |kernel_data_V_76_ret_reg_3180                                                          |   4|   0|    4|          0|
    |kernel_data_V_77                                                                       |   4|   0|    4|          0|
    |kernel_data_V_77_ret_reg_3185                                                          |   4|   0|    4|          0|
    |kernel_data_V_78                                                                       |   4|   0|    4|          0|
    |kernel_data_V_78_ret_reg_3190                                                          |   4|   0|    4|          0|
    |kernel_data_V_79                                                                       |   4|   0|    4|          0|
    |kernel_data_V_79_ret_reg_3195                                                          |   4|   0|    4|          0|
    |kernel_data_V_80                                                                       |   4|   0|    4|          0|
    |kernel_data_V_80_ret_reg_3200                                                          |   4|   0|    4|          0|
    |kernel_data_V_81                                                                       |   4|   0|    4|          0|
    |kernel_data_V_81_ret_reg_3205                                                          |   4|   0|    4|          0|
    |kernel_data_V_82                                                                       |   4|   0|    4|          0|
    |kernel_data_V_82_ret_reg_3210                                                          |   4|   0|    4|          0|
    |kernel_data_V_83                                                                       |   4|   0|    4|          0|
    |kernel_data_V_83_ret_reg_3215                                                          |   4|   0|    4|          0|
    |kernel_data_V_84                                                                       |   4|   0|    4|          0|
    |kernel_data_V_84_ret_reg_3220                                                          |   4|   0|    4|          0|
    |kernel_data_V_85                                                                       |   4|   0|    4|          0|
    |kernel_data_V_85_ret_reg_3225                                                          |   4|   0|    4|          0|
    |kernel_data_V_86                                                                       |   4|   0|    4|          0|
    |kernel_data_V_86_ret_reg_3230                                                          |   4|   0|    4|          0|
    |kernel_data_V_87                                                                       |   4|   0|    4|          0|
    |kernel_data_V_87_ret_reg_3235                                                          |   4|   0|    4|          0|
    |kernel_data_V_88                                                                       |   4|   0|    4|          0|
    |kernel_data_V_88_ret_reg_3240                                                          |   4|   0|    4|          0|
    |kernel_data_V_89                                                                       |   4|   0|    4|          0|
    |kernel_data_V_89_ret_reg_3245                                                          |   4|   0|    4|          0|
    |kernel_data_V_8_ret_reg_2915                                                           |   4|   0|    4|          0|
    |kernel_data_V_90                                                                       |   4|   0|    4|          0|
    |kernel_data_V_90_ret_reg_3250                                                          |   4|   0|    4|          0|
    |kernel_data_V_91                                                                       |   4|   0|    4|          0|
    |kernel_data_V_91_ret_reg_3255                                                          |   4|   0|    4|          0|
    |kernel_data_V_92                                                                       |   4|   0|    4|          0|
    |kernel_data_V_92_ret_reg_3260                                                          |   4|   0|    4|          0|
    |kernel_data_V_93                                                                       |   4|   0|    4|          0|
    |kernel_data_V_93_ret_reg_3265                                                          |   4|   0|    4|          0|
    |kernel_data_V_94                                                                       |   4|   0|    4|          0|
    |kernel_data_V_94_ret_reg_3270                                                          |   4|   0|    4|          0|
    |kernel_data_V_95                                                                       |   4|   0|    4|          0|
    |kernel_data_V_95_ret_reg_3275                                                          |   4|   0|    4|          0|
    |kernel_data_V_96_ret_reg_2795                                                          |   4|   0|    4|          0|
    |kernel_data_V_97_ret_reg_2790                                                          |   4|   0|    4|          0|
    |kernel_data_V_98_ret_reg_2785                                                          |   4|   0|    4|          0|
    |kernel_data_V_99_ret_reg_2780                                                          |   4|   0|    4|          0|
    |kernel_data_V_9_ret_reg_2910                                                           |   4|   0|    4|          0|
    |pX_2                                                                                   |  32|   0|   32|          0|
    |pX_2_load_reg_3466                                                                     |  32|   0|   32|          0|
    |pY_2                                                                                   |  32|   0|   32|          0|
    |pY_2_load_reg_3460                                                                     |  32|   0|   32|          0|
    |sX_2                                                                                   |  32|   0|   32|          0|
    |sX_2_load_reg_3440                                                                     |  32|   0|   32|          0|
    |sY_2                                                                                   |  32|   0|   32|          0|
    |sY_2_load_reg_3450                                                                     |  32|   0|   32|          0|
    |select_ln313_reg_3569                                                                  |  32|   0|   32|          0|
    |select_ln318_reg_3560                                                                  |  32|   0|   32|          0|
    |storemerge_reg_506                                                                     |  32|   0|   32|          0|
    |tmp_data_0_V_reg_3476                                                                  |   4|   0|    4|          0|
    |tmp_data_10_V_reg_3526                                                                 |   4|   0|    4|          0|
    |tmp_data_11_V_reg_3531                                                                 |   4|   0|    4|          0|
    |tmp_data_12_V_reg_3536                                                                 |   4|   0|    4|          0|
    |tmp_data_13_V_reg_3541                                                                 |   4|   0|    4|          0|
    |tmp_data_14_V_reg_3546                                                                 |   4|   0|    4|          0|
    |tmp_data_15_V_reg_3551                                                                 |   4|   0|    4|          0|
    |tmp_data_1_V_reg_3481                                                                  |   4|   0|    4|          0|
    |tmp_data_2_V_reg_3486                                                                  |   4|   0|    4|          0|
    |tmp_data_3_V_reg_3491                                                                  |   4|   0|    4|          0|
    |tmp_data_4_V_reg_3496                                                                  |   4|   0|    4|          0|
    |tmp_data_5_V_reg_3501                                                                  |   4|   0|    4|          0|
    |tmp_data_6_V_reg_3506                                                                  |   4|   0|    4|          0|
    |tmp_data_7_V_reg_3511                                                                  |   4|   0|    4|          0|
    |tmp_data_8_V_reg_3516                                                                  |   4|   0|    4|          0|
    |tmp_data_9_V_reg_3521                                                                  |   4|   0|    4|          0|
    +---------------------------------------------------------------------------------------+----+----+-----+-----------+
    |Total                                                                                  |1387|   0| 1387|          0|
    +---------------------------------------------------------------------------------------+----+----+-----+-----------+



================================================================
== Interface
================================================================
* Summary: 
+-------------------------------+-----+-----+------------+-------------------------------------------------------------------------+--------------+
|           RTL Ports           | Dir | Bits|  Protocol  |                              Source Object                              |    C Type    |
+-------------------------------+-----+-----+------------+-------------------------------------------------------------------------+--------------+
|ap_clk                         |  in |    1| ap_ctrl_hs | compute_output_buffer_2d<array,array<ap_fixed<4,2,5,3,0>,16u>,config12> | return value |
|ap_rst                         |  in |    1| ap_ctrl_hs | compute_output_buffer_2d<array,array<ap_fixed<4,2,5,3,0>,16u>,config12> | return value |
|ap_start                       |  in |    1| ap_ctrl_hs | compute_output_buffer_2d<array,array<ap_fixed<4,2,5,3,0>,16u>,config12> | return value |
|ap_done                        | out |    1| ap_ctrl_hs | compute_output_buffer_2d<array,array<ap_fixed<4,2,5,3,0>,16u>,config12> | return value |
|ap_idle                        | out |    1| ap_ctrl_hs | compute_output_buffer_2d<array,array<ap_fixed<4,2,5,3,0>,16u>,config12> | return value |
|ap_ready                       | out |    1| ap_ctrl_hs | compute_output_buffer_2d<array,array<ap_fixed<4,2,5,3,0>,16u>,config12> | return value |
|in_elem_data_0_V_read          |  in |    4|   ap_none  |                          in_elem_data_0_V_read                          |    scalar    |
|in_elem_data_1_V_read          |  in |    4|   ap_none  |                          in_elem_data_1_V_read                          |    scalar    |
|in_elem_data_2_V_read          |  in |    4|   ap_none  |                          in_elem_data_2_V_read                          |    scalar    |
|in_elem_data_3_V_read          |  in |    4|   ap_none  |                          in_elem_data_3_V_read                          |    scalar    |
|in_elem_data_4_V_read          |  in |    4|   ap_none  |                          in_elem_data_4_V_read                          |    scalar    |
|in_elem_data_5_V_read          |  in |    4|   ap_none  |                          in_elem_data_5_V_read                          |    scalar    |
|in_elem_data_6_V_read          |  in |    4|   ap_none  |                          in_elem_data_6_V_read                          |    scalar    |
|in_elem_data_7_V_read          |  in |    4|   ap_none  |                          in_elem_data_7_V_read                          |    scalar    |
|in_elem_data_8_V_read          |  in |    4|   ap_none  |                          in_elem_data_8_V_read                          |    scalar    |
|in_elem_data_9_V_read          |  in |    4|   ap_none  |                          in_elem_data_9_V_read                          |    scalar    |
|in_elem_data_10_V_read         |  in |    4|   ap_none  |                          in_elem_data_10_V_read                         |    scalar    |
|in_elem_data_11_V_read         |  in |    4|   ap_none  |                          in_elem_data_11_V_read                         |    scalar    |
|in_elem_data_12_V_read         |  in |    4|   ap_none  |                          in_elem_data_12_V_read                         |    scalar    |
|in_elem_data_13_V_read         |  in |    4|   ap_none  |                          in_elem_data_13_V_read                         |    scalar    |
|in_elem_data_14_V_read         |  in |    4|   ap_none  |                          in_elem_data_14_V_read                         |    scalar    |
|in_elem_data_15_V_read         |  in |    4|   ap_none  |                          in_elem_data_15_V_read                         |    scalar    |
|res_stream_V_data_0_V_din      | out |    4|   ap_fifo  |                          res_stream_V_data_0_V                          |    pointer   |
|res_stream_V_data_0_V_full_n   |  in |    1|   ap_fifo  |                          res_stream_V_data_0_V                          |    pointer   |
|res_stream_V_data_0_V_write    | out |    1|   ap_fifo  |                          res_stream_V_data_0_V                          |    pointer   |
|res_stream_V_data_1_V_din      | out |    4|   ap_fifo  |                          res_stream_V_data_1_V                          |    pointer   |
|res_stream_V_data_1_V_full_n   |  in |    1|   ap_fifo  |                          res_stream_V_data_1_V                          |    pointer   |
|res_stream_V_data_1_V_write    | out |    1|   ap_fifo  |                          res_stream_V_data_1_V                          |    pointer   |
|res_stream_V_data_2_V_din      | out |    4|   ap_fifo  |                          res_stream_V_data_2_V                          |    pointer   |
|res_stream_V_data_2_V_full_n   |  in |    1|   ap_fifo  |                          res_stream_V_data_2_V                          |    pointer   |
|res_stream_V_data_2_V_write    | out |    1|   ap_fifo  |                          res_stream_V_data_2_V                          |    pointer   |
|res_stream_V_data_3_V_din      | out |    4|   ap_fifo  |                          res_stream_V_data_3_V                          |    pointer   |
|res_stream_V_data_3_V_full_n   |  in |    1|   ap_fifo  |                          res_stream_V_data_3_V                          |    pointer   |
|res_stream_V_data_3_V_write    | out |    1|   ap_fifo  |                          res_stream_V_data_3_V                          |    pointer   |
|res_stream_V_data_4_V_din      | out |    4|   ap_fifo  |                          res_stream_V_data_4_V                          |    pointer   |
|res_stream_V_data_4_V_full_n   |  in |    1|   ap_fifo  |                          res_stream_V_data_4_V                          |    pointer   |
|res_stream_V_data_4_V_write    | out |    1|   ap_fifo  |                          res_stream_V_data_4_V                          |    pointer   |
|res_stream_V_data_5_V_din      | out |    4|   ap_fifo  |                          res_stream_V_data_5_V                          |    pointer   |
|res_stream_V_data_5_V_full_n   |  in |    1|   ap_fifo  |                          res_stream_V_data_5_V                          |    pointer   |
|res_stream_V_data_5_V_write    | out |    1|   ap_fifo  |                          res_stream_V_data_5_V                          |    pointer   |
|res_stream_V_data_6_V_din      | out |    4|   ap_fifo  |                          res_stream_V_data_6_V                          |    pointer   |
|res_stream_V_data_6_V_full_n   |  in |    1|   ap_fifo  |                          res_stream_V_data_6_V                          |    pointer   |
|res_stream_V_data_6_V_write    | out |    1|   ap_fifo  |                          res_stream_V_data_6_V                          |    pointer   |
|res_stream_V_data_7_V_din      | out |    4|   ap_fifo  |                          res_stream_V_data_7_V                          |    pointer   |
|res_stream_V_data_7_V_full_n   |  in |    1|   ap_fifo  |                          res_stream_V_data_7_V                          |    pointer   |
|res_stream_V_data_7_V_write    | out |    1|   ap_fifo  |                          res_stream_V_data_7_V                          |    pointer   |
|res_stream_V_data_8_V_din      | out |    4|   ap_fifo  |                          res_stream_V_data_8_V                          |    pointer   |
|res_stream_V_data_8_V_full_n   |  in |    1|   ap_fifo  |                          res_stream_V_data_8_V                          |    pointer   |
|res_stream_V_data_8_V_write    | out |    1|   ap_fifo  |                          res_stream_V_data_8_V                          |    pointer   |
|res_stream_V_data_9_V_din      | out |    4|   ap_fifo  |                          res_stream_V_data_9_V                          |    pointer   |
|res_stream_V_data_9_V_full_n   |  in |    1|   ap_fifo  |                          res_stream_V_data_9_V                          |    pointer   |
|res_stream_V_data_9_V_write    | out |    1|   ap_fifo  |                          res_stream_V_data_9_V                          |    pointer   |
|res_stream_V_data_10_V_din     | out |    4|   ap_fifo  |                          res_stream_V_data_10_V                         |    pointer   |
|res_stream_V_data_10_V_full_n  |  in |    1|   ap_fifo  |                          res_stream_V_data_10_V                         |    pointer   |
|res_stream_V_data_10_V_write   | out |    1|   ap_fifo  |                          res_stream_V_data_10_V                         |    pointer   |
|res_stream_V_data_11_V_din     | out |    4|   ap_fifo  |                          res_stream_V_data_11_V                         |    pointer   |
|res_stream_V_data_11_V_full_n  |  in |    1|   ap_fifo  |                          res_stream_V_data_11_V                         |    pointer   |
|res_stream_V_data_11_V_write   | out |    1|   ap_fifo  |                          res_stream_V_data_11_V                         |    pointer   |
|res_stream_V_data_12_V_din     | out |    4|   ap_fifo  |                          res_stream_V_data_12_V                         |    pointer   |
|res_stream_V_data_12_V_full_n  |  in |    1|   ap_fifo  |                          res_stream_V_data_12_V                         |    pointer   |
|res_stream_V_data_12_V_write   | out |    1|   ap_fifo  |                          res_stream_V_data_12_V                         |    pointer   |
|res_stream_V_data_13_V_din     | out |    4|   ap_fifo  |                          res_stream_V_data_13_V                         |    pointer   |
|res_stream_V_data_13_V_full_n  |  in |    1|   ap_fifo  |                          res_stream_V_data_13_V                         |    pointer   |
|res_stream_V_data_13_V_write   | out |    1|   ap_fifo  |                          res_stream_V_data_13_V                         |    pointer   |
|res_stream_V_data_14_V_din     | out |    4|   ap_fifo  |                          res_stream_V_data_14_V                         |    pointer   |
|res_stream_V_data_14_V_full_n  |  in |    1|   ap_fifo  |                          res_stream_V_data_14_V                         |    pointer   |
|res_stream_V_data_14_V_write   | out |    1|   ap_fifo  |                          res_stream_V_data_14_V                         |    pointer   |
|res_stream_V_data_15_V_din     | out |    4|   ap_fifo  |                          res_stream_V_data_15_V                         |    pointer   |
|res_stream_V_data_15_V_full_n  |  in |    1|   ap_fifo  |                          res_stream_V_data_15_V                         |    pointer   |
|res_stream_V_data_15_V_write   | out |    1|   ap_fifo  |                          res_stream_V_data_15_V                         |    pointer   |
+-------------------------------+-----+-----+------------+-------------------------------------------------------------------------+--------------+

