

================================================================
== Vivado HLS Report for 'dense_resource_rf_leq_nin_ap_fixed_ap_fixed_config19_mult_0_0_0_0_0'
================================================================
* Date:           Sun May 25 15:19:20 2025

* Version:        2020.1 (Build 2897737 on Wed May 27 20:21:37 MDT 2020)
* Project:        myproject_prj
* Solution:       solution1
* Product family: zynq
* Target device:  xc7z020-clg400-1


================================================================
== Performance Estimates
================================================================
+ Timing: 
    * Summary: 
    +--------+---------+----------+------------+
    |  Clock |  Target | Estimated| Uncertainty|
    +--------+---------+----------+------------+
    |ap_clk  | 5.00 ns | 3.515 ns |   0.62 ns  |
    +--------+---------+----------+------------+

+ Latency: 
    * Summary: 
    +---------+---------+-----------+-----------+-----+-----+---------+
    |  Latency (cycles) |   Latency (absolute)  |  Interval | Pipeline|
    |   min   |   max   |    min    |    max    | min | max |   Type  |
    +---------+---------+-----------+-----------+-----+-----+---------+
    |        4|        4| 20.000 ns | 20.000 ns |    4|    4|   none  |
    +---------+---------+-----------+-----------+-----+-----+---------+

    + Detail: 
        * Instance: 
        N/A

        * Loop: 
        N/A



================================================================
== Utilization Estimates
================================================================
* Summary: 
+-----------------+---------+-------+--------+-------+-----+
|       Name      | BRAM_18K| DSP48E|   FF   |  LUT  | URAM|
+-----------------+---------+-------+--------+-------+-----+
|DSP              |        -|      -|       -|      -|    -|
|Expression       |        -|      -|       0|   2508|    -|
|FIFO             |        -|      -|       -|      -|    -|
|Instance         |        -|      -|       -|      -|    -|
|Memory           |        -|      -|       -|      -|    -|
|Multiplexer      |        -|      -|       -|     33|    -|
|Register         |        -|      -|     504|      -|    -|
+-----------------+---------+-------+--------+-------+-----+
|Total            |        0|      0|     504|   2541|    0|
+-----------------+---------+-------+--------+-------+-----+
|Available        |      280|    220|  106400|  53200|    0|
+-----------------+---------+-------+--------+-------+-----+
|Utilization (%)  |        0|      0|   ~0   |      4|    0|
+-----------------+---------+-------+--------+-------+-----+

+ Detail: 
    * Instance: 
    N/A

    * DSP48E: 
    N/A

    * Memory: 
    N/A

    * FIFO: 
    N/A

    * Expression: 
    +---------------------------+----------+-------+---+----+------------+------------+
    |       Variable Name       | Operation| DSP48E| FF| LUT| Bitwidth P0| Bitwidth P1|
    +---------------------------+----------+-------+---+----+------------+------------+
    |acc_0_V_fu_3339_p2         |     +    |      0|  0|   8|           4|           4|
    |acc_1_V_fu_3348_p2         |     +    |      0|  0|   8|           4|           4|
    |acc_2_V_fu_3357_p2         |     +    |      0|  0|   8|           4|           4|
    |acc_3_V_fu_3366_p2         |     +    |      0|  0|   8|           4|           4|
    |add_ln703_252_fu_1872_p2   |     +    |      0|  0|   8|           4|           4|
    |add_ln703_253_fu_1878_p2   |     +    |      0|  0|   8|           4|           4|
    |add_ln703_254_fu_1883_p2   |     +    |      0|  0|  13|           4|           4|
    |add_ln703_255_fu_1889_p2   |     +    |      0|  0|   8|           4|           4|
    |add_ln703_256_fu_1894_p2   |     +    |      0|  0|   8|           4|           4|
    |add_ln703_257_fu_2949_p2   |     +    |      0|  0|   8|           4|           4|
    |add_ln703_258_fu_2953_p2   |     +    |      0|  0|   8|           4|           4|
    |add_ln703_259_fu_1900_p2   |     +    |      0|  0|  13|           4|           4|
    |add_ln703_260_fu_2958_p2   |     +    |      0|  0|   8|           4|           4|
    |add_ln703_261_fu_2962_p2   |     +    |      0|  0|   8|           4|           4|
    |add_ln703_262_fu_1905_p2   |     +    |      0|  0|  13|           4|           4|
    |add_ln703_263_fu_1911_p2   |     +    |      0|  0|  13|           4|           4|
    |add_ln703_264_fu_2967_p2   |     +    |      0|  0|   8|           4|           4|
    |add_ln703_265_fu_2971_p2   |     +    |      0|  0|   8|           4|           4|
    |add_ln703_266_fu_3232_p2   |     +    |      0|  0|   8|           4|           4|
    |add_ln703_267_fu_3236_p2   |     +    |      0|  0|   8|           4|           4|
    |add_ln703_268_fu_1917_p2   |     +    |      0|  0|  13|           4|           4|
    |add_ln703_269_fu_2976_p2   |     +    |      0|  0|   8|           4|           4|
    |add_ln703_270_fu_2982_p2   |     +    |      0|  0|   8|           4|           4|
    |add_ln703_271_fu_2987_p2   |     +    |      0|  0|  13|           4|           4|
    |add_ln703_272_fu_1923_p2   |     +    |      0|  0|  13|           4|           4|
    |add_ln703_273_fu_2991_p2   |     +    |      0|  0|  13|           4|           4|
    |add_ln703_274_fu_3241_p2   |     +    |      0|  0|   8|           4|           4|
    |add_ln703_275_fu_3245_p2   |     +    |      0|  0|   8|           4|           4|
    |add_ln703_276_fu_1929_p2   |     +    |      0|  0|  13|           4|           4|
    |add_ln703_277_fu_1935_p2   |     +    |      0|  0|  13|           4|           4|
    |add_ln703_278_fu_2996_p2   |     +    |      0|  0|   8|           4|           4|
    |add_ln703_279_fu_3001_p2   |     +    |      0|  0|   8|           4|           4|
    |add_ln703_280_fu_3006_p2   |     +    |      0|  0|  13|           4|           4|
    |add_ln703_281_fu_1941_p2   |     +    |      0|  0|  12|           3|           3|
    |add_ln703_282_fu_1951_p2   |     +    |      0|  0|  13|           4|           4|
    |add_ln703_283_fu_3250_p2   |     +    |      0|  0|   8|           4|           4|
    |add_ln703_284_fu_3254_p2   |     +    |      0|  0|   8|           4|           4|
    |add_ln703_285_fu_3335_p2   |     +    |      0|  0|   8|           4|           4|
    |add_ln703_287_fu_1030_p2   |     +    |      0|  0|  13|           4|           4|
    |add_ln703_288_fu_1036_p2   |     +    |      0|  0|  13|           4|           4|
    |add_ln703_289_fu_2329_p2   |     +    |      0|  0|   8|           4|           4|
    |add_ln703_290_fu_2334_p2   |     +    |      0|  0|   8|           4|           4|
    |add_ln703_291_fu_2339_p2   |     +    |      0|  0|  13|           4|           4|
    |add_ln703_292_fu_2345_p2   |     +    |      0|  0|   8|           4|           4|
    |add_ln703_293_fu_2351_p2   |     +    |      0|  0|   8|           4|           4|
    |add_ln703_294_fu_3021_p2   |     +    |      0|  0|   8|           4|           4|
    |add_ln703_295_fu_3025_p2   |     +    |      0|  0|   8|           4|           4|
    |add_ln703_296_fu_2356_p2   |     +    |      0|  0|  13|           4|           4|
    |add_ln703_297_fu_2362_p2   |     +    |      0|  0|  13|           4|           4|
    |add_ln703_298_fu_3030_p2   |     +    |      0|  0|   8|           4|           4|
    |add_ln703_299_fu_3034_p2   |     +    |      0|  0|   8|           4|           4|
    |add_ln703_300_fu_2368_p2   |     +    |      0|  0|  13|           4|           4|
    |add_ln703_301_fu_2374_p2   |     +    |      0|  0|  13|           4|           4|
    |add_ln703_302_fu_3039_p2   |     +    |      0|  0|   8|           4|           4|
    |add_ln703_303_fu_3043_p2   |     +    |      0|  0|   8|           4|           4|
    |add_ln703_304_fu_3259_p2   |     +    |      0|  0|   8|           4|           4|
    |add_ln703_305_fu_3263_p2   |     +    |      0|  0|   8|           4|           4|
    |add_ln703_306_fu_2380_p2   |     +    |      0|  0|  13|           4|           4|
    |add_ln703_307_fu_2386_p2   |     +    |      0|  0|  13|           4|           4|
    |add_ln703_308_fu_3048_p2   |     +    |      0|  0|   8|           4|           4|
    |add_ln703_309_fu_3052_p2   |     +    |      0|  0|   8|           4|           4|
    |add_ln703_310_fu_3057_p2   |     +    |      0|  0|  13|           4|           4|
    |add_ln703_311_fu_3061_p2   |     +    |      0|  0|   8|           4|           4|
    |add_ln703_312_fu_3067_p2   |     +    |      0|  0|   8|           4|           4|
    |add_ln703_313_fu_3268_p2   |     +    |      0|  0|   8|           4|           4|
    |add_ln703_314_fu_3272_p2   |     +    |      0|  0|   8|           4|           4|
    |add_ln703_315_fu_2392_p2   |     +    |      0|  0|  13|           4|           4|
    |add_ln703_316_fu_2398_p2   |     +    |      0|  0|  12|           3|           2|
    |add_ln703_317_fu_3076_p2   |     +    |      0|  0|   8|           4|           4|
    |add_ln703_318_fu_3082_p2   |     +    |      0|  0|   8|           4|           4|
    |add_ln703_319_fu_2404_p2   |     +    |      0|  0|  12|           3|           3|
    |add_ln703_320_fu_2410_p2   |     +    |      0|  0|  12|           3|           3|
    |add_ln703_321_fu_2420_p2   |     +    |      0|  0|  13|           4|           4|
    |add_ln703_322_fu_3280_p2   |     +    |      0|  0|   8|           4|           4|
    |add_ln703_323_fu_3285_p2   |     +    |      0|  0|   8|           4|           4|
    |add_ln703_324_fu_3344_p2   |     +    |      0|  0|   8|           4|           4|
    |add_ln703_326_fu_2599_p2   |     +    |      0|  0|   8|           4|           4|
    |add_ln703_327_fu_2605_p2   |     +    |      0|  0|   8|           4|           4|
    |add_ln703_328_fu_2610_p2   |     +    |      0|  0|  13|           4|           4|
    |add_ln703_329_fu_2616_p2   |     +    |      0|  0|  13|           4|           4|
    |add_ln703_330_fu_3107_p2   |     +    |      0|  0|   8|           4|           4|
    |add_ln703_331_fu_3111_p2   |     +    |      0|  0|   8|           4|           4|
    |add_ln703_332_fu_1078_p2   |     +    |      0|  0|  13|           4|           4|
    |add_ln703_333_fu_2622_p2   |     +    |      0|  0|   8|           4|           4|
    |add_ln703_334_fu_2628_p2   |     +    |      0|  0|   8|           4|           4|
    |add_ln703_335_fu_2633_p2   |     +    |      0|  0|  13|           4|           4|
    |add_ln703_336_fu_2639_p2   |     +    |      0|  0|  13|           4|           4|
    |add_ln703_337_fu_3116_p2   |     +    |      0|  0|   8|           4|           4|
    |add_ln703_338_fu_3120_p2   |     +    |      0|  0|   8|           4|           4|
    |add_ln703_339_fu_3290_p2   |     +    |      0|  0|   8|           4|           4|
    |add_ln703_340_fu_3294_p2   |     +    |      0|  0|   8|           4|           4|
    |add_ln703_341_fu_2645_p2   |     +    |      0|  0|  13|           4|           4|
    |add_ln703_342_fu_3125_p2   |     +    |      0|  0|   8|           4|           4|
    |add_ln703_343_fu_3130_p2   |     +    |      0|  0|   8|           4|           4|
    |add_ln703_344_fu_3135_p2   |     +    |      0|  0|  13|           4|           4|
    |add_ln703_345_fu_3299_p2   |     +    |      0|  0|   8|           4|           4|
    |add_ln703_346_fu_3303_p2   |     +    |      0|  0|   8|           4|           4|
    |add_ln703_347_fu_2651_p2   |     +    |      0|  0|  13|           4|           4|
    |add_ln703_348_fu_3141_p2   |     +    |      0|  0|   8|           4|           4|
    |add_ln703_349_fu_3145_p2   |     +    |      0|  0|   8|           4|           4|
    |add_ln703_350_fu_3150_p2   |     +    |      0|  0|  13|           4|           4|
    |add_ln703_351_fu_2657_p2   |     +    |      0|  0|  12|           3|           3|
    |add_ln703_352_fu_2667_p2   |     +    |      0|  0|  13|           4|           4|
    |add_ln703_353_fu_3308_p2   |     +    |      0|  0|   8|           4|           4|
    |add_ln703_354_fu_3312_p2   |     +    |      0|  0|   8|           4|           4|
    |add_ln703_355_fu_3353_p2   |     +    |      0|  0|   8|           4|           4|
    |add_ln703_357_fu_1182_p2   |     +    |      0|  0|  13|           4|           4|
    |add_ln703_358_fu_2823_p2   |     +    |      0|  0|   8|           4|           4|
    |add_ln703_359_fu_2828_p2   |     +    |      0|  0|   8|           4|           4|
    |add_ln703_360_fu_2833_p2   |     +    |      0|  0|  13|           4|           4|
    |add_ln703_361_fu_2839_p2   |     +    |      0|  0|   8|           4|           4|
    |add_ln703_362_fu_2845_p2   |     +    |      0|  0|   8|           4|           4|
    |add_ln703_363_fu_3165_p2   |     +    |      0|  0|   8|           4|           4|
    |add_ln703_364_fu_3169_p2   |     +    |      0|  0|   8|           4|           4|
    |add_ln703_365_fu_2851_p2   |     +    |      0|  0|  13|           4|           4|
    |add_ln703_366_fu_2857_p2   |     +    |      0|  0|  13|           4|           4|
    |add_ln703_367_fu_3174_p2   |     +    |      0|  0|   8|           4|           4|
    |add_ln703_368_fu_3179_p2   |     +    |      0|  0|   8|           4|           4|
    |add_ln703_369_fu_2863_p2   |     +    |      0|  0|  13|           4|           4|
    |add_ln703_370_fu_2869_p2   |     +    |      0|  0|  13|           4|           4|
    |add_ln703_371_fu_3184_p2   |     +    |      0|  0|   8|           4|           4|
    |add_ln703_372_fu_3189_p2   |     +    |      0|  0|   8|           4|           4|
    |add_ln703_373_fu_3317_p2   |     +    |      0|  0|   8|           4|           4|
    |add_ln703_374_fu_3321_p2   |     +    |      0|  0|   8|           4|           4|
    |add_ln703_375_fu_2875_p2   |     +    |      0|  0|  13|           4|           4|
    |add_ln703_376_fu_2881_p2   |     +    |      0|  0|  13|           4|           4|
    |add_ln703_377_fu_3194_p2   |     +    |      0|  0|   8|           4|           4|
    |add_ln703_378_fu_3198_p2   |     +    |      0|  0|   8|           4|           4|
    |add_ln703_379_fu_3203_p2   |     +    |      0|  0|  13|           4|           4|
    |add_ln703_380_fu_3208_p2   |     +    |      0|  0|   8|           4|           4|
    |add_ln703_381_fu_3214_p2   |     +    |      0|  0|   8|           4|           4|
    |add_ln703_382_fu_3326_p2   |     +    |      0|  0|   8|           4|           4|
    |add_ln703_383_fu_3330_p2   |     +    |      0|  0|   8|           4|           4|
    |add_ln703_384_fu_1188_p2   |     +    |      0|  0|  12|           3|           2|
    |add_ln703_385_fu_1194_p2   |     +    |      0|  0|  12|           3|           3|
    |add_ln703_386_fu_2893_p2   |     +    |      0|  0|   8|           4|           4|
    |add_ln703_387_fu_2899_p2   |     +    |      0|  0|   8|           4|           4|
    |add_ln703_388_fu_2905_p2   |     +    |      0|  0|  12|           3|           3|
    |add_ln703_389_fu_2911_p2   |     +    |      0|  0|  12|           3|           3|
    |add_ln703_390_fu_2921_p2   |     +    |      0|  0|  13|           4|           4|
    |add_ln703_391_fu_3222_p2   |     +    |      0|  0|   8|           4|           4|
    |add_ln703_392_fu_3227_p2   |     +    |      0|  0|   8|           4|           4|
    |add_ln703_393_fu_3362_p2   |     +    |      0|  0|   8|           4|           4|
    |add_ln703_fu_862_p2        |     +    |      0|  0|  13|           4|           4|
    |sub_ln1118_128_fu_622_p2   |     -    |      0|  0|  15|           1|           5|
    |sub_ln1118_129_fu_646_p2   |     -    |      0|  0|  15|           1|           5|
    |sub_ln1118_130_fu_666_p2   |     -    |      0|  0|  15|           1|           5|
    |sub_ln1118_131_fu_690_p2   |     -    |      0|  0|  15|           1|           5|
    |sub_ln1118_132_fu_1216_p2  |     -    |      0|  0|  15|           1|           5|
    |sub_ln1118_133_fu_714_p2   |     -    |      0|  0|  15|           1|           5|
    |sub_ln1118_134_fu_738_p2   |     -    |      0|  0|  15|           1|           5|
    |sub_ln1118_135_fu_770_p2   |     -    |      0|  0|  15|           1|           6|
    |sub_ln1118_136_fu_790_p2   |     -    |      0|  0|  15|           1|           5|
    |sub_ln1118_137_fu_818_p2   |     -    |      0|  0|  15|           1|           5|
    |sub_ln1118_138_fu_1283_p2  |     -    |      0|  0|  15|           1|           5|
    |sub_ln1118_139_fu_846_p2   |     -    |      0|  0|  15|           1|           5|
    |sub_ln1118_140_fu_1322_p2  |     -    |      0|  0|  15|           1|           5|
    |sub_ln1118_141_fu_1350_p2  |     -    |      0|  0|  15|           1|           5|
    |sub_ln1118_142_fu_1374_p2  |     -    |      0|  0|  15|           1|           5|
    |sub_ln1118_143_fu_1398_p2  |     -    |      0|  0|  15|           1|           5|
    |sub_ln1118_144_fu_1426_p2  |     -    |      0|  0|  15|           1|           5|
    |sub_ln1118_145_fu_1450_p2  |     -    |      0|  0|  15|           1|           5|
    |sub_ln1118_146_fu_1492_p2  |     -    |      0|  0|  15|           1|           5|
    |sub_ln1118_147_fu_1516_p2  |     -    |      0|  0|  15|           1|           5|
    |sub_ln1118_148_fu_1540_p2  |     -    |      0|  0|  15|           1|           5|
    |sub_ln1118_149_fu_1560_p2  |     -    |      0|  0|  15|           1|           5|
    |sub_ln1118_150_fu_1588_p2  |     -    |      0|  0|  15|           1|           5|
    |sub_ln1118_151_fu_1612_p2  |     -    |      0|  0|  15|           1|           5|
    |sub_ln1118_152_fu_1632_p2  |     -    |      0|  0|  15|           1|           5|
    |sub_ln1118_153_fu_1656_p2  |     -    |      0|  0|  15|           1|           5|
    |sub_ln1118_154_fu_1680_p2  |     -    |      0|  0|  15|           1|           5|
    |sub_ln1118_155_fu_1708_p2  |     -    |      0|  0|  15|           1|           5|
    |sub_ln1118_156_fu_1736_p2  |     -    |      0|  0|  15|           1|           5|
    |sub_ln1118_157_fu_1780_p2  |     -    |      0|  0|  15|           1|           5|
    |sub_ln1118_158_fu_1808_p2  |     -    |      0|  0|  15|           1|           5|
    |sub_ln1118_159_fu_1836_p2  |     -    |      0|  0|  15|           1|           5|
    |sub_ln1118_160_fu_1856_p2  |     -    |      0|  0|  15|           1|           5|
    |sub_ln1118_161_fu_868_p2   |     -    |      0|  0|  15|           1|           5|
    |sub_ln1118_162_fu_888_p2   |     -    |      0|  0|  15|           1|           5|
    |sub_ln1118_163_fu_918_p2   |     -    |      0|  0|  15|           1|           5|
    |sub_ln1118_164_fu_934_p2   |     -    |      0|  0|  15|           1|           5|
    |sub_ln1118_165_fu_966_p2   |     -    |      0|  0|  15|           1|           6|
    |sub_ln1118_166_fu_982_p2   |     -    |      0|  0|  15|           1|           5|
    |sub_ln1118_167_fu_998_p2   |     -    |      0|  0|  15|           1|           5|
    |sub_ln1118_168_fu_1014_p2  |     -    |      0|  0|  15|           1|           5|
    |sub_ln1118_169_fu_2003_p2  |     -    |      0|  0|  15|           1|           5|
    |sub_ln1118_170_fu_2023_p2  |     -    |      0|  0|  15|           1|           5|
    |sub_ln1118_171_fu_2043_p2  |     -    |      0|  0|  15|           1|           5|
    |sub_ln1118_172_fu_2063_p2  |     -    |      0|  0|  15|           1|           5|
    |sub_ln1118_173_fu_2083_p2  |     -    |      0|  0|  15|           1|           5|
    |sub_ln1118_174_fu_2115_p2  |     -    |      0|  0|  15|           1|           6|
    |sub_ln1118_175_fu_2143_p2  |     -    |      0|  0|  15|           1|           6|
    |sub_ln1118_176_fu_2187_p2  |     -    |      0|  0|  15|           1|           5|
    |sub_ln1118_177_fu_2207_p2  |     -    |      0|  0|  15|           1|           5|
    |sub_ln1118_178_fu_2227_p2  |     -    |      0|  0|  15|           1|           5|
    |sub_ln1118_179_fu_2243_p2  |     -    |      0|  0|  15|           1|           5|
    |sub_ln1118_180_fu_2259_p2  |     -    |      0|  0|  15|           1|           5|
    |sub_ln1118_181_fu_2275_p2  |     -    |      0|  0|  15|           1|           5|
    |sub_ln1118_182_fu_2295_p2  |     -    |      0|  0|  15|           1|           5|
    |sub_ln1118_183_fu_2426_p2  |     -    |      0|  0|  15|           1|           5|
    |sub_ln1118_184_fu_2446_p2  |     -    |      0|  0|  15|           1|           5|
    |sub_ln1118_185_fu_2466_p2  |     -    |      0|  0|  15|           1|           5|
    |sub_ln1118_186_fu_1042_p2  |     -    |      0|  0|  15|           1|           5|
    |sub_ln1118_187_fu_1062_p2  |     -    |      0|  0|  15|           1|           5|
    |sub_ln1118_188_fu_2515_p2  |     -    |      0|  0|  15|           1|           6|
    |sub_ln1118_189_fu_2531_p2  |     -    |      0|  0|  15|           1|           5|
    |sub_ln1118_190_fu_2565_p2  |     -    |      0|  0|  15|           1|           5|
    |sub_ln1118_191_fu_3087_p2  |     -    |      0|  0|  15|           1|           5|
    |sub_ln1118_192_fu_1096_p2  |     -    |      0|  0|  15|           1|           6|
    |sub_ln1118_193_fu_1138_p2  |     -    |      0|  0|  15|           1|           6|
    |sub_ln1118_194_fu_2673_p2  |     -    |      0|  0|  15|           1|           5|
    |sub_ln1118_195_fu_2693_p2  |     -    |      0|  0|  15|           1|           5|
    |sub_ln1118_196_fu_2713_p2  |     -    |      0|  0|  15|           1|           5|
    |sub_ln1118_197_fu_2729_p2  |     -    |      0|  0|  15|           1|           5|
    |sub_ln1118_198_fu_2759_p2  |     -    |      0|  0|  15|           1|           5|
    |sub_ln1118_199_fu_2807_p2  |     -    |      0|  0|  15|           1|           5|
    |sub_ln1118_fu_602_p2       |     -    |      0|  0|  15|           1|           6|
    +---------------------------+----------+-------+---+----+------------+------------+
    |Total                      |          |      0|  0|2508|         640|         938|
    +---------------------------+----------+-------+---+----+------------+------------+

    * Multiplexer: 
    +-----------+----+-----------+-----+-----------+
    |    Name   | LUT| Input Size| Bits| Total Bits|
    +-----------+----+-----------+-----+-----------+
    |ap_NS_fsm  |  33|          6|    1|          6|
    +-----------+----+-----------+-----+-----------+
    |Total      |  33|          6|    1|          6|
    +-----------+----+-----------+-----+-----------+

    * Register: 
    +--------------------------+---+----+-----+-----------+
    |           Name           | FF| LUT| Bits| Const Bits|
    +--------------------------+---+----+-----+-----------+
    |add_ln703_253_reg_3591    |  4|   0|    4|          0|
    |add_ln703_254_reg_3596    |  4|   0|    4|          0|
    |add_ln703_256_reg_3601    |  4|   0|    4|          0|
    |add_ln703_258_reg_3873    |  4|   0|    4|          0|
    |add_ln703_259_reg_3606    |  4|   0|    4|          0|
    |add_ln703_261_reg_3878    |  4|   0|    4|          0|
    |add_ln703_262_reg_3611    |  4|   0|    4|          0|
    |add_ln703_263_reg_3616    |  4|   0|    4|          0|
    |add_ln703_265_reg_3883    |  4|   0|    4|          0|
    |add_ln703_267_reg_4013    |  4|   0|    4|          0|
    |add_ln703_268_reg_3621    |  4|   0|    4|          0|
    |add_ln703_270_reg_3888    |  4|   0|    4|          0|
    |add_ln703_271_reg_3893    |  4|   0|    4|          0|
    |add_ln703_272_reg_3626    |  4|   0|    4|          0|
    |add_ln703_273_reg_3898    |  4|   0|    4|          0|
    |add_ln703_275_reg_4018    |  4|   0|    4|          0|
    |add_ln703_276_reg_3632    |  4|   0|    4|          0|
    |add_ln703_277_reg_3637    |  4|   0|    4|          0|
    |add_ln703_279_reg_3903    |  4|   0|    4|          0|
    |add_ln703_280_reg_3908    |  4|   0|    4|          0|
    |add_ln703_282_reg_3642    |  4|   0|    4|          0|
    |add_ln703_284_reg_4023    |  4|   0|    4|          0|
    |add_ln703_287_reg_3477    |  4|   0|    4|          0|
    |add_ln703_288_reg_3483    |  4|   0|    4|          0|
    |add_ln703_290_reg_3683    |  4|   0|    4|          0|
    |add_ln703_291_reg_3688    |  4|   0|    4|          0|
    |add_ln703_293_reg_3693    |  4|   0|    4|          0|
    |add_ln703_295_reg_3913    |  4|   0|    4|          0|
    |add_ln703_296_reg_3698    |  4|   0|    4|          0|
    |add_ln703_297_reg_3703    |  4|   0|    4|          0|
    |add_ln703_299_reg_3918    |  4|   0|    4|          0|
    |add_ln703_300_reg_3708    |  4|   0|    4|          0|
    |add_ln703_301_reg_3713    |  4|   0|    4|          0|
    |add_ln703_303_reg_3923    |  4|   0|    4|          0|
    |add_ln703_305_reg_4028    |  4|   0|    4|          0|
    |add_ln703_306_reg_3718    |  4|   0|    4|          0|
    |add_ln703_307_reg_3723    |  4|   0|    4|          0|
    |add_ln703_309_reg_3928    |  4|   0|    4|          0|
    |add_ln703_310_reg_3933    |  4|   0|    4|          0|
    |add_ln703_312_reg_3938    |  4|   0|    4|          0|
    |add_ln703_314_reg_4033    |  4|   0|    4|          0|
    |add_ln703_315_reg_3728    |  4|   0|    4|          0|
    |add_ln703_316_reg_3733    |  3|   0|    3|          0|
    |add_ln703_318_reg_3943    |  4|   0|    4|          0|
    |add_ln703_319_reg_3738    |  3|   0|    3|          0|
    |add_ln703_321_reg_3743    |  4|   0|    4|          0|
    |add_ln703_323_reg_4038    |  4|   0|    4|          0|
    |add_ln703_327_reg_3753    |  4|   0|    4|          0|
    |add_ln703_328_reg_3758    |  4|   0|    4|          0|
    |add_ln703_329_reg_3763    |  4|   0|    4|          0|
    |add_ln703_331_reg_3948    |  4|   0|    4|          0|
    |add_ln703_332_reg_3493    |  4|   0|    4|          0|
    |add_ln703_334_reg_3768    |  4|   0|    4|          0|
    |add_ln703_335_reg_3773    |  4|   0|    4|          0|
    |add_ln703_336_reg_3778    |  4|   0|    4|          0|
    |add_ln703_338_reg_3953    |  4|   0|    4|          0|
    |add_ln703_340_reg_4043    |  4|   0|    4|          0|
    |add_ln703_341_reg_3783    |  4|   0|    4|          0|
    |add_ln703_343_reg_3958    |  4|   0|    4|          0|
    |add_ln703_344_reg_3963    |  4|   0|    4|          0|
    |add_ln703_346_reg_4048    |  4|   0|    4|          0|
    |add_ln703_347_reg_3788    |  4|   0|    4|          0|
    |add_ln703_349_reg_3968    |  4|   0|    4|          0|
    |add_ln703_350_reg_3973    |  4|   0|    4|          0|
    |add_ln703_352_reg_3793    |  4|   0|    4|          0|
    |add_ln703_354_reg_4053    |  4|   0|    4|          0|
    |add_ln703_357_reg_3503    |  4|   0|    4|          0|
    |add_ln703_359_reg_3813    |  4|   0|    4|          0|
    |add_ln703_360_reg_3818    |  4|   0|    4|          0|
    |add_ln703_362_reg_3823    |  4|   0|    4|          0|
    |add_ln703_364_reg_3978    |  4|   0|    4|          0|
    |add_ln703_365_reg_3828    |  4|   0|    4|          0|
    |add_ln703_366_reg_3833    |  4|   0|    4|          0|
    |add_ln703_368_reg_3983    |  4|   0|    4|          0|
    |add_ln703_369_reg_3838    |  4|   0|    4|          0|
    |add_ln703_370_reg_3843    |  4|   0|    4|          0|
    |add_ln703_372_reg_3988    |  4|   0|    4|          0|
    |add_ln703_374_reg_4058    |  4|   0|    4|          0|
    |add_ln703_375_reg_3848    |  4|   0|    4|          0|
    |add_ln703_376_reg_3853    |  4|   0|    4|          0|
    |add_ln703_378_reg_3993    |  4|   0|    4|          0|
    |add_ln703_379_reg_3998    |  4|   0|    4|          0|
    |add_ln703_381_reg_4003    |  4|   0|    4|          0|
    |add_ln703_383_reg_4063    |  4|   0|    4|          0|
    |add_ln703_384_reg_3508    |  3|   0|    3|          0|
    |add_ln703_385_reg_3513    |  3|   0|    3|          0|
    |add_ln703_387_reg_3858    |  4|   0|    4|          0|
    |add_ln703_388_reg_3863    |  3|   0|    3|          0|
    |add_ln703_390_reg_3868    |  4|   0|    4|          0|
    |add_ln703_392_reg_4008    |  4|   0|    4|          0|
    |add_ln703_reg_3446        |  4|   0|    4|          0|
    |ap_CS_fsm                 |  5|   0|    5|          0|
    |sext_ln708_122_reg_3430   |  4|   0|    4|          0|
    |sext_ln708_124_reg_3518   |  4|   0|    4|          0|
    |sext_ln708_125_reg_3523   |  4|   0|    4|          0|
    |sext_ln708_128_reg_3529   |  4|   0|    4|          0|
    |sext_ln708_130_reg_3534   |  4|   0|    4|          0|
    |sext_ln708_135_reg_3549   |  4|   0|    4|          0|
    |sext_ln708_136_reg_3555   |  4|   0|    4|          0|
    |sext_ln708_141_reg_3565   |  4|   0|    4|          0|
    |sext_ln708_144_reg_3576   |  4|   0|    4|          0|
    |sext_ln708_156_reg_3647   |  4|   0|    4|          0|
    |sext_ln708_162_reg_3652   |  4|   0|    4|          0|
    |sext_ln708_166_reg_3672   |  4|   0|    4|          0|
    |sext_ln708_167_reg_3677   |  4|   0|    4|          0|
    |sext_ln708_174_reg_3748   |  4|   0|    4|          0|
    |trunc_ln708_178_reg_3400  |  3|   0|    3|          0|
    |trunc_ln708_179_reg_3405  |  3|   0|    3|          0|
    |trunc_ln708_180_reg_3410  |  3|   0|    3|          0|
    |trunc_ln708_182_reg_3415  |  3|   0|    3|          0|
    |trunc_ln708_183_reg_3420  |  3|   0|    3|          0|
    |trunc_ln708_185_reg_3425  |  4|   0|    4|          0|
    |trunc_ln708_187_reg_3436  |  3|   0|    3|          0|
    |trunc_ln708_189_reg_3441  |  3|   0|    3|          0|
    |trunc_ln708_198_reg_3539  |  3|   0|    3|          0|
    |trunc_ln708_199_reg_3544  |  3|   0|    3|          0|
    |trunc_ln708_202_reg_3560  |  3|   0|    3|          0|
    |trunc_ln708_207_reg_3571  |  3|   0|    3|          0|
    |trunc_ln708_210_reg_3581  |  3|   0|    3|          0|
    |trunc_ln708_211_reg_3586  |  3|   0|    3|          0|
    |trunc_ln708_214_reg_3451  |  2|   0|    2|          0|
    |trunc_ln708_215_reg_3457  |  3|   0|    3|          0|
    |trunc_ln708_219_reg_3462  |  3|   0|    3|          0|
    |trunc_ln708_221_reg_3467  |  3|   0|    3|          0|
    |trunc_ln708_222_reg_3472  |  3|   0|    3|          0|
    |trunc_ln708_234_reg_3657  |  3|   0|    3|          0|
    |trunc_ln708_235_reg_3662  |  3|   0|    3|          0|
    |trunc_ln708_236_reg_3667  |  3|   0|    3|          0|
    |trunc_ln708_244_reg_3488  |  3|   0|    3|          0|
    |trunc_ln708_254_reg_3498  |  4|   0|    4|          0|
    |trunc_ln708_259_reg_3798  |  3|   0|    3|          0|
    |trunc_ln708_260_reg_3803  |  3|   0|    3|          0|
    |trunc_ln708_265_reg_3808  |  3|   0|    3|          0|
    |trunc_ln_reg_3395         |  2|   0|    2|          0|
    +--------------------------+---+----+-----+-----------+
    |Total                     |504|   0|  504|          0|
    +--------------------------+---+----+-----+-----------+



================================================================
== Interface
================================================================
* Summary: 
+----------------+-----+-----+------------+----------------------------------------------------------------------+--------------+
|    RTL Ports   | Dir | Bits|  Protocol  |                             Source Object                            |    C Type    |
+----------------+-----+-----+------------+----------------------------------------------------------------------+--------------+
|ap_clk          |  in |    1| ap_ctrl_hs | dense_resource_rf_leq_nin<ap_fixed,ap_fixed,config19_mult>.0.0.0.0.0 | return value |
|ap_rst          |  in |    1| ap_ctrl_hs | dense_resource_rf_leq_nin<ap_fixed,ap_fixed,config19_mult>.0.0.0.0.0 | return value |
|ap_start        |  in |    1| ap_ctrl_hs | dense_resource_rf_leq_nin<ap_fixed,ap_fixed,config19_mult>.0.0.0.0.0 | return value |
|ap_done         | out |    1| ap_ctrl_hs | dense_resource_rf_leq_nin<ap_fixed,ap_fixed,config19_mult>.0.0.0.0.0 | return value |
|ap_idle         | out |    1| ap_ctrl_hs | dense_resource_rf_leq_nin<ap_fixed,ap_fixed,config19_mult>.0.0.0.0.0 | return value |
|ap_ready        | out |    1| ap_ctrl_hs | dense_resource_rf_leq_nin<ap_fixed,ap_fixed,config19_mult>.0.0.0.0.0 | return value |
|ap_return_0     | out |    4| ap_ctrl_hs | dense_resource_rf_leq_nin<ap_fixed,ap_fixed,config19_mult>.0.0.0.0.0 | return value |
|ap_return_1     | out |    4| ap_ctrl_hs | dense_resource_rf_leq_nin<ap_fixed,ap_fixed,config19_mult>.0.0.0.0.0 | return value |
|ap_return_2     | out |    4| ap_ctrl_hs | dense_resource_rf_leq_nin<ap_fixed,ap_fixed,config19_mult>.0.0.0.0.0 | return value |
|ap_return_3     | out |    4| ap_ctrl_hs | dense_resource_rf_leq_nin<ap_fixed,ap_fixed,config19_mult>.0.0.0.0.0 | return value |
|data_0_V_read   |  in |    4|   ap_none  |                             data_0_V_read                            |    scalar    |
|data_1_V_read   |  in |    4|   ap_none  |                             data_1_V_read                            |    scalar    |
|data_2_V_read   |  in |    4|   ap_none  |                             data_2_V_read                            |    scalar    |
|data_3_V_read   |  in |    4|   ap_none  |                             data_3_V_read                            |    scalar    |
|data_4_V_read   |  in |    4|   ap_none  |                             data_4_V_read                            |    scalar    |
|data_5_V_read   |  in |    4|   ap_none  |                             data_5_V_read                            |    scalar    |
|data_6_V_read   |  in |    4|   ap_none  |                             data_6_V_read                            |    scalar    |
|data_7_V_read   |  in |    4|   ap_none  |                             data_7_V_read                            |    scalar    |
|data_8_V_read   |  in |    4|   ap_none  |                             data_8_V_read                            |    scalar    |
|data_9_V_read   |  in |    4|   ap_none  |                             data_9_V_read                            |    scalar    |
|data_10_V_read  |  in |    4|   ap_none  |                            data_10_V_read                            |    scalar    |
|data_11_V_read  |  in |    4|   ap_none  |                            data_11_V_read                            |    scalar    |
|data_12_V_read  |  in |    4|   ap_none  |                            data_12_V_read                            |    scalar    |
|data_13_V_read  |  in |    4|   ap_none  |                            data_13_V_read                            |    scalar    |
|data_14_V_read  |  in |    4|   ap_none  |                            data_14_V_read                            |    scalar    |
|data_16_V_read  |  in |    4|   ap_none  |                            data_16_V_read                            |    scalar    |
|data_17_V_read  |  in |    4|   ap_none  |                            data_17_V_read                            |    scalar    |
|data_18_V_read  |  in |    4|   ap_none  |                            data_18_V_read                            |    scalar    |
|data_19_V_read  |  in |    4|   ap_none  |                            data_19_V_read                            |    scalar    |
|data_20_V_read  |  in |    4|   ap_none  |                            data_20_V_read                            |    scalar    |
|data_21_V_read  |  in |    4|   ap_none  |                            data_21_V_read                            |    scalar    |
|data_22_V_read  |  in |    4|   ap_none  |                            data_22_V_read                            |    scalar    |
|data_23_V_read  |  in |    4|   ap_none  |                            data_23_V_read                            |    scalar    |
|data_24_V_read  |  in |    4|   ap_none  |                            data_24_V_read                            |    scalar    |
|data_25_V_read  |  in |    4|   ap_none  |                            data_25_V_read                            |    scalar    |
|data_26_V_read  |  in |    4|   ap_none  |                            data_26_V_read                            |    scalar    |
|data_27_V_read  |  in |    4|   ap_none  |                            data_27_V_read                            |    scalar    |
|data_28_V_read  |  in |    4|   ap_none  |                            data_28_V_read                            |    scalar    |
|data_29_V_read  |  in |    4|   ap_none  |                            data_29_V_read                            |    scalar    |
|data_30_V_read  |  in |    4|   ap_none  |                            data_30_V_read                            |    scalar    |
|data_31_V_read  |  in |    4|   ap_none  |                            data_31_V_read                            |    scalar    |
|data_32_V_read  |  in |    4|   ap_none  |                            data_32_V_read                            |    scalar    |
|data_33_V_read  |  in |    4|   ap_none  |                            data_33_V_read                            |    scalar    |
|data_34_V_read  |  in |    4|   ap_none  |                            data_34_V_read                            |    scalar    |
|data_35_V_read  |  in |    4|   ap_none  |                            data_35_V_read                            |    scalar    |
|data_36_V_read  |  in |    4|   ap_none  |                            data_36_V_read                            |    scalar    |
|data_37_V_read  |  in |    4|   ap_none  |                            data_37_V_read                            |    scalar    |
|data_38_V_read  |  in |    4|   ap_none  |                            data_38_V_read                            |    scalar    |
|data_39_V_read  |  in |    4|   ap_none  |                            data_39_V_read                            |    scalar    |
|data_40_V_read  |  in |    4|   ap_none  |                            data_40_V_read                            |    scalar    |
|data_41_V_read  |  in |    4|   ap_none  |                            data_41_V_read                            |    scalar    |
|data_42_V_read  |  in |    4|   ap_none  |                            data_42_V_read                            |    scalar    |
|data_43_V_read  |  in |    4|   ap_none  |                            data_43_V_read                            |    scalar    |
|data_44_V_read  |  in |    4|   ap_none  |                            data_44_V_read                            |    scalar    |
|data_45_V_read  |  in |    4|   ap_none  |                            data_45_V_read                            |    scalar    |
|data_46_V_read  |  in |    4|   ap_none  |                            data_46_V_read                            |    scalar    |
|data_47_V_read  |  in |    4|   ap_none  |                            data_47_V_read                            |    scalar    |
|data_49_V_read  |  in |    4|   ap_none  |                            data_49_V_read                            |    scalar    |
|data_50_V_read  |  in |    4|   ap_none  |                            data_50_V_read                            |    scalar    |
|data_51_V_read  |  in |    4|   ap_none  |                            data_51_V_read                            |    scalar    |
|data_52_V_read  |  in |    4|   ap_none  |                            data_52_V_read                            |    scalar    |
|data_54_V_read  |  in |    4|   ap_none  |                            data_54_V_read                            |    scalar    |
|data_55_V_read  |  in |    4|   ap_none  |                            data_55_V_read                            |    scalar    |
|data_56_V_read  |  in |    4|   ap_none  |                            data_56_V_read                            |    scalar    |
|data_57_V_read  |  in |    4|   ap_none  |                            data_57_V_read                            |    scalar    |
|data_58_V_read  |  in |    4|   ap_none  |                            data_58_V_read                            |    scalar    |
|data_59_V_read  |  in |    4|   ap_none  |                            data_59_V_read                            |    scalar    |
|data_60_V_read  |  in |    4|   ap_none  |                            data_60_V_read                            |    scalar    |
|data_62_V_read  |  in |    4|   ap_none  |                            data_62_V_read                            |    scalar    |
|data_63_V_read  |  in |    4|   ap_none  |                            data_63_V_read                            |    scalar    |
|data_64_V_read  |  in |    4|   ap_none  |                            data_64_V_read                            |    scalar    |
|data_65_V_read  |  in |    4|   ap_none  |                            data_65_V_read                            |    scalar    |
|data_66_V_read  |  in |    4|   ap_none  |                            data_66_V_read                            |    scalar    |
|data_67_V_read  |  in |    4|   ap_none  |                            data_67_V_read                            |    scalar    |
|data_68_V_read  |  in |    4|   ap_none  |                            data_68_V_read                            |    scalar    |
|data_69_V_read  |  in |    4|   ap_none  |                            data_69_V_read                            |    scalar    |
|data_70_V_read  |  in |    4|   ap_none  |                            data_70_V_read                            |    scalar    |
|data_71_V_read  |  in |    4|   ap_none  |                            data_71_V_read                            |    scalar    |
+----------------+-----+-----+------------+----------------------------------------------------------------------+--------------+

