

================================================================
== Vivado HLS Report for 'myproject'
================================================================
* Date:           Sun May 25 15:19:33 2025

* Version:        2020.1 (Build 2897737 on Wed May 27 20:21:37 MDT 2020)
* Project:        myproject_prj
* Solution:       solution1
* Product family: zynq
* Target device:  xc7z020-clg400-1


================================================================
== Performance Estimates
================================================================
+ Timing: 
    * Summary: 
    +--------+---------+----------+------------+
    |  Clock |  Target | Estimated| Uncertainty|
    +--------+---------+----------+------------+
    |ap_clk  | 5.00 ns | 4.429 ns |   0.62 ns  |
    +--------+---------+----------+------------+

+ Latency: 
    * Summary: 
    +---------+---------+----------+----------+-------+-------+----------+
    |  Latency (cycles) |  Latency (absolute) |    Interval   | Pipeline |
    |   min   |   max   |    min   |    max   |  min  |  max  |   Type   |
    +---------+---------+----------+----------+-------+-------+----------+
    |    52396|    52396| 0.262 ms | 0.262 ms |  21782|  47918| dataflow |
    +---------+---------+----------+----------+-------+-------+----------+

    + Detail: 
        * Instance: 
        +------------------------------------------------------------------------+-----------------------------------------------------------------------+---------+---------+-----------+-----------+-------+-------+---------+
        |                                                                        |                                                                       |  Latency (cycles) |   Latency (absolute)  |    Interval   | Pipeline|
        |                                Instance                                |                                 Module                                |   min   |   max   |    min    |    max    |  min  |  max  |   Type  |
        +------------------------------------------------------------------------+-----------------------------------------------------------------------+---------+---------+-----------+-----------+-------+-------+---------+
        |conv_2d_cl_array_ap_fixed_16u_array_ap_fixed_4_2_5_3_0_16u_config12_U0  |conv_2d_cl_array_ap_fixed_16u_array_ap_fixed_4_2_5_3_0_16u_config12_s  |     5781|    15029| 28.905 us | 75.145 us |   5781|  15029|   none  |
        |conv_2d_cl_array_ap_fixed_16u_array_ap_fixed_4_2_5_3_0_4u_config15_U0   |conv_2d_cl_array_ap_fixed_16u_array_ap_fixed_4_2_5_3_0_4u_config15_s   |     5781|    13873| 28.905 us | 69.365 us |   5781|  13873|   none  |
        |conv_2d_cl_array_ap_fixed_4u_array_ap_fixed_4_2_5_3_0_16u_config9_U0    |conv_2d_cl_array_ap_fixed_4u_array_ap_fixed_4_2_5_3_0_16u_config9_s    |     5781|    12717| 28.905 us | 63.585 us |   5781|  12717|   none  |
        |conv_2d_cl_array_ap_fixed_8u_array_ap_fixed_4_2_5_3_0_4u_config19_U0    |conv_2d_cl_array_ap_fixed_8u_array_ap_fixed_4_2_5_3_0_4u_config19_s    |    21781|    47917|  0.109 ms |  0.240 ms |  21781|  47917|   none  |
        |conv_2d_cl_array_ap_fixed_4u_array_ap_fixed_4_2_5_3_0_4u_config5_U0     |conv_2d_cl_array_ap_fixed_4u_array_ap_fixed_4_2_5_3_0_4u_config5_s     |    21781|    47917|  0.109 ms |  0.240 ms |  21781|  47917|   none  |
        |conv_2d_cl_array_ap_fixed_4u_array_ap_fixed_4_2_5_3_0_4u_config22_U0    |conv_2d_cl_array_ap_fixed_4u_array_ap_fixed_4_2_5_3_0_4u_config22_s    |    21781|    43561|  0.109 ms |  0.218 ms |  21781|  43561|   none  |
        |conv_2d_cl_array_ap_fixed_3u_array_ap_fixed_4_2_5_3_0_4u_config2_U0     |conv_2d_cl_array_ap_fixed_3u_array_ap_fixed_4_2_5_3_0_4u_config2_s     |    21781|    43561|  0.109 ms |  0.218 ms |  21781|  43561|   none  |
        |resize_nearest_array_ap_fixed_4_2_5_3_0_4u_config17_U0                  |resize_nearest_array_ap_fixed_4_2_5_3_0_4u_config17_s                  |     4098|     4098| 20.490 us | 20.490 us |   4098|   4098|   none  |
        |pooling2d_cl_array_ap_fixed_4u_array_ap_fixed_4_2_5_3_0_4u_config8_U0   |pooling2d_cl_array_ap_fixed_4u_array_ap_fixed_4_2_5_3_0_4u_config8_s   |     8195|     8195| 40.975 us | 40.975 us |   8195|   8195|   none  |
        |normalize_array_ap_fixed_16u_array_ap_fixed_4_2_5_3_0_16u_config14_U0   |normalize_array_ap_fixed_16u_array_ap_fixed_4_2_5_3_0_16u_config14_s   |     1028|     1028|  5.140 us |  5.140 us |   1028|   1028|   none  |
        |normalize_array_ap_fixed_16u_array_ap_fixed_4_2_5_3_0_16u_config11_U0   |normalize_array_ap_fixed_16u_array_ap_fixed_4_2_5_3_0_16u_config11_s   |     1028|     1028|  5.140 us |  5.140 us |   1028|   1028|   none  |
        |relu_array_ap_fixed_16u_array_ap_fixed_4_2_5_3_0_16u_relu_config10_U0   |relu_array_ap_fixed_16u_array_ap_fixed_4_2_5_3_0_16u_relu_config10_s   |     1027|     1027|  5.135 us |  5.135 us |   1027|   1027|   none  |
        |relu_array_ap_fixed_16u_array_ap_fixed_4_2_5_3_0_16u_relu_config13_U0   |relu_array_ap_fixed_16u_array_ap_fixed_4_2_5_3_0_16u_relu_config13_s   |     1027|     1027|  5.135 us |  5.135 us |   1027|   1027|   none  |
        |zeropad2d_cl_array_array_ap_fixed_4_2_5_3_0_16u_config29_U0             |zeropad2d_cl_array_array_ap_fixed_4_2_5_3_0_16u_config29_s             |     1159|     1159|  5.795 us |  5.795 us |   1159|   1159|   none  |
        |zeropad2d_cl_array_array_ap_fixed_4_2_5_3_0_16u_config30_U0             |zeropad2d_cl_array_array_ap_fixed_4_2_5_3_0_16u_config30_s             |     1159|     1159|  5.795 us |  5.795 us |   1159|   1159|   none  |
        |zeropad2d_cl_array_ap_fixed_8u_array_ap_fixed_4_2_5_3_0_8u_config31_U0  |zeropad2d_cl_array_ap_fixed_8u_array_ap_fixed_4_2_5_3_0_8u_config31_s  |     4359|     4359| 21.795 us | 21.795 us |   4359|   4359|   none  |
        |zeropad2d_cl_array_ap_fixed_4u_array_ap_fixed_4_2_5_3_0_4u_config27_U0  |zeropad2d_cl_array_ap_fixed_4u_array_ap_fixed_4_2_5_3_0_4u_config27_s  |     4359|     4359| 21.795 us | 21.795 us |   4359|   4359|   none  |
        |zeropad2d_cl_array_ap_fixed_4u_array_ap_fixed_4_2_5_3_0_4u_config32_U0  |zeropad2d_cl_array_ap_fixed_4u_array_ap_fixed_4_2_5_3_0_4u_config32_s  |     4359|     4359| 21.795 us | 21.795 us |   4359|   4359|   none  |
        |zeropad2d_cl_array_ap_fixed_4u_array_ap_fixed_4_2_5_3_0_4u_config28_U0  |zeropad2d_cl_array_ap_fixed_4u_array_ap_fixed_4_2_5_3_0_4u_config28_s  |     1159|     1159|  5.795 us |  5.795 us |   1159|   1159|   none  |
        |zeropad2d_cl_array_ap_fixed_3u_array_ap_fixed_4_2_5_3_0_3u_config26_U0  |zeropad2d_cl_array_ap_fixed_3u_array_ap_fixed_4_2_5_3_0_3u_config26_s  |     4359|     4359| 21.795 us | 21.795 us |   4359|   4359|   none  |
        |normalize_array_ap_fixed_4u_array_ap_fixed_4_2_5_3_0_4u_config7_U0      |normalize_array_ap_fixed_4u_array_ap_fixed_4_2_5_3_0_4u_config7_s      |     4100|     4100| 20.500 us | 20.500 us |   4100|   4100|   none  |
        |normalize_array_ap_fixed_4u_array_ap_fixed_4_2_5_3_0_4u_config4_U0      |normalize_array_ap_fixed_4u_array_ap_fixed_4_2_5_3_0_4u_config4_s      |     4100|     4100| 20.500 us | 20.500 us |   4100|   4100|   none  |
        |normalize_array_ap_fixed_4u_array_ap_fixed_4_2_5_3_0_4u_config21_U0     |normalize_array_ap_fixed_4u_array_ap_fixed_4_2_5_3_0_4u_config21_s     |     4099|     4099| 20.495 us | 20.495 us |   4099|   4099|   none  |
        |relu_array_ap_fixed_4u_array_ap_fixed_4_2_5_3_0_4u_relu_config3_U0      |relu_array_ap_fixed_4u_array_ap_fixed_4_2_5_3_0_4u_relu_config3_s      |     4099|     4099| 20.495 us | 20.495 us |   4099|   4099|   none  |
        |relu_array_ap_fixed_4u_array_ap_fixed_4_2_5_3_0_4u_relu_config6_U0      |relu_array_ap_fixed_4u_array_ap_fixed_4_2_5_3_0_4u_relu_config6_s      |     4099|     4099| 20.495 us | 20.495 us |   4099|   4099|   none  |
        |relu_array_ap_fixed_4u_array_ap_fixed_4_2_5_3_0_4u_relu_config20_U0     |relu_array_ap_fixed_4u_array_ap_fixed_4_2_5_3_0_4u_relu_config20_s     |     4099|     4099| 20.495 us | 20.495 us |   4099|   4099|   none  |
        |relu_array_ap_fixed_4u_array_ap_fixed_4_2_5_3_0_4u_relu_config23_U0     |relu_array_ap_fixed_4u_array_ap_fixed_4_2_5_3_0_4u_relu_config23_s     |     4099|     4099| 20.495 us | 20.495 us |   4099|   4099|   none  |
        |normalize_array_ap_fixed_4u_array_ap_fixed_4_2_5_3_0_4u_config24_U0     |normalize_array_ap_fixed_4u_array_ap_fixed_4_2_5_3_0_4u_config24_s     |     4099|     4099| 20.495 us | 20.495 us |   4099|   4099|   none  |
        |relu_array_ap_fixed_4u_array_ap_fixed_4_2_5_3_0_4u_relu_config16_U0     |relu_array_ap_fixed_4u_array_ap_fixed_4_2_5_3_0_4u_relu_config16_s     |     1027|     1027|  5.135 us |  5.135 us |   1027|   1027|   none  |
        |clone_stream_array_ap_fixed_4u_array_ap_fixed_4_2_5_3_0_4u_16384_U0     |clone_stream_array_ap_fixed_4u_array_ap_fixed_4_2_5_3_0_4u_16384_s     |     4098|     4098| 20.490 us | 20.490 us |   4098|   4098|   none  |
        |concatenate3d_array_array_array_ap_fixed_4_2_5_3_0_8u_config18_U0       |concatenate3d_array_array_array_ap_fixed_4_2_5_3_0_8u_config18_s       |     4099|     4099| 20.495 us | 20.495 us |   4099|   4099|   none  |
        +------------------------------------------------------------------------+-----------------------------------------------------------------------+---------+---------+-----------+-----------+-------+-------+---------+

        * Loop: 
        N/A



================================================================
== Utilization Estimates
================================================================
* Summary: 
+-----------------+---------+-------+--------+-------+-----+
|       Name      | BRAM_18K| DSP48E|   FF   |  LUT  | URAM|
+-----------------+---------+-------+--------+-------+-----+
|DSP              |        -|      -|       -|      -|    -|
|Expression       |        -|      -|       0|      4|    -|
|FIFO             |      246|      -|   11251|  25184|    -|
|Instance         |        0|      -|   23033|  51294|    -|
|Memory           |        -|      -|       -|      -|    -|
|Multiplexer      |        -|      -|       -|      -|    -|
|Register         |        -|      -|       -|      -|    -|
+-----------------+---------+-------+--------+-------+-----+
|Total            |      246|      0|   34284|  76482|    0|
+-----------------+---------+-------+--------+-------+-----+
|Available        |      280|    220|  106400|  53200|    0|
+-----------------+---------+-------+--------+-------+-----+
|Utilization (%)  |       87|      0|      32|    143|    0|
+-----------------+---------+-------+--------+-------+-----+

+ Detail: 
    * Instance: 
    +------------------------------------------------------------------------+-----------------------------------------------------------------------+---------+-------+------+-------+-----+
    |                                Instance                                |                                 Module                                | BRAM_18K| DSP48E|  FF  |  LUT  | URAM|
    +------------------------------------------------------------------------+-----------------------------------------------------------------------+---------+-------+------+-------+-----+
    |clone_stream_array_ap_fixed_4u_array_ap_fixed_4_2_5_3_0_4u_16384_U0     |clone_stream_array_ap_fixed_4u_array_ap_fixed_4_2_5_3_0_4u_16384_s     |        0|      0|    21|    217|    0|
    |concatenate3d_array_array_array_ap_fixed_4_2_5_3_0_8u_config18_U0       |concatenate3d_array_array_array_ap_fixed_4_2_5_3_0_8u_config18_s       |        0|      0|    24|    412|    0|
    |conv_2d_cl_array_ap_fixed_16u_array_ap_fixed_4_2_5_3_0_16u_config12_U0  |conv_2d_cl_array_ap_fixed_16u_array_ap_fixed_4_2_5_3_0_16u_config12_s  |        0|      0|  6759|  14679|    0|
    |conv_2d_cl_array_ap_fixed_16u_array_ap_fixed_4_2_5_3_0_4u_config15_U0   |conv_2d_cl_array_ap_fixed_16u_array_ap_fixed_4_2_5_3_0_4u_config15_s   |        0|      0|  4511|   7158|    0|
    |conv_2d_cl_array_ap_fixed_3u_array_ap_fixed_4_2_5_3_0_4u_config2_U0     |conv_2d_cl_array_ap_fixed_3u_array_ap_fixed_4_2_5_3_0_4u_config2_s     |        0|      0|  1224|   2298|    0|
    |conv_2d_cl_array_ap_fixed_4u_array_ap_fixed_4_2_5_3_0_16u_config9_U0    |conv_2d_cl_array_ap_fixed_4u_array_ap_fixed_4_2_5_3_0_16u_config9_s    |        0|      0|  2276|   5504|    0|
    |conv_2d_cl_array_ap_fixed_4u_array_ap_fixed_4_2_5_3_0_4u_config22_U0    |conv_2d_cl_array_ap_fixed_4u_array_ap_fixed_4_2_5_3_0_4u_config22_s    |        0|      0|  1504|   2823|    0|
    |conv_2d_cl_array_ap_fixed_4u_array_ap_fixed_4_2_5_3_0_4u_config5_U0     |conv_2d_cl_array_ap_fixed_4u_array_ap_fixed_4_2_5_3_0_4u_config5_s     |        0|      0|  1548|   2820|    0|
    |conv_2d_cl_array_ap_fixed_8u_array_ap_fixed_4_2_5_3_0_4u_config19_U0    |conv_2d_cl_array_ap_fixed_8u_array_ap_fixed_4_2_5_3_0_4u_config19_s    |        0|      0|  2425|   4411|    0|
    |normalize_array_ap_fixed_16u_array_ap_fixed_4_2_5_3_0_16u_config11_U0   |normalize_array_ap_fixed_16u_array_ap_fixed_4_2_5_3_0_16u_config11_s   |        0|      0|   228|    674|    0|
    |normalize_array_ap_fixed_16u_array_ap_fixed_4_2_5_3_0_16u_config14_U0   |normalize_array_ap_fixed_16u_array_ap_fixed_4_2_5_3_0_16u_config14_s   |        0|      0|   220|    678|    0|
    |normalize_array_ap_fixed_4u_array_ap_fixed_4_2_5_3_0_4u_config21_U0     |normalize_array_ap_fixed_4u_array_ap_fixed_4_2_5_3_0_4u_config21_s     |        0|      0|    38|    244|    0|
    |normalize_array_ap_fixed_4u_array_ap_fixed_4_2_5_3_0_4u_config24_U0     |normalize_array_ap_fixed_4u_array_ap_fixed_4_2_5_3_0_4u_config24_s     |        0|      0|    34|    235|    0|
    |normalize_array_ap_fixed_4u_array_ap_fixed_4_2_5_3_0_4u_config4_U0      |normalize_array_ap_fixed_4u_array_ap_fixed_4_2_5_3_0_4u_config4_s      |        0|      0|   128|    279|    0|
    |normalize_array_ap_fixed_4u_array_ap_fixed_4_2_5_3_0_4u_config7_U0      |normalize_array_ap_fixed_4u_array_ap_fixed_4_2_5_3_0_4u_config7_s      |        0|      0|   119|    294|    0|
    |pooling2d_cl_array_ap_fixed_4u_array_ap_fixed_4_2_5_3_0_4u_config8_U0   |pooling2d_cl_array_ap_fixed_4u_array_ap_fixed_4_2_5_3_0_4u_config8_s   |        0|      0|   622|   1079|    0|
    |relu_array_ap_fixed_16u_array_ap_fixed_4_2_5_3_0_16u_relu_config10_U0   |relu_array_ap_fixed_16u_array_ap_fixed_4_2_5_3_0_16u_relu_config10_s   |        0|      0|   101|    604|    0|
    |relu_array_ap_fixed_16u_array_ap_fixed_4_2_5_3_0_16u_relu_config13_U0   |relu_array_ap_fixed_16u_array_ap_fixed_4_2_5_3_0_16u_relu_config13_s   |        0|      0|   101|    604|    0|
    |relu_array_ap_fixed_4u_array_ap_fixed_4_2_5_3_0_4u_relu_config16_U0     |relu_array_ap_fixed_4u_array_ap_fixed_4_2_5_3_0_4u_relu_config16_s     |        0|      0|    41|    232|    0|
    |relu_array_ap_fixed_4u_array_ap_fixed_4_2_5_3_0_4u_relu_config20_U0     |relu_array_ap_fixed_4u_array_ap_fixed_4_2_5_3_0_4u_relu_config20_s     |        0|      0|    43|    236|    0|
    |relu_array_ap_fixed_4u_array_ap_fixed_4_2_5_3_0_4u_relu_config23_U0     |relu_array_ap_fixed_4u_array_ap_fixed_4_2_5_3_0_4u_relu_config23_s     |        0|      0|    43|    236|    0|
    |relu_array_ap_fixed_4u_array_ap_fixed_4_2_5_3_0_4u_relu_config3_U0      |relu_array_ap_fixed_4u_array_ap_fixed_4_2_5_3_0_4u_relu_config3_s      |        0|      0|    43|    236|    0|
    |relu_array_ap_fixed_4u_array_ap_fixed_4_2_5_3_0_4u_relu_config6_U0      |relu_array_ap_fixed_4u_array_ap_fixed_4_2_5_3_0_4u_relu_config6_s      |        0|      0|    43|    236|    0|
    |resize_nearest_array_ap_fixed_4_2_5_3_0_4u_config17_U0                  |resize_nearest_array_ap_fixed_4_2_5_3_0_4u_config17_s                  |        0|      0|   658|   1855|    0|
    |zeropad2d_cl_array_ap_fixed_3u_array_ap_fixed_4_2_5_3_0_3u_config26_U0  |zeropad2d_cl_array_ap_fixed_3u_array_ap_fixed_4_2_5_3_0_3u_config26_s  |        0|      0|    42|    304|    0|
    |zeropad2d_cl_array_ap_fixed_4u_array_ap_fixed_4_2_5_3_0_4u_config27_U0  |zeropad2d_cl_array_ap_fixed_4u_array_ap_fixed_4_2_5_3_0_4u_config27_s  |        0|      0|    42|    337|    0|
    |zeropad2d_cl_array_ap_fixed_4u_array_ap_fixed_4_2_5_3_0_4u_config28_U0  |zeropad2d_cl_array_ap_fixed_4u_array_ap_fixed_4_2_5_3_0_4u_config28_s  |        0|      0|    37|    337|    0|
    |zeropad2d_cl_array_ap_fixed_4u_array_ap_fixed_4_2_5_3_0_4u_config32_U0  |zeropad2d_cl_array_ap_fixed_4u_array_ap_fixed_4_2_5_3_0_4u_config32_s  |        0|      0|    42|    337|    0|
    |zeropad2d_cl_array_ap_fixed_8u_array_ap_fixed_4_2_5_3_0_8u_config31_U0  |zeropad2d_cl_array_ap_fixed_8u_array_ap_fixed_4_2_5_3_0_8u_config31_s  |        0|      0|    42|    469|    0|
    |zeropad2d_cl_array_array_ap_fixed_4_2_5_3_0_16u_config29_U0             |zeropad2d_cl_array_array_ap_fixed_4_2_5_3_0_16u_config29_s             |        0|      0|    37|    733|    0|
    |zeropad2d_cl_array_array_ap_fixed_4_2_5_3_0_16u_config30_U0             |zeropad2d_cl_array_array_ap_fixed_4_2_5_3_0_16u_config30_s             |        0|      0|    37|    733|    0|
    +------------------------------------------------------------------------+-----------------------------------------------------------------------+---------+-------+------+-------+-----+
    |Total                                                                   |                                                                       |        0|      0| 23033|  51294|    0|
    +------------------------------------------------------------------------+-----------------------------------------------------------------------+---------+-------+------+-------+-----+

    * DSP48E: 
    N/A

    * Memory: 
    N/A

    * FIFO: 
    +---------------------------+---------+-----+----+-----+------+-----+---------+
    |            Name           | BRAM_18K|  FF | LUT| URAM| Depth| Bits| Size:D*B|
    +---------------------------+---------+-----+----+-----+------+-----+---------+
    |layer10_out_V_data_0_V_U   |        1|   39|   0|    -|  1024|    4|     4096|
    |layer10_out_V_data_10_V_U  |        1|   39|   0|    -|  1024|    4|     4096|
    |layer10_out_V_data_11_V_U  |        1|   39|   0|    -|  1024|    4|     4096|
    |layer10_out_V_data_12_V_U  |        1|   39|   0|    -|  1024|    4|     4096|
    |layer10_out_V_data_13_V_U  |        1|   39|   0|    -|  1024|    4|     4096|
    |layer10_out_V_data_14_V_U  |        1|   39|   0|    -|  1024|    4|     4096|
    |layer10_out_V_data_15_V_U  |        1|   39|   0|    -|  1024|    4|     4096|
    |layer10_out_V_data_1_V_U   |        1|   39|   0|    -|  1024|    4|     4096|
    |layer10_out_V_data_2_V_U   |        1|   39|   0|    -|  1024|    4|     4096|
    |layer10_out_V_data_3_V_U   |        1|   39|   0|    -|  1024|    4|     4096|
    |layer10_out_V_data_4_V_U   |        1|   39|   0|    -|  1024|    4|     4096|
    |layer10_out_V_data_5_V_U   |        1|   39|   0|    -|  1024|    4|     4096|
    |layer10_out_V_data_6_V_U   |        1|   39|   0|    -|  1024|    4|     4096|
    |layer10_out_V_data_7_V_U   |        1|   39|   0|    -|  1024|    4|     4096|
    |layer10_out_V_data_8_V_U   |        1|   39|   0|    -|  1024|    4|     4096|
    |layer10_out_V_data_9_V_U   |        1|   39|   0|    -|  1024|    4|     4096|
    |layer11_out_V_data_0_V_U   |        1|   39|   0|    -|  1024|    4|     4096|
    |layer11_out_V_data_10_V_U  |        1|   39|   0|    -|  1024|    4|     4096|
    |layer11_out_V_data_11_V_U  |        1|   39|   0|    -|  1024|    4|     4096|
    |layer11_out_V_data_12_V_U  |        1|   39|   0|    -|  1024|    4|     4096|
    |layer11_out_V_data_13_V_U  |        1|   39|   0|    -|  1024|    4|     4096|
    |layer11_out_V_data_14_V_U  |        1|   39|   0|    -|  1024|    4|     4096|
    |layer11_out_V_data_15_V_U  |        1|   39|   0|    -|  1024|    4|     4096|
    |layer11_out_V_data_1_V_U   |        1|   39|   0|    -|  1024|    4|     4096|
    |layer11_out_V_data_2_V_U   |        1|   39|   0|    -|  1024|    4|     4096|
    |layer11_out_V_data_3_V_U   |        1|   39|   0|    -|  1024|    4|     4096|
    |layer11_out_V_data_4_V_U   |        1|   39|   0|    -|  1024|    4|     4096|
    |layer11_out_V_data_5_V_U   |        1|   39|   0|    -|  1024|    4|     4096|
    |layer11_out_V_data_6_V_U   |        1|   39|   0|    -|  1024|    4|     4096|
    |layer11_out_V_data_7_V_U   |        1|   39|   0|    -|  1024|    4|     4096|
    |layer11_out_V_data_8_V_U   |        1|   39|   0|    -|  1024|    4|     4096|
    |layer11_out_V_data_9_V_U   |        1|   39|   0|    -|  1024|    4|     4096|
    |layer12_out_V_data_0_V_U   |        1|   39|   0|    -|  1024|    4|     4096|
    |layer12_out_V_data_10_V_U  |        1|   39|   0|    -|  1024|    4|     4096|
    |layer12_out_V_data_11_V_U  |        1|   39|   0|    -|  1024|    4|     4096|
    |layer12_out_V_data_12_V_U  |        1|   39|   0|    -|  1024|    4|     4096|
    |layer12_out_V_data_13_V_U  |        1|   39|   0|    -|  1024|    4|     4096|
    |layer12_out_V_data_14_V_U  |        1|   39|   0|    -|  1024|    4|     4096|
    |layer12_out_V_data_15_V_U  |        1|   39|   0|    -|  1024|    4|     4096|
    |layer12_out_V_data_1_V_U   |        1|   39|   0|    -|  1024|    4|     4096|
    |layer12_out_V_data_2_V_U   |        1|   39|   0|    -|  1024|    4|     4096|
    |layer12_out_V_data_3_V_U   |        1|   39|   0|    -|  1024|    4|     4096|
    |layer12_out_V_data_4_V_U   |        1|   39|   0|    -|  1024|    4|     4096|
    |layer12_out_V_data_5_V_U   |        1|   39|   0|    -|  1024|    4|     4096|
    |layer12_out_V_data_6_V_U   |        1|   39|   0|    -|  1024|    4|     4096|
    |layer12_out_V_data_7_V_U   |        1|   39|   0|    -|  1024|    4|     4096|
    |layer12_out_V_data_8_V_U   |        1|   39|   0|    -|  1024|    4|     4096|
    |layer12_out_V_data_9_V_U   |        1|   39|   0|    -|  1024|    4|     4096|
    |layer13_out_V_data_0_V_U   |        1|   39|   0|    -|  1024|    4|     4096|
    |layer13_out_V_data_10_V_U  |        1|   39|   0|    -|  1024|    4|     4096|
    |layer13_out_V_data_11_V_U  |        1|   39|   0|    -|  1024|    4|     4096|
    |layer13_out_V_data_12_V_U  |        1|   39|   0|    -|  1024|    4|     4096|
    |layer13_out_V_data_13_V_U  |        1|   39|   0|    -|  1024|    4|     4096|
    |layer13_out_V_data_14_V_U  |        1|   39|   0|    -|  1024|    4|     4096|
    |layer13_out_V_data_15_V_U  |        1|   39|   0|    -|  1024|    4|     4096|
    |layer13_out_V_data_1_V_U   |        1|   39|   0|    -|  1024|    4|     4096|
    |layer13_out_V_data_2_V_U   |        1|   39|   0|    -|  1024|    4|     4096|
    |layer13_out_V_data_3_V_U   |        1|   39|   0|    -|  1024|    4|     4096|
    |layer13_out_V_data_4_V_U   |        1|   39|   0|    -|  1024|    4|     4096|
    |layer13_out_V_data_5_V_U   |        1|   39|   0|    -|  1024|    4|     4096|
    |layer13_out_V_data_6_V_U   |        1|   39|   0|    -|  1024|    4|     4096|
    |layer13_out_V_data_7_V_U   |        1|   39|   0|    -|  1024|    4|     4096|
    |layer13_out_V_data_8_V_U   |        1|   39|   0|    -|  1024|    4|     4096|
    |layer13_out_V_data_9_V_U   |        1|   39|   0|    -|  1024|    4|     4096|
    |layer14_out_V_data_0_V_U   |        1|   39|   0|    -|  1024|    4|     4096|
    |layer14_out_V_data_10_V_U  |        1|   39|   0|    -|  1024|    4|     4096|
    |layer14_out_V_data_11_V_U  |        1|   39|   0|    -|  1024|    4|     4096|
    |layer14_out_V_data_12_V_U  |        1|   39|   0|    -|  1024|    4|     4096|
    |layer14_out_V_data_13_V_U  |        1|   39|   0|    -|  1024|    4|     4096|
    |layer14_out_V_data_14_V_U  |        1|   39|   0|    -|  1024|    4|     4096|
    |layer14_out_V_data_15_V_U  |        1|   39|   0|    -|  1024|    4|     4096|
    |layer14_out_V_data_1_V_U   |        1|   39|   0|    -|  1024|    4|     4096|
    |layer14_out_V_data_2_V_U   |        1|   39|   0|    -|  1024|    4|     4096|
    |layer14_out_V_data_3_V_U   |        1|   39|   0|    -|  1024|    4|     4096|
    |layer14_out_V_data_4_V_U   |        1|   39|   0|    -|  1024|    4|     4096|
    |layer14_out_V_data_5_V_U   |        1|   39|   0|    -|  1024|    4|     4096|
    |layer14_out_V_data_6_V_U   |        1|   39|   0|    -|  1024|    4|     4096|
    |layer14_out_V_data_7_V_U   |        1|   39|   0|    -|  1024|    4|     4096|
    |layer14_out_V_data_8_V_U   |        1|   39|   0|    -|  1024|    4|     4096|
    |layer14_out_V_data_9_V_U   |        1|   39|   0|    -|  1024|    4|     4096|
    |layer15_out_V_data_0_V_U   |        1|   39|   0|    -|  1024|    4|     4096|
    |layer15_out_V_data_1_V_U   |        1|   39|   0|    -|  1024|    4|     4096|
    |layer15_out_V_data_2_V_U   |        1|   39|   0|    -|  1024|    4|     4096|
    |layer15_out_V_data_3_V_U   |        1|   39|   0|    -|  1024|    4|     4096|
    |layer16_out_V_data_0_V_U   |        1|   39|   0|    -|  1024|    4|     4096|
    |layer16_out_V_data_1_V_U   |        1|   39|   0|    -|  1024|    4|     4096|
    |layer16_out_V_data_2_V_U   |        1|   39|   0|    -|  1024|    4|     4096|
    |layer16_out_V_data_3_V_U   |        1|   39|   0|    -|  1024|    4|     4096|
    |layer17_out_V_data_0_V_U   |        1|   67|   0|    -|  4096|    4|    16384|
    |layer17_out_V_data_1_V_U   |        1|   67|   0|    -|  4096|    4|    16384|
    |layer17_out_V_data_2_V_U   |        1|   67|   0|    -|  4096|    4|    16384|
    |layer17_out_V_data_3_V_U   |        1|   67|   0|    -|  4096|    4|    16384|
    |layer18_out_V_data_0_V_U   |        1|   67|   0|    -|  4096|    4|    16384|
    |layer18_out_V_data_1_V_U   |        1|   67|   0|    -|  4096|    4|    16384|
    |layer18_out_V_data_2_V_U   |        1|   67|   0|    -|  4096|    4|    16384|
    |layer18_out_V_data_3_V_U   |        1|   67|   0|    -|  4096|    4|    16384|
    |layer18_out_V_data_4_V_U   |        1|   67|   0|    -|  4096|    4|    16384|
    |layer18_out_V_data_5_V_U   |        1|   67|   0|    -|  4096|    4|    16384|
    |layer18_out_V_data_6_V_U   |        1|   67|   0|    -|  4096|    4|    16384|
    |layer18_out_V_data_7_V_U   |        1|   67|   0|    -|  4096|    4|    16384|
    |layer19_out_V_data_0_V_U   |        1|   67|   0|    -|  4096|    4|    16384|
    |layer19_out_V_data_1_V_U   |        1|   67|   0|    -|  4096|    4|    16384|
    |layer19_out_V_data_2_V_U   |        1|   67|   0|    -|  4096|    4|    16384|
    |layer19_out_V_data_3_V_U   |        1|   67|   0|    -|  4096|    4|    16384|
    |layer20_out_V_data_0_V_U   |        1|   67|   0|    -|  4096|    4|    16384|
    |layer20_out_V_data_1_V_U   |        1|   67|   0|    -|  4096|    4|    16384|
    |layer20_out_V_data_2_V_U   |        1|   67|   0|    -|  4096|    4|    16384|
    |layer20_out_V_data_3_V_U   |        1|   67|   0|    -|  4096|    4|    16384|
    |layer21_out_V_data_0_V_U   |        1|   67|   0|    -|  4096|    4|    16384|
    |layer21_out_V_data_1_V_U   |        1|   67|   0|    -|  4096|    4|    16384|
    |layer21_out_V_data_2_V_U   |        1|   67|   0|    -|  4096|    4|    16384|
    |layer21_out_V_data_3_V_U   |        1|   67|   0|    -|  4096|    4|    16384|
    |layer22_out_V_data_0_V_U   |        1|   67|   0|    -|  4096|    4|    16384|
    |layer22_out_V_data_1_V_U   |        1|   67|   0|    -|  4096|    4|    16384|
    |layer22_out_V_data_2_V_U   |        1|   67|   0|    -|  4096|    4|    16384|
    |layer22_out_V_data_3_V_U   |        1|   67|   0|    -|  4096|    4|    16384|
    |layer23_out_V_data_0_V_U   |        1|   67|   0|    -|  4096|    4|    16384|
    |layer23_out_V_data_1_V_U   |        1|   67|   0|    -|  4096|    4|    16384|
    |layer23_out_V_data_2_V_U   |        1|   67|   0|    -|  4096|    4|    16384|
    |layer23_out_V_data_3_V_U   |        1|   67|   0|    -|  4096|    4|    16384|
    |layer25_cpy1_V_data_0_V_U  |        1|   67|   0|    -|  4096|    4|    16384|
    |layer25_cpy1_V_data_1_V_U  |        1|   67|   0|    -|  4096|    4|    16384|
    |layer25_cpy1_V_data_2_V_U  |        1|   67|   0|    -|  4096|    4|    16384|
    |layer25_cpy1_V_data_3_V_U  |        1|   67|   0|    -|  4096|    4|    16384|
    |layer25_cpy2_V_data_0_V_U  |        1|   67|   0|    -|  4096|    4|    16384|
    |layer25_cpy2_V_data_1_V_U  |        1|   67|   0|    -|  4096|    4|    16384|
    |layer25_cpy2_V_data_2_V_U  |        1|   67|   0|    -|  4096|    4|    16384|
    |layer25_cpy2_V_data_3_V_U  |        1|   67|   0|    -|  4096|    4|    16384|
    |layer26_out_V_data_0_V_U   |        2|   69|   0|    -|  4356|    4|    17424|
    |layer26_out_V_data_1_V_U   |        2|   69|   0|    -|  4356|    4|    17424|
    |layer26_out_V_data_2_V_U   |        2|   69|   0|    -|  4356|    4|    17424|
    |layer27_out_V_data_0_V_U   |        2|   69|   0|    -|  4356|    4|    17424|
    |layer27_out_V_data_1_V_U   |        2|   69|   0|    -|  4356|    4|    17424|
    |layer27_out_V_data_2_V_U   |        2|   69|   0|    -|  4356|    4|    17424|
    |layer27_out_V_data_3_V_U   |        2|   69|   0|    -|  4356|    4|    17424|
    |layer28_out_V_data_0_V_U   |        1|   40|   0|    -|  1156|    4|     4624|
    |layer28_out_V_data_1_V_U   |        1|   40|   0|    -|  1156|    4|     4624|
    |layer28_out_V_data_2_V_U   |        1|   40|   0|    -|  1156|    4|     4624|
    |layer28_out_V_data_3_V_U   |        1|   40|   0|    -|  1156|    4|     4624|
    |layer29_out_V_data_0_V_U   |        1|   40|   0|    -|  1156|    4|     4624|
    |layer29_out_V_data_10_V_U  |        1|   40|   0|    -|  1156|    4|     4624|
    |layer29_out_V_data_11_V_U  |        1|   40|   0|    -|  1156|    4|     4624|
    |layer29_out_V_data_12_V_U  |        1|   40|   0|    -|  1156|    4|     4624|
    |layer29_out_V_data_13_V_U  |        1|   40|   0|    -|  1156|    4|     4624|
    |layer29_out_V_data_14_V_U  |        1|   40|   0|    -|  1156|    4|     4624|
    |layer29_out_V_data_15_V_U  |        1|   40|   0|    -|  1156|    4|     4624|
    |layer29_out_V_data_1_V_U   |        1|   40|   0|    -|  1156|    4|     4624|
    |layer29_out_V_data_2_V_U   |        1|   40|   0|    -|  1156|    4|     4624|
    |layer29_out_V_data_3_V_U   |        1|   40|   0|    -|  1156|    4|     4624|
    |layer29_out_V_data_4_V_U   |        1|   40|   0|    -|  1156|    4|     4624|
    |layer29_out_V_data_5_V_U   |        1|   40|   0|    -|  1156|    4|     4624|
    |layer29_out_V_data_6_V_U   |        1|   40|   0|    -|  1156|    4|     4624|
    |layer29_out_V_data_7_V_U   |        1|   40|   0|    -|  1156|    4|     4624|
    |layer29_out_V_data_8_V_U   |        1|   40|   0|    -|  1156|    4|     4624|
    |layer29_out_V_data_9_V_U   |        1|   40|   0|    -|  1156|    4|     4624|
    |layer2_out_V_data_0_V_U    |        1|   67|   0|    -|  4096|    4|    16384|
    |layer2_out_V_data_1_V_U    |        1|   67|   0|    -|  4096|    4|    16384|
    |layer2_out_V_data_2_V_U    |        1|   67|   0|    -|  4096|    4|    16384|
    |layer2_out_V_data_3_V_U    |        1|   67|   0|    -|  4096|    4|    16384|
    |layer30_out_V_data_0_V_U   |        1|   40|   0|    -|  1156|    4|     4624|
    |layer30_out_V_data_10_V_U  |        1|   40|   0|    -|  1156|    4|     4624|
    |layer30_out_V_data_11_V_U  |        1|   40|   0|    -|  1156|    4|     4624|
    |layer30_out_V_data_12_V_U  |        1|   40|   0|    -|  1156|    4|     4624|
    |layer30_out_V_data_13_V_U  |        1|   40|   0|    -|  1156|    4|     4624|
    |layer30_out_V_data_14_V_U  |        1|   40|   0|    -|  1156|    4|     4624|
    |layer30_out_V_data_15_V_U  |        1|   40|   0|    -|  1156|    4|     4624|
    |layer30_out_V_data_1_V_U   |        1|   40|   0|    -|  1156|    4|     4624|
    |layer30_out_V_data_2_V_U   |        1|   40|   0|    -|  1156|    4|     4624|
    |layer30_out_V_data_3_V_U   |        1|   40|   0|    -|  1156|    4|     4624|
    |layer30_out_V_data_4_V_U   |        1|   40|   0|    -|  1156|    4|     4624|
    |layer30_out_V_data_5_V_U   |        1|   40|   0|    -|  1156|    4|     4624|
    |layer30_out_V_data_6_V_U   |        1|   40|   0|    -|  1156|    4|     4624|
    |layer30_out_V_data_7_V_U   |        1|   40|   0|    -|  1156|    4|     4624|
    |layer30_out_V_data_8_V_U   |        1|   40|   0|    -|  1156|    4|     4624|
    |layer30_out_V_data_9_V_U   |        1|   40|   0|    -|  1156|    4|     4624|
    |layer31_out_V_data_0_V_U   |        2|   69|   0|    -|  4356|    4|    17424|
    |layer31_out_V_data_1_V_U   |        2|   69|   0|    -|  4356|    4|    17424|
    |layer31_out_V_data_2_V_U   |        2|   69|   0|    -|  4356|    4|    17424|
    |layer31_out_V_data_3_V_U   |        2|   69|   0|    -|  4356|    4|    17424|
    |layer31_out_V_data_4_V_U   |        2|   69|   0|    -|  4356|    4|    17424|
    |layer31_out_V_data_5_V_U   |        2|   69|   0|    -|  4356|    4|    17424|
    |layer31_out_V_data_6_V_U   |        2|   69|   0|    -|  4356|    4|    17424|
    |layer31_out_V_data_7_V_U   |        2|   69|   0|    -|  4356|    4|    17424|
    |layer32_out_V_data_0_V_U   |        2|   69|   0|    -|  4356|    4|    17424|
    |layer32_out_V_data_1_V_U   |        2|   69|   0|    -|  4356|    4|    17424|
    |layer32_out_V_data_2_V_U   |        2|   69|   0|    -|  4356|    4|    17424|
    |layer32_out_V_data_3_V_U   |        2|   69|   0|    -|  4356|    4|    17424|
    |layer3_out_V_data_0_V_U    |        1|   67|   0|    -|  4096|    4|    16384|
    |layer3_out_V_data_1_V_U    |        1|   67|   0|    -|  4096|    4|    16384|
    |layer3_out_V_data_2_V_U    |        1|   67|   0|    -|  4096|    4|    16384|
    |layer3_out_V_data_3_V_U    |        1|   67|   0|    -|  4096|    4|    16384|
    |layer4_out_V_data_0_V_U    |        1|   67|   0|    -|  4096|    4|    16384|
    |layer4_out_V_data_1_V_U    |        1|   67|   0|    -|  4096|    4|    16384|
    |layer4_out_V_data_2_V_U    |        1|   67|   0|    -|  4096|    4|    16384|
    |layer4_out_V_data_3_V_U    |        1|   67|   0|    -|  4096|    4|    16384|
    |layer5_out_V_data_0_V_U    |        1|   67|   0|    -|  4096|    4|    16384|
    |layer5_out_V_data_1_V_U    |        1|   67|   0|    -|  4096|    4|    16384|
    |layer5_out_V_data_2_V_U    |        1|   67|   0|    -|  4096|    4|    16384|
    |layer5_out_V_data_3_V_U    |        1|   67|   0|    -|  4096|    4|    16384|
    |layer6_out_V_data_0_V_U    |        1|   67|   0|    -|  4096|    4|    16384|
    |layer6_out_V_data_1_V_U    |        1|   67|   0|    -|  4096|    4|    16384|
    |layer6_out_V_data_2_V_U    |        1|   67|   0|    -|  4096|    4|    16384|
    |layer6_out_V_data_3_V_U    |        1|   67|   0|    -|  4096|    4|    16384|
    |layer7_out_V_data_0_V_U    |        1|   67|   0|    -|  4096|    4|    16384|
    |layer7_out_V_data_1_V_U    |        1|   67|   0|    -|  4096|    4|    16384|
    |layer7_out_V_data_2_V_U    |        1|   67|   0|    -|  4096|    4|    16384|
    |layer7_out_V_data_3_V_U    |        1|   67|   0|    -|  4096|    4|    16384|
    |layer8_out_V_data_0_V_U    |        1|   39|   0|    -|  1024|    4|     4096|
    |layer8_out_V_data_1_V_U    |        1|   39|   0|    -|  1024|    4|     4096|
    |layer8_out_V_data_2_V_U    |        1|   39|   0|    -|  1024|    4|     4096|
    |layer8_out_V_data_3_V_U    |        1|   39|   0|    -|  1024|    4|     4096|
    |layer9_out_V_data_0_V_U    |        1|   39|   0|    -|  1024|    4|     4096|
    |layer9_out_V_data_10_V_U   |        1|   39|   0|    -|  1024|    4|     4096|
    |layer9_out_V_data_11_V_U   |        1|   39|   0|    -|  1024|    4|     4096|
    |layer9_out_V_data_12_V_U   |        1|   39|   0|    -|  1024|    4|     4096|
    |layer9_out_V_data_13_V_U   |        1|   39|   0|    -|  1024|    4|     4096|
    |layer9_out_V_data_14_V_U   |        1|   39|   0|    -|  1024|    4|     4096|
    |layer9_out_V_data_15_V_U   |        1|   39|   0|    -|  1024|    4|     4096|
    |layer9_out_V_data_1_V_U    |        1|   39|   0|    -|  1024|    4|     4096|
    |layer9_out_V_data_2_V_U    |        1|   39|   0|    -|  1024|    4|     4096|
    |layer9_out_V_data_3_V_U    |        1|   39|   0|    -|  1024|    4|     4096|
    |layer9_out_V_data_4_V_U    |        1|   39|   0|    -|  1024|    4|     4096|
    |layer9_out_V_data_5_V_U    |        1|   39|   0|    -|  1024|    4|     4096|
    |layer9_out_V_data_6_V_U    |        1|   39|   0|    -|  1024|    4|     4096|
    |layer9_out_V_data_7_V_U    |        1|   39|   0|    -|  1024|    4|     4096|
    |layer9_out_V_data_8_V_U    |        1|   39|   0|    -|  1024|    4|     4096|
    |layer9_out_V_data_9_V_U    |        1|   39|   0|    -|  1024|    4|     4096|
    +---------------------------+---------+-----+----+-----+------+-----+---------+
    |Total                      |      246|11251|   0|    0|497116|  908|  1988464|
    +---------------------------+---------+-----+----+-----+------+-----+---------+

    * Expression: 
    +----------------------------------------------------------------------------------+----------+-------+---+----+------------+------------+
    |                                   Variable Name                                  | Operation| DSP48E| FF| LUT| Bitwidth P0| Bitwidth P1|
    +----------------------------------------------------------------------------------+----------+-------+---+----+------------+------------+
    |ap_idle                                                                           |    and   |      0|  0|   2|           1|           1|
    |clone_stream_array_ap_fixed_4u_array_ap_fixed_4_2_5_3_0_4u_16384_U0_start_full_n  |    and   |      0|  0|   2|           1|           1|
    +----------------------------------------------------------------------------------+----------+-------+---+----+------------+------------+
    |Total                                                                             |          |      0|  0|   4|           2|           2|
    +----------------------------------------------------------------------------------+----------+-------+---+----+------------+------------+

    * Multiplexer: 
    N/A

    * Register: 
    N/A



================================================================
== Interface
================================================================
* Summary: 
+-------------------------------+-----+-----+------------+------------------------+--------------+
|           RTL Ports           | Dir | Bits|  Protocol  |      Source Object     |    C Type    |
+-------------------------------+-----+-----+------------+------------------------+--------------+
|input_36_V_data_0_V_dout       |  in |    4|   ap_fifo  |   input_36_V_data_0_V  |    pointer   |
|input_36_V_data_0_V_empty_n    |  in |    1|   ap_fifo  |   input_36_V_data_0_V  |    pointer   |
|input_36_V_data_0_V_read       | out |    1|   ap_fifo  |   input_36_V_data_0_V  |    pointer   |
|input_36_V_data_1_V_dout       |  in |    4|   ap_fifo  |   input_36_V_data_1_V  |    pointer   |
|input_36_V_data_1_V_empty_n    |  in |    1|   ap_fifo  |   input_36_V_data_1_V  |    pointer   |
|input_36_V_data_1_V_read       | out |    1|   ap_fifo  |   input_36_V_data_1_V  |    pointer   |
|input_36_V_data_2_V_dout       |  in |    4|   ap_fifo  |   input_36_V_data_2_V  |    pointer   |
|input_36_V_data_2_V_empty_n    |  in |    1|   ap_fifo  |   input_36_V_data_2_V  |    pointer   |
|input_36_V_data_2_V_read       | out |    1|   ap_fifo  |   input_36_V_data_2_V  |    pointer   |
|layer24_out_V_data_0_V_din     | out |    4|   ap_fifo  | layer24_out_V_data_0_V |    pointer   |
|layer24_out_V_data_0_V_full_n  |  in |    1|   ap_fifo  | layer24_out_V_data_0_V |    pointer   |
|layer24_out_V_data_0_V_write   | out |    1|   ap_fifo  | layer24_out_V_data_0_V |    pointer   |
|layer24_out_V_data_1_V_din     | out |    4|   ap_fifo  | layer24_out_V_data_1_V |    pointer   |
|layer24_out_V_data_1_V_full_n  |  in |    1|   ap_fifo  | layer24_out_V_data_1_V |    pointer   |
|layer24_out_V_data_1_V_write   | out |    1|   ap_fifo  | layer24_out_V_data_1_V |    pointer   |
|layer24_out_V_data_2_V_din     | out |    4|   ap_fifo  | layer24_out_V_data_2_V |    pointer   |
|layer24_out_V_data_2_V_full_n  |  in |    1|   ap_fifo  | layer24_out_V_data_2_V |    pointer   |
|layer24_out_V_data_2_V_write   | out |    1|   ap_fifo  | layer24_out_V_data_2_V |    pointer   |
|layer24_out_V_data_3_V_din     | out |    4|   ap_fifo  | layer24_out_V_data_3_V |    pointer   |
|layer24_out_V_data_3_V_full_n  |  in |    1|   ap_fifo  | layer24_out_V_data_3_V |    pointer   |
|layer24_out_V_data_3_V_write   | out |    1|   ap_fifo  | layer24_out_V_data_3_V |    pointer   |
|ap_clk                         |  in |    1| ap_ctrl_hs |        myproject       | return value |
|ap_rst                         |  in |    1| ap_ctrl_hs |        myproject       | return value |
|ap_start                       |  in |    1| ap_ctrl_hs |        myproject       | return value |
|ap_done                        | out |    1| ap_ctrl_hs |        myproject       | return value |
|ap_ready                       | out |    1| ap_ctrl_hs |        myproject       | return value |
|ap_idle                        | out |    1| ap_ctrl_hs |        myproject       | return value |
|ap_continue                    |  in |    1| ap_ctrl_hs |        myproject       | return value |
+-------------------------------+-----+-----+------------+------------------------+--------------+

