

================================================================
== Vivado HLS Report for 'compute_output_buffer_2d_array_array_ap_fixed_16_6_5_3_0_8u_config10_s'
================================================================
* Date:           Fri Jun 27 09:42:58 2025

* Version:        2020.1 (Build 2897737 on Wed May 27 20:21:37 MDT 2020)
* Project:        myproject_prj
* Solution:       solution1
* Product family: zynq
* Target device:  xc7z020-clg400-1


================================================================
== Performance Estimates
================================================================
+ Timing: 
    * Summary: 
    +--------+---------+----------+------------+
    |  Clock |  Target | Estimated| Uncertainty|
    +--------+---------+----------+------------+
    |ap_clk  | 5.00 ns | 6.325 ns |   0.62 ns  |
    +--------+---------+----------+------------+

+ Latency: 
    * Summary: 
    +---------+---------+-----------+----------+-----+------+---------+
    |  Latency (cycles) |  Latency (absolute)  |  Interval  | Pipeline|
    |   min   |   max   |    min    |    max   | min |  max |   Type  |
    +---------+---------+-----------+----------+-----+------+---------+
    |        2|     1161| 12.650 ns | 7.343 us |    2|  1161|   none  |
    +---------+---------+-----------+----------+-----+------+---------+

    + Detail: 
        * Instance: 
        +-----------------------------------------------------------------------------+------------------------------------------------------------+---------+---------+----------+----------+------+------+---------------------------------------------+
        |                                                                             |                                                            |  Latency (cycles) |  Latency (absolute) |   Interval  |                   Pipeline                  |
        |                                   Instance                                  |                           Module                           |   min   |   max   |    min   |    max   |  min |  max |                     Type                    |
        +-----------------------------------------------------------------------------+------------------------------------------------------------+---------+---------+----------+----------+------+------+---------------------------------------------+
        |grp_dense_resource_rf_gt_nin_rem0_0_0_0_0_0_0_0_0_0_1_fu_577                 |dense_resource_rf_gt_nin_rem0_0_0_0_0_0_0_0_0_0_1           |     1157|     1158| 7.318 us | 7.324 us |  1152|  1152| loop rewind(delay=0 initiation interval(s)) |
        |call_ret4_shift_line_buffer_array_ap_fixed_16_6_5_3_0_16u_config10_s_fu_873  |shift_line_buffer_array_ap_fixed_16_6_5_3_0_16u_config10_s  |        0|        0|   0 ns   |   0 ns   |     1|     1|                   function                  |
        +-----------------------------------------------------------------------------+------------------------------------------------------------+---------+---------+----------+----------+------+------+---------------------------------------------+

        * Loop: 
        N/A



================================================================
== Utilization Estimates
================================================================
* Summary: 
+-----------------+---------+-------+--------+-------+-----+
|       Name      | BRAM_18K| DSP48E|   FF   |  LUT  | URAM|
+-----------------+---------+-------+--------+-------+-----+
|DSP              |        -|      -|       -|      -|    -|
|Expression       |        -|      -|       0|    344|    -|
|FIFO             |        -|      -|       -|      -|    -|
|Instance         |        3|      1|    4266|   2813|    -|
|Memory           |        -|      -|       -|      -|    -|
|Multiplexer      |        -|      -|       -|    144|    -|
|Register         |        -|      -|    2666|      -|    -|
+-----------------+---------+-------+--------+-------+-----+
|Total            |        3|      1|    6932|   3301|    0|
+-----------------+---------+-------+--------+-------+-----+
|Available        |      280|    220|  106400|  53200|    0|
+-----------------+---------+-------+--------+-------+-----+
|Utilization (%)  |        1|   ~0  |       6|      6|    0|
+-----------------+---------+-------+--------+-------+-----+

+ Detail: 
    * Instance: 
    +-----------------------------------------------------------------------------+------------------------------------------------------------+---------+-------+------+------+-----+
    |                                   Instance                                  |                           Module                           | BRAM_18K| DSP48E|  FF  |  LUT | URAM|
    +-----------------------------------------------------------------------------+------------------------------------------------------------+---------+-------+------+------+-----+
    |grp_dense_resource_rf_gt_nin_rem0_0_0_0_0_0_0_0_0_0_1_fu_577                 |dense_resource_rf_gt_nin_rem0_0_0_0_0_0_0_0_0_0_1           |        3|      1|  2217|  1789|    0|
    |call_ret4_shift_line_buffer_array_ap_fixed_16_6_5_3_0_16u_config10_s_fu_873  |shift_line_buffer_array_ap_fixed_16_6_5_3_0_16u_config10_s  |        0|      0|  2049|  1024|    0|
    +-----------------------------------------------------------------------------+------------------------------------------------------------+---------+-------+------+------+-----+
    |Total                                                                        |                                                            |        3|      1|  4266|  2813|    0|
    +-----------------------------------------------------------------------------+------------------------------------------------------------+---------+-------+------+------+-----+

    * DSP48E: 
    N/A

    * Memory: 
    N/A

    * FIFO: 
    N/A

    * Expression: 
    +---------------------------------+----------+-------+---+----+------------+------------+
    |          Variable Name          | Operation| DSP48E| FF| LUT| Bitwidth P0| Bitwidth P1|
    +---------------------------------+----------+-------+---+----+------------+------------+
    |add_ln311_fu_3152_p2             |     +    |      0|  0|  39|          32|           1|
    |add_ln313_fu_3163_p2             |     +    |      0|  0|  39|          32|           1|
    |add_ln316_fu_3112_p2             |     +    |      0|  0|  39|          32|           1|
    |add_ln318_fu_3123_p2             |     +    |      0|  0|  39|          32|           1|
    |and_ln284_3_fu_3055_p2           |    and   |      0|  0|   2|           1|           1|
    |and_ln284_4_fu_3061_p2           |    and   |      0|  0|   2|           1|           1|
    |and_ln284_fu_3049_p2             |    and   |      0|  0|   2|           1|           1|
    |ap_block_state3                  |    and   |      0|  0|   2|           1|           1|
    |ap_block_state3_on_subcall_done  |    and   |      0|  0|   2|           1|           1|
    |ap_condition_268                 |    and   |      0|  0|   2|           1|           1|
    |ap_condition_277                 |    and   |      0|  0|   2|           1|           1|
    |io_acc_block_signal_op438        |    and   |      0|  0|   2|           1|           1|
    |icmp_ln284_4_fu_3003_p2          |   icmp   |      0|  0|  18|          32|           2|
    |icmp_ln284_5_fu_3023_p2          |   icmp   |      0|  0|  18|          31|           1|
    |icmp_ln284_6_fu_3043_p2          |   icmp   |      0|  0|  18|          31|           1|
    |icmp_ln284_fu_2993_p2            |   icmp   |      0|  0|  18|          32|           2|
    |icmp_ln303_fu_3107_p2            |   icmp   |      0|  0|  18|          32|           4|
    |icmp_ln307_fu_3147_p2            |   icmp   |      0|  0|  18|          32|           4|
    |select_ln313_fu_3168_p3          |  select  |      0|  0|  32|           1|           2|
    |select_ln318_fu_3128_p3          |  select  |      0|  0|  32|           1|           2|
    +---------------------------------+----------+-------+---+----+------------+------------+
    |Total                            |          |      0|  0| 344|         328|          30|
    +---------------------------------+----------+-------+---+----+------------+------------+

    * Multiplexer: 
    +-------------------------------------+----+-----------+-----+-----------+
    |                 Name                | LUT| Input Size| Bits| Total Bits|
    +-------------------------------------+----+-----------+-----+-----------+
    |ap_NS_fsm                            |  27|          5|    1|          5|
    |ap_phi_mux_storemerge_phi_fu_570_p4  |   9|          2|   32|         64|
    |pX_1                                 |   9|          2|   32|         64|
    |pY_1                                 |   9|          2|   32|         64|
    |res_stream_V_data_0_V_blk_n          |   9|          2|    1|          2|
    |res_stream_V_data_1_V_blk_n          |   9|          2|    1|          2|
    |res_stream_V_data_2_V_blk_n          |   9|          2|    1|          2|
    |res_stream_V_data_3_V_blk_n          |   9|          2|    1|          2|
    |res_stream_V_data_4_V_blk_n          |   9|          2|    1|          2|
    |res_stream_V_data_5_V_blk_n          |   9|          2|    1|          2|
    |res_stream_V_data_6_V_blk_n          |   9|          2|    1|          2|
    |res_stream_V_data_7_V_blk_n          |   9|          2|    1|          2|
    |sX_1                                 |   9|          2|   32|         64|
    |storemerge_reg_566                   |   9|          2|   32|         64|
    +-------------------------------------+----+-----------+-----+-----------+
    |Total                                | 144|         31|  169|        341|
    +-------------------------------------+----+-----------+-----+-----------+

    * Register: 
    +---------------------------------------------------------------------------+----+----+-----+-----------+
    |                                    Name                                   | FF | LUT| Bits| Const Bits|
    +---------------------------------------------------------------------------+----+----+-----+-----------+
    |and_ln284_4_reg_3224                                                       |   1|   0|    1|          0|
    |ap_CS_fsm                                                                  |   4|   0|    4|          0|
    |grp_dense_resource_rf_gt_nin_rem0_0_0_0_0_0_0_0_0_0_1_fu_577_ap_start_reg  |   1|   0|    1|          0|
    |icmp_ln284_4_reg_3207                                                      |   1|   0|    1|          0|
    |icmp_ln284_reg_3197                                                        |   1|   0|    1|          0|
    |icmp_ln303_reg_3228                                                        |   1|   0|    1|          0|
    |icmp_ln307_reg_3237                                                        |   1|   0|    1|          0|
    |kernel_data_V_1_0                                                          |  16|   0|   16|          0|
    |kernel_data_V_1_1                                                          |  16|   0|   16|          0|
    |kernel_data_V_1_10                                                         |  16|   0|   16|          0|
    |kernel_data_V_1_100                                                        |  16|   0|   16|          0|
    |kernel_data_V_1_101                                                        |  16|   0|   16|          0|
    |kernel_data_V_1_102                                                        |  16|   0|   16|          0|
    |kernel_data_V_1_103                                                        |  16|   0|   16|          0|
    |kernel_data_V_1_104                                                        |  16|   0|   16|          0|
    |kernel_data_V_1_105                                                        |  16|   0|   16|          0|
    |kernel_data_V_1_106                                                        |  16|   0|   16|          0|
    |kernel_data_V_1_107                                                        |  16|   0|   16|          0|
    |kernel_data_V_1_108                                                        |  16|   0|   16|          0|
    |kernel_data_V_1_109                                                        |  16|   0|   16|          0|
    |kernel_data_V_1_11                                                         |  16|   0|   16|          0|
    |kernel_data_V_1_110                                                        |  16|   0|   16|          0|
    |kernel_data_V_1_111                                                        |  16|   0|   16|          0|
    |kernel_data_V_1_112                                                        |  16|   0|   16|          0|
    |kernel_data_V_1_113                                                        |  16|   0|   16|          0|
    |kernel_data_V_1_114                                                        |  16|   0|   16|          0|
    |kernel_data_V_1_115                                                        |  16|   0|   16|          0|
    |kernel_data_V_1_116                                                        |  16|   0|   16|          0|
    |kernel_data_V_1_117                                                        |  16|   0|   16|          0|
    |kernel_data_V_1_118                                                        |  16|   0|   16|          0|
    |kernel_data_V_1_119                                                        |  16|   0|   16|          0|
    |kernel_data_V_1_12                                                         |  16|   0|   16|          0|
    |kernel_data_V_1_120                                                        |  16|   0|   16|          0|
    |kernel_data_V_1_121                                                        |  16|   0|   16|          0|
    |kernel_data_V_1_122                                                        |  16|   0|   16|          0|
    |kernel_data_V_1_123                                                        |  16|   0|   16|          0|
    |kernel_data_V_1_124                                                        |  16|   0|   16|          0|
    |kernel_data_V_1_125                                                        |  16|   0|   16|          0|
    |kernel_data_V_1_126                                                        |  16|   0|   16|          0|
    |kernel_data_V_1_127                                                        |  16|   0|   16|          0|
    |kernel_data_V_1_128                                                        |  16|   0|   16|          0|
    |kernel_data_V_1_129                                                        |  16|   0|   16|          0|
    |kernel_data_V_1_13                                                         |  16|   0|   16|          0|
    |kernel_data_V_1_130                                                        |  16|   0|   16|          0|
    |kernel_data_V_1_131                                                        |  16|   0|   16|          0|
    |kernel_data_V_1_132                                                        |  16|   0|   16|          0|
    |kernel_data_V_1_133                                                        |  16|   0|   16|          0|
    |kernel_data_V_1_134                                                        |  16|   0|   16|          0|
    |kernel_data_V_1_135                                                        |  16|   0|   16|          0|
    |kernel_data_V_1_136                                                        |  16|   0|   16|          0|
    |kernel_data_V_1_137                                                        |  16|   0|   16|          0|
    |kernel_data_V_1_138                                                        |  16|   0|   16|          0|
    |kernel_data_V_1_139                                                        |  16|   0|   16|          0|
    |kernel_data_V_1_14                                                         |  16|   0|   16|          0|
    |kernel_data_V_1_140                                                        |  16|   0|   16|          0|
    |kernel_data_V_1_141                                                        |  16|   0|   16|          0|
    |kernel_data_V_1_142                                                        |  16|   0|   16|          0|
    |kernel_data_V_1_143                                                        |  16|   0|   16|          0|
    |kernel_data_V_1_15                                                         |  16|   0|   16|          0|
    |kernel_data_V_1_16                                                         |  16|   0|   16|          0|
    |kernel_data_V_1_17                                                         |  16|   0|   16|          0|
    |kernel_data_V_1_18                                                         |  16|   0|   16|          0|
    |kernel_data_V_1_19                                                         |  16|   0|   16|          0|
    |kernel_data_V_1_2                                                          |  16|   0|   16|          0|
    |kernel_data_V_1_20                                                         |  16|   0|   16|          0|
    |kernel_data_V_1_21                                                         |  16|   0|   16|          0|
    |kernel_data_V_1_22                                                         |  16|   0|   16|          0|
    |kernel_data_V_1_23                                                         |  16|   0|   16|          0|
    |kernel_data_V_1_24                                                         |  16|   0|   16|          0|
    |kernel_data_V_1_25                                                         |  16|   0|   16|          0|
    |kernel_data_V_1_26                                                         |  16|   0|   16|          0|
    |kernel_data_V_1_27                                                         |  16|   0|   16|          0|
    |kernel_data_V_1_28                                                         |  16|   0|   16|          0|
    |kernel_data_V_1_29                                                         |  16|   0|   16|          0|
    |kernel_data_V_1_3                                                          |  16|   0|   16|          0|
    |kernel_data_V_1_30                                                         |  16|   0|   16|          0|
    |kernel_data_V_1_31                                                         |  16|   0|   16|          0|
    |kernel_data_V_1_32                                                         |  16|   0|   16|          0|
    |kernel_data_V_1_33                                                         |  16|   0|   16|          0|
    |kernel_data_V_1_34                                                         |  16|   0|   16|          0|
    |kernel_data_V_1_35                                                         |  16|   0|   16|          0|
    |kernel_data_V_1_36                                                         |  16|   0|   16|          0|
    |kernel_data_V_1_37                                                         |  16|   0|   16|          0|
    |kernel_data_V_1_38                                                         |  16|   0|   16|          0|
    |kernel_data_V_1_39                                                         |  16|   0|   16|          0|
    |kernel_data_V_1_4                                                          |  16|   0|   16|          0|
    |kernel_data_V_1_40                                                         |  16|   0|   16|          0|
    |kernel_data_V_1_41                                                         |  16|   0|   16|          0|
    |kernel_data_V_1_42                                                         |  16|   0|   16|          0|
    |kernel_data_V_1_43                                                         |  16|   0|   16|          0|
    |kernel_data_V_1_44                                                         |  16|   0|   16|          0|
    |kernel_data_V_1_45                                                         |  16|   0|   16|          0|
    |kernel_data_V_1_46                                                         |  16|   0|   16|          0|
    |kernel_data_V_1_47                                                         |  16|   0|   16|          0|
    |kernel_data_V_1_48                                                         |  16|   0|   16|          0|
    |kernel_data_V_1_49                                                         |  16|   0|   16|          0|
    |kernel_data_V_1_5                                                          |  16|   0|   16|          0|
    |kernel_data_V_1_50                                                         |  16|   0|   16|          0|
    |kernel_data_V_1_51                                                         |  16|   0|   16|          0|
    |kernel_data_V_1_52                                                         |  16|   0|   16|          0|
    |kernel_data_V_1_53                                                         |  16|   0|   16|          0|
    |kernel_data_V_1_54                                                         |  16|   0|   16|          0|
    |kernel_data_V_1_55                                                         |  16|   0|   16|          0|
    |kernel_data_V_1_56                                                         |  16|   0|   16|          0|
    |kernel_data_V_1_57                                                         |  16|   0|   16|          0|
    |kernel_data_V_1_58                                                         |  16|   0|   16|          0|
    |kernel_data_V_1_59                                                         |  16|   0|   16|          0|
    |kernel_data_V_1_6                                                          |  16|   0|   16|          0|
    |kernel_data_V_1_60                                                         |  16|   0|   16|          0|
    |kernel_data_V_1_61                                                         |  16|   0|   16|          0|
    |kernel_data_V_1_62                                                         |  16|   0|   16|          0|
    |kernel_data_V_1_63                                                         |  16|   0|   16|          0|
    |kernel_data_V_1_64                                                         |  16|   0|   16|          0|
    |kernel_data_V_1_65                                                         |  16|   0|   16|          0|
    |kernel_data_V_1_66                                                         |  16|   0|   16|          0|
    |kernel_data_V_1_67                                                         |  16|   0|   16|          0|
    |kernel_data_V_1_68                                                         |  16|   0|   16|          0|
    |kernel_data_V_1_69                                                         |  16|   0|   16|          0|
    |kernel_data_V_1_7                                                          |  16|   0|   16|          0|
    |kernel_data_V_1_70                                                         |  16|   0|   16|          0|
    |kernel_data_V_1_71                                                         |  16|   0|   16|          0|
    |kernel_data_V_1_72                                                         |  16|   0|   16|          0|
    |kernel_data_V_1_73                                                         |  16|   0|   16|          0|
    |kernel_data_V_1_74                                                         |  16|   0|   16|          0|
    |kernel_data_V_1_75                                                         |  16|   0|   16|          0|
    |kernel_data_V_1_76                                                         |  16|   0|   16|          0|
    |kernel_data_V_1_77                                                         |  16|   0|   16|          0|
    |kernel_data_V_1_78                                                         |  16|   0|   16|          0|
    |kernel_data_V_1_79                                                         |  16|   0|   16|          0|
    |kernel_data_V_1_8                                                          |  16|   0|   16|          0|
    |kernel_data_V_1_80                                                         |  16|   0|   16|          0|
    |kernel_data_V_1_81                                                         |  16|   0|   16|          0|
    |kernel_data_V_1_82                                                         |  16|   0|   16|          0|
    |kernel_data_V_1_83                                                         |  16|   0|   16|          0|
    |kernel_data_V_1_84                                                         |  16|   0|   16|          0|
    |kernel_data_V_1_85                                                         |  16|   0|   16|          0|
    |kernel_data_V_1_86                                                         |  16|   0|   16|          0|
    |kernel_data_V_1_87                                                         |  16|   0|   16|          0|
    |kernel_data_V_1_88                                                         |  16|   0|   16|          0|
    |kernel_data_V_1_89                                                         |  16|   0|   16|          0|
    |kernel_data_V_1_9                                                          |  16|   0|   16|          0|
    |kernel_data_V_1_90                                                         |  16|   0|   16|          0|
    |kernel_data_V_1_91                                                         |  16|   0|   16|          0|
    |kernel_data_V_1_92                                                         |  16|   0|   16|          0|
    |kernel_data_V_1_93                                                         |  16|   0|   16|          0|
    |kernel_data_V_1_94                                                         |  16|   0|   16|          0|
    |kernel_data_V_1_95                                                         |  16|   0|   16|          0|
    |kernel_data_V_1_96                                                         |  16|   0|   16|          0|
    |kernel_data_V_1_97                                                         |  16|   0|   16|          0|
    |kernel_data_V_1_98                                                         |  16|   0|   16|          0|
    |kernel_data_V_1_99                                                         |  16|   0|   16|          0|
    |pX_1                                                                       |  32|   0|   32|          0|
    |pX_1_load_reg_3218                                                         |  32|   0|   32|          0|
    |pY_1                                                                       |  32|   0|   32|          0|
    |pY_1_load_reg_3212                                                         |  32|   0|   32|          0|
    |sX_1                                                                       |  32|   0|   32|          0|
    |sX_1_load_reg_3192                                                         |  32|   0|   32|          0|
    |sY_1                                                                       |  32|   0|   32|          0|
    |sY_1_load_reg_3202                                                         |  32|   0|   32|          0|
    |select_ln313_reg_3241                                                      |  32|   0|   32|          0|
    |select_ln318_reg_3232                                                      |  32|   0|   32|          0|
    |storemerge_reg_566                                                         |  32|   0|   32|          0|
    +---------------------------------------------------------------------------+----+----+-----+-----------+
    |Total                                                                      |2666|   0| 2666|          0|
    +---------------------------------------------------------------------------+----+----+-----+-----------+



================================================================
== Interface
================================================================
* Summary: 
+------------------------------+-----+-----+------------+-------------------------------------------------------------------------+--------------+
|           RTL Ports          | Dir | Bits|  Protocol  |                              Source Object                              |    C Type    |
+------------------------------+-----+-----+------------+-------------------------------------------------------------------------+--------------+
|ap_clk                        |  in |    1| ap_ctrl_hs | compute_output_buffer_2d<array,array<ap_fixed<16,6,5,3,0>,8u>,config10> | return value |
|ap_rst                        |  in |    1| ap_ctrl_hs | compute_output_buffer_2d<array,array<ap_fixed<16,6,5,3,0>,8u>,config10> | return value |
|ap_start                      |  in |    1| ap_ctrl_hs | compute_output_buffer_2d<array,array<ap_fixed<16,6,5,3,0>,8u>,config10> | return value |
|ap_done                       | out |    1| ap_ctrl_hs | compute_output_buffer_2d<array,array<ap_fixed<16,6,5,3,0>,8u>,config10> | return value |
|ap_idle                       | out |    1| ap_ctrl_hs | compute_output_buffer_2d<array,array<ap_fixed<16,6,5,3,0>,8u>,config10> | return value |
|ap_ready                      | out |    1| ap_ctrl_hs | compute_output_buffer_2d<array,array<ap_fixed<16,6,5,3,0>,8u>,config10> | return value |
|in_elem_data_0_V_read         |  in |   16|   ap_none  |                          in_elem_data_0_V_read                          |    scalar    |
|in_elem_data_1_V_read         |  in |   16|   ap_none  |                          in_elem_data_1_V_read                          |    scalar    |
|in_elem_data_2_V_read         |  in |   16|   ap_none  |                          in_elem_data_2_V_read                          |    scalar    |
|in_elem_data_3_V_read         |  in |   16|   ap_none  |                          in_elem_data_3_V_read                          |    scalar    |
|in_elem_data_4_V_read         |  in |   16|   ap_none  |                          in_elem_data_4_V_read                          |    scalar    |
|in_elem_data_5_V_read         |  in |   16|   ap_none  |                          in_elem_data_5_V_read                          |    scalar    |
|in_elem_data_6_V_read         |  in |   16|   ap_none  |                          in_elem_data_6_V_read                          |    scalar    |
|in_elem_data_7_V_read         |  in |   16|   ap_none  |                          in_elem_data_7_V_read                          |    scalar    |
|in_elem_data_8_V_read         |  in |   16|   ap_none  |                          in_elem_data_8_V_read                          |    scalar    |
|in_elem_data_9_V_read         |  in |   16|   ap_none  |                          in_elem_data_9_V_read                          |    scalar    |
|in_elem_data_10_V_read        |  in |   16|   ap_none  |                          in_elem_data_10_V_read                         |    scalar    |
|in_elem_data_11_V_read        |  in |   16|   ap_none  |                          in_elem_data_11_V_read                         |    scalar    |
|in_elem_data_12_V_read        |  in |   16|   ap_none  |                          in_elem_data_12_V_read                         |    scalar    |
|in_elem_data_13_V_read        |  in |   16|   ap_none  |                          in_elem_data_13_V_read                         |    scalar    |
|in_elem_data_14_V_read        |  in |   16|   ap_none  |                          in_elem_data_14_V_read                         |    scalar    |
|in_elem_data_15_V_read        |  in |   16|   ap_none  |                          in_elem_data_15_V_read                         |    scalar    |
|res_stream_V_data_0_V_din     | out |   16|   ap_fifo  |                          res_stream_V_data_0_V                          |    pointer   |
|res_stream_V_data_0_V_full_n  |  in |    1|   ap_fifo  |                          res_stream_V_data_0_V                          |    pointer   |
|res_stream_V_data_0_V_write   | out |    1|   ap_fifo  |                          res_stream_V_data_0_V                          |    pointer   |
|res_stream_V_data_1_V_din     | out |   16|   ap_fifo  |                          res_stream_V_data_1_V                          |    pointer   |
|res_stream_V_data_1_V_full_n  |  in |    1|   ap_fifo  |                          res_stream_V_data_1_V                          |    pointer   |
|res_stream_V_data_1_V_write   | out |    1|   ap_fifo  |                          res_stream_V_data_1_V                          |    pointer   |
|res_stream_V_data_2_V_din     | out |   16|   ap_fifo  |                          res_stream_V_data_2_V                          |    pointer   |
|res_stream_V_data_2_V_full_n  |  in |    1|   ap_fifo  |                          res_stream_V_data_2_V                          |    pointer   |
|res_stream_V_data_2_V_write   | out |    1|   ap_fifo  |                          res_stream_V_data_2_V                          |    pointer   |
|res_stream_V_data_3_V_din     | out |   16|   ap_fifo  |                          res_stream_V_data_3_V                          |    pointer   |
|res_stream_V_data_3_V_full_n  |  in |    1|   ap_fifo  |                          res_stream_V_data_3_V                          |    pointer   |
|res_stream_V_data_3_V_write   | out |    1|   ap_fifo  |                          res_stream_V_data_3_V                          |    pointer   |
|res_stream_V_data_4_V_din     | out |   16|   ap_fifo  |                          res_stream_V_data_4_V                          |    pointer   |
|res_stream_V_data_4_V_full_n  |  in |    1|   ap_fifo  |                          res_stream_V_data_4_V                          |    pointer   |
|res_stream_V_data_4_V_write   | out |    1|   ap_fifo  |                          res_stream_V_data_4_V                          |    pointer   |
|res_stream_V_data_5_V_din     | out |   16|   ap_fifo  |                          res_stream_V_data_5_V                          |    pointer   |
|res_stream_V_data_5_V_full_n  |  in |    1|   ap_fifo  |                          res_stream_V_data_5_V                          |    pointer   |
|res_stream_V_data_5_V_write   | out |    1|   ap_fifo  |                          res_stream_V_data_5_V                          |    pointer   |
|res_stream_V_data_6_V_din     | out |   16|   ap_fifo  |                          res_stream_V_data_6_V                          |    pointer   |
|res_stream_V_data_6_V_full_n  |  in |    1|   ap_fifo  |                          res_stream_V_data_6_V                          |    pointer   |
|res_stream_V_data_6_V_write   | out |    1|   ap_fifo  |                          res_stream_V_data_6_V                          |    pointer   |
|res_stream_V_data_7_V_din     | out |   16|   ap_fifo  |                          res_stream_V_data_7_V                          |    pointer   |
|res_stream_V_data_7_V_full_n  |  in |    1|   ap_fifo  |                          res_stream_V_data_7_V                          |    pointer   |
|res_stream_V_data_7_V_write   | out |    1|   ap_fifo  |                          res_stream_V_data_7_V                          |    pointer   |
+------------------------------+-----+-----+------------+-------------------------------------------------------------------------+--------------+

