

================================================================
== Vivado HLS Report for 'myproject_axi'
================================================================
* Date:           Fri Jun 27 09:43:10 2025

* Version:        2020.1 (Build 2897737 on Wed May 27 20:21:37 MDT 2020)
* Project:        myproject_prj
* Solution:       solution1
* Product family: zynq
* Target device:  xc7z020-clg400-1


================================================================
== Performance Estimates
================================================================
+ Timing: 
    * Summary: 
    +--------+---------+----------+------------+
    |  Clock |  Target | Estimated| Uncertainty|
    +--------+---------+----------+------------+
    |ap_clk  | 5.00 ns | 6.325 ns |   0.62 ns  |
    +--------+---------+----------+------------+

+ Latency: 
    * Summary: 
    +---------+---------+----------+----------+-------+--------+----------+
    |  Latency (cycles) |  Latency (absolute) |    Interval    | Pipeline |
    |   min   |   max   |    min   |    max   |  min  |   max  |   Type   |
    +---------+---------+----------+----------+-------+--------+----------+
    |   190072|   190589| 1.202 ms | 1.205 ms |  29698|  190514| dataflow |
    +---------+---------+----------+----------+-------+--------+----------+

    + Detail: 
        * Instance: 
        +-------------------+----------------+---------+---------+-----------+-----------+-------+--------+----------+
        |                   |                |  Latency (cycles) |   Latency (absolute)  |    Interval    | Pipeline |
        |      Instance     |     Module     |   min   |   max   |    min    |    max    |  min  |   max  |   Type   |
        +-------------------+----------------+---------+---------+-----------+-----------+-------+--------+----------+
        |myproject_U0       |myproject       |   190072|   190589|  1.202 ms |  1.205 ms |   5782|  190514| dataflow |
        |Loop_1_proc604_U0  |Loop_1_proc604  |    29697|    29697|  0.188 ms |  0.188 ms |  29697|   29697|   none   |
        |Loop_2_proc_U0     |Loop_2_proc     |    10241|    10241| 64.774 us | 64.774 us |  10241|   10241|   none   |
        +-------------------+----------------+---------+---------+-----------+-----------+-------+--------+----------+

        * Loop: 
        N/A



================================================================
== Utilization Estimates
================================================================
* Summary: 
+-----------------+---------+-------+--------+-------+-----+
|       Name      | BRAM_18K| DSP48E|   FF   |  LUT  | URAM|
+-----------------+---------+-------+--------+-------+-----+
|DSP              |        -|      -|       -|      -|    -|
|Expression       |        -|      -|       0|      2|    -|
|FIFO             |        4|      -|     209|    368|    -|
|Instance         |      231|      6|   42460|  47897|    -|
|Memory           |        -|      -|       -|      -|    -|
|Multiplexer      |        -|      -|       -|      -|    -|
|Register         |        -|      -|       -|      -|    -|
+-----------------+---------+-------+--------+-------+-----+
|Total            |      235|      6|   42669|  48267|    0|
+-----------------+---------+-------+--------+-------+-----+
|Available        |      280|    220|  106400|  53200|    0|
+-----------------+---------+-------+--------+-------+-----+
|Utilization (%)  |       83|      2|      40|     90|    0|
+-----------------+---------+-------+--------+-------+-----+

+ Detail: 
    * Instance: 
    +-------------------+----------------+---------+-------+-------+-------+-----+
    |      Instance     |     Module     | BRAM_18K| DSP48E|   FF  |  LUT  | URAM|
    +-------------------+----------------+---------+-------+-------+-------+-----+
    |Loop_1_proc604_U0  |Loop_1_proc604  |        0|      0|    805|   1725|    0|
    |Loop_2_proc_U0     |Loop_2_proc     |        0|      0|    790|    975|    0|
    |myproject_U0       |myproject       |      231|      6|  40865|  45197|    0|
    +-------------------+----------------+---------+-------+-------+-------+-----+
    |Total              |                |      231|      6|  42460|  47897|    0|
    +-------------------+----------------+---------+-------+-------+-------+-----+

    * DSP48E: 
    N/A

    * Memory: 
    N/A

    * FIFO: 
    +------------------------+---------+----+----+-----+------+-----+---------+
    |          Name          | BRAM_18K| FF | LUT| URAM| Depth| Bits| Size:D*B|
    +------------------------+---------+----+----+-----+------+-----+---------+
    |in_local_V_data_0_V_U   |        1|  51|   0|    -|  1024|   16|    16384|
    |in_local_V_data_1_V_U   |        1|  51|   0|    -|  1024|   16|    16384|
    |in_local_V_data_2_V_U   |        1|  51|   0|    -|  1024|   16|    16384|
    |is_last_0_i_loc_c_U     |        0|   5|   0|    -|     3|    1|        3|
    |out_local_V_data_0_V_U  |        1|  51|   0|    -|  1024|   16|    16384|
    +------------------------+---------+----+----+-----+------+-----+---------+
    |Total                   |        4| 209|   0|    0|  4099|   65|    65539|
    +------------------------+---------+----+----+-----+------+-----+---------+

    * Expression: 
    +--------------------------------+----------+-------+---+----+------------+------------+
    |          Variable Name         | Operation| DSP48E| FF| LUT| Bitwidth P0| Bitwidth P1|
    +--------------------------------+----------+-------+---+----+------------+------------+
    |Loop_1_proc604_U0_start_full_n  |    and   |      0|  0|   2|           1|           1|
    +--------------------------------+----------+-------+---+----+------------+------------+
    |Total                           |          |      0|  0|   2|           1|           1|
    +--------------------------------+----------+-------+---+----+------------+------------+

    * Multiplexer: 
    N/A

    * Register: 
    N/A



================================================================
== Interface
================================================================
* Summary: 
+--------------+-----+-----+--------------+---------------+--------------+
|   RTL Ports  | Dir | Bits|   Protocol   | Source Object |    C Type    |
+--------------+-----+-----+--------------+---------------+--------------+
|in_r_TDATA    |  in |   32|     axis     |    in_data    |    pointer   |
|in_r_TVALID   |  in |    1|     axis     |    in_data    |    pointer   |
|in_r_TREADY   | out |    1|     axis     |    in_data    |    pointer   |
|in_r_TLAST    |  in |    1|     axis     |   in_last_V   |    pointer   |
|out_r_TDATA   | out |   32|     axis     |    out_data   |    pointer   |
|out_r_TLAST   | out |    1|     axis     |   out_last_V  |    pointer   |
|out_r_TVALID  | out |    1|     axis     |   out_last_V  |    pointer   |
|out_r_TREADY  |  in |    1|     axis     |   out_last_V  |    pointer   |
|ap_clk        |  in |    1| ap_ctrl_none | myproject_axi | return value |
|ap_rst_n      |  in |    1| ap_ctrl_none | myproject_axi | return value |
+--------------+-----+-----+--------------+---------------+--------------+

