

================================================================
== Vivado HLS Report for 'conv_2d_cl_array_ap_fixed_1u_array_ap_fixed_4_2_5_3_0_8u_config2_s'
================================================================
* Date:           Sat May 24 00:24:44 2025

* Version:        2020.1 (Build 2897737 on Wed May 27 20:21:37 MDT 2020)
* Project:        myproject_prj
* Solution:       solution1
* Product family: zynq
* Target device:  xc7z020-clg400-1


================================================================
== Performance Estimates
================================================================
+ Timing: 
    * Summary: 
    +--------+---------+----------+------------+
    |  Clock |  Target | Estimated| Uncertainty|
    +--------+---------+----------+------------+
    |ap_clk  | 5.00 ns | 4.321 ns |   0.62 ns  |
    +--------+---------+----------+------------+

+ Latency: 
    * Summary: 
    +---------+---------+----------+----------+-------+-------+---------+
    |  Latency (cycles) |  Latency (absolute) |    Interval   | Pipeline|
    |   min   |   max   |    min   |    max   |  min  |  max  |   Type  |
    +---------+---------+----------+----------+-------+-------+---------+
    |    21781|    39205| 0.109 ms | 0.196 ms |  21781|  39205|   none  |
    +---------+---------+----------+----------+-------+-------+---------+

    + Detail: 
        * Instance: 
        +--------------------------------------------------------------------------------+----------------------------------------------------------------------+---------+---------+-----------+-----------+-----+-----+---------+
        |                                                                                |                                                                      |  Latency (cycles) |   Latency (absolute)  |  Interval | Pipeline|
        |                                    Instance                                    |                                Module                                |   min   |   max   |    min    |    max    | min | max |   Type  |
        +--------------------------------------------------------------------------------+----------------------------------------------------------------------+---------+---------+-----------+-----------+-----+-----+---------+
        |grp_compute_output_buffer_2d_array_array_ap_fixed_4_2_5_3_0_8u_config2_s_fu_91  |compute_output_buffer_2d_array_array_ap_fixed_4_2_5_3_0_8u_config2_s  |        2|        6| 10.000 ns | 30.000 ns |    2|    6|   none  |
        +--------------------------------------------------------------------------------+----------------------------------------------------------------------+---------+---------+-----------+-----------+-----+-----+---------+

        * Loop: 
        +----------------------------------+---------+---------+----------+-----------+-----------+------+----------+
        |                                  |  Latency (cycles) | Iteration|  Initiation Interval  | Trip |          |
        |             Loop Name            |   min   |   max   |  Latency |  achieved |   target  | Count| Pipelined|
        +----------------------------------+---------+---------+----------+-----------+-----------+------+----------+
        |- ReadInputHeight_ReadInputWidth  |    21780|    39204|   5 ~ 9  |          -|          -|  4356|    no    |
        +----------------------------------+---------+---------+----------+-----------+-----------+------+----------+

============================================================
+ Verbose Summary: Synthesis Manager
============================================================
InlineROM: 1
ExposeGlobal: 0
============================================================
+ Verbose Summary: CDFG Model
============================================================
IsTopModel: 0
ResetActiveHigh: 1
IsCombinational: 2
IsDatapathOnly: 0
HasWiredReturn: 1
HasMFsm: 0
HasVarLatency: 1
IsPipeline: 0
IsRtlPipelined: 0
IsInstanceOverlapped: 0
IsDontTouch: 0
HasImplIP: 0
IsGatedGlobalClock: 0


============================================================
+ Verbose Summary: Schedule
============================================================
* Number of FSM states : 4
* Pipeline : 0
* Dataflow Pipeline: 0

* FSM state transitions: 
1 --> 2 
2 --> 3 
3 --> 4 
4 --> 2 

* FSM state operations: 

State 1 <SV = 0> <Delay = 1.76>
ST_1 : Operation 5 [1/1] (0.00ns)   --->   "call void (...)* @_ssdm_op_SpecInterface(i4* %res_V_data_7_V, [8 x i8]* @ap_fifo_str, i32 0, i32 0, [1 x i8]* @p_str, i32 0, i32 0, [1 x i8]* @p_str, [1 x i8]* @p_str, [1 x i8]* @p_str, i32 2, i32 2, i32 16, i32 16, [1 x i8]* @p_str, [1 x i8]* @p_str)"   --->   Operation 5 'specinterface' <Predicate = true> <Delay = 0.00>
ST_1 : Operation 6 [1/1] (0.00ns)   --->   "call void (...)* @_ssdm_op_SpecInterface(i4* %res_V_data_6_V, [8 x i8]* @ap_fifo_str, i32 0, i32 0, [1 x i8]* @p_str, i32 0, i32 0, [1 x i8]* @p_str, [1 x i8]* @p_str, [1 x i8]* @p_str, i32 2, i32 2, i32 16, i32 16, [1 x i8]* @p_str, [1 x i8]* @p_str)"   --->   Operation 6 'specinterface' <Predicate = true> <Delay = 0.00>
ST_1 : Operation 7 [1/1] (0.00ns)   --->   "call void (...)* @_ssdm_op_SpecInterface(i4* %res_V_data_5_V, [8 x i8]* @ap_fifo_str, i32 0, i32 0, [1 x i8]* @p_str, i32 0, i32 0, [1 x i8]* @p_str, [1 x i8]* @p_str, [1 x i8]* @p_str, i32 2, i32 2, i32 16, i32 16, [1 x i8]* @p_str, [1 x i8]* @p_str)"   --->   Operation 7 'specinterface' <Predicate = true> <Delay = 0.00>
ST_1 : Operation 8 [1/1] (0.00ns)   --->   "call void (...)* @_ssdm_op_SpecInterface(i4* %res_V_data_4_V, [8 x i8]* @ap_fifo_str, i32 0, i32 0, [1 x i8]* @p_str, i32 0, i32 0, [1 x i8]* @p_str, [1 x i8]* @p_str, [1 x i8]* @p_str, i32 2, i32 2, i32 16, i32 16, [1 x i8]* @p_str, [1 x i8]* @p_str)"   --->   Operation 8 'specinterface' <Predicate = true> <Delay = 0.00>
ST_1 : Operation 9 [1/1] (0.00ns)   --->   "call void (...)* @_ssdm_op_SpecInterface(i4* %res_V_data_3_V, [8 x i8]* @ap_fifo_str, i32 0, i32 0, [1 x i8]* @p_str, i32 0, i32 0, [1 x i8]* @p_str, [1 x i8]* @p_str, [1 x i8]* @p_str, i32 2, i32 2, i32 16, i32 16, [1 x i8]* @p_str, [1 x i8]* @p_str)"   --->   Operation 9 'specinterface' <Predicate = true> <Delay = 0.00>
ST_1 : Operation 10 [1/1] (0.00ns)   --->   "call void (...)* @_ssdm_op_SpecInterface(i4* %res_V_data_2_V, [8 x i8]* @ap_fifo_str, i32 0, i32 0, [1 x i8]* @p_str, i32 0, i32 0, [1 x i8]* @p_str, [1 x i8]* @p_str, [1 x i8]* @p_str, i32 2, i32 2, i32 16, i32 16, [1 x i8]* @p_str, [1 x i8]* @p_str)"   --->   Operation 10 'specinterface' <Predicate = true> <Delay = 0.00>
ST_1 : Operation 11 [1/1] (0.00ns)   --->   "call void (...)* @_ssdm_op_SpecInterface(i4* %res_V_data_1_V, [8 x i8]* @ap_fifo_str, i32 0, i32 0, [1 x i8]* @p_str, i32 0, i32 0, [1 x i8]* @p_str, [1 x i8]* @p_str, [1 x i8]* @p_str, i32 2, i32 2, i32 16, i32 16, [1 x i8]* @p_str, [1 x i8]* @p_str)"   --->   Operation 11 'specinterface' <Predicate = true> <Delay = 0.00>
ST_1 : Operation 12 [1/1] (0.00ns)   --->   "call void (...)* @_ssdm_op_SpecInterface(i4* %res_V_data_0_V, [8 x i8]* @ap_fifo_str, i32 0, i32 0, [1 x i8]* @p_str, i32 0, i32 0, [1 x i8]* @p_str, [1 x i8]* @p_str, [1 x i8]* @p_str, i32 2, i32 2, i32 16, i32 16, [1 x i8]* @p_str, [1 x i8]* @p_str)"   --->   Operation 12 'specinterface' <Predicate = true> <Delay = 0.00>
ST_1 : Operation 13 [1/1] (0.00ns)   --->   "call void (...)* @_ssdm_op_SpecInterface(i4* %data_V_data_V, [8 x i8]* @ap_fifo_str, i32 0, i32 0, [1 x i8]* @p_str, i32 0, i32 0, [1 x i8]* @p_str, [1 x i8]* @p_str, [1 x i8]* @p_str, i32 2, i32 2, i32 16, i32 16, [1 x i8]* @p_str, [1 x i8]* @p_str)"   --->   Operation 13 'specinterface' <Predicate = true> <Delay = 0.00>
ST_1 : Operation 14 [1/1] (1.76ns)   --->   "br label %0" [firmware/nnet_utils/nnet_conv2d_stream.h:84->firmware/nnet_utils/nnet_conv2d_stream.h:108]   --->   Operation 14 'br' <Predicate = true> <Delay = 1.76>

State 2 <SV = 1> <Delay = 2.18>
ST_2 : Operation 15 [1/1] (0.00ns)   --->   "%indvar_flatten = phi i13 [ 0, %codeRepl ], [ %add_ln84, %.reset ]" [firmware/nnet_utils/nnet_conv2d_stream.h:84->firmware/nnet_utils/nnet_conv2d_stream.h:108]   --->   Operation 15 'phi' 'indvar_flatten' <Predicate = true> <Delay = 0.00>
ST_2 : Operation 16 [1/1] (2.09ns)   --->   "%icmp_ln84 = icmp eq i13 %indvar_flatten, -3836" [firmware/nnet_utils/nnet_conv2d_stream.h:84->firmware/nnet_utils/nnet_conv2d_stream.h:108]   --->   Operation 16 'icmp' 'icmp_ln84' <Predicate = true> <Delay = 2.09> <Core = "Cmp">   --->   Core 25 'Cmp' <Latency = 0> <II = 1> <Delay = 2.09> <FuncUnit> <Opcode : 'icmp'> <InPorts = 2> <OutPorts = 1>
ST_2 : Operation 17 [1/1] (1.67ns)   --->   "%add_ln84 = add i13 %indvar_flatten, 1" [firmware/nnet_utils/nnet_conv2d_stream.h:84->firmware/nnet_utils/nnet_conv2d_stream.h:108]   --->   Operation 17 'add' 'add_ln84' <Predicate = true> <Delay = 1.67> <Core = "AddSub">   --->   Core 14 'AddSub' <Latency = 0> <II = 1> <Delay = 1.67> <FuncUnit> <Opcode : 'add' 'sub'> <InPorts = 2> <OutPorts = 1>
ST_2 : Operation 18 [1/1] (0.00ns)   --->   "br i1 %icmp_ln84, label %"conv_2d_buffer_cl<array<ap_fixed<4, 2, 5, 3, 0>, 1u>, array<ap_fixed<4, 2, 5, 3, 0>, 8u>, config2>.exit", label %.reset" [firmware/nnet_utils/nnet_conv2d_stream.h:84->firmware/nnet_utils/nnet_conv2d_stream.h:108]   --->   Operation 18 'br' <Predicate = true> <Delay = 0.00>
ST_2 : Operation 19 [1/1] (2.18ns)   --->   "%tmp_data_0_V = call i4 @_ssdm_op_Read.ap_fifo.volatile.i4P(i4* %data_V_data_V)" [firmware/nnet_utils/nnet_conv2d_stream.h:92->firmware/nnet_utils/nnet_conv2d_stream.h:108]   --->   Operation 19 'read' 'tmp_data_0_V' <Predicate = (!icmp_ln84)> <Delay = 2.18> <Core = "FIFO">   --->   Core 32 'FIFO' <Latency = 0> <II = 1> <Delay = 3.63> <Storage> <Opcode : 'read' 'write' 'nbread' 'nbwrite'> <Ports = 0> <Width = 4> <Depth = 3> <FIFO>
ST_2 : Operation 20 [1/1] (0.00ns)   --->   "ret void" [firmware/nnet_utils/nnet_conv2d_stream.h:114]   --->   Operation 20 'ret' <Predicate = (icmp_ln84)> <Delay = 0.00>

State 3 <SV = 2> <Delay = 3.24>
ST_3 : Operation 21 [2/2] (3.24ns)   --->   "call fastcc void @"compute_output_buffer_2d<array,array<ap_fixed<4,2,5,3,0>,8u>,config2>"(i4 %tmp_data_0_V, i4* %res_V_data_0_V, i4* %res_V_data_1_V, i4* %res_V_data_2_V, i4* %res_V_data_3_V, i4* %res_V_data_4_V, i4* %res_V_data_5_V, i4* %res_V_data_6_V, i4* %res_V_data_7_V)" [firmware/nnet_utils/nnet_conv2d_stream.h:92->firmware/nnet_utils/nnet_conv2d_stream.h:108]   --->   Operation 21 'call' <Predicate = true> <Delay = 3.24> <CoreType = "Generic">   --->   Core 0 '' <Latency = 0> <II = 1> <Delay = 1.00> <Generic> <Opcode : >

State 4 <SV = 3> <Delay = 0.00>
ST_4 : Operation 22 [1/1] (0.00ns)   --->   "call void (...)* @_ssdm_op_SpecLoopName([31 x i8]* @ReadInputHeight_ReadInputWidth_str)"   --->   Operation 22 'specloopname' <Predicate = true> <Delay = 0.00>
ST_4 : Operation 23 [1/1] (0.00ns)   --->   "%empty = call i32 (...)* @_ssdm_op_SpecLoopTripCount(i64 4356, i64 4356, i64 4356)"   --->   Operation 23 'speclooptripcount' 'empty' <Predicate = true> <Delay = 0.00>
ST_4 : Operation 24 [1/1] (0.00ns)   --->   "call void (...)* @_ssdm_op_SpecLoopName([15 x i8]* @p_str48) nounwind" [firmware/nnet_utils/nnet_conv2d_stream.h:86->firmware/nnet_utils/nnet_conv2d_stream.h:108]   --->   Operation 24 'specloopname' <Predicate = true> <Delay = 0.00>
ST_4 : Operation 25 [1/2] (0.00ns)   --->   "call fastcc void @"compute_output_buffer_2d<array,array<ap_fixed<4,2,5,3,0>,8u>,config2>"(i4 %tmp_data_0_V, i4* %res_V_data_0_V, i4* %res_V_data_1_V, i4* %res_V_data_2_V, i4* %res_V_data_3_V, i4* %res_V_data_4_V, i4* %res_V_data_5_V, i4* %res_V_data_6_V, i4* %res_V_data_7_V)" [firmware/nnet_utils/nnet_conv2d_stream.h:92->firmware/nnet_utils/nnet_conv2d_stream.h:108]   --->   Operation 25 'call' <Predicate = true> <Delay = 0.00> <CoreType = "Generic">   --->   Core 0 '' <Latency = 0> <II = 1> <Delay = 1.00> <Generic> <Opcode : >
ST_4 : Operation 26 [1/1] (0.00ns)   --->   "br label %0"   --->   Operation 26 'br' <Predicate = true> <Delay = 0.00>


============================================================
+ Verbose Summary: Binding
============================================================
STG Binding: 
---------------- STG Properties BEGIN ----------------
- Is combinational: 0
- Is one-state seq: 0
- Is datapath-only: 0
- Is pipelined: 0
- Is top level: 0
Port [ Return ] is wired: 1; IO mode=ap_ctrl_hs:ce=0
Port [ data_V_data_V]:  wired=1; compound=1; hidden=0; nouse=0; global=0; static=0; extern=0; dir=0; type=3; pingpong=0; private_global=0; IO mode=ap_fifo:ce=0
Port [ res_V_data_0_V]:  wired=1; compound=1; hidden=0; nouse=0; global=0; static=0; extern=0; dir=1; type=3; pingpong=0; private_global=0; IO mode=ap_fifo:ce=0
Port [ res_V_data_1_V]:  wired=1; compound=1; hidden=0; nouse=0; global=0; static=0; extern=0; dir=1; type=3; pingpong=0; private_global=0; IO mode=ap_fifo:ce=0
Port [ res_V_data_2_V]:  wired=1; compound=1; hidden=0; nouse=0; global=0; static=0; extern=0; dir=1; type=3; pingpong=0; private_global=0; IO mode=ap_fifo:ce=0
Port [ res_V_data_3_V]:  wired=1; compound=1; hidden=0; nouse=0; global=0; static=0; extern=0; dir=1; type=3; pingpong=0; private_global=0; IO mode=ap_fifo:ce=0
Port [ res_V_data_4_V]:  wired=1; compound=1; hidden=0; nouse=0; global=0; static=0; extern=0; dir=1; type=3; pingpong=0; private_global=0; IO mode=ap_fifo:ce=0
Port [ res_V_data_5_V]:  wired=1; compound=1; hidden=0; nouse=0; global=0; static=0; extern=0; dir=1; type=3; pingpong=0; private_global=0; IO mode=ap_fifo:ce=0
Port [ res_V_data_6_V]:  wired=1; compound=1; hidden=0; nouse=0; global=0; static=0; extern=0; dir=1; type=3; pingpong=0; private_global=0; IO mode=ap_fifo:ce=0
Port [ res_V_data_7_V]:  wired=1; compound=1; hidden=0; nouse=0; global=0; static=0; extern=0; dir=1; type=3; pingpong=0; private_global=0; IO mode=ap_fifo:ce=0
Port [ kernel_data_V_2_1]:  wired=0; compound=0; hidden=1; nouse=1; global=1; static=1; extern=0; dir=2; type=0; pingpong=0; private_global=0; linkage=7; visibility=0; IO mode=ap_ovld:ce=0
Port [ kernel_data_V_2_2]:  wired=0; compound=0; hidden=1; nouse=1; global=1; static=1; extern=0; dir=2; type=0; pingpong=0; private_global=0; linkage=7; visibility=0; IO mode=ap_ovld:ce=0
Port [ kernel_data_V_2_4]:  wired=0; compound=0; hidden=1; nouse=1; global=1; static=1; extern=0; dir=2; type=0; pingpong=0; private_global=0; linkage=7; visibility=0; IO mode=ap_ovld:ce=0
Port [ kernel_data_V_2_5]:  wired=0; compound=0; hidden=1; nouse=1; global=1; static=1; extern=0; dir=2; type=0; pingpong=0; private_global=0; linkage=7; visibility=0; IO mode=ap_ovld:ce=0
Port [ kernel_data_V_2_7]:  wired=0; compound=0; hidden=1; nouse=1; global=1; static=1; extern=0; dir=2; type=0; pingpong=0; private_global=0; linkage=7; visibility=0; IO mode=ap_ovld:ce=0
Port [ kernel_data_V_2_8]:  wired=0; compound=0; hidden=1; nouse=1; global=1; static=1; extern=0; dir=2; type=0; pingpong=0; private_global=0; linkage=7; visibility=0; IO mode=ap_ovld:ce=0
Port [ line_buffer_Array_V_2_0_0]:  wired=0; compound=1; hidden=1; nouse=1; global=1; static=1; extern=0; dir=3; type=1; pingpong=0; private_global=0; linkage=7; visibility=0; MemPort=[2]; IO mode=ap_memory:ce=0
Port [ line_buffer_Array_V_2_1_0]:  wired=0; compound=1; hidden=1; nouse=1; global=1; static=1; extern=0; dir=3; type=1; pingpong=0; private_global=0; linkage=7; visibility=0; MemPort=[2]; IO mode=ap_memory:ce=0
Port [ sX_4]:  wired=0; compound=0; hidden=1; nouse=1; global=1; static=1; extern=0; dir=2; type=0; pingpong=0; private_global=0; linkage=7; visibility=0; IO mode=ap_ovld:ce=0
Port [ sY_4]:  wired=0; compound=0; hidden=1; nouse=1; global=1; static=1; extern=0; dir=2; type=0; pingpong=0; private_global=0; linkage=7; visibility=0; IO mode=ap_ovld:ce=0
Port [ pY_4]:  wired=0; compound=0; hidden=1; nouse=1; global=1; static=1; extern=0; dir=2; type=0; pingpong=0; private_global=0; linkage=7; visibility=0; IO mode=ap_ovld:ce=0
Port [ pX_4]:  wired=0; compound=0; hidden=1; nouse=1; global=1; static=1; extern=0; dir=2; type=0; pingpong=0; private_global=0; linkage=7; visibility=0; IO mode=ap_ovld:ce=0
---------------- STG Properties END ------------------

---------------- Datapath Model BEGIN ----------------

<LifeTime>
<method=bitvector/>
specinterface_ln0 (specinterface    ) [ 00000]
specinterface_ln0 (specinterface    ) [ 00000]
specinterface_ln0 (specinterface    ) [ 00000]
specinterface_ln0 (specinterface    ) [ 00000]
specinterface_ln0 (specinterface    ) [ 00000]
specinterface_ln0 (specinterface    ) [ 00000]
specinterface_ln0 (specinterface    ) [ 00000]
specinterface_ln0 (specinterface    ) [ 00000]
specinterface_ln0 (specinterface    ) [ 00000]
br_ln84           (br               ) [ 01111]
indvar_flatten    (phi              ) [ 00100]
icmp_ln84         (icmp             ) [ 00111]
add_ln84          (add              ) [ 01111]
br_ln84           (br               ) [ 00000]
tmp_data_0_V      (read             ) [ 00011]
ret_ln114         (ret              ) [ 00000]
specloopname_ln0  (specloopname     ) [ 00000]
empty             (speclooptripcount) [ 00000]
specloopname_ln86 (specloopname     ) [ 00000]
call_ln92         (call             ) [ 00000]
br_ln0            (br               ) [ 01111]
</LifeTime>

<model>

<comp_list>
<comp id="0" class="1000" name="data_V_data_V">
<pin_list>
<pin id="1" dir="1" index="0" bw="1" slack="0"/>
</pin_list>
<bind>
<StgValue><ssdm name="data_V_data_V"/></StgValue>
</bind>
</comp>

<comp id="2" class="1000" name="res_V_data_0_V">
<pin_list>
<pin id="3" dir="1" index="0" bw="1" slack="0"/>
</pin_list>
<bind>
<StgValue><ssdm name="res_V_data_0_V"/></StgValue>
</bind>
</comp>

<comp id="4" class="1000" name="res_V_data_1_V">
<pin_list>
<pin id="5" dir="1" index="0" bw="1" slack="0"/>
</pin_list>
<bind>
<StgValue><ssdm name="res_V_data_1_V"/></StgValue>
</bind>
</comp>

<comp id="6" class="1000" name="res_V_data_2_V">
<pin_list>
<pin id="7" dir="1" index="0" bw="1" slack="0"/>
</pin_list>
<bind>
<StgValue><ssdm name="res_V_data_2_V"/></StgValue>
</bind>
</comp>

<comp id="8" class="1000" name="res_V_data_3_V">
<pin_list>
<pin id="9" dir="1" index="0" bw="1" slack="0"/>
</pin_list>
<bind>
<StgValue><ssdm name="res_V_data_3_V"/></StgValue>
</bind>
</comp>

<comp id="10" class="1000" name="res_V_data_4_V">
<pin_list>
<pin id="11" dir="1" index="0" bw="1" slack="0"/>
</pin_list>
<bind>
<StgValue><ssdm name="res_V_data_4_V"/></StgValue>
</bind>
</comp>

<comp id="12" class="1000" name="res_V_data_5_V">
<pin_list>
<pin id="13" dir="1" index="0" bw="1" slack="0"/>
</pin_list>
<bind>
<StgValue><ssdm name="res_V_data_5_V"/></StgValue>
</bind>
</comp>

<comp id="14" class="1000" name="res_V_data_6_V">
<pin_list>
<pin id="15" dir="1" index="0" bw="1" slack="0"/>
</pin_list>
<bind>
<StgValue><ssdm name="res_V_data_6_V"/></StgValue>
</bind>
</comp>

<comp id="16" class="1000" name="res_V_data_7_V">
<pin_list>
<pin id="17" dir="1" index="0" bw="1" slack="0"/>
</pin_list>
<bind>
<StgValue><ssdm name="res_V_data_7_V"/></StgValue>
</bind>
</comp>

<comp id="18" class="1000" name="kernel_data_V_2_1">
<pin_list>
<pin id="19" dir="1" index="0" bw="1" slack="0"/>
</pin_list>
<bind>
<StgValue><ssdm name="kernel_data_V_2_1"/></StgValue>
</bind>
</comp>

<comp id="20" class="1000" name="kernel_data_V_2_2">
<pin_list>
<pin id="21" dir="1" index="0" bw="1" slack="0"/>
</pin_list>
<bind>
<StgValue><ssdm name="kernel_data_V_2_2"/></StgValue>
</bind>
</comp>

<comp id="22" class="1000" name="kernel_data_V_2_4">
<pin_list>
<pin id="23" dir="1" index="0" bw="1" slack="0"/>
</pin_list>
<bind>
<StgValue><ssdm name="kernel_data_V_2_4"/></StgValue>
</bind>
</comp>

<comp id="24" class="1000" name="kernel_data_V_2_5">
<pin_list>
<pin id="25" dir="1" index="0" bw="1" slack="0"/>
</pin_list>
<bind>
<StgValue><ssdm name="kernel_data_V_2_5"/></StgValue>
</bind>
</comp>

<comp id="26" class="1000" name="kernel_data_V_2_7">
<pin_list>
<pin id="27" dir="1" index="0" bw="1" slack="0"/>
</pin_list>
<bind>
<StgValue><ssdm name="kernel_data_V_2_7"/></StgValue>
</bind>
</comp>

<comp id="28" class="1000" name="kernel_data_V_2_8">
<pin_list>
<pin id="29" dir="1" index="0" bw="1" slack="0"/>
</pin_list>
<bind>
<StgValue><ssdm name="kernel_data_V_2_8"/></StgValue>
</bind>
</comp>

<comp id="30" class="1000" name="line_buffer_Array_V_2_0_0">
<pin_list>
<pin id="31" dir="1" index="0" bw="1" slack="0"/>
</pin_list>
<bind>
<StgValue><ssdm name="line_buffer_Array_V_2_0_0"/><MemPortTyVec>2 </MemPortTyVec>
</StgValue>
</bind>
</comp>

<comp id="32" class="1000" name="line_buffer_Array_V_2_1_0">
<pin_list>
<pin id="33" dir="1" index="0" bw="1" slack="0"/>
</pin_list>
<bind>
<StgValue><ssdm name="line_buffer_Array_V_2_1_0"/><MemPortTyVec>2 </MemPortTyVec>
</StgValue>
</bind>
</comp>

<comp id="34" class="1000" name="sX_4">
<pin_list>
<pin id="35" dir="1" index="0" bw="1" slack="0"/>
</pin_list>
<bind>
<StgValue><ssdm name="sX_4"/></StgValue>
</bind>
</comp>

<comp id="36" class="1000" name="sY_4">
<pin_list>
<pin id="37" dir="1" index="0" bw="1" slack="0"/>
</pin_list>
<bind>
<StgValue><ssdm name="sY_4"/></StgValue>
</bind>
</comp>

<comp id="38" class="1000" name="pY_4">
<pin_list>
<pin id="39" dir="1" index="0" bw="1" slack="0"/>
</pin_list>
<bind>
<StgValue><ssdm name="pY_4"/></StgValue>
</bind>
</comp>

<comp id="40" class="1000" name="pX_4">
<pin_list>
<pin id="41" dir="1" index="0" bw="1" slack="0"/>
</pin_list>
<bind>
<StgValue><ssdm name="pX_4"/></StgValue>
</bind>
</comp>

<comp id="42" class="1001" name="const_42">
<pin_list>
<pin id="43" dir="1" index="0" bw="1" slack="2147483647"/>
</pin_list>
<bind>
<StgValue><ssdm name="_ssdm_op_SpecInterface"/></StgValue>
</bind>
</comp>

<comp id="44" class="1001" name="const_44">
<pin_list>
<pin id="45" dir="1" index="0" bw="1" slack="2147483647"/>
</pin_list>
<bind>
<StgValue><ssdm name="ap_fifo_str"/></StgValue>
</bind>
</comp>

<comp id="46" class="1001" name="const_46">
<pin_list>
<pin id="47" dir="1" index="0" bw="1" slack="2147483647"/>
</pin_list>
<bind>
<StgValue><ssdm name=""/></StgValue>
</bind>
</comp>

<comp id="48" class="1001" name="const_48">
<pin_list>
<pin id="49" dir="1" index="0" bw="1" slack="2147483647"/>
</pin_list>
<bind>
<StgValue><ssdm name="p_str"/></StgValue>
</bind>
</comp>

<comp id="50" class="1001" name="const_50">
<pin_list>
<pin id="51" dir="1" index="0" bw="1" slack="2147483647"/>
</pin_list>
<bind>
<StgValue><ssdm name=""/></StgValue>
</bind>
</comp>

<comp id="52" class="1001" name="const_52">
<pin_list>
<pin id="53" dir="1" index="0" bw="1" slack="2147483647"/>
</pin_list>
<bind>
<StgValue><ssdm name=""/></StgValue>
</bind>
</comp>

<comp id="54" class="1001" name="const_54">
<pin_list>
<pin id="55" dir="1" index="0" bw="1" slack="1"/>
</pin_list>
<bind>
<StgValue><ssdm name=""/></StgValue>
</bind>
</comp>

<comp id="56" class="1001" name="const_56">
<pin_list>
<pin id="57" dir="1" index="0" bw="1" slack="0"/>
</pin_list>
<bind>
<StgValue><ssdm name=""/></StgValue>
</bind>
</comp>

<comp id="58" class="1001" name="const_58">
<pin_list>
<pin id="59" dir="1" index="0" bw="1" slack="0"/>
</pin_list>
<bind>
<StgValue><ssdm name=""/></StgValue>
</bind>
</comp>

<comp id="60" class="1001" name="const_60">
<pin_list>
<pin id="61" dir="1" index="0" bw="1" slack="0"/>
</pin_list>
<bind>
<StgValue><ssdm name="_ssdm_op_Read.ap_fifo.volatile.i4P"/></StgValue>
</bind>
</comp>

<comp id="62" class="1001" name="const_62">
<pin_list>
<pin id="63" dir="1" index="0" bw="1" slack="0"/>
</pin_list>
<bind>
<StgValue><ssdm name="compute_output_buffer_2d<array,array<ap_fixed<4,2,5,3,0>,8u>,config2>"/></StgValue>
</bind>
</comp>

<comp id="64" class="1001" name="const_64">
<pin_list>
<pin id="65" dir="1" index="0" bw="1" slack="2147483647"/>
</pin_list>
<bind>
<StgValue><ssdm name="_ssdm_op_SpecLoopName"/></StgValue>
</bind>
</comp>

<comp id="66" class="1001" name="const_66">
<pin_list>
<pin id="67" dir="1" index="0" bw="1" slack="2147483647"/>
</pin_list>
<bind>
<StgValue><ssdm name="ReadInputHeight_ReadInputWidth_str"/></StgValue>
</bind>
</comp>

<comp id="68" class="1001" name="const_68">
<pin_list>
<pin id="69" dir="1" index="0" bw="1" slack="2147483647"/>
</pin_list>
<bind>
<StgValue><ssdm name="_ssdm_op_SpecLoopTripCount"/></StgValue>
</bind>
</comp>

<comp id="70" class="1001" name="const_70">
<pin_list>
<pin id="71" dir="1" index="0" bw="1" slack="2147483647"/>
</pin_list>
<bind>
<StgValue><ssdm name=""/></StgValue>
</bind>
</comp>

<comp id="72" class="1001" name="const_72">
<pin_list>
<pin id="73" dir="1" index="0" bw="1" slack="2147483647"/>
</pin_list>
<bind>
<StgValue><ssdm name="p_str48"/></StgValue>
</bind>
</comp>

<comp id="74" class="1004" name="tmp_data_0_V_read_fu_74">
<pin_list>
<pin id="75" dir="0" index="0" bw="4" slack="0"/>
<pin id="76" dir="0" index="1" bw="4" slack="0"/>
<pin id="77" dir="1" index="2" bw="4" slack="1"/>
</pin_list>
<bind>
<opcode="read(1150) " fcode="read"/>
<opset="tmp_data_0_V/2 "/>
</bind>
</comp>

<comp id="80" class="1005" name="indvar_flatten_reg_80">
<pin_list>
<pin id="81" dir="0" index="0" bw="13" slack="1"/>
<pin id="82" dir="1" index="1" bw="13" slack="1"/>
</pin_list>
<bind>
<opset="indvar_flatten (phireg) "/>
</bind>
</comp>

<comp id="84" class="1004" name="indvar_flatten_phi_fu_84">
<pin_list>
<pin id="85" dir="0" index="0" bw="1" slack="1"/>
<pin id="86" dir="0" index="1" bw="0" slack="2147483647"/>
<pin id="87" dir="0" index="2" bw="13" slack="0"/>
<pin id="88" dir="0" index="3" bw="0" slack="2147483647"/>
<pin id="89" dir="1" index="4" bw="13" slack="0"/>
</pin_list>
<bind>
<opcode="phi(47) " fcode="phi"/>
<opset="indvar_flatten/2 "/>
</bind>
</comp>

<comp id="91" class="1004" name="grp_compute_output_buffer_2d_array_array_ap_fixed_4_2_5_3_0_8u_config2_s_fu_91">
<pin_list>
<pin id="92" dir="0" index="0" bw="0" slack="0"/>
<pin id="93" dir="0" index="1" bw="4" slack="1"/>
<pin id="94" dir="0" index="2" bw="4" slack="0"/>
<pin id="95" dir="0" index="3" bw="4" slack="0"/>
<pin id="96" dir="0" index="4" bw="4" slack="0"/>
<pin id="97" dir="0" index="5" bw="4" slack="0"/>
<pin id="98" dir="0" index="6" bw="4" slack="0"/>
<pin id="99" dir="0" index="7" bw="4" slack="0"/>
<pin id="100" dir="0" index="8" bw="4" slack="0"/>
<pin id="101" dir="0" index="9" bw="4" slack="0"/>
<pin id="102" dir="0" index="10" bw="4" slack="0"/>
<pin id="103" dir="0" index="11" bw="4" slack="0"/>
<pin id="104" dir="0" index="12" bw="4" slack="0"/>
<pin id="105" dir="0" index="13" bw="4" slack="0"/>
<pin id="106" dir="0" index="14" bw="4" slack="0"/>
<pin id="107" dir="0" index="15" bw="4" slack="0"/>
<pin id="108" dir="0" index="16" bw="4" slack="0"/>
<pin id="109" dir="0" index="17" bw="4" slack="0"/>
<pin id="110" dir="0" index="18" bw="32" slack="0"/>
<pin id="111" dir="0" index="19" bw="32" slack="0"/>
<pin id="112" dir="0" index="20" bw="32" slack="0"/>
<pin id="113" dir="0" index="21" bw="32" slack="0"/>
<pin id="114" dir="1" index="22" bw="0" slack="2147483647"/>
</pin_list>
<bind>
<opcode="call(48) " fcode="call"/>
<opset="call_ln92/3 "/>
</bind>
</comp>

<comp id="136" class="1004" name="icmp_ln84_fu_136">
<pin_list>
<pin id="137" dir="0" index="0" bw="13" slack="0"/>
<pin id="138" dir="0" index="1" bw="13" slack="0"/>
<pin id="139" dir="1" index="2" bw="1" slack="2147483647"/>
</pin_list>
<bind>
<opcode="icmp(45) " fcode="icmp"/>
<opset="icmp_ln84/2 "/>
</bind>
</comp>

<comp id="142" class="1004" name="add_ln84_fu_142">
<pin_list>
<pin id="143" dir="0" index="0" bw="13" slack="0"/>
<pin id="144" dir="0" index="1" bw="1" slack="0"/>
<pin id="145" dir="1" index="2" bw="13" slack="0"/>
</pin_list>
<bind>
<opcode="add(8) " fcode="add"/>
<opset="add_ln84/2 "/>
</bind>
</comp>

<comp id="151" class="1005" name="add_ln84_reg_151">
<pin_list>
<pin id="152" dir="0" index="0" bw="13" slack="0"/>
<pin id="153" dir="1" index="1" bw="13" slack="0"/>
</pin_list>
<bind>
<opset="add_ln84 "/>
</bind>
</comp>

<comp id="156" class="1005" name="tmp_data_0_V_reg_156">
<pin_list>
<pin id="157" dir="0" index="0" bw="4" slack="1"/>
<pin id="158" dir="1" index="1" bw="4" slack="1"/>
</pin_list>
<bind>
<opset="tmp_data_0_V "/>
</bind>
</comp>

</comp_list>

<net_list>
<net id="78"><net_src comp="60" pin="0"/><net_sink comp="74" pin=0"/></net>

<net id="79"><net_src comp="0" pin="0"/><net_sink comp="74" pin=1"/></net>

<net id="83"><net_src comp="54" pin="0"/><net_sink comp="80" pin=0"/></net>

<net id="90"><net_src comp="80" pin="1"/><net_sink comp="84" pin=0"/></net>

<net id="115"><net_src comp="62" pin="0"/><net_sink comp="91" pin=0"/></net>

<net id="116"><net_src comp="2" pin="0"/><net_sink comp="91" pin=2"/></net>

<net id="117"><net_src comp="4" pin="0"/><net_sink comp="91" pin=3"/></net>

<net id="118"><net_src comp="6" pin="0"/><net_sink comp="91" pin=4"/></net>

<net id="119"><net_src comp="8" pin="0"/><net_sink comp="91" pin=5"/></net>

<net id="120"><net_src comp="10" pin="0"/><net_sink comp="91" pin=6"/></net>

<net id="121"><net_src comp="12" pin="0"/><net_sink comp="91" pin=7"/></net>

<net id="122"><net_src comp="14" pin="0"/><net_sink comp="91" pin=8"/></net>

<net id="123"><net_src comp="16" pin="0"/><net_sink comp="91" pin=9"/></net>

<net id="124"><net_src comp="18" pin="0"/><net_sink comp="91" pin=10"/></net>

<net id="125"><net_src comp="20" pin="0"/><net_sink comp="91" pin=11"/></net>

<net id="126"><net_src comp="22" pin="0"/><net_sink comp="91" pin=12"/></net>

<net id="127"><net_src comp="24" pin="0"/><net_sink comp="91" pin=13"/></net>

<net id="128"><net_src comp="26" pin="0"/><net_sink comp="91" pin=14"/></net>

<net id="129"><net_src comp="28" pin="0"/><net_sink comp="91" pin=15"/></net>

<net id="130"><net_src comp="30" pin="0"/><net_sink comp="91" pin=16"/></net>

<net id="131"><net_src comp="32" pin="0"/><net_sink comp="91" pin=17"/></net>

<net id="132"><net_src comp="34" pin="0"/><net_sink comp="91" pin=18"/></net>

<net id="133"><net_src comp="36" pin="0"/><net_sink comp="91" pin=19"/></net>

<net id="134"><net_src comp="38" pin="0"/><net_sink comp="91" pin=20"/></net>

<net id="135"><net_src comp="40" pin="0"/><net_sink comp="91" pin=21"/></net>

<net id="140"><net_src comp="84" pin="4"/><net_sink comp="136" pin=0"/></net>

<net id="141"><net_src comp="56" pin="0"/><net_sink comp="136" pin=1"/></net>

<net id="146"><net_src comp="84" pin="4"/><net_sink comp="142" pin=0"/></net>

<net id="147"><net_src comp="58" pin="0"/><net_sink comp="142" pin=1"/></net>

<net id="154"><net_src comp="142" pin="2"/><net_sink comp="151" pin=0"/></net>

<net id="155"><net_src comp="151" pin="1"/><net_sink comp="84" pin=2"/></net>

<net id="159"><net_src comp="74" pin="2"/><net_sink comp="156" pin=0"/></net>

<net id="160"><net_src comp="156" pin="1"/><net_sink comp="91" pin=1"/></net>

</net_list>

</model> 
---------------- Datapath Model END ------------------

* FSMD analyzer results:
  - Output states:
	Port: res_V_data_0_V | {3 4 }
	Port: res_V_data_1_V | {3 4 }
	Port: res_V_data_2_V | {3 4 }
	Port: res_V_data_3_V | {3 4 }
	Port: res_V_data_4_V | {3 4 }
	Port: res_V_data_5_V | {3 4 }
	Port: res_V_data_6_V | {3 4 }
	Port: res_V_data_7_V | {3 4 }
	Port: kernel_data_V_2_1 | {3 4 }
	Port: kernel_data_V_2_2 | {3 4 }
	Port: kernel_data_V_2_4 | {3 4 }
	Port: kernel_data_V_2_5 | {3 4 }
	Port: kernel_data_V_2_7 | {3 4 }
	Port: kernel_data_V_2_8 | {3 4 }
	Port: line_buffer_Array_V_2_0_0 | {3 4 }
	Port: line_buffer_Array_V_2_1_0 | {3 4 }
	Port: sX_4 | {3 4 }
	Port: sY_4 | {3 4 }
	Port: pY_4 | {3 4 }
	Port: pX_4 | {3 4 }
 - Input state : 
	Port: conv_2d_cl<array<ap_fixed,1u>,array<ap_fixed<4,2,5,3,0>,8u>,config2> : data_V_data_V | {2 }
	Port: conv_2d_cl<array<ap_fixed,1u>,array<ap_fixed<4,2,5,3,0>,8u>,config2> : kernel_data_V_2_1 | {3 4 }
	Port: conv_2d_cl<array<ap_fixed,1u>,array<ap_fixed<4,2,5,3,0>,8u>,config2> : kernel_data_V_2_2 | {3 4 }
	Port: conv_2d_cl<array<ap_fixed,1u>,array<ap_fixed<4,2,5,3,0>,8u>,config2> : kernel_data_V_2_4 | {3 4 }
	Port: conv_2d_cl<array<ap_fixed,1u>,array<ap_fixed<4,2,5,3,0>,8u>,config2> : kernel_data_V_2_5 | {3 4 }
	Port: conv_2d_cl<array<ap_fixed,1u>,array<ap_fixed<4,2,5,3,0>,8u>,config2> : kernel_data_V_2_7 | {3 4 }
	Port: conv_2d_cl<array<ap_fixed,1u>,array<ap_fixed<4,2,5,3,0>,8u>,config2> : kernel_data_V_2_8 | {3 4 }
	Port: conv_2d_cl<array<ap_fixed,1u>,array<ap_fixed<4,2,5,3,0>,8u>,config2> : line_buffer_Array_V_2_0_0 | {3 4 }
	Port: conv_2d_cl<array<ap_fixed,1u>,array<ap_fixed<4,2,5,3,0>,8u>,config2> : line_buffer_Array_V_2_1_0 | {3 4 }
	Port: conv_2d_cl<array<ap_fixed,1u>,array<ap_fixed<4,2,5,3,0>,8u>,config2> : sX_4 | {3 4 }
	Port: conv_2d_cl<array<ap_fixed,1u>,array<ap_fixed<4,2,5,3,0>,8u>,config2> : sY_4 | {3 4 }
	Port: conv_2d_cl<array<ap_fixed,1u>,array<ap_fixed<4,2,5,3,0>,8u>,config2> : pY_4 | {3 4 }
	Port: conv_2d_cl<array<ap_fixed,1u>,array<ap_fixed<4,2,5,3,0>,8u>,config2> : pX_4 | {3 4 }
  - Chain level:
	State 1
	State 2
		icmp_ln84 : 1
		add_ln84 : 1
		br_ln84 : 2
	State 3
	State 4


============================================================
+ Verbose Summary: Datapath Resource usage 
============================================================

* Functional unit list:
|----------|--------------------------------------------------------------------------------|---------|---------|
| Operation|                                 Functional Unit                                |    FF   |   LUT   |
|----------|--------------------------------------------------------------------------------|---------|---------|
|   call   | grp_compute_output_buffer_2d_array_array_ap_fixed_4_2_5_3_0_8u_config2_s_fu_91 |   390   |   687   |
|----------|--------------------------------------------------------------------------------|---------|---------|
|    add   |                                 add_ln84_fu_142                                |    0    |    17   |
|----------|--------------------------------------------------------------------------------|---------|---------|
|   icmp   |                                icmp_ln84_fu_136                                |    0    |    13   |
|----------|--------------------------------------------------------------------------------|---------|---------|
|   read   |                             tmp_data_0_V_read_fu_74                            |    0    |    0    |
|----------|--------------------------------------------------------------------------------|---------|---------|
|   Total  |                                                                                |   390   |   717   |
|----------|--------------------------------------------------------------------------------|---------|---------|

Memories:
N/A

* Register list:
+---------------------+--------+
|                     |   FF   |
+---------------------+--------+
|   add_ln84_reg_151  |   13   |
|indvar_flatten_reg_80|   13   |
| tmp_data_0_V_reg_156|    4   |
+---------------------+--------+
|        Total        |   30   |
+---------------------+--------+

* Multiplexer (MUX) list: 
|--------|------|------|------|--------|
|  Comp  |  Pin | Size |  BW  | S x BW |
|--------|------|------|------|--------|
|  Total |      |      |      |    0   |
|--------|------|------|------|--------|



* Summary:
+-----------+--------+--------+
|           |   FF   |   LUT  |
+-----------+--------+--------+
|  Function |   390  |   717  |
|   Memory  |    -   |    -   |
|Multiplexer|    -   |    -   |
|  Register |   30   |    -   |
+-----------+--------+--------+
|   Total   |   420  |   717  |
+-----------+--------+--------+
