

================================================================
== Vivado HLS Report for 'normalize_array_ap_fixed_4u_array_ap_fixed_4_2_5_3_0_4u_config7_s'
================================================================
* Date:           Sun May 25 15:18:16 2025

* Version:        2020.1 (Build 2897737 on Wed May 27 20:21:37 MDT 2020)
* Project:        myproject_prj
* Solution:       solution1
* Product family: zynq
* Target device:  xc7z020-clg400-1


================================================================
== Performance Estimates
================================================================
+ Timing: 
    * Summary: 
    +--------+---------+----------+------------+
    |  Clock |  Target | Estimated| Uncertainty|
    +--------+---------+----------+------------+
    |ap_clk  | 5.00 ns | 3.560 ns |   0.62 ns  |
    +--------+---------+----------+------------+

+ Latency: 
    * Summary: 
    +---------+---------+-----------+-----------+------+------+---------+
    |  Latency (cycles) |   Latency (absolute)  |   Interval  | Pipeline|
    |   min   |   max   |    min    |    max    |  min |  max |   Type  |
    +---------+---------+-----------+-----------+------+------+---------+
    |     4100|     4100| 20.500 us | 20.500 us |  4100|  4100|   none  |
    +---------+---------+-----------+-----------+------+------+---------+

    + Detail: 
        * Instance: 
        N/A

        * Loop: 
        +-----------------+---------+---------+----------+-----------+-----------+------+----------+
        |                 |  Latency (cycles) | Iteration|  Initiation Interval  | Trip |          |
        |    Loop Name    |   min   |   max   |  Latency |  achieved |   target  | Count| Pipelined|
        +-----------------+---------+---------+----------+-----------+-----------+------+----------+
        |- BatchNormLoop  |     4098|     4098|         4|          1|          1|  4096|    yes   |
        +-----------------+---------+---------+----------+-----------+-----------+------+----------+

============================================================
+ Verbose Summary: Synthesis Manager
============================================================
InlineROM: 1
ExposeGlobal: 0
============================================================
+ Verbose Summary: CDFG Model
============================================================
IsTopModel: 0
ResetActiveHigh: 1
IsCombinational: 2
IsDatapathOnly: 0
HasWiredReturn: 1
HasMFsm: 0
HasVarLatency: 1
IsPipeline: 0
IsRtlPipelined: 0
IsInstanceOverlapped: 0
IsDontTouch: 0
HasImplIP: 0
IsGatedGlobalClock: 0

+ Individual pipeline summary: 
  * Pipeline-0: initiation interval (II) = 1, depth = 4


============================================================
+ Verbose Summary: Schedule
============================================================
* Number of FSM states : 6
* Pipeline : 1
  Pipeline-0 : II = 1, D = 4, States = { 2 3 4 5 }
* Dataflow Pipeline: 0

* FSM state transitions: 
1 --> 2 
2 --> 6 3 
3 --> 4 
4 --> 5 
5 --> 2 
6 --> 

* FSM state operations: 

State 1 <SV = 0> <Delay = 1.76>
ST_1 : Operation 7 [1/1] (0.00ns)   --->   "call void (...)* @_ssdm_op_SpecInterface(i4* %res_V_data_3_V, [8 x i8]* @ap_fifo_str, i32 0, i32 0, [1 x i8]* @p_str, i32 0, i32 0, [1 x i8]* @p_str, [1 x i8]* @p_str, [1 x i8]* @p_str, i32 2, i32 2, i32 16, i32 16, [1 x i8]* @p_str, [1 x i8]* @p_str)"   --->   Operation 7 'specinterface' <Predicate = true> <Delay = 0.00>
ST_1 : Operation 8 [1/1] (0.00ns)   --->   "call void (...)* @_ssdm_op_SpecInterface(i4* %res_V_data_2_V, [8 x i8]* @ap_fifo_str, i32 0, i32 0, [1 x i8]* @p_str, i32 0, i32 0, [1 x i8]* @p_str, [1 x i8]* @p_str, [1 x i8]* @p_str, i32 2, i32 2, i32 16, i32 16, [1 x i8]* @p_str, [1 x i8]* @p_str)"   --->   Operation 8 'specinterface' <Predicate = true> <Delay = 0.00>
ST_1 : Operation 9 [1/1] (0.00ns)   --->   "call void (...)* @_ssdm_op_SpecInterface(i4* %res_V_data_1_V, [8 x i8]* @ap_fifo_str, i32 0, i32 0, [1 x i8]* @p_str, i32 0, i32 0, [1 x i8]* @p_str, [1 x i8]* @p_str, [1 x i8]* @p_str, i32 2, i32 2, i32 16, i32 16, [1 x i8]* @p_str, [1 x i8]* @p_str)"   --->   Operation 9 'specinterface' <Predicate = true> <Delay = 0.00>
ST_1 : Operation 10 [1/1] (0.00ns)   --->   "call void (...)* @_ssdm_op_SpecInterface(i4* %res_V_data_0_V, [8 x i8]* @ap_fifo_str, i32 0, i32 0, [1 x i8]* @p_str, i32 0, i32 0, [1 x i8]* @p_str, [1 x i8]* @p_str, [1 x i8]* @p_str, i32 2, i32 2, i32 16, i32 16, [1 x i8]* @p_str, [1 x i8]* @p_str)"   --->   Operation 10 'specinterface' <Predicate = true> <Delay = 0.00>
ST_1 : Operation 11 [1/1] (0.00ns)   --->   "call void (...)* @_ssdm_op_SpecInterface(i4* %data_V_data_3_V, [8 x i8]* @ap_fifo_str, i32 0, i32 0, [1 x i8]* @p_str, i32 0, i32 0, [1 x i8]* @p_str, [1 x i8]* @p_str, [1 x i8]* @p_str, i32 2, i32 2, i32 16, i32 16, [1 x i8]* @p_str, [1 x i8]* @p_str)"   --->   Operation 11 'specinterface' <Predicate = true> <Delay = 0.00>
ST_1 : Operation 12 [1/1] (0.00ns)   --->   "call void (...)* @_ssdm_op_SpecInterface(i4* %data_V_data_2_V, [8 x i8]* @ap_fifo_str, i32 0, i32 0, [1 x i8]* @p_str, i32 0, i32 0, [1 x i8]* @p_str, [1 x i8]* @p_str, [1 x i8]* @p_str, i32 2, i32 2, i32 16, i32 16, [1 x i8]* @p_str, [1 x i8]* @p_str)"   --->   Operation 12 'specinterface' <Predicate = true> <Delay = 0.00>
ST_1 : Operation 13 [1/1] (0.00ns)   --->   "call void (...)* @_ssdm_op_SpecInterface(i4* %data_V_data_1_V, [8 x i8]* @ap_fifo_str, i32 0, i32 0, [1 x i8]* @p_str, i32 0, i32 0, [1 x i8]* @p_str, [1 x i8]* @p_str, [1 x i8]* @p_str, i32 2, i32 2, i32 16, i32 16, [1 x i8]* @p_str, [1 x i8]* @p_str)"   --->   Operation 13 'specinterface' <Predicate = true> <Delay = 0.00>
ST_1 : Operation 14 [1/1] (0.00ns)   --->   "call void (...)* @_ssdm_op_SpecInterface(i4* %data_V_data_0_V, [8 x i8]* @ap_fifo_str, i32 0, i32 0, [1 x i8]* @p_str, i32 0, i32 0, [1 x i8]* @p_str, [1 x i8]* @p_str, [1 x i8]* @p_str, i32 2, i32 2, i32 16, i32 16, [1 x i8]* @p_str, [1 x i8]* @p_str)"   --->   Operation 14 'specinterface' <Predicate = true> <Delay = 0.00>
ST_1 : Operation 15 [1/1] (0.00ns)   --->   "call void (...)* @_ssdm_op_SpecResourceLimit(i32 16384, [4 x i8]* @p_str68, [1 x i8]* @p_str35, [1 x i8]* @p_str35, [1 x i8]* @p_str35) nounwind" [firmware/nnet_utils/nnet_batchnorm_stream.h:22]   --->   Operation 15 'specresourcelimit' <Predicate = true> <Delay = 0.00>
ST_1 : Operation 16 [1/1] (1.76ns)   --->   "br label %1" [firmware/nnet_utils/nnet_batchnorm_stream.h:25]   --->   Operation 16 'br' <Predicate = true> <Delay = 1.76>

State 2 <SV = 1> <Delay = 2.09>
ST_2 : Operation 17 [1/1] (0.00ns)   --->   "%i_0 = phi i13 [ 0, %0 ], [ %i, %BatchNormLoop ]"   --->   Operation 17 'phi' 'i_0' <Predicate = true> <Delay = 0.00>
ST_2 : Operation 18 [1/1] (2.09ns)   --->   "%icmp_ln25 = icmp eq i13 %i_0, -4096" [firmware/nnet_utils/nnet_batchnorm_stream.h:25]   --->   Operation 18 'icmp' 'icmp_ln25' <Predicate = true> <Delay = 2.09> <Core = "Cmp">   --->   Core 25 'Cmp' <Latency = 0> <II = 1> <Delay = 2.09> <FuncUnit> <Opcode : 'icmp'> <InPorts = 2> <OutPorts = 1>
ST_2 : Operation 19 [1/1] (0.00ns)   --->   "%empty = call i32 (...)* @_ssdm_op_SpecLoopTripCount(i64 4096, i64 4096, i64 4096)"   --->   Operation 19 'speclooptripcount' 'empty' <Predicate = true> <Delay = 0.00>
ST_2 : Operation 20 [1/1] (1.67ns)   --->   "%i = add i13 %i_0, 1" [firmware/nnet_utils/nnet_batchnorm_stream.h:25]   --->   Operation 20 'add' 'i' <Predicate = true> <Delay = 1.67> <Core = "AddSub">   --->   Core 14 'AddSub' <Latency = 0> <II = 1> <Delay = 1.82> <FuncUnit> <Opcode : 'add' 'sub'> <InPorts = 2> <OutPorts = 1>
ST_2 : Operation 21 [1/1] (0.00ns)   --->   "br i1 %icmp_ln25, label %2, label %BatchNormLoop" [firmware/nnet_utils/nnet_batchnorm_stream.h:25]   --->   Operation 21 'br' <Predicate = true> <Delay = 0.00>

State 3 <SV = 2> <Delay = 2.18>
ST_3 : Operation 22 [1/1] (2.18ns)   --->   "%empty_119 = call { i4, i4, i4, i4 } @_ssdm_op_Read.ap_fifo.volatile.i4P.i4P.i4P.i4P(i4* %data_V_data_0_V, i4* %data_V_data_1_V, i4* %data_V_data_2_V, i4* %data_V_data_3_V)" [firmware/nnet_utils/nnet_batchnorm_stream.h:28]   --->   Operation 22 'read' 'empty_119' <Predicate = (!icmp_ln25)> <Delay = 2.18> <Core = "FIFO">   --->   Core 32 'FIFO' <Latency = 0> <II = 1> <Delay = 3.63> <Storage> <Opcode : 'read' 'write' 'nbread' 'nbwrite'> <Ports = 0> <Width = 4> <Depth = 3> <FIFO>
ST_3 : Operation 23 [1/1] (0.00ns)   --->   "%tmp_data_0_V = extractvalue { i4, i4, i4, i4 } %empty_119, 0" [firmware/nnet_utils/nnet_batchnorm_stream.h:28]   --->   Operation 23 'extractvalue' 'tmp_data_0_V' <Predicate = (!icmp_ln25)> <Delay = 0.00>
ST_3 : Operation 24 [1/1] (0.00ns)   --->   "%tmp_data_1_V = extractvalue { i4, i4, i4, i4 } %empty_119, 1" [firmware/nnet_utils/nnet_batchnorm_stream.h:28]   --->   Operation 24 'extractvalue' 'tmp_data_1_V' <Predicate = (!icmp_ln25)> <Delay = 0.00>
ST_3 : Operation 25 [1/1] (0.00ns)   --->   "%tmp_data_2_V = extractvalue { i4, i4, i4, i4 } %empty_119, 2" [firmware/nnet_utils/nnet_batchnorm_stream.h:28]   --->   Operation 25 'extractvalue' 'tmp_data_2_V' <Predicate = (!icmp_ln25)> <Delay = 0.00>
ST_3 : Operation 26 [1/1] (0.00ns)   --->   "%tmp_data_3_V = extractvalue { i4, i4, i4, i4 } %empty_119, 3" [firmware/nnet_utils/nnet_batchnorm_stream.h:28]   --->   Operation 26 'extractvalue' 'tmp_data_3_V' <Predicate = (!icmp_ln25)> <Delay = 0.00>

State 4 <SV = 3> <Delay = 3.56>
ST_4 : Operation 27 [1/1] (0.00ns)   --->   "%sext_ln1192 = sext i4 %tmp_data_0_V to i6" [firmware/nnet_utils/nnet_batchnorm_stream.h:42]   --->   Operation 27 'sext' 'sext_ln1192' <Predicate = (!icmp_ln25)> <Delay = 0.00>
ST_4 : Operation 28 [1/1] (0.00ns)   --->   "%shl_ln = call i6 @_ssdm_op_BitConcatenate.i6.i4.i2(i4 %tmp_data_0_V, i2 0)" [firmware/nnet_utils/nnet_mult.h:73->firmware/nnet_utils/nnet_batchnorm_stream.h:42]   --->   Operation 28 'bitconcatenate' 'shl_ln' <Predicate = (!icmp_ln25)> <Delay = 0.00>
ST_4 : Operation 29 [1/1] (0.00ns) (grouped into TernaryAdder)   --->   "%add_ln1192_4 = add i6 %sext_ln1192, -12" [firmware/nnet_utils/nnet_batchnorm_stream.h:42]   --->   Operation 29 'add' 'add_ln1192_4' <Predicate = (!icmp_ln25)> <Delay = 0.00> <Core = "TAddSub">   --->   Core 83 'TAddSub' <Latency = 0> <II = 1> <Delay = 1.74> <IPBlock> <Opcode : 'add' 'sub'> <InPorts = 3> <OutPorts = 1> <Sync> <CReg>
ST_4 : Operation 30 [1/1] (3.49ns) (root node of TernaryAdder)   --->   "%add_ln1192 = add i6 %shl_ln, %add_ln1192_4" [firmware/nnet_utils/nnet_batchnorm_stream.h:42]   --->   Operation 30 'add' 'add_ln1192' <Predicate = (!icmp_ln25)> <Delay = 3.49> <Core = "TAddSub">   --->   Core 83 'TAddSub' <Latency = 0> <II = 1> <Delay = 1.74> <IPBlock> <Opcode : 'add' 'sub'> <InPorts = 3> <OutPorts = 1> <Sync> <CReg>
ST_4 : Operation 31 [1/1] (0.00ns)   --->   "%tmp_data_0_V_37 = call i4 @_ssdm_op_PartSelect.i4.i6.i32.i32(i6 %add_ln1192, i32 2, i32 5)" [firmware/nnet_utils/nnet_batchnorm_stream.h:42]   --->   Operation 31 'partselect' 'tmp_data_0_V_37' <Predicate = (!icmp_ln25)> <Delay = 0.00>
ST_4 : Operation 32 [1/1] (0.00ns)   --->   "%sext_ln1192_1 = sext i4 %tmp_data_1_V to i6" [firmware/nnet_utils/nnet_batchnorm_stream.h:42]   --->   Operation 32 'sext' 'sext_ln1192_1' <Predicate = (!icmp_ln25)> <Delay = 0.00>
ST_4 : Operation 33 [1/1] (0.00ns)   --->   "%shl_ln1118_1 = call i6 @_ssdm_op_BitConcatenate.i6.i4.i2(i4 %tmp_data_1_V, i2 0)" [firmware/nnet_utils/nnet_mult.h:73->firmware/nnet_utils/nnet_batchnorm_stream.h:42]   --->   Operation 33 'bitconcatenate' 'shl_ln1118_1' <Predicate = (!icmp_ln25)> <Delay = 0.00>
ST_4 : Operation 34 [1/1] (0.00ns) (grouped into TernaryAdder)   --->   "%add_ln1192_5 = add i6 %sext_ln1192_1, %shl_ln1118_1" [firmware/nnet_utils/nnet_batchnorm_stream.h:42]   --->   Operation 34 'add' 'add_ln1192_5' <Predicate = (!icmp_ln25)> <Delay = 0.00> <Core = "TAddSub">   --->   Core 83 'TAddSub' <Latency = 0> <II = 1> <Delay = 1.74> <IPBlock> <Opcode : 'add' 'sub'> <InPorts = 3> <OutPorts = 1> <Sync> <CReg>
ST_4 : Operation 35 [1/1] (3.49ns) (root node of TernaryAdder)   --->   "%add_ln1192_1 = add i6 %add_ln1192_5, -16" [firmware/nnet_utils/nnet_batchnorm_stream.h:42]   --->   Operation 35 'add' 'add_ln1192_1' <Predicate = (!icmp_ln25)> <Delay = 3.49> <Core = "TAddSub">   --->   Core 83 'TAddSub' <Latency = 0> <II = 1> <Delay = 1.74> <IPBlock> <Opcode : 'add' 'sub'> <InPorts = 3> <OutPorts = 1> <Sync> <CReg>
ST_4 : Operation 36 [1/1] (0.00ns)   --->   "%tmp_data_1_V_37 = call i4 @_ssdm_op_PartSelect.i4.i6.i32.i32(i6 %add_ln1192_1, i32 2, i32 5)" [firmware/nnet_utils/nnet_batchnorm_stream.h:42]   --->   Operation 36 'partselect' 'tmp_data_1_V_37' <Predicate = (!icmp_ln25)> <Delay = 0.00>
ST_4 : Operation 37 [1/1] (0.00ns)   --->   "%sext_ln1192_2 = sext i4 %tmp_data_2_V to i6" [firmware/nnet_utils/nnet_batchnorm_stream.h:42]   --->   Operation 37 'sext' 'sext_ln1192_2' <Predicate = (!icmp_ln25)> <Delay = 0.00>
ST_4 : Operation 38 [1/1] (0.00ns)   --->   "%shl_ln1118_2 = call i6 @_ssdm_op_BitConcatenate.i6.i4.i2(i4 %tmp_data_2_V, i2 0)" [firmware/nnet_utils/nnet_mult.h:73->firmware/nnet_utils/nnet_batchnorm_stream.h:42]   --->   Operation 38 'bitconcatenate' 'shl_ln1118_2' <Predicate = (!icmp_ln25)> <Delay = 0.00>
ST_4 : Operation 39 [1/1] (0.00ns) (grouped into TernaryAdder)   --->   "%sub_ln1192 = sub i6 %shl_ln1118_2, %sext_ln1192_2" [firmware/nnet_utils/nnet_batchnorm_stream.h:42]   --->   Operation 39 'sub' 'sub_ln1192' <Predicate = (!icmp_ln25)> <Delay = 0.00> <Core = "TAddSub">   --->   Core 83 'TAddSub' <Latency = 0> <II = 1> <Delay = 1.74> <IPBlock> <Opcode : 'add' 'sub'> <InPorts = 3> <OutPorts = 1> <Sync> <CReg>
ST_4 : Operation 40 [1/1] (3.49ns) (root node of TernaryAdder)   --->   "%add_ln1192_2 = add i6 %sub_ln1192, -12" [firmware/nnet_utils/nnet_batchnorm_stream.h:42]   --->   Operation 40 'add' 'add_ln1192_2' <Predicate = (!icmp_ln25)> <Delay = 3.49> <Core = "TAddSub">   --->   Core 83 'TAddSub' <Latency = 0> <II = 1> <Delay = 1.74> <IPBlock> <Opcode : 'add' 'sub'> <InPorts = 3> <OutPorts = 1> <Sync> <CReg>
ST_4 : Operation 41 [1/1] (0.00ns)   --->   "%tmp_data_2_V_37 = call i4 @_ssdm_op_PartSelect.i4.i6.i32.i32(i6 %add_ln1192_2, i32 2, i32 5)" [firmware/nnet_utils/nnet_batchnorm_stream.h:42]   --->   Operation 41 'partselect' 'tmp_data_2_V_37' <Predicate = (!icmp_ln25)> <Delay = 0.00>
ST_4 : Operation 42 [1/1] (0.00ns)   --->   "%sext_ln1118 = sext i4 %tmp_data_3_V to i5" [firmware/nnet_utils/nnet_mult.h:73->firmware/nnet_utils/nnet_batchnorm_stream.h:42]   --->   Operation 42 'sext' 'sext_ln1118' <Predicate = (!icmp_ln25)> <Delay = 0.00>
ST_4 : Operation 43 [1/1] (0.00ns)   --->   "%shl_ln1118_3 = call i6 @_ssdm_op_BitConcatenate.i6.i4.i2(i4 %tmp_data_3_V, i2 0)" [firmware/nnet_utils/nnet_mult.h:73->firmware/nnet_utils/nnet_batchnorm_stream.h:42]   --->   Operation 43 'bitconcatenate' 'shl_ln1118_3' <Predicate = (!icmp_ln25)> <Delay = 0.00>
ST_4 : Operation 44 [1/1] (1.73ns)   --->   "%add_ln1192_6 = add i5 %sext_ln1118, -8" [firmware/nnet_utils/nnet_batchnorm_stream.h:42]   --->   Operation 44 'add' 'add_ln1192_6' <Predicate = (!icmp_ln25)> <Delay = 1.73> <Core = "AddSub">   --->   Core 14 'AddSub' <Latency = 0> <II = 1> <Delay = 1.82> <FuncUnit> <Opcode : 'add' 'sub'> <InPorts = 2> <OutPorts = 1>
ST_4 : Operation 45 [1/1] (0.00ns)   --->   "%sext_ln1192_3 = sext i5 %add_ln1192_6 to i6" [firmware/nnet_utils/nnet_batchnorm_stream.h:42]   --->   Operation 45 'sext' 'sext_ln1192_3' <Predicate = (!icmp_ln25)> <Delay = 0.00>
ST_4 : Operation 46 [1/1] (1.82ns)   --->   "%add_ln1192_3 = add i6 %shl_ln1118_3, %sext_ln1192_3" [firmware/nnet_utils/nnet_batchnorm_stream.h:42]   --->   Operation 46 'add' 'add_ln1192_3' <Predicate = (!icmp_ln25)> <Delay = 1.82> <Core = "AddSub">   --->   Core 14 'AddSub' <Latency = 0> <II = 1> <Delay = 1.82> <FuncUnit> <Opcode : 'add' 'sub'> <InPorts = 2> <OutPorts = 1>
ST_4 : Operation 47 [1/1] (0.00ns)   --->   "%tmp_data_3_V_37 = call i4 @_ssdm_op_PartSelect.i4.i6.i32.i32(i6 %add_ln1192_3, i32 2, i32 5)" [firmware/nnet_utils/nnet_batchnorm_stream.h:42]   --->   Operation 47 'partselect' 'tmp_data_3_V_37' <Predicate = (!icmp_ln25)> <Delay = 0.00>

State 5 <SV = 4> <Delay = 2.18>
ST_5 : Operation 48 [1/1] (0.00ns)   --->   "call void (...)* @_ssdm_op_SpecLoopName([14 x i8]* @p_str69) nounwind" [firmware/nnet_utils/nnet_batchnorm_stream.h:25]   --->   Operation 48 'specloopname' <Predicate = (!icmp_ln25)> <Delay = 0.00>
ST_5 : Operation 49 [1/1] (0.00ns)   --->   "%tmp = call i32 (...)* @_ssdm_op_SpecRegionBegin([14 x i8]* @p_str69)" [firmware/nnet_utils/nnet_batchnorm_stream.h:25]   --->   Operation 49 'specregionbegin' 'tmp' <Predicate = (!icmp_ln25)> <Delay = 0.00>
ST_5 : Operation 50 [1/1] (0.00ns)   --->   "call void (...)* @_ssdm_op_SpecPipeline(i32 1, i32 1, i32 1, i32 0, [1 x i8]* @p_str35) nounwind" [firmware/nnet_utils/nnet_batchnorm_stream.h:26]   --->   Operation 50 'specpipeline' <Predicate = (!icmp_ln25)> <Delay = 0.00>
ST_5 : Operation 51 [1/1] (2.18ns)   --->   "call void @_ssdm_op_Write.ap_fifo.volatile.i4P.i4P.i4P.i4P(i4* %res_V_data_0_V, i4* %res_V_data_1_V, i4* %res_V_data_2_V, i4* %res_V_data_3_V, i4 %tmp_data_0_V_37, i4 %tmp_data_1_V_37, i4 %tmp_data_2_V_37, i4 %tmp_data_3_V_37)" [firmware/nnet_utils/nnet_batchnorm_stream.h:46]   --->   Operation 51 'write' <Predicate = (!icmp_ln25)> <Delay = 2.18> <Core = "FIFO">   --->   Core 32 'FIFO' <Latency = 0> <II = 1> <Delay = 3.63> <Storage> <Opcode : 'read' 'write' 'nbread' 'nbwrite'> <Ports = 0> <Width = 4> <Depth = 3> <FIFO>
ST_5 : Operation 52 [1/1] (0.00ns)   --->   "%empty_120 = call i32 (...)* @_ssdm_op_SpecRegionEnd([14 x i8]* @p_str69, i32 %tmp)" [firmware/nnet_utils/nnet_batchnorm_stream.h:47]   --->   Operation 52 'specregionend' 'empty_120' <Predicate = (!icmp_ln25)> <Delay = 0.00>
ST_5 : Operation 53 [1/1] (0.00ns)   --->   "br label %1" [firmware/nnet_utils/nnet_batchnorm_stream.h:25]   --->   Operation 53 'br' <Predicate = (!icmp_ln25)> <Delay = 0.00>

State 6 <SV = 2> <Delay = 0.00>
ST_6 : Operation 54 [1/1] (0.00ns)   --->   "ret void" [firmware/nnet_utils/nnet_batchnorm_stream.h:48]   --->   Operation 54 'ret' <Predicate = true> <Delay = 0.00>


============================================================
+ Verbose Summary: Timing violations
============================================================
Target clock period: 5ns, clock uncertainty: 0.625ns.

 <State 1>: 1.77ns
The critical path consists of the following:
	multiplexor before 'phi' operation ('i') with incoming values : ('i', firmware/nnet_utils/nnet_batchnorm_stream.h:25) [20]  (1.77 ns)

 <State 2>: 2.1ns
The critical path consists of the following:
	'phi' operation ('i') with incoming values : ('i', firmware/nnet_utils/nnet_batchnorm_stream.h:25) [20]  (0 ns)
	'icmp' operation ('icmp_ln25', firmware/nnet_utils/nnet_batchnorm_stream.h:25) [21]  (2.1 ns)

 <State 3>: 2.19ns
The critical path consists of the following:
	fifo read on port 'data_V_data_0_V' (firmware/nnet_utils/nnet_batchnorm_stream.h:28) [29]  (2.19 ns)

 <State 4>: 3.56ns
The critical path consists of the following:
	'add' operation ('add_ln1192_6', firmware/nnet_utils/nnet_batchnorm_stream.h:42) [51]  (1.74 ns)
	'add' operation ('add_ln1192_3', firmware/nnet_utils/nnet_batchnorm_stream.h:42) [53]  (1.83 ns)

 <State 5>: 2.19ns
The critical path consists of the following:
	fifo write on port 'res_V_data_0_V' (firmware/nnet_utils/nnet_batchnorm_stream.h:46) [55]  (2.19 ns)

 <State 6>: 0ns
The critical path consists of the following:


============================================================
+ Verbose Summary: Binding
============================================================
N/A
* FSMD analyzer results:
  - Output states:
 - Input state : 
  - Chain level:
	State 1
	State 2
	State 3
	State 4
	State 5
	State 6


============================================================
+ Verbose Summary: Datapath Resource usage 
============================================================
N/A
