

================================================================
== Vivado HLS Report for 'pooling2d_cl_array_ap_fixed_8u_array_ap_fixed_4_2_5_3_0_8u_config5_s'
================================================================
* Date:           Sun May 25 00:14:42 2025

* Version:        2020.1 (Build 2897737 on Wed May 27 20:21:37 MDT 2020)
* Project:        myproject_prj
* Solution:       solution1
* Product family: zynq
* Target device:  xc7z020-clg400-1


================================================================
== Performance Estimates
================================================================
+ Timing: 
    * Summary: 
    +--------+---------+----------+------------+
    |  Clock |  Target | Estimated| Uncertainty|
    +--------+---------+----------+------------+
    |ap_clk  | 5.00 ns | 4.429 ns |   0.62 ns  |
    +--------+---------+----------+------------+

+ Latency: 
    * Summary: 
    +---------+---------+-----------+-----------+------+------+---------+
    |  Latency (cycles) |   Latency (absolute)  |   Interval  | Pipeline|
    |   min   |   max   |    min    |    max    |  min |  max |   Type  |
    +---------+---------+-----------+-----------+------+------+---------+
    |     2051|     2051| 10.255 us | 10.255 us |  2051|  2051|   none  |
    +---------+---------+-----------+-----------+------+------+---------+

    + Detail: 
        * Instance: 
        N/A

        * Loop: 
        +----------------------------------+---------+---------+----------+-----------+-----------+------+----------+
        |                                  |  Latency (cycles) | Iteration|  Initiation Interval  | Trip |          |
        |             Loop Name            |   min   |   max   |  Latency |  achieved |   target  | Count| Pipelined|
        +----------------------------------+---------+---------+----------+-----------+-----------+------+----------+
        |- ReadInputHeight_ReadInputWidth  |     2049|     2049|         4|          2|          1|  1024|    yes   |
        +----------------------------------+---------+---------+----------+-----------+-----------+------+----------+

============================================================
+ Verbose Summary: Synthesis Manager
============================================================
InlineROM: 1
ExposeGlobal: 0
============================================================
+ Verbose Summary: CDFG Model
============================================================
IsTopModel: 0
ResetActiveHigh: 1
IsCombinational: 2
IsDatapathOnly: 0
HasWiredReturn: 1
HasMFsm: 0
HasVarLatency: 1
IsPipeline: 0
IsRtlPipelined: 0
IsInstanceOverlapped: 0
IsDontTouch: 0
HasImplIP: 0
IsGatedGlobalClock: 0

+ Individual pipeline summary: 
  * Pipeline-0: initiation interval (II) = 2, depth = 4


============================================================
+ Verbose Summary: Schedule
============================================================
* Number of FSM states : 6
* Pipeline : 1
  Pipeline-0 : II = 2, D = 4, States = { 2 3 4 5 }
* Dataflow Pipeline: 0

* FSM state transitions: 
1 --> 2 
2 --> 6 3 
3 --> 4 
4 --> 5 
5 --> 2 
6 --> 

* FSM state operations: 

State 1 <SV = 0> <Delay = 1.76>
ST_1 : Operation 7 [1/1] (0.00ns)   --->   "call void (...)* @_ssdm_op_SpecInterface(i4* %res_V_data_7_V, [8 x i8]* @ap_fifo_str, i32 0, i32 0, [1 x i8]* @p_str, i32 0, i32 0, [1 x i8]* @p_str, [1 x i8]* @p_str, [1 x i8]* @p_str, i32 2, i32 2, i32 16, i32 16, [1 x i8]* @p_str, [1 x i8]* @p_str)"   --->   Operation 7 'specinterface' <Predicate = true> <Delay = 0.00>
ST_1 : Operation 8 [1/1] (0.00ns)   --->   "call void (...)* @_ssdm_op_SpecInterface(i4* %res_V_data_6_V, [8 x i8]* @ap_fifo_str, i32 0, i32 0, [1 x i8]* @p_str, i32 0, i32 0, [1 x i8]* @p_str, [1 x i8]* @p_str, [1 x i8]* @p_str, i32 2, i32 2, i32 16, i32 16, [1 x i8]* @p_str, [1 x i8]* @p_str)"   --->   Operation 8 'specinterface' <Predicate = true> <Delay = 0.00>
ST_1 : Operation 9 [1/1] (0.00ns)   --->   "call void (...)* @_ssdm_op_SpecInterface(i4* %res_V_data_5_V, [8 x i8]* @ap_fifo_str, i32 0, i32 0, [1 x i8]* @p_str, i32 0, i32 0, [1 x i8]* @p_str, [1 x i8]* @p_str, [1 x i8]* @p_str, i32 2, i32 2, i32 16, i32 16, [1 x i8]* @p_str, [1 x i8]* @p_str)"   --->   Operation 9 'specinterface' <Predicate = true> <Delay = 0.00>
ST_1 : Operation 10 [1/1] (0.00ns)   --->   "call void (...)* @_ssdm_op_SpecInterface(i4* %res_V_data_4_V, [8 x i8]* @ap_fifo_str, i32 0, i32 0, [1 x i8]* @p_str, i32 0, i32 0, [1 x i8]* @p_str, [1 x i8]* @p_str, [1 x i8]* @p_str, i32 2, i32 2, i32 16, i32 16, [1 x i8]* @p_str, [1 x i8]* @p_str)"   --->   Operation 10 'specinterface' <Predicate = true> <Delay = 0.00>
ST_1 : Operation 11 [1/1] (0.00ns)   --->   "call void (...)* @_ssdm_op_SpecInterface(i4* %res_V_data_3_V, [8 x i8]* @ap_fifo_str, i32 0, i32 0, [1 x i8]* @p_str, i32 0, i32 0, [1 x i8]* @p_str, [1 x i8]* @p_str, [1 x i8]* @p_str, i32 2, i32 2, i32 16, i32 16, [1 x i8]* @p_str, [1 x i8]* @p_str)"   --->   Operation 11 'specinterface' <Predicate = true> <Delay = 0.00>
ST_1 : Operation 12 [1/1] (0.00ns)   --->   "call void (...)* @_ssdm_op_SpecInterface(i4* %res_V_data_2_V, [8 x i8]* @ap_fifo_str, i32 0, i32 0, [1 x i8]* @p_str, i32 0, i32 0, [1 x i8]* @p_str, [1 x i8]* @p_str, [1 x i8]* @p_str, i32 2, i32 2, i32 16, i32 16, [1 x i8]* @p_str, [1 x i8]* @p_str)"   --->   Operation 12 'specinterface' <Predicate = true> <Delay = 0.00>
ST_1 : Operation 13 [1/1] (0.00ns)   --->   "call void (...)* @_ssdm_op_SpecInterface(i4* %res_V_data_1_V, [8 x i8]* @ap_fifo_str, i32 0, i32 0, [1 x i8]* @p_str, i32 0, i32 0, [1 x i8]* @p_str, [1 x i8]* @p_str, [1 x i8]* @p_str, i32 2, i32 2, i32 16, i32 16, [1 x i8]* @p_str, [1 x i8]* @p_str)"   --->   Operation 13 'specinterface' <Predicate = true> <Delay = 0.00>
ST_1 : Operation 14 [1/1] (0.00ns)   --->   "call void (...)* @_ssdm_op_SpecInterface(i4* %res_V_data_0_V, [8 x i8]* @ap_fifo_str, i32 0, i32 0, [1 x i8]* @p_str, i32 0, i32 0, [1 x i8]* @p_str, [1 x i8]* @p_str, [1 x i8]* @p_str, i32 2, i32 2, i32 16, i32 16, [1 x i8]* @p_str, [1 x i8]* @p_str)"   --->   Operation 14 'specinterface' <Predicate = true> <Delay = 0.00>
ST_1 : Operation 15 [1/1] (0.00ns)   --->   "call void (...)* @_ssdm_op_SpecInterface(i4* %data_V_data_7_V, [8 x i8]* @ap_fifo_str, i32 0, i32 0, [1 x i8]* @p_str, i32 0, i32 0, [1 x i8]* @p_str, [1 x i8]* @p_str, [1 x i8]* @p_str, i32 2, i32 2, i32 16, i32 16, [1 x i8]* @p_str, [1 x i8]* @p_str)"   --->   Operation 15 'specinterface' <Predicate = true> <Delay = 0.00>
ST_1 : Operation 16 [1/1] (0.00ns)   --->   "call void (...)* @_ssdm_op_SpecInterface(i4* %data_V_data_6_V, [8 x i8]* @ap_fifo_str, i32 0, i32 0, [1 x i8]* @p_str, i32 0, i32 0, [1 x i8]* @p_str, [1 x i8]* @p_str, [1 x i8]* @p_str, i32 2, i32 2, i32 16, i32 16, [1 x i8]* @p_str, [1 x i8]* @p_str)"   --->   Operation 16 'specinterface' <Predicate = true> <Delay = 0.00>
ST_1 : Operation 17 [1/1] (0.00ns)   --->   "call void (...)* @_ssdm_op_SpecInterface(i4* %data_V_data_5_V, [8 x i8]* @ap_fifo_str, i32 0, i32 0, [1 x i8]* @p_str, i32 0, i32 0, [1 x i8]* @p_str, [1 x i8]* @p_str, [1 x i8]* @p_str, i32 2, i32 2, i32 16, i32 16, [1 x i8]* @p_str, [1 x i8]* @p_str)"   --->   Operation 17 'specinterface' <Predicate = true> <Delay = 0.00>
ST_1 : Operation 18 [1/1] (0.00ns)   --->   "call void (...)* @_ssdm_op_SpecInterface(i4* %data_V_data_4_V, [8 x i8]* @ap_fifo_str, i32 0, i32 0, [1 x i8]* @p_str, i32 0, i32 0, [1 x i8]* @p_str, [1 x i8]* @p_str, [1 x i8]* @p_str, i32 2, i32 2, i32 16, i32 16, [1 x i8]* @p_str, [1 x i8]* @p_str)"   --->   Operation 18 'specinterface' <Predicate = true> <Delay = 0.00>
ST_1 : Operation 19 [1/1] (0.00ns)   --->   "call void (...)* @_ssdm_op_SpecInterface(i4* %data_V_data_3_V, [8 x i8]* @ap_fifo_str, i32 0, i32 0, [1 x i8]* @p_str, i32 0, i32 0, [1 x i8]* @p_str, [1 x i8]* @p_str, [1 x i8]* @p_str, i32 2, i32 2, i32 16, i32 16, [1 x i8]* @p_str, [1 x i8]* @p_str)"   --->   Operation 19 'specinterface' <Predicate = true> <Delay = 0.00>
ST_1 : Operation 20 [1/1] (0.00ns)   --->   "call void (...)* @_ssdm_op_SpecInterface(i4* %data_V_data_2_V, [8 x i8]* @ap_fifo_str, i32 0, i32 0, [1 x i8]* @p_str, i32 0, i32 0, [1 x i8]* @p_str, [1 x i8]* @p_str, [1 x i8]* @p_str, i32 2, i32 2, i32 16, i32 16, [1 x i8]* @p_str, [1 x i8]* @p_str)"   --->   Operation 20 'specinterface' <Predicate = true> <Delay = 0.00>
ST_1 : Operation 21 [1/1] (0.00ns)   --->   "call void (...)* @_ssdm_op_SpecInterface(i4* %data_V_data_1_V, [8 x i8]* @ap_fifo_str, i32 0, i32 0, [1 x i8]* @p_str, i32 0, i32 0, [1 x i8]* @p_str, [1 x i8]* @p_str, [1 x i8]* @p_str, i32 2, i32 2, i32 16, i32 16, [1 x i8]* @p_str, [1 x i8]* @p_str)"   --->   Operation 21 'specinterface' <Predicate = true> <Delay = 0.00>
ST_1 : Operation 22 [1/1] (0.00ns)   --->   "call void (...)* @_ssdm_op_SpecInterface(i4* %data_V_data_0_V, [8 x i8]* @ap_fifo_str, i32 0, i32 0, [1 x i8]* @p_str, i32 0, i32 0, [1 x i8]* @p_str, [1 x i8]* @p_str, [1 x i8]* @p_str, i32 2, i32 2, i32 16, i32 16, [1 x i8]* @p_str, [1 x i8]* @p_str)"   --->   Operation 22 'specinterface' <Predicate = true> <Delay = 0.00>
ST_1 : Operation 23 [1/1] (1.76ns)   --->   "br label %0" [firmware/nnet_utils/nnet_pooling_stream.h:241->firmware/nnet_utils/nnet_pooling_stream.h:257]   --->   Operation 23 'br' <Predicate = true> <Delay = 1.76>

State 2 <SV = 1> <Delay = 1.88>
ST_2 : Operation 24 [1/1] (0.00ns)   --->   "%indvar_flatten = phi i11 [ 0, %codeRepl ], [ %add_ln241, %ReadInputWidth_end ]" [firmware/nnet_utils/nnet_pooling_stream.h:241->firmware/nnet_utils/nnet_pooling_stream.h:257]   --->   Operation 24 'phi' 'indvar_flatten' <Predicate = true> <Delay = 0.00>
ST_2 : Operation 25 [1/1] (1.88ns)   --->   "%icmp_ln241 = icmp eq i11 %indvar_flatten, -1024" [firmware/nnet_utils/nnet_pooling_stream.h:241->firmware/nnet_utils/nnet_pooling_stream.h:257]   --->   Operation 25 'icmp' 'icmp_ln241' <Predicate = true> <Delay = 1.88> <Core = "Cmp">   --->   Core 25 'Cmp' <Latency = 0> <II = 1> <Delay = 2.47> <FuncUnit> <Opcode : 'icmp'> <InPorts = 2> <OutPorts = 1>
ST_2 : Operation 26 [1/1] (1.63ns)   --->   "%add_ln241 = add i11 %indvar_flatten, 1" [firmware/nnet_utils/nnet_pooling_stream.h:241->firmware/nnet_utils/nnet_pooling_stream.h:257]   --->   Operation 26 'add' 'add_ln241' <Predicate = true> <Delay = 1.63> <Core = "AddSub">   --->   Core 14 'AddSub' <Latency = 0> <II = 1> <Delay = 2.55> <FuncUnit> <Opcode : 'add' 'sub'> <InPorts = 2> <OutPorts = 1>
ST_2 : Operation 27 [1/1] (0.00ns)   --->   "br i1 %icmp_ln241, label %"pooling2d_buffer_cl<array<ap_fixed<4, 2, 5, 3, 0>, 8u>, array<ap_fixed<4, 2, 5, 3, 0>, 8u>, config5>.exit", label %ReadInputWidth_begin" [firmware/nnet_utils/nnet_pooling_stream.h:241->firmware/nnet_utils/nnet_pooling_stream.h:257]   --->   Operation 27 'br' <Predicate = true> <Delay = 0.00>

State 3 <SV = 2> <Delay = 4.42>
ST_3 : Operation 28 [1/1] (2.18ns)   --->   "%empty_34 = call { i4, i4, i4, i4, i4, i4, i4, i4 } @_ssdm_op_Read.ap_fifo.volatile.i4P.i4P.i4P.i4P.i4P.i4P.i4P.i4P(i4* %data_V_data_0_V, i4* %data_V_data_1_V, i4* %data_V_data_2_V, i4* %data_V_data_3_V, i4* %data_V_data_4_V, i4* %data_V_data_5_V, i4* %data_V_data_6_V, i4* %data_V_data_7_V)" [firmware/nnet_utils/nnet_pooling_stream.h:247->firmware/nnet_utils/nnet_pooling_stream.h:257]   --->   Operation 28 'read' 'empty_34' <Predicate = (!icmp_ln241)> <Delay = 2.18> <Core = "FIFO">   --->   Core 32 'FIFO' <Latency = 0> <II = 1> <Delay = 3.63> <Storage> <Opcode : 'read' 'write' 'nbread' 'nbwrite'> <Ports = 0> <Width = 4> <Depth = 3> <FIFO>
ST_3 : Operation 29 [1/1] (0.00ns)   --->   "%pool_window_3_V = extractvalue { i4, i4, i4, i4, i4, i4, i4, i4 } %empty_34, 0" [firmware/nnet_utils/nnet_pooling_stream.h:247->firmware/nnet_utils/nnet_pooling_stream.h:257]   --->   Operation 29 'extractvalue' 'pool_window_3_V' <Predicate = (!icmp_ln241)> <Delay = 0.00>
ST_3 : Operation 30 [1/1] (0.00ns)   --->   "%pool_window_3_V_1 = extractvalue { i4, i4, i4, i4, i4, i4, i4, i4 } %empty_34, 1" [firmware/nnet_utils/nnet_pooling_stream.h:247->firmware/nnet_utils/nnet_pooling_stream.h:257]   --->   Operation 30 'extractvalue' 'pool_window_3_V_1' <Predicate = (!icmp_ln241)> <Delay = 0.00>
ST_3 : Operation 31 [1/1] (0.00ns)   --->   "%pool_window_3_V_2 = extractvalue { i4, i4, i4, i4, i4, i4, i4, i4 } %empty_34, 2" [firmware/nnet_utils/nnet_pooling_stream.h:247->firmware/nnet_utils/nnet_pooling_stream.h:257]   --->   Operation 31 'extractvalue' 'pool_window_3_V_2' <Predicate = (!icmp_ln241)> <Delay = 0.00>
ST_3 : Operation 32 [1/1] (0.00ns)   --->   "%pool_window_3_V_3 = extractvalue { i4, i4, i4, i4, i4, i4, i4, i4 } %empty_34, 3" [firmware/nnet_utils/nnet_pooling_stream.h:247->firmware/nnet_utils/nnet_pooling_stream.h:257]   --->   Operation 32 'extractvalue' 'pool_window_3_V_3' <Predicate = (!icmp_ln241)> <Delay = 0.00>
ST_3 : Operation 33 [1/1] (0.00ns)   --->   "%pool_window_3_V_4 = extractvalue { i4, i4, i4, i4, i4, i4, i4, i4 } %empty_34, 4" [firmware/nnet_utils/nnet_pooling_stream.h:247->firmware/nnet_utils/nnet_pooling_stream.h:257]   --->   Operation 33 'extractvalue' 'pool_window_3_V_4' <Predicate = (!icmp_ln241)> <Delay = 0.00>
ST_3 : Operation 34 [1/1] (0.00ns)   --->   "%pool_window_3_V_5 = extractvalue { i4, i4, i4, i4, i4, i4, i4, i4 } %empty_34, 5" [firmware/nnet_utils/nnet_pooling_stream.h:247->firmware/nnet_utils/nnet_pooling_stream.h:257]   --->   Operation 34 'extractvalue' 'pool_window_3_V_5' <Predicate = (!icmp_ln241)> <Delay = 0.00>
ST_3 : Operation 35 [1/1] (0.00ns)   --->   "%pool_window_3_V_6 = extractvalue { i4, i4, i4, i4, i4, i4, i4, i4 } %empty_34, 6" [firmware/nnet_utils/nnet_pooling_stream.h:247->firmware/nnet_utils/nnet_pooling_stream.h:257]   --->   Operation 35 'extractvalue' 'pool_window_3_V_6' <Predicate = (!icmp_ln241)> <Delay = 0.00>
ST_3 : Operation 36 [1/1] (0.00ns)   --->   "%pool_window_3_V_7 = extractvalue { i4, i4, i4, i4, i4, i4, i4, i4 } %empty_34, 7" [firmware/nnet_utils/nnet_pooling_stream.h:247->firmware/nnet_utils/nnet_pooling_stream.h:257]   --->   Operation 36 'extractvalue' 'pool_window_3_V_7' <Predicate = (!icmp_ln241)> <Delay = 0.00>
ST_3 : Operation 37 [1/1] (1.62ns)   --->   "%pool_window_1_V = call i4 @"_ssdm_op_MemShiftRead.[32 x i4]P"(i4* getelementptr inbounds ([32 x i4]* @line_buffer_Array_V_2_0_0, i64 0, i64 31), i4 %pool_window_3_V, i1 true)" [firmware/nnet_utils/nnet_conv_stream.h:241->firmware/nnet_utils/nnet_pooling_stream.h:188->firmware/nnet_utils/nnet_pooling_stream.h:247->firmware/nnet_utils/nnet_pooling_stream.h:257]   --->   Operation 37 'memshiftread' 'pool_window_1_V' <Predicate = (!icmp_ln241)> <Delay = 1.62> <Core = "ShiftReg">   --->   Core 33 'ShiftReg' <Latency = 0> <II = 1> <Delay = 1.62> <Storage> <Opcode : 'memshiftread' 'load'> <Ports = 1> <Width = 4> <Depth = 32> <ShiftMem>
ST_3 : Operation 38 [1/1] (1.62ns)   --->   "%pool_window_1_V_1 = call i4 @"_ssdm_op_MemShiftRead.[32 x i4]P"(i4* getelementptr inbounds ([32 x i4]* @line_buffer_Array_V_2_0_1, i64 0, i64 31), i4 %pool_window_3_V_1, i1 true)" [firmware/nnet_utils/nnet_conv_stream.h:241->firmware/nnet_utils/nnet_pooling_stream.h:188->firmware/nnet_utils/nnet_pooling_stream.h:247->firmware/nnet_utils/nnet_pooling_stream.h:257]   --->   Operation 38 'memshiftread' 'pool_window_1_V_1' <Predicate = (!icmp_ln241)> <Delay = 1.62> <Core = "ShiftReg">   --->   Core 33 'ShiftReg' <Latency = 0> <II = 1> <Delay = 1.62> <Storage> <Opcode : 'memshiftread' 'load'> <Ports = 1> <Width = 4> <Depth = 32> <ShiftMem>
ST_3 : Operation 39 [1/1] (1.62ns)   --->   "%pool_window_1_V_2 = call i4 @"_ssdm_op_MemShiftRead.[32 x i4]P"(i4* getelementptr inbounds ([32 x i4]* @line_buffer_Array_V_2_0_2, i64 0, i64 31), i4 %pool_window_3_V_2, i1 true)" [firmware/nnet_utils/nnet_conv_stream.h:241->firmware/nnet_utils/nnet_pooling_stream.h:188->firmware/nnet_utils/nnet_pooling_stream.h:247->firmware/nnet_utils/nnet_pooling_stream.h:257]   --->   Operation 39 'memshiftread' 'pool_window_1_V_2' <Predicate = (!icmp_ln241)> <Delay = 1.62> <Core = "ShiftReg">   --->   Core 33 'ShiftReg' <Latency = 0> <II = 1> <Delay = 1.62> <Storage> <Opcode : 'memshiftread' 'load'> <Ports = 1> <Width = 4> <Depth = 32> <ShiftMem>
ST_3 : Operation 40 [1/1] (1.62ns)   --->   "%pool_window_1_V_3 = call i4 @"_ssdm_op_MemShiftRead.[32 x i4]P"(i4* getelementptr inbounds ([32 x i4]* @line_buffer_Array_V_2_0_3, i64 0, i64 31), i4 %pool_window_3_V_3, i1 true)" [firmware/nnet_utils/nnet_conv_stream.h:241->firmware/nnet_utils/nnet_pooling_stream.h:188->firmware/nnet_utils/nnet_pooling_stream.h:247->firmware/nnet_utils/nnet_pooling_stream.h:257]   --->   Operation 40 'memshiftread' 'pool_window_1_V_3' <Predicate = (!icmp_ln241)> <Delay = 1.62> <Core = "ShiftReg">   --->   Core 33 'ShiftReg' <Latency = 0> <II = 1> <Delay = 1.62> <Storage> <Opcode : 'memshiftread' 'load'> <Ports = 1> <Width = 4> <Depth = 32> <ShiftMem>
ST_3 : Operation 41 [1/1] (1.62ns)   --->   "%pool_window_1_V_4 = call i4 @"_ssdm_op_MemShiftRead.[32 x i4]P"(i4* getelementptr inbounds ([32 x i4]* @line_buffer_Array_V_2_0_4, i64 0, i64 31), i4 %pool_window_3_V_4, i1 true)" [firmware/nnet_utils/nnet_conv_stream.h:241->firmware/nnet_utils/nnet_pooling_stream.h:188->firmware/nnet_utils/nnet_pooling_stream.h:247->firmware/nnet_utils/nnet_pooling_stream.h:257]   --->   Operation 41 'memshiftread' 'pool_window_1_V_4' <Predicate = (!icmp_ln241)> <Delay = 1.62> <Core = "ShiftReg">   --->   Core 33 'ShiftReg' <Latency = 0> <II = 1> <Delay = 1.62> <Storage> <Opcode : 'memshiftread' 'load'> <Ports = 1> <Width = 4> <Depth = 32> <ShiftMem>
ST_3 : Operation 42 [1/1] (1.62ns)   --->   "%pool_window_1_V_5 = call i4 @"_ssdm_op_MemShiftRead.[32 x i4]P"(i4* getelementptr inbounds ([32 x i4]* @line_buffer_Array_V_2_0_5, i64 0, i64 31), i4 %pool_window_3_V_5, i1 true)" [firmware/nnet_utils/nnet_conv_stream.h:241->firmware/nnet_utils/nnet_pooling_stream.h:188->firmware/nnet_utils/nnet_pooling_stream.h:247->firmware/nnet_utils/nnet_pooling_stream.h:257]   --->   Operation 42 'memshiftread' 'pool_window_1_V_5' <Predicate = (!icmp_ln241)> <Delay = 1.62> <Core = "ShiftReg">   --->   Core 33 'ShiftReg' <Latency = 0> <II = 1> <Delay = 1.62> <Storage> <Opcode : 'memshiftread' 'load'> <Ports = 1> <Width = 4> <Depth = 32> <ShiftMem>
ST_3 : Operation 43 [1/1] (1.62ns)   --->   "%pool_window_1_V_6 = call i4 @"_ssdm_op_MemShiftRead.[32 x i4]P"(i4* getelementptr inbounds ([32 x i4]* @line_buffer_Array_V_2_0_6, i64 0, i64 31), i4 %pool_window_3_V_6, i1 true)" [firmware/nnet_utils/nnet_conv_stream.h:241->firmware/nnet_utils/nnet_pooling_stream.h:188->firmware/nnet_utils/nnet_pooling_stream.h:247->firmware/nnet_utils/nnet_pooling_stream.h:257]   --->   Operation 43 'memshiftread' 'pool_window_1_V_6' <Predicate = (!icmp_ln241)> <Delay = 1.62> <Core = "ShiftReg">   --->   Core 33 'ShiftReg' <Latency = 0> <II = 1> <Delay = 1.62> <Storage> <Opcode : 'memshiftread' 'load'> <Ports = 1> <Width = 4> <Depth = 32> <ShiftMem>
ST_3 : Operation 44 [1/1] (1.62ns)   --->   "%pool_window_1_V_7 = call i4 @"_ssdm_op_MemShiftRead.[32 x i4]P"(i4* getelementptr inbounds ([32 x i4]* @line_buffer_Array_V_2_0_7, i64 0, i64 31), i4 %pool_window_3_V_7, i1 true)" [firmware/nnet_utils/nnet_conv_stream.h:241->firmware/nnet_utils/nnet_pooling_stream.h:188->firmware/nnet_utils/nnet_pooling_stream.h:247->firmware/nnet_utils/nnet_pooling_stream.h:257]   --->   Operation 44 'memshiftread' 'pool_window_1_V_7' <Predicate = (!icmp_ln241)> <Delay = 1.62> <Core = "ShiftReg">   --->   Core 33 'ShiftReg' <Latency = 0> <II = 1> <Delay = 1.62> <Storage> <Opcode : 'memshiftread' 'load'> <Ports = 1> <Width = 4> <Depth = 32> <ShiftMem>
ST_3 : Operation 45 [1/1] (0.00ns)   --->   "%sX_load = load i32* @sX, align 4" [firmware/nnet_utils/nnet_pooling_stream.h:191->firmware/nnet_utils/nnet_pooling_stream.h:247->firmware/nnet_utils/nnet_pooling_stream.h:257]   --->   Operation 45 'load' 'sX_load' <Predicate = (!icmp_ln241)> <Delay = 0.00>
ST_3 : Operation 46 [1/1] (2.47ns)   --->   "%icmp_ln191 = icmp eq i32 %sX_load, 1" [firmware/nnet_utils/nnet_pooling_stream.h:191->firmware/nnet_utils/nnet_pooling_stream.h:247->firmware/nnet_utils/nnet_pooling_stream.h:257]   --->   Operation 46 'icmp' 'icmp_ln191' <Predicate = (!icmp_ln241)> <Delay = 2.47> <Core = "Cmp">   --->   Core 25 'Cmp' <Latency = 0> <II = 1> <Delay = 2.47> <FuncUnit> <Opcode : 'icmp'> <InPorts = 2> <OutPorts = 1>
ST_3 : Operation 47 [1/1] (0.00ns)   --->   "%sY_load = load i32* @sY, align 4" [firmware/nnet_utils/nnet_pooling_stream.h:191->firmware/nnet_utils/nnet_pooling_stream.h:247->firmware/nnet_utils/nnet_pooling_stream.h:257]   --->   Operation 47 'load' 'sY_load' <Predicate = (!icmp_ln241)> <Delay = 0.00>
ST_3 : Operation 48 [1/1] (2.47ns)   --->   "%icmp_ln191_1 = icmp eq i32 %sY_load, 1" [firmware/nnet_utils/nnet_pooling_stream.h:191->firmware/nnet_utils/nnet_pooling_stream.h:247->firmware/nnet_utils/nnet_pooling_stream.h:257]   --->   Operation 48 'icmp' 'icmp_ln191_1' <Predicate = (!icmp_ln241)> <Delay = 2.47> <Core = "Cmp">   --->   Core 25 'Cmp' <Latency = 0> <II = 1> <Delay = 2.47> <FuncUnit> <Opcode : 'icmp'> <InPorts = 2> <OutPorts = 1>
ST_3 : Operation 49 [1/1] (0.00ns)   --->   "%pY_load = load i32* @pY, align 4" [firmware/nnet_utils/nnet_pooling_stream.h:191->firmware/nnet_utils/nnet_pooling_stream.h:247->firmware/nnet_utils/nnet_pooling_stream.h:257]   --->   Operation 49 'load' 'pY_load' <Predicate = (!icmp_ln241)> <Delay = 0.00>
ST_3 : Operation 50 [1/1] (2.47ns)   --->   "%icmp_ln191_2 = icmp sgt i32 %pY_load, 0" [firmware/nnet_utils/nnet_pooling_stream.h:191->firmware/nnet_utils/nnet_pooling_stream.h:247->firmware/nnet_utils/nnet_pooling_stream.h:257]   --->   Operation 50 'icmp' 'icmp_ln191_2' <Predicate = (!icmp_ln241)> <Delay = 2.47> <Core = "Cmp">   --->   Core 25 'Cmp' <Latency = 0> <II = 1> <Delay = 2.47> <FuncUnit> <Opcode : 'icmp'> <InPorts = 2> <OutPorts = 1>
ST_3 : Operation 51 [1/1] (0.00ns)   --->   "%pX_load = load i32* @pX, align 4" [firmware/nnet_utils/nnet_pooling_stream.h:191->firmware/nnet_utils/nnet_pooling_stream.h:247->firmware/nnet_utils/nnet_pooling_stream.h:257]   --->   Operation 51 'load' 'pX_load' <Predicate = (!icmp_ln241)> <Delay = 0.00>
ST_3 : Operation 52 [1/1] (2.47ns)   --->   "%icmp_ln191_3 = icmp sgt i32 %pX_load, 0" [firmware/nnet_utils/nnet_pooling_stream.h:191->firmware/nnet_utils/nnet_pooling_stream.h:247->firmware/nnet_utils/nnet_pooling_stream.h:257]   --->   Operation 52 'icmp' 'icmp_ln191_3' <Predicate = (!icmp_ln241)> <Delay = 2.47> <Core = "Cmp">   --->   Core 25 'Cmp' <Latency = 0> <II = 1> <Delay = 2.47> <FuncUnit> <Opcode : 'icmp'> <InPorts = 2> <OutPorts = 1>
ST_3 : Operation 53 [1/1] (0.00ns) (grouped into LUT with out node and_ln191_2)   --->   "%and_ln191 = and i1 %icmp_ln191, %icmp_ln191_1" [firmware/nnet_utils/nnet_pooling_stream.h:191->firmware/nnet_utils/nnet_pooling_stream.h:247->firmware/nnet_utils/nnet_pooling_stream.h:257]   --->   Operation 53 'and' 'and_ln191' <Predicate = (!icmp_ln241)> <Delay = 0.00> <Core = "LogicGate">   --->   Core 27 'LogicGate' <Latency = 0> <II = 1> <Delay = 0.97> <FuncUnit> <Opcode : 'and' 'or' 'xor'> <InPorts = 2> <OutPorts = 1>
ST_3 : Operation 54 [1/1] (0.00ns) (grouped into LUT with out node and_ln191_2)   --->   "%and_ln191_1 = and i1 %icmp_ln191_2, %icmp_ln191_3" [firmware/nnet_utils/nnet_pooling_stream.h:191->firmware/nnet_utils/nnet_pooling_stream.h:247->firmware/nnet_utils/nnet_pooling_stream.h:257]   --->   Operation 54 'and' 'and_ln191_1' <Predicate = (!icmp_ln241)> <Delay = 0.00> <Core = "LogicGate">   --->   Core 27 'LogicGate' <Latency = 0> <II = 1> <Delay = 0.97> <FuncUnit> <Opcode : 'and' 'or' 'xor'> <InPorts = 2> <OutPorts = 1>
ST_3 : Operation 55 [1/1] (0.97ns) (out node of the LUT)   --->   "%and_ln191_2 = and i1 %and_ln191_1, %and_ln191" [firmware/nnet_utils/nnet_pooling_stream.h:191->firmware/nnet_utils/nnet_pooling_stream.h:247->firmware/nnet_utils/nnet_pooling_stream.h:257]   --->   Operation 55 'and' 'and_ln191_2' <Predicate = (!icmp_ln241)> <Delay = 0.97> <Core = "LogicGate">   --->   Core 27 'LogicGate' <Latency = 0> <II = 1> <Delay = 0.97> <FuncUnit> <Opcode : 'and' 'or' 'xor'> <InPorts = 2> <OutPorts = 1>
ST_3 : Operation 56 [1/1] (0.00ns)   --->   "br i1 %and_ln191_2, label %.preheader.i.i.0, label %._crit_edge25.i.i" [firmware/nnet_utils/nnet_pooling_stream.h:191->firmware/nnet_utils/nnet_pooling_stream.h:247->firmware/nnet_utils/nnet_pooling_stream.h:257]   --->   Operation 56 'br' <Predicate = (!icmp_ln241)> <Delay = 0.00>
ST_3 : Operation 57 [1/1] (2.47ns)   --->   "%icmp_ln212 = icmp eq i32 %pX_load, 31" [firmware/nnet_utils/nnet_pooling_stream.h:212->firmware/nnet_utils/nnet_pooling_stream.h:247->firmware/nnet_utils/nnet_pooling_stream.h:257]   --->   Operation 57 'icmp' 'icmp_ln212' <Predicate = (!icmp_ln241)> <Delay = 2.47> <Core = "Cmp">   --->   Core 25 'Cmp' <Latency = 0> <II = 1> <Delay = 2.47> <FuncUnit> <Opcode : 'icmp'> <InPorts = 2> <OutPorts = 1>
ST_3 : Operation 58 [1/1] (0.00ns)   --->   "br i1 %icmp_ln212, label %1, label %5" [firmware/nnet_utils/nnet_pooling_stream.h:212->firmware/nnet_utils/nnet_pooling_stream.h:247->firmware/nnet_utils/nnet_pooling_stream.h:257]   --->   Operation 58 'br' <Predicate = (!icmp_ln241)> <Delay = 0.00>
ST_3 : Operation 59 [1/1] (2.55ns)   --->   "%add_ln225 = add nsw i32 %pX_load, 1" [firmware/nnet_utils/nnet_pooling_stream.h:225->firmware/nnet_utils/nnet_pooling_stream.h:247->firmware/nnet_utils/nnet_pooling_stream.h:257]   --->   Operation 59 'add' 'add_ln225' <Predicate = (!icmp_ln241 & !icmp_ln212)> <Delay = 2.55> <Core = "AddSub">   --->   Core 14 'AddSub' <Latency = 0> <II = 1> <Delay = 2.55> <FuncUnit> <Opcode : 'add' 'sub'> <InPorts = 2> <OutPorts = 1>
ST_3 : Operation 60 [1/1] (1.76ns)   --->   "store i32 %add_ln225, i32* @pX, align 4" [firmware/nnet_utils/nnet_pooling_stream.h:225->firmware/nnet_utils/nnet_pooling_stream.h:247->firmware/nnet_utils/nnet_pooling_stream.h:257]   --->   Operation 60 'store' <Predicate = (!icmp_ln241 & !icmp_ln212)> <Delay = 1.76>
ST_3 : Operation 61 [1/1] (2.55ns)   --->   "%add_ln227 = add i32 %sX_load, 1" [firmware/nnet_utils/nnet_pooling_stream.h:227->firmware/nnet_utils/nnet_pooling_stream.h:247->firmware/nnet_utils/nnet_pooling_stream.h:257]   --->   Operation 61 'add' 'add_ln227' <Predicate = (!icmp_ln241 & !icmp_ln212)> <Delay = 2.55> <Core = "AddSub">   --->   Core 14 'AddSub' <Latency = 0> <II = 1> <Delay = 2.55> <FuncUnit> <Opcode : 'add' 'sub'> <InPorts = 2> <OutPorts = 1>
ST_3 : Operation 62 [1/1] (0.69ns)   --->   "%select_ln227 = select i1 %icmp_ln191, i32 0, i32 %add_ln227" [firmware/nnet_utils/nnet_pooling_stream.h:227->firmware/nnet_utils/nnet_pooling_stream.h:247->firmware/nnet_utils/nnet_pooling_stream.h:257]   --->   Operation 62 'select' 'select_ln227' <Predicate = (!icmp_ln241 & !icmp_ln212)> <Delay = 0.69> <Core = "Sel">   --->   Core 26 'Sel' <Latency = 0> <II = 1> <Delay = 0.69> <FuncUnit> <Opcode : 'select'> <InPorts = 3> <OutPorts = 1>
ST_3 : Operation 63 [1/1] (1.76ns)   --->   "store i32 0, i32* @pX, align 4" [firmware/nnet_utils/nnet_pooling_stream.h:214->firmware/nnet_utils/nnet_pooling_stream.h:247->firmware/nnet_utils/nnet_pooling_stream.h:257]   --->   Operation 63 'store' <Predicate = (!icmp_ln241 & icmp_ln212)> <Delay = 1.76>
ST_3 : Operation 64 [1/1] (1.76ns)   --->   "store i32 0, i32* @sX, align 4" [firmware/nnet_utils/nnet_pooling_stream.h:215->firmware/nnet_utils/nnet_pooling_stream.h:247->firmware/nnet_utils/nnet_pooling_stream.h:257]   --->   Operation 64 'store' <Predicate = (!icmp_ln241 & icmp_ln212)> <Delay = 1.76>
ST_3 : Operation 65 [1/1] (2.47ns)   --->   "%icmp_ln216 = icmp eq i32 %pY_load, 31" [firmware/nnet_utils/nnet_pooling_stream.h:216->firmware/nnet_utils/nnet_pooling_stream.h:247->firmware/nnet_utils/nnet_pooling_stream.h:257]   --->   Operation 65 'icmp' 'icmp_ln216' <Predicate = (!icmp_ln241 & icmp_ln212)> <Delay = 2.47> <Core = "Cmp">   --->   Core 25 'Cmp' <Latency = 0> <II = 1> <Delay = 2.47> <FuncUnit> <Opcode : 'icmp'> <InPorts = 2> <OutPorts = 1>
ST_3 : Operation 66 [1/1] (0.00ns)   --->   "br i1 %icmp_ln216, label %2, label %3" [firmware/nnet_utils/nnet_pooling_stream.h:216->firmware/nnet_utils/nnet_pooling_stream.h:247->firmware/nnet_utils/nnet_pooling_stream.h:257]   --->   Operation 66 'br' <Predicate = (!icmp_ln241 & icmp_ln212)> <Delay = 0.00>
ST_3 : Operation 67 [1/1] (2.55ns)   --->   "%add_ln220 = add nsw i32 %pY_load, 1" [firmware/nnet_utils/nnet_pooling_stream.h:220->firmware/nnet_utils/nnet_pooling_stream.h:247->firmware/nnet_utils/nnet_pooling_stream.h:257]   --->   Operation 67 'add' 'add_ln220' <Predicate = (!icmp_ln241 & icmp_ln212 & !icmp_ln216)> <Delay = 2.55> <Core = "AddSub">   --->   Core 14 'AddSub' <Latency = 0> <II = 1> <Delay = 2.55> <FuncUnit> <Opcode : 'add' 'sub'> <InPorts = 2> <OutPorts = 1>
ST_3 : Operation 68 [1/1] (1.76ns)   --->   "store i32 %add_ln220, i32* @pY, align 4" [firmware/nnet_utils/nnet_pooling_stream.h:220->firmware/nnet_utils/nnet_pooling_stream.h:247->firmware/nnet_utils/nnet_pooling_stream.h:257]   --->   Operation 68 'store' <Predicate = (!icmp_ln241 & icmp_ln212 & !icmp_ln216)> <Delay = 1.76>
ST_3 : Operation 69 [1/1] (2.55ns)   --->   "%add_ln222 = add i32 %sY_load, 1" [firmware/nnet_utils/nnet_pooling_stream.h:222->firmware/nnet_utils/nnet_pooling_stream.h:247->firmware/nnet_utils/nnet_pooling_stream.h:257]   --->   Operation 69 'add' 'add_ln222' <Predicate = (!icmp_ln241 & icmp_ln212 & !icmp_ln216)> <Delay = 2.55> <Core = "AddSub">   --->   Core 14 'AddSub' <Latency = 0> <II = 1> <Delay = 2.55> <FuncUnit> <Opcode : 'add' 'sub'> <InPorts = 2> <OutPorts = 1>
ST_3 : Operation 70 [1/1] (0.69ns)   --->   "%select_ln222 = select i1 %icmp_ln191_1, i32 0, i32 %add_ln222" [firmware/nnet_utils/nnet_pooling_stream.h:222->firmware/nnet_utils/nnet_pooling_stream.h:247->firmware/nnet_utils/nnet_pooling_stream.h:257]   --->   Operation 70 'select' 'select_ln222' <Predicate = (!icmp_ln241 & icmp_ln212 & !icmp_ln216)> <Delay = 0.69> <Core = "Sel">   --->   Core 26 'Sel' <Latency = 0> <II = 1> <Delay = 0.69> <FuncUnit> <Opcode : 'select'> <InPorts = 3> <OutPorts = 1>
ST_3 : Operation 71 [1/1] (1.76ns)   --->   "store i32 0, i32* @pY, align 4" [firmware/nnet_utils/nnet_pooling_stream.h:217->firmware/nnet_utils/nnet_pooling_stream.h:247->firmware/nnet_utils/nnet_pooling_stream.h:257]   --->   Operation 71 'store' <Predicate = (!icmp_ln241 & icmp_ln212 & icmp_ln216)> <Delay = 1.76>
ST_3 : Operation 72 [1/1] (1.76ns)   --->   "br label %4" [firmware/nnet_utils/nnet_pooling_stream.h:219->firmware/nnet_utils/nnet_pooling_stream.h:247->firmware/nnet_utils/nnet_pooling_stream.h:257]   --->   Operation 72 'br' <Predicate = (!icmp_ln241 & icmp_ln212 & icmp_ln216)> <Delay = 1.76>

State 4 <SV = 3> <Delay = 3.59>
ST_4 : Operation 73 [1/1] (0.00ns)   --->   "%pool_window_0_V = load i4* @kernel_data_V_2_8, align 8" [firmware/nnet_utils/nnet_conv_stream.h:196->firmware/nnet_utils/nnet_conv_stream.h:247->firmware/nnet_utils/nnet_pooling_stream.h:188->firmware/nnet_utils/nnet_pooling_stream.h:247->firmware/nnet_utils/nnet_pooling_stream.h:257]   --->   Operation 73 'load' 'pool_window_0_V' <Predicate = (!icmp_ln241)> <Delay = 0.00>
ST_4 : Operation 74 [1/1] (0.00ns)   --->   "%pool_window_0_V_1 = load i4* @kernel_data_V_2_9, align 1" [firmware/nnet_utils/nnet_conv_stream.h:196->firmware/nnet_utils/nnet_conv_stream.h:247->firmware/nnet_utils/nnet_pooling_stream.h:188->firmware/nnet_utils/nnet_pooling_stream.h:247->firmware/nnet_utils/nnet_pooling_stream.h:257]   --->   Operation 74 'load' 'pool_window_0_V_1' <Predicate = (!icmp_ln241)> <Delay = 0.00>
ST_4 : Operation 75 [1/1] (0.00ns)   --->   "%pool_window_0_V_2 = load i4* @kernel_data_V_2_10, align 2" [firmware/nnet_utils/nnet_conv_stream.h:196->firmware/nnet_utils/nnet_conv_stream.h:247->firmware/nnet_utils/nnet_pooling_stream.h:188->firmware/nnet_utils/nnet_pooling_stream.h:247->firmware/nnet_utils/nnet_pooling_stream.h:257]   --->   Operation 75 'load' 'pool_window_0_V_2' <Predicate = (!icmp_ln241)> <Delay = 0.00>
ST_4 : Operation 76 [1/1] (0.00ns)   --->   "%pool_window_0_V_3 = load i4* @kernel_data_V_2_11, align 1" [firmware/nnet_utils/nnet_conv_stream.h:196->firmware/nnet_utils/nnet_conv_stream.h:247->firmware/nnet_utils/nnet_pooling_stream.h:188->firmware/nnet_utils/nnet_pooling_stream.h:247->firmware/nnet_utils/nnet_pooling_stream.h:257]   --->   Operation 76 'load' 'pool_window_0_V_3' <Predicate = (!icmp_ln241)> <Delay = 0.00>
ST_4 : Operation 77 [1/1] (0.00ns)   --->   "%pool_window_0_V_4 = load i4* @kernel_data_V_2_12, align 4" [firmware/nnet_utils/nnet_conv_stream.h:196->firmware/nnet_utils/nnet_conv_stream.h:247->firmware/nnet_utils/nnet_pooling_stream.h:188->firmware/nnet_utils/nnet_pooling_stream.h:247->firmware/nnet_utils/nnet_pooling_stream.h:257]   --->   Operation 77 'load' 'pool_window_0_V_4' <Predicate = (!icmp_ln241)> <Delay = 0.00>
ST_4 : Operation 78 [1/1] (0.00ns)   --->   "%pool_window_0_V_5 = load i4* @kernel_data_V_2_13, align 1" [firmware/nnet_utils/nnet_conv_stream.h:196->firmware/nnet_utils/nnet_conv_stream.h:247->firmware/nnet_utils/nnet_pooling_stream.h:188->firmware/nnet_utils/nnet_pooling_stream.h:247->firmware/nnet_utils/nnet_pooling_stream.h:257]   --->   Operation 78 'load' 'pool_window_0_V_5' <Predicate = (!icmp_ln241)> <Delay = 0.00>
ST_4 : Operation 79 [1/1] (0.00ns)   --->   "%pool_window_0_V_6 = load i4* @kernel_data_V_2_14, align 2" [firmware/nnet_utils/nnet_conv_stream.h:196->firmware/nnet_utils/nnet_conv_stream.h:247->firmware/nnet_utils/nnet_pooling_stream.h:188->firmware/nnet_utils/nnet_pooling_stream.h:247->firmware/nnet_utils/nnet_pooling_stream.h:257]   --->   Operation 79 'load' 'pool_window_0_V_6' <Predicate = (!icmp_ln241)> <Delay = 0.00>
ST_4 : Operation 80 [1/1] (0.00ns)   --->   "%pool_window_0_V_7 = load i4* @kernel_data_V_2_15, align 1" [firmware/nnet_utils/nnet_conv_stream.h:196->firmware/nnet_utils/nnet_conv_stream.h:247->firmware/nnet_utils/nnet_pooling_stream.h:188->firmware/nnet_utils/nnet_pooling_stream.h:247->firmware/nnet_utils/nnet_pooling_stream.h:257]   --->   Operation 80 'load' 'pool_window_0_V_7' <Predicate = (!icmp_ln241)> <Delay = 0.00>
ST_4 : Operation 81 [1/1] (0.00ns)   --->   "%pool_window_2_V = load i4* @kernel_data_V_2_24, align 8" [firmware/nnet_utils/nnet_conv_stream.h:196->firmware/nnet_utils/nnet_conv_stream.h:247->firmware/nnet_utils/nnet_pooling_stream.h:188->firmware/nnet_utils/nnet_pooling_stream.h:247->firmware/nnet_utils/nnet_pooling_stream.h:257]   --->   Operation 81 'load' 'pool_window_2_V' <Predicate = (!icmp_ln241)> <Delay = 0.00>
ST_4 : Operation 82 [1/1] (0.00ns)   --->   "%pool_window_2_V_1 = load i4* @kernel_data_V_2_25, align 1" [firmware/nnet_utils/nnet_conv_stream.h:196->firmware/nnet_utils/nnet_conv_stream.h:247->firmware/nnet_utils/nnet_pooling_stream.h:188->firmware/nnet_utils/nnet_pooling_stream.h:247->firmware/nnet_utils/nnet_pooling_stream.h:257]   --->   Operation 82 'load' 'pool_window_2_V_1' <Predicate = (!icmp_ln241)> <Delay = 0.00>
ST_4 : Operation 83 [1/1] (0.00ns)   --->   "%pool_window_2_V_2 = load i4* @kernel_data_V_2_26, align 2" [firmware/nnet_utils/nnet_conv_stream.h:196->firmware/nnet_utils/nnet_conv_stream.h:247->firmware/nnet_utils/nnet_pooling_stream.h:188->firmware/nnet_utils/nnet_pooling_stream.h:247->firmware/nnet_utils/nnet_pooling_stream.h:257]   --->   Operation 83 'load' 'pool_window_2_V_2' <Predicate = (!icmp_ln241)> <Delay = 0.00>
ST_4 : Operation 84 [1/1] (0.00ns)   --->   "%pool_window_2_V_3 = load i4* @kernel_data_V_2_27, align 1" [firmware/nnet_utils/nnet_conv_stream.h:196->firmware/nnet_utils/nnet_conv_stream.h:247->firmware/nnet_utils/nnet_pooling_stream.h:188->firmware/nnet_utils/nnet_pooling_stream.h:247->firmware/nnet_utils/nnet_pooling_stream.h:257]   --->   Operation 84 'load' 'pool_window_2_V_3' <Predicate = (!icmp_ln241)> <Delay = 0.00>
ST_4 : Operation 85 [1/1] (0.00ns)   --->   "%pool_window_2_V_4 = load i4* @kernel_data_V_2_28, align 4" [firmware/nnet_utils/nnet_conv_stream.h:196->firmware/nnet_utils/nnet_conv_stream.h:247->firmware/nnet_utils/nnet_pooling_stream.h:188->firmware/nnet_utils/nnet_pooling_stream.h:247->firmware/nnet_utils/nnet_pooling_stream.h:257]   --->   Operation 85 'load' 'pool_window_2_V_4' <Predicate = (!icmp_ln241)> <Delay = 0.00>
ST_4 : Operation 86 [1/1] (0.00ns)   --->   "%pool_window_2_V_5 = load i4* @kernel_data_V_2_29, align 1" [firmware/nnet_utils/nnet_conv_stream.h:196->firmware/nnet_utils/nnet_conv_stream.h:247->firmware/nnet_utils/nnet_pooling_stream.h:188->firmware/nnet_utils/nnet_pooling_stream.h:247->firmware/nnet_utils/nnet_pooling_stream.h:257]   --->   Operation 86 'load' 'pool_window_2_V_5' <Predicate = (!icmp_ln241)> <Delay = 0.00>
ST_4 : Operation 87 [1/1] (0.00ns)   --->   "%pool_window_2_V_6 = load i4* @kernel_data_V_2_30, align 2" [firmware/nnet_utils/nnet_conv_stream.h:196->firmware/nnet_utils/nnet_conv_stream.h:247->firmware/nnet_utils/nnet_pooling_stream.h:188->firmware/nnet_utils/nnet_pooling_stream.h:247->firmware/nnet_utils/nnet_pooling_stream.h:257]   --->   Operation 87 'load' 'pool_window_2_V_6' <Predicate = (!icmp_ln241)> <Delay = 0.00>
ST_4 : Operation 88 [1/1] (0.00ns)   --->   "%pool_window_2_V_7 = load i4* @kernel_data_V_2_31, align 1" [firmware/nnet_utils/nnet_conv_stream.h:196->firmware/nnet_utils/nnet_conv_stream.h:247->firmware/nnet_utils/nnet_pooling_stream.h:188->firmware/nnet_utils/nnet_pooling_stream.h:247->firmware/nnet_utils/nnet_pooling_stream.h:257]   --->   Operation 88 'load' 'pool_window_2_V_7' <Predicate = (!icmp_ln241)> <Delay = 0.00>
ST_4 : Operation 89 [1/1] (0.00ns)   --->   "store i4 %pool_window_1_V, i4* @kernel_data_V_2_8, align 8" [firmware/nnet_utils/nnet_conv_stream.h:209->firmware/nnet_utils/nnet_conv_stream.h:247->firmware/nnet_utils/nnet_pooling_stream.h:188->firmware/nnet_utils/nnet_pooling_stream.h:247->firmware/nnet_utils/nnet_pooling_stream.h:257]   --->   Operation 89 'store' <Predicate = (!icmp_ln241)> <Delay = 0.00>
ST_4 : Operation 90 [1/1] (0.00ns)   --->   "store i4 %pool_window_1_V_1, i4* @kernel_data_V_2_9, align 1" [firmware/nnet_utils/nnet_conv_stream.h:209->firmware/nnet_utils/nnet_conv_stream.h:247->firmware/nnet_utils/nnet_pooling_stream.h:188->firmware/nnet_utils/nnet_pooling_stream.h:247->firmware/nnet_utils/nnet_pooling_stream.h:257]   --->   Operation 90 'store' <Predicate = (!icmp_ln241)> <Delay = 0.00>
ST_4 : Operation 91 [1/1] (0.00ns)   --->   "store i4 %pool_window_1_V_2, i4* @kernel_data_V_2_10, align 2" [firmware/nnet_utils/nnet_conv_stream.h:209->firmware/nnet_utils/nnet_conv_stream.h:247->firmware/nnet_utils/nnet_pooling_stream.h:188->firmware/nnet_utils/nnet_pooling_stream.h:247->firmware/nnet_utils/nnet_pooling_stream.h:257]   --->   Operation 91 'store' <Predicate = (!icmp_ln241)> <Delay = 0.00>
ST_4 : Operation 92 [1/1] (0.00ns)   --->   "store i4 %pool_window_1_V_3, i4* @kernel_data_V_2_11, align 1" [firmware/nnet_utils/nnet_conv_stream.h:209->firmware/nnet_utils/nnet_conv_stream.h:247->firmware/nnet_utils/nnet_pooling_stream.h:188->firmware/nnet_utils/nnet_pooling_stream.h:247->firmware/nnet_utils/nnet_pooling_stream.h:257]   --->   Operation 92 'store' <Predicate = (!icmp_ln241)> <Delay = 0.00>
ST_4 : Operation 93 [1/1] (0.00ns)   --->   "store i4 %pool_window_1_V_4, i4* @kernel_data_V_2_12, align 4" [firmware/nnet_utils/nnet_conv_stream.h:209->firmware/nnet_utils/nnet_conv_stream.h:247->firmware/nnet_utils/nnet_pooling_stream.h:188->firmware/nnet_utils/nnet_pooling_stream.h:247->firmware/nnet_utils/nnet_pooling_stream.h:257]   --->   Operation 93 'store' <Predicate = (!icmp_ln241)> <Delay = 0.00>
ST_4 : Operation 94 [1/1] (0.00ns)   --->   "store i4 %pool_window_1_V_5, i4* @kernel_data_V_2_13, align 1" [firmware/nnet_utils/nnet_conv_stream.h:209->firmware/nnet_utils/nnet_conv_stream.h:247->firmware/nnet_utils/nnet_pooling_stream.h:188->firmware/nnet_utils/nnet_pooling_stream.h:247->firmware/nnet_utils/nnet_pooling_stream.h:257]   --->   Operation 94 'store' <Predicate = (!icmp_ln241)> <Delay = 0.00>
ST_4 : Operation 95 [1/1] (0.00ns)   --->   "store i4 %pool_window_1_V_6, i4* @kernel_data_V_2_14, align 2" [firmware/nnet_utils/nnet_conv_stream.h:209->firmware/nnet_utils/nnet_conv_stream.h:247->firmware/nnet_utils/nnet_pooling_stream.h:188->firmware/nnet_utils/nnet_pooling_stream.h:247->firmware/nnet_utils/nnet_pooling_stream.h:257]   --->   Operation 95 'store' <Predicate = (!icmp_ln241)> <Delay = 0.00>
ST_4 : Operation 96 [1/1] (0.00ns)   --->   "store i4 %pool_window_1_V_7, i4* @kernel_data_V_2_15, align 1" [firmware/nnet_utils/nnet_conv_stream.h:209->firmware/nnet_utils/nnet_conv_stream.h:247->firmware/nnet_utils/nnet_pooling_stream.h:188->firmware/nnet_utils/nnet_pooling_stream.h:247->firmware/nnet_utils/nnet_pooling_stream.h:257]   --->   Operation 96 'store' <Predicate = (!icmp_ln241)> <Delay = 0.00>
ST_4 : Operation 97 [1/1] (0.00ns)   --->   "store i4 %pool_window_3_V, i4* @kernel_data_V_2_24, align 8" [firmware/nnet_utils/nnet_conv_stream.h:209->firmware/nnet_utils/nnet_conv_stream.h:247->firmware/nnet_utils/nnet_pooling_stream.h:188->firmware/nnet_utils/nnet_pooling_stream.h:247->firmware/nnet_utils/nnet_pooling_stream.h:257]   --->   Operation 97 'store' <Predicate = (!icmp_ln241)> <Delay = 0.00>
ST_4 : Operation 98 [1/1] (0.00ns)   --->   "store i4 %pool_window_3_V_1, i4* @kernel_data_V_2_25, align 1" [firmware/nnet_utils/nnet_conv_stream.h:209->firmware/nnet_utils/nnet_conv_stream.h:247->firmware/nnet_utils/nnet_pooling_stream.h:188->firmware/nnet_utils/nnet_pooling_stream.h:247->firmware/nnet_utils/nnet_pooling_stream.h:257]   --->   Operation 98 'store' <Predicate = (!icmp_ln241)> <Delay = 0.00>
ST_4 : Operation 99 [1/1] (0.00ns)   --->   "store i4 %pool_window_3_V_2, i4* @kernel_data_V_2_26, align 2" [firmware/nnet_utils/nnet_conv_stream.h:209->firmware/nnet_utils/nnet_conv_stream.h:247->firmware/nnet_utils/nnet_pooling_stream.h:188->firmware/nnet_utils/nnet_pooling_stream.h:247->firmware/nnet_utils/nnet_pooling_stream.h:257]   --->   Operation 99 'store' <Predicate = (!icmp_ln241)> <Delay = 0.00>
ST_4 : Operation 100 [1/1] (0.00ns)   --->   "store i4 %pool_window_3_V_3, i4* @kernel_data_V_2_27, align 1" [firmware/nnet_utils/nnet_conv_stream.h:209->firmware/nnet_utils/nnet_conv_stream.h:247->firmware/nnet_utils/nnet_pooling_stream.h:188->firmware/nnet_utils/nnet_pooling_stream.h:247->firmware/nnet_utils/nnet_pooling_stream.h:257]   --->   Operation 100 'store' <Predicate = (!icmp_ln241)> <Delay = 0.00>
ST_4 : Operation 101 [1/1] (0.00ns)   --->   "store i4 %pool_window_3_V_4, i4* @kernel_data_V_2_28, align 4" [firmware/nnet_utils/nnet_conv_stream.h:209->firmware/nnet_utils/nnet_conv_stream.h:247->firmware/nnet_utils/nnet_pooling_stream.h:188->firmware/nnet_utils/nnet_pooling_stream.h:247->firmware/nnet_utils/nnet_pooling_stream.h:257]   --->   Operation 101 'store' <Predicate = (!icmp_ln241)> <Delay = 0.00>
ST_4 : Operation 102 [1/1] (0.00ns)   --->   "store i4 %pool_window_3_V_5, i4* @kernel_data_V_2_29, align 1" [firmware/nnet_utils/nnet_conv_stream.h:209->firmware/nnet_utils/nnet_conv_stream.h:247->firmware/nnet_utils/nnet_pooling_stream.h:188->firmware/nnet_utils/nnet_pooling_stream.h:247->firmware/nnet_utils/nnet_pooling_stream.h:257]   --->   Operation 102 'store' <Predicate = (!icmp_ln241)> <Delay = 0.00>
ST_4 : Operation 103 [1/1] (0.00ns)   --->   "store i4 %pool_window_3_V_6, i4* @kernel_data_V_2_30, align 2" [firmware/nnet_utils/nnet_conv_stream.h:209->firmware/nnet_utils/nnet_conv_stream.h:247->firmware/nnet_utils/nnet_pooling_stream.h:188->firmware/nnet_utils/nnet_pooling_stream.h:247->firmware/nnet_utils/nnet_pooling_stream.h:257]   --->   Operation 103 'store' <Predicate = (!icmp_ln241)> <Delay = 0.00>
ST_4 : Operation 104 [1/1] (0.00ns)   --->   "store i4 %pool_window_3_V_7, i4* @kernel_data_V_2_31, align 1" [firmware/nnet_utils/nnet_conv_stream.h:209->firmware/nnet_utils/nnet_conv_stream.h:247->firmware/nnet_utils/nnet_pooling_stream.h:188->firmware/nnet_utils/nnet_pooling_stream.h:247->firmware/nnet_utils/nnet_pooling_stream.h:257]   --->   Operation 104 'store' <Predicate = (!icmp_ln241)> <Delay = 0.00>
ST_4 : Operation 105 [1/1] (1.30ns)   --->   "%icmp_ln1496 = icmp slt i4 %pool_window_0_V, %pool_window_1_V" [firmware/nnet_utils/nnet_common.h:66->firmware/nnet_utils/nnet_common.h:44->firmware/nnet_utils/nnet_common.h:46->firmware/nnet_utils/nnet_pooling_stream.h:21->firmware/nnet_utils/nnet_pooling_stream.h:204->firmware/nnet_utils/nnet_pooling_stream.h:247->firmware/nnet_utils/nnet_pooling_stream.h:257]   --->   Operation 105 'icmp' 'icmp_ln1496' <Predicate = (and_ln191_2)> <Delay = 1.30> <Core = "Cmp">   --->   Core 25 'Cmp' <Latency = 0> <II = 1> <Delay = 2.47> <FuncUnit> <Opcode : 'icmp'> <InPorts = 2> <OutPorts = 1>
ST_4 : Operation 106 [1/1] (0.00ns) (grouped into LUT with out node icmp_ln1496_2)   --->   "%select_ln66 = select i1 %icmp_ln1496, i4 %pool_window_1_V, i4 %pool_window_0_V" [firmware/nnet_utils/nnet_common.h:66->firmware/nnet_utils/nnet_common.h:44->firmware/nnet_utils/nnet_common.h:46->firmware/nnet_utils/nnet_pooling_stream.h:21->firmware/nnet_utils/nnet_pooling_stream.h:204->firmware/nnet_utils/nnet_pooling_stream.h:247->firmware/nnet_utils/nnet_pooling_stream.h:257]   --->   Operation 106 'select' 'select_ln66' <Predicate = (and_ln191_2)> <Delay = 0.00> <Core = "Sel">   --->   Core 26 'Sel' <Latency = 0> <II = 1> <Delay = 0.69> <FuncUnit> <Opcode : 'select'> <InPorts = 3> <OutPorts = 1>
ST_4 : Operation 107 [1/1] (1.30ns)   --->   "%icmp_ln1496_1 = icmp slt i4 %pool_window_2_V, %pool_window_3_V" [firmware/nnet_utils/nnet_common.h:66->firmware/nnet_utils/nnet_common.h:44->firmware/nnet_utils/nnet_common.h:46->firmware/nnet_utils/nnet_pooling_stream.h:21->firmware/nnet_utils/nnet_pooling_stream.h:204->firmware/nnet_utils/nnet_pooling_stream.h:247->firmware/nnet_utils/nnet_pooling_stream.h:257]   --->   Operation 107 'icmp' 'icmp_ln1496_1' <Predicate = (and_ln191_2)> <Delay = 1.30> <Core = "Cmp">   --->   Core 25 'Cmp' <Latency = 0> <II = 1> <Delay = 2.47> <FuncUnit> <Opcode : 'icmp'> <InPorts = 2> <OutPorts = 1>
ST_4 : Operation 108 [1/1] (0.00ns) (grouped into LUT with out node select_ln66_3)   --->   "%select_ln66_1 = select i1 %icmp_ln1496_1, i2 -1, i2 -2" [firmware/nnet_utils/nnet_common.h:66->firmware/nnet_utils/nnet_common.h:44->firmware/nnet_utils/nnet_common.h:46->firmware/nnet_utils/nnet_pooling_stream.h:21->firmware/nnet_utils/nnet_pooling_stream.h:204->firmware/nnet_utils/nnet_pooling_stream.h:247->firmware/nnet_utils/nnet_pooling_stream.h:257]   --->   Operation 108 'select' 'select_ln66_1' <Predicate = (and_ln191_2)> <Delay = 0.00> <Core = "Sel">   --->   Core 26 'Sel' <Latency = 0> <II = 1> <Delay = 0.69> <FuncUnit> <Opcode : 'select'> <InPorts = 3> <OutPorts = 1>
ST_4 : Operation 109 [1/1] (0.00ns) (grouped into LUT with out node icmp_ln1496_2)   --->   "%select_ln66_2 = select i1 %icmp_ln1496_1, i4 %pool_window_3_V, i4 %pool_window_2_V" [firmware/nnet_utils/nnet_common.h:66->firmware/nnet_utils/nnet_common.h:44->firmware/nnet_utils/nnet_common.h:46->firmware/nnet_utils/nnet_pooling_stream.h:21->firmware/nnet_utils/nnet_pooling_stream.h:204->firmware/nnet_utils/nnet_pooling_stream.h:247->firmware/nnet_utils/nnet_pooling_stream.h:257]   --->   Operation 109 'select' 'select_ln66_2' <Predicate = (and_ln191_2)> <Delay = 0.00> <Core = "Sel">   --->   Core 26 'Sel' <Latency = 0> <II = 1> <Delay = 0.69> <FuncUnit> <Opcode : 'select'> <InPorts = 3> <OutPorts = 1>
ST_4 : Operation 110 [1/1] (1.30ns) (out node of the LUT)   --->   "%icmp_ln1496_2 = icmp slt i4 %select_ln66, %select_ln66_2" [firmware/nnet_utils/nnet_common.h:66->firmware/nnet_utils/nnet_common.h:46->firmware/nnet_utils/nnet_pooling_stream.h:21->firmware/nnet_utils/nnet_pooling_stream.h:204->firmware/nnet_utils/nnet_pooling_stream.h:247->firmware/nnet_utils/nnet_pooling_stream.h:257]   --->   Operation 110 'icmp' 'icmp_ln1496_2' <Predicate = (and_ln191_2)> <Delay = 1.30> <Core = "Cmp">   --->   Core 25 'Cmp' <Latency = 0> <II = 1> <Delay = 2.47> <FuncUnit> <Opcode : 'icmp'> <InPorts = 2> <OutPorts = 1>
ST_4 : Operation 111 [1/1] (0.00ns) (grouped into LUT with out node select_ln66_3)   --->   "%zext_ln66 = zext i1 %icmp_ln1496 to i2" [firmware/nnet_utils/nnet_common.h:66->firmware/nnet_utils/nnet_common.h:46->firmware/nnet_utils/nnet_pooling_stream.h:21->firmware/nnet_utils/nnet_pooling_stream.h:204->firmware/nnet_utils/nnet_pooling_stream.h:247->firmware/nnet_utils/nnet_pooling_stream.h:257]   --->   Operation 111 'zext' 'zext_ln66' <Predicate = (and_ln191_2)> <Delay = 0.00>
ST_4 : Operation 112 [1/1] (0.99ns) (out node of the LUT)   --->   "%select_ln66_3 = select i1 %icmp_ln1496_2, i2 %select_ln66_1, i2 %zext_ln66" [firmware/nnet_utils/nnet_common.h:66->firmware/nnet_utils/nnet_common.h:46->firmware/nnet_utils/nnet_pooling_stream.h:21->firmware/nnet_utils/nnet_pooling_stream.h:204->firmware/nnet_utils/nnet_pooling_stream.h:247->firmware/nnet_utils/nnet_pooling_stream.h:257]   --->   Operation 112 'select' 'select_ln66_3' <Predicate = (and_ln191_2)> <Delay = 0.99> <Core = "Sel">   --->   Core 26 'Sel' <Latency = 0> <II = 1> <Delay = 0.69> <FuncUnit> <Opcode : 'select'> <InPorts = 3> <OutPorts = 1>
ST_4 : Operation 113 [1/1] (1.30ns)   --->   "%icmp_ln1496_8 = icmp slt i4 %pool_window_0_V_1, %pool_window_1_V_1" [firmware/nnet_utils/nnet_common.h:66->firmware/nnet_utils/nnet_common.h:44->firmware/nnet_utils/nnet_common.h:46->firmware/nnet_utils/nnet_pooling_stream.h:21->firmware/nnet_utils/nnet_pooling_stream.h:204->firmware/nnet_utils/nnet_pooling_stream.h:247->firmware/nnet_utils/nnet_pooling_stream.h:257]   --->   Operation 113 'icmp' 'icmp_ln1496_8' <Predicate = (and_ln191_2)> <Delay = 1.30> <Core = "Cmp">   --->   Core 25 'Cmp' <Latency = 0> <II = 1> <Delay = 2.47> <FuncUnit> <Opcode : 'icmp'> <InPorts = 2> <OutPorts = 1>
ST_4 : Operation 114 [1/1] (0.00ns) (grouped into LUT with out node icmp_ln1496_10)   --->   "%select_ln66_4 = select i1 %icmp_ln1496_8, i4 %pool_window_1_V_1, i4 %pool_window_0_V_1" [firmware/nnet_utils/nnet_common.h:66->firmware/nnet_utils/nnet_common.h:44->firmware/nnet_utils/nnet_common.h:46->firmware/nnet_utils/nnet_pooling_stream.h:21->firmware/nnet_utils/nnet_pooling_stream.h:204->firmware/nnet_utils/nnet_pooling_stream.h:247->firmware/nnet_utils/nnet_pooling_stream.h:257]   --->   Operation 114 'select' 'select_ln66_4' <Predicate = (and_ln191_2)> <Delay = 0.00> <Core = "Sel">   --->   Core 26 'Sel' <Latency = 0> <II = 1> <Delay = 0.69> <FuncUnit> <Opcode : 'select'> <InPorts = 3> <OutPorts = 1>
ST_4 : Operation 115 [1/1] (1.30ns)   --->   "%icmp_ln1496_9 = icmp slt i4 %pool_window_2_V_1, %pool_window_3_V_1" [firmware/nnet_utils/nnet_common.h:66->firmware/nnet_utils/nnet_common.h:44->firmware/nnet_utils/nnet_common.h:46->firmware/nnet_utils/nnet_pooling_stream.h:21->firmware/nnet_utils/nnet_pooling_stream.h:204->firmware/nnet_utils/nnet_pooling_stream.h:247->firmware/nnet_utils/nnet_pooling_stream.h:257]   --->   Operation 115 'icmp' 'icmp_ln1496_9' <Predicate = (and_ln191_2)> <Delay = 1.30> <Core = "Cmp">   --->   Core 25 'Cmp' <Latency = 0> <II = 1> <Delay = 2.47> <FuncUnit> <Opcode : 'icmp'> <InPorts = 2> <OutPorts = 1>
ST_4 : Operation 116 [1/1] (0.00ns) (grouped into LUT with out node select_ln66_7)   --->   "%select_ln66_5 = select i1 %icmp_ln1496_9, i2 -1, i2 -2" [firmware/nnet_utils/nnet_common.h:66->firmware/nnet_utils/nnet_common.h:44->firmware/nnet_utils/nnet_common.h:46->firmware/nnet_utils/nnet_pooling_stream.h:21->firmware/nnet_utils/nnet_pooling_stream.h:204->firmware/nnet_utils/nnet_pooling_stream.h:247->firmware/nnet_utils/nnet_pooling_stream.h:257]   --->   Operation 116 'select' 'select_ln66_5' <Predicate = (and_ln191_2)> <Delay = 0.00> <Core = "Sel">   --->   Core 26 'Sel' <Latency = 0> <II = 1> <Delay = 0.69> <FuncUnit> <Opcode : 'select'> <InPorts = 3> <OutPorts = 1>
ST_4 : Operation 117 [1/1] (0.00ns) (grouped into LUT with out node icmp_ln1496_10)   --->   "%select_ln66_6 = select i1 %icmp_ln1496_9, i4 %pool_window_3_V_1, i4 %pool_window_2_V_1" [firmware/nnet_utils/nnet_common.h:66->firmware/nnet_utils/nnet_common.h:44->firmware/nnet_utils/nnet_common.h:46->firmware/nnet_utils/nnet_pooling_stream.h:21->firmware/nnet_utils/nnet_pooling_stream.h:204->firmware/nnet_utils/nnet_pooling_stream.h:247->firmware/nnet_utils/nnet_pooling_stream.h:257]   --->   Operation 117 'select' 'select_ln66_6' <Predicate = (and_ln191_2)> <Delay = 0.00> <Core = "Sel">   --->   Core 26 'Sel' <Latency = 0> <II = 1> <Delay = 0.69> <FuncUnit> <Opcode : 'select'> <InPorts = 3> <OutPorts = 1>
ST_4 : Operation 118 [1/1] (1.30ns) (out node of the LUT)   --->   "%icmp_ln1496_10 = icmp slt i4 %select_ln66_4, %select_ln66_6" [firmware/nnet_utils/nnet_common.h:66->firmware/nnet_utils/nnet_common.h:46->firmware/nnet_utils/nnet_pooling_stream.h:21->firmware/nnet_utils/nnet_pooling_stream.h:204->firmware/nnet_utils/nnet_pooling_stream.h:247->firmware/nnet_utils/nnet_pooling_stream.h:257]   --->   Operation 118 'icmp' 'icmp_ln1496_10' <Predicate = (and_ln191_2)> <Delay = 1.30> <Core = "Cmp">   --->   Core 25 'Cmp' <Latency = 0> <II = 1> <Delay = 2.47> <FuncUnit> <Opcode : 'icmp'> <InPorts = 2> <OutPorts = 1>
ST_4 : Operation 119 [1/1] (0.00ns) (grouped into LUT with out node select_ln66_7)   --->   "%zext_ln66_1 = zext i1 %icmp_ln1496_8 to i2" [firmware/nnet_utils/nnet_common.h:66->firmware/nnet_utils/nnet_common.h:46->firmware/nnet_utils/nnet_pooling_stream.h:21->firmware/nnet_utils/nnet_pooling_stream.h:204->firmware/nnet_utils/nnet_pooling_stream.h:247->firmware/nnet_utils/nnet_pooling_stream.h:257]   --->   Operation 119 'zext' 'zext_ln66_1' <Predicate = (and_ln191_2)> <Delay = 0.00>
ST_4 : Operation 120 [1/1] (0.99ns) (out node of the LUT)   --->   "%select_ln66_7 = select i1 %icmp_ln1496_10, i2 %select_ln66_5, i2 %zext_ln66_1" [firmware/nnet_utils/nnet_common.h:66->firmware/nnet_utils/nnet_common.h:46->firmware/nnet_utils/nnet_pooling_stream.h:21->firmware/nnet_utils/nnet_pooling_stream.h:204->firmware/nnet_utils/nnet_pooling_stream.h:247->firmware/nnet_utils/nnet_pooling_stream.h:257]   --->   Operation 120 'select' 'select_ln66_7' <Predicate = (and_ln191_2)> <Delay = 0.99> <Core = "Sel">   --->   Core 26 'Sel' <Latency = 0> <II = 1> <Delay = 0.69> <FuncUnit> <Opcode : 'select'> <InPorts = 3> <OutPorts = 1>
ST_4 : Operation 121 [1/1] (1.30ns)   --->   "%icmp_ln1496_11 = icmp slt i4 %pool_window_0_V_2, %pool_window_1_V_2" [firmware/nnet_utils/nnet_common.h:66->firmware/nnet_utils/nnet_common.h:44->firmware/nnet_utils/nnet_common.h:46->firmware/nnet_utils/nnet_pooling_stream.h:21->firmware/nnet_utils/nnet_pooling_stream.h:204->firmware/nnet_utils/nnet_pooling_stream.h:247->firmware/nnet_utils/nnet_pooling_stream.h:257]   --->   Operation 121 'icmp' 'icmp_ln1496_11' <Predicate = (and_ln191_2)> <Delay = 1.30> <Core = "Cmp">   --->   Core 25 'Cmp' <Latency = 0> <II = 1> <Delay = 2.47> <FuncUnit> <Opcode : 'icmp'> <InPorts = 2> <OutPorts = 1>
ST_4 : Operation 122 [1/1] (0.00ns) (grouped into LUT with out node icmp_ln1496_13)   --->   "%select_ln66_8 = select i1 %icmp_ln1496_11, i4 %pool_window_1_V_2, i4 %pool_window_0_V_2" [firmware/nnet_utils/nnet_common.h:66->firmware/nnet_utils/nnet_common.h:44->firmware/nnet_utils/nnet_common.h:46->firmware/nnet_utils/nnet_pooling_stream.h:21->firmware/nnet_utils/nnet_pooling_stream.h:204->firmware/nnet_utils/nnet_pooling_stream.h:247->firmware/nnet_utils/nnet_pooling_stream.h:257]   --->   Operation 122 'select' 'select_ln66_8' <Predicate = (and_ln191_2)> <Delay = 0.00> <Core = "Sel">   --->   Core 26 'Sel' <Latency = 0> <II = 1> <Delay = 0.69> <FuncUnit> <Opcode : 'select'> <InPorts = 3> <OutPorts = 1>
ST_4 : Operation 123 [1/1] (1.30ns)   --->   "%icmp_ln1496_12 = icmp slt i4 %pool_window_2_V_2, %pool_window_3_V_2" [firmware/nnet_utils/nnet_common.h:66->firmware/nnet_utils/nnet_common.h:44->firmware/nnet_utils/nnet_common.h:46->firmware/nnet_utils/nnet_pooling_stream.h:21->firmware/nnet_utils/nnet_pooling_stream.h:204->firmware/nnet_utils/nnet_pooling_stream.h:247->firmware/nnet_utils/nnet_pooling_stream.h:257]   --->   Operation 123 'icmp' 'icmp_ln1496_12' <Predicate = (and_ln191_2)> <Delay = 1.30> <Core = "Cmp">   --->   Core 25 'Cmp' <Latency = 0> <II = 1> <Delay = 2.47> <FuncUnit> <Opcode : 'icmp'> <InPorts = 2> <OutPorts = 1>
ST_4 : Operation 124 [1/1] (0.00ns) (grouped into LUT with out node select_ln66_11)   --->   "%select_ln66_9 = select i1 %icmp_ln1496_12, i2 -1, i2 -2" [firmware/nnet_utils/nnet_common.h:66->firmware/nnet_utils/nnet_common.h:44->firmware/nnet_utils/nnet_common.h:46->firmware/nnet_utils/nnet_pooling_stream.h:21->firmware/nnet_utils/nnet_pooling_stream.h:204->firmware/nnet_utils/nnet_pooling_stream.h:247->firmware/nnet_utils/nnet_pooling_stream.h:257]   --->   Operation 124 'select' 'select_ln66_9' <Predicate = (and_ln191_2)> <Delay = 0.00> <Core = "Sel">   --->   Core 26 'Sel' <Latency = 0> <II = 1> <Delay = 0.69> <FuncUnit> <Opcode : 'select'> <InPorts = 3> <OutPorts = 1>
ST_4 : Operation 125 [1/1] (0.00ns) (grouped into LUT with out node icmp_ln1496_13)   --->   "%select_ln66_10 = select i1 %icmp_ln1496_12, i4 %pool_window_3_V_2, i4 %pool_window_2_V_2" [firmware/nnet_utils/nnet_common.h:66->firmware/nnet_utils/nnet_common.h:44->firmware/nnet_utils/nnet_common.h:46->firmware/nnet_utils/nnet_pooling_stream.h:21->firmware/nnet_utils/nnet_pooling_stream.h:204->firmware/nnet_utils/nnet_pooling_stream.h:247->firmware/nnet_utils/nnet_pooling_stream.h:257]   --->   Operation 125 'select' 'select_ln66_10' <Predicate = (and_ln191_2)> <Delay = 0.00> <Core = "Sel">   --->   Core 26 'Sel' <Latency = 0> <II = 1> <Delay = 0.69> <FuncUnit> <Opcode : 'select'> <InPorts = 3> <OutPorts = 1>
ST_4 : Operation 126 [1/1] (1.30ns) (out node of the LUT)   --->   "%icmp_ln1496_13 = icmp slt i4 %select_ln66_8, %select_ln66_10" [firmware/nnet_utils/nnet_common.h:66->firmware/nnet_utils/nnet_common.h:46->firmware/nnet_utils/nnet_pooling_stream.h:21->firmware/nnet_utils/nnet_pooling_stream.h:204->firmware/nnet_utils/nnet_pooling_stream.h:247->firmware/nnet_utils/nnet_pooling_stream.h:257]   --->   Operation 126 'icmp' 'icmp_ln1496_13' <Predicate = (and_ln191_2)> <Delay = 1.30> <Core = "Cmp">   --->   Core 25 'Cmp' <Latency = 0> <II = 1> <Delay = 2.47> <FuncUnit> <Opcode : 'icmp'> <InPorts = 2> <OutPorts = 1>
ST_4 : Operation 127 [1/1] (0.00ns) (grouped into LUT with out node select_ln66_11)   --->   "%zext_ln66_2 = zext i1 %icmp_ln1496_11 to i2" [firmware/nnet_utils/nnet_common.h:66->firmware/nnet_utils/nnet_common.h:46->firmware/nnet_utils/nnet_pooling_stream.h:21->firmware/nnet_utils/nnet_pooling_stream.h:204->firmware/nnet_utils/nnet_pooling_stream.h:247->firmware/nnet_utils/nnet_pooling_stream.h:257]   --->   Operation 127 'zext' 'zext_ln66_2' <Predicate = (and_ln191_2)> <Delay = 0.00>
ST_4 : Operation 128 [1/1] (0.99ns) (out node of the LUT)   --->   "%select_ln66_11 = select i1 %icmp_ln1496_13, i2 %select_ln66_9, i2 %zext_ln66_2" [firmware/nnet_utils/nnet_common.h:66->firmware/nnet_utils/nnet_common.h:46->firmware/nnet_utils/nnet_pooling_stream.h:21->firmware/nnet_utils/nnet_pooling_stream.h:204->firmware/nnet_utils/nnet_pooling_stream.h:247->firmware/nnet_utils/nnet_pooling_stream.h:257]   --->   Operation 128 'select' 'select_ln66_11' <Predicate = (and_ln191_2)> <Delay = 0.99> <Core = "Sel">   --->   Core 26 'Sel' <Latency = 0> <II = 1> <Delay = 0.69> <FuncUnit> <Opcode : 'select'> <InPorts = 3> <OutPorts = 1>
ST_4 : Operation 129 [1/1] (1.30ns)   --->   "%icmp_ln1496_3 = icmp slt i4 %pool_window_0_V_3, %pool_window_1_V_3" [firmware/nnet_utils/nnet_common.h:66->firmware/nnet_utils/nnet_common.h:44->firmware/nnet_utils/nnet_common.h:46->firmware/nnet_utils/nnet_pooling_stream.h:21->firmware/nnet_utils/nnet_pooling_stream.h:204->firmware/nnet_utils/nnet_pooling_stream.h:247->firmware/nnet_utils/nnet_pooling_stream.h:257]   --->   Operation 129 'icmp' 'icmp_ln1496_3' <Predicate = (and_ln191_2)> <Delay = 1.30> <Core = "Cmp">   --->   Core 25 'Cmp' <Latency = 0> <II = 1> <Delay = 2.47> <FuncUnit> <Opcode : 'icmp'> <InPorts = 2> <OutPorts = 1>
ST_4 : Operation 130 [1/1] (0.00ns) (grouped into LUT with out node icmp_ln1496_15)   --->   "%select_ln66_12 = select i1 %icmp_ln1496_3, i4 %pool_window_1_V_3, i4 %pool_window_0_V_3" [firmware/nnet_utils/nnet_common.h:66->firmware/nnet_utils/nnet_common.h:44->firmware/nnet_utils/nnet_common.h:46->firmware/nnet_utils/nnet_pooling_stream.h:21->firmware/nnet_utils/nnet_pooling_stream.h:204->firmware/nnet_utils/nnet_pooling_stream.h:247->firmware/nnet_utils/nnet_pooling_stream.h:257]   --->   Operation 130 'select' 'select_ln66_12' <Predicate = (and_ln191_2)> <Delay = 0.00> <Core = "Sel">   --->   Core 26 'Sel' <Latency = 0> <II = 1> <Delay = 0.69> <FuncUnit> <Opcode : 'select'> <InPorts = 3> <OutPorts = 1>
ST_4 : Operation 131 [1/1] (1.30ns)   --->   "%icmp_ln1496_14 = icmp slt i4 %pool_window_2_V_3, %pool_window_3_V_3" [firmware/nnet_utils/nnet_common.h:66->firmware/nnet_utils/nnet_common.h:44->firmware/nnet_utils/nnet_common.h:46->firmware/nnet_utils/nnet_pooling_stream.h:21->firmware/nnet_utils/nnet_pooling_stream.h:204->firmware/nnet_utils/nnet_pooling_stream.h:247->firmware/nnet_utils/nnet_pooling_stream.h:257]   --->   Operation 131 'icmp' 'icmp_ln1496_14' <Predicate = (and_ln191_2)> <Delay = 1.30> <Core = "Cmp">   --->   Core 25 'Cmp' <Latency = 0> <II = 1> <Delay = 2.47> <FuncUnit> <Opcode : 'icmp'> <InPorts = 2> <OutPorts = 1>
ST_4 : Operation 132 [1/1] (0.00ns) (grouped into LUT with out node select_ln66_15)   --->   "%select_ln66_13 = select i1 %icmp_ln1496_14, i2 -1, i2 -2" [firmware/nnet_utils/nnet_common.h:66->firmware/nnet_utils/nnet_common.h:44->firmware/nnet_utils/nnet_common.h:46->firmware/nnet_utils/nnet_pooling_stream.h:21->firmware/nnet_utils/nnet_pooling_stream.h:204->firmware/nnet_utils/nnet_pooling_stream.h:247->firmware/nnet_utils/nnet_pooling_stream.h:257]   --->   Operation 132 'select' 'select_ln66_13' <Predicate = (and_ln191_2)> <Delay = 0.00> <Core = "Sel">   --->   Core 26 'Sel' <Latency = 0> <II = 1> <Delay = 0.69> <FuncUnit> <Opcode : 'select'> <InPorts = 3> <OutPorts = 1>
ST_4 : Operation 133 [1/1] (0.00ns) (grouped into LUT with out node icmp_ln1496_15)   --->   "%select_ln66_14 = select i1 %icmp_ln1496_14, i4 %pool_window_3_V_3, i4 %pool_window_2_V_3" [firmware/nnet_utils/nnet_common.h:66->firmware/nnet_utils/nnet_common.h:44->firmware/nnet_utils/nnet_common.h:46->firmware/nnet_utils/nnet_pooling_stream.h:21->firmware/nnet_utils/nnet_pooling_stream.h:204->firmware/nnet_utils/nnet_pooling_stream.h:247->firmware/nnet_utils/nnet_pooling_stream.h:257]   --->   Operation 133 'select' 'select_ln66_14' <Predicate = (and_ln191_2)> <Delay = 0.00> <Core = "Sel">   --->   Core 26 'Sel' <Latency = 0> <II = 1> <Delay = 0.69> <FuncUnit> <Opcode : 'select'> <InPorts = 3> <OutPorts = 1>
ST_4 : Operation 134 [1/1] (1.30ns) (out node of the LUT)   --->   "%icmp_ln1496_15 = icmp slt i4 %select_ln66_12, %select_ln66_14" [firmware/nnet_utils/nnet_common.h:66->firmware/nnet_utils/nnet_common.h:46->firmware/nnet_utils/nnet_pooling_stream.h:21->firmware/nnet_utils/nnet_pooling_stream.h:204->firmware/nnet_utils/nnet_pooling_stream.h:247->firmware/nnet_utils/nnet_pooling_stream.h:257]   --->   Operation 134 'icmp' 'icmp_ln1496_15' <Predicate = (and_ln191_2)> <Delay = 1.30> <Core = "Cmp">   --->   Core 25 'Cmp' <Latency = 0> <II = 1> <Delay = 2.47> <FuncUnit> <Opcode : 'icmp'> <InPorts = 2> <OutPorts = 1>
ST_4 : Operation 135 [1/1] (0.00ns) (grouped into LUT with out node select_ln66_15)   --->   "%zext_ln66_3 = zext i1 %icmp_ln1496_3 to i2" [firmware/nnet_utils/nnet_common.h:66->firmware/nnet_utils/nnet_common.h:46->firmware/nnet_utils/nnet_pooling_stream.h:21->firmware/nnet_utils/nnet_pooling_stream.h:204->firmware/nnet_utils/nnet_pooling_stream.h:247->firmware/nnet_utils/nnet_pooling_stream.h:257]   --->   Operation 135 'zext' 'zext_ln66_3' <Predicate = (and_ln191_2)> <Delay = 0.00>
ST_4 : Operation 136 [1/1] (0.99ns) (out node of the LUT)   --->   "%select_ln66_15 = select i1 %icmp_ln1496_15, i2 %select_ln66_13, i2 %zext_ln66_3" [firmware/nnet_utils/nnet_common.h:66->firmware/nnet_utils/nnet_common.h:46->firmware/nnet_utils/nnet_pooling_stream.h:21->firmware/nnet_utils/nnet_pooling_stream.h:204->firmware/nnet_utils/nnet_pooling_stream.h:247->firmware/nnet_utils/nnet_pooling_stream.h:257]   --->   Operation 136 'select' 'select_ln66_15' <Predicate = (and_ln191_2)> <Delay = 0.99> <Core = "Sel">   --->   Core 26 'Sel' <Latency = 0> <II = 1> <Delay = 0.69> <FuncUnit> <Opcode : 'select'> <InPorts = 3> <OutPorts = 1>
ST_4 : Operation 137 [1/1] (1.30ns)   --->   "%icmp_ln1496_4 = icmp slt i4 %pool_window_0_V_4, %pool_window_1_V_4" [firmware/nnet_utils/nnet_common.h:66->firmware/nnet_utils/nnet_common.h:44->firmware/nnet_utils/nnet_common.h:46->firmware/nnet_utils/nnet_pooling_stream.h:21->firmware/nnet_utils/nnet_pooling_stream.h:204->firmware/nnet_utils/nnet_pooling_stream.h:247->firmware/nnet_utils/nnet_pooling_stream.h:257]   --->   Operation 137 'icmp' 'icmp_ln1496_4' <Predicate = (and_ln191_2)> <Delay = 1.30> <Core = "Cmp">   --->   Core 25 'Cmp' <Latency = 0> <II = 1> <Delay = 2.47> <FuncUnit> <Opcode : 'icmp'> <InPorts = 2> <OutPorts = 1>
ST_4 : Operation 138 [1/1] (0.00ns) (grouped into LUT with out node icmp_ln1496_17)   --->   "%select_ln66_16 = select i1 %icmp_ln1496_4, i4 %pool_window_1_V_4, i4 %pool_window_0_V_4" [firmware/nnet_utils/nnet_common.h:66->firmware/nnet_utils/nnet_common.h:44->firmware/nnet_utils/nnet_common.h:46->firmware/nnet_utils/nnet_pooling_stream.h:21->firmware/nnet_utils/nnet_pooling_stream.h:204->firmware/nnet_utils/nnet_pooling_stream.h:247->firmware/nnet_utils/nnet_pooling_stream.h:257]   --->   Operation 138 'select' 'select_ln66_16' <Predicate = (and_ln191_2)> <Delay = 0.00> <Core = "Sel">   --->   Core 26 'Sel' <Latency = 0> <II = 1> <Delay = 0.69> <FuncUnit> <Opcode : 'select'> <InPorts = 3> <OutPorts = 1>
ST_4 : Operation 139 [1/1] (1.30ns)   --->   "%icmp_ln1496_16 = icmp slt i4 %pool_window_2_V_4, %pool_window_3_V_4" [firmware/nnet_utils/nnet_common.h:66->firmware/nnet_utils/nnet_common.h:44->firmware/nnet_utils/nnet_common.h:46->firmware/nnet_utils/nnet_pooling_stream.h:21->firmware/nnet_utils/nnet_pooling_stream.h:204->firmware/nnet_utils/nnet_pooling_stream.h:247->firmware/nnet_utils/nnet_pooling_stream.h:257]   --->   Operation 139 'icmp' 'icmp_ln1496_16' <Predicate = (and_ln191_2)> <Delay = 1.30> <Core = "Cmp">   --->   Core 25 'Cmp' <Latency = 0> <II = 1> <Delay = 2.47> <FuncUnit> <Opcode : 'icmp'> <InPorts = 2> <OutPorts = 1>
ST_4 : Operation 140 [1/1] (0.00ns) (grouped into LUT with out node select_ln66_19)   --->   "%select_ln66_17 = select i1 %icmp_ln1496_16, i2 -1, i2 -2" [firmware/nnet_utils/nnet_common.h:66->firmware/nnet_utils/nnet_common.h:44->firmware/nnet_utils/nnet_common.h:46->firmware/nnet_utils/nnet_pooling_stream.h:21->firmware/nnet_utils/nnet_pooling_stream.h:204->firmware/nnet_utils/nnet_pooling_stream.h:247->firmware/nnet_utils/nnet_pooling_stream.h:257]   --->   Operation 140 'select' 'select_ln66_17' <Predicate = (and_ln191_2)> <Delay = 0.00> <Core = "Sel">   --->   Core 26 'Sel' <Latency = 0> <II = 1> <Delay = 0.69> <FuncUnit> <Opcode : 'select'> <InPorts = 3> <OutPorts = 1>
ST_4 : Operation 141 [1/1] (0.00ns) (grouped into LUT with out node icmp_ln1496_17)   --->   "%select_ln66_18 = select i1 %icmp_ln1496_16, i4 %pool_window_3_V_4, i4 %pool_window_2_V_4" [firmware/nnet_utils/nnet_common.h:66->firmware/nnet_utils/nnet_common.h:44->firmware/nnet_utils/nnet_common.h:46->firmware/nnet_utils/nnet_pooling_stream.h:21->firmware/nnet_utils/nnet_pooling_stream.h:204->firmware/nnet_utils/nnet_pooling_stream.h:247->firmware/nnet_utils/nnet_pooling_stream.h:257]   --->   Operation 141 'select' 'select_ln66_18' <Predicate = (and_ln191_2)> <Delay = 0.00> <Core = "Sel">   --->   Core 26 'Sel' <Latency = 0> <II = 1> <Delay = 0.69> <FuncUnit> <Opcode : 'select'> <InPorts = 3> <OutPorts = 1>
ST_4 : Operation 142 [1/1] (1.30ns) (out node of the LUT)   --->   "%icmp_ln1496_17 = icmp slt i4 %select_ln66_16, %select_ln66_18" [firmware/nnet_utils/nnet_common.h:66->firmware/nnet_utils/nnet_common.h:46->firmware/nnet_utils/nnet_pooling_stream.h:21->firmware/nnet_utils/nnet_pooling_stream.h:204->firmware/nnet_utils/nnet_pooling_stream.h:247->firmware/nnet_utils/nnet_pooling_stream.h:257]   --->   Operation 142 'icmp' 'icmp_ln1496_17' <Predicate = (and_ln191_2)> <Delay = 1.30> <Core = "Cmp">   --->   Core 25 'Cmp' <Latency = 0> <II = 1> <Delay = 2.47> <FuncUnit> <Opcode : 'icmp'> <InPorts = 2> <OutPorts = 1>
ST_4 : Operation 143 [1/1] (0.00ns) (grouped into LUT with out node select_ln66_19)   --->   "%zext_ln66_4 = zext i1 %icmp_ln1496_4 to i2" [firmware/nnet_utils/nnet_common.h:66->firmware/nnet_utils/nnet_common.h:46->firmware/nnet_utils/nnet_pooling_stream.h:21->firmware/nnet_utils/nnet_pooling_stream.h:204->firmware/nnet_utils/nnet_pooling_stream.h:247->firmware/nnet_utils/nnet_pooling_stream.h:257]   --->   Operation 143 'zext' 'zext_ln66_4' <Predicate = (and_ln191_2)> <Delay = 0.00>
ST_4 : Operation 144 [1/1] (0.99ns) (out node of the LUT)   --->   "%select_ln66_19 = select i1 %icmp_ln1496_17, i2 %select_ln66_17, i2 %zext_ln66_4" [firmware/nnet_utils/nnet_common.h:66->firmware/nnet_utils/nnet_common.h:46->firmware/nnet_utils/nnet_pooling_stream.h:21->firmware/nnet_utils/nnet_pooling_stream.h:204->firmware/nnet_utils/nnet_pooling_stream.h:247->firmware/nnet_utils/nnet_pooling_stream.h:257]   --->   Operation 144 'select' 'select_ln66_19' <Predicate = (and_ln191_2)> <Delay = 0.99> <Core = "Sel">   --->   Core 26 'Sel' <Latency = 0> <II = 1> <Delay = 0.69> <FuncUnit> <Opcode : 'select'> <InPorts = 3> <OutPorts = 1>
ST_4 : Operation 145 [1/1] (1.30ns)   --->   "%icmp_ln1496_5 = icmp slt i4 %pool_window_0_V_5, %pool_window_1_V_5" [firmware/nnet_utils/nnet_common.h:66->firmware/nnet_utils/nnet_common.h:44->firmware/nnet_utils/nnet_common.h:46->firmware/nnet_utils/nnet_pooling_stream.h:21->firmware/nnet_utils/nnet_pooling_stream.h:204->firmware/nnet_utils/nnet_pooling_stream.h:247->firmware/nnet_utils/nnet_pooling_stream.h:257]   --->   Operation 145 'icmp' 'icmp_ln1496_5' <Predicate = (and_ln191_2)> <Delay = 1.30> <Core = "Cmp">   --->   Core 25 'Cmp' <Latency = 0> <II = 1> <Delay = 2.47> <FuncUnit> <Opcode : 'icmp'> <InPorts = 2> <OutPorts = 1>
ST_4 : Operation 146 [1/1] (0.00ns) (grouped into LUT with out node icmp_ln1496_19)   --->   "%select_ln66_20 = select i1 %icmp_ln1496_5, i4 %pool_window_1_V_5, i4 %pool_window_0_V_5" [firmware/nnet_utils/nnet_common.h:66->firmware/nnet_utils/nnet_common.h:44->firmware/nnet_utils/nnet_common.h:46->firmware/nnet_utils/nnet_pooling_stream.h:21->firmware/nnet_utils/nnet_pooling_stream.h:204->firmware/nnet_utils/nnet_pooling_stream.h:247->firmware/nnet_utils/nnet_pooling_stream.h:257]   --->   Operation 146 'select' 'select_ln66_20' <Predicate = (and_ln191_2)> <Delay = 0.00> <Core = "Sel">   --->   Core 26 'Sel' <Latency = 0> <II = 1> <Delay = 0.69> <FuncUnit> <Opcode : 'select'> <InPorts = 3> <OutPorts = 1>
ST_4 : Operation 147 [1/1] (1.30ns)   --->   "%icmp_ln1496_18 = icmp slt i4 %pool_window_2_V_5, %pool_window_3_V_5" [firmware/nnet_utils/nnet_common.h:66->firmware/nnet_utils/nnet_common.h:44->firmware/nnet_utils/nnet_common.h:46->firmware/nnet_utils/nnet_pooling_stream.h:21->firmware/nnet_utils/nnet_pooling_stream.h:204->firmware/nnet_utils/nnet_pooling_stream.h:247->firmware/nnet_utils/nnet_pooling_stream.h:257]   --->   Operation 147 'icmp' 'icmp_ln1496_18' <Predicate = (and_ln191_2)> <Delay = 1.30> <Core = "Cmp">   --->   Core 25 'Cmp' <Latency = 0> <II = 1> <Delay = 2.47> <FuncUnit> <Opcode : 'icmp'> <InPorts = 2> <OutPorts = 1>
ST_4 : Operation 148 [1/1] (0.00ns) (grouped into LUT with out node select_ln66_23)   --->   "%select_ln66_21 = select i1 %icmp_ln1496_18, i2 -1, i2 -2" [firmware/nnet_utils/nnet_common.h:66->firmware/nnet_utils/nnet_common.h:44->firmware/nnet_utils/nnet_common.h:46->firmware/nnet_utils/nnet_pooling_stream.h:21->firmware/nnet_utils/nnet_pooling_stream.h:204->firmware/nnet_utils/nnet_pooling_stream.h:247->firmware/nnet_utils/nnet_pooling_stream.h:257]   --->   Operation 148 'select' 'select_ln66_21' <Predicate = (and_ln191_2)> <Delay = 0.00> <Core = "Sel">   --->   Core 26 'Sel' <Latency = 0> <II = 1> <Delay = 0.69> <FuncUnit> <Opcode : 'select'> <InPorts = 3> <OutPorts = 1>
ST_4 : Operation 149 [1/1] (0.00ns) (grouped into LUT with out node icmp_ln1496_19)   --->   "%select_ln66_22 = select i1 %icmp_ln1496_18, i4 %pool_window_3_V_5, i4 %pool_window_2_V_5" [firmware/nnet_utils/nnet_common.h:66->firmware/nnet_utils/nnet_common.h:44->firmware/nnet_utils/nnet_common.h:46->firmware/nnet_utils/nnet_pooling_stream.h:21->firmware/nnet_utils/nnet_pooling_stream.h:204->firmware/nnet_utils/nnet_pooling_stream.h:247->firmware/nnet_utils/nnet_pooling_stream.h:257]   --->   Operation 149 'select' 'select_ln66_22' <Predicate = (and_ln191_2)> <Delay = 0.00> <Core = "Sel">   --->   Core 26 'Sel' <Latency = 0> <II = 1> <Delay = 0.69> <FuncUnit> <Opcode : 'select'> <InPorts = 3> <OutPorts = 1>
ST_4 : Operation 150 [1/1] (1.30ns) (out node of the LUT)   --->   "%icmp_ln1496_19 = icmp slt i4 %select_ln66_20, %select_ln66_22" [firmware/nnet_utils/nnet_common.h:66->firmware/nnet_utils/nnet_common.h:46->firmware/nnet_utils/nnet_pooling_stream.h:21->firmware/nnet_utils/nnet_pooling_stream.h:204->firmware/nnet_utils/nnet_pooling_stream.h:247->firmware/nnet_utils/nnet_pooling_stream.h:257]   --->   Operation 150 'icmp' 'icmp_ln1496_19' <Predicate = (and_ln191_2)> <Delay = 1.30> <Core = "Cmp">   --->   Core 25 'Cmp' <Latency = 0> <II = 1> <Delay = 2.47> <FuncUnit> <Opcode : 'icmp'> <InPorts = 2> <OutPorts = 1>
ST_4 : Operation 151 [1/1] (0.00ns) (grouped into LUT with out node select_ln66_23)   --->   "%zext_ln66_5 = zext i1 %icmp_ln1496_5 to i2" [firmware/nnet_utils/nnet_common.h:66->firmware/nnet_utils/nnet_common.h:46->firmware/nnet_utils/nnet_pooling_stream.h:21->firmware/nnet_utils/nnet_pooling_stream.h:204->firmware/nnet_utils/nnet_pooling_stream.h:247->firmware/nnet_utils/nnet_pooling_stream.h:257]   --->   Operation 151 'zext' 'zext_ln66_5' <Predicate = (and_ln191_2)> <Delay = 0.00>
ST_4 : Operation 152 [1/1] (0.99ns) (out node of the LUT)   --->   "%select_ln66_23 = select i1 %icmp_ln1496_19, i2 %select_ln66_21, i2 %zext_ln66_5" [firmware/nnet_utils/nnet_common.h:66->firmware/nnet_utils/nnet_common.h:46->firmware/nnet_utils/nnet_pooling_stream.h:21->firmware/nnet_utils/nnet_pooling_stream.h:204->firmware/nnet_utils/nnet_pooling_stream.h:247->firmware/nnet_utils/nnet_pooling_stream.h:257]   --->   Operation 152 'select' 'select_ln66_23' <Predicate = (and_ln191_2)> <Delay = 0.99> <Core = "Sel">   --->   Core 26 'Sel' <Latency = 0> <II = 1> <Delay = 0.69> <FuncUnit> <Opcode : 'select'> <InPorts = 3> <OutPorts = 1>
ST_4 : Operation 153 [1/1] (1.30ns)   --->   "%icmp_ln1496_6 = icmp slt i4 %pool_window_0_V_6, %pool_window_1_V_6" [firmware/nnet_utils/nnet_common.h:66->firmware/nnet_utils/nnet_common.h:44->firmware/nnet_utils/nnet_common.h:46->firmware/nnet_utils/nnet_pooling_stream.h:21->firmware/nnet_utils/nnet_pooling_stream.h:204->firmware/nnet_utils/nnet_pooling_stream.h:247->firmware/nnet_utils/nnet_pooling_stream.h:257]   --->   Operation 153 'icmp' 'icmp_ln1496_6' <Predicate = (and_ln191_2)> <Delay = 1.30> <Core = "Cmp">   --->   Core 25 'Cmp' <Latency = 0> <II = 1> <Delay = 2.47> <FuncUnit> <Opcode : 'icmp'> <InPorts = 2> <OutPorts = 1>
ST_4 : Operation 154 [1/1] (0.00ns) (grouped into LUT with out node icmp_ln1496_21)   --->   "%select_ln66_24 = select i1 %icmp_ln1496_6, i4 %pool_window_1_V_6, i4 %pool_window_0_V_6" [firmware/nnet_utils/nnet_common.h:66->firmware/nnet_utils/nnet_common.h:44->firmware/nnet_utils/nnet_common.h:46->firmware/nnet_utils/nnet_pooling_stream.h:21->firmware/nnet_utils/nnet_pooling_stream.h:204->firmware/nnet_utils/nnet_pooling_stream.h:247->firmware/nnet_utils/nnet_pooling_stream.h:257]   --->   Operation 154 'select' 'select_ln66_24' <Predicate = (and_ln191_2)> <Delay = 0.00> <Core = "Sel">   --->   Core 26 'Sel' <Latency = 0> <II = 1> <Delay = 0.69> <FuncUnit> <Opcode : 'select'> <InPorts = 3> <OutPorts = 1>
ST_4 : Operation 155 [1/1] (1.30ns)   --->   "%icmp_ln1496_20 = icmp slt i4 %pool_window_2_V_6, %pool_window_3_V_6" [firmware/nnet_utils/nnet_common.h:66->firmware/nnet_utils/nnet_common.h:44->firmware/nnet_utils/nnet_common.h:46->firmware/nnet_utils/nnet_pooling_stream.h:21->firmware/nnet_utils/nnet_pooling_stream.h:204->firmware/nnet_utils/nnet_pooling_stream.h:247->firmware/nnet_utils/nnet_pooling_stream.h:257]   --->   Operation 155 'icmp' 'icmp_ln1496_20' <Predicate = (and_ln191_2)> <Delay = 1.30> <Core = "Cmp">   --->   Core 25 'Cmp' <Latency = 0> <II = 1> <Delay = 2.47> <FuncUnit> <Opcode : 'icmp'> <InPorts = 2> <OutPorts = 1>
ST_4 : Operation 156 [1/1] (0.00ns) (grouped into LUT with out node select_ln66_27)   --->   "%select_ln66_25 = select i1 %icmp_ln1496_20, i2 -1, i2 -2" [firmware/nnet_utils/nnet_common.h:66->firmware/nnet_utils/nnet_common.h:44->firmware/nnet_utils/nnet_common.h:46->firmware/nnet_utils/nnet_pooling_stream.h:21->firmware/nnet_utils/nnet_pooling_stream.h:204->firmware/nnet_utils/nnet_pooling_stream.h:247->firmware/nnet_utils/nnet_pooling_stream.h:257]   --->   Operation 156 'select' 'select_ln66_25' <Predicate = (and_ln191_2)> <Delay = 0.00> <Core = "Sel">   --->   Core 26 'Sel' <Latency = 0> <II = 1> <Delay = 0.69> <FuncUnit> <Opcode : 'select'> <InPorts = 3> <OutPorts = 1>
ST_4 : Operation 157 [1/1] (0.00ns) (grouped into LUT with out node icmp_ln1496_21)   --->   "%select_ln66_26 = select i1 %icmp_ln1496_20, i4 %pool_window_3_V_6, i4 %pool_window_2_V_6" [firmware/nnet_utils/nnet_common.h:66->firmware/nnet_utils/nnet_common.h:44->firmware/nnet_utils/nnet_common.h:46->firmware/nnet_utils/nnet_pooling_stream.h:21->firmware/nnet_utils/nnet_pooling_stream.h:204->firmware/nnet_utils/nnet_pooling_stream.h:247->firmware/nnet_utils/nnet_pooling_stream.h:257]   --->   Operation 157 'select' 'select_ln66_26' <Predicate = (and_ln191_2)> <Delay = 0.00> <Core = "Sel">   --->   Core 26 'Sel' <Latency = 0> <II = 1> <Delay = 0.69> <FuncUnit> <Opcode : 'select'> <InPorts = 3> <OutPorts = 1>
ST_4 : Operation 158 [1/1] (1.30ns) (out node of the LUT)   --->   "%icmp_ln1496_21 = icmp slt i4 %select_ln66_24, %select_ln66_26" [firmware/nnet_utils/nnet_common.h:66->firmware/nnet_utils/nnet_common.h:46->firmware/nnet_utils/nnet_pooling_stream.h:21->firmware/nnet_utils/nnet_pooling_stream.h:204->firmware/nnet_utils/nnet_pooling_stream.h:247->firmware/nnet_utils/nnet_pooling_stream.h:257]   --->   Operation 158 'icmp' 'icmp_ln1496_21' <Predicate = (and_ln191_2)> <Delay = 1.30> <Core = "Cmp">   --->   Core 25 'Cmp' <Latency = 0> <II = 1> <Delay = 2.47> <FuncUnit> <Opcode : 'icmp'> <InPorts = 2> <OutPorts = 1>
ST_4 : Operation 159 [1/1] (0.00ns) (grouped into LUT with out node select_ln66_27)   --->   "%zext_ln66_6 = zext i1 %icmp_ln1496_6 to i2" [firmware/nnet_utils/nnet_common.h:66->firmware/nnet_utils/nnet_common.h:46->firmware/nnet_utils/nnet_pooling_stream.h:21->firmware/nnet_utils/nnet_pooling_stream.h:204->firmware/nnet_utils/nnet_pooling_stream.h:247->firmware/nnet_utils/nnet_pooling_stream.h:257]   --->   Operation 159 'zext' 'zext_ln66_6' <Predicate = (and_ln191_2)> <Delay = 0.00>
ST_4 : Operation 160 [1/1] (0.99ns) (out node of the LUT)   --->   "%select_ln66_27 = select i1 %icmp_ln1496_21, i2 %select_ln66_25, i2 %zext_ln66_6" [firmware/nnet_utils/nnet_common.h:66->firmware/nnet_utils/nnet_common.h:46->firmware/nnet_utils/nnet_pooling_stream.h:21->firmware/nnet_utils/nnet_pooling_stream.h:204->firmware/nnet_utils/nnet_pooling_stream.h:247->firmware/nnet_utils/nnet_pooling_stream.h:257]   --->   Operation 160 'select' 'select_ln66_27' <Predicate = (and_ln191_2)> <Delay = 0.99> <Core = "Sel">   --->   Core 26 'Sel' <Latency = 0> <II = 1> <Delay = 0.69> <FuncUnit> <Opcode : 'select'> <InPorts = 3> <OutPorts = 1>
ST_4 : Operation 161 [1/1] (1.30ns)   --->   "%icmp_ln1496_7 = icmp slt i4 %pool_window_0_V_7, %pool_window_1_V_7" [firmware/nnet_utils/nnet_common.h:66->firmware/nnet_utils/nnet_common.h:44->firmware/nnet_utils/nnet_common.h:46->firmware/nnet_utils/nnet_pooling_stream.h:21->firmware/nnet_utils/nnet_pooling_stream.h:204->firmware/nnet_utils/nnet_pooling_stream.h:247->firmware/nnet_utils/nnet_pooling_stream.h:257]   --->   Operation 161 'icmp' 'icmp_ln1496_7' <Predicate = (and_ln191_2)> <Delay = 1.30> <Core = "Cmp">   --->   Core 25 'Cmp' <Latency = 0> <II = 1> <Delay = 2.47> <FuncUnit> <Opcode : 'icmp'> <InPorts = 2> <OutPorts = 1>
ST_4 : Operation 162 [1/1] (0.00ns) (grouped into LUT with out node icmp_ln1496_23)   --->   "%select_ln66_28 = select i1 %icmp_ln1496_7, i4 %pool_window_1_V_7, i4 %pool_window_0_V_7" [firmware/nnet_utils/nnet_common.h:66->firmware/nnet_utils/nnet_common.h:44->firmware/nnet_utils/nnet_common.h:46->firmware/nnet_utils/nnet_pooling_stream.h:21->firmware/nnet_utils/nnet_pooling_stream.h:204->firmware/nnet_utils/nnet_pooling_stream.h:247->firmware/nnet_utils/nnet_pooling_stream.h:257]   --->   Operation 162 'select' 'select_ln66_28' <Predicate = (and_ln191_2)> <Delay = 0.00> <Core = "Sel">   --->   Core 26 'Sel' <Latency = 0> <II = 1> <Delay = 0.69> <FuncUnit> <Opcode : 'select'> <InPorts = 3> <OutPorts = 1>
ST_4 : Operation 163 [1/1] (1.30ns)   --->   "%icmp_ln1496_22 = icmp slt i4 %pool_window_2_V_7, %pool_window_3_V_7" [firmware/nnet_utils/nnet_common.h:66->firmware/nnet_utils/nnet_common.h:44->firmware/nnet_utils/nnet_common.h:46->firmware/nnet_utils/nnet_pooling_stream.h:21->firmware/nnet_utils/nnet_pooling_stream.h:204->firmware/nnet_utils/nnet_pooling_stream.h:247->firmware/nnet_utils/nnet_pooling_stream.h:257]   --->   Operation 163 'icmp' 'icmp_ln1496_22' <Predicate = (and_ln191_2)> <Delay = 1.30> <Core = "Cmp">   --->   Core 25 'Cmp' <Latency = 0> <II = 1> <Delay = 2.47> <FuncUnit> <Opcode : 'icmp'> <InPorts = 2> <OutPorts = 1>
ST_4 : Operation 164 [1/1] (0.00ns) (grouped into LUT with out node select_ln66_31)   --->   "%select_ln66_29 = select i1 %icmp_ln1496_22, i2 -1, i2 -2" [firmware/nnet_utils/nnet_common.h:66->firmware/nnet_utils/nnet_common.h:44->firmware/nnet_utils/nnet_common.h:46->firmware/nnet_utils/nnet_pooling_stream.h:21->firmware/nnet_utils/nnet_pooling_stream.h:204->firmware/nnet_utils/nnet_pooling_stream.h:247->firmware/nnet_utils/nnet_pooling_stream.h:257]   --->   Operation 164 'select' 'select_ln66_29' <Predicate = (and_ln191_2)> <Delay = 0.00> <Core = "Sel">   --->   Core 26 'Sel' <Latency = 0> <II = 1> <Delay = 0.69> <FuncUnit> <Opcode : 'select'> <InPorts = 3> <OutPorts = 1>
ST_4 : Operation 165 [1/1] (0.00ns) (grouped into LUT with out node icmp_ln1496_23)   --->   "%select_ln66_30 = select i1 %icmp_ln1496_22, i4 %pool_window_3_V_7, i4 %pool_window_2_V_7" [firmware/nnet_utils/nnet_common.h:66->firmware/nnet_utils/nnet_common.h:44->firmware/nnet_utils/nnet_common.h:46->firmware/nnet_utils/nnet_pooling_stream.h:21->firmware/nnet_utils/nnet_pooling_stream.h:204->firmware/nnet_utils/nnet_pooling_stream.h:247->firmware/nnet_utils/nnet_pooling_stream.h:257]   --->   Operation 165 'select' 'select_ln66_30' <Predicate = (and_ln191_2)> <Delay = 0.00> <Core = "Sel">   --->   Core 26 'Sel' <Latency = 0> <II = 1> <Delay = 0.69> <FuncUnit> <Opcode : 'select'> <InPorts = 3> <OutPorts = 1>
ST_4 : Operation 166 [1/1] (1.30ns) (out node of the LUT)   --->   "%icmp_ln1496_23 = icmp slt i4 %select_ln66_28, %select_ln66_30" [firmware/nnet_utils/nnet_common.h:66->firmware/nnet_utils/nnet_common.h:46->firmware/nnet_utils/nnet_pooling_stream.h:21->firmware/nnet_utils/nnet_pooling_stream.h:204->firmware/nnet_utils/nnet_pooling_stream.h:247->firmware/nnet_utils/nnet_pooling_stream.h:257]   --->   Operation 166 'icmp' 'icmp_ln1496_23' <Predicate = (and_ln191_2)> <Delay = 1.30> <Core = "Cmp">   --->   Core 25 'Cmp' <Latency = 0> <II = 1> <Delay = 2.47> <FuncUnit> <Opcode : 'icmp'> <InPorts = 2> <OutPorts = 1>
ST_4 : Operation 167 [1/1] (0.00ns) (grouped into LUT with out node select_ln66_31)   --->   "%zext_ln66_7 = zext i1 %icmp_ln1496_7 to i2" [firmware/nnet_utils/nnet_common.h:66->firmware/nnet_utils/nnet_common.h:46->firmware/nnet_utils/nnet_pooling_stream.h:21->firmware/nnet_utils/nnet_pooling_stream.h:204->firmware/nnet_utils/nnet_pooling_stream.h:247->firmware/nnet_utils/nnet_pooling_stream.h:257]   --->   Operation 167 'zext' 'zext_ln66_7' <Predicate = (and_ln191_2)> <Delay = 0.00>
ST_4 : Operation 168 [1/1] (0.99ns) (out node of the LUT)   --->   "%select_ln66_31 = select i1 %icmp_ln1496_23, i2 %select_ln66_29, i2 %zext_ln66_7" [firmware/nnet_utils/nnet_common.h:66->firmware/nnet_utils/nnet_common.h:46->firmware/nnet_utils/nnet_pooling_stream.h:21->firmware/nnet_utils/nnet_pooling_stream.h:204->firmware/nnet_utils/nnet_pooling_stream.h:247->firmware/nnet_utils/nnet_pooling_stream.h:257]   --->   Operation 168 'select' 'select_ln66_31' <Predicate = (and_ln191_2)> <Delay = 0.99> <Core = "Sel">   --->   Core 26 'Sel' <Latency = 0> <II = 1> <Delay = 0.69> <FuncUnit> <Opcode : 'select'> <InPorts = 3> <OutPorts = 1>
ST_4 : Operation 169 [1/1] (1.76ns)   --->   "store i32 %select_ln227, i32* @sX, align 4" [firmware/nnet_utils/nnet_pooling_stream.h:227->firmware/nnet_utils/nnet_pooling_stream.h:247->firmware/nnet_utils/nnet_pooling_stream.h:257]   --->   Operation 169 'store' <Predicate = (!icmp_ln212)> <Delay = 1.76>
ST_4 : Operation 170 [1/1] (0.00ns)   --->   "br label %ReadInputWidth_end"   --->   Operation 170 'br' <Predicate = (!icmp_ln212)> <Delay = 0.00>
ST_4 : Operation 171 [1/1] (1.76ns)   --->   "br label %4"   --->   Operation 171 'br' <Predicate = (!icmp_ln241 & icmp_ln212 & !icmp_ln216)> <Delay = 1.76>

State 5 <SV = 4> <Delay = 4.14>
ST_5 : Operation 172 [1/1] (0.00ns)   --->   "call void (...)* @_ssdm_op_SpecLoopName([31 x i8]* @ReadInputHeight_ReadInputWidth_str)"   --->   Operation 172 'specloopname' <Predicate = (!icmp_ln241)> <Delay = 0.00>
ST_5 : Operation 173 [1/1] (0.00ns)   --->   "%empty_33 = call i32 (...)* @_ssdm_op_SpecLoopTripCount(i64 1024, i64 1024, i64 1024)"   --->   Operation 173 'speclooptripcount' 'empty_33' <Predicate = (!icmp_ln241)> <Delay = 0.00>
ST_5 : Operation 174 [1/1] (0.00ns)   --->   "call void (...)* @_ssdm_op_SpecLoopName([15 x i8]* @p_str18) nounwind" [firmware/nnet_utils/nnet_pooling_stream.h:243->firmware/nnet_utils/nnet_pooling_stream.h:257]   --->   Operation 174 'specloopname' <Predicate = (!icmp_ln241)> <Delay = 0.00>
ST_5 : Operation 175 [1/1] (0.00ns)   --->   "%tmp_s = call i32 (...)* @_ssdm_op_SpecRegionBegin([15 x i8]* @p_str18)" [firmware/nnet_utils/nnet_pooling_stream.h:243->firmware/nnet_utils/nnet_pooling_stream.h:257]   --->   Operation 175 'specregionbegin' 'tmp_s' <Predicate = (!icmp_ln241)> <Delay = 0.00>
ST_5 : Operation 176 [1/1] (0.00ns)   --->   "call void (...)* @_ssdm_op_SpecPipeline(i32 -1, i32 1, i32 1, i32 0, [1 x i8]* @p_str8) nounwind" [firmware/nnet_utils/nnet_pooling_stream.h:245->firmware/nnet_utils/nnet_pooling_stream.h:257]   --->   Operation 176 'specpipeline' <Predicate = (!icmp_ln241)> <Delay = 0.00>
ST_5 : Operation 177 [1/1] (1.95ns)   --->   "%tmp_data_0_V = call i4 @_ssdm_op_Mux.ap_auto.4i4.i2(i4 %pool_window_0_V, i4 %pool_window_1_V, i4 %pool_window_2_V, i4 %pool_window_3_V, i2 %select_ln66_3)" [firmware/nnet_utils/nnet_common.h:66->firmware/nnet_utils/nnet_common.h:46->firmware/nnet_utils/nnet_pooling_stream.h:21->firmware/nnet_utils/nnet_pooling_stream.h:204->firmware/nnet_utils/nnet_pooling_stream.h:247->firmware/nnet_utils/nnet_pooling_stream.h:257]   --->   Operation 177 'mux' 'tmp_data_0_V' <Predicate = (and_ln191_2)> <Delay = 1.95> <Core = "MuxnS">   --->   Core 31 'MuxnS' <Latency = 0> <II = 1> <Delay = 1.95> <FuncUnit> <Opcode : 'mux'> <InPorts = 2> <OutPorts = 1>
ST_5 : Operation 178 [1/1] (1.95ns)   --->   "%tmp_data_1_V = call i4 @_ssdm_op_Mux.ap_auto.4i4.i2(i4 %pool_window_0_V_1, i4 %pool_window_1_V_1, i4 %pool_window_2_V_1, i4 %pool_window_3_V_1, i2 %select_ln66_7)" [firmware/nnet_utils/nnet_common.h:66->firmware/nnet_utils/nnet_common.h:46->firmware/nnet_utils/nnet_pooling_stream.h:21->firmware/nnet_utils/nnet_pooling_stream.h:204->firmware/nnet_utils/nnet_pooling_stream.h:247->firmware/nnet_utils/nnet_pooling_stream.h:257]   --->   Operation 178 'mux' 'tmp_data_1_V' <Predicate = (and_ln191_2)> <Delay = 1.95> <Core = "MuxnS">   --->   Core 31 'MuxnS' <Latency = 0> <II = 1> <Delay = 1.95> <FuncUnit> <Opcode : 'mux'> <InPorts = 2> <OutPorts = 1>
ST_5 : Operation 179 [1/1] (1.95ns)   --->   "%tmp_data_2_V = call i4 @_ssdm_op_Mux.ap_auto.4i4.i2(i4 %pool_window_0_V_2, i4 %pool_window_1_V_2, i4 %pool_window_2_V_2, i4 %pool_window_3_V_2, i2 %select_ln66_11)" [firmware/nnet_utils/nnet_common.h:66->firmware/nnet_utils/nnet_common.h:46->firmware/nnet_utils/nnet_pooling_stream.h:21->firmware/nnet_utils/nnet_pooling_stream.h:204->firmware/nnet_utils/nnet_pooling_stream.h:247->firmware/nnet_utils/nnet_pooling_stream.h:257]   --->   Operation 179 'mux' 'tmp_data_2_V' <Predicate = (and_ln191_2)> <Delay = 1.95> <Core = "MuxnS">   --->   Core 31 'MuxnS' <Latency = 0> <II = 1> <Delay = 1.95> <FuncUnit> <Opcode : 'mux'> <InPorts = 2> <OutPorts = 1>
ST_5 : Operation 180 [1/1] (1.95ns)   --->   "%tmp_data_3_V = call i4 @_ssdm_op_Mux.ap_auto.4i4.i2(i4 %pool_window_0_V_3, i4 %pool_window_1_V_3, i4 %pool_window_2_V_3, i4 %pool_window_3_V_3, i2 %select_ln66_15)" [firmware/nnet_utils/nnet_common.h:66->firmware/nnet_utils/nnet_common.h:46->firmware/nnet_utils/nnet_pooling_stream.h:21->firmware/nnet_utils/nnet_pooling_stream.h:204->firmware/nnet_utils/nnet_pooling_stream.h:247->firmware/nnet_utils/nnet_pooling_stream.h:257]   --->   Operation 180 'mux' 'tmp_data_3_V' <Predicate = (and_ln191_2)> <Delay = 1.95> <Core = "MuxnS">   --->   Core 31 'MuxnS' <Latency = 0> <II = 1> <Delay = 1.95> <FuncUnit> <Opcode : 'mux'> <InPorts = 2> <OutPorts = 1>
ST_5 : Operation 181 [1/1] (1.95ns)   --->   "%tmp_data_4_V = call i4 @_ssdm_op_Mux.ap_auto.4i4.i2(i4 %pool_window_0_V_4, i4 %pool_window_1_V_4, i4 %pool_window_2_V_4, i4 %pool_window_3_V_4, i2 %select_ln66_19)" [firmware/nnet_utils/nnet_common.h:66->firmware/nnet_utils/nnet_common.h:46->firmware/nnet_utils/nnet_pooling_stream.h:21->firmware/nnet_utils/nnet_pooling_stream.h:204->firmware/nnet_utils/nnet_pooling_stream.h:247->firmware/nnet_utils/nnet_pooling_stream.h:257]   --->   Operation 181 'mux' 'tmp_data_4_V' <Predicate = (and_ln191_2)> <Delay = 1.95> <Core = "MuxnS">   --->   Core 31 'MuxnS' <Latency = 0> <II = 1> <Delay = 1.95> <FuncUnit> <Opcode : 'mux'> <InPorts = 2> <OutPorts = 1>
ST_5 : Operation 182 [1/1] (1.95ns)   --->   "%tmp_data_5_V = call i4 @_ssdm_op_Mux.ap_auto.4i4.i2(i4 %pool_window_0_V_5, i4 %pool_window_1_V_5, i4 %pool_window_2_V_5, i4 %pool_window_3_V_5, i2 %select_ln66_23)" [firmware/nnet_utils/nnet_common.h:66->firmware/nnet_utils/nnet_common.h:46->firmware/nnet_utils/nnet_pooling_stream.h:21->firmware/nnet_utils/nnet_pooling_stream.h:204->firmware/nnet_utils/nnet_pooling_stream.h:247->firmware/nnet_utils/nnet_pooling_stream.h:257]   --->   Operation 182 'mux' 'tmp_data_5_V' <Predicate = (and_ln191_2)> <Delay = 1.95> <Core = "MuxnS">   --->   Core 31 'MuxnS' <Latency = 0> <II = 1> <Delay = 1.95> <FuncUnit> <Opcode : 'mux'> <InPorts = 2> <OutPorts = 1>
ST_5 : Operation 183 [1/1] (1.95ns)   --->   "%tmp_data_6_V = call i4 @_ssdm_op_Mux.ap_auto.4i4.i2(i4 %pool_window_0_V_6, i4 %pool_window_1_V_6, i4 %pool_window_2_V_6, i4 %pool_window_3_V_6, i2 %select_ln66_27)" [firmware/nnet_utils/nnet_common.h:66->firmware/nnet_utils/nnet_common.h:46->firmware/nnet_utils/nnet_pooling_stream.h:21->firmware/nnet_utils/nnet_pooling_stream.h:204->firmware/nnet_utils/nnet_pooling_stream.h:247->firmware/nnet_utils/nnet_pooling_stream.h:257]   --->   Operation 183 'mux' 'tmp_data_6_V' <Predicate = (and_ln191_2)> <Delay = 1.95> <Core = "MuxnS">   --->   Core 31 'MuxnS' <Latency = 0> <II = 1> <Delay = 1.95> <FuncUnit> <Opcode : 'mux'> <InPorts = 2> <OutPorts = 1>
ST_5 : Operation 184 [1/1] (1.95ns)   --->   "%tmp_data_7_V = call i4 @_ssdm_op_Mux.ap_auto.4i4.i2(i4 %pool_window_0_V_7, i4 %pool_window_1_V_7, i4 %pool_window_2_V_7, i4 %pool_window_3_V_7, i2 %select_ln66_31)" [firmware/nnet_utils/nnet_common.h:66->firmware/nnet_utils/nnet_common.h:46->firmware/nnet_utils/nnet_pooling_stream.h:21->firmware/nnet_utils/nnet_pooling_stream.h:204->firmware/nnet_utils/nnet_pooling_stream.h:247->firmware/nnet_utils/nnet_pooling_stream.h:257]   --->   Operation 184 'mux' 'tmp_data_7_V' <Predicate = (and_ln191_2)> <Delay = 1.95> <Core = "MuxnS">   --->   Core 31 'MuxnS' <Latency = 0> <II = 1> <Delay = 1.95> <FuncUnit> <Opcode : 'mux'> <InPorts = 2> <OutPorts = 1>
ST_5 : Operation 185 [1/1] (2.18ns)   --->   "call void @_ssdm_op_Write.ap_fifo.volatile.i4P.i4P.i4P.i4P.i4P.i4P.i4P.i4P(i4* %res_V_data_0_V, i4* %res_V_data_1_V, i4* %res_V_data_2_V, i4* %res_V_data_3_V, i4* %res_V_data_4_V, i4* %res_V_data_5_V, i4* %res_V_data_6_V, i4* %res_V_data_7_V, i4 %tmp_data_0_V, i4 %tmp_data_1_V, i4 %tmp_data_2_V, i4 %tmp_data_3_V, i4 %tmp_data_4_V, i4 %tmp_data_5_V, i4 %tmp_data_6_V, i4 %tmp_data_7_V)" [firmware/nnet_utils/nnet_pooling_stream.h:208->firmware/nnet_utils/nnet_pooling_stream.h:247->firmware/nnet_utils/nnet_pooling_stream.h:257]   --->   Operation 185 'write' <Predicate = (and_ln191_2)> <Delay = 2.18> <Core = "FIFO">   --->   Core 32 'FIFO' <Latency = 0> <II = 1> <Delay = 3.63> <Storage> <Opcode : 'read' 'write' 'nbread' 'nbwrite'> <Ports = 0> <Width = 4> <Depth = 3> <FIFO>
ST_5 : Operation 186 [1/1] (0.00ns)   --->   "br label %._crit_edge25.i.i" [firmware/nnet_utils/nnet_pooling_stream.h:209->firmware/nnet_utils/nnet_pooling_stream.h:247->firmware/nnet_utils/nnet_pooling_stream.h:257]   --->   Operation 186 'br' <Predicate = (and_ln191_2)> <Delay = 0.00>
ST_5 : Operation 187 [1/1] (0.00ns)   --->   "%storemerge_i_i = phi i32 [ %select_ln222, %3 ], [ 0, %2 ]" [firmware/nnet_utils/nnet_pooling_stream.h:222->firmware/nnet_utils/nnet_pooling_stream.h:247->firmware/nnet_utils/nnet_pooling_stream.h:257]   --->   Operation 187 'phi' 'storemerge_i_i' <Predicate = (icmp_ln212)> <Delay = 0.00>
ST_5 : Operation 188 [1/1] (0.00ns)   --->   "store i32 %storemerge_i_i, i32* @sY, align 4" [firmware/nnet_utils/nnet_pooling_stream.h:218->firmware/nnet_utils/nnet_pooling_stream.h:247->firmware/nnet_utils/nnet_pooling_stream.h:257]   --->   Operation 188 'store' <Predicate = (icmp_ln212)> <Delay = 0.00>
ST_5 : Operation 189 [1/1] (0.00ns)   --->   "br label %ReadInputWidth_end" [firmware/nnet_utils/nnet_pooling_stream.h:224->firmware/nnet_utils/nnet_pooling_stream.h:247->firmware/nnet_utils/nnet_pooling_stream.h:257]   --->   Operation 189 'br' <Predicate = (icmp_ln212)> <Delay = 0.00>
ST_5 : Operation 190 [1/1] (0.00ns)   --->   "%empty = call i32 (...)* @_ssdm_op_SpecRegionEnd([15 x i8]* @p_str18, i32 %tmp_s)" [firmware/nnet_utils/nnet_pooling_stream.h:248->firmware/nnet_utils/nnet_pooling_stream.h:257]   --->   Operation 190 'specregionend' 'empty' <Predicate = (!icmp_ln241)> <Delay = 0.00>
ST_5 : Operation 191 [1/1] (0.00ns)   --->   "br label %0"   --->   Operation 191 'br' <Predicate = (!icmp_ln241)> <Delay = 0.00>

State 6 <SV = 2> <Delay = 0.00>
ST_6 : Operation 192 [1/1] (0.00ns)   --->   "ret void" [firmware/nnet_utils/nnet_pooling_stream.h:263]   --->   Operation 192 'ret' <Predicate = true> <Delay = 0.00>


============================================================
+ Verbose Summary: Timing violations
============================================================
Target clock period: 5ns, clock uncertainty: 0.625ns.

 <State 1>: 1.77ns
The critical path consists of the following:
	multiplexor before 'phi' operation ('indvar_flatten', firmware/nnet_utils/nnet_pooling_stream.h:241->firmware/nnet_utils/nnet_pooling_stream.h:257) with incoming values : ('add_ln241', firmware/nnet_utils/nnet_pooling_stream.h:241->firmware/nnet_utils/nnet_pooling_stream.h:257) [57]  (1.77 ns)

 <State 2>: 1.88ns
The critical path consists of the following:
	'phi' operation ('indvar_flatten', firmware/nnet_utils/nnet_pooling_stream.h:241->firmware/nnet_utils/nnet_pooling_stream.h:257) with incoming values : ('add_ln241', firmware/nnet_utils/nnet_pooling_stream.h:241->firmware/nnet_utils/nnet_pooling_stream.h:257) [57]  (0 ns)
	'icmp' operation ('icmp_ln241', firmware/nnet_utils/nnet_pooling_stream.h:241->firmware/nnet_utils/nnet_pooling_stream.h:257) [58]  (1.88 ns)

 <State 3>: 4.43ns
The critical path consists of the following:
	'icmp' operation ('icmp_ln212', firmware/nnet_utils/nnet_pooling_stream.h:212->firmware/nnet_utils/nnet_pooling_stream.h:247->firmware/nnet_utils/nnet_pooling_stream.h:257) [204]  (2.47 ns)
	blocking operation 1.96 ns on control path)

 <State 4>: 3.6ns
The critical path consists of the following:
	'load' operation ('pool_window[0].V', firmware/nnet_utils/nnet_conv_stream.h:196->firmware/nnet_utils/nnet_conv_stream.h:247->firmware/nnet_utils/nnet_pooling_stream.h:188->firmware/nnet_utils/nnet_pooling_stream.h:247->firmware/nnet_utils/nnet_pooling_stream.h:257) on static variable 'kernel_data_V_2_8' [84]  (0 ns)
	'icmp' operation ('icmp_ln1496', firmware/nnet_utils/nnet_common.h:66->firmware/nnet_utils/nnet_common.h:44->firmware/nnet_utils/nnet_common.h:46->firmware/nnet_utils/nnet_pooling_stream.h:21->firmware/nnet_utils/nnet_pooling_stream.h:204->firmware/nnet_utils/nnet_pooling_stream.h:247->firmware/nnet_utils/nnet_pooling_stream.h:257) [129]  (1.3 ns)
	'select' operation ('select_ln66', firmware/nnet_utils/nnet_common.h:66->firmware/nnet_utils/nnet_common.h:44->firmware/nnet_utils/nnet_common.h:46->firmware/nnet_utils/nnet_pooling_stream.h:21->firmware/nnet_utils/nnet_pooling_stream.h:204->firmware/nnet_utils/nnet_pooling_stream.h:247->firmware/nnet_utils/nnet_pooling_stream.h:257) [130]  (0 ns)
	'icmp' operation ('icmp_ln1496_2', firmware/nnet_utils/nnet_common.h:66->firmware/nnet_utils/nnet_common.h:46->firmware/nnet_utils/nnet_pooling_stream.h:21->firmware/nnet_utils/nnet_pooling_stream.h:204->firmware/nnet_utils/nnet_pooling_stream.h:247->firmware/nnet_utils/nnet_pooling_stream.h:257) [134]  (1.3 ns)
	'select' operation ('select_ln66_3', firmware/nnet_utils/nnet_common.h:66->firmware/nnet_utils/nnet_common.h:46->firmware/nnet_utils/nnet_pooling_stream.h:21->firmware/nnet_utils/nnet_pooling_stream.h:204->firmware/nnet_utils/nnet_pooling_stream.h:247->firmware/nnet_utils/nnet_pooling_stream.h:257) [136]  (0.993 ns)

 <State 5>: 4.15ns
The critical path consists of the following:
	'mux' operation ('tmp.data[0].V', firmware/nnet_utils/nnet_common.h:66->firmware/nnet_utils/nnet_common.h:46->firmware/nnet_utils/nnet_pooling_stream.h:21->firmware/nnet_utils/nnet_pooling_stream.h:204->firmware/nnet_utils/nnet_pooling_stream.h:247->firmware/nnet_utils/nnet_pooling_stream.h:257) [137]  (1.96 ns)
	fifo write on port 'res_V_data_0_V' (firmware/nnet_utils/nnet_pooling_stream.h:208->firmware/nnet_utils/nnet_pooling_stream.h:247->firmware/nnet_utils/nnet_pooling_stream.h:257) [201]  (2.19 ns)

 <State 6>: 0ns
The critical path consists of the following:


============================================================
+ Verbose Summary: Binding
============================================================
N/A
* FSMD analyzer results:
  - Output states:
 - Input state : 
  - Chain level:
	State 1
	State 2
	State 3
	State 4
	State 5
	State 6


============================================================
+ Verbose Summary: Datapath Resource usage 
============================================================
N/A
