

================================================================
== Vivado HLS Report for 'shift_line_buffer_array_ap_fixed_4_2_5_3_0_4u_config5_s'
================================================================
* Date:           Sun May 25 15:18:14 2025

* Version:        2020.1 (Build 2897737 on Wed May 27 20:21:37 MDT 2020)
* Project:        myproject_prj
* Solution:       solution1
* Product family: zynq
* Target device:  xc7z020-clg400-1


================================================================
== Performance Estimates
================================================================
+ Timing: 
    * Summary: 
    +--------+---------+----------+------------+
    |  Clock |  Target | Estimated| Uncertainty|
    +--------+---------+----------+------------+
    |ap_clk  | 5.00 ns | 3.249 ns |   0.62 ns  |
    +--------+---------+----------+------------+

+ Latency: 
    * Summary: 
    +---------+---------+----------+----------+-----+-----+----------+
    |  Latency (cycles) |  Latency (absolute) |  Interval | Pipeline |
    |   min   |   max   |    min   |    max   | min | max |   Type   |
    +---------+---------+----------+----------+-----+-----+----------+
    |        0|        0|   0 ns   |   0 ns   |    1|    1| function |
    +---------+---------+----------+----------+-----+-----+----------+

    + Detail: 
        * Instance: 
        N/A

        * Loop: 
        N/A

============================================================
+ Verbose Summary: Synthesis Manager
============================================================
InlineROM: 1
ExposeGlobal: 0
============================================================
+ Verbose Summary: CDFG Model
============================================================
IsTopModel: 0
ResetActiveHigh: 1
IsCombinational: 0
IsDatapathOnly: 0
HasWiredReturn: 1
HasMFsm: 2
HasVarLatency: 0
IsPipeline: 1
IsRtlPipelined: 0
IsInstanceOverlapped: 0
IsDontTouch: 0
HasImplIP: 0
IsGatedGlobalClock: 0

+ Individual pipeline summary: 
  * Pipeline-0: initiation interval (II) = 1, depth = 1


============================================================
+ Verbose Summary: Schedule
============================================================
* Number of FSM states : 1
* Pipeline : 1
  Pipeline-0 : II = 1, D = 1, States = { 1 }
* Dataflow Pipeline: 0

* FSM state transitions: 
1 --> 

* FSM state operations: 

State 1 <SV = 0> <Delay = 3.24>
ST_1 : Operation 2 [1/1] (0.00ns)   --->   "%kernel_window_35_V_read_3 = call i4 @_ssdm_op_Read.ap_auto.i4(i4 %kernel_window_35_V_read)" [firmware/nnet_utils/nnet_conv_stream.h:216]   --->   Operation 2 'read' 'kernel_window_35_V_read_3' <Predicate = true> <Delay = 0.00>
ST_1 : Operation 3 [1/1] (0.00ns)   --->   "%kernel_window_34_V_read_3 = call i4 @_ssdm_op_Read.ap_auto.i4(i4 %kernel_window_34_V_read)" [firmware/nnet_utils/nnet_conv_stream.h:216]   --->   Operation 3 'read' 'kernel_window_34_V_read_3' <Predicate = true> <Delay = 0.00>
ST_1 : Operation 4 [1/1] (0.00ns)   --->   "%kernel_window_33_V_read_3 = call i4 @_ssdm_op_Read.ap_auto.i4(i4 %kernel_window_33_V_read)" [firmware/nnet_utils/nnet_conv_stream.h:216]   --->   Operation 4 'read' 'kernel_window_33_V_read_3' <Predicate = true> <Delay = 0.00>
ST_1 : Operation 5 [1/1] (0.00ns)   --->   "%kernel_window_32_V_read_3 = call i4 @_ssdm_op_Read.ap_auto.i4(i4 %kernel_window_32_V_read)" [firmware/nnet_utils/nnet_conv_stream.h:216]   --->   Operation 5 'read' 'kernel_window_32_V_read_3' <Predicate = true> <Delay = 0.00>
ST_1 : Operation 6 [1/1] (0.00ns)   --->   "%kernel_window_31_V_read_2 = call i4 @_ssdm_op_Read.ap_auto.i4(i4 %kernel_window_31_V_read)" [firmware/nnet_utils/nnet_conv_stream.h:216]   --->   Operation 6 'read' 'kernel_window_31_V_read_2' <Predicate = true> <Delay = 0.00>
ST_1 : Operation 7 [1/1] (0.00ns)   --->   "%kernel_window_30_V_read_2 = call i4 @_ssdm_op_Read.ap_auto.i4(i4 %kernel_window_30_V_read)" [firmware/nnet_utils/nnet_conv_stream.h:216]   --->   Operation 7 'read' 'kernel_window_30_V_read_2' <Predicate = true> <Delay = 0.00>
ST_1 : Operation 8 [1/1] (0.00ns)   --->   "%kernel_window_29_V_read_2 = call i4 @_ssdm_op_Read.ap_auto.i4(i4 %kernel_window_29_V_read)" [firmware/nnet_utils/nnet_conv_stream.h:216]   --->   Operation 8 'read' 'kernel_window_29_V_read_2' <Predicate = true> <Delay = 0.00>
ST_1 : Operation 9 [1/1] (0.00ns)   --->   "%kernel_window_28_V_read_2 = call i4 @_ssdm_op_Read.ap_auto.i4(i4 %kernel_window_28_V_read)" [firmware/nnet_utils/nnet_conv_stream.h:216]   --->   Operation 9 'read' 'kernel_window_28_V_read_2' <Predicate = true> <Delay = 0.00>
ST_1 : Operation 10 [1/1] (0.00ns)   --->   "%kernel_window_23_V_read_3 = call i4 @_ssdm_op_Read.ap_auto.i4(i4 %kernel_window_23_V_read)" [firmware/nnet_utils/nnet_conv_stream.h:216]   --->   Operation 10 'read' 'kernel_window_23_V_read_3' <Predicate = true> <Delay = 0.00>
ST_1 : Operation 11 [1/1] (0.00ns)   --->   "%kernel_window_22_V_read_3 = call i4 @_ssdm_op_Read.ap_auto.i4(i4 %kernel_window_22_V_read)" [firmware/nnet_utils/nnet_conv_stream.h:216]   --->   Operation 11 'read' 'kernel_window_22_V_read_3' <Predicate = true> <Delay = 0.00>
ST_1 : Operation 12 [1/1] (0.00ns)   --->   "%kernel_window_21_V_read_3 = call i4 @_ssdm_op_Read.ap_auto.i4(i4 %kernel_window_21_V_read)" [firmware/nnet_utils/nnet_conv_stream.h:216]   --->   Operation 12 'read' 'kernel_window_21_V_read_3' <Predicate = true> <Delay = 0.00>
ST_1 : Operation 13 [1/1] (0.00ns)   --->   "%kernel_window_20_V_read_3 = call i4 @_ssdm_op_Read.ap_auto.i4(i4 %kernel_window_20_V_read)" [firmware/nnet_utils/nnet_conv_stream.h:216]   --->   Operation 13 'read' 'kernel_window_20_V_read_3' <Predicate = true> <Delay = 0.00>
ST_1 : Operation 14 [1/1] (0.00ns)   --->   "%kernel_window_19_V_read_3 = call i4 @_ssdm_op_Read.ap_auto.i4(i4 %kernel_window_19_V_read)" [firmware/nnet_utils/nnet_conv_stream.h:216]   --->   Operation 14 'read' 'kernel_window_19_V_read_3' <Predicate = true> <Delay = 0.00>
ST_1 : Operation 15 [1/1] (0.00ns)   --->   "%kernel_window_18_V_read_3 = call i4 @_ssdm_op_Read.ap_auto.i4(i4 %kernel_window_18_V_read)" [firmware/nnet_utils/nnet_conv_stream.h:216]   --->   Operation 15 'read' 'kernel_window_18_V_read_3' <Predicate = true> <Delay = 0.00>
ST_1 : Operation 16 [1/1] (0.00ns)   --->   "%kernel_window_17_V_read_3 = call i4 @_ssdm_op_Read.ap_auto.i4(i4 %kernel_window_17_V_read)" [firmware/nnet_utils/nnet_conv_stream.h:216]   --->   Operation 16 'read' 'kernel_window_17_V_read_3' <Predicate = true> <Delay = 0.00>
ST_1 : Operation 17 [1/1] (0.00ns)   --->   "%kernel_window_16_V_read_3 = call i4 @_ssdm_op_Read.ap_auto.i4(i4 %kernel_window_16_V_read)" [firmware/nnet_utils/nnet_conv_stream.h:216]   --->   Operation 17 'read' 'kernel_window_16_V_read_3' <Predicate = true> <Delay = 0.00>
ST_1 : Operation 18 [1/1] (0.00ns)   --->   "%kernel_window_11_V_read_3 = call i4 @_ssdm_op_Read.ap_auto.i4(i4 %kernel_window_11_V_read)" [firmware/nnet_utils/nnet_conv_stream.h:216]   --->   Operation 18 'read' 'kernel_window_11_V_read_3' <Predicate = true> <Delay = 0.00>
ST_1 : Operation 19 [1/1] (0.00ns)   --->   "%kernel_window_10_V_read_3 = call i4 @_ssdm_op_Read.ap_auto.i4(i4 %kernel_window_10_V_read)" [firmware/nnet_utils/nnet_conv_stream.h:216]   --->   Operation 19 'read' 'kernel_window_10_V_read_3' <Predicate = true> <Delay = 0.00>
ST_1 : Operation 20 [1/1] (0.00ns)   --->   "%kernel_window_9_V_read_3 = call i4 @_ssdm_op_Read.ap_auto.i4(i4 %kernel_window_9_V_read)" [firmware/nnet_utils/nnet_conv_stream.h:216]   --->   Operation 20 'read' 'kernel_window_9_V_read_3' <Predicate = true> <Delay = 0.00>
ST_1 : Operation 21 [1/1] (0.00ns)   --->   "%kernel_window_8_V_read_3 = call i4 @_ssdm_op_Read.ap_auto.i4(i4 %kernel_window_8_V_read)" [firmware/nnet_utils/nnet_conv_stream.h:216]   --->   Operation 21 'read' 'kernel_window_8_V_read_3' <Predicate = true> <Delay = 0.00>
ST_1 : Operation 22 [1/1] (0.00ns)   --->   "%kernel_window_7_V_read_2 = call i4 @_ssdm_op_Read.ap_auto.i4(i4 %kernel_window_7_V_read)" [firmware/nnet_utils/nnet_conv_stream.h:216]   --->   Operation 22 'read' 'kernel_window_7_V_read_2' <Predicate = true> <Delay = 0.00>
ST_1 : Operation 23 [1/1] (0.00ns)   --->   "%kernel_window_6_V_read_2 = call i4 @_ssdm_op_Read.ap_auto.i4(i4 %kernel_window_6_V_read)" [firmware/nnet_utils/nnet_conv_stream.h:216]   --->   Operation 23 'read' 'kernel_window_6_V_read_2' <Predicate = true> <Delay = 0.00>
ST_1 : Operation 24 [1/1] (0.00ns)   --->   "%kernel_window_5_V_read_2 = call i4 @_ssdm_op_Read.ap_auto.i4(i4 %kernel_window_5_V_read)" [firmware/nnet_utils/nnet_conv_stream.h:216]   --->   Operation 24 'read' 'kernel_window_5_V_read_2' <Predicate = true> <Delay = 0.00>
ST_1 : Operation 25 [1/1] (0.00ns)   --->   "%kernel_window_4_V_read_2 = call i4 @_ssdm_op_Read.ap_auto.i4(i4 %kernel_window_4_V_read)" [firmware/nnet_utils/nnet_conv_stream.h:216]   --->   Operation 25 'read' 'kernel_window_4_V_read_2' <Predicate = true> <Delay = 0.00>
ST_1 : Operation 26 [1/1] (0.00ns)   --->   "%in_elem_data_3_V_read_3 = call i4 @_ssdm_op_Read.ap_auto.i4(i4 %in_elem_data_3_V_read)" [firmware/nnet_utils/nnet_conv_stream.h:216]   --->   Operation 26 'read' 'in_elem_data_3_V_read_3' <Predicate = true> <Delay = 0.00>
ST_1 : Operation 27 [1/1] (0.00ns)   --->   "%in_elem_data_2_V_read_3 = call i4 @_ssdm_op_Read.ap_auto.i4(i4 %in_elem_data_2_V_read)" [firmware/nnet_utils/nnet_conv_stream.h:216]   --->   Operation 27 'read' 'in_elem_data_2_V_read_3' <Predicate = true> <Delay = 0.00>
ST_1 : Operation 28 [1/1] (0.00ns)   --->   "%in_elem_data_1_V_read_3 = call i4 @_ssdm_op_Read.ap_auto.i4(i4 %in_elem_data_1_V_read)" [firmware/nnet_utils/nnet_conv_stream.h:216]   --->   Operation 28 'read' 'in_elem_data_1_V_read_3' <Predicate = true> <Delay = 0.00>
ST_1 : Operation 29 [1/1] (0.00ns)   --->   "%in_elem_data_0_V_read_3 = call i4 @_ssdm_op_Read.ap_auto.i4(i4 %in_elem_data_0_V_read)" [firmware/nnet_utils/nnet_conv_stream.h:216]   --->   Operation 29 'read' 'in_elem_data_0_V_read_3' <Predicate = true> <Delay = 0.00>
ST_1 : Operation 30 [1/1] (0.00ns)   --->   "call void (...)* @_ssdm_op_SpecPipeline(i32 -1, i32 1, i32 1, i32 0, [1 x i8]* @p_str35) nounwind" [firmware/nnet_utils/nnet_conv_stream.h:221]   --->   Operation 30 'specpipeline' <Predicate = true> <Delay = 0.00>
ST_1 : Operation 31 [1/1] (1.62ns)   --->   "%DataOut_V_52 = call i4 @"_ssdm_op_MemShiftRead.[66 x i4]P"(i4* getelementptr inbounds ([66 x i4]* @line_buffer_Array_V_5_0_0, i64 0, i64 65), i4 %in_elem_data_0_V_read_3, i1 true)" [firmware/nnet_utils/nnet_conv_stream.h:241]   --->   Operation 31 'memshiftread' 'DataOut_V_52' <Predicate = true> <Delay = 1.62> <Core = "ShiftReg">   --->   Core 33 'ShiftReg' <Latency = 0> <II = 1> <Delay = 1.62> <Storage> <Opcode : 'memshiftread' 'load'> <Ports = 1> <Width = 4> <Depth = 66> <ShiftMem>
ST_1 : Operation 32 [1/1] (1.62ns)   --->   "%DataOut_V_53 = call i4 @"_ssdm_op_MemShiftRead.[66 x i4]P"(i4* getelementptr inbounds ([66 x i4]* @line_buffer_Array_V_5_1_0, i64 0, i64 65), i4 %DataOut_V_52, i1 true)" [firmware/nnet_utils/nnet_conv_stream.h:241]   --->   Operation 32 'memshiftread' 'DataOut_V_53' <Predicate = true> <Delay = 1.62> <Core = "ShiftReg">   --->   Core 33 'ShiftReg' <Latency = 0> <II = 1> <Delay = 1.62> <Storage> <Opcode : 'memshiftread' 'load'> <Ports = 1> <Width = 4> <Depth = 66> <ShiftMem>
ST_1 : Operation 33 [1/1] (1.62ns)   --->   "%DataOut_V_54 = call i4 @"_ssdm_op_MemShiftRead.[66 x i4]P"(i4* getelementptr inbounds ([66 x i4]* @line_buffer_Array_V_5_0_1, i64 0, i64 65), i4 %in_elem_data_1_V_read_3, i1 true)" [firmware/nnet_utils/nnet_conv_stream.h:241]   --->   Operation 33 'memshiftread' 'DataOut_V_54' <Predicate = true> <Delay = 1.62> <Core = "ShiftReg">   --->   Core 33 'ShiftReg' <Latency = 0> <II = 1> <Delay = 1.62> <Storage> <Opcode : 'memshiftread' 'load'> <Ports = 1> <Width = 4> <Depth = 66> <ShiftMem>
ST_1 : Operation 34 [1/1] (1.62ns)   --->   "%DataOut_V_55 = call i4 @"_ssdm_op_MemShiftRead.[66 x i4]P"(i4* getelementptr inbounds ([66 x i4]* @line_buffer_Array_V_5_1_1, i64 0, i64 65), i4 %DataOut_V_54, i1 true)" [firmware/nnet_utils/nnet_conv_stream.h:241]   --->   Operation 34 'memshiftread' 'DataOut_V_55' <Predicate = true> <Delay = 1.62> <Core = "ShiftReg">   --->   Core 33 'ShiftReg' <Latency = 0> <II = 1> <Delay = 1.62> <Storage> <Opcode : 'memshiftread' 'load'> <Ports = 1> <Width = 4> <Depth = 66> <ShiftMem>
ST_1 : Operation 35 [1/1] (1.62ns)   --->   "%DataOut_V_56 = call i4 @"_ssdm_op_MemShiftRead.[66 x i4]P"(i4* getelementptr inbounds ([66 x i4]* @line_buffer_Array_V_5_0_2, i64 0, i64 65), i4 %in_elem_data_2_V_read_3, i1 true)" [firmware/nnet_utils/nnet_conv_stream.h:241]   --->   Operation 35 'memshiftread' 'DataOut_V_56' <Predicate = true> <Delay = 1.62> <Core = "ShiftReg">   --->   Core 33 'ShiftReg' <Latency = 0> <II = 1> <Delay = 1.62> <Storage> <Opcode : 'memshiftread' 'load'> <Ports = 1> <Width = 4> <Depth = 66> <ShiftMem>
ST_1 : Operation 36 [1/1] (1.62ns)   --->   "%DataOut_V_57 = call i4 @"_ssdm_op_MemShiftRead.[66 x i4]P"(i4* getelementptr inbounds ([66 x i4]* @line_buffer_Array_V_5_1_2, i64 0, i64 65), i4 %DataOut_V_56, i1 true)" [firmware/nnet_utils/nnet_conv_stream.h:241]   --->   Operation 36 'memshiftread' 'DataOut_V_57' <Predicate = true> <Delay = 1.62> <Core = "ShiftReg">   --->   Core 33 'ShiftReg' <Latency = 0> <II = 1> <Delay = 1.62> <Storage> <Opcode : 'memshiftread' 'load'> <Ports = 1> <Width = 4> <Depth = 66> <ShiftMem>
ST_1 : Operation 37 [1/1] (1.62ns)   --->   "%DataOut_V_58 = call i4 @"_ssdm_op_MemShiftRead.[66 x i4]P"(i4* getelementptr inbounds ([66 x i4]* @line_buffer_Array_V_5_0_3, i64 0, i64 65), i4 %in_elem_data_3_V_read_3, i1 true)" [firmware/nnet_utils/nnet_conv_stream.h:241]   --->   Operation 37 'memshiftread' 'DataOut_V_58' <Predicate = true> <Delay = 1.62> <Core = "ShiftReg">   --->   Core 33 'ShiftReg' <Latency = 0> <II = 1> <Delay = 1.62> <Storage> <Opcode : 'memshiftread' 'load'> <Ports = 1> <Width = 4> <Depth = 66> <ShiftMem>
ST_1 : Operation 38 [1/1] (1.62ns)   --->   "%DataOut_V = call i4 @"_ssdm_op_MemShiftRead.[66 x i4]P"(i4* getelementptr inbounds ([66 x i4]* @line_buffer_Array_V_5_1_3, i64 0, i64 65), i4 %DataOut_V_58, i1 true)" [firmware/nnet_utils/nnet_conv_stream.h:241]   --->   Operation 38 'memshiftread' 'DataOut_V' <Predicate = true> <Delay = 1.62> <Core = "ShiftReg">   --->   Core 33 'ShiftReg' <Latency = 0> <II = 1> <Delay = 1.62> <Storage> <Opcode : 'memshiftread' 'load'> <Ports = 1> <Width = 4> <Depth = 66> <ShiftMem>
ST_1 : Operation 39 [1/1] (0.00ns)   --->   "%mrv_s = insertvalue { i4, i4, i4, i4, i4, i4, i4, i4, i4, i4, i4, i4, i4, i4, i4, i4, i4, i4, i4, i4, i4, i4, i4, i4, i4, i4, i4, i4, i4, i4, i4, i4, i4, i4, i4, i4 } undef, i4 %kernel_window_4_V_read_2, 0" [firmware/nnet_utils/nnet_conv_stream.h:248]   --->   Operation 39 'insertvalue' 'mrv_s' <Predicate = true> <Delay = 0.00>
ST_1 : Operation 40 [1/1] (0.00ns)   --->   "%mrv_36 = insertvalue { i4, i4, i4, i4, i4, i4, i4, i4, i4, i4, i4, i4, i4, i4, i4, i4, i4, i4, i4, i4, i4, i4, i4, i4, i4, i4, i4, i4, i4, i4, i4, i4, i4, i4, i4, i4 } %mrv_s, i4 %kernel_window_5_V_read_2, 1" [firmware/nnet_utils/nnet_conv_stream.h:248]   --->   Operation 40 'insertvalue' 'mrv_36' <Predicate = true> <Delay = 0.00>
ST_1 : Operation 41 [1/1] (0.00ns)   --->   "%mrv_37 = insertvalue { i4, i4, i4, i4, i4, i4, i4, i4, i4, i4, i4, i4, i4, i4, i4, i4, i4, i4, i4, i4, i4, i4, i4, i4, i4, i4, i4, i4, i4, i4, i4, i4, i4, i4, i4, i4 } %mrv_36, i4 %kernel_window_6_V_read_2, 2" [firmware/nnet_utils/nnet_conv_stream.h:248]   --->   Operation 41 'insertvalue' 'mrv_37' <Predicate = true> <Delay = 0.00>
ST_1 : Operation 42 [1/1] (0.00ns)   --->   "%mrv_38 = insertvalue { i4, i4, i4, i4, i4, i4, i4, i4, i4, i4, i4, i4, i4, i4, i4, i4, i4, i4, i4, i4, i4, i4, i4, i4, i4, i4, i4, i4, i4, i4, i4, i4, i4, i4, i4, i4 } %mrv_37, i4 %kernel_window_7_V_read_2, 3" [firmware/nnet_utils/nnet_conv_stream.h:248]   --->   Operation 42 'insertvalue' 'mrv_38' <Predicate = true> <Delay = 0.00>
ST_1 : Operation 43 [1/1] (0.00ns)   --->   "%mrv_39 = insertvalue { i4, i4, i4, i4, i4, i4, i4, i4, i4, i4, i4, i4, i4, i4, i4, i4, i4, i4, i4, i4, i4, i4, i4, i4, i4, i4, i4, i4, i4, i4, i4, i4, i4, i4, i4, i4 } %mrv_38, i4 %kernel_window_16_V_read_3, 4" [firmware/nnet_utils/nnet_conv_stream.h:248]   --->   Operation 43 'insertvalue' 'mrv_39' <Predicate = true> <Delay = 0.00>
ST_1 : Operation 44 [1/1] (0.00ns)   --->   "%mrv_40 = insertvalue { i4, i4, i4, i4, i4, i4, i4, i4, i4, i4, i4, i4, i4, i4, i4, i4, i4, i4, i4, i4, i4, i4, i4, i4, i4, i4, i4, i4, i4, i4, i4, i4, i4, i4, i4, i4 } %mrv_39, i4 %kernel_window_17_V_read_3, 5" [firmware/nnet_utils/nnet_conv_stream.h:248]   --->   Operation 44 'insertvalue' 'mrv_40' <Predicate = true> <Delay = 0.00>
ST_1 : Operation 45 [1/1] (0.00ns)   --->   "%mrv_41 = insertvalue { i4, i4, i4, i4, i4, i4, i4, i4, i4, i4, i4, i4, i4, i4, i4, i4, i4, i4, i4, i4, i4, i4, i4, i4, i4, i4, i4, i4, i4, i4, i4, i4, i4, i4, i4, i4 } %mrv_40, i4 %kernel_window_18_V_read_3, 6" [firmware/nnet_utils/nnet_conv_stream.h:248]   --->   Operation 45 'insertvalue' 'mrv_41' <Predicate = true> <Delay = 0.00>
ST_1 : Operation 46 [1/1] (0.00ns)   --->   "%mrv_42 = insertvalue { i4, i4, i4, i4, i4, i4, i4, i4, i4, i4, i4, i4, i4, i4, i4, i4, i4, i4, i4, i4, i4, i4, i4, i4, i4, i4, i4, i4, i4, i4, i4, i4, i4, i4, i4, i4 } %mrv_41, i4 %kernel_window_19_V_read_3, 7" [firmware/nnet_utils/nnet_conv_stream.h:248]   --->   Operation 46 'insertvalue' 'mrv_42' <Predicate = true> <Delay = 0.00>
ST_1 : Operation 47 [1/1] (0.00ns)   --->   "%mrv_43 = insertvalue { i4, i4, i4, i4, i4, i4, i4, i4, i4, i4, i4, i4, i4, i4, i4, i4, i4, i4, i4, i4, i4, i4, i4, i4, i4, i4, i4, i4, i4, i4, i4, i4, i4, i4, i4, i4 } %mrv_42, i4 %kernel_window_28_V_read_2, 8" [firmware/nnet_utils/nnet_conv_stream.h:248]   --->   Operation 47 'insertvalue' 'mrv_43' <Predicate = true> <Delay = 0.00>
ST_1 : Operation 48 [1/1] (0.00ns)   --->   "%mrv_44 = insertvalue { i4, i4, i4, i4, i4, i4, i4, i4, i4, i4, i4, i4, i4, i4, i4, i4, i4, i4, i4, i4, i4, i4, i4, i4, i4, i4, i4, i4, i4, i4, i4, i4, i4, i4, i4, i4 } %mrv_43, i4 %kernel_window_29_V_read_2, 9" [firmware/nnet_utils/nnet_conv_stream.h:248]   --->   Operation 48 'insertvalue' 'mrv_44' <Predicate = true> <Delay = 0.00>
ST_1 : Operation 49 [1/1] (0.00ns)   --->   "%mrv_45 = insertvalue { i4, i4, i4, i4, i4, i4, i4, i4, i4, i4, i4, i4, i4, i4, i4, i4, i4, i4, i4, i4, i4, i4, i4, i4, i4, i4, i4, i4, i4, i4, i4, i4, i4, i4, i4, i4 } %mrv_44, i4 %kernel_window_30_V_read_2, 10" [firmware/nnet_utils/nnet_conv_stream.h:248]   --->   Operation 49 'insertvalue' 'mrv_45' <Predicate = true> <Delay = 0.00>
ST_1 : Operation 50 [1/1] (0.00ns)   --->   "%mrv_46 = insertvalue { i4, i4, i4, i4, i4, i4, i4, i4, i4, i4, i4, i4, i4, i4, i4, i4, i4, i4, i4, i4, i4, i4, i4, i4, i4, i4, i4, i4, i4, i4, i4, i4, i4, i4, i4, i4 } %mrv_45, i4 %kernel_window_31_V_read_2, 11" [firmware/nnet_utils/nnet_conv_stream.h:248]   --->   Operation 50 'insertvalue' 'mrv_46' <Predicate = true> <Delay = 0.00>
ST_1 : Operation 51 [1/1] (0.00ns)   --->   "%mrv_12 = insertvalue { i4, i4, i4, i4, i4, i4, i4, i4, i4, i4, i4, i4, i4, i4, i4, i4, i4, i4, i4, i4, i4, i4, i4, i4, i4, i4, i4, i4, i4, i4, i4, i4, i4, i4, i4, i4 } %mrv_46, i4 %kernel_window_8_V_read_3, 12" [firmware/nnet_utils/nnet_conv_stream.h:248]   --->   Operation 51 'insertvalue' 'mrv_12' <Predicate = true> <Delay = 0.00>
ST_1 : Operation 52 [1/1] (0.00ns)   --->   "%mrv_13 = insertvalue { i4, i4, i4, i4, i4, i4, i4, i4, i4, i4, i4, i4, i4, i4, i4, i4, i4, i4, i4, i4, i4, i4, i4, i4, i4, i4, i4, i4, i4, i4, i4, i4, i4, i4, i4, i4 } %mrv_12, i4 %kernel_window_9_V_read_3, 13" [firmware/nnet_utils/nnet_conv_stream.h:248]   --->   Operation 52 'insertvalue' 'mrv_13' <Predicate = true> <Delay = 0.00>
ST_1 : Operation 53 [1/1] (0.00ns)   --->   "%mrv_14 = insertvalue { i4, i4, i4, i4, i4, i4, i4, i4, i4, i4, i4, i4, i4, i4, i4, i4, i4, i4, i4, i4, i4, i4, i4, i4, i4, i4, i4, i4, i4, i4, i4, i4, i4, i4, i4, i4 } %mrv_13, i4 %kernel_window_10_V_read_3, 14" [firmware/nnet_utils/nnet_conv_stream.h:248]   --->   Operation 53 'insertvalue' 'mrv_14' <Predicate = true> <Delay = 0.00>
ST_1 : Operation 54 [1/1] (0.00ns)   --->   "%mrv_15 = insertvalue { i4, i4, i4, i4, i4, i4, i4, i4, i4, i4, i4, i4, i4, i4, i4, i4, i4, i4, i4, i4, i4, i4, i4, i4, i4, i4, i4, i4, i4, i4, i4, i4, i4, i4, i4, i4 } %mrv_14, i4 %kernel_window_11_V_read_3, 15" [firmware/nnet_utils/nnet_conv_stream.h:248]   --->   Operation 54 'insertvalue' 'mrv_15' <Predicate = true> <Delay = 0.00>
ST_1 : Operation 55 [1/1] (0.00ns)   --->   "%mrv_16 = insertvalue { i4, i4, i4, i4, i4, i4, i4, i4, i4, i4, i4, i4, i4, i4, i4, i4, i4, i4, i4, i4, i4, i4, i4, i4, i4, i4, i4, i4, i4, i4, i4, i4, i4, i4, i4, i4 } %mrv_15, i4 %DataOut_V_53, 16" [firmware/nnet_utils/nnet_conv_stream.h:248]   --->   Operation 55 'insertvalue' 'mrv_16' <Predicate = true> <Delay = 0.00>
ST_1 : Operation 56 [1/1] (0.00ns)   --->   "%mrv_17 = insertvalue { i4, i4, i4, i4, i4, i4, i4, i4, i4, i4, i4, i4, i4, i4, i4, i4, i4, i4, i4, i4, i4, i4, i4, i4, i4, i4, i4, i4, i4, i4, i4, i4, i4, i4, i4, i4 } %mrv_16, i4 %DataOut_V_55, 17" [firmware/nnet_utils/nnet_conv_stream.h:248]   --->   Operation 56 'insertvalue' 'mrv_17' <Predicate = true> <Delay = 0.00>
ST_1 : Operation 57 [1/1] (0.00ns)   --->   "%mrv_18 = insertvalue { i4, i4, i4, i4, i4, i4, i4, i4, i4, i4, i4, i4, i4, i4, i4, i4, i4, i4, i4, i4, i4, i4, i4, i4, i4, i4, i4, i4, i4, i4, i4, i4, i4, i4, i4, i4 } %mrv_17, i4 %DataOut_V_57, 18" [firmware/nnet_utils/nnet_conv_stream.h:248]   --->   Operation 57 'insertvalue' 'mrv_18' <Predicate = true> <Delay = 0.00>
ST_1 : Operation 58 [1/1] (0.00ns)   --->   "%mrv_19 = insertvalue { i4, i4, i4, i4, i4, i4, i4, i4, i4, i4, i4, i4, i4, i4, i4, i4, i4, i4, i4, i4, i4, i4, i4, i4, i4, i4, i4, i4, i4, i4, i4, i4, i4, i4, i4, i4 } %mrv_18, i4 %DataOut_V, 19" [firmware/nnet_utils/nnet_conv_stream.h:248]   --->   Operation 58 'insertvalue' 'mrv_19' <Predicate = true> <Delay = 0.00>
ST_1 : Operation 59 [1/1] (0.00ns)   --->   "%mrv_20 = insertvalue { i4, i4, i4, i4, i4, i4, i4, i4, i4, i4, i4, i4, i4, i4, i4, i4, i4, i4, i4, i4, i4, i4, i4, i4, i4, i4, i4, i4, i4, i4, i4, i4, i4, i4, i4, i4 } %mrv_19, i4 %kernel_window_20_V_read_3, 20" [firmware/nnet_utils/nnet_conv_stream.h:248]   --->   Operation 59 'insertvalue' 'mrv_20' <Predicate = true> <Delay = 0.00>
ST_1 : Operation 60 [1/1] (0.00ns)   --->   "%mrv_21 = insertvalue { i4, i4, i4, i4, i4, i4, i4, i4, i4, i4, i4, i4, i4, i4, i4, i4, i4, i4, i4, i4, i4, i4, i4, i4, i4, i4, i4, i4, i4, i4, i4, i4, i4, i4, i4, i4 } %mrv_20, i4 %kernel_window_21_V_read_3, 21" [firmware/nnet_utils/nnet_conv_stream.h:248]   --->   Operation 60 'insertvalue' 'mrv_21' <Predicate = true> <Delay = 0.00>
ST_1 : Operation 61 [1/1] (0.00ns)   --->   "%mrv_22 = insertvalue { i4, i4, i4, i4, i4, i4, i4, i4, i4, i4, i4, i4, i4, i4, i4, i4, i4, i4, i4, i4, i4, i4, i4, i4, i4, i4, i4, i4, i4, i4, i4, i4, i4, i4, i4, i4 } %mrv_21, i4 %kernel_window_22_V_read_3, 22" [firmware/nnet_utils/nnet_conv_stream.h:248]   --->   Operation 61 'insertvalue' 'mrv_22' <Predicate = true> <Delay = 0.00>
ST_1 : Operation 62 [1/1] (0.00ns)   --->   "%mrv_23 = insertvalue { i4, i4, i4, i4, i4, i4, i4, i4, i4, i4, i4, i4, i4, i4, i4, i4, i4, i4, i4, i4, i4, i4, i4, i4, i4, i4, i4, i4, i4, i4, i4, i4, i4, i4, i4, i4 } %mrv_22, i4 %kernel_window_23_V_read_3, 23" [firmware/nnet_utils/nnet_conv_stream.h:248]   --->   Operation 62 'insertvalue' 'mrv_23' <Predicate = true> <Delay = 0.00>
ST_1 : Operation 63 [1/1] (0.00ns)   --->   "%mrv_24 = insertvalue { i4, i4, i4, i4, i4, i4, i4, i4, i4, i4, i4, i4, i4, i4, i4, i4, i4, i4, i4, i4, i4, i4, i4, i4, i4, i4, i4, i4, i4, i4, i4, i4, i4, i4, i4, i4 } %mrv_23, i4 %DataOut_V_52, 24" [firmware/nnet_utils/nnet_conv_stream.h:248]   --->   Operation 63 'insertvalue' 'mrv_24' <Predicate = true> <Delay = 0.00>
ST_1 : Operation 64 [1/1] (0.00ns)   --->   "%mrv_25 = insertvalue { i4, i4, i4, i4, i4, i4, i4, i4, i4, i4, i4, i4, i4, i4, i4, i4, i4, i4, i4, i4, i4, i4, i4, i4, i4, i4, i4, i4, i4, i4, i4, i4, i4, i4, i4, i4 } %mrv_24, i4 %DataOut_V_54, 25" [firmware/nnet_utils/nnet_conv_stream.h:248]   --->   Operation 64 'insertvalue' 'mrv_25' <Predicate = true> <Delay = 0.00>
ST_1 : Operation 65 [1/1] (0.00ns)   --->   "%mrv_26 = insertvalue { i4, i4, i4, i4, i4, i4, i4, i4, i4, i4, i4, i4, i4, i4, i4, i4, i4, i4, i4, i4, i4, i4, i4, i4, i4, i4, i4, i4, i4, i4, i4, i4, i4, i4, i4, i4 } %mrv_25, i4 %DataOut_V_56, 26" [firmware/nnet_utils/nnet_conv_stream.h:248]   --->   Operation 65 'insertvalue' 'mrv_26' <Predicate = true> <Delay = 0.00>
ST_1 : Operation 66 [1/1] (0.00ns)   --->   "%mrv_27 = insertvalue { i4, i4, i4, i4, i4, i4, i4, i4, i4, i4, i4, i4, i4, i4, i4, i4, i4, i4, i4, i4, i4, i4, i4, i4, i4, i4, i4, i4, i4, i4, i4, i4, i4, i4, i4, i4 } %mrv_26, i4 %DataOut_V_58, 27" [firmware/nnet_utils/nnet_conv_stream.h:248]   --->   Operation 66 'insertvalue' 'mrv_27' <Predicate = true> <Delay = 0.00>
ST_1 : Operation 67 [1/1] (0.00ns)   --->   "%mrv_28 = insertvalue { i4, i4, i4, i4, i4, i4, i4, i4, i4, i4, i4, i4, i4, i4, i4, i4, i4, i4, i4, i4, i4, i4, i4, i4, i4, i4, i4, i4, i4, i4, i4, i4, i4, i4, i4, i4 } %mrv_27, i4 %kernel_window_32_V_read_3, 28" [firmware/nnet_utils/nnet_conv_stream.h:248]   --->   Operation 67 'insertvalue' 'mrv_28' <Predicate = true> <Delay = 0.00>
ST_1 : Operation 68 [1/1] (0.00ns)   --->   "%mrv_29 = insertvalue { i4, i4, i4, i4, i4, i4, i4, i4, i4, i4, i4, i4, i4, i4, i4, i4, i4, i4, i4, i4, i4, i4, i4, i4, i4, i4, i4, i4, i4, i4, i4, i4, i4, i4, i4, i4 } %mrv_28, i4 %kernel_window_33_V_read_3, 29" [firmware/nnet_utils/nnet_conv_stream.h:248]   --->   Operation 68 'insertvalue' 'mrv_29' <Predicate = true> <Delay = 0.00>
ST_1 : Operation 69 [1/1] (0.00ns)   --->   "%mrv_30 = insertvalue { i4, i4, i4, i4, i4, i4, i4, i4, i4, i4, i4, i4, i4, i4, i4, i4, i4, i4, i4, i4, i4, i4, i4, i4, i4, i4, i4, i4, i4, i4, i4, i4, i4, i4, i4, i4 } %mrv_29, i4 %kernel_window_34_V_read_3, 30" [firmware/nnet_utils/nnet_conv_stream.h:248]   --->   Operation 69 'insertvalue' 'mrv_30' <Predicate = true> <Delay = 0.00>
ST_1 : Operation 70 [1/1] (0.00ns)   --->   "%mrv_31 = insertvalue { i4, i4, i4, i4, i4, i4, i4, i4, i4, i4, i4, i4, i4, i4, i4, i4, i4, i4, i4, i4, i4, i4, i4, i4, i4, i4, i4, i4, i4, i4, i4, i4, i4, i4, i4, i4 } %mrv_30, i4 %kernel_window_35_V_read_3, 31" [firmware/nnet_utils/nnet_conv_stream.h:248]   --->   Operation 70 'insertvalue' 'mrv_31' <Predicate = true> <Delay = 0.00>
ST_1 : Operation 71 [1/1] (0.00ns)   --->   "%mrv_32 = insertvalue { i4, i4, i4, i4, i4, i4, i4, i4, i4, i4, i4, i4, i4, i4, i4, i4, i4, i4, i4, i4, i4, i4, i4, i4, i4, i4, i4, i4, i4, i4, i4, i4, i4, i4, i4, i4 } %mrv_31, i4 %in_elem_data_0_V_read_3, 32" [firmware/nnet_utils/nnet_conv_stream.h:248]   --->   Operation 71 'insertvalue' 'mrv_32' <Predicate = true> <Delay = 0.00>
ST_1 : Operation 72 [1/1] (0.00ns)   --->   "%mrv_33 = insertvalue { i4, i4, i4, i4, i4, i4, i4, i4, i4, i4, i4, i4, i4, i4, i4, i4, i4, i4, i4, i4, i4, i4, i4, i4, i4, i4, i4, i4, i4, i4, i4, i4, i4, i4, i4, i4 } %mrv_32, i4 %in_elem_data_1_V_read_3, 33" [firmware/nnet_utils/nnet_conv_stream.h:248]   --->   Operation 72 'insertvalue' 'mrv_33' <Predicate = true> <Delay = 0.00>
ST_1 : Operation 73 [1/1] (0.00ns)   --->   "%mrv_34 = insertvalue { i4, i4, i4, i4, i4, i4, i4, i4, i4, i4, i4, i4, i4, i4, i4, i4, i4, i4, i4, i4, i4, i4, i4, i4, i4, i4, i4, i4, i4, i4, i4, i4, i4, i4, i4, i4 } %mrv_33, i4 %in_elem_data_2_V_read_3, 34" [firmware/nnet_utils/nnet_conv_stream.h:248]   --->   Operation 73 'insertvalue' 'mrv_34' <Predicate = true> <Delay = 0.00>
ST_1 : Operation 74 [1/1] (0.00ns)   --->   "%mrv_35 = insertvalue { i4, i4, i4, i4, i4, i4, i4, i4, i4, i4, i4, i4, i4, i4, i4, i4, i4, i4, i4, i4, i4, i4, i4, i4, i4, i4, i4, i4, i4, i4, i4, i4, i4, i4, i4, i4 } %mrv_34, i4 %in_elem_data_3_V_read_3, 35" [firmware/nnet_utils/nnet_conv_stream.h:248]   --->   Operation 74 'insertvalue' 'mrv_35' <Predicate = true> <Delay = 0.00>
ST_1 : Operation 75 [1/1] (0.00ns)   --->   "ret { i4, i4, i4, i4, i4, i4, i4, i4, i4, i4, i4, i4, i4, i4, i4, i4, i4, i4, i4, i4, i4, i4, i4, i4, i4, i4, i4, i4, i4, i4, i4, i4, i4, i4, i4, i4 } %mrv_35" [firmware/nnet_utils/nnet_conv_stream.h:248]   --->   Operation 75 'ret' <Predicate = true> <Delay = 0.00>


============================================================
+ Verbose Summary: Timing violations
============================================================
Target clock period: 5ns, clock uncertainty: 0.625ns.

 <State 1>: 3.25ns
The critical path consists of the following:
	wire read on port 'in_elem_data_3_V_read' (firmware/nnet_utils/nnet_conv_stream.h:216) [53]  (0 ns)
	'memshiftread' operation ('DataOut.V', firmware/nnet_utils/nnet_conv_stream.h:241) [64]  (1.62 ns)
	'memshiftread' operation ('DataOut.V', firmware/nnet_utils/nnet_conv_stream.h:241) [65]  (1.62 ns)


============================================================
+ Verbose Summary: Binding
============================================================
N/A
* FSMD analyzer results:
  - Output states:
 - Input state : 
  - Chain level:
	State 1


============================================================
+ Verbose Summary: Datapath Resource usage 
============================================================
N/A
